[0.032s] Invoking command in '/home/psd/psd_ws/build/realtime_tools': CMAKE_PREFIX_PATH=${CMAKE_PREFIX_PATH}:/home/psd/psd_ws/install/rqt_joint_trajectory_controller:/home/psd/psd_ws/install/rqt_controller_manager:/home/psd/psd_ws/install/ros2controlcli:/home/psd/psd_ws/install/ros2_controllers_test_nodes:/opt/ros/humble /usr/bin/cmake --build /home/psd/psd_ws/build/realtime_tools -- -j20 -l20
[0.223s] [35m[1mConsolidate compiler generated dependencies of target realtime_tools[0m
[0.224s] [35m[1mConsolidate compiler generated dependencies of target gmock[0m
[0.224s] [35m[1mConsolidate compiler generated dependencies of target thread_priority[0m
[0.224s] [35m[1mConsolidate compiler generated dependencies of target gmock_main[0m
[0.224s] [  9%] Built target realtime_tools
[0.225s] [ 23%] Built target gmock
[0.225s] [ 33%] Built target thread_priority
[0.225s] [ 42%] Built target gmock_main
[0.225s] [35m[1mConsolidate compiler generated dependencies of target realtime_publisher_tests_non_polling[0m
[0.226s] [35m[1mConsolidate compiler generated dependencies of target realtime_server_goal_handle_tests[0m
[0.226s] [35m[1mConsolidate compiler generated dependencies of target realtime_box_tests[0m
[0.226s] [35m[1mConsolidate compiler generated dependencies of target realtime_publisher_tests[0m
[0.226s] [35m[1mConsolidate compiler generated dependencies of target realtime_clock_tests[0m
[0.226s] [35m[1mConsolidate compiler generated dependencies of target realtime_buffer_tests[0m
[0.226s] [ 52%] Built target realtime_box_tests
[0.226s] [ 66%] Built target realtime_buffer_tests
[0.226s] [ 71%] Built target realtime_clock_tests
[0.227s] [ 80%] Built target realtime_publisher_tests_non_polling
[0.227s] [ 90%] Built target realtime_publisher_tests
[0.228s] [100%] Built target realtime_server_goal_handle_tests
[0.231s] Invoked command in '/home/psd/psd_ws/build/realtime_tools' returned '0': CMAKE_PREFIX_PATH=${CMAKE_PREFIX_PATH}:/home/psd/psd_ws/install/rqt_joint_trajectory_controller:/home/psd/psd_ws/install/rqt_controller_manager:/home/psd/psd_ws/install/ros2controlcli:/home/psd/psd_ws/install/ros2_controllers_test_nodes:/opt/ros/humble /usr/bin/cmake --build /home/psd/psd_ws/build/realtime_tools -- -j20 -l20
[0.327s] Invoking command in '/home/psd/psd_ws/build/realtime_tools': CMAKE_PREFIX_PATH=${CMAKE_PREFIX_PATH}:/home/psd/psd_ws/install/rqt_joint_trajectory_controller:/home/psd/psd_ws/install/rqt_controller_manager:/home/psd/psd_ws/install/ros2controlcli:/home/psd/psd_ws/install/ros2_controllers_test_nodes:/opt/ros/humble /usr/bin/cmake --install /home/psd/psd_ws/build/realtime_tools
[0.338s] -- Install configuration: ""
[0.338s] -- Execute custom install script
[0.339s] -- Up-to-date symlink: /home/psd/psd_ws/install/realtime_tools/include/realtime_tools/realtime_tools/realtime_box.h
[0.339s] -- Up-to-date symlink: /home/psd/psd_ws/install/realtime_tools/include/realtime_tools/realtime_tools/realtime_buffer.h
[0.339s] -- Up-to-date symlink: /home/psd/psd_ws/install/realtime_tools/include/realtime_tools/realtime_tools/realtime_clock.h
[0.339s] -- Up-to-date symlink: /home/psd/psd_ws/install/realtime_tools/include/realtime_tools/realtime_tools/realtime_publisher.h
[0.339s] -- Up-to-date symlink: /home/psd/psd_ws/install/realtime_tools/include/realtime_tools/realtime_tools/realtime_server_goal_handle.h
[0.339s] -- Up-to-date symlink: /home/psd/psd_ws/install/realtime_tools/include/realtime_tools/realtime_tools/thread_priority.hpp
[0.339s] -- Up-to-date symlink: /home/psd/psd_ws/install/realtime_tools/share/realtime_tools/environment/library_path.sh
[0.339s] -- Up-to-date symlink: /home/psd/psd_ws/install/realtime_tools/share/realtime_tools/environment/library_path.dsv
[0.339s] -- Up-to-date symlink: /home/psd/psd_ws/install/realtime_tools/share/ament_index/resource_index/package_run_dependencies/realtime_tools
[0.339s] -- Up-to-date symlink: /home/psd/psd_ws/install/realtime_tools/share/ament_index/resource_index/parent_prefix_path/realtime_tools
[0.340s] -- Up-to-date symlink: /home/psd/psd_ws/install/realtime_tools/share/realtime_tools/environment/ament_prefix_path.sh
[0.340s] -- Up-to-date symlink: /home/psd/psd_ws/install/realtime_tools/share/realtime_tools/environment/ament_prefix_path.dsv
[0.340s] -- Up-to-date symlink: /home/psd/psd_ws/install/realtime_tools/share/realtime_tools/environment/path.sh
[0.340s] -- Up-to-date symlink: /home/psd/psd_ws/install/realtime_tools/share/realtime_tools/environment/path.dsv
[0.340s] -- Up-to-date symlink: /home/psd/psd_ws/install/realtime_tools/share/realtime_tools/local_setup.bash
[0.340s] -- Up-to-date symlink: /home/psd/psd_ws/install/realtime_tools/share/realtime_tools/local_setup.sh
[0.341s] -- Up-to-date symlink: /home/psd/psd_ws/install/realtime_tools/share/realtime_tools/local_setup.zsh
[0.342s] -- Up-to-date symlink: /home/psd/psd_ws/install/realtime_tools/share/realtime_tools/local_setup.dsv
[0.342s] -- Symlinking: /home/psd/psd_ws/install/realtime_tools/share/realtime_tools/package.dsv
[0.351s] -- Up-to-date symlink: /home/psd/psd_ws/install/realtime_tools/share/ament_index/resource_index/packages/realtime_tools
[0.351s] -- Up-to-date symlink: /home/psd/psd_ws/install/realtime_tools/share/realtime_tools/cmake/ament_cmake_export_targets-extras.cmake
[0.351s] -- Up-to-date symlink: /home/psd/psd_ws/install/realtime_tools/share/realtime_tools/cmake/ament_cmake_export_dependencies-extras.cmake
[0.352s] -- Up-to-date symlink: /home/psd/psd_ws/install/realtime_tools/share/realtime_tools/cmake/realtime_toolsConfig.cmake
[0.352s] -- Up-to-date symlink: /home/psd/psd_ws/install/realtime_tools/share/realtime_tools/cmake/realtime_toolsConfig-version.cmake
[0.352s] -- Up-to-date symlink: /home/psd/psd_ws/install/realtime_tools/share/realtime_tools/package.xml
[0.353s] -- Up-to-date: /home/psd/psd_ws/install/realtime_tools/lib/librealtime_tools.so
[0.353s] -- Up-to-date: /home/psd/psd_ws/install/realtime_tools/lib/libthread_priority.so
[0.353s] -- Up-to-date: /home/psd/psd_ws/install/realtime_tools/share/realtime_tools/cmake/export_realtime_toolsExport.cmake
[0.354s] -- Up-to-date: /home/psd/psd_ws/install/realtime_tools/share/realtime_tools/cmake/export_realtime_toolsExport-noconfig.cmake
[0.369s] Invoked command in '/home/psd/psd_ws/build/realtime_tools' returned '0': CMAKE_PREFIX_PATH=${CMAKE_PREFIX_PATH}:/home/psd/psd_ws/install/rqt_joint_trajectory_controller:/home/psd/psd_ws/install/rqt_controller_manager:/home/psd/psd_ws/install/ros2controlcli:/home/psd/psd_ws/install/ros2_controllers_test_nodes:/opt/ros/humble /usr/bin/cmake --install /home/psd/psd_ws/build/realtime_tools
