[0.204s] Invoking command in '/home/psd/psd_ws/build/diff_drive_controller': AMENT_PREFIX_PATH=/home/psd/psd_ws/install/controller_manager:/home/psd/psd_ws/install/hardware_interface_testing:/home/psd/psd_ws/install/controller_interface:/home/psd/psd_ws/install/hardware_interface:/home/psd/psd_ws/install/ros2_control_test_assets:/home/psd/psd_ws/install/realtime_tools:/home/psd/psd_ws/install/controller_manager_msgs:/home/psd/psd_ws/install/control_msgs:${AMENT_PREFIX_PATH} CMAKE_PREFIX_PATH=/home/psd/psd_ws/install/controller_manager:/home/psd/psd_ws/install/hardware_interface_testing:/home/psd/psd_ws/install/controller_interface:/home/psd/psd_ws/install/hardware_interface:/home/psd/psd_ws/install/ros2_control_test_assets:/home/psd/psd_ws/install/realtime_tools:/home/psd/psd_ws/install/controller_manager_msgs:/home/psd/psd_ws/install/control_msgs:/opt/ros/humble LD_LIBRARY_PATH=/home/psd/psd_ws/install/controller_manager/lib:/home/psd/psd_ws/install/hardware_interface_testing/lib:/home/psd/psd_ws/install/controller_interface/lib:/home/psd/psd_ws/install/hardware_interface/lib:/home/psd/psd_ws/install/realtime_tools/lib:/home/psd/psd_ws/install/controller_manager_msgs/lib:/home/psd/psd_ws/install/control_msgs/lib:${LD_LIBRARY_PATH} PYTHONPATH=/home/psd/psd_ws/install/controller_manager/local/lib/python3.10/dist-packages:/home/psd/psd_ws/install/controller_manager_msgs/local/lib/python3.10/dist-packages:/home/psd/psd_ws/install/control_msgs/local/lib/python3.10/dist-packages:${PYTHONPATH} /usr/bin/cmake --build /home/psd/psd_ws/build/diff_drive_controller -- -j20 -l20
[0.298s] [  7%] Built target diff_drive_controller_parameters
[0.307s] [ 14%] [32mBuilding CXX object gmock/CMakeFiles/gmock_main.dir/src/gmock_main.cc.o[0m
[0.323s] [ 21%] [32mBuilding CXX object gmock/CMakeFiles/gmock.dir/opt/ros/humble/src/gtest_vendor/src/gtest-all.cc.o[0m
[0.335s] [ 28%] [32mBuilding CXX object gmock/CMakeFiles/gmock.dir/src/gmock-all.cc.o[0m
[0.411s] [ 35%] [32m[1mLinking CXX shared library libdiff_drive_controller.so[0m
[3.227s] [ 42%] [32m[1mLinking CXX static library libgmock_main.a[0m
[3.452s] [ 42%] Built target gmock_main
[3.671s] [ 64%] Built target diff_drive_controller
[5.309s] [ 71%] [32m[1mLinking CXX static library libgmock.a[0m
[5.396s] [ 71%] Built target gmock
[5.446s] [ 85%] [32m[1mLinking CXX executable test_diff_drive_controller[0m
[5.446s] [ 85%] [32m[1mLinking CXX executable test_load_diff_drive_controller[0m
[8.882s] [ 92%] Built target test_load_diff_drive_controller
[9.743s] [100%] Built target test_diff_drive_controller
[9.823s] Invoked command in '/home/psd/psd_ws/build/diff_drive_controller' returned '0': AMENT_PREFIX_PATH=/home/psd/psd_ws/install/controller_manager:/home/psd/psd_ws/install/hardware_interface_testing:/home/psd/psd_ws/install/controller_interface:/home/psd/psd_ws/install/hardware_interface:/home/psd/psd_ws/install/ros2_control_test_assets:/home/psd/psd_ws/install/realtime_tools:/home/psd/psd_ws/install/controller_manager_msgs:/home/psd/psd_ws/install/control_msgs:${AMENT_PREFIX_PATH} CMAKE_PREFIX_PATH=/home/psd/psd_ws/install/controller_manager:/home/psd/psd_ws/install/hardware_interface_testing:/home/psd/psd_ws/install/controller_interface:/home/psd/psd_ws/install/hardware_interface:/home/psd/psd_ws/install/ros2_control_test_assets:/home/psd/psd_ws/install/realtime_tools:/home/psd/psd_ws/install/controller_manager_msgs:/home/psd/psd_ws/install/control_msgs:/opt/ros/humble LD_LIBRARY_PATH=/home/psd/psd_ws/install/controller_manager/lib:/home/psd/psd_ws/install/hardware_interface_testing/lib:/home/psd/psd_ws/install/controller_interface/lib:/home/psd/psd_ws/install/hardware_interface/lib:/home/psd/psd_ws/install/realtime_tools/lib:/home/psd/psd_ws/install/controller_manager_msgs/lib:/home/psd/psd_ws/install/control_msgs/lib:${LD_LIBRARY_PATH} PYTHONPATH=/home/psd/psd_ws/install/controller_manager/local/lib/python3.10/dist-packages:/home/psd/psd_ws/install/controller_manager_msgs/local/lib/python3.10/dist-packages:/home/psd/psd_ws/install/control_msgs/local/lib/python3.10/dist-packages:${PYTHONPATH} /usr/bin/cmake --build /home/psd/psd_ws/build/diff_drive_controller -- -j20 -l20
[10.039s] Invoking command in '/home/psd/psd_ws/build/diff_drive_controller': AMENT_PREFIX_PATH=/home/psd/psd_ws/install/controller_manager:/home/psd/psd_ws/install/hardware_interface_testing:/home/psd/psd_ws/install/controller_interface:/home/psd/psd_ws/install/hardware_interface:/home/psd/psd_ws/install/ros2_control_test_assets:/home/psd/psd_ws/install/realtime_tools:/home/psd/psd_ws/install/controller_manager_msgs:/home/psd/psd_ws/install/control_msgs:${AMENT_PREFIX_PATH} CMAKE_PREFIX_PATH=/home/psd/psd_ws/install/controller_manager:/home/psd/psd_ws/install/hardware_interface_testing:/home/psd/psd_ws/install/controller_interface:/home/psd/psd_ws/install/hardware_interface:/home/psd/psd_ws/install/ros2_control_test_assets:/home/psd/psd_ws/install/realtime_tools:/home/psd/psd_ws/install/controller_manager_msgs:/home/psd/psd_ws/install/control_msgs:/opt/ros/humble LD_LIBRARY_PATH=/home/psd/psd_ws/install/controller_manager/lib:/home/psd/psd_ws/install/hardware_interface_testing/lib:/home/psd/psd_ws/install/controller_interface/lib:/home/psd/psd_ws/install/hardware_interface/lib:/home/psd/psd_ws/install/realtime_tools/lib:/home/psd/psd_ws/install/controller_manager_msgs/lib:/home/psd/psd_ws/install/control_msgs/lib:${LD_LIBRARY_PATH} PYTHONPATH=/home/psd/psd_ws/install/controller_manager/local/lib/python3.10/dist-packages:/home/psd/psd_ws/install/controller_manager_msgs/local/lib/python3.10/dist-packages:/home/psd/psd_ws/install/control_msgs/local/lib/python3.10/dist-packages:${PYTHONPATH} /usr/bin/cmake --install /home/psd/psd_ws/build/diff_drive_controller
[10.495s] -- Install configuration: ""
[10.495s] -- Execute custom install script
[10.495s] -- Up-to-date symlink: /home/psd/psd_ws/install/diff_drive_controller/include/diff_drive_controller_parameters/diff_drive_controller_parameters.hpp
[10.495s] -- Up-to-date symlink: /home/psd/psd_ws/install/diff_drive_controller/share/diff_drive_controller//diff_drive_plugin.xml
[10.496s] -- Up-to-date symlink: /home/psd/psd_ws/install/diff_drive_controller/include/diff_drive_controller/diff_drive_controller/diff_drive_controller.hpp
[10.496s] -- Up-to-date symlink: /home/psd/psd_ws/install/diff_drive_controller/include/diff_drive_controller/diff_drive_controller/odometry.hpp
[10.496s] -- Up-to-date symlink: /home/psd/psd_ws/install/diff_drive_controller/include/diff_drive_controller/diff_drive_controller/speed_limiter.hpp
[10.496s] -- Up-to-date symlink: /home/psd/psd_ws/install/diff_drive_controller/include/diff_drive_controller/diff_drive_controller/visibility_control.h
[10.496s] -- Up-to-date symlink: /home/psd/psd_ws/install/diff_drive_controller/share/diff_drive_controller/environment/library_path.sh
[10.496s] -- Up-to-date symlink: /home/psd/psd_ws/install/diff_drive_controller/share/diff_drive_controller/environment/library_path.dsv
[10.496s] -- Up-to-date symlink: /home/psd/psd_ws/install/diff_drive_controller/share/ament_index/resource_index/package_run_dependencies/diff_drive_controller
[10.496s] -- Up-to-date symlink: /home/psd/psd_ws/install/diff_drive_controller/share/ament_index/resource_index/parent_prefix_path/diff_drive_controller
[10.496s] -- Up-to-date symlink: /home/psd/psd_ws/install/diff_drive_controller/share/diff_drive_controller/environment/ament_prefix_path.sh
[10.496s] -- Up-to-date symlink: /home/psd/psd_ws/install/diff_drive_controller/share/diff_drive_controller/environment/ament_prefix_path.dsv
[10.496s] -- Up-to-date symlink: /home/psd/psd_ws/install/diff_drive_controller/share/diff_drive_controller/environment/path.sh
[10.496s] -- Up-to-date symlink: /home/psd/psd_ws/install/diff_drive_controller/share/diff_drive_controller/environment/path.dsv
[10.496s] -- Up-to-date symlink: /home/psd/psd_ws/install/diff_drive_controller/share/diff_drive_controller/local_setup.bash
[10.496s] -- Up-to-date symlink: /home/psd/psd_ws/install/diff_drive_controller/share/diff_drive_controller/local_setup.sh
[10.496s] -- Up-to-date symlink: /home/psd/psd_ws/install/diff_drive_controller/share/diff_drive_controller/local_setup.zsh
[10.496s] -- Up-to-date symlink: /home/psd/psd_ws/install/diff_drive_controller/share/diff_drive_controller/local_setup.dsv
[10.496s] -- Symlinking: /home/psd/psd_ws/install/diff_drive_controller/share/diff_drive_controller/package.dsv
[10.497s] -- Up-to-date symlink: /home/psd/psd_ws/install/diff_drive_controller/share/ament_index/resource_index/packages/diff_drive_controller
[10.497s] -- Up-to-date symlink: /home/psd/psd_ws/install/diff_drive_controller/share/ament_index/resource_index/controller_interface__pluginlib__plugin/diff_drive_controller
[10.497s] -- Up-to-date symlink: /home/psd/psd_ws/install/diff_drive_controller/share/diff_drive_controller/cmake/ament_cmake_export_targets-extras.cmake
[10.497s] -- Up-to-date symlink: /home/psd/psd_ws/install/diff_drive_controller/share/diff_drive_controller/cmake/ament_cmake_export_dependencies-extras.cmake
[10.497s] -- Up-to-date symlink: /home/psd/psd_ws/install/diff_drive_controller/share/diff_drive_controller/cmake/diff_drive_controllerConfig.cmake
[10.497s] -- Up-to-date symlink: /home/psd/psd_ws/install/diff_drive_controller/share/diff_drive_controller/cmake/diff_drive_controllerConfig-version.cmake
[10.497s] -- Up-to-date symlink: /home/psd/psd_ws/install/diff_drive_controller/share/diff_drive_controller/package.xml
[10.497s] -- Installing: /home/psd/psd_ws/install/diff_drive_controller/lib/libdiff_drive_controller.so
[10.497s] -- Set runtime path of "/home/psd/psd_ws/install/diff_drive_controller/lib/libdiff_drive_controller.so" to ""
[10.497s] -- Up-to-date: /home/psd/psd_ws/install/diff_drive_controller/share/diff_drive_controller/cmake/export_diff_drive_controllerExport.cmake
[10.497s] -- Up-to-date: /home/psd/psd_ws/install/diff_drive_controller/share/diff_drive_controller/cmake/export_diff_drive_controllerExport-noconfig.cmake
[10.512s] Invoked command in '/home/psd/psd_ws/build/diff_drive_controller' returned '0': AMENT_PREFIX_PATH=/home/psd/psd_ws/install/controller_manager:/home/psd/psd_ws/install/hardware_interface_testing:/home/psd/psd_ws/install/controller_interface:/home/psd/psd_ws/install/hardware_interface:/home/psd/psd_ws/install/ros2_control_test_assets:/home/psd/psd_ws/install/realtime_tools:/home/psd/psd_ws/install/controller_manager_msgs:/home/psd/psd_ws/install/control_msgs:${AMENT_PREFIX_PATH} CMAKE_PREFIX_PATH=/home/psd/psd_ws/install/controller_manager:/home/psd/psd_ws/install/hardware_interface_testing:/home/psd/psd_ws/install/controller_interface:/home/psd/psd_ws/install/hardware_interface:/home/psd/psd_ws/install/ros2_control_test_assets:/home/psd/psd_ws/install/realtime_tools:/home/psd/psd_ws/install/controller_manager_msgs:/home/psd/psd_ws/install/control_msgs:/opt/ros/humble LD_LIBRARY_PATH=/home/psd/psd_ws/install/controller_manager/lib:/home/psd/psd_ws/install/hardware_interface_testing/lib:/home/psd/psd_ws/install/controller_interface/lib:/home/psd/psd_ws/install/hardware_interface/lib:/home/psd/psd_ws/install/realtime_tools/lib:/home/psd/psd_ws/install/controller_manager_msgs/lib:/home/psd/psd_ws/install/control_msgs/lib:${LD_LIBRARY_PATH} PYTHONPATH=/home/psd/psd_ws/install/controller_manager/local/lib/python3.10/dist-packages:/home/psd/psd_ws/install/controller_manager_msgs/local/lib/python3.10/dist-packages:/home/psd/psd_ws/install/control_msgs/local/lib/python3.10/dist-packages:${PYTHONPATH} /usr/bin/cmake --install /home/psd/psd_ws/build/diff_drive_controller
