[35m[1mConsolidate compiler generated dependencies of target ros2_control_demo_example_14[0m
[100%] Built target ros2_control_demo_example_14
-- Install configuration: ""
-- Up-to-date: /home/psd/psd_ws/install/ros2_control_demo_example_14/share/ros2_control_demo_example_14/ros2_control_demo_example_14.xml
-- Up-to-date: /home/psd/psd_ws/install/ros2_control_demo_example_14/include/ros2_control_demo_example_14
-- Up-to-date: /home/psd/psd_ws/install/ros2_control_demo_example_14/include/ros2_control_demo_example_14/ros2_control_demo_example_14
-- Up-to-date: /home/psd/psd_ws/install/ros2_control_demo_example_14/include/ros2_control_demo_example_14/ros2_control_demo_example_14/rrbot_actuator_without_feedback.hpp
-- Up-to-date: /home/psd/psd_ws/install/ros2_control_demo_example_14/include/ros2_control_demo_example_14/ros2_control_demo_example_14/rrbot_sensor_for_position_feedback.hpp
-- Up-to-date: /home/psd/psd_ws/install/ros2_control_demo_example_14/include/ros2_control_demo_example_14/ros2_control_demo_example_14/visibility_control.h
-- Up-to-date: /home/psd/psd_ws/install/ros2_control_demo_example_14/share/ros2_control_demo_example_14/launch
-- Up-to-date: /home/psd/psd_ws/install/ros2_control_demo_example_14/share/ros2_control_demo_example_14/launch/view_robot.launch.py
-- Up-to-date: /home/psd/psd_ws/install/ros2_control_demo_example_14/share/ros2_control_demo_example_14/ros2_control
-- Up-to-date: /home/psd/psd_ws/install/ros2_control_demo_example_14/share/ros2_control_demo_example_14/ros2_control/rrbot_modular_actuators_without_feedback_sensors_for_position_feedback.ros2_control.xacro
-- Up-to-date: /home/psd/psd_ws/install/ros2_control_demo_example_14/share/ros2_control_demo_example_14/urdf
-- Up-to-date: /home/psd/psd_ws/install/ros2_control_demo_example_14/share/ros2_control_demo_example_14/urdf/rrbot_modular_actuators_without_feedback_sensors_for_position_feedback.urdf.xacro
-- Up-to-date: /home/psd/psd_ws/install/ros2_control_demo_example_14/share/ros2_control_demo_example_14/launch
-- Up-to-date: /home/psd/psd_ws/install/ros2_control_demo_example_14/share/ros2_control_demo_example_14/launch/rrbot_modular_actuators_without_feedback_sensors_for_position_feedback.launch.py
-- Up-to-date: /home/psd/psd_ws/install/ros2_control_demo_example_14/share/ros2_control_demo_example_14/config
-- Up-to-date: /home/psd/psd_ws/install/ros2_control_demo_example_14/share/ros2_control_demo_example_14/config/rrbot_modular_actuators_without_feedback_sensors_for_position_feedback.yaml
-- Up-to-date: /home/psd/psd_ws/install/ros2_control_demo_example_14/lib/libros2_control_demo_example_14.so
-- Up-to-date: /home/psd/psd_ws/install/ros2_control_demo_example_14/share/ros2_control_demo_example_14/environment/library_path.sh
-- Up-to-date: /home/psd/psd_ws/install/ros2_control_demo_example_14/share/ros2_control_demo_example_14/environment/library_path.dsv
-- Up-to-date: /home/psd/psd_ws/install/ros2_control_demo_example_14/share/ament_index/resource_index/package_run_dependencies/ros2_control_demo_example_14
-- Up-to-date: /home/psd/psd_ws/install/ros2_control_demo_example_14/share/ament_index/resource_index/parent_prefix_path/ros2_control_demo_example_14
-- Up-to-date: /home/psd/psd_ws/install/ros2_control_demo_example_14/share/ros2_control_demo_example_14/environment/ament_prefix_path.sh
-- Up-to-date: /home/psd/psd_ws/install/ros2_control_demo_example_14/share/ros2_control_demo_example_14/environment/ament_prefix_path.dsv
-- Up-to-date: /home/psd/psd_ws/install/ros2_control_demo_example_14/share/ros2_control_demo_example_14/environment/path.sh
-- Up-to-date: /home/psd/psd_ws/install/ros2_control_demo_example_14/share/ros2_control_demo_example_14/environment/path.dsv
-- Up-to-date: /home/psd/psd_ws/install/ros2_control_demo_example_14/share/ros2_control_demo_example_14/local_setup.bash
-- Up-to-date: /home/psd/psd_ws/install/ros2_control_demo_example_14/share/ros2_control_demo_example_14/local_setup.sh
-- Up-to-date: /home/psd/psd_ws/install/ros2_control_demo_example_14/share/ros2_control_demo_example_14/local_setup.zsh
-- Up-to-date: /home/psd/psd_ws/install/ros2_control_demo_example_14/share/ros2_control_demo_example_14/local_setup.dsv
-- Installing: /home/psd/psd_ws/install/ros2_control_demo_example_14/share/ros2_control_demo_example_14/package.dsv
-- Up-to-date: /home/psd/psd_ws/install/ros2_control_demo_example_14/share/ament_index/resource_index/packages/ros2_control_demo_example_14
-- Up-to-date: /home/psd/psd_ws/install/ros2_control_demo_example_14/share/ament_index/resource_index/hardware_interface__pluginlib__plugin/ros2_control_demo_example_14
-- Up-to-date: /home/psd/psd_ws/install/ros2_control_demo_example_14/share/ros2_control_demo_example_14/cmake/export_ros2_control_demo_example_14Export.cmake
-- Up-to-date: /home/psd/psd_ws/install/ros2_control_demo_example_14/share/ros2_control_demo_example_14/cmake/export_ros2_control_demo_example_14Export-noconfig.cmake
-- Up-to-date: /home/psd/psd_ws/install/ros2_control_demo_example_14/share/ros2_control_demo_example_14/cmake/ament_cmake_export_targets-extras.cmake
-- Up-to-date: /home/psd/psd_ws/install/ros2_control_demo_example_14/share/ros2_control_demo_example_14/cmake/ament_cmake_export_dependencies-extras.cmake
-- Up-to-date: /home/psd/psd_ws/install/ros2_control_demo_example_14/share/ros2_control_demo_example_14/cmake/ros2_control_demo_example_14Config.cmake
-- Up-to-date: /home/psd/psd_ws/install/ros2_control_demo_example_14/share/ros2_control_demo_example_14/cmake/ros2_control_demo_example_14Config-version.cmake
-- Up-to-date: /home/psd/psd_ws/install/ros2_control_demo_example_14/share/ros2_control_demo_example_14/package.xml
