[0.020s] Invoking command in '/home/ubuntu/psd_ws/build/gz_ros2_control': CMAKE_PREFIX_PATH=${CMAKE_PREFIX_PATH}:/opt/ros/jazzy /usr/bin/cmake /home/ubuntu/psd_ws/src/gz_ros2_control/gz_ros2_control -DAMENT_CMAKE_SYMLINK_INSTALL=1 -DCMAKE_INSTALL_PREFIX=/home/ubuntu/psd_ws/install/gz_ros2_control
[0.064s] -- The C compiler identification is GNU 13.2.0
[0.108s] -- The CXX compiler identification is GNU 13.2.0
[0.120s] -- Detecting C compiler ABI info
[0.184s] -- Detecting C compiler ABI info - done
[0.192s] -- Check for working C compiler: /usr/bin/cc - skipped
[0.192s] -- Detecting C compile features
[0.193s] -- Detecting C compile features - done
[0.199s] -- Detecting CXX compiler ABI info
[0.272s] -- Detecting CXX compiler ABI info - done
[0.283s] -- Check for working CXX compiler: /usr/bin/c++ - skipped
[0.283s] -- Detecting CXX compile features
[0.284s] -- Detecting CXX compile features - done
[0.288s] -- Found ament_cmake: 2.5.0 (/opt/ros/jazzy/share/ament_cmake/cmake)
[0.434s] -- Found Python3: /usr/bin/python3 (found version "3.12.3") found components: Interpreter 
[0.489s] -- Override CMake install command with custom implementation using symlinks instead of copying resources
[0.536s] -- Found ament_index_cpp: 1.8.1 (/opt/ros/jazzy/share/ament_index_cpp/cmake)
[0.540s] -- Found controller_manager: 4.11.0 (/opt/ros/jazzy/share/controller_manager/cmake)
[0.599s] -- Found rosidl_generator_c: 4.6.2 (/opt/ros/jazzy/share/rosidl_generator_c/cmake)
[0.617s] -- Found rosidl_generator_cpp: 4.6.2 (/opt/ros/jazzy/share/rosidl_generator_cpp/cmake)
[0.634s] -- Using all available rosidl_typesupport_c: rosidl_typesupport_fastrtps_c;rosidl_typesupport_introspection_c
[0.652s] -- Using all available rosidl_typesupport_cpp: rosidl_typesupport_fastrtps_cpp;rosidl_typesupport_introspection_cpp
[0.865s] -- Found TinyXML2 via Config file: /usr/lib/x86_64-linux-gnu/cmake/tinyxml2
[0.913s] -- Found rmw_implementation_cmake: 7.3.1 (/opt/ros/jazzy/share/rmw_implementation_cmake/cmake)
[0.918s] -- Found rmw_fastrtps_cpp: 8.4.0 (/opt/ros/jazzy/share/rmw_fastrtps_cpp/cmake)
[0.948s] -- Found TinyXML2 via Config file: /usr/lib/x86_64-linux-gnu/cmake/tinyxml2
[0.992s] -- Found OpenSSL: /usr/lib/x86_64-linux-gnu/libcrypto.so (found version "3.0.13")  
[0.995s] -- Found TinyXML2 via Config file: /usr/lib/x86_64-linux-gnu/cmake/tinyxml2
[1.009s] -- Found FastRTPS: /opt/ros/jazzy/include (Required is at least version "2.13") 
[1.012s] -- Found TinyXML2 via Config file: /usr/lib/x86_64-linux-gnu/cmake/tinyxml2
[1.020s] -- Found TinyXML2 via Config file: /usr/lib/x86_64-linux-gnu/cmake/tinyxml2
[1.029s] -- Using RMW implementation 'rmw_fastrtps_cpp' as default
[1.315s] -- Found yaml_cpp_vendor: 9.0.0 (/opt/ros/jazzy/share/yaml_cpp_vendor/cmake)
[1.315s] -- Setting yaml-cpp_DIR to: '/opt/ros/jazzy/share/yaml_cpp_vendor/cmake/../../../opt/yaml_cpp_vendor/share/cmake/yaml-cpp'
[1.317s] -- Found gz_sim_vendor: 0.0.3 (/opt/ros/jazzy/share/gz_sim_vendor/cmake)
[1.377s] -- Looking for gz-sim8 -- found version 8.3.0
[1.385s] -- Searching for dependencies of gz-sim8
[1.388s] -- Looking for sdformat14 -- found version 14.1.1
[1.388s] -- Searching for dependencies of sdformat14
[1.392s] -- Checking for module 'tinyxml2'
[1.402s] --   Found tinyxml2, version 10.0.0
[1.425s] -- Looking for gz-math7 -- found version 7.4.0
[1.425s] -- Searching for dependencies of gz-math7
[1.427s] -- Looking for gz-utils2 -- found version 2.2.0
[1.428s] -- Searching for dependencies of gz-utils2
[1.429s] -- Looking for gz-utils2 -- found version 2.2.0
[1.429s] -- Searching for dependencies of gz-utils2
[1.429s] -- Searching for <gz-utils2> component [cli]
[1.431s] -- Looking for gz-utils2-cli -- found version 2.2.0
[1.431s] -- Searching for dependencies of gz-utils2-cli
[1.433s] -- Looking for gz-plugin2 -- found version 2.0.3
[1.433s] -- Searching for dependencies of gz-plugin2
[1.434s] -- Looking for gz-utils2 -- found version 2.2.0
[1.434s] -- Searching for <gz-plugin2> component [loader]
[1.436s] -- Looking for gz-plugin2-loader -- found version 2.0.3
[1.436s] -- Searching for dependencies of gz-plugin2-loader
[1.436s] -- Searching for <gz-plugin2> component [register]
[1.438s] -- Looking for gz-plugin2-register -- found version 2.0.3
[1.438s] -- Searching for dependencies of gz-plugin2-register
[1.440s] -- Looking for gz-transport13 -- found version 13.2.0
[1.440s] -- Searching for dependencies of gz-transport13
[1.464s] -- Found Protobuf: /usr/lib/x86_64-linux-gnu/libprotobuf.so (found version "3.21.12") 
[1.473s] -- Checking for module 'uuid'
[1.483s] --   Found uuid, version 2.39.3
[1.504s] -- Found UUID: TRUE  
[1.504s] -- Looking for gz-utils2 -- found version 2.2.0
[1.507s] -- Looking for gz-msgs10 -- found version 10.1.2
[1.507s] -- Searching for dependencies of gz-msgs10
[1.523s] -- Looking for gz-utils2 -- found version 2.2.0
[1.523s] -- Looking for gz-math7 -- found version 7.4.0
[1.632s] -- Searching for <gz-transport13> component [log]
[1.633s] -- Looking for gz-transport13-log -- found version 13.2.0
[1.633s] -- Searching for dependencies of gz-transport13-log
[1.634s] -- Searching for <gz-transport13> component [parameters]
[1.636s] -- Looking for gz-transport13-parameters -- found version 13.2.0
[1.636s] -- Searching for dependencies of gz-transport13-parameters
[1.637s] -- Looking for gz-msgs10 -- found version 10.1.2
[1.638s] -- Looking for gz-common5 -- found version 5.5.1
[1.639s] -- Searching for dependencies of gz-common5
[1.639s] -- Looking for gz-utils2 -- found version 2.2.0
[1.640s] -- Looking for dlfcn.h - found
[1.641s] -- Looking for libdl - found
[1.642s] -- Found DL: TRUE  
[1.648s] -- Searching for <gz-common5> component [av]
[1.649s] -- Looking for gz-common5-av -- found version 5.5.1
[1.650s] -- Searching for dependencies of gz-common5-av
[1.653s] -- Checking for module 'libswscale'
[1.663s] --   Found libswscale, version 7.5.100
[1.685s] -- Found SWSCALE: TRUE  
[1.689s] -- Checking for module 'libavdevice >= 56.4.100'
[1.699s] --   Found libavdevice, version 60.3.100
[1.729s] -- Found AVDEVICE: TRUE (Required is at least version "56.4.100") 
[1.733s] -- Checking for module 'libavformat'
[1.744s] --   Found libavformat, version 60.16.100
[1.771s] -- Found AVFORMAT: TRUE  
[1.775s] -- Checking for module 'libavcodec'
[1.788s] --   Found libavcodec, version 60.31.102
[1.813s] -- Found AVCODEC: TRUE  
[1.817s] -- Checking for module 'libavutil'
[1.829s] --   Found libavutil, version 58.29.100
[1.852s] -- Found AVUTIL: TRUE  
[1.852s] -- Searching for <gz-common5> component [events]
[1.854s] -- Looking for gz-common5-events -- found version 5.5.1
[1.855s] -- Searching for dependencies of gz-common5-events
[1.855s] -- Looking for gz-math7 -- found version 7.4.0
[1.856s] -- Searching for <gz-common5> component [graphics]
[1.859s] -- Looking for gz-common5-graphics -- found version 5.5.1
[1.859s] -- Searching for dependencies of gz-common5-graphics
[1.859s] -- Looking for gz-math7 -- found version 7.4.0
[1.865s] -- Found GzAssimp: TRUE (found version "5.3.0") 
[1.865s] -- Searching for <gz-common5> component [io]
[1.867s] -- Looking for gz-common5-io -- found version 5.5.1
[1.867s] -- Searching for dependencies of gz-common5-io
[1.868s] -- Searching for <gz-common5> component [profiler]
[1.870s] -- Looking for gz-common5-profiler -- found version 5.5.1
[1.870s] -- Searching for dependencies of gz-common5-profiler
[1.872s] -- Looking for gz-fuel_tools9 -- found version 9.0.3
[1.872s] -- Searching for dependencies of gz-fuel_tools9
[1.933s] -- Found CURL: /usr/lib/x86_64-linux-gnu/libcurl.so (found version "8.5.0")  
[1.941s] -- Checking for module 'jsoncpp'
[1.952s] --   Found jsoncpp, version 1.9.5
[1.972s] -- Found JSONCPP: TRUE  
[1.984s] -- Checking for module 'yaml-0.1'
[1.994s] --   Found yaml-0.1, version 0.2.5
[2.015s] -- Found YAML: TRUE  
[2.018s] -- Checking for module 'libzip'
[2.028s] --   Found libzip, version 1.7.3
[2.048s] -- Found ZIP: TRUE  
[2.049s] -- Looking for gz-utils2 -- found version 2.2.0
[2.049s] -- Looking for gz-common5 -- found version 5.5.1
[2.049s] -- Searching for dependencies of gz-common5
[2.050s] -- Looking for gz-utils2 -- found version 2.2.0
[2.050s] -- Looking for dlfcn.h - found
[2.050s] -- Looking for libdl - found
[2.056s] -- Searching for <gz-common5> component [testing]
[2.057s] -- Looking for gz-common5-testing -- found version 5.5.1
[2.057s] -- Searching for dependencies of gz-common5-testing
[2.058s] -- Looking for gz-math7 -- found version 7.4.0
[2.059s] -- Looking for gz-msgs10 -- found version 10.1.2
[2.061s] -- Looking for gz-gui8 -- found version 8.1.1
[2.061s] -- Searching for dependencies of gz-gui8
[2.082s] -- Looking for gz-utils2 -- found version 2.2.0
[2.083s] -- Looking for gz-math7 -- found version 7.4.0
[2.083s] -- Looking for gz-common5 -- found version 5.5.1
[2.083s] -- Looking for gz-plugin2 -- found version 2.0.3
[2.084s] -- Looking for gz-transport13 -- found version 13.2.0
[2.085s] -- Looking for gz-rendering8 -- found version 8.1.1
[2.086s] -- Searching for dependencies of gz-rendering8
[2.086s] -- Looking for gz-math7 -- found version 7.4.0
[2.086s] -- Searching for dependencies of gz-math7
[2.086s] -- Looking for gz-utils2 -- found version 2.2.0
[2.087s] -- Searching for <gz-math7> component [eigen3]
[2.088s] -- Looking for gz-math7-eigen3 -- found version 7.4.0
[2.088s] -- Searching for dependencies of gz-math7-eigen3
[2.096s] -- Looking for gz-common5 -- found version 5.5.1
[2.096s] -- Searching for dependencies of gz-common5
[2.096s] -- Looking for gz-utils2 -- found version 2.2.0
[2.096s] -- Looking for dlfcn.h - found
[2.097s] -- Looking for libdl - found
[2.102s] -- Searching for <gz-common5> component [graphics]
[2.103s] -- Searching for <gz-common5> component [events]
[2.103s] -- Searching for <gz-common5> component [geospatial]
[2.104s] -- Looking for gz-common5-geospatial -- found version 5.5.1
[2.105s] -- Searching for dependencies of gz-common5-geospatial
[2.105s] -- Looking for gz-math7 -- found version 7.4.0
[2.106s] -- Looking for gz-common5 -- found version 5.5.1
[2.106s] -- Looking for gz-plugin2 -- found version 2.0.3
[2.107s] -- Searching for dependencies of gz-plugin2
[2.107s] -- Looking for gz-utils2 -- found version 2.2.0
[2.107s] -- Searching for <gz-plugin2> component [all]
[2.109s] -- Looking for all libraries of gz-plugin2 -- found version 2.0.3
[2.110s] -- Looking for gz-plugin2 -- found version 2.0.3
[2.111s] -- Looking for gz-utils2 -- found version 2.2.0
[2.119s] -- Found OpenGL: /usr/lib/x86_64-linux-gnu/libOpenGL.so  found components: OpenGL 
[2.119s] -- Looking for gz-msgs10 -- found version 10.1.2
[2.138s] -- Looking for gz-physics7 -- found version 7.2.0
[2.138s] -- Searching for dependencies of gz-physics7
[2.138s] -- Looking for gz-common5 -- found version 5.5.1
[2.138s] -- Looking for gz-math7 -- found version 7.4.0
[2.139s] -- Looking for gz-plugin2 -- found version 2.0.3
[2.139s] -- Looking for gz-utils2 -- found version 2.2.0
[2.140s] -- Searching for <gz-physics7> component [heightmap]
[2.142s] -- Looking for gz-physics7-heightmap -- found version 7.2.0
[2.142s] -- Searching for dependencies of gz-physics7-heightmap
[2.142s] -- Looking for gz-common5 -- found version 5.5.1
[2.142s] -- Searching for <gz-physics7> component [mesh]
[2.144s] -- Looking for gz-physics7-mesh -- found version 7.2.0
[2.144s] -- Searching for dependencies of gz-physics7-mesh
[2.144s] -- Looking for gz-common5 -- found version 5.5.1
[2.144s] -- Searching for <gz-physics7> component [sdf]
[2.146s] -- Looking for gz-physics7-sdf -- found version 7.2.0
[2.146s] -- Searching for dependencies of gz-physics7-sdf
[2.146s] -- Looking for sdformat14 -- found version 14.1.1
[2.148s] -- Looking for gz-sensors8 -- found version 8.0.1
[2.148s] -- Searching for dependencies of gz-sensors8
[2.163s] -- Looking for gz-math7 -- found version 7.4.0
[2.163s] -- Looking for gz-common5 -- found version 5.5.1
[2.164s] -- Looking for gz-transport13 -- found version 13.2.0
[2.164s] -- Looking for gz-rendering8 -- found version 8.1.1
[2.165s] -- Looking for gz-msgs10 -- found version 10.1.2
[2.165s] -- Looking for sdformat14 -- found version 14.1.1
[2.165s] -- Searching for <gz-sensors8> component [air_pressure]
[2.167s] -- Looking for gz-sensors8-air_pressure -- found version 8.0.1
[2.167s] -- Searching for dependencies of gz-sensors8-air_pressure
[2.167s] -- Searching for <gz-sensors8> component [air_speed]
[2.169s] -- Looking for gz-sensors8-air_speed -- found version 8.0.1
[2.169s] -- Searching for dependencies of gz-sensors8-air_speed
[2.169s] -- Searching for <gz-sensors8> component [altimeter]
[2.170s] -- Looking for gz-sensors8-altimeter -- found version 8.0.1
[2.170s] -- Searching for dependencies of gz-sensors8-altimeter
[2.171s] -- Searching for <gz-sensors8> component [imu]
[2.172s] -- Looking for gz-sensors8-imu -- found version 8.0.1
[2.172s] -- Searching for dependencies of gz-sensors8-imu
[2.173s] -- Searching for <gz-sensors8> component [force_torque]
[2.174s] -- Looking for gz-sensors8-force_torque -- found version 8.0.1
[2.174s] -- Searching for dependencies of gz-sensors8-force_torque
[2.174s] -- Searching for <gz-sensors8> component [logical_camera]
[2.176s] -- Looking for gz-sensors8-logical_camera -- found version 8.0.1
[2.176s] -- Searching for dependencies of gz-sensors8-logical_camera
[2.176s] -- Searching for <gz-sensors8> component [magnetometer]
[2.177s] -- Looking for gz-sensors8-magnetometer -- found version 8.0.1
[2.178s] -- Searching for dependencies of gz-sensors8-magnetometer
[2.178s] -- Searching for <gz-sensors8> component [navsat]
[2.179s] -- Looking for gz-sensors8-navsat -- found version 8.0.1
[2.179s] -- Searching for dependencies of gz-sensors8-navsat
[2.180s] -- Searching for <gz-sensors8> component [dvl]
[2.181s] -- Looking for gz-sensors8-dvl -- found version 8.0.1
[2.181s] -- Searching for dependencies of gz-sensors8-dvl
[2.181s] -- Looking for gz-sensors8 -- found version 8.0.1
[2.181s] -- Searching for dependencies of gz-sensors8
[2.197s] -- Looking for gz-math7 -- found version 7.4.0
[2.197s] -- Looking for gz-common5 -- found version 5.5.1
[2.197s] -- Looking for gz-transport13 -- found version 13.2.0
[2.197s] -- Looking for gz-rendering8 -- found version 8.1.1
[2.198s] -- Looking for gz-msgs10 -- found version 10.1.2
[2.198s] -- Looking for sdformat14 -- found version 14.1.1
[2.198s] -- Searching for <gz-sensors8> component [rendering]
[2.200s] -- Looking for gz-sensors8-rendering -- found version 8.0.1
[2.200s] -- Searching for dependencies of gz-sensors8-rendering
[2.201s] -- Searching for <gz-sensors8> component [rendering]
[2.201s] -- Searching for <gz-sensors8> component [lidar]
[2.202s] -- Looking for gz-sensors8-lidar -- found version 8.0.1
[2.202s] -- Searching for dependencies of gz-sensors8-lidar
[2.202s] -- Looking for gz-sensors8 -- found version 8.0.1
[2.203s] -- Searching for <gz-sensors8> component [gpu_lidar]
[2.204s] -- Looking for gz-sensors8-gpu_lidar -- found version 8.0.1
[2.205s] -- Searching for dependencies of gz-sensors8-gpu_lidar
[2.205s] -- Looking for gz-sensors8 -- found version 8.0.1
[2.205s] -- Searching for <gz-sensors8> component [camera]
[2.207s] -- Looking for gz-sensors8-camera -- found version 8.0.1
[2.207s] -- Searching for dependencies of gz-sensors8-camera
[2.208s] -- Looking for gz-sensors8 -- found version 8.0.1
[2.208s] -- Searching for <gz-sensors8> component [boundingbox_camera]
[2.210s] -- Looking for gz-sensors8-boundingbox_camera -- found version 8.0.1
[2.213s] -- Searching for dependencies of gz-sensors8-boundingbox_camera
[2.213s] -- Searching for <gz-sensors8> component [segmentation_camera]
[2.213s] -- Looking for gz-sensors8-segmentation_camera -- found version 8.0.1
[2.213s] -- Searching for dependencies of gz-sensors8-segmentation_camera
[2.213s] -- Searching for <gz-sensors8> component [depth_camera]
[2.214s] -- Looking for gz-sensors8-depth_camera -- found version 8.0.1
[2.214s] -- Searching for dependencies of gz-sensors8-depth_camera
[2.214s] -- Looking for gz-sensors8 -- found version 8.0.1
[2.214s] -- Searching for <gz-sensors8> component [rgbd_camera]
[2.216s] -- Looking for gz-sensors8-rgbd_camera -- found version 8.0.1
[2.216s] -- Searching for dependencies of gz-sensors8-rgbd_camera
[2.216s] -- Looking for gz-sensors8 -- found version 8.0.1
[2.217s] -- Searching for <gz-sensors8> component [thermal_camera]
[2.218s] -- Looking for gz-sensors8-thermal_camera -- found version 8.0.1
[2.218s] -- Searching for dependencies of gz-sensors8-thermal_camera
[2.218s] -- Looking for gz-sensors8 -- found version 8.0.1
[2.219s] -- Searching for <gz-sensors8> component [wide_angle_camera]
[2.220s] -- Looking for gz-sensors8-wide_angle_camera -- found version 8.0.1
[2.221s] -- Searching for dependencies of gz-sensors8-wide_angle_camera
[2.222s] -- Looking for gz-rendering8 -- found version 8.1.1
[2.222s] -- Looking for gz-math7 -- found version 7.4.0
[2.223s] -- Looking for gz-utils2 -- found version 2.2.0
[2.240s] -- Looking for gz-plugin2 -- found version 2.0.3
[2.245s] -- Found ament_lint_auto: 0.17.0 (/opt/ros/jazzy/share/ament_lint_auto/cmake)
[2.348s] -- Added test 'copyright' to check source files copyright and LICENSE
[2.350s] -- Added test 'cppcheck' to perform static code analysis on C / C++ code
[2.350s] -- Configured cppcheck include dirs: /home/ubuntu/psd_ws/src/gz_ros2_control/gz_ros2_control/include
[2.350s] -- Configured cppcheck exclude dirs and/or files: 
[2.351s] -- Added test 'cpplint' to check C / C++ code against the Google style
[2.352s] -- Configured cpplint exclude dirs and/or files: 
[2.353s] -- Added test 'lint_cmake' to check CMake code style
[2.355s] -- Added test 'uncrustify' to check C / C++ code style
[2.355s] -- Configured uncrustify additional arguments: 
[2.356s] -- Added test 'xmllint' to check XML markup files
[2.360s] -- Configuring done (2.3s)
[2.388s] -- Generating done (0.0s)
[2.391s] -- Build files have been written to: /home/ubuntu/psd_ws/build/gz_ros2_control
[2.405s] Invoked command in '/home/ubuntu/psd_ws/build/gz_ros2_control' returned '0': CMAKE_PREFIX_PATH=${CMAKE_PREFIX_PATH}:/opt/ros/jazzy /usr/bin/cmake /home/ubuntu/psd_ws/src/gz_ros2_control/gz_ros2_control -DAMENT_CMAKE_SYMLINK_INSTALL=1 -DCMAKE_INSTALL_PREFIX=/home/ubuntu/psd_ws/install/gz_ros2_control
[2.406s] Invoking command in '/home/ubuntu/psd_ws/build/gz_ros2_control': CMAKE_PREFIX_PATH=${CMAKE_PREFIX_PATH}:/opt/ros/jazzy /usr/bin/cmake --build /home/ubuntu/psd_ws/build/gz_ros2_control -- -j20 -l20
[2.440s] [ 50%] [32mBuilding CXX object CMakeFiles/gz_ros2_control-system.dir/src/gz_ros2_control_plugin.cpp.o[0m
[2.440s] [ 50%] [32mBuilding CXX object CMakeFiles/gz_hardware_plugins.dir/src/gz_system.cpp.o[0m
[8.688s] [ 75%] [32m[1mLinking CXX shared library libgz_hardware_plugins.so[0m
[8.949s] [ 75%] Built target gz_hardware_plugins
[10.797s] [100%] [32m[1mLinking CXX shared library libgz_ros2_control-system.so[0m
[11.075s] [100%] Built target gz_ros2_control-system
[11.085s] Invoked command in '/home/ubuntu/psd_ws/build/gz_ros2_control' returned '0': CMAKE_PREFIX_PATH=${CMAKE_PREFIX_PATH}:/opt/ros/jazzy /usr/bin/cmake --build /home/ubuntu/psd_ws/build/gz_ros2_control -- -j20 -l20
[11.105s] Invoking command in '/home/ubuntu/psd_ws/build/gz_ros2_control': CMAKE_PREFIX_PATH=${CMAKE_PREFIX_PATH}:/opt/ros/jazzy /usr/bin/cmake --install /home/ubuntu/psd_ws/build/gz_ros2_control
[11.110s] -- Install configuration: ""
[11.110s] -- Execute custom install script
[11.111s] -- Symlinking: /home/ubuntu/psd_ws/install/gz_ros2_control/lib/libgz_hardware_plugins.so
[11.116s] -- Symlinking: /home/ubuntu/psd_ws/install/gz_ros2_control/include/gz_ros2_control/gz_ros2_control_plugin.hpp
[11.122s] -- Symlinking: /home/ubuntu/psd_ws/install/gz_ros2_control/include/gz_ros2_control/gz_system.hpp
[11.126s] -- Symlinking: /home/ubuntu/psd_ws/install/gz_ros2_control/include/gz_ros2_control/gz_system_interface.hpp
[11.131s] -- Symlinking: /home/ubuntu/psd_ws/install/gz_ros2_control/share/gz_ros2_control/environment/library_path.sh
[11.136s] -- Symlinking: /home/ubuntu/psd_ws/install/gz_ros2_control/share/gz_ros2_control/environment/library_path.dsv
[11.141s] -- Symlinking: /home/ubuntu/psd_ws/install/gz_ros2_control/lib/libgz_ros2_control-system.so
[11.146s] -- Symlinking: /home/ubuntu/psd_ws/install/gz_ros2_control/share/gz_ros2_control//gz_hardware_plugins.xml
[11.152s] -- Symlinking: /home/ubuntu/psd_ws/install/gz_ros2_control/share/ament_index/resource_index/package_run_dependencies/gz_ros2_control
[11.156s] -- Symlinking: /home/ubuntu/psd_ws/install/gz_ros2_control/share/ament_index/resource_index/parent_prefix_path/gz_ros2_control
[11.161s] -- Symlinking: /home/ubuntu/psd_ws/install/gz_ros2_control/share/gz_ros2_control/environment/ament_prefix_path.sh
[11.166s] -- Symlinking: /home/ubuntu/psd_ws/install/gz_ros2_control/share/gz_ros2_control/environment/ament_prefix_path.dsv
[11.171s] -- Symlinking: /home/ubuntu/psd_ws/install/gz_ros2_control/share/gz_ros2_control/environment/path.sh
[11.176s] -- Symlinking: /home/ubuntu/psd_ws/install/gz_ros2_control/share/gz_ros2_control/environment/path.dsv
[11.180s] -- Symlinking: /home/ubuntu/psd_ws/install/gz_ros2_control/share/gz_ros2_control/local_setup.bash
[11.185s] -- Symlinking: /home/ubuntu/psd_ws/install/gz_ros2_control/share/gz_ros2_control/local_setup.sh
[11.190s] -- Symlinking: /home/ubuntu/psd_ws/install/gz_ros2_control/share/gz_ros2_control/local_setup.zsh
[11.195s] -- Symlinking: /home/ubuntu/psd_ws/install/gz_ros2_control/share/gz_ros2_control/local_setup.dsv
[11.199s] -- Symlinking: /home/ubuntu/psd_ws/install/gz_ros2_control/share/gz_ros2_control/package.dsv
[11.205s] -- Symlinking: /home/ubuntu/psd_ws/install/gz_ros2_control/share/ament_index/resource_index/packages/gz_ros2_control
[11.210s] -- Symlinking: /home/ubuntu/psd_ws/install/gz_ros2_control/share/ament_index/resource_index/gz_ros2_control__pluginlib__plugin/gz_ros2_control
[11.214s] -- Symlinking: /home/ubuntu/psd_ws/install/gz_ros2_control/share/gz_ros2_control/cmake/ament_cmake_export_include_directories-extras.cmake
[11.219s] -- Symlinking: /home/ubuntu/psd_ws/install/gz_ros2_control/share/gz_ros2_control/cmake/ament_cmake_export_libraries-extras.cmake
[11.225s] -- Symlinking: /home/ubuntu/psd_ws/install/gz_ros2_control/share/gz_ros2_control/cmake/gz_ros2_controlConfig.cmake
[11.230s] -- Symlinking: /home/ubuntu/psd_ws/install/gz_ros2_control/share/gz_ros2_control/cmake/gz_ros2_controlConfig-version.cmake
[11.236s] -- Symlinking: /home/ubuntu/psd_ws/install/gz_ros2_control/share/gz_ros2_control/package.xml
[11.242s] Invoked command in '/home/ubuntu/psd_ws/build/gz_ros2_control' returned '0': CMAKE_PREFIX_PATH=${CMAKE_PREFIX_PATH}:/opt/ros/jazzy /usr/bin/cmake --install /home/ubuntu/psd_ws/build/gz_ros2_control
