-- The CXX compiler identification is GNU 11.4.0
-- Detecting CXX compiler ABI info
-- Detecting CXX compiler ABI info - done
-- Check for working CXX compiler: /usr/bin/c++ - skipped
-- Detecting CXX compile features
-- Detecting CXX compile features - done
-- Found ament_cmake: 1.3.8 (/opt/ros/humble/share/ament_cmake/cmake)
-- Found Python3: /usr/bin/python3 (found version "3.10.12") found components: Interpreter 
-- Override CMake install command with custom implementation using symlinks instead of copying resources
-- Found rclcpp: 16.0.8 (/opt/ros/humble/share/rclcpp/cmake)
-- Found rosidl_generator_c: 3.1.5 (/opt/ros/humble/share/rosidl_generator_c/cmake)
-- Found rosidl_adapter: 3.1.5 (/opt/ros/humble/share/rosidl_adapter/cmake)
-- Found rosidl_generator_cpp: 3.1.5 (/opt/ros/humble/share/rosidl_generator_cpp/cmake)
-- Using all available rosidl_typesupport_c: rosidl_typesupport_fastrtps_c;rosidl_typesupport_introspection_c
-- Using all available rosidl_typesupport_cpp: rosidl_typesupport_fastrtps_cpp;rosidl_typesupport_introspection_cpp
-- Found rmw_implementation_cmake: 6.1.1 (/opt/ros/humble/share/rmw_implementation_cmake/cmake)
-- Found rmw_fastrtps_cpp: 6.2.6 (/opt/ros/humble/share/rmw_fastrtps_cpp/cmake)
-- Found OpenSSL: /usr/lib/x86_64-linux-gnu/libcrypto.so (found version "3.0.2")  
-- Found FastRTPS: /opt/ros/humble/include  
-- Using RMW implementation 'rmw_fastrtps_cpp' as default
-- Looking for C++ include pthread.h
-- Looking for C++ include pthread.h - found
-- Performing Test CMAKE_HAVE_LIBC_PTHREAD
-- Performing Test CMAKE_HAVE_LIBC_PTHREAD - Success
-- Found Threads: TRUE  
-- Found rclcpp_action: 16.0.8 (/opt/ros/humble/share/rclcpp_action/cmake)
-- Found ament_cmake_gmock: 1.3.8 (/opt/ros/humble/share/ament_cmake_gmock/cmake)
-- Found test_msgs: 1.2.1 (/opt/ros/humble/share/test_msgs/cmake)
-- Found gmock sources under '/opt/ros/humble/src/gmock_vendor': C++ tests using 'Google Mock' will be built
-- The C compiler identification is GNU 11.4.0
-- Detecting C compiler ABI info
-- Detecting C compiler ABI info - done
-- Check for working C compiler: /usr/bin/cc - skipped
-- Detecting C compile features
-- Detecting C compile features - done
-- Found ament_cmake_gtest: 1.3.8 (/opt/ros/humble/share/ament_cmake_gtest/cmake)
-- Found gtest sources under '/opt/ros/humble/src/gtest_vendor': C++ tests using 'Google Test' will be built
-- Configuring done
-- Generating done
-- Build files have been written to: /home/psd/psd_ws/build/realtime_tools
[  4%] [32mBuilding CXX object CMakeFiles/realtime_tools.dir/src/realtime_clock.cpp.o[0m
[  9%] [32mBuilding CXX object gmock/CMakeFiles/gmock_main.dir/src/gmock_main.cc.o[0m
[ 14%] [32mBuilding CXX object gmock/CMakeFiles/gmock.dir/src/gmock-all.cc.o[0m
[ 19%] [32mBuilding CXX object CMakeFiles/thread_priority.dir/src/thread_priority.cpp.o[0m
[ 23%] [32mBuilding CXX object gmock/CMakeFiles/gmock.dir/opt/ros/humble/src/gtest_vendor/src/gtest-all.cc.o[0m
[ 28%] [32m[1mLinking CXX shared library libthread_priority.so[0m
[ 28%] Built target thread_priority
[ 33%] [32m[1mLinking CXX shared library librealtime_tools.so[0m
[ 33%] Built target realtime_tools
[ 38%] [32m[1mLinking CXX static library libgmock_main.a[0m
[ 38%] Built target gmock_main
[ 42%] [32m[1mLinking CXX static library libgmock.a[0m
[ 42%] Built target gmock
[ 47%] [32mBuilding CXX object CMakeFiles/realtime_buffer_tests.dir/test/realtime_buffer_tests.cpp.o[0m
[ 52%] [32mBuilding CXX object CMakeFiles/realtime_clock_tests.dir/test/realtime_clock_tests.cpp.o[0m
[ 57%] [32mBuilding CXX object CMakeFiles/realtime_box_tests.dir/test/realtime_box_tests.cpp.o[0m
[ 61%] [32mBuilding CXX object CMakeFiles/realtime_server_goal_handle_tests.dir/test/realtime_server_goal_handle_tests.cpp.o[0m
[ 66%] [32mBuilding CXX object CMakeFiles/realtime_publisher_tests.dir/test/realtime_publisher_tests.cpp.o[0m
[ 71%] [32mBuilding CXX object CMakeFiles/realtime_publisher_tests_non_polling.dir/test/realtime_publisher_tests_non_polling.cpp.o[0m
[ 76%] [32m[1mLinking CXX executable realtime_buffer_tests[0m
[ 80%] [32m[1mLinking CXX executable realtime_box_tests[0m
[ 80%] Built target realtime_buffer_tests
[ 85%] [32m[1mLinking CXX executable realtime_clock_tests[0m
[ 85%] Built target realtime_box_tests
[ 85%] Built target realtime_clock_tests
[ 90%] [32m[1mLinking CXX executable realtime_server_goal_handle_tests[0m
[ 90%] Built target realtime_server_goal_handle_tests
[ 95%] [32m[1mLinking CXX executable realtime_publisher_tests_non_polling[0m
[100%] [32m[1mLinking CXX executable realtime_publisher_tests[0m
[100%] Built target realtime_publisher_tests_non_polling
[100%] Built target realtime_publisher_tests
-- Install configuration: ""
-- Execute custom install script
-- Symlinking: /home/psd/psd_ws/install/realtime_tools/include/realtime_tools/realtime_tools/realtime_box.h
-- Symlinking: /home/psd/psd_ws/install/realtime_tools/include/realtime_tools/realtime_tools/realtime_buffer.h
-- Symlinking: /home/psd/psd_ws/install/realtime_tools/include/realtime_tools/realtime_tools/realtime_clock.h
-- Symlinking: /home/psd/psd_ws/install/realtime_tools/include/realtime_tools/realtime_tools/realtime_publisher.h
-- Symlinking: /home/psd/psd_ws/install/realtime_tools/include/realtime_tools/realtime_tools/realtime_server_goal_handle.h
-- Symlinking: /home/psd/psd_ws/install/realtime_tools/include/realtime_tools/realtime_tools/thread_priority.hpp
-- Symlinking: /home/psd/psd_ws/install/realtime_tools/share/realtime_tools/environment/library_path.sh
-- Symlinking: /home/psd/psd_ws/install/realtime_tools/share/realtime_tools/environment/library_path.dsv
-- Symlinking: /home/psd/psd_ws/install/realtime_tools/share/ament_index/resource_index/package_run_dependencies/realtime_tools
-- Symlinking: /home/psd/psd_ws/install/realtime_tools/share/ament_index/resource_index/parent_prefix_path/realtime_tools
-- Symlinking: /home/psd/psd_ws/install/realtime_tools/share/realtime_tools/environment/ament_prefix_path.sh
-- Symlinking: /home/psd/psd_ws/install/realtime_tools/share/realtime_tools/environment/ament_prefix_path.dsv
-- Symlinking: /home/psd/psd_ws/install/realtime_tools/share/realtime_tools/environment/path.sh
-- Symlinking: /home/psd/psd_ws/install/realtime_tools/share/realtime_tools/environment/path.dsv
-- Symlinking: /home/psd/psd_ws/install/realtime_tools/share/realtime_tools/local_setup.bash
-- Symlinking: /home/psd/psd_ws/install/realtime_tools/share/realtime_tools/local_setup.sh
-- Symlinking: /home/psd/psd_ws/install/realtime_tools/share/realtime_tools/local_setup.zsh
-- Symlinking: /home/psd/psd_ws/install/realtime_tools/share/realtime_tools/local_setup.dsv
-- Symlinking: /home/psd/psd_ws/install/realtime_tools/share/realtime_tools/package.dsv
-- Symlinking: /home/psd/psd_ws/install/realtime_tools/share/ament_index/resource_index/packages/realtime_tools
-- Symlinking: /home/psd/psd_ws/install/realtime_tools/share/realtime_tools/cmake/ament_cmake_export_targets-extras.cmake
-- Symlinking: /home/psd/psd_ws/install/realtime_tools/share/realtime_tools/cmake/ament_cmake_export_dependencies-extras.cmake
-- Symlinking: /home/psd/psd_ws/install/realtime_tools/share/realtime_tools/cmake/realtime_toolsConfig.cmake
-- Symlinking: /home/psd/psd_ws/install/realtime_tools/share/realtime_tools/cmake/realtime_toolsConfig-version.cmake
-- Symlinking: /home/psd/psd_ws/install/realtime_tools/share/realtime_tools/package.xml
-- Installing: /home/psd/psd_ws/install/realtime_tools/lib/librealtime_tools.so
-- Set runtime path of "/home/psd/psd_ws/install/realtime_tools/lib/librealtime_tools.so" to ""
-- Installing: /home/psd/psd_ws/install/realtime_tools/lib/libthread_priority.so
-- Set runtime path of "/home/psd/psd_ws/install/realtime_tools/lib/libthread_priority.so" to ""
-- Installing: /home/psd/psd_ws/install/realtime_tools/share/realtime_tools/cmake/export_realtime_toolsExport.cmake
-- Installing: /home/psd/psd_ws/install/realtime_tools/share/realtime_tools/cmake/export_realtime_toolsExport-noconfig.cmake
