[0.023s] Invoking command in '/home/psd/psd_ws/build/realtime_tools': CMAKE_PREFIX_PATH=${CMAKE_PREFIX_PATH}:/home/psd/psd_ws/install/rqt_joint_trajectory_controller:/home/psd/psd_ws/install/rqt_controller_manager:/home/psd/psd_ws/install/ros2controlcli:/home/psd/psd_ws/install/ros2_controllers_test_nodes:/opt/ros/humble /usr/bin/cmake /home/psd/psd_ws/src/ros-controls/realtime_tools -DAMENT_CMAKE_SYMLINK_INSTALL=1 -DCMAKE_INSTALL_PREFIX=/home/psd/psd_ws/install/realtime_tools
[0.191s] -- The CXX compiler identification is GNU 11.4.0
[0.192s] -- Detecting CXX compiler ABI info
[0.200s] -- Detecting CXX compiler ABI info - done
[0.208s] -- Check for working CXX compiler: /usr/bin/c++ - skipped
[0.208s] -- Detecting CXX compile features
[0.209s] -- Detecting CXX compile features - done
[0.212s] -- Found ament_cmake: 1.3.8 (/opt/ros/humble/share/ament_cmake/cmake)
[0.348s] -- Found Python3: /usr/bin/python3 (found version "3.10.12") found components: Interpreter 
[0.405s] -- Override CMake install command with custom implementation using symlinks instead of copying resources
[0.451s] -- Found rclcpp: 16.0.8 (/opt/ros/humble/share/rclcpp/cmake)
[0.504s] -- Found rosidl_generator_c: 3.1.5 (/opt/ros/humble/share/rosidl_generator_c/cmake)
[0.510s] -- Found rosidl_adapter: 3.1.5 (/opt/ros/humble/share/rosidl_adapter/cmake)
[0.522s] -- Found rosidl_generator_cpp: 3.1.5 (/opt/ros/humble/share/rosidl_generator_cpp/cmake)
[0.542s] -- Using all available rosidl_typesupport_c: rosidl_typesupport_fastrtps_c;rosidl_typesupport_introspection_c
[0.564s] -- Using all available rosidl_typesupport_cpp: rosidl_typesupport_fastrtps_cpp;rosidl_typesupport_introspection_cpp
[0.632s] -- Found rmw_implementation_cmake: 6.1.1 (/opt/ros/humble/share/rmw_implementation_cmake/cmake)
[0.637s] -- Found rmw_fastrtps_cpp: 6.2.6 (/opt/ros/humble/share/rmw_fastrtps_cpp/cmake)
[0.781s] -- Found OpenSSL: /usr/lib/x86_64-linux-gnu/libcrypto.so (found version "3.0.2")  
[0.822s] -- Found FastRTPS: /opt/ros/humble/include  
[0.889s] -- Using RMW implementation 'rmw_fastrtps_cpp' as default
[0.899s] -- Looking for C++ include pthread.h
[0.984s] -- Looking for C++ include pthread.h - found
[0.984s] -- Performing Test CMAKE_HAVE_LIBC_PTHREAD
[1.067s] -- Performing Test CMAKE_HAVE_LIBC_PTHREAD - Success
[1.068s] -- Found Threads: TRUE  
[1.225s] -- Found rclcpp_action: 16.0.8 (/opt/ros/humble/share/rclcpp_action/cmake)
[1.342s] -- Found ament_cmake_gmock: 1.3.8 (/opt/ros/humble/share/ament_cmake_gmock/cmake)
[1.345s] -- Found test_msgs: 1.2.1 (/opt/ros/humble/share/test_msgs/cmake)
[1.414s] -- Found gmock sources under '/opt/ros/humble/src/gmock_vendor': C++ tests using 'Google Mock' will be built
[1.449s] -- The C compiler identification is GNU 11.4.0
[1.457s] -- Detecting C compiler ABI info
[1.529s] -- Detecting C compiler ABI info - done
[1.537s] -- Check for working C compiler: /usr/bin/cc - skipped
[1.538s] -- Detecting C compile features
[1.538s] -- Detecting C compile features - done
[1.544s] -- Found ament_cmake_gtest: 1.3.8 (/opt/ros/humble/share/ament_cmake_gtest/cmake)
[1.545s] -- Found gtest sources under '/opt/ros/humble/src/gtest_vendor': C++ tests using 'Google Test' will be built
[1.622s] -- Configuring done
[1.648s] -- Generating done
[1.650s] -- Build files have been written to: /home/psd/psd_ws/build/realtime_tools
[1.659s] Invoked command in '/home/psd/psd_ws/build/realtime_tools' returned '0': CMAKE_PREFIX_PATH=${CMAKE_PREFIX_PATH}:/home/psd/psd_ws/install/rqt_joint_trajectory_controller:/home/psd/psd_ws/install/rqt_controller_manager:/home/psd/psd_ws/install/ros2controlcli:/home/psd/psd_ws/install/ros2_controllers_test_nodes:/opt/ros/humble /usr/bin/cmake /home/psd/psd_ws/src/ros-controls/realtime_tools -DAMENT_CMAKE_SYMLINK_INSTALL=1 -DCMAKE_INSTALL_PREFIX=/home/psd/psd_ws/install/realtime_tools
[1.659s] Invoking command in '/home/psd/psd_ws/build/realtime_tools': CMAKE_PREFIX_PATH=${CMAKE_PREFIX_PATH}:/home/psd/psd_ws/install/rqt_joint_trajectory_controller:/home/psd/psd_ws/install/rqt_controller_manager:/home/psd/psd_ws/install/ros2controlcli:/home/psd/psd_ws/install/ros2_controllers_test_nodes:/opt/ros/humble /usr/bin/cmake --build /home/psd/psd_ws/build/realtime_tools -- -j20 -l20
[1.720s] [  4%] [32mBuilding CXX object CMakeFiles/realtime_tools.dir/src/realtime_clock.cpp.o[0m
[1.720s] [  9%] [32mBuilding CXX object gmock/CMakeFiles/gmock_main.dir/src/gmock_main.cc.o[0m
[1.724s] [ 14%] [32mBuilding CXX object gmock/CMakeFiles/gmock.dir/src/gmock-all.cc.o[0m
[1.725s] [ 19%] [32mBuilding CXX object CMakeFiles/thread_priority.dir/src/thread_priority.cpp.o[0m
[1.725s] [ 23%] [32mBuilding CXX object gmock/CMakeFiles/gmock.dir/opt/ros/humble/src/gtest_vendor/src/gtest-all.cc.o[0m
[2.107s] [ 28%] [32m[1mLinking CXX shared library libthread_priority.so[0m
[2.219s] [ 28%] Built target thread_priority
[2.499s] [ 33%] [32m[1mLinking CXX shared library librealtime_tools.so[0m
[2.585s] [ 33%] Built target realtime_tools
[2.765s] [ 38%] [32m[1mLinking CXX static library libgmock_main.a[0m
[2.810s] [ 38%] Built target gmock_main
[5.085s] [ 42%] [32m[1mLinking CXX static library libgmock.a[0m
[5.211s] [ 42%] Built target gmock
[5.289s] [ 47%] [32mBuilding CXX object CMakeFiles/realtime_buffer_tests.dir/test/realtime_buffer_tests.cpp.o[0m
[5.308s] [ 52%] [32mBuilding CXX object CMakeFiles/realtime_clock_tests.dir/test/realtime_clock_tests.cpp.o[0m
[5.318s] [ 57%] [32mBuilding CXX object CMakeFiles/realtime_box_tests.dir/test/realtime_box_tests.cpp.o[0m
[5.327s] [ 61%] [32mBuilding CXX object CMakeFiles/realtime_server_goal_handle_tests.dir/test/realtime_server_goal_handle_tests.cpp.o[0m
[5.334s] [ 66%] [32mBuilding CXX object CMakeFiles/realtime_publisher_tests.dir/test/realtime_publisher_tests.cpp.o[0m
[5.334s] [ 71%] [32mBuilding CXX object CMakeFiles/realtime_publisher_tests_non_polling.dir/test/realtime_publisher_tests_non_polling.cpp.o[0m
[7.721s] [ 76%] [32m[1mLinking CXX executable realtime_buffer_tests[0m
[7.958s] [ 80%] [32m[1mLinking CXX executable realtime_box_tests[0m
[8.017s] [ 80%] Built target realtime_buffer_tests
[8.150s] [ 85%] [32m[1mLinking CXX executable realtime_clock_tests[0m
[8.250s] [ 85%] Built target realtime_box_tests
[8.476s] [ 85%] Built target realtime_clock_tests
[13.760s] [ 90%] [32m[1mLinking CXX executable realtime_server_goal_handle_tests[0m
[14.036s] [ 90%] Built target realtime_server_goal_handle_tests
[15.992s] [ 95%] [32m[1mLinking CXX executable realtime_publisher_tests_non_polling[0m
[16.142s] [100%] [32m[1mLinking CXX executable realtime_publisher_tests[0m
[16.412s] [100%] Built target realtime_publisher_tests_non_polling
[16.538s] [100%] Built target realtime_publisher_tests
[16.549s] Invoked command in '/home/psd/psd_ws/build/realtime_tools' returned '0': CMAKE_PREFIX_PATH=${CMAKE_PREFIX_PATH}:/home/psd/psd_ws/install/rqt_joint_trajectory_controller:/home/psd/psd_ws/install/rqt_controller_manager:/home/psd/psd_ws/install/ros2controlcli:/home/psd/psd_ws/install/ros2_controllers_test_nodes:/opt/ros/humble /usr/bin/cmake --build /home/psd/psd_ws/build/realtime_tools -- -j20 -l20
[16.621s] Invoking command in '/home/psd/psd_ws/build/realtime_tools': CMAKE_PREFIX_PATH=${CMAKE_PREFIX_PATH}:/home/psd/psd_ws/install/rqt_joint_trajectory_controller:/home/psd/psd_ws/install/rqt_controller_manager:/home/psd/psd_ws/install/ros2controlcli:/home/psd/psd_ws/install/ros2_controllers_test_nodes:/opt/ros/humble /usr/bin/cmake --install /home/psd/psd_ws/build/realtime_tools
[16.627s] -- Install configuration: ""
[16.628s] -- Execute custom install script
[16.628s] -- Symlinking: /home/psd/psd_ws/install/realtime_tools/include/realtime_tools/realtime_tools/realtime_box.h
[16.636s] -- Symlinking: /home/psd/psd_ws/install/realtime_tools/include/realtime_tools/realtime_tools/realtime_buffer.h
[16.643s] -- Symlinking: /home/psd/psd_ws/install/realtime_tools/include/realtime_tools/realtime_tools/realtime_clock.h
[16.650s] -- Symlinking: /home/psd/psd_ws/install/realtime_tools/include/realtime_tools/realtime_tools/realtime_publisher.h
[16.658s] -- Symlinking: /home/psd/psd_ws/install/realtime_tools/include/realtime_tools/realtime_tools/realtime_server_goal_handle.h
[16.665s] -- Symlinking: /home/psd/psd_ws/install/realtime_tools/include/realtime_tools/realtime_tools/thread_priority.hpp
[16.673s] -- Symlinking: /home/psd/psd_ws/install/realtime_tools/share/realtime_tools/environment/library_path.sh
[16.681s] -- Symlinking: /home/psd/psd_ws/install/realtime_tools/share/realtime_tools/environment/library_path.dsv
[16.689s] -- Symlinking: /home/psd/psd_ws/install/realtime_tools/share/ament_index/resource_index/package_run_dependencies/realtime_tools
[16.696s] -- Symlinking: /home/psd/psd_ws/install/realtime_tools/share/ament_index/resource_index/parent_prefix_path/realtime_tools
[16.704s] -- Symlinking: /home/psd/psd_ws/install/realtime_tools/share/realtime_tools/environment/ament_prefix_path.sh
[16.712s] -- Symlinking: /home/psd/psd_ws/install/realtime_tools/share/realtime_tools/environment/ament_prefix_path.dsv
[16.721s] -- Symlinking: /home/psd/psd_ws/install/realtime_tools/share/realtime_tools/environment/path.sh
[16.728s] -- Symlinking: /home/psd/psd_ws/install/realtime_tools/share/realtime_tools/environment/path.dsv
[16.736s] -- Symlinking: /home/psd/psd_ws/install/realtime_tools/share/realtime_tools/local_setup.bash
[16.743s] -- Symlinking: /home/psd/psd_ws/install/realtime_tools/share/realtime_tools/local_setup.sh
[16.751s] -- Symlinking: /home/psd/psd_ws/install/realtime_tools/share/realtime_tools/local_setup.zsh
[16.758s] -- Symlinking: /home/psd/psd_ws/install/realtime_tools/share/realtime_tools/local_setup.dsv
[16.765s] -- Symlinking: /home/psd/psd_ws/install/realtime_tools/share/realtime_tools/package.dsv
[16.773s] -- Symlinking: /home/psd/psd_ws/install/realtime_tools/share/ament_index/resource_index/packages/realtime_tools
[16.781s] -- Symlinking: /home/psd/psd_ws/install/realtime_tools/share/realtime_tools/cmake/ament_cmake_export_targets-extras.cmake
[16.789s] -- Symlinking: /home/psd/psd_ws/install/realtime_tools/share/realtime_tools/cmake/ament_cmake_export_dependencies-extras.cmake
[16.796s] -- Symlinking: /home/psd/psd_ws/install/realtime_tools/share/realtime_tools/cmake/realtime_toolsConfig.cmake
[16.804s] -- Symlinking: /home/psd/psd_ws/install/realtime_tools/share/realtime_tools/cmake/realtime_toolsConfig-version.cmake
[16.812s] -- Symlinking: /home/psd/psd_ws/install/realtime_tools/share/realtime_tools/package.xml
[16.820s] -- Installing: /home/psd/psd_ws/install/realtime_tools/lib/librealtime_tools.so
[16.820s] -- Set runtime path of "/home/psd/psd_ws/install/realtime_tools/lib/librealtime_tools.so" to ""
[16.820s] -- Installing: /home/psd/psd_ws/install/realtime_tools/lib/libthread_priority.so
[16.820s] -- Set runtime path of "/home/psd/psd_ws/install/realtime_tools/lib/libthread_priority.so" to ""
[16.820s] -- Installing: /home/psd/psd_ws/install/realtime_tools/share/realtime_tools/cmake/export_realtime_toolsExport.cmake
[16.820s] -- Installing: /home/psd/psd_ws/install/realtime_tools/share/realtime_tools/cmake/export_realtime_toolsExport-noconfig.cmake
[16.823s] Invoked command in '/home/psd/psd_ws/build/realtime_tools' returned '0': CMAKE_PREFIX_PATH=${CMAKE_PREFIX_PATH}:/home/psd/psd_ws/install/rqt_joint_trajectory_controller:/home/psd/psd_ws/install/rqt_controller_manager:/home/psd/psd_ws/install/ros2controlcli:/home/psd/psd_ws/install/ros2_controllers_test_nodes:/opt/ros/humble /usr/bin/cmake --install /home/psd/psd_ws/build/realtime_tools
