[0.000000] (-) TimerEvent: {}
[0.000164] (-) JobUnselected: {'identifier': 'ackermann_steering_controller'}
[0.000179] (-) JobUnselected: {'identifier': 'admittance_controller'}
[0.000190] (-) JobUnselected: {'identifier': 'bicycle_steering_controller'}
[0.000202] (-) JobUnselected: {'identifier': 'control_msgs'}
[0.000210] (-) JobUnselected: {'identifier': 'control_toolbox'}
[0.000217] (-) JobUnselected: {'identifier': 'controller_interface'}
[0.000225] (-) JobUnselected: {'identifier': 'controller_manager'}
[0.000232] (-) JobUnselected: {'identifier': 'controller_manager_msgs'}
[0.000240] (-) JobUnselected: {'identifier': 'diff_drive_controller'}
[0.000357] (-) JobUnselected: {'identifier': 'effort_controllers'}
[0.000364] (-) JobUnselected: {'identifier': 'force_torque_sensor_broadcaster'}
[0.000372] (-) JobUnselected: {'identifier': 'forward_command_controller'}
[0.000379] (-) JobUnselected: {'identifier': 'gazebo_ros2_control'}
[0.000386] (-) JobUnselected: {'identifier': 'gazebo_ros2_control_demos'}
[0.000393] (-) JobUnselected: {'identifier': 'gripper_controllers'}
[0.000400] (-) JobUnselected: {'identifier': 'gz_ros2_control_tests'}
[0.000407] (-) JobUnselected: {'identifier': 'hardware_interface'}
[0.000415] (-) JobUnselected: {'identifier': 'hardware_interface_testing'}
[0.000422] (-) JobUnselected: {'identifier': 'ign_ros2_control'}
[0.000430] (-) JobUnselected: {'identifier': 'ign_ros2_control_demos'}
[0.000437] (-) JobUnselected: {'identifier': 'imu_sensor_broadcaster'}
[0.000444] (-) JobUnselected: {'identifier': 'joint_limits'}
[0.000452] (-) JobUnselected: {'identifier': 'joint_state_broadcaster'}
[0.000459] (-) JobUnselected: {'identifier': 'joint_trajectory_controller'}
[0.000466] (-) JobUnselected: {'identifier': 'kinematics_interface'}
[0.000474] (-) JobUnselected: {'identifier': 'kinematics_interface_kdl'}
[0.000481] (-) JobUnselected: {'identifier': 'position_controllers'}
[0.000488] (-) JobUnselected: {'identifier': 'psd_gazebo_worlds'}
[0.000495] (-) JobUnselected: {'identifier': 'psd_vehicle_bringup'}
[0.000502] (-) JobUnselected: {'identifier': 'range_sensor_broadcaster'}
[0.000509] (-) JobUnselected: {'identifier': 'realtime_tools'}
[0.000516] (-) JobUnselected: {'identifier': 'ros2_control'}
[0.000523] (-) JobUnselected: {'identifier': 'ros2_control_demo_description'}
[0.000531] (-) JobUnselected: {'identifier': 'ros2_control_demo_example_1'}
[0.000538] (-) JobUnselected: {'identifier': 'ros2_control_demo_example_10'}
[0.000545] (-) JobUnselected: {'identifier': 'ros2_control_demo_example_11'}
[0.000552] (-) JobUnselected: {'identifier': 'ros2_control_demo_example_12'}
[0.000559] (-) JobUnselected: {'identifier': 'ros2_control_demo_example_14'}
[0.000566] (-) JobUnselected: {'identifier': 'ros2_control_demo_example_2'}
[0.000573] (-) JobUnselected: {'identifier': 'ros2_control_demo_example_3'}
[0.000581] (-) JobUnselected: {'identifier': 'ros2_control_demo_example_4'}
[0.000588] (-) JobUnselected: {'identifier': 'ros2_control_demo_example_5'}
[0.000595] (-) JobUnselected: {'identifier': 'ros2_control_demo_example_6'}
[0.000602] (-) JobUnselected: {'identifier': 'ros2_control_demo_example_7'}
[0.000609] (-) JobUnselected: {'identifier': 'ros2_control_demo_example_8'}
[0.000616] (-) JobUnselected: {'identifier': 'ros2_control_demo_example_9'}
[0.000623] (-) JobUnselected: {'identifier': 'ros2_control_demos'}
[0.000630] (-) JobUnselected: {'identifier': 'ros2_control_test_assets'}
[0.000638] (-) JobUnselected: {'identifier': 'ros2_controllers'}
[0.000644] (-) JobUnselected: {'identifier': 'ros2_controllers_test_nodes'}
[0.000651] (-) JobUnselected: {'identifier': 'ros2controlcli'}
[0.000659] (-) JobUnselected: {'identifier': 'rqt_controller_manager'}
[0.000666] (-) JobUnselected: {'identifier': 'rqt_joint_trajectory_controller'}
[0.000673] (-) JobUnselected: {'identifier': 'steering_controllers_library'}
[0.000680] (-) JobUnselected: {'identifier': 'transmission_interface'}
[0.000687] (-) JobUnselected: {'identifier': 'tricycle_controller'}
[0.000694] (-) JobUnselected: {'identifier': 'tricycle_steering_controller'}
[0.000747] (-) JobUnselected: {'identifier': 'velocity_controllers'}
[0.000756] (psd_vehicle_description) JobQueued: {'identifier': 'psd_vehicle_description', 'dependencies': OrderedDict([('control_msgs', '/home/psd/psd_ws/install/control_msgs'), ('hardware_interface', '/home/psd/psd_ws/install/hardware_interface')])}
[0.000768] (psd_vehicle_description) JobStarted: {'identifier': 'psd_vehicle_description'}
[0.014333] (psd_vehicle_description) JobProgress: {'identifier': 'psd_vehicle_description', 'progress': 'cmake'}
[0.014374] (psd_vehicle_description) JobProgress: {'identifier': 'psd_vehicle_description', 'progress': 'build'}
[0.014386] (psd_vehicle_description) Command: {'cmd': ['/usr/bin/cmake', '--build', '/home/psd/psd_ws/build/psd_vehicle_description', '--', '-j20', '-l20'], 'cwd': '/home/psd/psd_ws/build/psd_vehicle_description', 'env': OrderedDict([('HOSTNAME', 'edo-ThinkPad-P1-Gen-5'), ('SHLVL', '1'), ('LD_LIBRARY_PATH', '/home/psd/psd_ws/install/hardware_interface/lib:/home/psd/psd_ws/install/control_msgs/lib:/home/psd/psd_ws/install/velocity_controllers/lib:/home/psd/psd_ws/install/tricycle_steering_controller/lib:/home/psd/psd_ws/install/tricycle_controller/lib:/home/psd/psd_ws/install/ros2_control_demo_example_8/lib:/home/psd/psd_ws/install/transmission_interface/lib:/home/psd/psd_ws/install/ros2_control_demo_example_11/lib:/home/psd/psd_ws/install/bicycle_steering_controller/lib:/home/psd/psd_ws/install/ackermann_steering_controller/lib:/home/psd/psd_ws/install/steering_controllers_library/lib:/home/psd/psd_ws/install/ros2_control_demo_example_9/lib:/home/psd/psd_ws/install/ros2_control_demo_example_7/lib:/home/psd/psd_ws/install/ros2_control_demo_example_6/lib:/home/psd/psd_ws/install/ros2_control_demo_example_5/lib:/home/psd/psd_ws/install/ros2_control_demo_example_4/lib:/home/psd/psd_ws/install/ros2_control_demo_example_3/lib:/home/psd/psd_ws/install/ros2_control_demo_example_2/lib:/home/psd/psd_ws/install/ros2_control_demo_example_14/lib:/home/psd/psd_ws/install/ros2_control_demo_example_12/lib:/home/psd/psd_ws/install/ros2_control_demo_example_10/lib:/home/psd/psd_ws/install/ros2_control_demo_example_1/lib:/home/psd/psd_ws/install/ign_ros2_control/lib:/home/psd/psd_ws/install/hardware_interface_testing/lib:/home/psd/psd_ws/install/gazebo_ros2_control/lib:/home/psd/psd_ws/install/controller_manager/lib:/home/psd/psd_ws/install/range_sensor_broadcaster/lib:/home/psd/psd_ws/install/position_controllers/lib:/home/psd/psd_ws/install/admittance_controller/lib:/home/psd/psd_ws/install/joint_trajectory_controller/lib:/home/psd/psd_ws/install/joint_state_broadcaster/lib:/home/psd/psd_ws/install/imu_sensor_broadcaster/lib:/home/psd/psd_ws/install/gripper_controllers/lib:/home/psd/psd_ws/install/effort_controllers/lib:/home/psd/psd_ws/install/forward_command_controller/lib:/home/psd/psd_ws/install/force_torque_sensor_broadcaster/lib:/home/psd/psd_ws/install/diff_drive_controller/lib:/home/psd/psd_ws/install/control_toolbox/lib:/home/psd/psd_ws/install/realtime_tools/lib:/home/psd/psd_ws/install/kinematics_interface_kdl/lib:/home/psd/psd_ws/install/kinematics_interface/lib:/home/psd/psd_ws/install/controller_interface/lib:/home/psd/psd_ws/install/controller_manager_msgs/lib:/opt/ros/humble/opt/rviz_ogre_vendor/lib:/opt/ros/humble/lib/x86_64-linux-gnu:/opt/ros/humble/lib'), ('HOME', '/home/psd'), ('OLDPWD', '/home/psd/psd_ws/src'), ('ROS_PYTHON_VERSION', '3'), ('COLCON_PREFIX_PATH', '/home/psd/psd_ws/install'), ('ROS_DISTRO', 'humble'), ('_', '/usr/bin/colcon'), ('ROS_VERSION', '2'), ('TERM', 'xterm'), ('ROS_LOCALHOST_ONLY', '0'), ('PATH', '/opt/ros/humble/bin:/usr/local/sbin:/usr/local/bin:/usr/sbin:/usr/bin:/sbin:/bin'), ('DISPLAY', ':0'), ('LANG', 'C.UTF-8'), ('AMENT_PREFIX_PATH', '/home/psd/psd_ws/install/ros2_controllers:/home/psd/psd_ws/install/ign_ros2_control_demos:/home/psd/psd_ws/install/gazebo_ros2_control_demos:/home/psd/psd_ws/install/velocity_controllers:/home/psd/psd_ws/install/tricycle_steering_controller:/home/psd/psd_ws/install/tricycle_controller:/home/psd/psd_ws/install/ros2_control_demos:/home/psd/psd_ws/install/ros2_control_demo_example_8:/home/psd/psd_ws/install/ros2_control:/home/psd/psd_ws/install/transmission_interface:/home/psd/psd_ws/install/ros2_control_demo_example_11:/home/psd/psd_ws/install/bicycle_steering_controller:/home/psd/psd_ws/install/ackermann_steering_controller:/home/psd/psd_ws/install/steering_controllers_library:/home/psd/psd_ws/install/rqt_joint_trajectory_controller:/home/psd/psd_ws/install/rqt_controller_manager:/home/psd/psd_ws/install/ros2_control_demo_example_9:/home/psd/psd_ws/install/ros2_control_demo_example_7:/home/psd/psd_ws/install/ros2_control_demo_example_6:/home/psd/psd_ws/install/ros2_control_demo_example_5:/home/psd/psd_ws/install/ros2_control_demo_example_4:/home/psd/psd_ws/install/ros2_control_demo_example_3:/home/psd/psd_ws/install/ros2_control_demo_example_2:/home/psd/psd_ws/install/ros2_control_demo_example_14:/home/psd/psd_ws/install/ros2_control_demo_example_12:/home/psd/psd_ws/install/ros2_control_demo_example_10:/home/psd/psd_ws/install/ros2_control_demo_example_1:/home/psd/psd_ws/install/gz_ros2_control_tests:/home/psd/psd_ws/install/ros2controlcli:/home/psd/psd_ws/install/psd_vehicle_bringup:/home/psd/psd_ws/install/ros2_controllers_test_nodes:/home/psd/psd_ws/install/ign_ros2_control:/home/psd/psd_ws/install/hardware_interface_testing:/home/psd/psd_ws/install/gazebo_ros2_control:/home/psd/psd_ws/install/controller_manager:/home/psd/psd_ws/install/ros2_control_test_assets:/home/psd/psd_ws/install/ros2_control_demo_description:/home/psd/psd_ws/install/range_sensor_broadcaster:/home/psd/psd_ws/install/position_controllers:/home/psd/psd_ws/install/admittance_controller:/home/psd/psd_ws/install/joint_trajectory_controller:/home/psd/psd_ws/install/joint_state_broadcaster:/home/psd/psd_ws/install/imu_sensor_broadcaster:/home/psd/psd_ws/install/gripper_controllers:/home/psd/psd_ws/install/effort_controllers:/home/psd/psd_ws/install/forward_command_controller:/home/psd/psd_ws/install/force_torque_sensor_broadcaster:/home/psd/psd_ws/install/diff_drive_controller:/home/psd/psd_ws/install/control_toolbox:/home/psd/psd_ws/install/realtime_tools:/home/psd/psd_ws/install/psd_vehicle_description:/home/psd/psd_ws/install/psd_gazebo_worlds:/home/psd/psd_ws/install/kinematics_interface_kdl:/home/psd/psd_ws/install/kinematics_interface:/home/psd/psd_ws/install/joint_limits:/home/psd/psd_ws/install/controller_interface:/home/psd/psd_ws/install/hardware_interface:/home/psd/psd_ws/install/controller_manager_msgs:/home/psd/psd_ws/install/control_msgs:/opt/ros/humble'), ('PWD', '/home/psd/psd_ws/build/psd_vehicle_description'), ('LC_ALL', 'C.UTF-8'), ('PYTHONPATH', '/home/psd/psd_ws/build/rqt_joint_trajectory_controller:/home/psd/psd_ws/install/rqt_joint_trajectory_controller/lib/python3.10/site-packages:/home/psd/psd_ws/build/rqt_controller_manager:/home/psd/psd_ws/install/rqt_controller_manager/lib/python3.10/site-packages:/home/psd/psd_ws/build/ros2controlcli:/home/psd/psd_ws/install/ros2controlcli/lib/python3.10/site-packages:/home/psd/psd_ws/build/ros2_controllers_test_nodes:/home/psd/psd_ws/install/ros2_controllers_test_nodes/lib/python3.10/site-packages:/home/psd/psd_ws/install/controller_manager/local/lib/python3.10/dist-packages:/home/psd/psd_ws/install/controller_manager_msgs/local/lib/python3.10/dist-packages:/home/psd/psd_ws/install/control_msgs/local/lib/python3.10/dist-packages:/opt/ros/humble/lib/python3.10/site-packages:/opt/ros/humble/local/lib/python3.10/dist-packages'), ('COLCON', '1'), ('CMAKE_PREFIX_PATH', '/home/psd/psd_ws/install/hardware_interface:/home/psd/psd_ws/install/control_msgs:/home/psd/psd_ws/install/ros2_controllers:/home/psd/psd_ws/install/ign_ros2_control_demos:/home/psd/psd_ws/install/gazebo_ros2_control_demos:/home/psd/psd_ws/install/velocity_controllers:/home/psd/psd_ws/install/tricycle_steering_controller:/home/psd/psd_ws/install/tricycle_controller:/home/psd/psd_ws/install/ros2_control_demos:/home/psd/psd_ws/install/ros2_control_demo_example_8:/home/psd/psd_ws/install/ros2_control:/home/psd/psd_ws/install/transmission_interface:/home/psd/psd_ws/install/ros2_control_demo_example_11:/home/psd/psd_ws/install/bicycle_steering_controller:/home/psd/psd_ws/install/ackermann_steering_controller:/home/psd/psd_ws/install/steering_controllers_library:/home/psd/psd_ws/install/ros2_control_demo_example_9:/home/psd/psd_ws/install/ros2_control_demo_example_7:/home/psd/psd_ws/install/ros2_control_demo_example_6:/home/psd/psd_ws/install/ros2_control_demo_example_5:/home/psd/psd_ws/install/ros2_control_demo_example_4:/home/psd/psd_ws/install/ros2_control_demo_example_3:/home/psd/psd_ws/install/ros2_control_demo_example_2:/home/psd/psd_ws/install/ros2_control_demo_example_14:/home/psd/psd_ws/install/ros2_control_demo_example_12:/home/psd/psd_ws/install/ros2_control_demo_example_10:/home/psd/psd_ws/install/ros2_control_demo_example_1:/home/psd/psd_ws/install/gz_ros2_control_tests:/home/psd/psd_ws/install/psd_vehicle_bringup:/home/psd/psd_ws/install/ign_ros2_control:/home/psd/psd_ws/install/hardware_interface_testing:/home/psd/psd_ws/install/gazebo_ros2_control:/home/psd/psd_ws/install/controller_manager:/home/psd/psd_ws/install/ros2_control_test_assets:/home/psd/psd_ws/install/ros2_control_demo_description:/home/psd/psd_ws/install/range_sensor_broadcaster:/home/psd/psd_ws/install/position_controllers:/home/psd/psd_ws/install/admittance_controller:/home/psd/psd_ws/install/joint_trajectory_controller:/home/psd/psd_ws/install/joint_state_broadcaster:/home/psd/psd_ws/install/imu_sensor_broadcaster:/home/psd/psd_ws/install/gripper_controllers:/home/psd/psd_ws/install/effort_controllers:/home/psd/psd_ws/install/forward_command_controller:/home/psd/psd_ws/install/force_torque_sensor_broadcaster:/home/psd/psd_ws/install/diff_drive_controller:/home/psd/psd_ws/install/control_toolbox:/home/psd/psd_ws/install/realtime_tools:/home/psd/psd_ws/install/psd_vehicle_description:/home/psd/psd_ws/install/psd_gazebo_worlds:/home/psd/psd_ws/install/kinematics_interface_kdl:/home/psd/psd_ws/install/kinematics_interface:/home/psd/psd_ws/install/joint_limits:/home/psd/psd_ws/install/controller_interface:/home/psd/psd_ws/install/controller_manager_msgs:/home/psd/psd_ws/install/rqt_joint_trajectory_controller:/home/psd/psd_ws/install/rqt_controller_manager:/home/psd/psd_ws/install/ros2controlcli:/home/psd/psd_ws/install/ros2_controllers_test_nodes:/opt/ros/humble')]), 'shell': False}
[0.046708] (psd_vehicle_description) CommandEnded: {'returncode': 0}
[0.072934] (psd_vehicle_description) JobProgress: {'identifier': 'psd_vehicle_description', 'progress': 'install'}
[0.080432] (psd_vehicle_description) Command: {'cmd': ['/usr/bin/cmake', '--install', '/home/psd/psd_ws/build/psd_vehicle_description'], 'cwd': '/home/psd/psd_ws/build/psd_vehicle_description', 'env': OrderedDict([('HOSTNAME', 'edo-ThinkPad-P1-Gen-5'), ('SHLVL', '1'), ('LD_LIBRARY_PATH', '/home/psd/psd_ws/install/hardware_interface/lib:/home/psd/psd_ws/install/control_msgs/lib:/home/psd/psd_ws/install/velocity_controllers/lib:/home/psd/psd_ws/install/tricycle_steering_controller/lib:/home/psd/psd_ws/install/tricycle_controller/lib:/home/psd/psd_ws/install/ros2_control_demo_example_8/lib:/home/psd/psd_ws/install/transmission_interface/lib:/home/psd/psd_ws/install/ros2_control_demo_example_11/lib:/home/psd/psd_ws/install/bicycle_steering_controller/lib:/home/psd/psd_ws/install/ackermann_steering_controller/lib:/home/psd/psd_ws/install/steering_controllers_library/lib:/home/psd/psd_ws/install/ros2_control_demo_example_9/lib:/home/psd/psd_ws/install/ros2_control_demo_example_7/lib:/home/psd/psd_ws/install/ros2_control_demo_example_6/lib:/home/psd/psd_ws/install/ros2_control_demo_example_5/lib:/home/psd/psd_ws/install/ros2_control_demo_example_4/lib:/home/psd/psd_ws/install/ros2_control_demo_example_3/lib:/home/psd/psd_ws/install/ros2_control_demo_example_2/lib:/home/psd/psd_ws/install/ros2_control_demo_example_14/lib:/home/psd/psd_ws/install/ros2_control_demo_example_12/lib:/home/psd/psd_ws/install/ros2_control_demo_example_10/lib:/home/psd/psd_ws/install/ros2_control_demo_example_1/lib:/home/psd/psd_ws/install/ign_ros2_control/lib:/home/psd/psd_ws/install/hardware_interface_testing/lib:/home/psd/psd_ws/install/gazebo_ros2_control/lib:/home/psd/psd_ws/install/controller_manager/lib:/home/psd/psd_ws/install/range_sensor_broadcaster/lib:/home/psd/psd_ws/install/position_controllers/lib:/home/psd/psd_ws/install/admittance_controller/lib:/home/psd/psd_ws/install/joint_trajectory_controller/lib:/home/psd/psd_ws/install/joint_state_broadcaster/lib:/home/psd/psd_ws/install/imu_sensor_broadcaster/lib:/home/psd/psd_ws/install/gripper_controllers/lib:/home/psd/psd_ws/install/effort_controllers/lib:/home/psd/psd_ws/install/forward_command_controller/lib:/home/psd/psd_ws/install/force_torque_sensor_broadcaster/lib:/home/psd/psd_ws/install/diff_drive_controller/lib:/home/psd/psd_ws/install/control_toolbox/lib:/home/psd/psd_ws/install/realtime_tools/lib:/home/psd/psd_ws/install/kinematics_interface_kdl/lib:/home/psd/psd_ws/install/kinematics_interface/lib:/home/psd/psd_ws/install/controller_interface/lib:/home/psd/psd_ws/install/controller_manager_msgs/lib:/opt/ros/humble/opt/rviz_ogre_vendor/lib:/opt/ros/humble/lib/x86_64-linux-gnu:/opt/ros/humble/lib'), ('HOME', '/home/psd'), ('OLDPWD', '/home/psd/psd_ws/src'), ('ROS_PYTHON_VERSION', '3'), ('COLCON_PREFIX_PATH', '/home/psd/psd_ws/install'), ('ROS_DISTRO', 'humble'), ('_', '/usr/bin/colcon'), ('ROS_VERSION', '2'), ('TERM', 'xterm'), ('ROS_LOCALHOST_ONLY', '0'), ('PATH', '/opt/ros/humble/bin:/usr/local/sbin:/usr/local/bin:/usr/sbin:/usr/bin:/sbin:/bin'), ('DISPLAY', ':0'), ('LANG', 'C.UTF-8'), ('AMENT_PREFIX_PATH', '/home/psd/psd_ws/install/ros2_controllers:/home/psd/psd_ws/install/ign_ros2_control_demos:/home/psd/psd_ws/install/gazebo_ros2_control_demos:/home/psd/psd_ws/install/velocity_controllers:/home/psd/psd_ws/install/tricycle_steering_controller:/home/psd/psd_ws/install/tricycle_controller:/home/psd/psd_ws/install/ros2_control_demos:/home/psd/psd_ws/install/ros2_control_demo_example_8:/home/psd/psd_ws/install/ros2_control:/home/psd/psd_ws/install/transmission_interface:/home/psd/psd_ws/install/ros2_control_demo_example_11:/home/psd/psd_ws/install/bicycle_steering_controller:/home/psd/psd_ws/install/ackermann_steering_controller:/home/psd/psd_ws/install/steering_controllers_library:/home/psd/psd_ws/install/rqt_joint_trajectory_controller:/home/psd/psd_ws/install/rqt_controller_manager:/home/psd/psd_ws/install/ros2_control_demo_example_9:/home/psd/psd_ws/install/ros2_control_demo_example_7:/home/psd/psd_ws/install/ros2_control_demo_example_6:/home/psd/psd_ws/install/ros2_control_demo_example_5:/home/psd/psd_ws/install/ros2_control_demo_example_4:/home/psd/psd_ws/install/ros2_control_demo_example_3:/home/psd/psd_ws/install/ros2_control_demo_example_2:/home/psd/psd_ws/install/ros2_control_demo_example_14:/home/psd/psd_ws/install/ros2_control_demo_example_12:/home/psd/psd_ws/install/ros2_control_demo_example_10:/home/psd/psd_ws/install/ros2_control_demo_example_1:/home/psd/psd_ws/install/gz_ros2_control_tests:/home/psd/psd_ws/install/ros2controlcli:/home/psd/psd_ws/install/psd_vehicle_bringup:/home/psd/psd_ws/install/ros2_controllers_test_nodes:/home/psd/psd_ws/install/ign_ros2_control:/home/psd/psd_ws/install/hardware_interface_testing:/home/psd/psd_ws/install/gazebo_ros2_control:/home/psd/psd_ws/install/controller_manager:/home/psd/psd_ws/install/ros2_control_test_assets:/home/psd/psd_ws/install/ros2_control_demo_description:/home/psd/psd_ws/install/range_sensor_broadcaster:/home/psd/psd_ws/install/position_controllers:/home/psd/psd_ws/install/admittance_controller:/home/psd/psd_ws/install/joint_trajectory_controller:/home/psd/psd_ws/install/joint_state_broadcaster:/home/psd/psd_ws/install/imu_sensor_broadcaster:/home/psd/psd_ws/install/gripper_controllers:/home/psd/psd_ws/install/effort_controllers:/home/psd/psd_ws/install/forward_command_controller:/home/psd/psd_ws/install/force_torque_sensor_broadcaster:/home/psd/psd_ws/install/diff_drive_controller:/home/psd/psd_ws/install/control_toolbox:/home/psd/psd_ws/install/realtime_tools:/home/psd/psd_ws/install/psd_vehicle_description:/home/psd/psd_ws/install/psd_gazebo_worlds:/home/psd/psd_ws/install/kinematics_interface_kdl:/home/psd/psd_ws/install/kinematics_interface:/home/psd/psd_ws/install/joint_limits:/home/psd/psd_ws/install/controller_interface:/home/psd/psd_ws/install/hardware_interface:/home/psd/psd_ws/install/controller_manager_msgs:/home/psd/psd_ws/install/control_msgs:/opt/ros/humble'), ('PWD', '/home/psd/psd_ws/build/psd_vehicle_description'), ('LC_ALL', 'C.UTF-8'), ('PYTHONPATH', '/home/psd/psd_ws/build/rqt_joint_trajectory_controller:/home/psd/psd_ws/install/rqt_joint_trajectory_controller/lib/python3.10/site-packages:/home/psd/psd_ws/build/rqt_controller_manager:/home/psd/psd_ws/install/rqt_controller_manager/lib/python3.10/site-packages:/home/psd/psd_ws/build/ros2controlcli:/home/psd/psd_ws/install/ros2controlcli/lib/python3.10/site-packages:/home/psd/psd_ws/build/ros2_controllers_test_nodes:/home/psd/psd_ws/install/ros2_controllers_test_nodes/lib/python3.10/site-packages:/home/psd/psd_ws/install/controller_manager/local/lib/python3.10/dist-packages:/home/psd/psd_ws/install/controller_manager_msgs/local/lib/python3.10/dist-packages:/home/psd/psd_ws/install/control_msgs/local/lib/python3.10/dist-packages:/opt/ros/humble/lib/python3.10/site-packages:/opt/ros/humble/local/lib/python3.10/dist-packages'), ('COLCON', '1'), ('CMAKE_PREFIX_PATH', '/home/psd/psd_ws/install/hardware_interface:/home/psd/psd_ws/install/control_msgs:/home/psd/psd_ws/install/ros2_controllers:/home/psd/psd_ws/install/ign_ros2_control_demos:/home/psd/psd_ws/install/gazebo_ros2_control_demos:/home/psd/psd_ws/install/velocity_controllers:/home/psd/psd_ws/install/tricycle_steering_controller:/home/psd/psd_ws/install/tricycle_controller:/home/psd/psd_ws/install/ros2_control_demos:/home/psd/psd_ws/install/ros2_control_demo_example_8:/home/psd/psd_ws/install/ros2_control:/home/psd/psd_ws/install/transmission_interface:/home/psd/psd_ws/install/ros2_control_demo_example_11:/home/psd/psd_ws/install/bicycle_steering_controller:/home/psd/psd_ws/install/ackermann_steering_controller:/home/psd/psd_ws/install/steering_controllers_library:/home/psd/psd_ws/install/ros2_control_demo_example_9:/home/psd/psd_ws/install/ros2_control_demo_example_7:/home/psd/psd_ws/install/ros2_control_demo_example_6:/home/psd/psd_ws/install/ros2_control_demo_example_5:/home/psd/psd_ws/install/ros2_control_demo_example_4:/home/psd/psd_ws/install/ros2_control_demo_example_3:/home/psd/psd_ws/install/ros2_control_demo_example_2:/home/psd/psd_ws/install/ros2_control_demo_example_14:/home/psd/psd_ws/install/ros2_control_demo_example_12:/home/psd/psd_ws/install/ros2_control_demo_example_10:/home/psd/psd_ws/install/ros2_control_demo_example_1:/home/psd/psd_ws/install/gz_ros2_control_tests:/home/psd/psd_ws/install/psd_vehicle_bringup:/home/psd/psd_ws/install/ign_ros2_control:/home/psd/psd_ws/install/hardware_interface_testing:/home/psd/psd_ws/install/gazebo_ros2_control:/home/psd/psd_ws/install/controller_manager:/home/psd/psd_ws/install/ros2_control_test_assets:/home/psd/psd_ws/install/ros2_control_demo_description:/home/psd/psd_ws/install/range_sensor_broadcaster:/home/psd/psd_ws/install/position_controllers:/home/psd/psd_ws/install/admittance_controller:/home/psd/psd_ws/install/joint_trajectory_controller:/home/psd/psd_ws/install/joint_state_broadcaster:/home/psd/psd_ws/install/imu_sensor_broadcaster:/home/psd/psd_ws/install/gripper_controllers:/home/psd/psd_ws/install/effort_controllers:/home/psd/psd_ws/install/forward_command_controller:/home/psd/psd_ws/install/force_torque_sensor_broadcaster:/home/psd/psd_ws/install/diff_drive_controller:/home/psd/psd_ws/install/control_toolbox:/home/psd/psd_ws/install/realtime_tools:/home/psd/psd_ws/install/psd_vehicle_description:/home/psd/psd_ws/install/psd_gazebo_worlds:/home/psd/psd_ws/install/kinematics_interface_kdl:/home/psd/psd_ws/install/kinematics_interface:/home/psd/psd_ws/install/joint_limits:/home/psd/psd_ws/install/controller_interface:/home/psd/psd_ws/install/controller_manager_msgs:/home/psd/psd_ws/install/rqt_joint_trajectory_controller:/home/psd/psd_ws/install/rqt_controller_manager:/home/psd/psd_ws/install/ros2controlcli:/home/psd/psd_ws/install/ros2_controllers_test_nodes:/opt/ros/humble')]), 'shell': False}
[0.086011] (psd_vehicle_description) StdoutLine: {'line': b'-- Install configuration: ""\n'}
[0.086199] (psd_vehicle_description) StdoutLine: {'line': b'-- Execute custom install script\n'}
[0.086407] (psd_vehicle_description) StdoutLine: {'line': b'-- Up-to-date symlink: /home/psd/psd_ws/install/psd_vehicle_description/share/psd_vehicle_description/rviz/psd_vehicle.rviz\n'}
[0.086575] (psd_vehicle_description) StdoutLine: {'line': b'-- Up-to-date symlink: /home/psd/psd_ws/install/psd_vehicle_description/share/psd_vehicle_description/view_psd_vehicle.launch.py\n'}
[0.086757] (psd_vehicle_description) StdoutLine: {'line': b'-- Up-to-date symlink: /home/psd/psd_ws/install/psd_vehicle_description/share/psd_vehicle_description/meshes/collision/base_link.stl\n'}
[0.086827] (psd_vehicle_description) StdoutLine: {'line': b'-- Up-to-date symlink: /home/psd/psd_ws/install/psd_vehicle_description/share/psd_vehicle_description/meshes/collision/link_FL_1.stl\n'}
[0.086873] (psd_vehicle_description) StdoutLine: {'line': b'-- Up-to-date symlink: /home/psd/psd_ws/install/psd_vehicle_description/share/psd_vehicle_description/meshes/collision/link_FR_1.stl\n'}
[0.086916] (psd_vehicle_description) StdoutLine: {'line': b'-- Up-to-date symlink: /home/psd/psd_ws/install/psd_vehicle_description/share/psd_vehicle_description/meshes/collision/link_RL_1.stl\n'}
[0.086944] (psd_vehicle_description) StdoutLine: {'line': b'-- Up-to-date symlink: /home/psd/psd_ws/install/psd_vehicle_description/share/psd_vehicle_description/meshes/collision/link_RR_1.stl\n'}
[0.086985] (psd_vehicle_description) StdoutLine: {'line': b'-- Up-to-date symlink: /home/psd/psd_ws/install/psd_vehicle_description/share/psd_vehicle_description/meshes/collision/perno_FL_1.stl\n'}
[0.087011] (psd_vehicle_description) StdoutLine: {'line': b'-- Up-to-date symlink: /home/psd/psd_ws/install/psd_vehicle_description/share/psd_vehicle_description/meshes/collision/perno_FR_1.stl\n'}
[0.087046] (psd_vehicle_description) StdoutLine: {'line': b'-- Up-to-date symlink: /home/psd/psd_ws/install/psd_vehicle_description/share/psd_vehicle_description/meshes/collision/tyre_FL_1.stl\n'}
[0.087080] (psd_vehicle_description) StdoutLine: {'line': b'-- Up-to-date symlink: /home/psd/psd_ws/install/psd_vehicle_description/share/psd_vehicle_description/meshes/collision/tyre_FR_1.stl\n'}
[0.087121] (psd_vehicle_description) StdoutLine: {'line': b'-- Up-to-date symlink: /home/psd/psd_ws/install/psd_vehicle_description/share/psd_vehicle_description/meshes/collision/tyre_RL_1.stl\n'}
[0.087165] (psd_vehicle_description) StdoutLine: {'line': b'-- Up-to-date symlink: /home/psd/psd_ws/install/psd_vehicle_description/share/psd_vehicle_description/meshes/collision/tyre_RR_1.stl\n'}
[0.087213] (psd_vehicle_description) StdoutLine: {'line': b'-- Up-to-date symlink: /home/psd/psd_ws/install/psd_vehicle_description/share/psd_vehicle_description/meshes/components/camera_mount_bot.dae\n'}
[0.087258] (psd_vehicle_description) StdoutLine: {'line': b'-- Up-to-date symlink: /home/psd/psd_ws/install/psd_vehicle_description/share/psd_vehicle_description/meshes/components/camera_mount_mid.dae\n'}
[0.087302] (psd_vehicle_description) StdoutLine: {'line': b'-- Up-to-date symlink: /home/psd/psd_ws/install/psd_vehicle_description/share/psd_vehicle_description/meshes/components/camera_mount_top.dae\n'}
[0.087348] (psd_vehicle_description) StdoutLine: {'line': b'-- Up-to-date symlink: /home/psd/psd_ws/install/psd_vehicle_description/share/psd_vehicle_description/meshes/visual/base_link.dae\n'}
[0.087393] (psd_vehicle_description) StdoutLine: {'line': b'-- Up-to-date symlink: /home/psd/psd_ws/install/psd_vehicle_description/share/psd_vehicle_description/meshes/visual/base_link.stl\n'}
[0.087438] (psd_vehicle_description) StdoutLine: {'line': b'-- Up-to-date symlink: /home/psd/psd_ws/install/psd_vehicle_description/share/psd_vehicle_description/meshes/visual/link_FL_1.stl\n'}
[0.087482] (psd_vehicle_description) StdoutLine: {'line': b'-- Up-to-date symlink: /home/psd/psd_ws/install/psd_vehicle_description/share/psd_vehicle_description/meshes/visual/link_FR_1.stl\n'}
[0.087546] (psd_vehicle_description) StdoutLine: {'line': b'-- Up-to-date symlink: /home/psd/psd_ws/install/psd_vehicle_description/share/psd_vehicle_description/meshes/visual/link_RL_1.stl\n'}
[0.087578] (psd_vehicle_description) StdoutLine: {'line': b'-- Up-to-date symlink: /home/psd/psd_ws/install/psd_vehicle_description/share/psd_vehicle_description/meshes/visual/link_RR_1.stl\n'}
[0.087612] (psd_vehicle_description) StdoutLine: {'line': b'-- Up-to-date symlink: /home/psd/psd_ws/install/psd_vehicle_description/share/psd_vehicle_description/meshes/visual/link_fl_1.dae\n'}
[0.087656] (psd_vehicle_description) StdoutLine: {'line': b'-- Up-to-date symlink: /home/psd/psd_ws/install/psd_vehicle_description/share/psd_vehicle_description/meshes/visual/link_fr_1.dae\n'}
[0.087700] (psd_vehicle_description) StdoutLine: {'line': b'-- Up-to-date symlink: /home/psd/psd_ws/install/psd_vehicle_description/share/psd_vehicle_description/meshes/visual/link_rl_1.dae\n'}
[0.087744] (psd_vehicle_description) StdoutLine: {'line': b'-- Up-to-date symlink: /home/psd/psd_ws/install/psd_vehicle_description/share/psd_vehicle_description/meshes/visual/link_rr_1.dae\n'}
[0.087788] (psd_vehicle_description) StdoutLine: {'line': b'-- Up-to-date symlink: /home/psd/psd_ws/install/psd_vehicle_description/share/psd_vehicle_description/meshes/visual/perno_FL_1.stl\n'}
[0.087832] (psd_vehicle_description) StdoutLine: {'line': b'-- Up-to-date symlink: /home/psd/psd_ws/install/psd_vehicle_description/share/psd_vehicle_description/meshes/visual/perno_FR_1.stl\n'}
[0.087876] (psd_vehicle_description) StdoutLine: {'line': b'-- Up-to-date symlink: /home/psd/psd_ws/install/psd_vehicle_description/share/psd_vehicle_description/meshes/visual/perno_fl_1.dae\n'}
[0.087921] (psd_vehicle_description) StdoutLine: {'line': b'-- Up-to-date symlink: /home/psd/psd_ws/install/psd_vehicle_description/share/psd_vehicle_description/meshes/visual/perno_fr_1.dae\n'}
[0.087964] (psd_vehicle_description) StdoutLine: {'line': b'-- Up-to-date symlink: /home/psd/psd_ws/install/psd_vehicle_description/share/psd_vehicle_description/meshes/visual/tyre_FL_1.stl\n'}
[0.088009] (psd_vehicle_description) StdoutLine: {'line': b'-- Up-to-date symlink: /home/psd/psd_ws/install/psd_vehicle_description/share/psd_vehicle_description/meshes/visual/tyre_FR_1.stl\n'}
[0.088057] (psd_vehicle_description) StdoutLine: {'line': b'-- Up-to-date symlink: /home/psd/psd_ws/install/psd_vehicle_description/share/psd_vehicle_description/meshes/visual/tyre_RL_1.stl\n'}
[0.088130] (psd_vehicle_description) StdoutLine: {'line': b'-- Up-to-date symlink: /home/psd/psd_ws/install/psd_vehicle_description/share/psd_vehicle_description/meshes/visual/tyre_RR_1.stl\n'}
[0.088175] (psd_vehicle_description) StdoutLine: {'line': b'-- Up-to-date symlink: /home/psd/psd_ws/install/psd_vehicle_description/share/psd_vehicle_description/meshes/visual/tyre_fl_1.dae\n'}
[0.088222] (psd_vehicle_description) StdoutLine: {'line': b'-- Up-to-date symlink: /home/psd/psd_ws/install/psd_vehicle_description/share/psd_vehicle_description/meshes/visual/tyre_fr_1.dae\n'}
[0.088269] (psd_vehicle_description) StdoutLine: {'line': b'-- Up-to-date symlink: /home/psd/psd_ws/install/psd_vehicle_description/share/psd_vehicle_description/meshes/visual/tyre_rl_1.dae\n'}
[0.088317] (psd_vehicle_description) StdoutLine: {'line': b'-- Up-to-date symlink: /home/psd/psd_ws/install/psd_vehicle_description/share/psd_vehicle_description/meshes/visual/tyre_rr_1.dae\n'}
[0.088460] (psd_vehicle_description) StdoutLine: {'line': b'-- Up-to-date symlink: /home/psd/psd_ws/install/psd_vehicle_description/share/psd_vehicle_description/urdf/components/camera_mount.urdf.xacro\n'}
[0.088507] (psd_vehicle_description) StdoutLine: {'line': b'-- Up-to-date symlink: /home/psd/psd_ws/install/psd_vehicle_description/share/psd_vehicle_description/urdf/materials.xacro\n'}
[0.088552] (psd_vehicle_description) StdoutLine: {'line': b'-- Up-to-date symlink: /home/psd/psd_ws/install/psd_vehicle_description/share/psd_vehicle_description/urdf/psd_vehicle.urdf.xacro\n'}
[0.088597] (psd_vehicle_description) StdoutLine: {'line': b'-- Up-to-date symlink: /home/psd/psd_ws/install/psd_vehicle_description/share/psd_vehicle_description/urdf/psd_vehicle_macro.ros2_control.xacro\n'}
[0.088641] (psd_vehicle_description) StdoutLine: {'line': b'-- Up-to-date symlink: /home/psd/psd_ws/install/psd_vehicle_description/share/psd_vehicle_description/urdf/psd_vehicle_macro.urdf.xacro\n'}
[0.088730] (psd_vehicle_description) StdoutLine: {'line': b'-- Up-to-date symlink: /home/psd/psd_ws/install/psd_vehicle_description/share/ament_index/resource_index/package_run_dependencies/psd_vehicle_description\n'}
[0.088808] (psd_vehicle_description) StdoutLine: {'line': b'-- Up-to-date symlink: /home/psd/psd_ws/install/psd_vehicle_description/share/ament_index/resource_index/parent_prefix_path/psd_vehicle_description\n'}
[0.088884] (psd_vehicle_description) StdoutLine: {'line': b'-- Up-to-date symlink: /home/psd/psd_ws/install/psd_vehicle_description/share/psd_vehicle_description/environment/ament_prefix_path.sh\n'}
[0.088951] (psd_vehicle_description) StdoutLine: {'line': b'-- Up-to-date symlink: /home/psd/psd_ws/install/psd_vehicle_description/share/psd_vehicle_description/environment/ament_prefix_path.dsv\n'}
[0.089020] (psd_vehicle_description) StdoutLine: {'line': b'-- Up-to-date symlink: /home/psd/psd_ws/install/psd_vehicle_description/share/psd_vehicle_description/environment/path.sh\n'}
[0.089086] (psd_vehicle_description) StdoutLine: {'line': b'-- Up-to-date symlink: /home/psd/psd_ws/install/psd_vehicle_description/share/psd_vehicle_description/environment/path.dsv\n'}
[0.089151] (psd_vehicle_description) StdoutLine: {'line': b'-- Up-to-date symlink: /home/psd/psd_ws/install/psd_vehicle_description/share/psd_vehicle_description/local_setup.bash\n'}
[0.089215] (psd_vehicle_description) StdoutLine: {'line': b'-- Up-to-date symlink: /home/psd/psd_ws/install/psd_vehicle_description/share/psd_vehicle_description/local_setup.sh\n'}
[0.089276] (psd_vehicle_description) StdoutLine: {'line': b'-- Up-to-date symlink: /home/psd/psd_ws/install/psd_vehicle_description/share/psd_vehicle_description/local_setup.zsh\n'}
[0.089337] (psd_vehicle_description) StdoutLine: {'line': b'-- Up-to-date symlink: /home/psd/psd_ws/install/psd_vehicle_description/share/psd_vehicle_description/local_setup.dsv\n'}
[0.089383] (psd_vehicle_description) StdoutLine: {'line': b'-- Symlinking: /home/psd/psd_ws/install/psd_vehicle_description/share/psd_vehicle_description/package.dsv\n'}
[0.095859] (psd_vehicle_description) StdoutLine: {'line': b'-- Up-to-date symlink: /home/psd/psd_ws/install/psd_vehicle_description/share/ament_index/resource_index/packages/psd_vehicle_description\n'}
[0.095897] (psd_vehicle_description) StdoutLine: {'line': b'-- Up-to-date symlink: /home/psd/psd_ws/install/psd_vehicle_description/share/psd_vehicle_description/cmake/psd_vehicle_descriptionConfig.cmake\n'}
[0.095932] (psd_vehicle_description) StdoutLine: {'line': b'-- Up-to-date symlink: /home/psd/psd_ws/install/psd_vehicle_description/share/psd_vehicle_description/cmake/psd_vehicle_descriptionConfig-version.cmake\n'}
[0.095973] (psd_vehicle_description) StdoutLine: {'line': b'-- Up-to-date symlink: /home/psd/psd_ws/install/psd_vehicle_description/share/psd_vehicle_description/package.xml\n'}
[0.097185] (psd_vehicle_description) CommandEnded: {'returncode': 0}
[0.099836] (-) TimerEvent: {}
[0.132622] (psd_vehicle_description) JobEnded: {'identifier': 'psd_vehicle_description', 'rc': 0}
[0.133326] (-) EventReactorShutdown: {}
