[0.008s] Invoking command in '/home/ubuntu/psd_ws/build/psd_gazebo_worlds': CMAKE_PREFIX_PATH=${CMAKE_PREFIX_PATH}:/opt/ros/jazzy /usr/bin/cmake /home/ubuntu/psd_ws/src/psd_gazebo_worlds -DCMAKE_INSTALL_PREFIX=/home/ubuntu/psd_ws/install/psd_gazebo_worlds
[0.045s] -- The C compiler identification is GNU 13.2.0
[0.086s] -- The CXX compiler identification is GNU 13.2.0
[0.097s] -- Detecting C compiler ABI info
[0.153s] -- Detecting C compiler ABI info - done
[0.159s] -- Check for working C compiler: /usr/bin/cc - skipped
[0.159s] -- Detecting C compile features
[0.159s] -- Detecting C compile features - done
[0.165s] -- Detecting CXX compiler ABI info
[0.233s] -- Detecting CXX compiler ABI info - done
[0.240s] -- Check for working CXX compiler: /usr/bin/c++ - skipped
[0.240s] -- Detecting CXX compile features
[0.240s] -- Detecting CXX compile features - done
[0.248s] -- Found ament_cmake: 2.5.0 (/opt/ros/jazzy/share/ament_cmake/cmake)
[0.372s] -- Found Python3: /usr/bin/python3 (found version "3.12.3") found components: Interpreter 
[0.512s] -- Found rclcpp: 28.1.2 (/opt/ros/jazzy/share/rclcpp/cmake)
[0.585s] -- Found rosidl_generator_c: 4.6.2 (/opt/ros/jazzy/share/rosidl_generator_c/cmake)
[0.609s] -- Found rosidl_generator_cpp: 4.6.2 (/opt/ros/jazzy/share/rosidl_generator_cpp/cmake)
[0.633s] -- Using all available rosidl_typesupport_c: rosidl_typesupport_fastrtps_c;rosidl_typesupport_introspection_c
[0.659s] -- Using all available rosidl_typesupport_cpp: rosidl_typesupport_fastrtps_cpp;rosidl_typesupport_introspection_cpp
[0.762s] -- Found rmw_implementation_cmake: 7.3.1 (/opt/ros/jazzy/share/rmw_implementation_cmake/cmake)
[0.768s] -- Found rmw_fastrtps_cpp: 8.4.0 (/opt/ros/jazzy/share/rmw_fastrtps_cpp/cmake)
[0.857s] -- Found OpenSSL: /usr/lib/x86_64-linux-gnu/libcrypto.so (found version "3.0.13")  
[0.870s] -- Found FastRTPS: /opt/ros/jazzy/include (Required is at least version "2.13") 
[0.887s] -- Using RMW implementation 'rmw_fastrtps_cpp' as default
[1.043s] -- Configuring done (1.0s)
[1.046s] -- Generating done (0.0s)
[1.047s] -- Build files have been written to: /home/ubuntu/psd_ws/build/psd_gazebo_worlds
[1.052s] Invoked command in '/home/ubuntu/psd_ws/build/psd_gazebo_worlds' returned '0': CMAKE_PREFIX_PATH=${CMAKE_PREFIX_PATH}:/opt/ros/jazzy /usr/bin/cmake /home/ubuntu/psd_ws/src/psd_gazebo_worlds -DCMAKE_INSTALL_PREFIX=/home/ubuntu/psd_ws/install/psd_gazebo_worlds
[1.052s] Invoking command in '/home/ubuntu/psd_ws/build/psd_gazebo_worlds': CMAKE_PREFIX_PATH=${CMAKE_PREFIX_PATH}:/opt/ros/jazzy /usr/bin/cmake --build /home/ubuntu/psd_ws/build/psd_gazebo_worlds -- -j20 -l20
[1.082s] Invoked command in '/home/ubuntu/psd_ws/build/psd_gazebo_worlds' returned '0': CMAKE_PREFIX_PATH=${CMAKE_PREFIX_PATH}:/opt/ros/jazzy /usr/bin/cmake --build /home/ubuntu/psd_ws/build/psd_gazebo_worlds -- -j20 -l20
[1.098s] Invoking command in '/home/ubuntu/psd_ws/build/psd_gazebo_worlds': CMAKE_PREFIX_PATH=${CMAKE_PREFIX_PATH}:/opt/ros/jazzy /usr/bin/cmake --install /home/ubuntu/psd_ws/build/psd_gazebo_worlds
[1.104s] -- Install configuration: ""
[1.104s] -- Installing: /home/ubuntu/psd_ws/install/psd_gazebo_worlds/share/psd_gazebo_worlds
[1.104s] -- Installing: /home/ubuntu/psd_ws/install/psd_gazebo_worlds/share/psd_gazebo_worlds/worlds/
[1.104s] -- Installing: /home/ubuntu/psd_ws/install/psd_gazebo_worlds/share/psd_gazebo_worlds/worlds//random.sdf
[1.104s] -- Installing: /home/ubuntu/psd_ws/install/psd_gazebo_worlds/share/psd_gazebo_worlds/worlds//track.sdf
[1.104s] -- Installing: /home/ubuntu/psd_ws/install/psd_gazebo_worlds/share/psd_gazebo_worlds/worlds//track_creator.py
[1.104s] -- Installing: /home/ubuntu/psd_ws/install/psd_gazebo_worlds/share/psd_gazebo_worlds/worlds//models
[1.104s] -- Installing: /home/ubuntu/psd_ws/install/psd_gazebo_worlds/share/psd_gazebo_worlds/worlds//models/cone
[1.104s] -- Installing: /home/ubuntu/psd_ws/install/psd_gazebo_worlds/share/psd_gazebo_worlds/worlds//models/cone/model.config
[1.104s] -- Installing: /home/ubuntu/psd_ws/install/psd_gazebo_worlds/share/psd_gazebo_worlds/worlds//models/cone/meshes
[1.104s] -- Installing: /home/ubuntu/psd_ws/install/psd_gazebo_worlds/share/psd_gazebo_worlds/worlds//models/cone/meshes/cone.dae
[1.104s] -- Installing: /home/ubuntu/psd_ws/install/psd_gazebo_worlds/share/psd_gazebo_worlds/worlds//models/cone/meshes/cone.stl
[1.105s] -- Installing: /home/ubuntu/psd_ws/install/psd_gazebo_worlds/share/psd_gazebo_worlds/worlds//models/cone/model.sdf
[1.105s] -- Installing: /home/ubuntu/psd_ws/install/psd_gazebo_worlds/share/psd_gazebo_worlds/worlds//models/blue_cone
[1.105s] -- Installing: /home/ubuntu/psd_ws/install/psd_gazebo_worlds/share/psd_gazebo_worlds/worlds//models/yellow_cone
[1.105s] -- Installing: /home/ubuntu/psd_ws/install/psd_gazebo_worlds/share/ament_index/resource_index/package_run_dependencies/psd_gazebo_worlds
[1.105s] -- Installing: /home/ubuntu/psd_ws/install/psd_gazebo_worlds/share/ament_index/resource_index/parent_prefix_path/psd_gazebo_worlds
[1.105s] -- Installing: /home/ubuntu/psd_ws/install/psd_gazebo_worlds/share/psd_gazebo_worlds/environment/ament_prefix_path.sh
[1.105s] -- Installing: /home/ubuntu/psd_ws/install/psd_gazebo_worlds/share/psd_gazebo_worlds/environment/ament_prefix_path.dsv
[1.105s] -- Installing: /home/ubuntu/psd_ws/install/psd_gazebo_worlds/share/psd_gazebo_worlds/environment/path.sh
[1.105s] -- Installing: /home/ubuntu/psd_ws/install/psd_gazebo_worlds/share/psd_gazebo_worlds/environment/path.dsv
[1.105s] -- Installing: /home/ubuntu/psd_ws/install/psd_gazebo_worlds/share/psd_gazebo_worlds/local_setup.bash
[1.105s] -- Installing: /home/ubuntu/psd_ws/install/psd_gazebo_worlds/share/psd_gazebo_worlds/local_setup.sh
[1.105s] -- Installing: /home/ubuntu/psd_ws/install/psd_gazebo_worlds/share/psd_gazebo_worlds/local_setup.zsh
[1.105s] -- Installing: /home/ubuntu/psd_ws/install/psd_gazebo_worlds/share/psd_gazebo_worlds/local_setup.dsv
[1.106s] -- Installing: /home/ubuntu/psd_ws/install/psd_gazebo_worlds/share/psd_gazebo_worlds/package.dsv
[1.106s] -- Installing: /home/ubuntu/psd_ws/install/psd_gazebo_worlds/share/ament_index/resource_index/packages/psd_gazebo_worlds
[1.106s] -- Installing: /home/ubuntu/psd_ws/install/psd_gazebo_worlds/share/psd_gazebo_worlds/cmake/psd_gazebo_worldsConfig.cmake
[1.106s] -- Installing: /home/ubuntu/psd_ws/install/psd_gazebo_worlds/share/psd_gazebo_worlds/cmake/psd_gazebo_worldsConfig-version.cmake
[1.106s] -- Installing: /home/ubuntu/psd_ws/install/psd_gazebo_worlds/share/psd_gazebo_worlds/package.xml
[1.107s] Invoked command in '/home/ubuntu/psd_ws/build/psd_gazebo_worlds' returned '0': CMAKE_PREFIX_PATH=${CMAKE_PREFIX_PATH}:/opt/ros/jazzy /usr/bin/cmake --install /home/ubuntu/psd_ws/build/psd_gazebo_worlds
