[0.035s] Invoking command in '/psd_ws/build/psd_vehicle_interfaces': CMAKE_PREFIX_PATH=${CMAKE_PREFIX_PATH}:/opt/ros/humble /usr/bin/cmake /psd_ws/src/psd_vehicle_interfaces -DCMAKE_INSTALL_PREFIX=/psd_ws/install/psd_vehicle_interfaces
[0.086s] -- The C compiler identification is GNU 11.4.0
[0.130s] -- The CXX compiler identification is GNU 11.4.0
[0.136s] -- Detecting C compiler ABI info
[0.188s] -- Detecting C compiler ABI info - done
[0.193s] -- Check for working C compiler: /usr/bin/cc - skipped
[0.194s] -- Detecting C compile features
[0.194s] -- Detecting C compile features - done
[0.196s] -- Detecting CXX compiler ABI info
[0.261s] -- Detecting CXX compiler ABI info - done
[0.268s] -- Check for working CXX compiler: /usr/bin/c++ - skipped
[0.269s] -- Detecting CXX compile features
[0.269s] -- Detecting CXX compile features - done
[0.271s] -- Found ament_cmake: 1.3.8 (/opt/ros/humble/share/ament_cmake/cmake)
[0.391s] -- Found Python3: /usr/bin/python3 (found version "3.10.12") found components: Interpreter 
[0.479s] -- Found geometry_msgs: 4.2.3 (/opt/ros/humble/share/geometry_msgs/cmake)
[0.519s] -- Found rosidl_generator_c: 3.1.5 (/opt/ros/humble/share/rosidl_generator_c/cmake)
[0.524s] -- Found rosidl_adapter: 3.1.5 (/opt/ros/humble/share/rosidl_adapter/cmake)
[0.531s] -- Found rosidl_generator_cpp: 3.1.5 (/opt/ros/humble/share/rosidl_generator_cpp/cmake)
[0.545s] -- Using all available rosidl_typesupport_c: rosidl_typesupport_fastrtps_c;rosidl_typesupport_introspection_c
[0.563s] -- Using all available rosidl_typesupport_cpp: rosidl_typesupport_fastrtps_cpp;rosidl_typesupport_introspection_cpp
[0.669s] -- Found rosidl_default_generators: 1.2.0 (/opt/ros/humble/share/rosidl_default_generators/cmake)
[0.885s] -- Found ament_cmake_ros: 0.10.0 (/opt/ros/humble/share/ament_cmake_ros/cmake)
[1.204s] -- Using all available rosidl_typesupport_c: rosidl_typesupport_fastrtps_c;rosidl_typesupport_introspection_c
[1.324s] -- Using all available rosidl_typesupport_cpp: rosidl_typesupport_fastrtps_cpp;rosidl_typesupport_introspection_cpp
[1.343s] -- Found PythonInterp: /usr/bin/python3 (found suitable version "3.10.12", minimum required is "3.6") 
[1.345s] -- Found python_cmake_module: 0.10.0 (/opt/ros/humble/share/python_cmake_module/cmake)
[1.362s] -- Found PythonLibs: /usr/lib/x86_64-linux-gnu/libpython3.10.so (found suitable version "3.10.12", minimum required is "3.5") 
[1.362s] -- Using PYTHON_EXECUTABLE: /usr/bin/python3
[1.363s] -- Using PYTHON_INCLUDE_DIRS: /usr/include/python3.10
[1.363s] -- Using PYTHON_LIBRARIES: /usr/lib/x86_64-linux-gnu/libpython3.10.so
[1.379s] -- Found PythonExtra: .so  
[1.423s] -- Found ament_lint_auto: 0.12.10 (/opt/ros/humble/share/ament_lint_auto/cmake)
[1.440s] -- Added test 'lint_cmake' to check CMake code style
[1.441s] -- Added test 'xmllint' to check XML markup files
[1.442s] -- Configuring done
[1.467s] -- Generating done
[1.470s] -- Build files have been written to: /psd_ws/build/psd_vehicle_interfaces
[1.475s] Invoked command in '/psd_ws/build/psd_vehicle_interfaces' returned '0': CMAKE_PREFIX_PATH=${CMAKE_PREFIX_PATH}:/opt/ros/humble /usr/bin/cmake /psd_ws/src/psd_vehicle_interfaces -DCMAKE_INSTALL_PREFIX=/psd_ws/install/psd_vehicle_interfaces
[1.476s] Invoking command in '/psd_ws/build/psd_vehicle_interfaces': CMAKE_PREFIX_PATH=${CMAKE_PREFIX_PATH}:/opt/ros/humble /usr/bin/cmake --build /psd_ws/build/psd_vehicle_interfaces -- -j20 -l20
[1.507s] [  3%] [34m[1mGenerating C code for ROS interfaces[0m
[1.514s] [  6%] [34m[1mGenerating C++ code for ROS interfaces[0m
[1.521s] [  6%] Built target ament_cmake_python_copy_psd_vehicle_interfaces
[1.686s] running egg_info
[1.686s] creating psd_vehicle_interfaces.egg-info
[1.686s] writing psd_vehicle_interfaces.egg-info/PKG-INFO
[1.686s] writing dependency_links to psd_vehicle_interfaces.egg-info/dependency_links.txt
[1.686s] writing top-level names to psd_vehicle_interfaces.egg-info/top_level.txt
[1.686s] writing manifest file 'psd_vehicle_interfaces.egg-info/SOURCES.txt'
[1.688s] reading manifest file 'psd_vehicle_interfaces.egg-info/SOURCES.txt'
[1.688s] writing manifest file 'psd_vehicle_interfaces.egg-info/SOURCES.txt'
[1.703s] [  6%] Built target psd_vehicle_interfaces__cpp
[1.707s] [  9%] [32mBuilding C object CMakeFiles/psd_vehicle_interfaces__rosidl_generator_c.dir/rosidl_generator_c/psd_vehicle_interfaces/msg/detail/obstacle_info__functions.c.o[0m
[1.709s] [  9%] Built target ament_cmake_python_build_psd_vehicle_interfaces_egg
[1.712s] [ 12%] [34m[1mGenerating C++ type support dispatch for ROS interfaces[0m
[1.712s] [ 16%] [34m[1mGenerating C++ introspection for ROS interfaces[0m
[1.712s] [ 19%] [34m[1mGenerating C++ type support for eProsima Fast-RTPS[0m
[1.749s] [ 22%] [32m[1mLinking C shared library libpsd_vehicle_interfaces__rosidl_generator_c.so[0m
[1.780s] [ 22%] Built target psd_vehicle_interfaces__rosidl_generator_c
[1.788s] [ 25%] [34m[1mGenerating C type support for eProsima Fast-RTPS[0m
[1.791s] [ 32%] [34m[1mGenerating C introspection for ROS interfaces[0m
[1.791s] [ 29%] [34m[1mGenerating C type support dispatch for ROS interfaces[0m
[1.888s] [ 35%] [32mBuilding CXX object CMakeFiles/psd_vehicle_interfaces__rosidl_typesupport_cpp.dir/rosidl_typesupport_cpp/psd_vehicle_interfaces/msg/obstacle_info__type_support.cpp.o[0m
[1.897s] [ 38%] [32mBuilding CXX object CMakeFiles/psd_vehicle_interfaces__rosidl_typesupport_introspection_cpp.dir/rosidl_typesupport_introspection_cpp/psd_vehicle_interfaces/msg/detail/obstacle_info__type_support.cpp.o[0m
[1.904s] [ 41%] [32mBuilding CXX object CMakeFiles/psd_vehicle_interfaces__rosidl_typesupport_fastrtps_cpp.dir/rosidl_typesupport_fastrtps_cpp/psd_vehicle_interfaces/msg/detail/dds_fastrtps/obstacle_info__type_support.cpp.o[0m
[1.973s] [ 45%] [32mBuilding CXX object CMakeFiles/psd_vehicle_interfaces__rosidl_typesupport_c.dir/rosidl_typesupport_c/psd_vehicle_interfaces/msg/obstacle_info__type_support.cpp.o[0m
[1.990s] [ 48%] [32mBuilding CXX object CMakeFiles/psd_vehicle_interfaces__rosidl_typesupport_fastrtps_c.dir/rosidl_typesupport_fastrtps_c/psd_vehicle_interfaces/msg/detail/obstacle_info__type_support_c.cpp.o[0m
[2.005s] [ 51%] [32m[1mLinking CXX shared library libpsd_vehicle_interfaces__rosidl_typesupport_c.so[0m
[2.006s] [ 54%] [32mBuilding C object CMakeFiles/psd_vehicle_interfaces__rosidl_typesupport_introspection_c.dir/rosidl_typesupport_introspection_c/psd_vehicle_interfaces/msg/detail/obstacle_info__type_support.c.o[0m
[2.036s] [ 58%] [32m[1mLinking C shared library libpsd_vehicle_interfaces__rosidl_typesupport_introspection_c.so[0m
[2.038s] [ 58%] Built target psd_vehicle_interfaces__rosidl_typesupport_c
[2.062s] [ 58%] Built target psd_vehicle_interfaces__rosidl_typesupport_introspection_c
[2.198s] [ 61%] [32m[1mLinking CXX shared library libpsd_vehicle_interfaces__rosidl_typesupport_cpp.so[0m
[2.210s] [ 64%] [32m[1mLinking CXX shared library libpsd_vehicle_interfaces__rosidl_typesupport_fastrtps_cpp.so[0m
[2.214s] [ 67%] [32m[1mLinking CXX shared library libpsd_vehicle_interfaces__rosidl_typesupport_introspection_cpp.so[0m
[2.234s] [ 67%] Built target psd_vehicle_interfaces__rosidl_typesupport_cpp
[2.267s] [ 70%] [32m[1mLinking CXX shared library libpsd_vehicle_interfaces__rosidl_typesupport_fastrtps_c.so[0m
[2.270s] [ 70%] Built target psd_vehicle_interfaces__rosidl_typesupport_introspection_cpp
[2.274s] [ 70%] Built target psd_vehicle_interfaces__rosidl_typesupport_fastrtps_cpp
[2.326s] [ 70%] Built target psd_vehicle_interfaces__rosidl_typesupport_fastrtps_c
[2.341s] [ 70%] Built target psd_vehicle_interfaces
[2.358s] [ 74%] [34m[1mGenerating Python code for ROS interfaces[0m
[2.581s] [ 74%] Built target psd_vehicle_interfaces__py
[2.597s] [ 77%] [32mBuilding C object CMakeFiles/psd_vehicle_interfaces__rosidl_generator_py.dir/rosidl_generator_py/psd_vehicle_interfaces/msg/_obstacle_info_s.c.o[0m
[2.677s] [ 80%] [32m[1mLinking C shared library rosidl_generator_py/psd_vehicle_interfaces/libpsd_vehicle_interfaces__rosidl_generator_py.so[0m
[2.710s] [ 80%] Built target psd_vehicle_interfaces__rosidl_generator_py
[2.724s] [ 83%] [32mBuilding C object CMakeFiles/psd_vehicle_interfaces__rosidl_typesupport_fastrtps_c__pyext.dir/rosidl_generator_py/psd_vehicle_interfaces/_psd_vehicle_interfaces_s.ep.rosidl_typesupport_fastrtps_c.c.o[0m
[2.724s] [ 87%] [32mBuilding C object CMakeFiles/psd_vehicle_interfaces__rosidl_typesupport_introspection_c__pyext.dir/rosidl_generator_py/psd_vehicle_interfaces/_psd_vehicle_interfaces_s.ep.rosidl_typesupport_introspection_c.c.o[0m
[2.729s] [ 90%] [32mBuilding C object CMakeFiles/psd_vehicle_interfaces__rosidl_typesupport_c__pyext.dir/rosidl_generator_py/psd_vehicle_interfaces/_psd_vehicle_interfaces_s.ep.rosidl_typesupport_c.c.o[0m
[2.800s] [ 93%] [32m[1mLinking C shared library rosidl_generator_py/psd_vehicle_interfaces/psd_vehicle_interfaces_s__rosidl_typesupport_fastrtps_c.cpython-310-x86_64-linux-gnu.so[0m
[2.800s] [ 96%] [32m[1mLinking C shared library rosidl_generator_py/psd_vehicle_interfaces/psd_vehicle_interfaces_s__rosidl_typesupport_introspection_c.cpython-310-x86_64-linux-gnu.so[0m
[2.807s] [100%] [32m[1mLinking C shared library rosidl_generator_py/psd_vehicle_interfaces/psd_vehicle_interfaces_s__rosidl_typesupport_c.cpython-310-x86_64-linux-gnu.so[0m
[2.833s] [100%] Built target psd_vehicle_interfaces__rosidl_typesupport_introspection_c__pyext
[2.838s] [100%] Built target psd_vehicle_interfaces__rosidl_typesupport_c__pyext
[2.839s] [100%] Built target psd_vehicle_interfaces__rosidl_typesupport_fastrtps_c__pyext
[2.848s] Invoked command in '/psd_ws/build/psd_vehicle_interfaces' returned '0': CMAKE_PREFIX_PATH=${CMAKE_PREFIX_PATH}:/opt/ros/humble /usr/bin/cmake --build /psd_ws/build/psd_vehicle_interfaces -- -j20 -l20
[2.900s] Invoking command in '/psd_ws/build/psd_vehicle_interfaces': CMAKE_PREFIX_PATH=${CMAKE_PREFIX_PATH}:/opt/ros/humble /usr/bin/cmake --install /psd_ws/build/psd_vehicle_interfaces
[2.906s] -- Install configuration: ""
[2.907s] -- Installing: /psd_ws/install/psd_vehicle_interfaces/share/ament_index/resource_index/rosidl_interfaces/psd_vehicle_interfaces
[2.907s] -- Installing: /psd_ws/install/psd_vehicle_interfaces/include/psd_vehicle_interfaces/psd_vehicle_interfaces
[2.907s] -- Installing: /psd_ws/install/psd_vehicle_interfaces/include/psd_vehicle_interfaces/psd_vehicle_interfaces/msg
[2.907s] -- Installing: /psd_ws/install/psd_vehicle_interfaces/include/psd_vehicle_interfaces/psd_vehicle_interfaces/msg/detail
[2.907s] -- Installing: /psd_ws/install/psd_vehicle_interfaces/include/psd_vehicle_interfaces/psd_vehicle_interfaces/msg/detail/obstacle_info__type_support.h
[2.907s] -- Installing: /psd_ws/install/psd_vehicle_interfaces/include/psd_vehicle_interfaces/psd_vehicle_interfaces/msg/detail/obstacle_info__struct.h
[2.907s] -- Installing: /psd_ws/install/psd_vehicle_interfaces/include/psd_vehicle_interfaces/psd_vehicle_interfaces/msg/detail/obstacle_info__functions.h
[2.907s] -- Installing: /psd_ws/install/psd_vehicle_interfaces/include/psd_vehicle_interfaces/psd_vehicle_interfaces/msg/detail/obstacle_info__functions.c
[2.907s] -- Installing: /psd_ws/install/psd_vehicle_interfaces/include/psd_vehicle_interfaces/psd_vehicle_interfaces/msg/rosidl_generator_c__visibility_control.h
[2.907s] -- Installing: /psd_ws/install/psd_vehicle_interfaces/include/psd_vehicle_interfaces/psd_vehicle_interfaces/msg/obstacle_info.h
[2.907s] -- Installing: /psd_ws/install/psd_vehicle_interfaces/share/psd_vehicle_interfaces/environment/library_path.sh
[2.908s] -- Installing: /psd_ws/install/psd_vehicle_interfaces/share/psd_vehicle_interfaces/environment/library_path.dsv
[2.908s] -- Installing: /psd_ws/install/psd_vehicle_interfaces/lib/libpsd_vehicle_interfaces__rosidl_generator_c.so
[2.908s] -- Set runtime path of "/psd_ws/install/psd_vehicle_interfaces/lib/libpsd_vehicle_interfaces__rosidl_generator_c.so" to ""
[2.908s] -- Up-to-date: /psd_ws/install/psd_vehicle_interfaces/include/psd_vehicle_interfaces/psd_vehicle_interfaces
[2.908s] -- Up-to-date: /psd_ws/install/psd_vehicle_interfaces/include/psd_vehicle_interfaces/psd_vehicle_interfaces/msg
[2.908s] -- Installing: /psd_ws/install/psd_vehicle_interfaces/include/psd_vehicle_interfaces/psd_vehicle_interfaces/msg/rosidl_typesupport_fastrtps_c__visibility_control.h
[2.908s] -- Up-to-date: /psd_ws/install/psd_vehicle_interfaces/include/psd_vehicle_interfaces/psd_vehicle_interfaces/msg/detail
[2.908s] -- Installing: /psd_ws/install/psd_vehicle_interfaces/include/psd_vehicle_interfaces/psd_vehicle_interfaces/msg/detail/obstacle_info__rosidl_typesupport_fastrtps_c.h
[2.908s] -- Installing: /psd_ws/install/psd_vehicle_interfaces/lib/libpsd_vehicle_interfaces__rosidl_typesupport_fastrtps_c.so
[2.908s] -- Set runtime path of "/psd_ws/install/psd_vehicle_interfaces/lib/libpsd_vehicle_interfaces__rosidl_typesupport_fastrtps_c.so" to ""
[2.908s] -- Up-to-date: /psd_ws/install/psd_vehicle_interfaces/include/psd_vehicle_interfaces/psd_vehicle_interfaces
[2.909s] -- Up-to-date: /psd_ws/install/psd_vehicle_interfaces/include/psd_vehicle_interfaces/psd_vehicle_interfaces/msg
[2.909s] -- Up-to-date: /psd_ws/install/psd_vehicle_interfaces/include/psd_vehicle_interfaces/psd_vehicle_interfaces/msg/detail
[2.909s] -- Installing: /psd_ws/install/psd_vehicle_interfaces/include/psd_vehicle_interfaces/psd_vehicle_interfaces/msg/detail/obstacle_info__struct.hpp
[2.909s] -- Installing: /psd_ws/install/psd_vehicle_interfaces/include/psd_vehicle_interfaces/psd_vehicle_interfaces/msg/detail/obstacle_info__builder.hpp
[2.909s] -- Installing: /psd_ws/install/psd_vehicle_interfaces/include/psd_vehicle_interfaces/psd_vehicle_interfaces/msg/detail/obstacle_info__traits.hpp
[2.909s] -- Installing: /psd_ws/install/psd_vehicle_interfaces/include/psd_vehicle_interfaces/psd_vehicle_interfaces/msg/obstacle_info.hpp
[2.909s] -- Up-to-date: /psd_ws/install/psd_vehicle_interfaces/include/psd_vehicle_interfaces/psd_vehicle_interfaces
[2.909s] -- Up-to-date: /psd_ws/install/psd_vehicle_interfaces/include/psd_vehicle_interfaces/psd_vehicle_interfaces/msg
[2.909s] -- Up-to-date: /psd_ws/install/psd_vehicle_interfaces/include/psd_vehicle_interfaces/psd_vehicle_interfaces/msg/detail
[2.909s] -- Installing: /psd_ws/install/psd_vehicle_interfaces/include/psd_vehicle_interfaces/psd_vehicle_interfaces/msg/detail/obstacle_info__rosidl_typesupport_fastrtps_cpp.hpp
[2.909s] -- Installing: /psd_ws/install/psd_vehicle_interfaces/include/psd_vehicle_interfaces/psd_vehicle_interfaces/msg/detail/dds_fastrtps
[2.910s] -- Installing: /psd_ws/install/psd_vehicle_interfaces/include/psd_vehicle_interfaces/psd_vehicle_interfaces/msg/rosidl_typesupport_fastrtps_cpp__visibility_control.h
[2.910s] -- Installing: /psd_ws/install/psd_vehicle_interfaces/lib/libpsd_vehicle_interfaces__rosidl_typesupport_fastrtps_cpp.so
[2.910s] -- Set runtime path of "/psd_ws/install/psd_vehicle_interfaces/lib/libpsd_vehicle_interfaces__rosidl_typesupport_fastrtps_cpp.so" to ""
[2.910s] -- Up-to-date: /psd_ws/install/psd_vehicle_interfaces/include/psd_vehicle_interfaces/psd_vehicle_interfaces
[2.910s] -- Up-to-date: /psd_ws/install/psd_vehicle_interfaces/include/psd_vehicle_interfaces/psd_vehicle_interfaces/msg
[2.910s] -- Up-to-date: /psd_ws/install/psd_vehicle_interfaces/include/psd_vehicle_interfaces/psd_vehicle_interfaces/msg/detail
[2.910s] -- Installing: /psd_ws/install/psd_vehicle_interfaces/include/psd_vehicle_interfaces/psd_vehicle_interfaces/msg/detail/obstacle_info__rosidl_typesupport_introspection_c.h
[2.910s] -- Installing: /psd_ws/install/psd_vehicle_interfaces/include/psd_vehicle_interfaces/psd_vehicle_interfaces/msg/detail/obstacle_info__type_support.c
[2.910s] -- Installing: /psd_ws/install/psd_vehicle_interfaces/include/psd_vehicle_interfaces/psd_vehicle_interfaces/msg/rosidl_typesupport_introspection_c__visibility_control.h
[2.910s] -- Installing: /psd_ws/install/psd_vehicle_interfaces/lib/libpsd_vehicle_interfaces__rosidl_typesupport_introspection_c.so
[2.910s] -- Set runtime path of "/psd_ws/install/psd_vehicle_interfaces/lib/libpsd_vehicle_interfaces__rosidl_typesupport_introspection_c.so" to ""
[2.910s] -- Installing: /psd_ws/install/psd_vehicle_interfaces/lib/libpsd_vehicle_interfaces__rosidl_typesupport_c.so
[2.910s] -- Set runtime path of "/psd_ws/install/psd_vehicle_interfaces/lib/libpsd_vehicle_interfaces__rosidl_typesupport_c.so" to ""
[2.911s] -- Up-to-date: /psd_ws/install/psd_vehicle_interfaces/include/psd_vehicle_interfaces/psd_vehicle_interfaces
[2.911s] -- Up-to-date: /psd_ws/install/psd_vehicle_interfaces/include/psd_vehicle_interfaces/psd_vehicle_interfaces/msg
[2.911s] -- Up-to-date: /psd_ws/install/psd_vehicle_interfaces/include/psd_vehicle_interfaces/psd_vehicle_interfaces/msg/detail
[2.911s] -- Installing: /psd_ws/install/psd_vehicle_interfaces/include/psd_vehicle_interfaces/psd_vehicle_interfaces/msg/detail/obstacle_info__rosidl_typesupport_introspection_cpp.hpp
[2.911s] -- Installing: /psd_ws/install/psd_vehicle_interfaces/include/psd_vehicle_interfaces/psd_vehicle_interfaces/msg/detail/obstacle_info__type_support.cpp
[2.911s] -- Installing: /psd_ws/install/psd_vehicle_interfaces/lib/libpsd_vehicle_interfaces__rosidl_typesupport_introspection_cpp.so
[2.911s] -- Set runtime path of "/psd_ws/install/psd_vehicle_interfaces/lib/libpsd_vehicle_interfaces__rosidl_typesupport_introspection_cpp.so" to ""
[2.911s] -- Installing: /psd_ws/install/psd_vehicle_interfaces/lib/libpsd_vehicle_interfaces__rosidl_typesupport_cpp.so
[2.911s] -- Set runtime path of "/psd_ws/install/psd_vehicle_interfaces/lib/libpsd_vehicle_interfaces__rosidl_typesupport_cpp.so" to ""
[2.911s] -- Installing: /psd_ws/install/psd_vehicle_interfaces/share/psd_vehicle_interfaces/environment/pythonpath.sh
[2.911s] -- Installing: /psd_ws/install/psd_vehicle_interfaces/share/psd_vehicle_interfaces/environment/pythonpath.dsv
[2.912s] -- Installing: /psd_ws/install/psd_vehicle_interfaces/local/lib/python3.10/dist-packages/psd_vehicle_interfaces-0.0.0-py3.10.egg-info
[2.912s] -- Installing: /psd_ws/install/psd_vehicle_interfaces/local/lib/python3.10/dist-packages/psd_vehicle_interfaces-0.0.0-py3.10.egg-info/SOURCES.txt
[2.912s] -- Installing: /psd_ws/install/psd_vehicle_interfaces/local/lib/python3.10/dist-packages/psd_vehicle_interfaces-0.0.0-py3.10.egg-info/dependency_links.txt
[2.912s] -- Installing: /psd_ws/install/psd_vehicle_interfaces/local/lib/python3.10/dist-packages/psd_vehicle_interfaces-0.0.0-py3.10.egg-info/PKG-INFO
[2.912s] -- Installing: /psd_ws/install/psd_vehicle_interfaces/local/lib/python3.10/dist-packages/psd_vehicle_interfaces-0.0.0-py3.10.egg-info/top_level.txt
[2.912s] -- Installing: /psd_ws/install/psd_vehicle_interfaces/local/lib/python3.10/dist-packages/psd_vehicle_interfaces
[2.912s] -- Installing: /psd_ws/install/psd_vehicle_interfaces/local/lib/python3.10/dist-packages/psd_vehicle_interfaces/_psd_vehicle_interfaces_s.ep.rosidl_typesupport_c.c
[2.912s] -- Installing: /psd_ws/install/psd_vehicle_interfaces/local/lib/python3.10/dist-packages/psd_vehicle_interfaces/libpsd_vehicle_interfaces__rosidl_generator_py.so
[2.912s] -- Installing: /psd_ws/install/psd_vehicle_interfaces/local/lib/python3.10/dist-packages/psd_vehicle_interfaces/psd_vehicle_interfaces_s__rosidl_typesupport_introspection_c.cpython-310-x86_64-linux-gnu.so
[2.912s] -- Installing: /psd_ws/install/psd_vehicle_interfaces/local/lib/python3.10/dist-packages/psd_vehicle_interfaces/_psd_vehicle_interfaces_s.ep.rosidl_typesupport_introspection_c.c
[2.912s] -- Installing: /psd_ws/install/psd_vehicle_interfaces/local/lib/python3.10/dist-packages/psd_vehicle_interfaces/__init__.py
[2.912s] -- Installing: /psd_ws/install/psd_vehicle_interfaces/local/lib/python3.10/dist-packages/psd_vehicle_interfaces/psd_vehicle_interfaces_s__rosidl_typesupport_fastrtps_c.cpython-310-x86_64-linux-gnu.so
[2.912s] -- Installing: /psd_ws/install/psd_vehicle_interfaces/local/lib/python3.10/dist-packages/psd_vehicle_interfaces/_psd_vehicle_interfaces_s.ep.rosidl_typesupport_fastrtps_c.c
[2.912s] -- Installing: /psd_ws/install/psd_vehicle_interfaces/local/lib/python3.10/dist-packages/psd_vehicle_interfaces/psd_vehicle_interfaces_s__rosidl_typesupport_c.cpython-310-x86_64-linux-gnu.so
[2.913s] -- Installing: /psd_ws/install/psd_vehicle_interfaces/local/lib/python3.10/dist-packages/psd_vehicle_interfaces/msg
[2.913s] -- Installing: /psd_ws/install/psd_vehicle_interfaces/local/lib/python3.10/dist-packages/psd_vehicle_interfaces/msg/__init__.py
[2.913s] -- Installing: /psd_ws/install/psd_vehicle_interfaces/local/lib/python3.10/dist-packages/psd_vehicle_interfaces/msg/_obstacle_info.py
[2.913s] -- Installing: /psd_ws/install/psd_vehicle_interfaces/local/lib/python3.10/dist-packages/psd_vehicle_interfaces/msg/_obstacle_info_s.c
[2.938s] Listing '/psd_ws/install/psd_vehicle_interfaces/local/lib/python3.10/dist-packages/psd_vehicle_interfaces'...
[2.938s] Compiling '/psd_ws/install/psd_vehicle_interfaces/local/lib/python3.10/dist-packages/psd_vehicle_interfaces/__init__.py'...
[2.938s] Listing '/psd_ws/install/psd_vehicle_interfaces/local/lib/python3.10/dist-packages/psd_vehicle_interfaces/msg'...
[2.938s] Compiling '/psd_ws/install/psd_vehicle_interfaces/local/lib/python3.10/dist-packages/psd_vehicle_interfaces/msg/__init__.py'...
[2.938s] Compiling '/psd_ws/install/psd_vehicle_interfaces/local/lib/python3.10/dist-packages/psd_vehicle_interfaces/msg/_obstacle_info.py'...
[2.941s] -- Installing: /psd_ws/install/psd_vehicle_interfaces/local/lib/python3.10/dist-packages/psd_vehicle_interfaces/psd_vehicle_interfaces_s__rosidl_typesupport_fastrtps_c.cpython-310-x86_64-linux-gnu.so
[2.941s] -- Set runtime path of "/psd_ws/install/psd_vehicle_interfaces/local/lib/python3.10/dist-packages/psd_vehicle_interfaces/psd_vehicle_interfaces_s__rosidl_typesupport_fastrtps_c.cpython-310-x86_64-linux-gnu.so" to ""
[2.941s] -- Installing: /psd_ws/install/psd_vehicle_interfaces/local/lib/python3.10/dist-packages/psd_vehicle_interfaces/psd_vehicle_interfaces_s__rosidl_typesupport_introspection_c.cpython-310-x86_64-linux-gnu.so
[2.941s] -- Set runtime path of "/psd_ws/install/psd_vehicle_interfaces/local/lib/python3.10/dist-packages/psd_vehicle_interfaces/psd_vehicle_interfaces_s__rosidl_typesupport_introspection_c.cpython-310-x86_64-linux-gnu.so" to ""
[2.941s] -- Installing: /psd_ws/install/psd_vehicle_interfaces/local/lib/python3.10/dist-packages/psd_vehicle_interfaces/psd_vehicle_interfaces_s__rosidl_typesupport_c.cpython-310-x86_64-linux-gnu.so
[2.941s] -- Set runtime path of "/psd_ws/install/psd_vehicle_interfaces/local/lib/python3.10/dist-packages/psd_vehicle_interfaces/psd_vehicle_interfaces_s__rosidl_typesupport_c.cpython-310-x86_64-linux-gnu.so" to ""
[2.941s] -- Installing: /psd_ws/install/psd_vehicle_interfaces/lib/libpsd_vehicle_interfaces__rosidl_generator_py.so
[2.942s] -- Set runtime path of "/psd_ws/install/psd_vehicle_interfaces/lib/libpsd_vehicle_interfaces__rosidl_generator_py.so" to ""
[2.942s] -- Installing: /psd_ws/install/psd_vehicle_interfaces/share/psd_vehicle_interfaces/msg/ObstacleInfo.idl
[2.942s] -- Installing: /psd_ws/install/psd_vehicle_interfaces/share/psd_vehicle_interfaces/msg/ObstacleInfo.msg
[2.942s] -- Installing: /psd_ws/install/psd_vehicle_interfaces/share/ament_index/resource_index/package_run_dependencies/psd_vehicle_interfaces
[2.942s] -- Installing: /psd_ws/install/psd_vehicle_interfaces/share/ament_index/resource_index/parent_prefix_path/psd_vehicle_interfaces
[2.942s] -- Installing: /psd_ws/install/psd_vehicle_interfaces/share/psd_vehicle_interfaces/environment/ament_prefix_path.sh
[2.942s] -- Installing: /psd_ws/install/psd_vehicle_interfaces/share/psd_vehicle_interfaces/environment/ament_prefix_path.dsv
[2.942s] -- Installing: /psd_ws/install/psd_vehicle_interfaces/share/psd_vehicle_interfaces/environment/path.sh
[2.942s] -- Installing: /psd_ws/install/psd_vehicle_interfaces/share/psd_vehicle_interfaces/environment/path.dsv
[2.942s] -- Installing: /psd_ws/install/psd_vehicle_interfaces/share/psd_vehicle_interfaces/local_setup.bash
[2.942s] -- Installing: /psd_ws/install/psd_vehicle_interfaces/share/psd_vehicle_interfaces/local_setup.sh
[2.942s] -- Installing: /psd_ws/install/psd_vehicle_interfaces/share/psd_vehicle_interfaces/local_setup.zsh
[2.942s] -- Installing: /psd_ws/install/psd_vehicle_interfaces/share/psd_vehicle_interfaces/local_setup.dsv
[2.942s] -- Installing: /psd_ws/install/psd_vehicle_interfaces/share/psd_vehicle_interfaces/package.dsv
[2.942s] -- Installing: /psd_ws/install/psd_vehicle_interfaces/share/ament_index/resource_index/packages/psd_vehicle_interfaces
[2.942s] -- Installing: /psd_ws/install/psd_vehicle_interfaces/share/psd_vehicle_interfaces/cmake/export_psd_vehicle_interfaces__rosidl_generator_cExport.cmake
[2.943s] -- Installing: /psd_ws/install/psd_vehicle_interfaces/share/psd_vehicle_interfaces/cmake/export_psd_vehicle_interfaces__rosidl_generator_cExport-noconfig.cmake
[2.943s] -- Installing: /psd_ws/install/psd_vehicle_interfaces/share/psd_vehicle_interfaces/cmake/export_psd_vehicle_interfaces__rosidl_typesupport_fastrtps_cExport.cmake
[2.943s] -- Installing: /psd_ws/install/psd_vehicle_interfaces/share/psd_vehicle_interfaces/cmake/export_psd_vehicle_interfaces__rosidl_typesupport_fastrtps_cExport-noconfig.cmake
[2.943s] -- Installing: /psd_ws/install/psd_vehicle_interfaces/share/psd_vehicle_interfaces/cmake/export_psd_vehicle_interfaces__rosidl_generator_cppExport.cmake
[2.943s] -- Installing: /psd_ws/install/psd_vehicle_interfaces/share/psd_vehicle_interfaces/cmake/export_psd_vehicle_interfaces__rosidl_typesupport_fastrtps_cppExport.cmake
[2.943s] -- Installing: /psd_ws/install/psd_vehicle_interfaces/share/psd_vehicle_interfaces/cmake/export_psd_vehicle_interfaces__rosidl_typesupport_fastrtps_cppExport-noconfig.cmake
[2.943s] -- Installing: /psd_ws/install/psd_vehicle_interfaces/share/psd_vehicle_interfaces/cmake/psd_vehicle_interfaces__rosidl_typesupport_introspection_cExport.cmake
[2.943s] -- Installing: /psd_ws/install/psd_vehicle_interfaces/share/psd_vehicle_interfaces/cmake/psd_vehicle_interfaces__rosidl_typesupport_introspection_cExport-noconfig.cmake
[2.943s] -- Installing: /psd_ws/install/psd_vehicle_interfaces/share/psd_vehicle_interfaces/cmake/psd_vehicle_interfaces__rosidl_typesupport_cExport.cmake
[2.943s] -- Installing: /psd_ws/install/psd_vehicle_interfaces/share/psd_vehicle_interfaces/cmake/psd_vehicle_interfaces__rosidl_typesupport_cExport-noconfig.cmake
[2.943s] -- Installing: /psd_ws/install/psd_vehicle_interfaces/share/psd_vehicle_interfaces/cmake/psd_vehicle_interfaces__rosidl_typesupport_introspection_cppExport.cmake
[2.943s] -- Installing: /psd_ws/install/psd_vehicle_interfaces/share/psd_vehicle_interfaces/cmake/psd_vehicle_interfaces__rosidl_typesupport_introspection_cppExport-noconfig.cmake
[2.943s] -- Installing: /psd_ws/install/psd_vehicle_interfaces/share/psd_vehicle_interfaces/cmake/psd_vehicle_interfaces__rosidl_typesupport_cppExport.cmake
[2.943s] -- Installing: /psd_ws/install/psd_vehicle_interfaces/share/psd_vehicle_interfaces/cmake/psd_vehicle_interfaces__rosidl_typesupport_cppExport-noconfig.cmake
[2.944s] -- Installing: /psd_ws/install/psd_vehicle_interfaces/share/psd_vehicle_interfaces/cmake/export_psd_vehicle_interfaces__rosidl_generator_pyExport.cmake
[2.944s] -- Installing: /psd_ws/install/psd_vehicle_interfaces/share/psd_vehicle_interfaces/cmake/export_psd_vehicle_interfaces__rosidl_generator_pyExport-noconfig.cmake
[2.944s] -- Installing: /psd_ws/install/psd_vehicle_interfaces/share/psd_vehicle_interfaces/cmake/rosidl_cmake-extras.cmake
[2.944s] -- Installing: /psd_ws/install/psd_vehicle_interfaces/share/psd_vehicle_interfaces/cmake/ament_cmake_export_dependencies-extras.cmake
[2.944s] -- Installing: /psd_ws/install/psd_vehicle_interfaces/share/psd_vehicle_interfaces/cmake/ament_cmake_export_include_directories-extras.cmake
[2.944s] -- Installing: /psd_ws/install/psd_vehicle_interfaces/share/psd_vehicle_interfaces/cmake/ament_cmake_export_libraries-extras.cmake
[2.944s] -- Installing: /psd_ws/install/psd_vehicle_interfaces/share/psd_vehicle_interfaces/cmake/ament_cmake_export_targets-extras.cmake
[2.944s] -- Installing: /psd_ws/install/psd_vehicle_interfaces/share/psd_vehicle_interfaces/cmake/rosidl_cmake_export_typesupport_targets-extras.cmake
[2.944s] -- Installing: /psd_ws/install/psd_vehicle_interfaces/share/psd_vehicle_interfaces/cmake/rosidl_cmake_export_typesupport_libraries-extras.cmake
[2.944s] -- Installing: /psd_ws/install/psd_vehicle_interfaces/share/psd_vehicle_interfaces/cmake/psd_vehicle_interfacesConfig.cmake
[2.944s] -- Installing: /psd_ws/install/psd_vehicle_interfaces/share/psd_vehicle_interfaces/cmake/psd_vehicle_interfacesConfig-version.cmake
[2.944s] -- Installing: /psd_ws/install/psd_vehicle_interfaces/share/psd_vehicle_interfaces/package.xml
[2.946s] Invoked command in '/psd_ws/build/psd_vehicle_interfaces' returned '0': CMAKE_PREFIX_PATH=${CMAKE_PREFIX_PATH}:/opt/ros/humble /usr/bin/cmake --install /psd_ws/build/psd_vehicle_interfaces
