[0.368s] Invoking command in '/home/psd/psd_ws/build/rqt_controller_manager': AMENT_PREFIX_PATH=/home/psd/psd_ws/install/controller_manager_msgs:${AMENT_PREFIX_PATH} CMAKE_PREFIX_PATH=/home/psd/psd_ws/install/controller_manager_msgs LD_LIBRARY_PATH=/home/psd/psd_ws/install/controller_manager_msgs/lib:${LD_LIBRARY_PATH} PYTHONPATH=/home/psd/psd_ws/build/rqt_controller_manager/prefix_override:/home/psd/psd_ws/install/rqt_controller_manager/lib/python3.10/site-packages:/home/psd/psd_ws/install/controller_manager_msgs/local/lib/python3.10/dist-packages:${PYTHONPATH} /usr/bin/python3 -W ignore:setup.py install is deprecated setup.py develop --editable --build-directory /home/psd/psd_ws/build/rqt_controller_manager/build --no-deps symlink_data
[0.517s] running develop
[0.518s] /usr/lib/python3/dist-packages/setuptools/command/easy_install.py:158: EasyInstallDeprecationWarning: easy_install command is deprecated. Use build and pip and other standards-based tools.
[0.518s]   warnings.warn(
[0.592s] running egg_info
[0.592s] creating rqt_controller_manager.egg-info
[0.592s] writing rqt_controller_manager.egg-info/PKG-INFO
[0.592s] writing dependency_links to rqt_controller_manager.egg-info/dependency_links.txt
[0.592s] writing entry points to rqt_controller_manager.egg-info/entry_points.txt
[0.592s] writing requirements to rqt_controller_manager.egg-info/requires.txt
[0.592s] writing top-level names to rqt_controller_manager.egg-info/top_level.txt
[0.592s] writing manifest file 'rqt_controller_manager.egg-info/SOURCES.txt'
[0.593s] reading manifest file 'rqt_controller_manager.egg-info/SOURCES.txt'
[0.593s] writing manifest file 'rqt_controller_manager.egg-info/SOURCES.txt'
[0.594s] running build_ext
[0.594s] Creating /home/psd/psd_ws/install/rqt_controller_manager/lib/python3.10/site-packages/rqt-controller-manager.egg-link (link to .)
[0.595s] Installing rqt_controller_manager script to /home/psd/psd_ws/install/rqt_controller_manager/lib/rqt_controller_manager
[0.595s] 
[0.596s] Installed /home/psd/psd_ws/build/rqt_controller_manager
[0.596s] running symlink_data
[0.596s] creating /home/psd/psd_ws/install/rqt_controller_manager/share/ament_index
[0.596s] creating /home/psd/psd_ws/install/rqt_controller_manager/share/ament_index/resource_index
[0.596s] creating /home/psd/psd_ws/install/rqt_controller_manager/share/ament_index/resource_index/packages
[0.596s] symbolically linking /home/psd/psd_ws/build/rqt_controller_manager/resource/rqt_controller_manager -> /home/psd/psd_ws/install/rqt_controller_manager/share/ament_index/resource_index/packages
[0.597s] symbolically linking /home/psd/psd_ws/build/rqt_controller_manager/package.xml -> /home/psd/psd_ws/install/rqt_controller_manager/share/rqt_controller_manager
[0.597s] creating /home/psd/psd_ws/install/rqt_controller_manager/share/rqt_controller_manager/resource
[0.597s] symbolically linking /home/psd/psd_ws/build/rqt_controller_manager/resource/controller_manager.ui -> /home/psd/psd_ws/install/rqt_controller_manager/share/rqt_controller_manager/resource
[0.597s] symbolically linking /home/psd/psd_ws/build/rqt_controller_manager/resource/cm_icon.png -> /home/psd/psd_ws/install/rqt_controller_manager/share/rqt_controller_manager/resource
[0.597s] symbolically linking /home/psd/psd_ws/build/rqt_controller_manager/resource/controller_info.ui -> /home/psd/psd_ws/install/rqt_controller_manager/share/rqt_controller_manager/resource
[0.597s] symbolically linking /home/psd/psd_ws/build/rqt_controller_manager/resource/led_off.png -> /home/psd/psd_ws/install/rqt_controller_manager/share/rqt_controller_manager/resource
[0.597s] symbolically linking /home/psd/psd_ws/build/rqt_controller_manager/resource/led_green.png -> /home/psd/psd_ws/install/rqt_controller_manager/share/rqt_controller_manager/resource
[0.597s] symbolically linking /home/psd/psd_ws/build/rqt_controller_manager/resource/led_red.png -> /home/psd/psd_ws/install/rqt_controller_manager/share/rqt_controller_manager/resource
[0.597s] symbolically linking /home/psd/psd_ws/build/rqt_controller_manager/plugin.xml -> /home/psd/psd_ws/install/rqt_controller_manager/share/rqt_controller_manager
[0.613s] Invoked command in '/home/psd/psd_ws/build/rqt_controller_manager' returned '0': AMENT_PREFIX_PATH=/home/psd/psd_ws/install/controller_manager_msgs:${AMENT_PREFIX_PATH} CMAKE_PREFIX_PATH=/home/psd/psd_ws/install/controller_manager_msgs LD_LIBRARY_PATH=/home/psd/psd_ws/install/controller_manager_msgs/lib:${LD_LIBRARY_PATH} PYTHONPATH=/home/psd/psd_ws/build/rqt_controller_manager/prefix_override:/home/psd/psd_ws/install/rqt_controller_manager/lib/python3.10/site-packages:/home/psd/psd_ws/install/controller_manager_msgs/local/lib/python3.10/dist-packages:${PYTHONPATH} /usr/bin/python3 -W ignore:setup.py install is deprecated setup.py develop --editable --build-directory /home/psd/psd_ws/build/rqt_controller_manager/build --no-deps symlink_data
