[0.029s] Invoking command in '/home/ubuntu/psd_ws/build/psd_vehicle_description': CMAKE_PREFIX_PATH=${CMAKE_PREFIX_PATH}:/opt/ros/jazzy /usr/bin/cmake --build /home/ubuntu/psd_ws/build/psd_vehicle_description -- -j20 -l20
[0.069s] Invoked command in '/home/ubuntu/psd_ws/build/psd_vehicle_description' returned '0': CMAKE_PREFIX_PATH=${CMAKE_PREFIX_PATH}:/opt/ros/jazzy /usr/bin/cmake --build /home/ubuntu/psd_ws/build/psd_vehicle_description -- -j20 -l20
[0.106s] Invoking command in '/home/ubuntu/psd_ws/build/psd_vehicle_description': CMAKE_PREFIX_PATH=${CMAKE_PREFIX_PATH}:/opt/ros/jazzy /usr/bin/cmake --install /home/ubuntu/psd_ws/build/psd_vehicle_description
[0.118s] -- Install configuration: ""
[0.119s] -- Execute custom install script
[0.120s] -- Up-to-date symlink: /home/ubuntu/psd_ws/install/psd_vehicle_description/share/psd_vehicle_description/rviz/psd_vehicle.rviz
[0.120s] -- Up-to-date symlink: /home/ubuntu/psd_ws/install/psd_vehicle_description/share/psd_vehicle_description/view_psd_vehicle.launch.py
[0.121s] -- Up-to-date symlink: /home/ubuntu/psd_ws/install/psd_vehicle_description/share/psd_vehicle_description/meshes/collision/base_link.stl
[0.121s] -- Up-to-date symlink: /home/ubuntu/psd_ws/install/psd_vehicle_description/share/psd_vehicle_description/meshes/collision/link_FL_1.stl
[0.122s] -- Up-to-date symlink: /home/ubuntu/psd_ws/install/psd_vehicle_description/share/psd_vehicle_description/meshes/collision/link_FR_1.stl
[0.122s] -- Up-to-date symlink: /home/ubuntu/psd_ws/install/psd_vehicle_description/share/psd_vehicle_description/meshes/collision/link_RL_1.stl
[0.122s] -- Up-to-date symlink: /home/ubuntu/psd_ws/install/psd_vehicle_description/share/psd_vehicle_description/meshes/collision/link_RR_1.stl
[0.123s] -- Up-to-date symlink: /home/ubuntu/psd_ws/install/psd_vehicle_description/share/psd_vehicle_description/meshes/collision/perno_FL_1.stl
[0.123s] -- Up-to-date symlink: /home/ubuntu/psd_ws/install/psd_vehicle_description/share/psd_vehicle_description/meshes/collision/perno_FR_1.stl
[0.123s] -- Up-to-date symlink: /home/ubuntu/psd_ws/install/psd_vehicle_description/share/psd_vehicle_description/meshes/collision/tyre_FL_1.stl
[0.123s] -- Up-to-date symlink: /home/ubuntu/psd_ws/install/psd_vehicle_description/share/psd_vehicle_description/meshes/collision/tyre_FR_1.stl
[0.123s] -- Up-to-date symlink: /home/ubuntu/psd_ws/install/psd_vehicle_description/share/psd_vehicle_description/meshes/collision/tyre_RL_1.stl
[0.124s] -- Up-to-date symlink: /home/ubuntu/psd_ws/install/psd_vehicle_description/share/psd_vehicle_description/meshes/collision/tyre_RR_1.stl
[0.124s] -- Up-to-date symlink: /home/ubuntu/psd_ws/install/psd_vehicle_description/share/psd_vehicle_description/meshes/components/camera_mount_bot.dae
[0.124s] -- Up-to-date symlink: /home/ubuntu/psd_ws/install/psd_vehicle_description/share/psd_vehicle_description/meshes/components/camera_mount_mid.dae
[0.124s] -- Up-to-date symlink: /home/ubuntu/psd_ws/install/psd_vehicle_description/share/psd_vehicle_description/meshes/components/camera_mount_top.dae
[0.124s] -- Up-to-date symlink: /home/ubuntu/psd_ws/install/psd_vehicle_description/share/psd_vehicle_description/meshes/obj+mtl/chassis.mtl
[0.124s] -- Up-to-date symlink: /home/ubuntu/psd_ws/install/psd_vehicle_description/share/psd_vehicle_description/meshes/obj+mtl/chassis.obj
[0.125s] -- Up-to-date symlink: /home/ubuntu/psd_ws/install/psd_vehicle_description/share/psd_vehicle_description/meshes/obj+mtl/steering_hinge.mtl
[0.126s] -- Up-to-date symlink: /home/ubuntu/psd_ws/install/psd_vehicle_description/share/psd_vehicle_description/meshes/obj+mtl/steering_hinge.obj
[0.126s] -- Up-to-date symlink: /home/ubuntu/psd_ws/install/psd_vehicle_description/share/psd_vehicle_description/meshes/obj+mtl/suspension.mtl
[0.126s] -- Up-to-date symlink: /home/ubuntu/psd_ws/install/psd_vehicle_description/share/psd_vehicle_description/meshes/obj+mtl/suspension.obj
[0.127s] -- Up-to-date symlink: /home/ubuntu/psd_ws/install/psd_vehicle_description/share/psd_vehicle_description/meshes/obj+mtl/tyre.mtl
[0.127s] -- Up-to-date symlink: /home/ubuntu/psd_ws/install/psd_vehicle_description/share/psd_vehicle_description/meshes/obj+mtl/tyre.obj
[0.127s] -- Up-to-date symlink: /home/ubuntu/psd_ws/install/psd_vehicle_description/share/psd_vehicle_description/meshes/obj+mtl/wheel.mtl
[0.127s] -- Up-to-date symlink: /home/ubuntu/psd_ws/install/psd_vehicle_description/share/psd_vehicle_description/meshes/obj+mtl/wheel.obj
[0.128s] -- Up-to-date symlink: /home/ubuntu/psd_ws/install/psd_vehicle_description/share/psd_vehicle_description/meshes/stl/chassis.stl
[0.128s] -- Up-to-date symlink: /home/ubuntu/psd_ws/install/psd_vehicle_description/share/psd_vehicle_description/meshes/stl/steering_hinge.stl
[0.128s] -- Up-to-date symlink: /home/ubuntu/psd_ws/install/psd_vehicle_description/share/psd_vehicle_description/meshes/stl/suspension.stl
[0.128s] -- Up-to-date symlink: /home/ubuntu/psd_ws/install/psd_vehicle_description/share/psd_vehicle_description/meshes/stl/tyre.stl
[0.128s] -- Up-to-date symlink: /home/ubuntu/psd_ws/install/psd_vehicle_description/share/psd_vehicle_description/meshes/stl/wheel.stl
[0.128s] -- Up-to-date symlink: /home/ubuntu/psd_ws/install/psd_vehicle_description/share/psd_vehicle_description/meshes/visual/base_link.dae
[0.128s] -- Up-to-date symlink: /home/ubuntu/psd_ws/install/psd_vehicle_description/share/psd_vehicle_description/meshes/visual/base_link.stl
[0.128s] -- Up-to-date symlink: /home/ubuntu/psd_ws/install/psd_vehicle_description/share/psd_vehicle_description/meshes/visual/link_FL_1.stl
[0.130s] -- Up-to-date symlink: /home/ubuntu/psd_ws/install/psd_vehicle_description/share/psd_vehicle_description/meshes/visual/link_FR_1.stl
[0.130s] -- Up-to-date symlink: /home/ubuntu/psd_ws/install/psd_vehicle_description/share/psd_vehicle_description/meshes/visual/link_RL_1.stl
[0.131s] -- Up-to-date symlink: /home/ubuntu/psd_ws/install/psd_vehicle_description/share/psd_vehicle_description/meshes/visual/link_RR_1.stl
[0.131s] -- Up-to-date symlink: /home/ubuntu/psd_ws/install/psd_vehicle_description/share/psd_vehicle_description/meshes/visual/link_fl_1.dae
[0.131s] -- Up-to-date symlink: /home/ubuntu/psd_ws/install/psd_vehicle_description/share/psd_vehicle_description/meshes/visual/link_fr_1.dae
[0.131s] -- Up-to-date symlink: /home/ubuntu/psd_ws/install/psd_vehicle_description/share/psd_vehicle_description/meshes/visual/link_rl_1.dae
[0.131s] -- Up-to-date symlink: /home/ubuntu/psd_ws/install/psd_vehicle_description/share/psd_vehicle_description/meshes/visual/link_rr_1.dae
[0.131s] -- Up-to-date symlink: /home/ubuntu/psd_ws/install/psd_vehicle_description/share/psd_vehicle_description/meshes/visual/perno_FL_1.stl
[0.131s] -- Up-to-date symlink: /home/ubuntu/psd_ws/install/psd_vehicle_description/share/psd_vehicle_description/meshes/visual/perno_FR_1.stl
[0.132s] -- Up-to-date symlink: /home/ubuntu/psd_ws/install/psd_vehicle_description/share/psd_vehicle_description/meshes/visual/perno_fl_1.dae
[0.132s] -- Up-to-date symlink: /home/ubuntu/psd_ws/install/psd_vehicle_description/share/psd_vehicle_description/meshes/visual/perno_fr_1.dae
[0.132s] -- Up-to-date symlink: /home/ubuntu/psd_ws/install/psd_vehicle_description/share/psd_vehicle_description/meshes/visual/tyre_FL_1.stl
[0.132s] -- Up-to-date symlink: /home/ubuntu/psd_ws/install/psd_vehicle_description/share/psd_vehicle_description/meshes/visual/tyre_FR_1.stl
[0.132s] -- Up-to-date symlink: /home/ubuntu/psd_ws/install/psd_vehicle_description/share/psd_vehicle_description/meshes/visual/tyre_RL_1.stl
[0.133s] -- Up-to-date symlink: /home/ubuntu/psd_ws/install/psd_vehicle_description/share/psd_vehicle_description/meshes/visual/tyre_RR_1.stl
[0.133s] -- Up-to-date symlink: /home/ubuntu/psd_ws/install/psd_vehicle_description/share/psd_vehicle_description/meshes/visual/tyre_fl_1.dae
[0.133s] -- Up-to-date symlink: /home/ubuntu/psd_ws/install/psd_vehicle_description/share/psd_vehicle_description/meshes/visual/tyre_fr_1.dae
[0.134s] -- Up-to-date symlink: /home/ubuntu/psd_ws/install/psd_vehicle_description/share/psd_vehicle_description/meshes/visual/tyre_rl_1.dae
[0.134s] -- Up-to-date symlink: /home/ubuntu/psd_ws/install/psd_vehicle_description/share/psd_vehicle_description/meshes/visual/tyre_rr_1.dae
[0.134s] -- Up-to-date symlink: /home/ubuntu/psd_ws/install/psd_vehicle_description/share/psd_vehicle_description/urdf/components/camera_mount.urdf.xacro
[0.134s] -- Up-to-date symlink: /home/ubuntu/psd_ws/install/psd_vehicle_description/share/psd_vehicle_description/urdf/materials.xacro
[0.134s] -- Up-to-date symlink: /home/ubuntu/psd_ws/install/psd_vehicle_description/share/psd_vehicle_description/urdf/psd_vehicle.urdf.xacro
[0.137s] -- Up-to-date symlink: /home/ubuntu/psd_ws/install/psd_vehicle_description/share/psd_vehicle_description/urdf/psd_vehicle_macro.ros2_control.xacro
[0.137s] -- Up-to-date symlink: /home/ubuntu/psd_ws/install/psd_vehicle_description/share/psd_vehicle_description/urdf/psd_vehicle_macro.urdf.xacro
[0.137s] -- Up-to-date symlink: /home/ubuntu/psd_ws/install/psd_vehicle_description/share/ament_index/resource_index/package_run_dependencies/psd_vehicle_description
[0.143s] -- Up-to-date symlink: /home/ubuntu/psd_ws/install/psd_vehicle_description/share/ament_index/resource_index/parent_prefix_path/psd_vehicle_description
[0.144s] -- Up-to-date symlink: /home/ubuntu/psd_ws/install/psd_vehicle_description/share/psd_vehicle_description/environment/ament_prefix_path.sh
[0.147s] -- Up-to-date symlink: /home/ubuntu/psd_ws/install/psd_vehicle_description/share/psd_vehicle_description/environment/ament_prefix_path.dsv
[0.147s] -- Up-to-date symlink: /home/ubuntu/psd_ws/install/psd_vehicle_description/share/psd_vehicle_description/environment/path.sh
[0.147s] -- Up-to-date symlink: /home/ubuntu/psd_ws/install/psd_vehicle_description/share/psd_vehicle_description/environment/path.dsv
[0.148s] -- Up-to-date symlink: /home/ubuntu/psd_ws/install/psd_vehicle_description/share/psd_vehicle_description/local_setup.bash
[0.152s] -- Up-to-date symlink: /home/ubuntu/psd_ws/install/psd_vehicle_description/share/psd_vehicle_description/local_setup.sh
[0.153s] -- Up-to-date symlink: /home/ubuntu/psd_ws/install/psd_vehicle_description/share/psd_vehicle_description/local_setup.zsh
[0.153s] -- Up-to-date symlink: /home/ubuntu/psd_ws/install/psd_vehicle_description/share/psd_vehicle_description/local_setup.dsv
[0.154s] -- Symlinking: /home/ubuntu/psd_ws/install/psd_vehicle_description/share/psd_vehicle_description/package.dsv
[0.155s] -- Up-to-date symlink: /home/ubuntu/psd_ws/install/psd_vehicle_description/share/ament_index/resource_index/packages/psd_vehicle_description
[0.156s] -- Up-to-date symlink: /home/ubuntu/psd_ws/install/psd_vehicle_description/share/psd_vehicle_description/cmake/psd_vehicle_descriptionConfig.cmake
[0.156s] -- Up-to-date symlink: /home/ubuntu/psd_ws/install/psd_vehicle_description/share/psd_vehicle_description/cmake/psd_vehicle_descriptionConfig-version.cmake
[0.156s] -- Up-to-date symlink: /home/ubuntu/psd_ws/install/psd_vehicle_description/share/psd_vehicle_description/package.xml
[0.160s] Invoked command in '/home/ubuntu/psd_ws/build/psd_vehicle_description' returned '0': CMAKE_PREFIX_PATH=${CMAKE_PREFIX_PATH}:/opt/ros/jazzy /usr/bin/cmake --install /home/ubuntu/psd_ws/build/psd_vehicle_description
