[0.162s] Invoking command in '/home/psd/psd_ws/build/ros_components_description': CMAKE_PREFIX_PATH=${CMAKE_PREFIX_PATH}:/home/psd/psd_ws/install/rqt_joint_trajectory_controller:/home/psd/psd_ws/install/rqt_controller_manager:/home/psd/psd_ws/install/ros2controlcli:/home/psd/psd_ws/install/ros2_controllers_test_nodes:/opt/ros/humble /usr/bin/cmake /home/psd/psd_ws/src/ros_components_description -DCMAKE_INSTALL_PREFIX=/home/psd/psd_ws/install/ros_components_description
[0.216s] -- The C compiler identification is GNU 11.4.0
[0.258s] -- The CXX compiler identification is GNU 11.4.0
[0.266s] -- Detecting C compiler ABI info
[0.318s] -- Detecting C compiler ABI info - done
[0.326s] -- Check for working C compiler: /usr/bin/cc - skipped
[0.326s] -- Detecting C compile features
[0.327s] -- Detecting C compile features - done
[0.330s] -- Detecting CXX compiler ABI info
[0.399s] -- Detecting CXX compiler ABI info - done
[0.407s] -- Check for working CXX compiler: /usr/bin/c++ - skipped
[0.407s] -- Detecting CXX compile features
[0.408s] -- Detecting CXX compile features - done
[0.411s] -- Found ament_cmake: 1.3.8 (/opt/ros/humble/share/ament_cmake/cmake)
[0.549s] -- Found Python3: /usr/bin/python3 (found version "3.10.12") found components: Interpreter 
[0.684s] -- Configuring done
[0.686s] -- Generating done
[0.687s] -- Build files have been written to: /home/psd/psd_ws/build/ros_components_description
[0.690s] Invoked command in '/home/psd/psd_ws/build/ros_components_description' returned '0': CMAKE_PREFIX_PATH=${CMAKE_PREFIX_PATH}:/home/psd/psd_ws/install/rqt_joint_trajectory_controller:/home/psd/psd_ws/install/rqt_controller_manager:/home/psd/psd_ws/install/ros2controlcli:/home/psd/psd_ws/install/ros2_controllers_test_nodes:/opt/ros/humble /usr/bin/cmake /home/psd/psd_ws/src/ros_components_description -DCMAKE_INSTALL_PREFIX=/home/psd/psd_ws/install/ros_components_description
[0.692s] Invoking command in '/home/psd/psd_ws/build/ros_components_description': CMAKE_PREFIX_PATH=${CMAKE_PREFIX_PATH}:/home/psd/psd_ws/install/rqt_joint_trajectory_controller:/home/psd/psd_ws/install/rqt_controller_manager:/home/psd/psd_ws/install/ros2controlcli:/home/psd/psd_ws/install/ros2_controllers_test_nodes:/opt/ros/humble /usr/bin/cmake --build /home/psd/psd_ws/build/ros_components_description -- -j20 -l20
[0.723s] Invoked command in '/home/psd/psd_ws/build/ros_components_description' returned '0': CMAKE_PREFIX_PATH=${CMAKE_PREFIX_PATH}:/home/psd/psd_ws/install/rqt_joint_trajectory_controller:/home/psd/psd_ws/install/rqt_controller_manager:/home/psd/psd_ws/install/ros2controlcli:/home/psd/psd_ws/install/ros2_controllers_test_nodes:/opt/ros/humble /usr/bin/cmake --build /home/psd/psd_ws/build/ros_components_description -- -j20 -l20
[0.745s] Invoking command in '/home/psd/psd_ws/build/ros_components_description': CMAKE_PREFIX_PATH=${CMAKE_PREFIX_PATH}:/home/psd/psd_ws/install/rqt_joint_trajectory_controller:/home/psd/psd_ws/install/rqt_controller_manager:/home/psd/psd_ws/install/ros2controlcli:/home/psd/psd_ws/install/ros2_controllers_test_nodes:/opt/ros/humble /usr/bin/cmake --install /home/psd/psd_ws/build/ros_components_description
[0.750s] -- Install configuration: ""
[0.750s] -- Installing: /home/psd/psd_ws/install/ros_components_description/share/ros_components_description/meshes
[0.750s] -- Installing: /home/psd/psd_ws/install/ros_components_description/share/ros_components_description/meshes/zed2i.stl
[0.752s] -- Installing: /home/psd/psd_ws/install/ros_components_description/share/ros_components_description/meshes/slamtec_rplidar_s1.dae
[0.752s] -- Installing: /home/psd/psd_ws/install/ros_components_description/share/ros_components_description/meshes/slamtec_rplidar_s3.dae
[0.753s] -- Installing: /home/psd/psd_ws/install/ros_components_description/share/ros_components_description/meshes/zed.stl
[0.754s] -- Installing: /home/psd/psd_ws/install/ros_components_description/share/ros_components_description/meshes/zed2.stl
[0.754s] -- Installing: /home/psd/psd_ws/install/ros_components_description/share/ros_components_description/meshes/zedxm.stl
[0.771s] -- Installing: /home/psd/psd_ws/install/ros_components_description/share/ros_components_description/meshes/slamtec_rplidar_s2.dae
[0.771s] -- Installing: /home/psd/psd_ws/install/ros_components_description/share/ros_components_description/meshes/slamtec_rplidar_a2m8.dae
[0.772s] -- Installing: /home/psd/psd_ws/install/ros_components_description/share/ros_components_description/meshes/ouster_os1_32.dae
[0.773s] -- Installing: /home/psd/psd_ws/install/ros_components_description/share/ros_components_description/meshes/slamtec_rplidar_ax.dae
[0.773s] -- Installing: /home/psd/psd_ws/install/ros_components_description/share/ros_components_description/meshes/zedx.stl
[0.789s] -- Installing: /home/psd/psd_ws/install/ros_components_description/share/ros_components_description/meshes/velodyne_puck.dae
[0.789s] -- Installing: /home/psd/psd_ws/install/ros_components_description/share/ros_components_description/meshes/orbbec_astra.dae
[0.790s] -- Installing: /home/psd/psd_ws/install/ros_components_description/share/ros_components_description/meshes/intel_realsense_d435.dae
[0.791s] -- Installing: /home/psd/psd_ws/install/ros_components_description/share/ros_components_description/meshes/zedm.stl
[0.791s] -- Installing: /home/psd/psd_ws/install/ros_components_description/share/ros_components_description/urdf
[0.792s] -- Installing: /home/psd/psd_ws/install/ros_components_description/share/ros_components_description/urdf/stereolabs_zed.urdf.xacro
[0.792s] -- Installing: /home/psd/psd_ws/install/ros_components_description/share/ros_components_description/urdf/slamtec_rplidar_s1.urdf.xacro
[0.793s] -- Installing: /home/psd/psd_ws/install/ros_components_description/share/ros_components_description/urdf/slamtec_rplidar_s2.urdf.xacro
[0.793s] -- Installing: /home/psd/psd_ws/install/ros_components_description/share/ros_components_description/urdf/intel_realsense_d435.urdf.xacro
[0.793s] -- Installing: /home/psd/psd_ws/install/ros_components_description/share/ros_components_description/urdf/orbbec_astra.urdf.xacro
[0.793s] -- Installing: /home/psd/psd_ws/install/ros_components_description/share/ros_components_description/urdf/velodyne_puck.urdf.xacro
[0.793s] -- Installing: /home/psd/psd_ws/install/ros_components_description/share/ros_components_description/urdf/slamtec_rplidar_a2.urdf.xacro
[0.793s] -- Installing: /home/psd/psd_ws/install/ros_components_description/share/ros_components_description/urdf/ouster_os1_32.urdf.xacro
[0.793s] -- Installing: /home/psd/psd_ws/install/ros_components_description/share/ros_components_description/urdf/slamtec_rplidar_a3.urdf.xacro
[0.793s] -- Installing: /home/psd/psd_ws/install/ros_components_description/share/ros_components_description/urdf/slamtec_rplidar_s3.urdf.xacro
[0.794s] -- Installing: /home/psd/psd_ws/install/ros_components_description/share/ros_components_description/environment/ros_components_description.sh
[0.794s] -- Installing: /home/psd/psd_ws/install/ros_components_description/share/ament_index/resource_index/package_run_dependencies/ros_components_description
[0.794s] -- Installing: /home/psd/psd_ws/install/ros_components_description/share/ament_index/resource_index/parent_prefix_path/ros_components_description
[0.795s] -- Installing: /home/psd/psd_ws/install/ros_components_description/share/ros_components_description/environment/ament_prefix_path.sh
[0.795s] -- Installing: /home/psd/psd_ws/install/ros_components_description/share/ros_components_description/environment/ament_prefix_path.dsv
[0.796s] -- Installing: /home/psd/psd_ws/install/ros_components_description/share/ros_components_description/environment/path.sh
[0.796s] -- Installing: /home/psd/psd_ws/install/ros_components_description/share/ros_components_description/environment/path.dsv
[0.796s] -- Installing: /home/psd/psd_ws/install/ros_components_description/share/ros_components_description/local_setup.bash
[0.796s] -- Installing: /home/psd/psd_ws/install/ros_components_description/share/ros_components_description/local_setup.sh
[0.796s] -- Installing: /home/psd/psd_ws/install/ros_components_description/share/ros_components_description/local_setup.zsh
[0.796s] -- Installing: /home/psd/psd_ws/install/ros_components_description/share/ros_components_description/local_setup.dsv
[0.797s] -- Installing: /home/psd/psd_ws/install/ros_components_description/share/ros_components_description/package.dsv
[0.797s] -- Installing: /home/psd/psd_ws/install/ros_components_description/share/ament_index/resource_index/packages/ros_components_description
[0.797s] -- Installing: /home/psd/psd_ws/install/ros_components_description/share/ros_components_description/cmake/ros_components_descriptionConfig.cmake
[0.797s] -- Installing: /home/psd/psd_ws/install/ros_components_description/share/ros_components_description/cmake/ros_components_descriptionConfig-version.cmake
[0.797s] -- Installing: /home/psd/psd_ws/install/ros_components_description/share/ros_components_description/package.xml
[0.799s] Invoked command in '/home/psd/psd_ws/build/ros_components_description' returned '0': CMAKE_PREFIX_PATH=${CMAKE_PREFIX_PATH}:/home/psd/psd_ws/install/rqt_joint_trajectory_controller:/home/psd/psd_ws/install/rqt_controller_manager:/home/psd/psd_ws/install/ros2controlcli:/home/psd/psd_ws/install/ros2_controllers_test_nodes:/opt/ros/humble /usr/bin/cmake --install /home/psd/psd_ws/build/ros_components_description
