[0.171s] Invoking command in '/home/psd/psd_ws/build/ign_ros2_control': CMAKE_PREFIX_PATH=${CMAKE_PREFIX_PATH}:/opt/ros/humble /usr/bin/cmake --build /home/psd/psd_ws/build/ign_ros2_control -- -j20 -l20
[0.221s] [ 50%] Built target ign_hardware_plugins
[0.224s] [100%] Built target ign_ros2_control-system
[0.320s] Invoked command in '/home/psd/psd_ws/build/ign_ros2_control' returned '0': CMAKE_PREFIX_PATH=${CMAKE_PREFIX_PATH}:/opt/ros/humble /usr/bin/cmake --build /home/psd/psd_ws/build/ign_ros2_control -- -j20 -l20
[0.433s] Invoking command in '/home/psd/psd_ws/build/ign_ros2_control': CMAKE_PREFIX_PATH=${CMAKE_PREFIX_PATH}:/opt/ros/humble /usr/bin/cmake --install /home/psd/psd_ws/build/ign_ros2_control
[0.469s] -- Install configuration: ""
[0.469s] -- Up-to-date: /home/psd/psd_ws/install/ign_ros2_control/lib/libign_hardware_plugins.so
[0.470s] -- Up-to-date: /home/psd/psd_ws/install/ign_ros2_control/share/ign_ros2_control/environment/library_path.sh
[0.470s] -- Up-to-date: /home/psd/psd_ws/install/ign_ros2_control/share/ign_ros2_control/environment/library_path.dsv
[0.470s] -- Up-to-date: /home/psd/psd_ws/install/ign_ros2_control/lib/libign_ros2_control-system.so
[0.470s] -- Up-to-date: /home/psd/psd_ws/install/ign_ros2_control/share/ign_ros2_control/ign_hardware_plugins.xml
[0.470s] -- Up-to-date: /home/psd/psd_ws/install/ign_ros2_control/share/ament_index/resource_index/package_run_dependencies/ign_ros2_control
[0.470s] -- Up-to-date: /home/psd/psd_ws/install/ign_ros2_control/share/ament_index/resource_index/parent_prefix_path/ign_ros2_control
[0.470s] -- Up-to-date: /home/psd/psd_ws/install/ign_ros2_control/share/ign_ros2_control/environment/ament_prefix_path.sh
[0.470s] -- Up-to-date: /home/psd/psd_ws/install/ign_ros2_control/share/ign_ros2_control/environment/ament_prefix_path.dsv
[0.471s] -- Up-to-date: /home/psd/psd_ws/install/ign_ros2_control/share/ign_ros2_control/environment/path.sh
[0.471s] -- Up-to-date: /home/psd/psd_ws/install/ign_ros2_control/share/ign_ros2_control/environment/path.dsv
[0.471s] -- Up-to-date: /home/psd/psd_ws/install/ign_ros2_control/share/ign_ros2_control/local_setup.bash
[0.471s] -- Up-to-date: /home/psd/psd_ws/install/ign_ros2_control/share/ign_ros2_control/local_setup.sh
[0.471s] -- Up-to-date: /home/psd/psd_ws/install/ign_ros2_control/share/ign_ros2_control/local_setup.zsh
[0.471s] -- Up-to-date: /home/psd/psd_ws/install/ign_ros2_control/share/ign_ros2_control/local_setup.dsv
[0.472s] -- Installing: /home/psd/psd_ws/install/ign_ros2_control/share/ign_ros2_control/package.dsv
[0.472s] -- Up-to-date: /home/psd/psd_ws/install/ign_ros2_control/share/ament_index/resource_index/packages/ign_ros2_control
[0.472s] -- Up-to-date: /home/psd/psd_ws/install/ign_ros2_control/share/ament_index/resource_index/ign_ros2_control__pluginlib__plugin/ign_ros2_control
[0.472s] -- Up-to-date: /home/psd/psd_ws/install/ign_ros2_control/share/ign_ros2_control/cmake/ament_cmake_export_include_directories-extras.cmake
[0.472s] -- Up-to-date: /home/psd/psd_ws/install/ign_ros2_control/share/ign_ros2_control/cmake/ament_cmake_export_libraries-extras.cmake
[0.473s] -- Up-to-date: /home/psd/psd_ws/install/ign_ros2_control/share/ign_ros2_control/cmake/ign_ros2_controlConfig.cmake
[0.473s] -- Up-to-date: /home/psd/psd_ws/install/ign_ros2_control/share/ign_ros2_control/cmake/ign_ros2_controlConfig-version.cmake
[0.473s] -- Up-to-date: /home/psd/psd_ws/install/ign_ros2_control/share/ign_ros2_control/package.xml
[0.525s] Invoked command in '/home/psd/psd_ws/build/ign_ros2_control' returned '0': CMAKE_PREFIX_PATH=${CMAKE_PREFIX_PATH}:/opt/ros/humble /usr/bin/cmake --install /home/psd/psd_ws/build/ign_ros2_control
