[0.016s] Invoking command in '/home/psd/psd_ws/build/hardware_interface': AMENT_PREFIX_PATH=/home/psd/psd_ws/install/ros2_control_test_assets:/home/psd/psd_ws/install/control_msgs:${AMENT_PREFIX_PATH} CMAKE_PREFIX_PATH=/home/psd/psd_ws/install/ros2_control_test_assets:/home/psd/psd_ws/install/control_msgs:/opt/ros/humble LD_LIBRARY_PATH=/home/psd/psd_ws/install/control_msgs/lib:${LD_LIBRARY_PATH} PYTHONPATH=/home/psd/psd_ws/install/control_msgs/local/lib/python3.10/dist-packages:${PYTHONPATH} /usr/bin/cmake --build /home/psd/psd_ws/build/hardware_interface -- -j20 -l20
[0.044s] [35m[1mConsolidate compiler generated dependencies of target gmock_main[0m
[0.045s] [35m[1mConsolidate compiler generated dependencies of target gmock[0m
[0.046s] [35m[1mConsolidate compiler generated dependencies of target hardware_interface[0m
[0.053s] [  5%] Built target gmock_main
[0.054s] [ 14%] Built target gmock
[0.059s] [ 35%] Built target hardware_interface
[0.061s] [35m[1mConsolidate compiler generated dependencies of target test_macros[0m
[0.068s] [35m[1mConsolidate compiler generated dependencies of target test_inst_hardwares[0m
[0.068s] [35m[1mConsolidate compiler generated dependencies of target test_component_interfaces[0m
[0.068s] [35m[1mConsolidate compiler generated dependencies of target fake_components[0m
[0.069s] [35m[1mConsolidate compiler generated dependencies of target mock_components[0m
[0.070s] [35m[1mConsolidate compiler generated dependencies of target test_joint_handle[0m
[0.070s] [35m[1mConsolidate compiler generated dependencies of target test_component_parser[0m
[0.071s] [35m[1mConsolidate compiler generated dependencies of target test_generic_system[0m
[0.071s] [35m[1mConsolidate compiler generated dependencies of target test_hardware_components[0m
[0.075s] [ 41%] Built target test_macros
[0.081s] [ 47%] Built target test_joint_handle
[0.081s] [ 55%] Built target fake_components
[0.082s] [ 61%] Built target test_component_interfaces
[0.083s] [ 76%] Built target test_hardware_components
[0.083s] [ 88%] Built target mock_components
[0.083s] [ 88%] Built target test_inst_hardwares
[0.084s] [ 94%] Built target test_component_parser
[0.084s] [100%] Built target test_generic_system
[0.154s] Invoked command in '/home/psd/psd_ws/build/hardware_interface' returned '0': AMENT_PREFIX_PATH=/home/psd/psd_ws/install/ros2_control_test_assets:/home/psd/psd_ws/install/control_msgs:${AMENT_PREFIX_PATH} CMAKE_PREFIX_PATH=/home/psd/psd_ws/install/ros2_control_test_assets:/home/psd/psd_ws/install/control_msgs:/opt/ros/humble LD_LIBRARY_PATH=/home/psd/psd_ws/install/control_msgs/lib:${LD_LIBRARY_PATH} PYTHONPATH=/home/psd/psd_ws/install/control_msgs/local/lib/python3.10/dist-packages:${PYTHONPATH} /usr/bin/cmake --build /home/psd/psd_ws/build/hardware_interface -- -j20 -l20
[0.196s] Invoking command in '/home/psd/psd_ws/build/hardware_interface': AMENT_PREFIX_PATH=/home/psd/psd_ws/install/ros2_control_test_assets:/home/psd/psd_ws/install/control_msgs:${AMENT_PREFIX_PATH} CMAKE_PREFIX_PATH=/home/psd/psd_ws/install/ros2_control_test_assets:/home/psd/psd_ws/install/control_msgs:/opt/ros/humble LD_LIBRARY_PATH=/home/psd/psd_ws/install/control_msgs/lib:${LD_LIBRARY_PATH} PYTHONPATH=/home/psd/psd_ws/install/control_msgs/local/lib/python3.10/dist-packages:${PYTHONPATH} /usr/bin/cmake --install /home/psd/psd_ws/build/hardware_interface
[0.200s] -- Install configuration: ""
[0.200s] -- Up-to-date: /home/psd/psd_ws/install/hardware_interface/share/hardware_interface/mock_components_plugin_description.xml
[0.200s] -- Up-to-date: /home/psd/psd_ws/install/hardware_interface/share/hardware_interface/fake_components_plugin_description.xml
[0.200s] -- Up-to-date: /home/psd/psd_ws/install/hardware_interface/include
[0.200s] -- Up-to-date: /home/psd/psd_ws/install/hardware_interface/include/fake_components
[0.200s] -- Up-to-date: /home/psd/psd_ws/install/hardware_interface/include/fake_components/visibility_control.h
[0.200s] -- Up-to-date: /home/psd/psd_ws/install/hardware_interface/include/fake_components/generic_system.hpp
[0.200s] -- Up-to-date: /home/psd/psd_ws/install/hardware_interface/include/mock_components
[0.200s] -- Up-to-date: /home/psd/psd_ws/install/hardware_interface/include/mock_components/visibility_control.h
[0.200s] -- Up-to-date: /home/psd/psd_ws/install/hardware_interface/include/mock_components/generic_system.hpp
[0.201s] -- Up-to-date: /home/psd/psd_ws/install/hardware_interface/include/hardware_interface
[0.201s] -- Up-to-date: /home/psd/psd_ws/install/hardware_interface/include/hardware_interface/loaned_command_interface.hpp
[0.201s] -- Up-to-date: /home/psd/psd_ws/install/hardware_interface/include/hardware_interface/lexical_casts.hpp
[0.201s] -- Up-to-date: /home/psd/psd_ws/install/hardware_interface/include/hardware_interface/resource_manager.hpp
[0.201s] -- Up-to-date: /home/psd/psd_ws/install/hardware_interface/include/hardware_interface/macros.hpp
[0.201s] -- Up-to-date: /home/psd/psd_ws/install/hardware_interface/include/hardware_interface/sensor.hpp
[0.201s] -- Up-to-date: /home/psd/psd_ws/install/hardware_interface/include/hardware_interface/controller_info.hpp
[0.201s] -- Up-to-date: /home/psd/psd_ws/install/hardware_interface/include/hardware_interface/actuator_interface.hpp
[0.201s] -- Up-to-date: /home/psd/psd_ws/install/hardware_interface/include/hardware_interface/types
[0.201s] -- Up-to-date: /home/psd/psd_ws/install/hardware_interface/include/hardware_interface/types/hardware_interface_type_values.hpp
[0.201s] -- Up-to-date: /home/psd/psd_ws/install/hardware_interface/include/hardware_interface/types/lifecycle_state_names.hpp
[0.201s] -- Up-to-date: /home/psd/psd_ws/install/hardware_interface/include/hardware_interface/types/hardware_interface_return_values.hpp
[0.201s] -- Up-to-date: /home/psd/psd_ws/install/hardware_interface/include/hardware_interface/system_interface.hpp
[0.201s] -- Up-to-date: /home/psd/psd_ws/install/hardware_interface/include/hardware_interface/sensor_interface.hpp
[0.201s] -- Up-to-date: /home/psd/psd_ws/install/hardware_interface/include/hardware_interface/visibility_control.h
[0.201s] -- Up-to-date: /home/psd/psd_ws/install/hardware_interface/include/hardware_interface/actuator.hpp
[0.201s] -- Up-to-date: /home/psd/psd_ws/install/hardware_interface/include/hardware_interface/component_parser.hpp
[0.201s] -- Up-to-date: /home/psd/psd_ws/install/hardware_interface/include/hardware_interface/hardware_info.hpp
[0.201s] -- Up-to-date: /home/psd/psd_ws/install/hardware_interface/include/hardware_interface/system.hpp
[0.201s] -- Up-to-date: /home/psd/psd_ws/install/hardware_interface/include/hardware_interface/handle.hpp
[0.201s] -- Up-to-date: /home/psd/psd_ws/install/hardware_interface/include/hardware_interface/loaned_state_interface.hpp
[0.201s] -- Up-to-date: /home/psd/psd_ws/install/hardware_interface/include/hardware_interface/hardware_component_info.hpp
[0.202s] -- Up-to-date: /home/psd/psd_ws/install/hardware_interface/lib/libfake_components.so
[0.202s] -- Up-to-date: /home/psd/psd_ws/install/hardware_interface/lib/libmock_components.so
[0.203s] -- Up-to-date: /home/psd/psd_ws/install/hardware_interface/lib/libhardware_interface.so
[0.203s] -- Up-to-date: /home/psd/psd_ws/install/hardware_interface/lib/libtest_hardware_components.so
[0.203s] -- Up-to-date: /home/psd/psd_ws/install/hardware_interface/share/hardware_interface/test/test_hardware_components/test_hardware_components.xml
[0.203s] -- Up-to-date: /home/psd/psd_ws/install/hardware_interface/share/hardware_interface/environment/library_path.sh
[0.203s] -- Up-to-date: /home/psd/psd_ws/install/hardware_interface/share/hardware_interface/environment/library_path.dsv
[0.204s] -- Up-to-date: /home/psd/psd_ws/install/hardware_interface/share/ament_index/resource_index/package_run_dependencies/hardware_interface
[0.204s] -- Up-to-date: /home/psd/psd_ws/install/hardware_interface/share/ament_index/resource_index/parent_prefix_path/hardware_interface
[0.204s] -- Up-to-date: /home/psd/psd_ws/install/hardware_interface/share/hardware_interface/environment/ament_prefix_path.sh
[0.204s] -- Up-to-date: /home/psd/psd_ws/install/hardware_interface/share/hardware_interface/environment/ament_prefix_path.dsv
[0.204s] -- Up-to-date: /home/psd/psd_ws/install/hardware_interface/share/hardware_interface/environment/path.sh
[0.204s] -- Up-to-date: /home/psd/psd_ws/install/hardware_interface/share/hardware_interface/environment/path.dsv
[0.204s] -- Up-to-date: /home/psd/psd_ws/install/hardware_interface/share/hardware_interface/local_setup.bash
[0.204s] -- Up-to-date: /home/psd/psd_ws/install/hardware_interface/share/hardware_interface/local_setup.sh
[0.204s] -- Up-to-date: /home/psd/psd_ws/install/hardware_interface/share/hardware_interface/local_setup.zsh
[0.204s] -- Up-to-date: /home/psd/psd_ws/install/hardware_interface/share/hardware_interface/local_setup.dsv
[0.204s] -- Installing: /home/psd/psd_ws/install/hardware_interface/share/hardware_interface/package.dsv
[0.204s] -- Up-to-date: /home/psd/psd_ws/install/hardware_interface/share/ament_index/resource_index/packages/hardware_interface
[0.204s] -- Up-to-date: /home/psd/psd_ws/install/hardware_interface/share/ament_index/resource_index/hardware_interface__pluginlib__plugin/hardware_interface
[0.204s] -- Up-to-date: /home/psd/psd_ws/install/hardware_interface/share/hardware_interface/cmake/ament_cmake_export_include_directories-extras.cmake
[0.204s] -- Up-to-date: /home/psd/psd_ws/install/hardware_interface/share/hardware_interface/cmake/ament_cmake_export_libraries-extras.cmake
[0.204s] -- Up-to-date: /home/psd/psd_ws/install/hardware_interface/share/hardware_interface/cmake/ament_cmake_export_dependencies-extras.cmake
[0.204s] -- Up-to-date: /home/psd/psd_ws/install/hardware_interface/share/hardware_interface/cmake/hardware_interfaceConfig.cmake
[0.204s] -- Up-to-date: /home/psd/psd_ws/install/hardware_interface/share/hardware_interface/cmake/hardware_interfaceConfig-version.cmake
[0.204s] -- Up-to-date: /home/psd/psd_ws/install/hardware_interface/share/hardware_interface/package.xml
[0.206s] Invoked command in '/home/psd/psd_ws/build/hardware_interface' returned '0': AMENT_PREFIX_PATH=/home/psd/psd_ws/install/ros2_control_test_assets:/home/psd/psd_ws/install/control_msgs:${AMENT_PREFIX_PATH} CMAKE_PREFIX_PATH=/home/psd/psd_ws/install/ros2_control_test_assets:/home/psd/psd_ws/install/control_msgs:/opt/ros/humble LD_LIBRARY_PATH=/home/psd/psd_ws/install/control_msgs/lib:${LD_LIBRARY_PATH} PYTHONPATH=/home/psd/psd_ws/install/control_msgs/local/lib/python3.10/dist-packages:${PYTHONPATH} /usr/bin/cmake --install /home/psd/psd_ws/build/hardware_interface
