[  9%] Built target realtime_tools
[ 19%] Built target thread_priority
[ 28%] Built target gmock_main
[ 42%] Built target gmock
[ 52%] Built target realtime_box_tests
[ 61%] Built target realtime_buffer_tests
[ 71%] Built target realtime_clock_tests
[ 90%] Built target realtime_publisher_tests
[ 90%] Built target realtime_publisher_tests_non_polling
[100%] Built target realtime_server_goal_handle_tests
-- Install configuration: ""
-- Up-to-date: /home/psd/psd_ws/install/realtime_tools/include/realtime_tools
-- Up-to-date: /home/psd/psd_ws/install/realtime_tools/include/realtime_tools/realtime_tools
-- Up-to-date: /home/psd/psd_ws/install/realtime_tools/include/realtime_tools/realtime_tools/realtime_box.h
-- Up-to-date: /home/psd/psd_ws/install/realtime_tools/include/realtime_tools/realtime_tools/realtime_server_goal_handle.h
-- Up-to-date: /home/psd/psd_ws/install/realtime_tools/include/realtime_tools/realtime_tools/realtime_buffer.h
-- Up-to-date: /home/psd/psd_ws/install/realtime_tools/include/realtime_tools/realtime_tools/realtime_publisher.h
-- Up-to-date: /home/psd/psd_ws/install/realtime_tools/include/realtime_tools/realtime_tools/thread_priority.hpp
-- Up-to-date: /home/psd/psd_ws/install/realtime_tools/include/realtime_tools/realtime_tools/realtime_clock.h
-- Up-to-date: /home/psd/psd_ws/install/realtime_tools/lib/librealtime_tools.so
-- Up-to-date: /home/psd/psd_ws/install/realtime_tools/lib/libthread_priority.so
-- Up-to-date: /home/psd/psd_ws/install/realtime_tools/share/realtime_tools/environment/library_path.sh
-- Up-to-date: /home/psd/psd_ws/install/realtime_tools/share/realtime_tools/environment/library_path.dsv
-- Up-to-date: /home/psd/psd_ws/install/realtime_tools/share/ament_index/resource_index/package_run_dependencies/realtime_tools
-- Up-to-date: /home/psd/psd_ws/install/realtime_tools/share/ament_index/resource_index/parent_prefix_path/realtime_tools
-- Up-to-date: /home/psd/psd_ws/install/realtime_tools/share/realtime_tools/environment/ament_prefix_path.sh
-- Up-to-date: /home/psd/psd_ws/install/realtime_tools/share/realtime_tools/environment/ament_prefix_path.dsv
-- Up-to-date: /home/psd/psd_ws/install/realtime_tools/share/realtime_tools/environment/path.sh
-- Up-to-date: /home/psd/psd_ws/install/realtime_tools/share/realtime_tools/environment/path.dsv
-- Up-to-date: /home/psd/psd_ws/install/realtime_tools/share/realtime_tools/local_setup.bash
-- Up-to-date: /home/psd/psd_ws/install/realtime_tools/share/realtime_tools/local_setup.sh
-- Up-to-date: /home/psd/psd_ws/install/realtime_tools/share/realtime_tools/local_setup.zsh
-- Up-to-date: /home/psd/psd_ws/install/realtime_tools/share/realtime_tools/local_setup.dsv
-- Installing: /home/psd/psd_ws/install/realtime_tools/share/realtime_tools/package.dsv
-- Up-to-date: /home/psd/psd_ws/install/realtime_tools/share/ament_index/resource_index/packages/realtime_tools
-- Up-to-date: /home/psd/psd_ws/install/realtime_tools/share/realtime_tools/cmake/export_realtime_toolsExport.cmake
-- Up-to-date: /home/psd/psd_ws/install/realtime_tools/share/realtime_tools/cmake/export_realtime_toolsExport-noconfig.cmake
-- Up-to-date: /home/psd/psd_ws/install/realtime_tools/share/realtime_tools/cmake/ament_cmake_export_targets-extras.cmake
-- Up-to-date: /home/psd/psd_ws/install/realtime_tools/share/realtime_tools/cmake/ament_cmake_export_dependencies-extras.cmake
-- Up-to-date: /home/psd/psd_ws/install/realtime_tools/share/realtime_tools/cmake/realtime_toolsConfig.cmake
-- Up-to-date: /home/psd/psd_ws/install/realtime_tools/share/realtime_tools/cmake/realtime_toolsConfig-version.cmake
-- Up-to-date: /home/psd/psd_ws/install/realtime_tools/share/realtime_tools/package.xml
