[0.052s] Invoking command in '/home/psd/psd_ws/build/ros2_control_demo_example_10': AMENT_PREFIX_PATH=/home/psd/psd_ws/install/ros2controlcli:/home/psd/psd_ws/install/joint_state_broadcaster:/home/psd/psd_ws/install/forward_command_controller:/home/psd/psd_ws/install/controller_manager:/home/psd/psd_ws/install/controller_interface:/home/psd/psd_ws/install/hardware_interface:/home/psd/psd_ws/install/ros2_controllers_test_nodes:/home/psd/psd_ws/install/ros2_control_test_assets:/home/psd/psd_ws/install/ros2_control_demo_description:/home/psd/psd_ws/install/realtime_tools:/home/psd/psd_ws/install/controller_manager_msgs:/home/psd/psd_ws/install/control_msgs:${AMENT_PREFIX_PATH} CMAKE_PREFIX_PATH=/home/psd/psd_ws/install/joint_state_broadcaster:/home/psd/psd_ws/install/forward_command_controller:/home/psd/psd_ws/install/controller_manager:/home/psd/psd_ws/install/controller_interface:/home/psd/psd_ws/install/hardware_interface:/home/psd/psd_ws/install/ros2_control_test_assets:/home/psd/psd_ws/install/ros2_control_demo_description:/home/psd/psd_ws/install/realtime_tools:/home/psd/psd_ws/install/controller_manager_msgs:/home/psd/psd_ws/install/control_msgs:/opt/ros/humble LD_LIBRARY_PATH=/home/psd/psd_ws/install/joint_state_broadcaster/lib:/home/psd/psd_ws/install/forward_command_controller/lib:/home/psd/psd_ws/install/controller_manager/lib:/home/psd/psd_ws/install/controller_interface/lib:/home/psd/psd_ws/install/hardware_interface/lib:/home/psd/psd_ws/install/realtime_tools/lib:/home/psd/psd_ws/install/controller_manager_msgs/lib:/home/psd/psd_ws/install/control_msgs/lib:${LD_LIBRARY_PATH} PYTHONPATH=/home/psd/psd_ws/build/ros2controlcli:/home/psd/psd_ws/install/ros2controlcli/lib/python3.10/site-packages:/home/psd/psd_ws/install/controller_manager/local/lib/python3.10/dist-packages:/home/psd/psd_ws/build/ros2_controllers_test_nodes:/home/psd/psd_ws/install/ros2_controllers_test_nodes/lib/python3.10/site-packages:/home/psd/psd_ws/install/controller_manager_msgs/local/lib/python3.10/dist-packages:/home/psd/psd_ws/install/control_msgs/local/lib/python3.10/dist-packages:${PYTHONPATH} /usr/bin/cmake /home/psd/psd_ws/src/ros-controls/ros2_control_demos/example_10 -DAMENT_CMAKE_SYMLINK_INSTALL=1 -DCMAKE_INSTALL_PREFIX=/home/psd/psd_ws/install/ros2_control_demo_example_10
[0.144s] -- The CXX compiler identification is GNU 11.4.0
[0.156s] -- Detecting CXX compiler ABI info
[0.294s] -- Detecting CXX compiler ABI info - done
[0.307s] -- Check for working CXX compiler: /usr/bin/c++ - skipped
[0.307s] -- Detecting CXX compile features
[0.323s] -- Detecting CXX compile features - done
[0.324s] -- Found ament_cmake: 1.3.8 (/opt/ros/humble/share/ament_cmake/cmake)
[0.594s] -- Found Python3: /usr/bin/python3 (found version "3.10.12") found components: Interpreter 
[0.689s] -- Override CMake install command with custom implementation using symlinks instead of copying resources
[0.760s] -- Found hardware_interface: 2.40.0 (/home/psd/psd_ws/install/hardware_interface/share/hardware_interface/cmake)
[0.846s] -- Found rosidl_generator_c: 3.1.5 (/opt/ros/humble/share/rosidl_generator_c/cmake)
[0.862s] -- Found rosidl_adapter: 3.1.5 (/opt/ros/humble/share/rosidl_adapter/cmake)
[0.879s] -- Found rosidl_generator_cpp: 3.1.5 (/opt/ros/humble/share/rosidl_generator_cpp/cmake)
[0.905s] -- Using all available rosidl_typesupport_c: rosidl_typesupport_fastrtps_c;rosidl_typesupport_introspection_c
[0.945s] -- Using all available rosidl_typesupport_cpp: rosidl_typesupport_fastrtps_cpp;rosidl_typesupport_introspection_cpp
[2.075s] -- Found rmw_implementation_cmake: 6.1.1 (/opt/ros/humble/share/rmw_implementation_cmake/cmake)
[2.082s] -- Found rmw_fastrtps_cpp: 6.2.6 (/opt/ros/humble/share/rmw_fastrtps_cpp/cmake)
[2.154s] -- Found TinyXML2 via Config file: TinyXML2_DIR-NOTFOUND
[2.231s] -- Found OpenSSL: /usr/lib/x86_64-linux-gnu/libcrypto.so (found version "3.0.2")  
[2.235s] -- Found TinyXML2 via Config file: TinyXML2_DIR-NOTFOUND
[2.257s] -- Found FastRTPS: /opt/ros/humble/include  
[2.273s] -- Found TinyXML2 via Config file: TinyXML2_DIR-NOTFOUND
[2.285s] -- Found TinyXML2 via Config file: TinyXML2_DIR-NOTFOUND
[2.301s] -- Using RMW implementation 'rmw_fastrtps_cpp' as default
[2.324s] -- Looking for C++ include pthread.h
[2.464s] -- Looking for C++ include pthread.h - found
[2.464s] -- Performing Test CMAKE_HAVE_LIBC_PTHREAD
[2.608s] -- Performing Test CMAKE_HAVE_LIBC_PTHREAD - Success
[2.622s] -- Found Threads: TRUE  
[2.888s] -- Found controller_interface: 2.40.0 (/home/psd/psd_ws/install/controller_interface/share/controller_interface/cmake)
[3.438s] -- Found ament_cmake_pytest: 1.3.8 (/opt/ros/humble/share/ament_cmake_pytest/cmake)
[4.708s] -- Configuring done
[4.770s] -- Generating done
[4.773s] -- Build files have been written to: /home/psd/psd_ws/build/ros2_control_demo_example_10
[4.789s] Invoked command in '/home/psd/psd_ws/build/ros2_control_demo_example_10' returned '0': AMENT_PREFIX_PATH=/home/psd/psd_ws/install/ros2controlcli:/home/psd/psd_ws/install/joint_state_broadcaster:/home/psd/psd_ws/install/forward_command_controller:/home/psd/psd_ws/install/controller_manager:/home/psd/psd_ws/install/controller_interface:/home/psd/psd_ws/install/hardware_interface:/home/psd/psd_ws/install/ros2_controllers_test_nodes:/home/psd/psd_ws/install/ros2_control_test_assets:/home/psd/psd_ws/install/ros2_control_demo_description:/home/psd/psd_ws/install/realtime_tools:/home/psd/psd_ws/install/controller_manager_msgs:/home/psd/psd_ws/install/control_msgs:${AMENT_PREFIX_PATH} CMAKE_PREFIX_PATH=/home/psd/psd_ws/install/joint_state_broadcaster:/home/psd/psd_ws/install/forward_command_controller:/home/psd/psd_ws/install/controller_manager:/home/psd/psd_ws/install/controller_interface:/home/psd/psd_ws/install/hardware_interface:/home/psd/psd_ws/install/ros2_control_test_assets:/home/psd/psd_ws/install/ros2_control_demo_description:/home/psd/psd_ws/install/realtime_tools:/home/psd/psd_ws/install/controller_manager_msgs:/home/psd/psd_ws/install/control_msgs:/opt/ros/humble LD_LIBRARY_PATH=/home/psd/psd_ws/install/joint_state_broadcaster/lib:/home/psd/psd_ws/install/forward_command_controller/lib:/home/psd/psd_ws/install/controller_manager/lib:/home/psd/psd_ws/install/controller_interface/lib:/home/psd/psd_ws/install/hardware_interface/lib:/home/psd/psd_ws/install/realtime_tools/lib:/home/psd/psd_ws/install/controller_manager_msgs/lib:/home/psd/psd_ws/install/control_msgs/lib:${LD_LIBRARY_PATH} PYTHONPATH=/home/psd/psd_ws/build/ros2controlcli:/home/psd/psd_ws/install/ros2controlcli/lib/python3.10/site-packages:/home/psd/psd_ws/install/controller_manager/local/lib/python3.10/dist-packages:/home/psd/psd_ws/build/ros2_controllers_test_nodes:/home/psd/psd_ws/install/ros2_controllers_test_nodes/lib/python3.10/site-packages:/home/psd/psd_ws/install/controller_manager_msgs/local/lib/python3.10/dist-packages:/home/psd/psd_ws/install/control_msgs/local/lib/python3.10/dist-packages:${PYTHONPATH} /usr/bin/cmake /home/psd/psd_ws/src/ros-controls/ros2_control_demos/example_10 -DAMENT_CMAKE_SYMLINK_INSTALL=1 -DCMAKE_INSTALL_PREFIX=/home/psd/psd_ws/install/ros2_control_demo_example_10
[4.789s] Invoking command in '/home/psd/psd_ws/build/ros2_control_demo_example_10': AMENT_PREFIX_PATH=/home/psd/psd_ws/install/ros2controlcli:/home/psd/psd_ws/install/joint_state_broadcaster:/home/psd/psd_ws/install/forward_command_controller:/home/psd/psd_ws/install/controller_manager:/home/psd/psd_ws/install/controller_interface:/home/psd/psd_ws/install/hardware_interface:/home/psd/psd_ws/install/ros2_controllers_test_nodes:/home/psd/psd_ws/install/ros2_control_test_assets:/home/psd/psd_ws/install/ros2_control_demo_description:/home/psd/psd_ws/install/realtime_tools:/home/psd/psd_ws/install/controller_manager_msgs:/home/psd/psd_ws/install/control_msgs:${AMENT_PREFIX_PATH} CMAKE_PREFIX_PATH=/home/psd/psd_ws/install/joint_state_broadcaster:/home/psd/psd_ws/install/forward_command_controller:/home/psd/psd_ws/install/controller_manager:/home/psd/psd_ws/install/controller_interface:/home/psd/psd_ws/install/hardware_interface:/home/psd/psd_ws/install/ros2_control_test_assets:/home/psd/psd_ws/install/ros2_control_demo_description:/home/psd/psd_ws/install/realtime_tools:/home/psd/psd_ws/install/controller_manager_msgs:/home/psd/psd_ws/install/control_msgs:/opt/ros/humble LD_LIBRARY_PATH=/home/psd/psd_ws/install/joint_state_broadcaster/lib:/home/psd/psd_ws/install/forward_command_controller/lib:/home/psd/psd_ws/install/controller_manager/lib:/home/psd/psd_ws/install/controller_interface/lib:/home/psd/psd_ws/install/hardware_interface/lib:/home/psd/psd_ws/install/realtime_tools/lib:/home/psd/psd_ws/install/controller_manager_msgs/lib:/home/psd/psd_ws/install/control_msgs/lib:${LD_LIBRARY_PATH} PYTHONPATH=/home/psd/psd_ws/build/ros2controlcli:/home/psd/psd_ws/install/ros2controlcli/lib/python3.10/site-packages:/home/psd/psd_ws/install/controller_manager/local/lib/python3.10/dist-packages:/home/psd/psd_ws/build/ros2_controllers_test_nodes:/home/psd/psd_ws/install/ros2_controllers_test_nodes/lib/python3.10/site-packages:/home/psd/psd_ws/install/controller_manager_msgs/local/lib/python3.10/dist-packages:/home/psd/psd_ws/install/control_msgs/local/lib/python3.10/dist-packages:${PYTHONPATH} /usr/bin/cmake --build /home/psd/psd_ws/build/ros2_control_demo_example_10 -- -j20 -l20
[5.966s] [ 33%] [32mBuilding CXX object CMakeFiles/ros2_control_demo_example_10.dir/hardware/rrbot.cpp.o[0m
[5.966s] [ 66%] [32mBuilding CXX object CMakeFiles/ros2_control_demo_example_10.dir/controllers/gpio_controller.cpp.o[0m
[19.708s] [100%] [32m[1mLinking CXX shared library libros2_control_demo_example_10.so[0m
[20.744s] [100%] Built target ros2_control_demo_example_10
[20.758s] Invoked command in '/home/psd/psd_ws/build/ros2_control_demo_example_10' returned '0': AMENT_PREFIX_PATH=/home/psd/psd_ws/install/ros2controlcli:/home/psd/psd_ws/install/joint_state_broadcaster:/home/psd/psd_ws/install/forward_command_controller:/home/psd/psd_ws/install/controller_manager:/home/psd/psd_ws/install/controller_interface:/home/psd/psd_ws/install/hardware_interface:/home/psd/psd_ws/install/ros2_controllers_test_nodes:/home/psd/psd_ws/install/ros2_control_test_assets:/home/psd/psd_ws/install/ros2_control_demo_description:/home/psd/psd_ws/install/realtime_tools:/home/psd/psd_ws/install/controller_manager_msgs:/home/psd/psd_ws/install/control_msgs:${AMENT_PREFIX_PATH} CMAKE_PREFIX_PATH=/home/psd/psd_ws/install/joint_state_broadcaster:/home/psd/psd_ws/install/forward_command_controller:/home/psd/psd_ws/install/controller_manager:/home/psd/psd_ws/install/controller_interface:/home/psd/psd_ws/install/hardware_interface:/home/psd/psd_ws/install/ros2_control_test_assets:/home/psd/psd_ws/install/ros2_control_demo_description:/home/psd/psd_ws/install/realtime_tools:/home/psd/psd_ws/install/controller_manager_msgs:/home/psd/psd_ws/install/control_msgs:/opt/ros/humble LD_LIBRARY_PATH=/home/psd/psd_ws/install/joint_state_broadcaster/lib:/home/psd/psd_ws/install/forward_command_controller/lib:/home/psd/psd_ws/install/controller_manager/lib:/home/psd/psd_ws/install/controller_interface/lib:/home/psd/psd_ws/install/hardware_interface/lib:/home/psd/psd_ws/install/realtime_tools/lib:/home/psd/psd_ws/install/controller_manager_msgs/lib:/home/psd/psd_ws/install/control_msgs/lib:${LD_LIBRARY_PATH} PYTHONPATH=/home/psd/psd_ws/build/ros2controlcli:/home/psd/psd_ws/install/ros2controlcli/lib/python3.10/site-packages:/home/psd/psd_ws/install/controller_manager/local/lib/python3.10/dist-packages:/home/psd/psd_ws/build/ros2_controllers_test_nodes:/home/psd/psd_ws/install/ros2_controllers_test_nodes/lib/python3.10/site-packages:/home/psd/psd_ws/install/controller_manager_msgs/local/lib/python3.10/dist-packages:/home/psd/psd_ws/install/control_msgs/local/lib/python3.10/dist-packages:${PYTHONPATH} /usr/bin/cmake --build /home/psd/psd_ws/build/ros2_control_demo_example_10 -- -j20 -l20
[20.794s] Invoking command in '/home/psd/psd_ws/build/ros2_control_demo_example_10': AMENT_PREFIX_PATH=/home/psd/psd_ws/install/ros2controlcli:/home/psd/psd_ws/install/joint_state_broadcaster:/home/psd/psd_ws/install/forward_command_controller:/home/psd/psd_ws/install/controller_manager:/home/psd/psd_ws/install/controller_interface:/home/psd/psd_ws/install/hardware_interface:/home/psd/psd_ws/install/ros2_controllers_test_nodes:/home/psd/psd_ws/install/ros2_control_test_assets:/home/psd/psd_ws/install/ros2_control_demo_description:/home/psd/psd_ws/install/realtime_tools:/home/psd/psd_ws/install/controller_manager_msgs:/home/psd/psd_ws/install/control_msgs:${AMENT_PREFIX_PATH} CMAKE_PREFIX_PATH=/home/psd/psd_ws/install/joint_state_broadcaster:/home/psd/psd_ws/install/forward_command_controller:/home/psd/psd_ws/install/controller_manager:/home/psd/psd_ws/install/controller_interface:/home/psd/psd_ws/install/hardware_interface:/home/psd/psd_ws/install/ros2_control_test_assets:/home/psd/psd_ws/install/ros2_control_demo_description:/home/psd/psd_ws/install/realtime_tools:/home/psd/psd_ws/install/controller_manager_msgs:/home/psd/psd_ws/install/control_msgs:/opt/ros/humble LD_LIBRARY_PATH=/home/psd/psd_ws/install/joint_state_broadcaster/lib:/home/psd/psd_ws/install/forward_command_controller/lib:/home/psd/psd_ws/install/controller_manager/lib:/home/psd/psd_ws/install/controller_interface/lib:/home/psd/psd_ws/install/hardware_interface/lib:/home/psd/psd_ws/install/realtime_tools/lib:/home/psd/psd_ws/install/controller_manager_msgs/lib:/home/psd/psd_ws/install/control_msgs/lib:${LD_LIBRARY_PATH} PYTHONPATH=/home/psd/psd_ws/build/ros2controlcli:/home/psd/psd_ws/install/ros2controlcli/lib/python3.10/site-packages:/home/psd/psd_ws/install/controller_manager/local/lib/python3.10/dist-packages:/home/psd/psd_ws/build/ros2_controllers_test_nodes:/home/psd/psd_ws/install/ros2_controllers_test_nodes/lib/python3.10/site-packages:/home/psd/psd_ws/install/controller_manager_msgs/local/lib/python3.10/dist-packages:/home/psd/psd_ws/install/control_msgs/local/lib/python3.10/dist-packages:${PYTHONPATH} /usr/bin/cmake --install /home/psd/psd_ws/build/ros2_control_demo_example_10
[20.806s] -- Install configuration: ""
[20.807s] -- Execute custom install script
[20.807s] -- Symlinking: /home/psd/psd_ws/install/ros2_control_demo_example_10/share/ros2_control_demo_example_10//ros2_control_demo_example_10.xml
[20.839s] -- Up-to-date symlink: /home/psd/psd_ws/install/ros2_control_demo_example_10/share/ros2_control_demo_example_10//ros2_control_demo_example_10.xml
[20.840s] -- Symlinking: /home/psd/psd_ws/install/ros2_control_demo_example_10/include/ros2_control_demo_example_10/ros2_control_demo_example_10/rrbot.hpp
[20.857s] -- Symlinking: /home/psd/psd_ws/install/ros2_control_demo_example_10/include/ros2_control_demo_example_10/ros2_control_demo_example_10/visibility_control.h
[20.874s] -- Symlinking: /home/psd/psd_ws/install/ros2_control_demo_example_10/include/ros2_control_demo_example_10/ros2_control_demo_example_10/gpio_controller.hpp
[20.888s] -- Symlinking: /home/psd/psd_ws/install/ros2_control_demo_example_10/share/ros2_control_demo_example_10/launch/view_robot.launch.py
[20.904s] -- Symlinking: /home/psd/psd_ws/install/ros2_control_demo_example_10/share/ros2_control_demo_example_10/ros2_control/rrbot.ros2_control.xacro
[20.917s] -- Symlinking: /home/psd/psd_ws/install/ros2_control_demo_example_10/share/ros2_control_demo_example_10/urdf/rrbot.urdf.xacro
[20.933s] -- Symlinking: /home/psd/psd_ws/install/ros2_control_demo_example_10/share/ros2_control_demo_example_10/launch/rrbot.launch.py
[20.949s] -- Symlinking: /home/psd/psd_ws/install/ros2_control_demo_example_10/share/ros2_control_demo_example_10/launch/test_forward_position_controller.launch.py
[20.963s] -- Symlinking: /home/psd/psd_ws/install/ros2_control_demo_example_10/share/ros2_control_demo_example_10/config/rrbot_controllers.yaml
[20.977s] -- Symlinking: /home/psd/psd_ws/install/ros2_control_demo_example_10/share/ros2_control_demo_example_10/config/rrbot_forward_position_publisher.yaml
[20.990s] -- Symlinking: /home/psd/psd_ws/install/ros2_control_demo_example_10/share/ros2_control_demo_example_10/environment/library_path.sh
[21.004s] -- Symlinking: /home/psd/psd_ws/install/ros2_control_demo_example_10/share/ros2_control_demo_example_10/environment/library_path.dsv
[21.017s] -- Symlinking: /home/psd/psd_ws/install/ros2_control_demo_example_10/share/ament_index/resource_index/package_run_dependencies/ros2_control_demo_example_10
[21.030s] -- Symlinking: /home/psd/psd_ws/install/ros2_control_demo_example_10/share/ament_index/resource_index/parent_prefix_path/ros2_control_demo_example_10
[21.043s] -- Symlinking: /home/psd/psd_ws/install/ros2_control_demo_example_10/share/ros2_control_demo_example_10/environment/ament_prefix_path.sh
[21.055s] -- Symlinking: /home/psd/psd_ws/install/ros2_control_demo_example_10/share/ros2_control_demo_example_10/environment/ament_prefix_path.dsv
[21.068s] -- Symlinking: /home/psd/psd_ws/install/ros2_control_demo_example_10/share/ros2_control_demo_example_10/environment/path.sh
[21.082s] -- Symlinking: /home/psd/psd_ws/install/ros2_control_demo_example_10/share/ros2_control_demo_example_10/environment/path.dsv
[21.095s] -- Symlinking: /home/psd/psd_ws/install/ros2_control_demo_example_10/share/ros2_control_demo_example_10/local_setup.bash
[21.108s] -- Symlinking: /home/psd/psd_ws/install/ros2_control_demo_example_10/share/ros2_control_demo_example_10/local_setup.sh
[21.120s] -- Symlinking: /home/psd/psd_ws/install/ros2_control_demo_example_10/share/ros2_control_demo_example_10/local_setup.zsh
[21.134s] -- Symlinking: /home/psd/psd_ws/install/ros2_control_demo_example_10/share/ros2_control_demo_example_10/local_setup.dsv
[21.147s] -- Symlinking: /home/psd/psd_ws/install/ros2_control_demo_example_10/share/ros2_control_demo_example_10/package.dsv
[21.159s] -- Symlinking: /home/psd/psd_ws/install/ros2_control_demo_example_10/share/ament_index/resource_index/packages/ros2_control_demo_example_10
[21.171s] -- Symlinking: /home/psd/psd_ws/install/ros2_control_demo_example_10/share/ament_index/resource_index/hardware_interface__pluginlib__plugin/ros2_control_demo_example_10
[21.183s] -- Symlinking: /home/psd/psd_ws/install/ros2_control_demo_example_10/share/ament_index/resource_index/controller_interface__pluginlib__plugin/ros2_control_demo_example_10
[21.196s] -- Symlinking: /home/psd/psd_ws/install/ros2_control_demo_example_10/share/ros2_control_demo_example_10/cmake/ament_cmake_export_targets-extras.cmake
[21.208s] -- Symlinking: /home/psd/psd_ws/install/ros2_control_demo_example_10/share/ros2_control_demo_example_10/cmake/ament_cmake_export_dependencies-extras.cmake
[21.221s] -- Symlinking: /home/psd/psd_ws/install/ros2_control_demo_example_10/share/ros2_control_demo_example_10/cmake/ros2_control_demo_example_10Config.cmake
[21.233s] -- Symlinking: /home/psd/psd_ws/install/ros2_control_demo_example_10/share/ros2_control_demo_example_10/cmake/ros2_control_demo_example_10Config-version.cmake
[21.245s] -- Symlinking: /home/psd/psd_ws/install/ros2_control_demo_example_10/share/ros2_control_demo_example_10/package.xml
[21.258s] -- Installing: /home/psd/psd_ws/install/ros2_control_demo_example_10/lib/libros2_control_demo_example_10.so
[21.268s] -- Set runtime path of "/home/psd/psd_ws/install/ros2_control_demo_example_10/lib/libros2_control_demo_example_10.so" to ""
[21.269s] -- Installing: /home/psd/psd_ws/install/ros2_control_demo_example_10/share/ros2_control_demo_example_10/cmake/export_ros2_control_demo_example_10Export.cmake
[21.269s] -- Installing: /home/psd/psd_ws/install/ros2_control_demo_example_10/share/ros2_control_demo_example_10/cmake/export_ros2_control_demo_example_10Export-noconfig.cmake
[21.273s] Invoked command in '/home/psd/psd_ws/build/ros2_control_demo_example_10' returned '0': AMENT_PREFIX_PATH=/home/psd/psd_ws/install/ros2controlcli:/home/psd/psd_ws/install/joint_state_broadcaster:/home/psd/psd_ws/install/forward_command_controller:/home/psd/psd_ws/install/controller_manager:/home/psd/psd_ws/install/controller_interface:/home/psd/psd_ws/install/hardware_interface:/home/psd/psd_ws/install/ros2_controllers_test_nodes:/home/psd/psd_ws/install/ros2_control_test_assets:/home/psd/psd_ws/install/ros2_control_demo_description:/home/psd/psd_ws/install/realtime_tools:/home/psd/psd_ws/install/controller_manager_msgs:/home/psd/psd_ws/install/control_msgs:${AMENT_PREFIX_PATH} CMAKE_PREFIX_PATH=/home/psd/psd_ws/install/joint_state_broadcaster:/home/psd/psd_ws/install/forward_command_controller:/home/psd/psd_ws/install/controller_manager:/home/psd/psd_ws/install/controller_interface:/home/psd/psd_ws/install/hardware_interface:/home/psd/psd_ws/install/ros2_control_test_assets:/home/psd/psd_ws/install/ros2_control_demo_description:/home/psd/psd_ws/install/realtime_tools:/home/psd/psd_ws/install/controller_manager_msgs:/home/psd/psd_ws/install/control_msgs:/opt/ros/humble LD_LIBRARY_PATH=/home/psd/psd_ws/install/joint_state_broadcaster/lib:/home/psd/psd_ws/install/forward_command_controller/lib:/home/psd/psd_ws/install/controller_manager/lib:/home/psd/psd_ws/install/controller_interface/lib:/home/psd/psd_ws/install/hardware_interface/lib:/home/psd/psd_ws/install/realtime_tools/lib:/home/psd/psd_ws/install/controller_manager_msgs/lib:/home/psd/psd_ws/install/control_msgs/lib:${LD_LIBRARY_PATH} PYTHONPATH=/home/psd/psd_ws/build/ros2controlcli:/home/psd/psd_ws/install/ros2controlcli/lib/python3.10/site-packages:/home/psd/psd_ws/install/controller_manager/local/lib/python3.10/dist-packages:/home/psd/psd_ws/build/ros2_controllers_test_nodes:/home/psd/psd_ws/install/ros2_controllers_test_nodes/lib/python3.10/site-packages:/home/psd/psd_ws/install/controller_manager_msgs/local/lib/python3.10/dist-packages:/home/psd/psd_ws/install/control_msgs/local/lib/python3.10/dist-packages:${PYTHONPATH} /usr/bin/cmake --install /home/psd/psd_ws/build/ros2_control_demo_example_10
