[0.027s] Invoking command in '/home/psd/psd_ws/build/ros2_control_demo_example_11': AMENT_PREFIX_PATH=/home/psd/psd_ws/install/bicycle_steering_controller:/home/psd/psd_ws/install/steering_controllers_library:/home/psd/psd_ws/install/ros2controlcli:/home/psd/psd_ws/install/joint_state_broadcaster:/home/psd/psd_ws/install/controller_manager:/home/psd/psd_ws/install/controller_interface:/home/psd/psd_ws/install/hardware_interface:/home/psd/psd_ws/install/ros2_control_test_assets:/home/psd/psd_ws/install/ros2_control_demo_description:/home/psd/psd_ws/install/realtime_tools:/home/psd/psd_ws/install/controller_manager_msgs:/home/psd/psd_ws/install/control_msgs:${AMENT_PREFIX_PATH} CMAKE_PREFIX_PATH=/home/psd/psd_ws/install/bicycle_steering_controller:/home/psd/psd_ws/install/steering_controllers_library:/home/psd/psd_ws/install/joint_state_broadcaster:/home/psd/psd_ws/install/controller_manager:/home/psd/psd_ws/install/controller_interface:/home/psd/psd_ws/install/hardware_interface:/home/psd/psd_ws/install/ros2_control_test_assets:/home/psd/psd_ws/install/ros2_control_demo_description:/home/psd/psd_ws/install/realtime_tools:/home/psd/psd_ws/install/controller_manager_msgs:/home/psd/psd_ws/install/control_msgs:/opt/ros/humble LD_LIBRARY_PATH=/home/psd/psd_ws/install/bicycle_steering_controller/lib:/home/psd/psd_ws/install/steering_controllers_library/lib:/home/psd/psd_ws/install/joint_state_broadcaster/lib:/home/psd/psd_ws/install/controller_manager/lib:/home/psd/psd_ws/install/controller_interface/lib:/home/psd/psd_ws/install/hardware_interface/lib:/home/psd/psd_ws/install/realtime_tools/lib:/home/psd/psd_ws/install/controller_manager_msgs/lib:/home/psd/psd_ws/install/control_msgs/lib:${LD_LIBRARY_PATH} PYTHONPATH=/home/psd/psd_ws/build/ros2controlcli:/home/psd/psd_ws/install/ros2controlcli/lib/python3.10/site-packages:/home/psd/psd_ws/install/controller_manager/local/lib/python3.10/dist-packages:/home/psd/psd_ws/install/controller_manager_msgs/local/lib/python3.10/dist-packages:/home/psd/psd_ws/install/control_msgs/local/lib/python3.10/dist-packages:${PYTHONPATH} /usr/bin/cmake /home/psd/psd_ws/src/ros-controls/ros2_control_demos/example_11 -DAMENT_CMAKE_SYMLINK_INSTALL=1 -DCMAKE_INSTALL_PREFIX=/home/psd/psd_ws/install/ros2_control_demo_example_11
[0.084s] -- The CXX compiler identification is GNU 11.4.0
[0.090s] -- Detecting CXX compiler ABI info
[0.156s] -- Detecting CXX compiler ABI info - done
[0.163s] -- Check for working CXX compiler: /usr/bin/c++ - skipped
[0.163s] -- Detecting CXX compile features
[0.163s] -- Detecting CXX compile features - done
[0.167s] -- Found ament_cmake: 1.3.8 (/opt/ros/humble/share/ament_cmake/cmake)
[0.307s] -- Found Python3: /usr/bin/python3 (found version "3.10.12") found components: Interpreter 
[0.362s] -- Override CMake install command with custom implementation using symlinks instead of copying resources
[0.405s] -- Found hardware_interface: 2.40.0 (/home/psd/psd_ws/install/hardware_interface/share/hardware_interface/cmake)
[0.460s] -- Found rosidl_generator_c: 3.1.5 (/opt/ros/humble/share/rosidl_generator_c/cmake)
[0.468s] -- Found rosidl_adapter: 3.1.5 (/opt/ros/humble/share/rosidl_adapter/cmake)
[0.480s] -- Found rosidl_generator_cpp: 3.1.5 (/opt/ros/humble/share/rosidl_generator_cpp/cmake)
[0.496s] -- Using all available rosidl_typesupport_c: rosidl_typesupport_fastrtps_c;rosidl_typesupport_introspection_c
[0.518s] -- Using all available rosidl_typesupport_cpp: rosidl_typesupport_fastrtps_cpp;rosidl_typesupport_introspection_cpp
[1.147s] -- Found rmw_implementation_cmake: 6.1.1 (/opt/ros/humble/share/rmw_implementation_cmake/cmake)
[1.151s] -- Found rmw_fastrtps_cpp: 6.2.6 (/opt/ros/humble/share/rmw_fastrtps_cpp/cmake)
[1.193s] -- Found TinyXML2 via Config file: TinyXML2_DIR-NOTFOUND
[1.242s] -- Found OpenSSL: /usr/lib/x86_64-linux-gnu/libcrypto.so (found version "3.0.2")  
[1.245s] -- Found TinyXML2 via Config file: TinyXML2_DIR-NOTFOUND
[1.258s] -- Found FastRTPS: /opt/ros/humble/include  
[1.266s] -- Found TinyXML2 via Config file: TinyXML2_DIR-NOTFOUND
[1.273s] -- Found TinyXML2 via Config file: TinyXML2_DIR-NOTFOUND
[1.282s] -- Using RMW implementation 'rmw_fastrtps_cpp' as default
[1.297s] -- Looking for C++ include pthread.h
[1.376s] -- Looking for C++ include pthread.h - found
[1.376s] -- Performing Test CMAKE_HAVE_LIBC_PTHREAD
[1.456s] -- Performing Test CMAKE_HAVE_LIBC_PTHREAD - Success
[1.458s] -- Found Threads: TRUE  
[1.680s] -- Found ament_cmake_pytest: 1.3.8 (/opt/ros/humble/share/ament_cmake_pytest/cmake)
[2.146s] -- Configuring done
[2.162s] -- Generating done
[2.163s] -- Build files have been written to: /home/psd/psd_ws/build/ros2_control_demo_example_11
[2.169s] Invoked command in '/home/psd/psd_ws/build/ros2_control_demo_example_11' returned '0': AMENT_PREFIX_PATH=/home/psd/psd_ws/install/bicycle_steering_controller:/home/psd/psd_ws/install/steering_controllers_library:/home/psd/psd_ws/install/ros2controlcli:/home/psd/psd_ws/install/joint_state_broadcaster:/home/psd/psd_ws/install/controller_manager:/home/psd/psd_ws/install/controller_interface:/home/psd/psd_ws/install/hardware_interface:/home/psd/psd_ws/install/ros2_control_test_assets:/home/psd/psd_ws/install/ros2_control_demo_description:/home/psd/psd_ws/install/realtime_tools:/home/psd/psd_ws/install/controller_manager_msgs:/home/psd/psd_ws/install/control_msgs:${AMENT_PREFIX_PATH} CMAKE_PREFIX_PATH=/home/psd/psd_ws/install/bicycle_steering_controller:/home/psd/psd_ws/install/steering_controllers_library:/home/psd/psd_ws/install/joint_state_broadcaster:/home/psd/psd_ws/install/controller_manager:/home/psd/psd_ws/install/controller_interface:/home/psd/psd_ws/install/hardware_interface:/home/psd/psd_ws/install/ros2_control_test_assets:/home/psd/psd_ws/install/ros2_control_demo_description:/home/psd/psd_ws/install/realtime_tools:/home/psd/psd_ws/install/controller_manager_msgs:/home/psd/psd_ws/install/control_msgs:/opt/ros/humble LD_LIBRARY_PATH=/home/psd/psd_ws/install/bicycle_steering_controller/lib:/home/psd/psd_ws/install/steering_controllers_library/lib:/home/psd/psd_ws/install/joint_state_broadcaster/lib:/home/psd/psd_ws/install/controller_manager/lib:/home/psd/psd_ws/install/controller_interface/lib:/home/psd/psd_ws/install/hardware_interface/lib:/home/psd/psd_ws/install/realtime_tools/lib:/home/psd/psd_ws/install/controller_manager_msgs/lib:/home/psd/psd_ws/install/control_msgs/lib:${LD_LIBRARY_PATH} PYTHONPATH=/home/psd/psd_ws/build/ros2controlcli:/home/psd/psd_ws/install/ros2controlcli/lib/python3.10/site-packages:/home/psd/psd_ws/install/controller_manager/local/lib/python3.10/dist-packages:/home/psd/psd_ws/install/controller_manager_msgs/local/lib/python3.10/dist-packages:/home/psd/psd_ws/install/control_msgs/local/lib/python3.10/dist-packages:${PYTHONPATH} /usr/bin/cmake /home/psd/psd_ws/src/ros-controls/ros2_control_demos/example_11 -DAMENT_CMAKE_SYMLINK_INSTALL=1 -DCMAKE_INSTALL_PREFIX=/home/psd/psd_ws/install/ros2_control_demo_example_11
[2.169s] Invoking command in '/home/psd/psd_ws/build/ros2_control_demo_example_11': AMENT_PREFIX_PATH=/home/psd/psd_ws/install/bicycle_steering_controller:/home/psd/psd_ws/install/steering_controllers_library:/home/psd/psd_ws/install/ros2controlcli:/home/psd/psd_ws/install/joint_state_broadcaster:/home/psd/psd_ws/install/controller_manager:/home/psd/psd_ws/install/controller_interface:/home/psd/psd_ws/install/hardware_interface:/home/psd/psd_ws/install/ros2_control_test_assets:/home/psd/psd_ws/install/ros2_control_demo_description:/home/psd/psd_ws/install/realtime_tools:/home/psd/psd_ws/install/controller_manager_msgs:/home/psd/psd_ws/install/control_msgs:${AMENT_PREFIX_PATH} CMAKE_PREFIX_PATH=/home/psd/psd_ws/install/bicycle_steering_controller:/home/psd/psd_ws/install/steering_controllers_library:/home/psd/psd_ws/install/joint_state_broadcaster:/home/psd/psd_ws/install/controller_manager:/home/psd/psd_ws/install/controller_interface:/home/psd/psd_ws/install/hardware_interface:/home/psd/psd_ws/install/ros2_control_test_assets:/home/psd/psd_ws/install/ros2_control_demo_description:/home/psd/psd_ws/install/realtime_tools:/home/psd/psd_ws/install/controller_manager_msgs:/home/psd/psd_ws/install/control_msgs:/opt/ros/humble LD_LIBRARY_PATH=/home/psd/psd_ws/install/bicycle_steering_controller/lib:/home/psd/psd_ws/install/steering_controllers_library/lib:/home/psd/psd_ws/install/joint_state_broadcaster/lib:/home/psd/psd_ws/install/controller_manager/lib:/home/psd/psd_ws/install/controller_interface/lib:/home/psd/psd_ws/install/hardware_interface/lib:/home/psd/psd_ws/install/realtime_tools/lib:/home/psd/psd_ws/install/controller_manager_msgs/lib:/home/psd/psd_ws/install/control_msgs/lib:${LD_LIBRARY_PATH} PYTHONPATH=/home/psd/psd_ws/build/ros2controlcli:/home/psd/psd_ws/install/ros2controlcli/lib/python3.10/site-packages:/home/psd/psd_ws/install/controller_manager/local/lib/python3.10/dist-packages:/home/psd/psd_ws/install/controller_manager_msgs/local/lib/python3.10/dist-packages:/home/psd/psd_ws/install/control_msgs/local/lib/python3.10/dist-packages:${PYTHONPATH} /usr/bin/cmake --build /home/psd/psd_ws/build/ros2_control_demo_example_11 -- -j20 -l20
[2.203s] [ 50%] [32mBuilding CXX object CMakeFiles/ros2_control_demo_example_11.dir/hardware/carlikebot_system.cpp.o[0m
[4.317s] [100%] [32m[1mLinking CXX shared library libros2_control_demo_example_11.so[0m
[4.425s] [100%] Built target ros2_control_demo_example_11
[4.432s] Invoked command in '/home/psd/psd_ws/build/ros2_control_demo_example_11' returned '0': AMENT_PREFIX_PATH=/home/psd/psd_ws/install/bicycle_steering_controller:/home/psd/psd_ws/install/steering_controllers_library:/home/psd/psd_ws/install/ros2controlcli:/home/psd/psd_ws/install/joint_state_broadcaster:/home/psd/psd_ws/install/controller_manager:/home/psd/psd_ws/install/controller_interface:/home/psd/psd_ws/install/hardware_interface:/home/psd/psd_ws/install/ros2_control_test_assets:/home/psd/psd_ws/install/ros2_control_demo_description:/home/psd/psd_ws/install/realtime_tools:/home/psd/psd_ws/install/controller_manager_msgs:/home/psd/psd_ws/install/control_msgs:${AMENT_PREFIX_PATH} CMAKE_PREFIX_PATH=/home/psd/psd_ws/install/bicycle_steering_controller:/home/psd/psd_ws/install/steering_controllers_library:/home/psd/psd_ws/install/joint_state_broadcaster:/home/psd/psd_ws/install/controller_manager:/home/psd/psd_ws/install/controller_interface:/home/psd/psd_ws/install/hardware_interface:/home/psd/psd_ws/install/ros2_control_test_assets:/home/psd/psd_ws/install/ros2_control_demo_description:/home/psd/psd_ws/install/realtime_tools:/home/psd/psd_ws/install/controller_manager_msgs:/home/psd/psd_ws/install/control_msgs:/opt/ros/humble LD_LIBRARY_PATH=/home/psd/psd_ws/install/bicycle_steering_controller/lib:/home/psd/psd_ws/install/steering_controllers_library/lib:/home/psd/psd_ws/install/joint_state_broadcaster/lib:/home/psd/psd_ws/install/controller_manager/lib:/home/psd/psd_ws/install/controller_interface/lib:/home/psd/psd_ws/install/hardware_interface/lib:/home/psd/psd_ws/install/realtime_tools/lib:/home/psd/psd_ws/install/controller_manager_msgs/lib:/home/psd/psd_ws/install/control_msgs/lib:${LD_LIBRARY_PATH} PYTHONPATH=/home/psd/psd_ws/build/ros2controlcli:/home/psd/psd_ws/install/ros2controlcli/lib/python3.10/site-packages:/home/psd/psd_ws/install/controller_manager/local/lib/python3.10/dist-packages:/home/psd/psd_ws/install/controller_manager_msgs/local/lib/python3.10/dist-packages:/home/psd/psd_ws/install/control_msgs/local/lib/python3.10/dist-packages:${PYTHONPATH} /usr/bin/cmake --build /home/psd/psd_ws/build/ros2_control_demo_example_11 -- -j20 -l20
[4.447s] Invoking command in '/home/psd/psd_ws/build/ros2_control_demo_example_11': AMENT_PREFIX_PATH=/home/psd/psd_ws/install/bicycle_steering_controller:/home/psd/psd_ws/install/steering_controllers_library:/home/psd/psd_ws/install/ros2controlcli:/home/psd/psd_ws/install/joint_state_broadcaster:/home/psd/psd_ws/install/controller_manager:/home/psd/psd_ws/install/controller_interface:/home/psd/psd_ws/install/hardware_interface:/home/psd/psd_ws/install/ros2_control_test_assets:/home/psd/psd_ws/install/ros2_control_demo_description:/home/psd/psd_ws/install/realtime_tools:/home/psd/psd_ws/install/controller_manager_msgs:/home/psd/psd_ws/install/control_msgs:${AMENT_PREFIX_PATH} CMAKE_PREFIX_PATH=/home/psd/psd_ws/install/bicycle_steering_controller:/home/psd/psd_ws/install/steering_controllers_library:/home/psd/psd_ws/install/joint_state_broadcaster:/home/psd/psd_ws/install/controller_manager:/home/psd/psd_ws/install/controller_interface:/home/psd/psd_ws/install/hardware_interface:/home/psd/psd_ws/install/ros2_control_test_assets:/home/psd/psd_ws/install/ros2_control_demo_description:/home/psd/psd_ws/install/realtime_tools:/home/psd/psd_ws/install/controller_manager_msgs:/home/psd/psd_ws/install/control_msgs:/opt/ros/humble LD_LIBRARY_PATH=/home/psd/psd_ws/install/bicycle_steering_controller/lib:/home/psd/psd_ws/install/steering_controllers_library/lib:/home/psd/psd_ws/install/joint_state_broadcaster/lib:/home/psd/psd_ws/install/controller_manager/lib:/home/psd/psd_ws/install/controller_interface/lib:/home/psd/psd_ws/install/hardware_interface/lib:/home/psd/psd_ws/install/realtime_tools/lib:/home/psd/psd_ws/install/controller_manager_msgs/lib:/home/psd/psd_ws/install/control_msgs/lib:${LD_LIBRARY_PATH} PYTHONPATH=/home/psd/psd_ws/build/ros2controlcli:/home/psd/psd_ws/install/ros2controlcli/lib/python3.10/site-packages:/home/psd/psd_ws/install/controller_manager/local/lib/python3.10/dist-packages:/home/psd/psd_ws/install/controller_manager_msgs/local/lib/python3.10/dist-packages:/home/psd/psd_ws/install/control_msgs/local/lib/python3.10/dist-packages:${PYTHONPATH} /usr/bin/cmake --install /home/psd/psd_ws/build/ros2_control_demo_example_11
[4.452s] -- Install configuration: ""
[4.452s] -- Execute custom install script
[4.452s] -- Symlinking: /home/psd/psd_ws/install/ros2_control_demo_example_11/share/ros2_control_demo_example_11//ros2_control_demo_example_11.xml
[4.458s] -- Symlinking: /home/psd/psd_ws/install/ros2_control_demo_example_11/include/ros2_control_demo_example_11/ros2_control_demo_example_11/carlikebot_system.hpp
[4.463s] -- Symlinking: /home/psd/psd_ws/install/ros2_control_demo_example_11/include/ros2_control_demo_example_11/ros2_control_demo_example_11/visibility_control.h
[4.469s] -- Symlinking: /home/psd/psd_ws/install/ros2_control_demo_example_11/share/ros2_control_demo_example_11/launch/view_robot.launch.py
[4.474s] -- Symlinking: /home/psd/psd_ws/install/ros2_control_demo_example_11/share/ros2_control_demo_example_11/ros2_control/carlikebot.ros2_control.xacro
[4.479s] -- Symlinking: /home/psd/psd_ws/install/ros2_control_demo_example_11/share/ros2_control_demo_example_11/urdf/carlikebot.urdf.xacro
[4.484s] -- Symlinking: /home/psd/psd_ws/install/ros2_control_demo_example_11/share/ros2_control_demo_example_11/launch/carlikebot.launch.py
[4.490s] -- Symlinking: /home/psd/psd_ws/install/ros2_control_demo_example_11/share/ros2_control_demo_example_11/config/carlikebot_controllers.yaml
[4.495s] -- Symlinking: /home/psd/psd_ws/install/ros2_control_demo_example_11/share/ros2_control_demo_example_11/environment/library_path.sh
[4.500s] -- Symlinking: /home/psd/psd_ws/install/ros2_control_demo_example_11/share/ros2_control_demo_example_11/environment/library_path.dsv
[4.506s] -- Symlinking: /home/psd/psd_ws/install/ros2_control_demo_example_11/share/ament_index/resource_index/package_run_dependencies/ros2_control_demo_example_11
[4.512s] -- Symlinking: /home/psd/psd_ws/install/ros2_control_demo_example_11/share/ament_index/resource_index/parent_prefix_path/ros2_control_demo_example_11
[4.518s] -- Symlinking: /home/psd/psd_ws/install/ros2_control_demo_example_11/share/ros2_control_demo_example_11/environment/ament_prefix_path.sh
[4.524s] -- Symlinking: /home/psd/psd_ws/install/ros2_control_demo_example_11/share/ros2_control_demo_example_11/environment/ament_prefix_path.dsv
[4.530s] -- Symlinking: /home/psd/psd_ws/install/ros2_control_demo_example_11/share/ros2_control_demo_example_11/environment/path.sh
[4.536s] -- Symlinking: /home/psd/psd_ws/install/ros2_control_demo_example_11/share/ros2_control_demo_example_11/environment/path.dsv
[4.541s] -- Symlinking: /home/psd/psd_ws/install/ros2_control_demo_example_11/share/ros2_control_demo_example_11/local_setup.bash
[4.547s] -- Symlinking: /home/psd/psd_ws/install/ros2_control_demo_example_11/share/ros2_control_demo_example_11/local_setup.sh
[4.552s] -- Symlinking: /home/psd/psd_ws/install/ros2_control_demo_example_11/share/ros2_control_demo_example_11/local_setup.zsh
[4.558s] -- Symlinking: /home/psd/psd_ws/install/ros2_control_demo_example_11/share/ros2_control_demo_example_11/local_setup.dsv
[4.563s] -- Symlinking: /home/psd/psd_ws/install/ros2_control_demo_example_11/share/ros2_control_demo_example_11/package.dsv
[4.569s] -- Symlinking: /home/psd/psd_ws/install/ros2_control_demo_example_11/share/ament_index/resource_index/packages/ros2_control_demo_example_11
[4.574s] -- Symlinking: /home/psd/psd_ws/install/ros2_control_demo_example_11/share/ament_index/resource_index/hardware_interface__pluginlib__plugin/ros2_control_demo_example_11
[4.579s] -- Symlinking: /home/psd/psd_ws/install/ros2_control_demo_example_11/share/ros2_control_demo_example_11/cmake/ament_cmake_export_targets-extras.cmake
[4.585s] -- Symlinking: /home/psd/psd_ws/install/ros2_control_demo_example_11/share/ros2_control_demo_example_11/cmake/ament_cmake_export_dependencies-extras.cmake
[4.590s] -- Symlinking: /home/psd/psd_ws/install/ros2_control_demo_example_11/share/ros2_control_demo_example_11/cmake/ros2_control_demo_example_11Config.cmake
[4.595s] -- Symlinking: /home/psd/psd_ws/install/ros2_control_demo_example_11/share/ros2_control_demo_example_11/cmake/ros2_control_demo_example_11Config-version.cmake
[4.601s] -- Symlinking: /home/psd/psd_ws/install/ros2_control_demo_example_11/share/ros2_control_demo_example_11/package.xml
[4.606s] -- Installing: /home/psd/psd_ws/install/ros2_control_demo_example_11/lib/libros2_control_demo_example_11.so
[4.607s] -- Set runtime path of "/home/psd/psd_ws/install/ros2_control_demo_example_11/lib/libros2_control_demo_example_11.so" to ""
[4.607s] -- Installing: /home/psd/psd_ws/install/ros2_control_demo_example_11/share/ros2_control_demo_example_11/cmake/export_ros2_control_demo_example_11Export.cmake
[4.607s] -- Installing: /home/psd/psd_ws/install/ros2_control_demo_example_11/share/ros2_control_demo_example_11/cmake/export_ros2_control_demo_example_11Export-noconfig.cmake
[4.608s] Invoked command in '/home/psd/psd_ws/build/ros2_control_demo_example_11' returned '0': AMENT_PREFIX_PATH=/home/psd/psd_ws/install/bicycle_steering_controller:/home/psd/psd_ws/install/steering_controllers_library:/home/psd/psd_ws/install/ros2controlcli:/home/psd/psd_ws/install/joint_state_broadcaster:/home/psd/psd_ws/install/controller_manager:/home/psd/psd_ws/install/controller_interface:/home/psd/psd_ws/install/hardware_interface:/home/psd/psd_ws/install/ros2_control_test_assets:/home/psd/psd_ws/install/ros2_control_demo_description:/home/psd/psd_ws/install/realtime_tools:/home/psd/psd_ws/install/controller_manager_msgs:/home/psd/psd_ws/install/control_msgs:${AMENT_PREFIX_PATH} CMAKE_PREFIX_PATH=/home/psd/psd_ws/install/bicycle_steering_controller:/home/psd/psd_ws/install/steering_controllers_library:/home/psd/psd_ws/install/joint_state_broadcaster:/home/psd/psd_ws/install/controller_manager:/home/psd/psd_ws/install/controller_interface:/home/psd/psd_ws/install/hardware_interface:/home/psd/psd_ws/install/ros2_control_test_assets:/home/psd/psd_ws/install/ros2_control_demo_description:/home/psd/psd_ws/install/realtime_tools:/home/psd/psd_ws/install/controller_manager_msgs:/home/psd/psd_ws/install/control_msgs:/opt/ros/humble LD_LIBRARY_PATH=/home/psd/psd_ws/install/bicycle_steering_controller/lib:/home/psd/psd_ws/install/steering_controllers_library/lib:/home/psd/psd_ws/install/joint_state_broadcaster/lib:/home/psd/psd_ws/install/controller_manager/lib:/home/psd/psd_ws/install/controller_interface/lib:/home/psd/psd_ws/install/hardware_interface/lib:/home/psd/psd_ws/install/realtime_tools/lib:/home/psd/psd_ws/install/controller_manager_msgs/lib:/home/psd/psd_ws/install/control_msgs/lib:${LD_LIBRARY_PATH} PYTHONPATH=/home/psd/psd_ws/build/ros2controlcli:/home/psd/psd_ws/install/ros2controlcli/lib/python3.10/site-packages:/home/psd/psd_ws/install/controller_manager/local/lib/python3.10/dist-packages:/home/psd/psd_ws/install/controller_manager_msgs/local/lib/python3.10/dist-packages:/home/psd/psd_ws/install/control_msgs/local/lib/python3.10/dist-packages:${PYTHONPATH} /usr/bin/cmake --install /home/psd/psd_ws/build/ros2_control_demo_example_11
