[0.005s] Invoking command in '/home/ubuntu/psd_ws/build/psd_vehicle_bringup': AMENT_PREFIX_PATH=/home/ubuntu/psd_ws/install/psd_vehicle_description:${AMENT_PREFIX_PATH} CMAKE_PREFIX_PATH=/home/ubuntu/psd_ws/install/psd_vehicle_description:/opt/ros/jazzy/opt/gz_sim_vendor:/opt/ros/jazzy/opt/gz_sensors_vendor:/opt/ros/jazzy/opt/gz_physics_vendor:/opt/ros/jazzy/opt/sdformat_vendor:/opt/ros/jazzy/opt/gz_gui_vendor:/opt/ros/jazzy/opt/gz_transport_vendor:/opt/ros/jazzy/opt/gz_rendering_vendor:/opt/ros/jazzy/opt/gz_plugin_vendor:/opt/ros/jazzy/opt/gz_fuel_tools_vendor:/opt/ros/jazzy/opt/gz_msgs_vendor:/opt/ros/jazzy/opt/gz_common_vendor:/opt/ros/jazzy/opt/gz_math_vendor:/opt/ros/jazzy/opt/gz_utils_vendor:/opt/ros/jazzy/opt/gz_tools_vendor:/opt/ros/jazzy/opt/gz_ogre_next_vendor:/opt/ros/jazzy/opt/gz_dartsim_vendor:/opt/ros/jazzy/opt/gz_cmake_vendor:/opt/ros/jazzy /usr/bin/cmake /home/ubuntu/psd_ws/src/psd_vehicle_bringup -DAMENT_CMAKE_SYMLINK_INSTALL=1 -DCMAKE_INSTALL_PREFIX=/home/ubuntu/psd_ws/install/psd_vehicle_bringup
[0.041s] -- The C compiler identification is GNU 13.2.0
[0.080s] -- The CXX compiler identification is GNU 13.2.0
[0.090s] -- Detecting C compiler ABI info
[0.149s] -- Detecting C compiler ABI info - done
[0.154s] -- Check for working C compiler: /usr/bin/cc - skipped
[0.154s] -- Detecting C compile features
[0.154s] -- Detecting C compile features - done
[0.161s] -- Detecting CXX compiler ABI info
[0.228s] -- Detecting CXX compiler ABI info - done
[0.235s] -- Check for working CXX compiler: /usr/bin/c++ - skipped
[0.235s] -- Detecting CXX compile features
[0.235s] -- Detecting CXX compile features - done
[0.241s] -- Found ament_cmake: 2.5.0 (/opt/ros/jazzy/share/ament_cmake/cmake)
[0.348s] -- Found Python3: /usr/bin/python3 (found version "3.12.3") found components: Interpreter 
[0.401s] -- Override CMake install command with custom implementation using symlinks instead of copying resources
[0.520s] -- Configuring done (0.5s)
[0.522s] -- Generating done (0.0s)
[0.523s] -- Build files have been written to: /home/ubuntu/psd_ws/build/psd_vehicle_bringup
[0.526s] Invoked command in '/home/ubuntu/psd_ws/build/psd_vehicle_bringup' returned '0': AMENT_PREFIX_PATH=/home/ubuntu/psd_ws/install/psd_vehicle_description:${AMENT_PREFIX_PATH} CMAKE_PREFIX_PATH=/home/ubuntu/psd_ws/install/psd_vehicle_description:/opt/ros/jazzy/opt/gz_sim_vendor:/opt/ros/jazzy/opt/gz_sensors_vendor:/opt/ros/jazzy/opt/gz_physics_vendor:/opt/ros/jazzy/opt/sdformat_vendor:/opt/ros/jazzy/opt/gz_gui_vendor:/opt/ros/jazzy/opt/gz_transport_vendor:/opt/ros/jazzy/opt/gz_rendering_vendor:/opt/ros/jazzy/opt/gz_plugin_vendor:/opt/ros/jazzy/opt/gz_fuel_tools_vendor:/opt/ros/jazzy/opt/gz_msgs_vendor:/opt/ros/jazzy/opt/gz_common_vendor:/opt/ros/jazzy/opt/gz_math_vendor:/opt/ros/jazzy/opt/gz_utils_vendor:/opt/ros/jazzy/opt/gz_tools_vendor:/opt/ros/jazzy/opt/gz_ogre_next_vendor:/opt/ros/jazzy/opt/gz_dartsim_vendor:/opt/ros/jazzy/opt/gz_cmake_vendor:/opt/ros/jazzy /usr/bin/cmake /home/ubuntu/psd_ws/src/psd_vehicle_bringup -DAMENT_CMAKE_SYMLINK_INSTALL=1 -DCMAKE_INSTALL_PREFIX=/home/ubuntu/psd_ws/install/psd_vehicle_bringup
[0.526s] Invoking command in '/home/ubuntu/psd_ws/build/psd_vehicle_bringup': AMENT_PREFIX_PATH=/home/ubuntu/psd_ws/install/psd_vehicle_description:${AMENT_PREFIX_PATH} CMAKE_PREFIX_PATH=/home/ubuntu/psd_ws/install/psd_vehicle_description:/opt/ros/jazzy/opt/gz_sim_vendor:/opt/ros/jazzy/opt/gz_sensors_vendor:/opt/ros/jazzy/opt/gz_physics_vendor:/opt/ros/jazzy/opt/sdformat_vendor:/opt/ros/jazzy/opt/gz_gui_vendor:/opt/ros/jazzy/opt/gz_transport_vendor:/opt/ros/jazzy/opt/gz_rendering_vendor:/opt/ros/jazzy/opt/gz_plugin_vendor:/opt/ros/jazzy/opt/gz_fuel_tools_vendor:/opt/ros/jazzy/opt/gz_msgs_vendor:/opt/ros/jazzy/opt/gz_common_vendor:/opt/ros/jazzy/opt/gz_math_vendor:/opt/ros/jazzy/opt/gz_utils_vendor:/opt/ros/jazzy/opt/gz_tools_vendor:/opt/ros/jazzy/opt/gz_ogre_next_vendor:/opt/ros/jazzy/opt/gz_dartsim_vendor:/opt/ros/jazzy/opt/gz_cmake_vendor:/opt/ros/jazzy /usr/bin/cmake --build /home/ubuntu/psd_ws/build/psd_vehicle_bringup -- -j20 -l20
[0.552s] Invoked command in '/home/ubuntu/psd_ws/build/psd_vehicle_bringup' returned '0': AMENT_PREFIX_PATH=/home/ubuntu/psd_ws/install/psd_vehicle_description:${AMENT_PREFIX_PATH} CMAKE_PREFIX_PATH=/home/ubuntu/psd_ws/install/psd_vehicle_description:/opt/ros/jazzy/opt/gz_sim_vendor:/opt/ros/jazzy/opt/gz_sensors_vendor:/opt/ros/jazzy/opt/gz_physics_vendor:/opt/ros/jazzy/opt/sdformat_vendor:/opt/ros/jazzy/opt/gz_gui_vendor:/opt/ros/jazzy/opt/gz_transport_vendor:/opt/ros/jazzy/opt/gz_rendering_vendor:/opt/ros/jazzy/opt/gz_plugin_vendor:/opt/ros/jazzy/opt/gz_fuel_tools_vendor:/opt/ros/jazzy/opt/gz_msgs_vendor:/opt/ros/jazzy/opt/gz_common_vendor:/opt/ros/jazzy/opt/gz_math_vendor:/opt/ros/jazzy/opt/gz_utils_vendor:/opt/ros/jazzy/opt/gz_tools_vendor:/opt/ros/jazzy/opt/gz_ogre_next_vendor:/opt/ros/jazzy/opt/gz_dartsim_vendor:/opt/ros/jazzy/opt/gz_cmake_vendor:/opt/ros/jazzy /usr/bin/cmake --build /home/ubuntu/psd_ws/build/psd_vehicle_bringup -- -j20 -l20
[0.567s] Invoking command in '/home/ubuntu/psd_ws/build/psd_vehicle_bringup': AMENT_PREFIX_PATH=/home/ubuntu/psd_ws/install/psd_vehicle_description:${AMENT_PREFIX_PATH} CMAKE_PREFIX_PATH=/home/ubuntu/psd_ws/install/psd_vehicle_description:/opt/ros/jazzy/opt/gz_sim_vendor:/opt/ros/jazzy/opt/gz_sensors_vendor:/opt/ros/jazzy/opt/gz_physics_vendor:/opt/ros/jazzy/opt/sdformat_vendor:/opt/ros/jazzy/opt/gz_gui_vendor:/opt/ros/jazzy/opt/gz_transport_vendor:/opt/ros/jazzy/opt/gz_rendering_vendor:/opt/ros/jazzy/opt/gz_plugin_vendor:/opt/ros/jazzy/opt/gz_fuel_tools_vendor:/opt/ros/jazzy/opt/gz_msgs_vendor:/opt/ros/jazzy/opt/gz_common_vendor:/opt/ros/jazzy/opt/gz_math_vendor:/opt/ros/jazzy/opt/gz_utils_vendor:/opt/ros/jazzy/opt/gz_tools_vendor:/opt/ros/jazzy/opt/gz_ogre_next_vendor:/opt/ros/jazzy/opt/gz_dartsim_vendor:/opt/ros/jazzy/opt/gz_cmake_vendor:/opt/ros/jazzy /usr/bin/cmake --install /home/ubuntu/psd_ws/build/psd_vehicle_bringup
[0.571s] -- Install configuration: ""
[0.572s] -- Execute custom install script
[0.572s] -- Symlinking: /home/ubuntu/psd_ws/install/psd_vehicle_bringup/share/psd_vehicle_bringup/config/psd_vehicle_controllers.yaml
[0.578s] -- Symlinking: /home/ubuntu/psd_ws/install/psd_vehicle_bringup/share/psd_vehicle_bringup/gz_sim.launch.py
[0.584s] -- Symlinking: /home/ubuntu/psd_ws/install/psd_vehicle_bringup/share/ament_index/resource_index/package_run_dependencies/psd_vehicle_bringup
[0.590s] -- Symlinking: /home/ubuntu/psd_ws/install/psd_vehicle_bringup/share/ament_index/resource_index/parent_prefix_path/psd_vehicle_bringup
[0.596s] -- Symlinking: /home/ubuntu/psd_ws/install/psd_vehicle_bringup/share/psd_vehicle_bringup/environment/ament_prefix_path.sh
[0.602s] -- Symlinking: /home/ubuntu/psd_ws/install/psd_vehicle_bringup/share/psd_vehicle_bringup/environment/ament_prefix_path.dsv
[0.607s] -- Symlinking: /home/ubuntu/psd_ws/install/psd_vehicle_bringup/share/psd_vehicle_bringup/environment/path.sh
[0.613s] -- Symlinking: /home/ubuntu/psd_ws/install/psd_vehicle_bringup/share/psd_vehicle_bringup/environment/path.dsv
[0.619s] -- Symlinking: /home/ubuntu/psd_ws/install/psd_vehicle_bringup/share/psd_vehicle_bringup/local_setup.bash
[0.625s] -- Symlinking: /home/ubuntu/psd_ws/install/psd_vehicle_bringup/share/psd_vehicle_bringup/local_setup.sh
[0.631s] -- Symlinking: /home/ubuntu/psd_ws/install/psd_vehicle_bringup/share/psd_vehicle_bringup/local_setup.zsh
[0.637s] -- Symlinking: /home/ubuntu/psd_ws/install/psd_vehicle_bringup/share/psd_vehicle_bringup/local_setup.dsv
[0.642s] -- Symlinking: /home/ubuntu/psd_ws/install/psd_vehicle_bringup/share/psd_vehicle_bringup/package.dsv
[0.648s] -- Symlinking: /home/ubuntu/psd_ws/install/psd_vehicle_bringup/share/ament_index/resource_index/packages/psd_vehicle_bringup
[0.654s] -- Symlinking: /home/ubuntu/psd_ws/install/psd_vehicle_bringup/share/psd_vehicle_bringup/cmake/psd_vehicle_bringupConfig.cmake
[0.660s] -- Symlinking: /home/ubuntu/psd_ws/install/psd_vehicle_bringup/share/psd_vehicle_bringup/cmake/psd_vehicle_bringupConfig-version.cmake
[0.666s] -- Symlinking: /home/ubuntu/psd_ws/install/psd_vehicle_bringup/share/psd_vehicle_bringup/package.xml
[0.673s] Invoked command in '/home/ubuntu/psd_ws/build/psd_vehicle_bringup' returned '0': AMENT_PREFIX_PATH=/home/ubuntu/psd_ws/install/psd_vehicle_description:${AMENT_PREFIX_PATH} CMAKE_PREFIX_PATH=/home/ubuntu/psd_ws/install/psd_vehicle_description:/opt/ros/jazzy/opt/gz_sim_vendor:/opt/ros/jazzy/opt/gz_sensors_vendor:/opt/ros/jazzy/opt/gz_physics_vendor:/opt/ros/jazzy/opt/sdformat_vendor:/opt/ros/jazzy/opt/gz_gui_vendor:/opt/ros/jazzy/opt/gz_transport_vendor:/opt/ros/jazzy/opt/gz_rendering_vendor:/opt/ros/jazzy/opt/gz_plugin_vendor:/opt/ros/jazzy/opt/gz_fuel_tools_vendor:/opt/ros/jazzy/opt/gz_msgs_vendor:/opt/ros/jazzy/opt/gz_common_vendor:/opt/ros/jazzy/opt/gz_math_vendor:/opt/ros/jazzy/opt/gz_utils_vendor:/opt/ros/jazzy/opt/gz_tools_vendor:/opt/ros/jazzy/opt/gz_ogre_next_vendor:/opt/ros/jazzy/opt/gz_dartsim_vendor:/opt/ros/jazzy/opt/gz_cmake_vendor:/opt/ros/jazzy /usr/bin/cmake --install /home/ubuntu/psd_ws/build/psd_vehicle_bringup
