[0.583s] Invoking command in '/home/edo/psd_startup/ros2_ws/src/vision': PYTHONPATH=/home/edo/psd_startup/ros2_ws/build/vision/prefix_override:/home/edo/psd_startup/ros2_ws/install/vision/lib/python3.10/site-packages:${PYTHONPATH} /usr/bin/python3 setup.py egg_info --egg-base ../../build/vision build --build-base /home/edo/psd_startup/ros2_ws/build/vision/build install --record /home/edo/psd_startup/ros2_ws/build/vision/install.log --single-version-externally-managed
[0.708s] running egg_info
[0.708s] writing ../../build/vision/vision.egg-info/PKG-INFO
[0.709s] writing dependency_links to ../../build/vision/vision.egg-info/dependency_links.txt
[0.709s] writing entry points to ../../build/vision/vision.egg-info/entry_points.txt
[0.709s] writing requirements to ../../build/vision/vision.egg-info/requires.txt
[0.709s] writing top-level names to ../../build/vision/vision.egg-info/top_level.txt
[0.709s] reading manifest file '../../build/vision/vision.egg-info/SOURCES.txt'
[0.710s] writing manifest file '../../build/vision/vision.egg-info/SOURCES.txt'
[0.710s] running build
[0.710s] running build_py
[0.710s] running install
[0.718s] /usr/lib/python3/dist-packages/setuptools/command/install.py:34: SetuptoolsDeprecationWarning: setup.py install is deprecated. Use build and pip and other standards-based tools.
[0.718s]   warnings.warn(
[0.718s] running install_lib
[0.718s] running install_data
[0.719s] running install_egg_info
[0.720s] removing '/home/edo/psd_startup/ros2_ws/install/vision/lib/python3.10/site-packages/vision-0.0.0-py3.10.egg-info' (and everything under it)
[0.720s] Copying ../../build/vision/vision.egg-info to /home/edo/psd_startup/ros2_ws/install/vision/lib/python3.10/site-packages/vision-0.0.0-py3.10.egg-info
[0.723s] running install_scripts
[0.736s] Installing vision script to /home/edo/psd_startup/ros2_ws/install/vision/lib/vision
[0.736s] writing list of installed files to '/home/edo/psd_startup/ros2_ws/build/vision/install.log'
[0.783s] Invoked command in '/home/edo/psd_startup/ros2_ws/src/vision' returned '0': PYTHONPATH=/home/edo/psd_startup/ros2_ws/build/vision/prefix_override:/home/edo/psd_startup/ros2_ws/install/vision/lib/python3.10/site-packages:${PYTHONPATH} /usr/bin/python3 setup.py egg_info --egg-base ../../build/vision build --build-base /home/edo/psd_startup/ros2_ws/build/vision/build install --record /home/edo/psd_startup/ros2_ws/build/vision/install.log --single-version-externally-managed
