[  8%] Built target gmock
[ 29%] Built target hardware_interface
[ 35%] Built target gmock_main
[ 41%] Built target test_macros
[ 47%] Built target mock_components
[ 55%] Built target fake_components
[ 70%] Built target test_hardware_components
[ 76%] Built target test_inst_hardwares
[ 82%] Built target test_joint_handle
[ 88%] Built target test_generic_system
[ 94%] Built target test_component_parser
[100%] Built target test_component_interfaces
-- Install configuration: ""
-- Execute custom install script
-- Up-to-date symlink: /home/psd/psd_ws/install/hardware_interface/share/hardware_interface//mock_components_plugin_description.xml
-- Up-to-date symlink: /home/psd/psd_ws/install/hardware_interface/share/hardware_interface//fake_components_plugin_description.xml
-- Up-to-date symlink: /home/psd/psd_ws/install/hardware_interface/include/fake_components/generic_system.hpp
-- Up-to-date symlink: /home/psd/psd_ws/install/hardware_interface/include/fake_components/visibility_control.h
-- Up-to-date symlink: /home/psd/psd_ws/install/hardware_interface/include/hardware_interface/actuator.hpp
-- Up-to-date symlink: /home/psd/psd_ws/install/hardware_interface/include/hardware_interface/actuator_interface.hpp
-- Up-to-date symlink: /home/psd/psd_ws/install/hardware_interface/include/hardware_interface/component_parser.hpp
-- Up-to-date symlink: /home/psd/psd_ws/install/hardware_interface/include/hardware_interface/controller_info.hpp
-- Up-to-date symlink: /home/psd/psd_ws/install/hardware_interface/include/hardware_interface/handle.hpp
-- Up-to-date symlink: /home/psd/psd_ws/install/hardware_interface/include/hardware_interface/hardware_component_info.hpp
-- Up-to-date symlink: /home/psd/psd_ws/install/hardware_interface/include/hardware_interface/hardware_info.hpp
-- Up-to-date symlink: /home/psd/psd_ws/install/hardware_interface/include/hardware_interface/lexical_casts.hpp
-- Up-to-date symlink: /home/psd/psd_ws/install/hardware_interface/include/hardware_interface/loaned_command_interface.hpp
-- Up-to-date symlink: /home/psd/psd_ws/install/hardware_interface/include/hardware_interface/loaned_state_interface.hpp
-- Up-to-date symlink: /home/psd/psd_ws/install/hardware_interface/include/hardware_interface/macros.hpp
-- Up-to-date symlink: /home/psd/psd_ws/install/hardware_interface/include/hardware_interface/resource_manager.hpp
-- Up-to-date symlink: /home/psd/psd_ws/install/hardware_interface/include/hardware_interface/sensor.hpp
-- Up-to-date symlink: /home/psd/psd_ws/install/hardware_interface/include/hardware_interface/sensor_interface.hpp
-- Up-to-date symlink: /home/psd/psd_ws/install/hardware_interface/include/hardware_interface/system.hpp
-- Up-to-date symlink: /home/psd/psd_ws/install/hardware_interface/include/hardware_interface/system_interface.hpp
-- Up-to-date symlink: /home/psd/psd_ws/install/hardware_interface/include/hardware_interface/types/hardware_interface_return_values.hpp
-- Up-to-date symlink: /home/psd/psd_ws/install/hardware_interface/include/hardware_interface/types/hardware_interface_type_values.hpp
-- Up-to-date symlink: /home/psd/psd_ws/install/hardware_interface/include/hardware_interface/types/lifecycle_state_names.hpp
-- Up-to-date symlink: /home/psd/psd_ws/install/hardware_interface/include/hardware_interface/visibility_control.h
-- Up-to-date symlink: /home/psd/psd_ws/install/hardware_interface/include/mock_components/generic_system.hpp
-- Up-to-date symlink: /home/psd/psd_ws/install/hardware_interface/include/mock_components/visibility_control.h
-- Up-to-date symlink: /home/psd/psd_ws/install/hardware_interface/lib/libfake_components.so
-- Up-to-date symlink: /home/psd/psd_ws/install/hardware_interface/lib/libmock_components.so
-- Up-to-date symlink: /home/psd/psd_ws/install/hardware_interface/lib/libhardware_interface.so
-- Up-to-date symlink: /home/psd/psd_ws/install/hardware_interface/lib/libtest_hardware_components.so
-- Up-to-date symlink: /home/psd/psd_ws/install/hardware_interface/share/hardware_interface/test/test_hardware_components/test_hardware_components.xml
-- Up-to-date symlink: /home/psd/psd_ws/install/hardware_interface/share/hardware_interface/environment/library_path.sh
-- Up-to-date symlink: /home/psd/psd_ws/install/hardware_interface/share/hardware_interface/environment/library_path.dsv
-- Up-to-date symlink: /home/psd/psd_ws/install/hardware_interface/share/ament_index/resource_index/package_run_dependencies/hardware_interface
-- Up-to-date symlink: /home/psd/psd_ws/install/hardware_interface/share/ament_index/resource_index/parent_prefix_path/hardware_interface
-- Up-to-date symlink: /home/psd/psd_ws/install/hardware_interface/share/hardware_interface/environment/ament_prefix_path.sh
-- Up-to-date symlink: /home/psd/psd_ws/install/hardware_interface/share/hardware_interface/environment/ament_prefix_path.dsv
-- Up-to-date symlink: /home/psd/psd_ws/install/hardware_interface/share/hardware_interface/environment/path.sh
-- Up-to-date symlink: /home/psd/psd_ws/install/hardware_interface/share/hardware_interface/environment/path.dsv
-- Up-to-date symlink: /home/psd/psd_ws/install/hardware_interface/share/hardware_interface/local_setup.bash
-- Up-to-date symlink: /home/psd/psd_ws/install/hardware_interface/share/hardware_interface/local_setup.sh
-- Up-to-date symlink: /home/psd/psd_ws/install/hardware_interface/share/hardware_interface/local_setup.zsh
-- Up-to-date symlink: /home/psd/psd_ws/install/hardware_interface/share/hardware_interface/local_setup.dsv
-- Symlinking: /home/psd/psd_ws/install/hardware_interface/share/hardware_interface/package.dsv
-- Up-to-date symlink: /home/psd/psd_ws/install/hardware_interface/share/ament_index/resource_index/packages/hardware_interface
-- Up-to-date symlink: /home/psd/psd_ws/install/hardware_interface/share/ament_index/resource_index/hardware_interface__pluginlib__plugin/hardware_interface
-- Up-to-date symlink: /home/psd/psd_ws/install/hardware_interface/share/hardware_interface/cmake/ament_cmake_export_include_directories-extras.cmake
-- Up-to-date symlink: /home/psd/psd_ws/install/hardware_interface/share/hardware_interface/cmake/ament_cmake_export_libraries-extras.cmake
-- Up-to-date symlink: /home/psd/psd_ws/install/hardware_interface/share/hardware_interface/cmake/ament_cmake_export_dependencies-extras.cmake
-- Up-to-date symlink: /home/psd/psd_ws/install/hardware_interface/share/hardware_interface/cmake/hardware_interfaceConfig.cmake
-- Up-to-date symlink: /home/psd/psd_ws/install/hardware_interface/share/hardware_interface/cmake/hardware_interfaceConfig-version.cmake
-- Up-to-date symlink: /home/psd/psd_ws/install/hardware_interface/share/hardware_interface/package.xml
