[0.223s] Invoking command in '/home/psd/psd_ws/build/ign_ros2_control': CMAKE_PREFIX_PATH=/home/psd/psd_ws/install/controller_manager:/home/psd/psd_ws/install/controller_interface:/home/psd/psd_ws/install/hardware_interface:/home/psd/psd_ws/install/ros2_control_test_assets:/home/psd/psd_ws/install/realtime_tools:/home/psd/psd_ws/install/controller_manager_msgs:/home/psd/psd_ws/install/control_msgs:/home/psd/psd_ws/install/ros2_controllers:/home/psd/psd_ws/install/ign_ros2_control_demos:/home/psd/psd_ws/install/gazebo_ros2_control_demos:/home/psd/psd_ws/install/velocity_controllers:/home/psd/psd_ws/install/tricycle_steering_controller:/home/psd/psd_ws/install/tricycle_controller:/home/psd/psd_ws/install/ros2_control_demos:/home/psd/psd_ws/install/ros2_control_demo_example_8:/home/psd/psd_ws/install/ros2_control:/home/psd/psd_ws/install/transmission_interface:/home/psd/psd_ws/install/ros2_control_demo_example_11:/home/psd/psd_ws/install/bicycle_steering_controller:/home/psd/psd_ws/install/ackermann_steering_controller:/home/psd/psd_ws/install/steering_controllers_library:/home/psd/psd_ws/install/ros2_control_demo_example_9:/home/psd/psd_ws/install/ros2_control_demo_example_7:/home/psd/psd_ws/install/ros2_control_demo_example_6:/home/psd/psd_ws/install/ros2_control_demo_example_5:/home/psd/psd_ws/install/ros2_control_demo_example_4:/home/psd/psd_ws/install/ros2_control_demo_example_3:/home/psd/psd_ws/install/ros2_control_demo_example_2:/home/psd/psd_ws/install/ros2_control_demo_example_14:/home/psd/psd_ws/install/ros2_control_demo_example_12:/home/psd/psd_ws/install/ros2_control_demo_example_10:/home/psd/psd_ws/install/ros2_control_demo_example_1:/home/psd/psd_ws/install/gz_ros2_control_tests:/home/psd/psd_ws/install/psd_vehicle_bringup:/home/psd/psd_ws/install/ign_ros2_control:/home/psd/psd_ws/install/hardware_interface_testing:/home/psd/psd_ws/install/gazebo_ros2_control:/home/psd/psd_ws/install/ros2_control_demo_description:/home/psd/psd_ws/install/range_sensor_broadcaster:/home/psd/psd_ws/install/position_controllers:/home/psd/psd_ws/install/admittance_controller:/home/psd/psd_ws/install/joint_trajectory_controller:/home/psd/psd_ws/install/joint_state_broadcaster:/home/psd/psd_ws/install/imu_sensor_broadcaster:/home/psd/psd_ws/install/gripper_controllers:/home/psd/psd_ws/install/effort_controllers:/home/psd/psd_ws/install/forward_command_controller:/home/psd/psd_ws/install/force_torque_sensor_broadcaster:/home/psd/psd_ws/install/diff_drive_controller:/home/psd/psd_ws/install/control_toolbox:/home/psd/psd_ws/install/psd_vehicle_description:/home/psd/psd_ws/install/psd_gazebo_worlds:/home/psd/psd_ws/install/kinematics_interface_kdl:/home/psd/psd_ws/install/kinematics_interface:/home/psd/psd_ws/install/joint_limits:/home/psd/psd_ws/install/rqt_joint_trajectory_controller:/home/psd/psd_ws/install/rqt_controller_manager:/home/psd/psd_ws/install/ros2controlcli:/home/psd/psd_ws/install/ros2_controllers_test_nodes:/opt/ros/humble LD_LIBRARY_PATH=/home/psd/psd_ws/install/controller_manager/lib:/home/psd/psd_ws/install/controller_interface/lib:/home/psd/psd_ws/install/hardware_interface/lib:/home/psd/psd_ws/install/realtime_tools/lib:/home/psd/psd_ws/install/controller_manager_msgs/lib:/home/psd/psd_ws/install/control_msgs/lib:/home/psd/psd_ws/install/velocity_controllers/lib:/home/psd/psd_ws/install/tricycle_steering_controller/lib:/home/psd/psd_ws/install/tricycle_controller/lib:/home/psd/psd_ws/install/ros2_control_demo_example_8/lib:/home/psd/psd_ws/install/transmission_interface/lib:/home/psd/psd_ws/install/ros2_control_demo_example_11/lib:/home/psd/psd_ws/install/bicycle_steering_controller/lib:/home/psd/psd_ws/install/ackermann_steering_controller/lib:/home/psd/psd_ws/install/steering_controllers_library/lib:/home/psd/psd_ws/install/ros2_control_demo_example_9/lib:/home/psd/psd_ws/install/ros2_control_demo_example_7/lib:/home/psd/psd_ws/install/ros2_control_demo_example_6/lib:/home/psd/psd_ws/install/ros2_control_demo_example_5/lib:/home/psd/psd_ws/install/ros2_control_demo_example_4/lib:/home/psd/psd_ws/install/ros2_control_demo_example_3/lib:/home/psd/psd_ws/install/ros2_control_demo_example_2/lib:/home/psd/psd_ws/install/ros2_control_demo_example_14/lib:/home/psd/psd_ws/install/ros2_control_demo_example_12/lib:/home/psd/psd_ws/install/ros2_control_demo_example_10/lib:/home/psd/psd_ws/install/ros2_control_demo_example_1/lib:/home/psd/psd_ws/install/ign_ros2_control/lib:/home/psd/psd_ws/install/hardware_interface_testing/lib:/home/psd/psd_ws/install/gazebo_ros2_control/lib:/home/psd/psd_ws/install/range_sensor_broadcaster/lib:/home/psd/psd_ws/install/position_controllers/lib:/home/psd/psd_ws/install/admittance_controller/lib:/home/psd/psd_ws/install/joint_trajectory_controller/lib:/home/psd/psd_ws/install/joint_state_broadcaster/lib:/home/psd/psd_ws/install/imu_sensor_broadcaster/lib:/home/psd/psd_ws/install/gripper_controllers/lib:/home/psd/psd_ws/install/effort_controllers/lib:/home/psd/psd_ws/install/forward_command_controller/lib:/home/psd/psd_ws/install/force_torque_sensor_broadcaster/lib:/home/psd/psd_ws/install/diff_drive_controller/lib:/home/psd/psd_ws/install/control_toolbox/lib:/home/psd/psd_ws/install/kinematics_interface_kdl/lib:/home/psd/psd_ws/install/kinematics_interface/lib:/usr/lib/x86_64-linux-gnu/gazebo-11/plugins:/opt/ros/humble/opt/rviz_ogre_vendor/lib:/opt/ros/humble/lib/x86_64-linux-gnu:/opt/ros/humble/lib /usr/bin/cmake /home/psd/psd_ws/src/ros-controls/gz_ros2_control/ign_ros2_control -DAMENT_CMAKE_SYMLINK_INSTALL=1 -DCMAKE_INSTALL_PREFIX=/home/psd/psd_ws/install/ign_ros2_control
[0.298s] -- The C compiler identification is GNU 11.4.0
[0.367s] -- The CXX compiler identification is GNU 11.4.0
[0.375s] -- Detecting C compiler ABI info
[0.478s] -- Detecting C compiler ABI info - done
[0.488s] -- Check for working C compiler: /usr/bin/cc - skipped
[0.488s] -- Detecting C compile features
[0.488s] -- Detecting C compile features - done
[0.492s] -- Detecting CXX compiler ABI info
[0.614s] -- Detecting CXX compiler ABI info - done
[0.625s] -- Check for working CXX compiler: /usr/bin/c++ - skipped
[0.626s] -- Detecting CXX compile features
[0.626s] -- Detecting CXX compile features - done
[0.633s] -- Found ament_cmake: 1.3.8 (/opt/ros/humble/share/ament_cmake/cmake)
[0.859s] -- Found Python3: /usr/bin/python3 (found version "3.10.12") found components: Interpreter 
[0.938s] -- Override CMake install command with custom implementation using symlinks instead of copying resources
[1.010s] -- Found ament_index_cpp: 1.4.0 (/opt/ros/humble/share/ament_index_cpp/cmake)
[1.011s] -- Found controller_manager: 2.40.0 (/home/psd/psd_ws/install/controller_manager/share/controller_manager/cmake)
[1.113s] -- Found rosidl_generator_c: 3.1.5 (/opt/ros/humble/share/rosidl_generator_c/cmake)
[1.128s] -- Found rosidl_adapter: 3.1.5 (/opt/ros/humble/share/rosidl_adapter/cmake)
[1.148s] -- Found rosidl_generator_cpp: 3.1.5 (/opt/ros/humble/share/rosidl_generator_cpp/cmake)
[1.178s] -- Using all available rosidl_typesupport_c: rosidl_typesupport_fastrtps_c;rosidl_typesupport_introspection_c
[1.206s] -- Using all available rosidl_typesupport_cpp: rosidl_typesupport_fastrtps_cpp;rosidl_typesupport_introspection_cpp
[1.944s] -- Found rmw_implementation_cmake: 6.1.1 (/opt/ros/humble/share/rmw_implementation_cmake/cmake)
[1.951s] -- Found rmw_fastrtps_cpp: 6.2.6 (/opt/ros/humble/share/rmw_fastrtps_cpp/cmake)
[2.018s] -- Found TinyXML2 via Config file: TinyXML2_DIR-NOTFOUND
[2.109s] -- Found OpenSSL: /usr/lib/x86_64-linux-gnu/libcrypto.so (found version "3.0.2")  
[2.113s] -- Found TinyXML2 via Config file: TinyXML2_DIR-NOTFOUND
[2.134s] -- Found FastRTPS: /opt/ros/humble/include  
[2.145s] -- Found TinyXML2 via Config file: TinyXML2_DIR-NOTFOUND
[2.155s] -- Found TinyXML2 via Config file: TinyXML2_DIR-NOTFOUND
[2.171s] -- Using RMW implementation 'rmw_fastrtps_cpp' as default
[2.197s] -- Looking for pthread.h
[2.306s] -- Looking for pthread.h - found
[2.307s] -- Performing Test CMAKE_HAVE_LIBC_PTHREAD
[2.415s] -- Performing Test CMAKE_HAVE_LIBC_PTHREAD - Success
[2.417s] -- Found Threads: TRUE  
[3.088s] -- Found yaml_cpp_vendor: 8.0.2 (/opt/ros/humble/share/yaml_cpp_vendor/cmake)
[3.102s] -- Looking for ignition-gazebo6 -- found version 6.16.0
[3.114s] -- Searching for dependencies of ignition-gazebo6
[3.119s] -- Looking for sdformat12 -- found version 12.7.2
[3.120s] -- Searching for dependencies of sdformat12
[3.125s] -- Checking for module 'tinyxml2'
[3.148s] --   Found tinyxml2, version 9.0.0
[3.211s] -- Looking for ignition-math6 -- found version 6.15.1
[3.212s] -- Searching for dependencies of ignition-math6
[3.220s] -- Looking for ignition-utils1 -- found version 1.5.1
[3.221s] -- Searching for dependencies of ignition-utils1
[3.230s] -- Looking for ignition-plugin1 -- found version 1.4.0
[3.231s] -- Searching for dependencies of ignition-plugin1
[3.232s] -- Searching for <ignition-plugin1> component [loader]
[3.239s] -- Looking for ignition-plugin1-loader -- found version 1.4.0
[3.240s] -- Searching for dependencies of ignition-plugin1-loader
[3.241s] -- Searching for <ignition-plugin1> component [register]
[3.248s] -- Looking for ignition-plugin1-register -- found version 1.4.0
[3.249s] -- Searching for dependencies of ignition-plugin1-register
[3.256s] -- Looking for ignition-transport11 -- found version 11.4.1
[3.256s] -- Searching for dependencies of ignition-transport11
[3.306s] -- Found Protobuf: /usr/lib/x86_64-linux-gnu/libprotobuf.so (found version "3.12.4") 
[3.331s] -- Config-file not installed for ZeroMQ -- checking for pkg-config
[3.338s] -- Checking for module 'libzmq >= 4'
[3.365s] --   Found libzmq , version 4.3.4
[3.417s] -- Found ZeroMQ: TRUE (Required is at least version "4") 
[3.425s] -- Checking for module 'uuid'
[3.448s] --   Found uuid, version 2.37.2
[3.502s] -- Found UUID: TRUE  
[3.502s] -- Looking for ignition-utils1 -- found version 1.5.1
[3.503s] -- Searching for dependencies of ignition-utils1
[3.503s] -- Searching for <ignition-utils1> component [cli]
[3.511s] -- Looking for ignition-utils1-cli -- found version 1.5.1
[3.511s] -- Searching for dependencies of ignition-utils1-cli
[3.519s] -- Looking for ignition-msgs8 -- found version 8.7.0
[3.520s] -- Searching for dependencies of ignition-msgs8
[3.554s] -- Found Protobuf: /usr/lib/x86_64-linux-gnu/libprotobuf.so (found suitable version "3.12.4", minimum required is "3") 
[3.555s] -- Looking for ignition-math6 -- found version 6.15.1
[3.568s] -- Searching for <ignition-transport11> component [log]
[3.576s] -- Looking for ignition-transport11-log -- found version 11.4.1
[3.577s] -- Searching for dependencies of ignition-transport11-log
[3.577s] -- Searching for <ignition-transport11> component [parameters]
[3.585s] -- Looking for ignition-transport11-parameters -- found version 11.4.1
[3.585s] -- Searching for dependencies of ignition-transport11-parameters
[3.587s] -- Looking for ignition-msgs8 -- found version 8.7.0
[3.594s] -- Looking for ignition-common4 -- found version 4.7.0
[3.595s] -- Searching for dependencies of ignition-common4
[3.596s] -- Looking for dlfcn.h - found
[3.597s] -- Looking for libdl - found
[3.599s] -- Found DL: TRUE  
[3.611s] -- Searching for <ignition-common4> component [profiler]
[3.619s] -- Looking for ignition-common4-profiler -- found version 4.7.0
[3.620s] -- Searching for dependencies of ignition-common4-profiler
[3.621s] -- Searching for <ignition-common4> component [events]
[3.628s] -- Looking for ignition-common4-events -- found version 4.7.0
[3.629s] -- Searching for dependencies of ignition-common4-events
[3.630s] -- Looking for ignition-math6 -- found version 6.15.1
[3.631s] -- Searching for <ignition-common4> component [av]
[3.638s] -- Looking for ignition-common4-av -- found version 4.7.0
[3.639s] -- Searching for dependencies of ignition-common4-av
[3.647s] -- Checking for module 'libswscale'
[3.673s] --   Found libswscale, version 5.9.100
[3.728s] -- Found SWSCALE: TRUE  
[3.735s] -- Checking for module 'libavdevice >= 56.4.100'
[3.762s] --   Found libavdevice , version 58.13.100
[3.824s] -- Found AVDEVICE: TRUE (Required is at least version "56.4.100") 
[3.832s] -- Checking for module 'libavformat'
[3.859s] --   Found libavformat, version 58.76.100
[3.918s] -- Found AVFORMAT: TRUE  
[3.927s] -- Checking for module 'libavcodec'
[3.951s] --   Found libavcodec, version 58.134.100
[4.009s] -- Found AVCODEC: TRUE  
[4.017s] -- Checking for module 'libavutil'
[4.044s] --   Found libavutil, version 56.70.100
[4.112s] -- Found AVUTIL: TRUE  
[4.113s] -- Looking for ignition-fuel_tools7 -- found version 7.3.0
[4.113s] -- Searching for dependencies of ignition-fuel_tools7
[4.313s] -- Found CURL: /usr/lib/x86_64-linux-gnu/libcurl.so (found version "7.81.0")  
[4.326s] -- Checking for module 'jsoncpp'
[4.355s] --   Found jsoncpp, version 1.9.5
[4.422s] -- Found JSONCPP: TRUE  
[4.433s] -- Checking for module 'libzip'
[4.466s] --   Found libzip, version 1.7.3
[4.532s] -- Found ZIP: TRUE  
[4.532s] -- Looking for ignition-common4 -- found version 4.7.0
[4.533s] -- Looking for ignition-math6 -- found version 6.15.1
[4.533s] -- Looking for ignition-msgs8 -- found version 8.7.0
[4.543s] -- Looking for ignition-gui6 -- found version 6.8.0
[4.543s] -- Searching for dependencies of ignition-gui6
[4.596s] -- Looking for ignition-math6 -- found version 6.15.1
[4.596s] -- Looking for ignition-common4 -- found version 4.7.0
[4.596s] -- Looking for ignition-plugin1 -- found version 1.4.0
[4.596s] -- Looking for ignition-transport11 -- found version 11.4.1
[4.601s] -- Looking for ignition-rendering6 -- found version 6.6.3
[4.601s] -- Searching for dependencies of ignition-rendering6
[4.601s] -- Looking for ignition-math6 -- found version 6.15.1
[4.601s] -- Searching for dependencies of ignition-math6
[4.602s] -- Searching for <ignition-math6> component [eigen3]
[4.607s] -- Looking for ignition-math6-eigen3 -- found version 6.15.1
[4.608s] -- Searching for dependencies of ignition-math6-eigen3
[4.626s] -- Looking for ignition-common4 -- found version 4.7.0
[4.628s] -- Searching for dependencies of ignition-common4
[4.628s] -- Looking for dlfcn.h - found
[4.629s] -- Looking for libdl - found
[4.643s] -- Searching for <ignition-common4> component [graphics]
[4.651s] -- Looking for ignition-common4-graphics -- found version 4.7.0
[4.652s] -- Searching for dependencies of ignition-common4-graphics
[4.652s] -- Looking for ignition-math6 -- found version 6.15.1
[4.653s] -- Looking for ignition-utils1 -- found version 1.5.1
[4.654s] -- Searching for <ignition-common4> component [events]
[4.656s] -- Looking for ignition-plugin1 -- found version 1.4.0
[4.657s] -- Searching for dependencies of ignition-plugin1
[4.657s] -- Searching for <ignition-plugin1> component [all]
[4.665s] -- Looking for all libraries of ignition-plugin1 -- found version 1.4.0
[4.666s] -- Looking for ignition-plugin1 -- found version 1.4.0
[4.669s] -- Looking for ignition-msgs8 -- found version 8.7.0
[4.734s] -- Looking for ignition-physics5 -- found version 5.3.2
[4.734s] -- Searching for dependencies of ignition-physics5
[4.735s] -- Looking for ignition-math6 -- found version 6.15.1
[4.736s] -- Looking for ignition-plugin1 -- found version 1.4.0
[4.736s] -- Looking for ignition-utils1 -- found version 1.5.1
[4.741s] -- Searching for <ignition-physics5> component [heightmap]
[4.749s] -- Looking for ignition-physics5-heightmap -- found version 5.3.2
[4.751s] -- Searching for dependencies of ignition-physics5-heightmap
[4.753s] -- Looking for ignition-common4 -- found version 4.7.0
[4.754s] -- Searching for <ignition-physics5> component [mesh]
[4.759s] -- Looking for ignition-physics5-mesh -- found version 5.3.2
[4.760s] -- Searching for dependencies of ignition-physics5-mesh
[4.761s] -- Looking for ignition-common4 -- found version 4.7.0
[4.761s] -- Searching for <ignition-physics5> component [sdf]
[4.769s] -- Looking for ignition-physics5-sdf -- found version 5.3.2
[4.770s] -- Searching for dependencies of ignition-physics5-sdf
[4.771s] -- Looking for sdformat12 -- found version 12.7.2
[4.790s] -- Looking for ignition-sensors6 -- found version 6.8.0
[4.791s] -- Searching for dependencies of ignition-sensors6
[4.828s] -- Found Protobuf: /usr/lib/x86_64-linux-gnu/libprotobuf.so (found version "3.12.4") 
[4.829s] -- Looking for ignition-math6 -- found version 6.15.1
[4.830s] -- Looking for ignition-common4 -- found version 4.7.0
[4.831s] -- Looking for ignition-transport11 -- found version 11.4.1
[4.832s] -- Looking for ignition-rendering6 -- found version 6.6.3
[4.833s] -- Looking for ignition-msgs8 -- found version 8.7.0
[4.834s] -- Looking for sdformat12 -- found version 12.7.2
[4.841s] -- Searching for <ignition-sensors6> component [air_pressure]
[4.845s] -- Looking for ignition-sensors6-air_pressure -- found version 6.8.0
[4.846s] -- Searching for dependencies of ignition-sensors6-air_pressure
[4.855s] -- Searching for <ignition-sensors6> component [altimeter]
[4.864s] -- Looking for ignition-sensors6-altimeter -- found version 6.8.0
[4.865s] -- Searching for dependencies of ignition-sensors6-altimeter
[4.867s] -- Searching for <ignition-sensors6> component [imu]
[4.879s] -- Looking for ignition-sensors6-imu -- found version 6.8.0
[4.880s] -- Searching for dependencies of ignition-sensors6-imu
[4.883s] -- Searching for <ignition-sensors6> component [force_torque]
[4.903s] -- Looking for ignition-sensors6-force_torque -- found version 6.8.0
[4.904s] -- Searching for dependencies of ignition-sensors6-force_torque
[4.905s] -- Searching for <ignition-sensors6> component [logical_camera]
[4.924s] -- Looking for ignition-sensors6-logical_camera -- found version 6.8.0
[4.924s] -- Searching for dependencies of ignition-sensors6-logical_camera
[4.924s] -- Searching for <ignition-sensors6> component [magnetometer]
[4.939s] -- Looking for ignition-sensors6-magnetometer -- found version 6.8.0
[4.940s] -- Searching for dependencies of ignition-sensors6-magnetometer
[4.949s] -- Searching for <ignition-sensors6> component [navsat]
[4.960s] -- Looking for ignition-sensors6-navsat -- found version 6.8.0
[4.961s] -- Searching for dependencies of ignition-sensors6-navsat
[4.970s] -- Searching for <ignition-sensors6> component [rendering]
[4.989s] -- Looking for ignition-sensors6-rendering -- found version 6.8.0
[4.990s] -- Searching for dependencies of ignition-sensors6-rendering
[4.993s] -- Searching for <ignition-sensors6> component [lidar]
[5.005s] -- Looking for ignition-sensors6-lidar -- found version 6.8.0
[5.006s] -- Searching for dependencies of ignition-sensors6-lidar
[5.007s] -- Looking for ignition-sensors6 -- found version 6.8.0
[5.008s] -- Searching for <ignition-sensors6> component [gpu_lidar]
[5.018s] -- Looking for ignition-sensors6-gpu_lidar -- found version 6.8.0
[5.019s] -- Searching for dependencies of ignition-sensors6-gpu_lidar
[5.020s] -- Looking for ignition-sensors6 -- found version 6.8.0
[5.032s] -- Searching for <ignition-sensors6> component [camera]
[5.059s] -- Looking for ignition-sensors6-camera -- found version 6.8.0
[5.060s] -- Searching for dependencies of ignition-sensors6-camera
[5.060s] -- Looking for ignition-sensors6 -- found version 6.8.0
[5.061s] -- Searching for <ignition-sensors6> component [boundingbox_camera]
[5.079s] -- Looking for ignition-sensors6-boundingbox_camera -- found version 6.8.0
[5.079s] -- Searching for dependencies of ignition-sensors6-boundingbox_camera
[5.080s] -- Searching for <ignition-sensors6> component [segmentation_camera]
[5.099s] -- Looking for ignition-sensors6-segmentation_camera -- found version 6.8.0
[5.100s] -- Searching for dependencies of ignition-sensors6-segmentation_camera
[5.101s] -- Searching for <ignition-sensors6> component [depth_camera]
[5.123s] -- Looking for ignition-sensors6-depth_camera -- found version 6.8.0
[5.123s] -- Searching for dependencies of ignition-sensors6-depth_camera
[5.124s] -- Looking for ignition-sensors6 -- found version 6.8.0
[5.125s] -- Searching for <ignition-sensors6> component [rgbd_camera]
[5.150s] -- Looking for ignition-sensors6-rgbd_camera -- found version 6.8.0
[5.154s] -- Searching for dependencies of ignition-sensors6-rgbd_camera
[5.154s] -- Looking for ignition-sensors6 -- found version 6.8.0
[5.159s] -- Searching for <ignition-sensors6> component [thermal_camera]
[5.184s] -- Looking for ignition-sensors6-thermal_camera -- found version 6.8.0
[5.185s] -- Searching for dependencies of ignition-sensors6-thermal_camera
[5.186s] -- Looking for ignition-sensors6 -- found version 6.8.0
[5.188s] -- Looking for ignition-rendering6 -- found version 6.6.3
[5.190s] -- Looking for ignition-math6 -- found version 6.15.1
[5.204s] -- Looking for ignition-utils1 -- found version 1.5.1
[5.257s] -- Compiling against Ignition Fortress
[5.258s] -- Looking for ignition-plugin1 -- found version 1.4.0
[8.151s] -- Found ament_lint_auto: 0.12.10 (/opt/ros/humble/share/ament_lint_auto/cmake)
[8.472s] -- Added test 'copyright' to check source files copyright and LICENSE
[8.476s] -- Added test 'cppcheck' to perform static code analysis on C / C++ code
[8.476s] -- Configured cppcheck include dirs: /home/psd/psd_ws/src/ros-controls/gz_ros2_control/ign_ros2_control/include
[8.476s] -- Configured cppcheck exclude dirs and/or files: 
[8.480s] -- Added test 'cpplint' to check C / C++ code against the Google style
[8.480s] -- Configured cpplint exclude dirs and/or files: 
[8.483s] -- Added test 'lint_cmake' to check CMake code style
[8.487s] -- Added test 'uncrustify' to check C / C++ code style
[8.487s] -- Configured uncrustify additional arguments: 
[8.490s] -- Added test 'xmllint' to check XML markup files
[8.506s] -- Configuring done
[8.644s] -- Generating done
[8.650s] -- Build files have been written to: /home/psd/psd_ws/build/ign_ros2_control
[8.699s] Invoked command in '/home/psd/psd_ws/build/ign_ros2_control' returned '0': CMAKE_PREFIX_PATH=/home/psd/psd_ws/install/controller_manager:/home/psd/psd_ws/install/controller_interface:/home/psd/psd_ws/install/hardware_interface:/home/psd/psd_ws/install/ros2_control_test_assets:/home/psd/psd_ws/install/realtime_tools:/home/psd/psd_ws/install/controller_manager_msgs:/home/psd/psd_ws/install/control_msgs:/home/psd/psd_ws/install/ros2_controllers:/home/psd/psd_ws/install/ign_ros2_control_demos:/home/psd/psd_ws/install/gazebo_ros2_control_demos:/home/psd/psd_ws/install/velocity_controllers:/home/psd/psd_ws/install/tricycle_steering_controller:/home/psd/psd_ws/install/tricycle_controller:/home/psd/psd_ws/install/ros2_control_demos:/home/psd/psd_ws/install/ros2_control_demo_example_8:/home/psd/psd_ws/install/ros2_control:/home/psd/psd_ws/install/transmission_interface:/home/psd/psd_ws/install/ros2_control_demo_example_11:/home/psd/psd_ws/install/bicycle_steering_controller:/home/psd/psd_ws/install/ackermann_steering_controller:/home/psd/psd_ws/install/steering_controllers_library:/home/psd/psd_ws/install/ros2_control_demo_example_9:/home/psd/psd_ws/install/ros2_control_demo_example_7:/home/psd/psd_ws/install/ros2_control_demo_example_6:/home/psd/psd_ws/install/ros2_control_demo_example_5:/home/psd/psd_ws/install/ros2_control_demo_example_4:/home/psd/psd_ws/install/ros2_control_demo_example_3:/home/psd/psd_ws/install/ros2_control_demo_example_2:/home/psd/psd_ws/install/ros2_control_demo_example_14:/home/psd/psd_ws/install/ros2_control_demo_example_12:/home/psd/psd_ws/install/ros2_control_demo_example_10:/home/psd/psd_ws/install/ros2_control_demo_example_1:/home/psd/psd_ws/install/gz_ros2_control_tests:/home/psd/psd_ws/install/psd_vehicle_bringup:/home/psd/psd_ws/install/ign_ros2_control:/home/psd/psd_ws/install/hardware_interface_testing:/home/psd/psd_ws/install/gazebo_ros2_control:/home/psd/psd_ws/install/ros2_control_demo_description:/home/psd/psd_ws/install/range_sensor_broadcaster:/home/psd/psd_ws/install/position_controllers:/home/psd/psd_ws/install/admittance_controller:/home/psd/psd_ws/install/joint_trajectory_controller:/home/psd/psd_ws/install/joint_state_broadcaster:/home/psd/psd_ws/install/imu_sensor_broadcaster:/home/psd/psd_ws/install/gripper_controllers:/home/psd/psd_ws/install/effort_controllers:/home/psd/psd_ws/install/forward_command_controller:/home/psd/psd_ws/install/force_torque_sensor_broadcaster:/home/psd/psd_ws/install/diff_drive_controller:/home/psd/psd_ws/install/control_toolbox:/home/psd/psd_ws/install/psd_vehicle_description:/home/psd/psd_ws/install/psd_gazebo_worlds:/home/psd/psd_ws/install/kinematics_interface_kdl:/home/psd/psd_ws/install/kinematics_interface:/home/psd/psd_ws/install/joint_limits:/home/psd/psd_ws/install/rqt_joint_trajectory_controller:/home/psd/psd_ws/install/rqt_controller_manager:/home/psd/psd_ws/install/ros2controlcli:/home/psd/psd_ws/install/ros2_controllers_test_nodes:/opt/ros/humble LD_LIBRARY_PATH=/home/psd/psd_ws/install/controller_manager/lib:/home/psd/psd_ws/install/controller_interface/lib:/home/psd/psd_ws/install/hardware_interface/lib:/home/psd/psd_ws/install/realtime_tools/lib:/home/psd/psd_ws/install/controller_manager_msgs/lib:/home/psd/psd_ws/install/control_msgs/lib:/home/psd/psd_ws/install/velocity_controllers/lib:/home/psd/psd_ws/install/tricycle_steering_controller/lib:/home/psd/psd_ws/install/tricycle_controller/lib:/home/psd/psd_ws/install/ros2_control_demo_example_8/lib:/home/psd/psd_ws/install/transmission_interface/lib:/home/psd/psd_ws/install/ros2_control_demo_example_11/lib:/home/psd/psd_ws/install/bicycle_steering_controller/lib:/home/psd/psd_ws/install/ackermann_steering_controller/lib:/home/psd/psd_ws/install/steering_controllers_library/lib:/home/psd/psd_ws/install/ros2_control_demo_example_9/lib:/home/psd/psd_ws/install/ros2_control_demo_example_7/lib:/home/psd/psd_ws/install/ros2_control_demo_example_6/lib:/home/psd/psd_ws/install/ros2_control_demo_example_5/lib:/home/psd/psd_ws/install/ros2_control_demo_example_4/lib:/home/psd/psd_ws/install/ros2_control_demo_example_3/lib:/home/psd/psd_ws/install/ros2_control_demo_example_2/lib:/home/psd/psd_ws/install/ros2_control_demo_example_14/lib:/home/psd/psd_ws/install/ros2_control_demo_example_12/lib:/home/psd/psd_ws/install/ros2_control_demo_example_10/lib:/home/psd/psd_ws/install/ros2_control_demo_example_1/lib:/home/psd/psd_ws/install/ign_ros2_control/lib:/home/psd/psd_ws/install/hardware_interface_testing/lib:/home/psd/psd_ws/install/gazebo_ros2_control/lib:/home/psd/psd_ws/install/range_sensor_broadcaster/lib:/home/psd/psd_ws/install/position_controllers/lib:/home/psd/psd_ws/install/admittance_controller/lib:/home/psd/psd_ws/install/joint_trajectory_controller/lib:/home/psd/psd_ws/install/joint_state_broadcaster/lib:/home/psd/psd_ws/install/imu_sensor_broadcaster/lib:/home/psd/psd_ws/install/gripper_controllers/lib:/home/psd/psd_ws/install/effort_controllers/lib:/home/psd/psd_ws/install/forward_command_controller/lib:/home/psd/psd_ws/install/force_torque_sensor_broadcaster/lib:/home/psd/psd_ws/install/diff_drive_controller/lib:/home/psd/psd_ws/install/control_toolbox/lib:/home/psd/psd_ws/install/kinematics_interface_kdl/lib:/home/psd/psd_ws/install/kinematics_interface/lib:/usr/lib/x86_64-linux-gnu/gazebo-11/plugins:/opt/ros/humble/opt/rviz_ogre_vendor/lib:/opt/ros/humble/lib/x86_64-linux-gnu:/opt/ros/humble/lib /usr/bin/cmake /home/psd/psd_ws/src/ros-controls/gz_ros2_control/ign_ros2_control -DAMENT_CMAKE_SYMLINK_INSTALL=1 -DCMAKE_INSTALL_PREFIX=/home/psd/psd_ws/install/ign_ros2_control
[8.699s] Invoking command in '/home/psd/psd_ws/build/ign_ros2_control': CMAKE_PREFIX_PATH=/home/psd/psd_ws/install/controller_manager:/home/psd/psd_ws/install/controller_interface:/home/psd/psd_ws/install/hardware_interface:/home/psd/psd_ws/install/ros2_control_test_assets:/home/psd/psd_ws/install/realtime_tools:/home/psd/psd_ws/install/controller_manager_msgs:/home/psd/psd_ws/install/control_msgs:/home/psd/psd_ws/install/ros2_controllers:/home/psd/psd_ws/install/ign_ros2_control_demos:/home/psd/psd_ws/install/gazebo_ros2_control_demos:/home/psd/psd_ws/install/velocity_controllers:/home/psd/psd_ws/install/tricycle_steering_controller:/home/psd/psd_ws/install/tricycle_controller:/home/psd/psd_ws/install/ros2_control_demos:/home/psd/psd_ws/install/ros2_control_demo_example_8:/home/psd/psd_ws/install/ros2_control:/home/psd/psd_ws/install/transmission_interface:/home/psd/psd_ws/install/ros2_control_demo_example_11:/home/psd/psd_ws/install/bicycle_steering_controller:/home/psd/psd_ws/install/ackermann_steering_controller:/home/psd/psd_ws/install/steering_controllers_library:/home/psd/psd_ws/install/ros2_control_demo_example_9:/home/psd/psd_ws/install/ros2_control_demo_example_7:/home/psd/psd_ws/install/ros2_control_demo_example_6:/home/psd/psd_ws/install/ros2_control_demo_example_5:/home/psd/psd_ws/install/ros2_control_demo_example_4:/home/psd/psd_ws/install/ros2_control_demo_example_3:/home/psd/psd_ws/install/ros2_control_demo_example_2:/home/psd/psd_ws/install/ros2_control_demo_example_14:/home/psd/psd_ws/install/ros2_control_demo_example_12:/home/psd/psd_ws/install/ros2_control_demo_example_10:/home/psd/psd_ws/install/ros2_control_demo_example_1:/home/psd/psd_ws/install/gz_ros2_control_tests:/home/psd/psd_ws/install/psd_vehicle_bringup:/home/psd/psd_ws/install/ign_ros2_control:/home/psd/psd_ws/install/hardware_interface_testing:/home/psd/psd_ws/install/gazebo_ros2_control:/home/psd/psd_ws/install/ros2_control_demo_description:/home/psd/psd_ws/install/range_sensor_broadcaster:/home/psd/psd_ws/install/position_controllers:/home/psd/psd_ws/install/admittance_controller:/home/psd/psd_ws/install/joint_trajectory_controller:/home/psd/psd_ws/install/joint_state_broadcaster:/home/psd/psd_ws/install/imu_sensor_broadcaster:/home/psd/psd_ws/install/gripper_controllers:/home/psd/psd_ws/install/effort_controllers:/home/psd/psd_ws/install/forward_command_controller:/home/psd/psd_ws/install/force_torque_sensor_broadcaster:/home/psd/psd_ws/install/diff_drive_controller:/home/psd/psd_ws/install/control_toolbox:/home/psd/psd_ws/install/psd_vehicle_description:/home/psd/psd_ws/install/psd_gazebo_worlds:/home/psd/psd_ws/install/kinematics_interface_kdl:/home/psd/psd_ws/install/kinematics_interface:/home/psd/psd_ws/install/joint_limits:/home/psd/psd_ws/install/rqt_joint_trajectory_controller:/home/psd/psd_ws/install/rqt_controller_manager:/home/psd/psd_ws/install/ros2controlcli:/home/psd/psd_ws/install/ros2_controllers_test_nodes:/opt/ros/humble LD_LIBRARY_PATH=/home/psd/psd_ws/install/controller_manager/lib:/home/psd/psd_ws/install/controller_interface/lib:/home/psd/psd_ws/install/hardware_interface/lib:/home/psd/psd_ws/install/realtime_tools/lib:/home/psd/psd_ws/install/controller_manager_msgs/lib:/home/psd/psd_ws/install/control_msgs/lib:/home/psd/psd_ws/install/velocity_controllers/lib:/home/psd/psd_ws/install/tricycle_steering_controller/lib:/home/psd/psd_ws/install/tricycle_controller/lib:/home/psd/psd_ws/install/ros2_control_demo_example_8/lib:/home/psd/psd_ws/install/transmission_interface/lib:/home/psd/psd_ws/install/ros2_control_demo_example_11/lib:/home/psd/psd_ws/install/bicycle_steering_controller/lib:/home/psd/psd_ws/install/ackermann_steering_controller/lib:/home/psd/psd_ws/install/steering_controllers_library/lib:/home/psd/psd_ws/install/ros2_control_demo_example_9/lib:/home/psd/psd_ws/install/ros2_control_demo_example_7/lib:/home/psd/psd_ws/install/ros2_control_demo_example_6/lib:/home/psd/psd_ws/install/ros2_control_demo_example_5/lib:/home/psd/psd_ws/install/ros2_control_demo_example_4/lib:/home/psd/psd_ws/install/ros2_control_demo_example_3/lib:/home/psd/psd_ws/install/ros2_control_demo_example_2/lib:/home/psd/psd_ws/install/ros2_control_demo_example_14/lib:/home/psd/psd_ws/install/ros2_control_demo_example_12/lib:/home/psd/psd_ws/install/ros2_control_demo_example_10/lib:/home/psd/psd_ws/install/ros2_control_demo_example_1/lib:/home/psd/psd_ws/install/ign_ros2_control/lib:/home/psd/psd_ws/install/hardware_interface_testing/lib:/home/psd/psd_ws/install/gazebo_ros2_control/lib:/home/psd/psd_ws/install/range_sensor_broadcaster/lib:/home/psd/psd_ws/install/position_controllers/lib:/home/psd/psd_ws/install/admittance_controller/lib:/home/psd/psd_ws/install/joint_trajectory_controller/lib:/home/psd/psd_ws/install/joint_state_broadcaster/lib:/home/psd/psd_ws/install/imu_sensor_broadcaster/lib:/home/psd/psd_ws/install/gripper_controllers/lib:/home/psd/psd_ws/install/effort_controllers/lib:/home/psd/psd_ws/install/forward_command_controller/lib:/home/psd/psd_ws/install/force_torque_sensor_broadcaster/lib:/home/psd/psd_ws/install/diff_drive_controller/lib:/home/psd/psd_ws/install/control_toolbox/lib:/home/psd/psd_ws/install/kinematics_interface_kdl/lib:/home/psd/psd_ws/install/kinematics_interface/lib:/usr/lib/x86_64-linux-gnu/gazebo-11/plugins:/opt/ros/humble/opt/rviz_ogre_vendor/lib:/opt/ros/humble/lib/x86_64-linux-gnu:/opt/ros/humble/lib /usr/bin/cmake --build /home/psd/psd_ws/build/ign_ros2_control -- -j20 -l20
[8.995s] [ 25%] [32mBuilding CXX object CMakeFiles/ign_hardware_plugins.dir/src/ign_system.cpp.o[0m
[9.046s] [ 50%] [32mBuilding CXX object CMakeFiles/ign_ros2_control-system.dir/src/ign_ros2_control_plugin.cpp.o[0m
[32.083s] [ 75%] [32m[1mLinking CXX shared library libign_hardware_plugins.so[0m
[32.182s] [100%] [32m[1mLinking CXX shared library libign_ros2_control-system.so[0m
[33.454s] [100%] Built target ign_hardware_plugins
[35.339s] [100%] Built target ign_ros2_control-system
[35.362s] Invoked command in '/home/psd/psd_ws/build/ign_ros2_control' returned '0': CMAKE_PREFIX_PATH=/home/psd/psd_ws/install/controller_manager:/home/psd/psd_ws/install/controller_interface:/home/psd/psd_ws/install/hardware_interface:/home/psd/psd_ws/install/ros2_control_test_assets:/home/psd/psd_ws/install/realtime_tools:/home/psd/psd_ws/install/controller_manager_msgs:/home/psd/psd_ws/install/control_msgs:/home/psd/psd_ws/install/ros2_controllers:/home/psd/psd_ws/install/ign_ros2_control_demos:/home/psd/psd_ws/install/gazebo_ros2_control_demos:/home/psd/psd_ws/install/velocity_controllers:/home/psd/psd_ws/install/tricycle_steering_controller:/home/psd/psd_ws/install/tricycle_controller:/home/psd/psd_ws/install/ros2_control_demos:/home/psd/psd_ws/install/ros2_control_demo_example_8:/home/psd/psd_ws/install/ros2_control:/home/psd/psd_ws/install/transmission_interface:/home/psd/psd_ws/install/ros2_control_demo_example_11:/home/psd/psd_ws/install/bicycle_steering_controller:/home/psd/psd_ws/install/ackermann_steering_controller:/home/psd/psd_ws/install/steering_controllers_library:/home/psd/psd_ws/install/ros2_control_demo_example_9:/home/psd/psd_ws/install/ros2_control_demo_example_7:/home/psd/psd_ws/install/ros2_control_demo_example_6:/home/psd/psd_ws/install/ros2_control_demo_example_5:/home/psd/psd_ws/install/ros2_control_demo_example_4:/home/psd/psd_ws/install/ros2_control_demo_example_3:/home/psd/psd_ws/install/ros2_control_demo_example_2:/home/psd/psd_ws/install/ros2_control_demo_example_14:/home/psd/psd_ws/install/ros2_control_demo_example_12:/home/psd/psd_ws/install/ros2_control_demo_example_10:/home/psd/psd_ws/install/ros2_control_demo_example_1:/home/psd/psd_ws/install/gz_ros2_control_tests:/home/psd/psd_ws/install/psd_vehicle_bringup:/home/psd/psd_ws/install/ign_ros2_control:/home/psd/psd_ws/install/hardware_interface_testing:/home/psd/psd_ws/install/gazebo_ros2_control:/home/psd/psd_ws/install/ros2_control_demo_description:/home/psd/psd_ws/install/range_sensor_broadcaster:/home/psd/psd_ws/install/position_controllers:/home/psd/psd_ws/install/admittance_controller:/home/psd/psd_ws/install/joint_trajectory_controller:/home/psd/psd_ws/install/joint_state_broadcaster:/home/psd/psd_ws/install/imu_sensor_broadcaster:/home/psd/psd_ws/install/gripper_controllers:/home/psd/psd_ws/install/effort_controllers:/home/psd/psd_ws/install/forward_command_controller:/home/psd/psd_ws/install/force_torque_sensor_broadcaster:/home/psd/psd_ws/install/diff_drive_controller:/home/psd/psd_ws/install/control_toolbox:/home/psd/psd_ws/install/psd_vehicle_description:/home/psd/psd_ws/install/psd_gazebo_worlds:/home/psd/psd_ws/install/kinematics_interface_kdl:/home/psd/psd_ws/install/kinematics_interface:/home/psd/psd_ws/install/joint_limits:/home/psd/psd_ws/install/rqt_joint_trajectory_controller:/home/psd/psd_ws/install/rqt_controller_manager:/home/psd/psd_ws/install/ros2controlcli:/home/psd/psd_ws/install/ros2_controllers_test_nodes:/opt/ros/humble LD_LIBRARY_PATH=/home/psd/psd_ws/install/controller_manager/lib:/home/psd/psd_ws/install/controller_interface/lib:/home/psd/psd_ws/install/hardware_interface/lib:/home/psd/psd_ws/install/realtime_tools/lib:/home/psd/psd_ws/install/controller_manager_msgs/lib:/home/psd/psd_ws/install/control_msgs/lib:/home/psd/psd_ws/install/velocity_controllers/lib:/home/psd/psd_ws/install/tricycle_steering_controller/lib:/home/psd/psd_ws/install/tricycle_controller/lib:/home/psd/psd_ws/install/ros2_control_demo_example_8/lib:/home/psd/psd_ws/install/transmission_interface/lib:/home/psd/psd_ws/install/ros2_control_demo_example_11/lib:/home/psd/psd_ws/install/bicycle_steering_controller/lib:/home/psd/psd_ws/install/ackermann_steering_controller/lib:/home/psd/psd_ws/install/steering_controllers_library/lib:/home/psd/psd_ws/install/ros2_control_demo_example_9/lib:/home/psd/psd_ws/install/ros2_control_demo_example_7/lib:/home/psd/psd_ws/install/ros2_control_demo_example_6/lib:/home/psd/psd_ws/install/ros2_control_demo_example_5/lib:/home/psd/psd_ws/install/ros2_control_demo_example_4/lib:/home/psd/psd_ws/install/ros2_control_demo_example_3/lib:/home/psd/psd_ws/install/ros2_control_demo_example_2/lib:/home/psd/psd_ws/install/ros2_control_demo_example_14/lib:/home/psd/psd_ws/install/ros2_control_demo_example_12/lib:/home/psd/psd_ws/install/ros2_control_demo_example_10/lib:/home/psd/psd_ws/install/ros2_control_demo_example_1/lib:/home/psd/psd_ws/install/ign_ros2_control/lib:/home/psd/psd_ws/install/hardware_interface_testing/lib:/home/psd/psd_ws/install/gazebo_ros2_control/lib:/home/psd/psd_ws/install/range_sensor_broadcaster/lib:/home/psd/psd_ws/install/position_controllers/lib:/home/psd/psd_ws/install/admittance_controller/lib:/home/psd/psd_ws/install/joint_trajectory_controller/lib:/home/psd/psd_ws/install/joint_state_broadcaster/lib:/home/psd/psd_ws/install/imu_sensor_broadcaster/lib:/home/psd/psd_ws/install/gripper_controllers/lib:/home/psd/psd_ws/install/effort_controllers/lib:/home/psd/psd_ws/install/forward_command_controller/lib:/home/psd/psd_ws/install/force_torque_sensor_broadcaster/lib:/home/psd/psd_ws/install/diff_drive_controller/lib:/home/psd/psd_ws/install/control_toolbox/lib:/home/psd/psd_ws/install/kinematics_interface_kdl/lib:/home/psd/psd_ws/install/kinematics_interface/lib:/usr/lib/x86_64-linux-gnu/gazebo-11/plugins:/opt/ros/humble/opt/rviz_ogre_vendor/lib:/opt/ros/humble/lib/x86_64-linux-gnu:/opt/ros/humble/lib /usr/bin/cmake --build /home/psd/psd_ws/build/ign_ros2_control -- -j20 -l20
[35.452s] Invoking command in '/home/psd/psd_ws/build/ign_ros2_control': CMAKE_PREFIX_PATH=/home/psd/psd_ws/install/controller_manager:/home/psd/psd_ws/install/controller_interface:/home/psd/psd_ws/install/hardware_interface:/home/psd/psd_ws/install/ros2_control_test_assets:/home/psd/psd_ws/install/realtime_tools:/home/psd/psd_ws/install/controller_manager_msgs:/home/psd/psd_ws/install/control_msgs:/home/psd/psd_ws/install/ros2_controllers:/home/psd/psd_ws/install/ign_ros2_control_demos:/home/psd/psd_ws/install/gazebo_ros2_control_demos:/home/psd/psd_ws/install/velocity_controllers:/home/psd/psd_ws/install/tricycle_steering_controller:/home/psd/psd_ws/install/tricycle_controller:/home/psd/psd_ws/install/ros2_control_demos:/home/psd/psd_ws/install/ros2_control_demo_example_8:/home/psd/psd_ws/install/ros2_control:/home/psd/psd_ws/install/transmission_interface:/home/psd/psd_ws/install/ros2_control_demo_example_11:/home/psd/psd_ws/install/bicycle_steering_controller:/home/psd/psd_ws/install/ackermann_steering_controller:/home/psd/psd_ws/install/steering_controllers_library:/home/psd/psd_ws/install/ros2_control_demo_example_9:/home/psd/psd_ws/install/ros2_control_demo_example_7:/home/psd/psd_ws/install/ros2_control_demo_example_6:/home/psd/psd_ws/install/ros2_control_demo_example_5:/home/psd/psd_ws/install/ros2_control_demo_example_4:/home/psd/psd_ws/install/ros2_control_demo_example_3:/home/psd/psd_ws/install/ros2_control_demo_example_2:/home/psd/psd_ws/install/ros2_control_demo_example_14:/home/psd/psd_ws/install/ros2_control_demo_example_12:/home/psd/psd_ws/install/ros2_control_demo_example_10:/home/psd/psd_ws/install/ros2_control_demo_example_1:/home/psd/psd_ws/install/gz_ros2_control_tests:/home/psd/psd_ws/install/psd_vehicle_bringup:/home/psd/psd_ws/install/ign_ros2_control:/home/psd/psd_ws/install/hardware_interface_testing:/home/psd/psd_ws/install/gazebo_ros2_control:/home/psd/psd_ws/install/ros2_control_demo_description:/home/psd/psd_ws/install/range_sensor_broadcaster:/home/psd/psd_ws/install/position_controllers:/home/psd/psd_ws/install/admittance_controller:/home/psd/psd_ws/install/joint_trajectory_controller:/home/psd/psd_ws/install/joint_state_broadcaster:/home/psd/psd_ws/install/imu_sensor_broadcaster:/home/psd/psd_ws/install/gripper_controllers:/home/psd/psd_ws/install/effort_controllers:/home/psd/psd_ws/install/forward_command_controller:/home/psd/psd_ws/install/force_torque_sensor_broadcaster:/home/psd/psd_ws/install/diff_drive_controller:/home/psd/psd_ws/install/control_toolbox:/home/psd/psd_ws/install/psd_vehicle_description:/home/psd/psd_ws/install/psd_gazebo_worlds:/home/psd/psd_ws/install/kinematics_interface_kdl:/home/psd/psd_ws/install/kinematics_interface:/home/psd/psd_ws/install/joint_limits:/home/psd/psd_ws/install/rqt_joint_trajectory_controller:/home/psd/psd_ws/install/rqt_controller_manager:/home/psd/psd_ws/install/ros2controlcli:/home/psd/psd_ws/install/ros2_controllers_test_nodes:/opt/ros/humble LD_LIBRARY_PATH=/home/psd/psd_ws/install/controller_manager/lib:/home/psd/psd_ws/install/controller_interface/lib:/home/psd/psd_ws/install/hardware_interface/lib:/home/psd/psd_ws/install/realtime_tools/lib:/home/psd/psd_ws/install/controller_manager_msgs/lib:/home/psd/psd_ws/install/control_msgs/lib:/home/psd/psd_ws/install/velocity_controllers/lib:/home/psd/psd_ws/install/tricycle_steering_controller/lib:/home/psd/psd_ws/install/tricycle_controller/lib:/home/psd/psd_ws/install/ros2_control_demo_example_8/lib:/home/psd/psd_ws/install/transmission_interface/lib:/home/psd/psd_ws/install/ros2_control_demo_example_11/lib:/home/psd/psd_ws/install/bicycle_steering_controller/lib:/home/psd/psd_ws/install/ackermann_steering_controller/lib:/home/psd/psd_ws/install/steering_controllers_library/lib:/home/psd/psd_ws/install/ros2_control_demo_example_9/lib:/home/psd/psd_ws/install/ros2_control_demo_example_7/lib:/home/psd/psd_ws/install/ros2_control_demo_example_6/lib:/home/psd/psd_ws/install/ros2_control_demo_example_5/lib:/home/psd/psd_ws/install/ros2_control_demo_example_4/lib:/home/psd/psd_ws/install/ros2_control_demo_example_3/lib:/home/psd/psd_ws/install/ros2_control_demo_example_2/lib:/home/psd/psd_ws/install/ros2_control_demo_example_14/lib:/home/psd/psd_ws/install/ros2_control_demo_example_12/lib:/home/psd/psd_ws/install/ros2_control_demo_example_10/lib:/home/psd/psd_ws/install/ros2_control_demo_example_1/lib:/home/psd/psd_ws/install/ign_ros2_control/lib:/home/psd/psd_ws/install/hardware_interface_testing/lib:/home/psd/psd_ws/install/gazebo_ros2_control/lib:/home/psd/psd_ws/install/range_sensor_broadcaster/lib:/home/psd/psd_ws/install/position_controllers/lib:/home/psd/psd_ws/install/admittance_controller/lib:/home/psd/psd_ws/install/joint_trajectory_controller/lib:/home/psd/psd_ws/install/joint_state_broadcaster/lib:/home/psd/psd_ws/install/imu_sensor_broadcaster/lib:/home/psd/psd_ws/install/gripper_controllers/lib:/home/psd/psd_ws/install/effort_controllers/lib:/home/psd/psd_ws/install/forward_command_controller/lib:/home/psd/psd_ws/install/force_torque_sensor_broadcaster/lib:/home/psd/psd_ws/install/diff_drive_controller/lib:/home/psd/psd_ws/install/control_toolbox/lib:/home/psd/psd_ws/install/kinematics_interface_kdl/lib:/home/psd/psd_ws/install/kinematics_interface/lib:/usr/lib/x86_64-linux-gnu/gazebo-11/plugins:/opt/ros/humble/opt/rviz_ogre_vendor/lib:/opt/ros/humble/lib/x86_64-linux-gnu:/opt/ros/humble/lib /usr/bin/cmake --install /home/psd/psd_ws/build/ign_ros2_control
[35.466s] -- Install configuration: ""
[35.467s] -- Execute custom install script
[35.467s] -- Symlinking: /home/psd/psd_ws/install/ign_ros2_control/lib/libign_hardware_plugins.so
[35.485s] -- Symlinking: /home/psd/psd_ws/install/ign_ros2_control/include/ign_ros2_control/ign_ros2_control_plugin.hpp
[35.505s] -- Symlinking: /home/psd/psd_ws/install/ign_ros2_control/include/ign_ros2_control/ign_system.hpp
[35.522s] -- Symlinking: /home/psd/psd_ws/install/ign_ros2_control/include/ign_ros2_control/ign_system_interface.hpp
[35.541s] -- Symlinking: /home/psd/psd_ws/install/ign_ros2_control/share/ign_ros2_control/environment/library_path.sh
[35.564s] -- Symlinking: /home/psd/psd_ws/install/ign_ros2_control/share/ign_ros2_control/environment/library_path.dsv
[35.585s] -- Symlinking: /home/psd/psd_ws/install/ign_ros2_control/lib/libign_ros2_control-system.so
[35.609s] -- Symlinking: /home/psd/psd_ws/install/ign_ros2_control/share/ign_ros2_control//ign_hardware_plugins.xml
[35.627s] -- Symlinking: /home/psd/psd_ws/install/ign_ros2_control/share/ament_index/resource_index/package_run_dependencies/ign_ros2_control
[35.647s] -- Symlinking: /home/psd/psd_ws/install/ign_ros2_control/share/ament_index/resource_index/parent_prefix_path/ign_ros2_control
[35.663s] -- Symlinking: /home/psd/psd_ws/install/ign_ros2_control/share/ign_ros2_control/environment/ament_prefix_path.sh
[35.682s] -- Symlinking: /home/psd/psd_ws/install/ign_ros2_control/share/ign_ros2_control/environment/ament_prefix_path.dsv
[35.701s] -- Symlinking: /home/psd/psd_ws/install/ign_ros2_control/share/ign_ros2_control/environment/path.sh
[35.725s] -- Symlinking: /home/psd/psd_ws/install/ign_ros2_control/share/ign_ros2_control/environment/path.dsv
[35.751s] -- Symlinking: /home/psd/psd_ws/install/ign_ros2_control/share/ign_ros2_control/local_setup.bash
[35.775s] -- Symlinking: /home/psd/psd_ws/install/ign_ros2_control/share/ign_ros2_control/local_setup.sh
[35.796s] -- Symlinking: /home/psd/psd_ws/install/ign_ros2_control/share/ign_ros2_control/local_setup.zsh
[35.821s] -- Symlinking: /home/psd/psd_ws/install/ign_ros2_control/share/ign_ros2_control/local_setup.dsv
[35.847s] -- Symlinking: /home/psd/psd_ws/install/ign_ros2_control/share/ign_ros2_control/package.dsv
[35.865s] -- Symlinking: /home/psd/psd_ws/install/ign_ros2_control/share/ament_index/resource_index/packages/ign_ros2_control
[35.888s] -- Symlinking: /home/psd/psd_ws/install/ign_ros2_control/share/ament_index/resource_index/ign_ros2_control__pluginlib__plugin/ign_ros2_control
[35.910s] -- Symlinking: /home/psd/psd_ws/install/ign_ros2_control/share/ign_ros2_control/cmake/ament_cmake_export_include_directories-extras.cmake
[35.933s] -- Symlinking: /home/psd/psd_ws/install/ign_ros2_control/share/ign_ros2_control/cmake/ament_cmake_export_libraries-extras.cmake
[35.954s] -- Symlinking: /home/psd/psd_ws/install/ign_ros2_control/share/ign_ros2_control/cmake/ign_ros2_controlConfig.cmake
[35.977s] -- Symlinking: /home/psd/psd_ws/install/ign_ros2_control/share/ign_ros2_control/cmake/ign_ros2_controlConfig-version.cmake
[35.997s] -- Symlinking: /home/psd/psd_ws/install/ign_ros2_control/share/ign_ros2_control/package.xml
[36.026s] Invoked command in '/home/psd/psd_ws/build/ign_ros2_control' returned '0': CMAKE_PREFIX_PATH=/home/psd/psd_ws/install/controller_manager:/home/psd/psd_ws/install/controller_interface:/home/psd/psd_ws/install/hardware_interface:/home/psd/psd_ws/install/ros2_control_test_assets:/home/psd/psd_ws/install/realtime_tools:/home/psd/psd_ws/install/controller_manager_msgs:/home/psd/psd_ws/install/control_msgs:/home/psd/psd_ws/install/ros2_controllers:/home/psd/psd_ws/install/ign_ros2_control_demos:/home/psd/psd_ws/install/gazebo_ros2_control_demos:/home/psd/psd_ws/install/velocity_controllers:/home/psd/psd_ws/install/tricycle_steering_controller:/home/psd/psd_ws/install/tricycle_controller:/home/psd/psd_ws/install/ros2_control_demos:/home/psd/psd_ws/install/ros2_control_demo_example_8:/home/psd/psd_ws/install/ros2_control:/home/psd/psd_ws/install/transmission_interface:/home/psd/psd_ws/install/ros2_control_demo_example_11:/home/psd/psd_ws/install/bicycle_steering_controller:/home/psd/psd_ws/install/ackermann_steering_controller:/home/psd/psd_ws/install/steering_controllers_library:/home/psd/psd_ws/install/ros2_control_demo_example_9:/home/psd/psd_ws/install/ros2_control_demo_example_7:/home/psd/psd_ws/install/ros2_control_demo_example_6:/home/psd/psd_ws/install/ros2_control_demo_example_5:/home/psd/psd_ws/install/ros2_control_demo_example_4:/home/psd/psd_ws/install/ros2_control_demo_example_3:/home/psd/psd_ws/install/ros2_control_demo_example_2:/home/psd/psd_ws/install/ros2_control_demo_example_14:/home/psd/psd_ws/install/ros2_control_demo_example_12:/home/psd/psd_ws/install/ros2_control_demo_example_10:/home/psd/psd_ws/install/ros2_control_demo_example_1:/home/psd/psd_ws/install/gz_ros2_control_tests:/home/psd/psd_ws/install/psd_vehicle_bringup:/home/psd/psd_ws/install/ign_ros2_control:/home/psd/psd_ws/install/hardware_interface_testing:/home/psd/psd_ws/install/gazebo_ros2_control:/home/psd/psd_ws/install/ros2_control_demo_description:/home/psd/psd_ws/install/range_sensor_broadcaster:/home/psd/psd_ws/install/position_controllers:/home/psd/psd_ws/install/admittance_controller:/home/psd/psd_ws/install/joint_trajectory_controller:/home/psd/psd_ws/install/joint_state_broadcaster:/home/psd/psd_ws/install/imu_sensor_broadcaster:/home/psd/psd_ws/install/gripper_controllers:/home/psd/psd_ws/install/effort_controllers:/home/psd/psd_ws/install/forward_command_controller:/home/psd/psd_ws/install/force_torque_sensor_broadcaster:/home/psd/psd_ws/install/diff_drive_controller:/home/psd/psd_ws/install/control_toolbox:/home/psd/psd_ws/install/psd_vehicle_description:/home/psd/psd_ws/install/psd_gazebo_worlds:/home/psd/psd_ws/install/kinematics_interface_kdl:/home/psd/psd_ws/install/kinematics_interface:/home/psd/psd_ws/install/joint_limits:/home/psd/psd_ws/install/rqt_joint_trajectory_controller:/home/psd/psd_ws/install/rqt_controller_manager:/home/psd/psd_ws/install/ros2controlcli:/home/psd/psd_ws/install/ros2_controllers_test_nodes:/opt/ros/humble LD_LIBRARY_PATH=/home/psd/psd_ws/install/controller_manager/lib:/home/psd/psd_ws/install/controller_interface/lib:/home/psd/psd_ws/install/hardware_interface/lib:/home/psd/psd_ws/install/realtime_tools/lib:/home/psd/psd_ws/install/controller_manager_msgs/lib:/home/psd/psd_ws/install/control_msgs/lib:/home/psd/psd_ws/install/velocity_controllers/lib:/home/psd/psd_ws/install/tricycle_steering_controller/lib:/home/psd/psd_ws/install/tricycle_controller/lib:/home/psd/psd_ws/install/ros2_control_demo_example_8/lib:/home/psd/psd_ws/install/transmission_interface/lib:/home/psd/psd_ws/install/ros2_control_demo_example_11/lib:/home/psd/psd_ws/install/bicycle_steering_controller/lib:/home/psd/psd_ws/install/ackermann_steering_controller/lib:/home/psd/psd_ws/install/steering_controllers_library/lib:/home/psd/psd_ws/install/ros2_control_demo_example_9/lib:/home/psd/psd_ws/install/ros2_control_demo_example_7/lib:/home/psd/psd_ws/install/ros2_control_demo_example_6/lib:/home/psd/psd_ws/install/ros2_control_demo_example_5/lib:/home/psd/psd_ws/install/ros2_control_demo_example_4/lib:/home/psd/psd_ws/install/ros2_control_demo_example_3/lib:/home/psd/psd_ws/install/ros2_control_demo_example_2/lib:/home/psd/psd_ws/install/ros2_control_demo_example_14/lib:/home/psd/psd_ws/install/ros2_control_demo_example_12/lib:/home/psd/psd_ws/install/ros2_control_demo_example_10/lib:/home/psd/psd_ws/install/ros2_control_demo_example_1/lib:/home/psd/psd_ws/install/ign_ros2_control/lib:/home/psd/psd_ws/install/hardware_interface_testing/lib:/home/psd/psd_ws/install/gazebo_ros2_control/lib:/home/psd/psd_ws/install/range_sensor_broadcaster/lib:/home/psd/psd_ws/install/position_controllers/lib:/home/psd/psd_ws/install/admittance_controller/lib:/home/psd/psd_ws/install/joint_trajectory_controller/lib:/home/psd/psd_ws/install/joint_state_broadcaster/lib:/home/psd/psd_ws/install/imu_sensor_broadcaster/lib:/home/psd/psd_ws/install/gripper_controllers/lib:/home/psd/psd_ws/install/effort_controllers/lib:/home/psd/psd_ws/install/forward_command_controller/lib:/home/psd/psd_ws/install/force_torque_sensor_broadcaster/lib:/home/psd/psd_ws/install/diff_drive_controller/lib:/home/psd/psd_ws/install/control_toolbox/lib:/home/psd/psd_ws/install/kinematics_interface_kdl/lib:/home/psd/psd_ws/install/kinematics_interface/lib:/usr/lib/x86_64-linux-gnu/gazebo-11/plugins:/opt/ros/humble/opt/rviz_ogre_vendor/lib:/opt/ros/humble/lib/x86_64-linux-gnu:/opt/ros/humble/lib /usr/bin/cmake --install /home/psd/psd_ws/build/ign_ros2_control
