[ 16%] Built target gmock_main
[ 25%] Built target gripper_action_controller_parameters
[ 50%] Built target gmock
[ 66%] Built target gripper_action_controller
[ 83%] Built target test_load_gripper_action_controllers
[100%] Built target test_gripper_controllers
-- Install configuration: ""
-- Up-to-date: /home/psd/psd_ws/install/gripper_controllers/include/gripper_action_controller_parameters
-- Up-to-date: /home/psd/psd_ws/install/gripper_controllers/include/gripper_action_controller_parameters/gripper_action_controller_parameters.hpp
-- Up-to-date: /home/psd/psd_ws/install/gripper_controllers/share/gripper_controllers/ros_control_plugins.xml
-- Up-to-date: /home/psd/psd_ws/install/gripper_controllers/include/gripper_action_controller
-- Up-to-date: /home/psd/psd_ws/install/gripper_controllers/include/gripper_action_controller/gripper_controllers
-- Up-to-date: /home/psd/psd_ws/install/gripper_controllers/include/gripper_action_controller/gripper_controllers/gripper_action_controller_impl.hpp
-- Up-to-date: /home/psd/psd_ws/install/gripper_controllers/include/gripper_action_controller/gripper_controllers/visibility_control.hpp
-- Up-to-date: /home/psd/psd_ws/install/gripper_controllers/include/gripper_action_controller/gripper_controllers/gripper_action_controller.hpp
-- Up-to-date: /home/psd/psd_ws/install/gripper_controllers/include/gripper_action_controller/gripper_controllers/hardware_interface_adapter.hpp
-- Up-to-date: /home/psd/psd_ws/install/gripper_controllers/lib/libgripper_action_controller.so
-- Up-to-date: /home/psd/psd_ws/install/gripper_controllers/share/gripper_controllers/environment/library_path.sh
-- Up-to-date: /home/psd/psd_ws/install/gripper_controllers/share/gripper_controllers/environment/library_path.dsv
-- Up-to-date: /home/psd/psd_ws/install/gripper_controllers/share/ament_index/resource_index/package_run_dependencies/gripper_controllers
-- Up-to-date: /home/psd/psd_ws/install/gripper_controllers/share/ament_index/resource_index/parent_prefix_path/gripper_controllers
-- Up-to-date: /home/psd/psd_ws/install/gripper_controllers/share/gripper_controllers/environment/ament_prefix_path.sh
-- Up-to-date: /home/psd/psd_ws/install/gripper_controllers/share/gripper_controllers/environment/ament_prefix_path.dsv
-- Up-to-date: /home/psd/psd_ws/install/gripper_controllers/share/gripper_controllers/environment/path.sh
-- Up-to-date: /home/psd/psd_ws/install/gripper_controllers/share/gripper_controllers/environment/path.dsv
-- Up-to-date: /home/psd/psd_ws/install/gripper_controllers/share/gripper_controllers/local_setup.bash
-- Up-to-date: /home/psd/psd_ws/install/gripper_controllers/share/gripper_controllers/local_setup.sh
-- Up-to-date: /home/psd/psd_ws/install/gripper_controllers/share/gripper_controllers/local_setup.zsh
-- Up-to-date: /home/psd/psd_ws/install/gripper_controllers/share/gripper_controllers/local_setup.dsv
-- Installing: /home/psd/psd_ws/install/gripper_controllers/share/gripper_controllers/package.dsv
-- Up-to-date: /home/psd/psd_ws/install/gripper_controllers/share/ament_index/resource_index/packages/gripper_controllers
-- Up-to-date: /home/psd/psd_ws/install/gripper_controllers/share/ament_index/resource_index/controller_interface__pluginlib__plugin/gripper_controllers
-- Up-to-date: /home/psd/psd_ws/install/gripper_controllers/share/gripper_controllers/cmake/export_gripper_action_controllerExport.cmake
-- Up-to-date: /home/psd/psd_ws/install/gripper_controllers/share/gripper_controllers/cmake/export_gripper_action_controllerExport-noconfig.cmake
-- Up-to-date: /home/psd/psd_ws/install/gripper_controllers/share/gripper_controllers/cmake/ament_cmake_export_targets-extras.cmake
-- Up-to-date: /home/psd/psd_ws/install/gripper_controllers/share/gripper_controllers/cmake/ament_cmake_export_dependencies-extras.cmake
-- Up-to-date: /home/psd/psd_ws/install/gripper_controllers/share/gripper_controllers/cmake/gripper_controllersConfig.cmake
-- Up-to-date: /home/psd/psd_ws/install/gripper_controllers/share/gripper_controllers/cmake/gripper_controllersConfig-version.cmake
-- Up-to-date: /home/psd/psd_ws/install/gripper_controllers/share/gripper_controllers/package.xml
