[0.000000] (-) TimerEvent: {}
[0.000098] (psd_gazebo_worlds) JobQueued: {'identifier': 'psd_gazebo_worlds', 'dependencies': OrderedDict()}
[0.000121] (psd_vehicle_description) JobQueued: {'identifier': 'psd_vehicle_description', 'dependencies': OrderedDict()}
[0.000134] (ros_components_description) JobQueued: {'identifier': 'ros_components_description', 'dependencies': OrderedDict()}
[0.000143] (psd_vehicle_bringup) JobQueued: {'identifier': 'psd_vehicle_bringup', 'dependencies': OrderedDict({'psd_vehicle_description': '/home/ubuntu/psd_ws/install/psd_vehicle_description'})}
[0.000921] (psd_vehicle_description) JobStarted: {'identifier': 'psd_vehicle_description'}
[0.012098] (psd_gazebo_worlds) JobStarted: {'identifier': 'psd_gazebo_worlds'}
[0.014572] (ros_components_description) JobStarted: {'identifier': 'ros_components_description'}
[0.018115] (psd_vehicle_description) JobProgress: {'identifier': 'psd_vehicle_description', 'progress': 'cmake'}
[0.018241] (psd_vehicle_description) Command: {'cmd': ['/usr/bin/cmake', '/home/ubuntu/psd_ws/src/psd_vehicle_description', '-DCMAKE_INSTALL_PREFIX=/home/ubuntu/psd_ws/install/psd_vehicle_description'], 'cwd': '/home/ubuntu/psd_ws/build/psd_vehicle_description', 'env': OrderedDict({'GZ_CONFIG_PATH': '/opt/ros/jazzy/opt/gz_sim_vendor/share/gz:/opt/ros/jazzy/opt/sdformat_vendor/share/gz:/opt/ros/jazzy/opt/gz_gui_vendor/share/gz:/opt/ros/jazzy/opt/gz_transport_vendor/share/gz:/opt/ros/jazzy/opt/gz_rendering_vendor/share/gz:/opt/ros/jazzy/opt/gz_plugin_vendor/share/gz:/opt/ros/jazzy/opt/gz_fuel_tools_vendor/share/gz:/opt/ros/jazzy/opt/gz_msgs_vendor/share/gz:/opt/ros/jazzy/opt/gz_common_vendor/share/gz', 'HOSTNAME': 'edo-Thinkpad', 'SHLVL': '1', 'LD_LIBRARY_PATH': '/opt/ros/jazzy/opt/gz_sim_vendor/lib:/opt/ros/jazzy/opt/gz_sensors_vendor/lib:/opt/ros/jazzy/opt/gz_physics_vendor/lib:/opt/ros/jazzy/opt/sdformat_vendor/lib:/opt/ros/jazzy/opt/rviz_ogre_vendor/lib:/opt/ros/jazzy/lib/x86_64-linux-gnu:/opt/ros/jazzy/opt/gz_gui_vendor/lib:/opt/ros/jazzy/opt/gz_transport_vendor/lib:/opt/ros/jazzy/opt/gz_rendering_vendor/lib:/opt/ros/jazzy/opt/gz_plugin_vendor/lib:/opt/ros/jazzy/opt/gz_fuel_tools_vendor/lib:/opt/ros/jazzy/opt/gz_msgs_vendor/lib:/opt/ros/jazzy/opt/gz_common_vendor/lib:/opt/ros/jazzy/opt/gz_math_vendor/lib:/opt/ros/jazzy/opt/gz_utils_vendor/lib:/opt/ros/jazzy/opt/gz_tools_vendor/lib:/opt/ros/jazzy/opt/gz_ogre_next_vendor/lib:/opt/ros/jazzy/opt/gz_dartsim_vendor/lib:/opt/ros/jazzy/opt/gz_cmake_vendor/lib:/opt/ros/jazzy/lib', 'HOME': '/home/ubuntu', 'ROS_PYTHON_VERSION': '3', 'ROS_DISTRO': 'jazzy', '_': '/usr/bin/colcon', 'ROS_VERSION': '2', 'TERM': 'xterm-256color', 'PATH': '/opt/ros/jazzy/opt/gz_msgs_vendor/bin:/opt/ros/jazzy/opt/gz_tools_vendor/bin:/opt/ros/jazzy/opt/gz_ogre_next_vendor/bin:/opt/ros/jazzy/bin:/usr/local/sbin:/usr/local/bin:/usr/sbin:/usr/bin:/sbin:/bin', 'DISPLAY': ':0', 'LANG': 'C.UTF-8', 'AMENT_PREFIX_PATH': '/opt/ros/jazzy', 'DEBIAN_FRONTEND': 'noninteractive', 'ROS_AUTOMATIC_DISCOVERY_RANGE': 'SUBNET', 'PWD': '/home/ubuntu/psd_ws/build/psd_vehicle_description', 'LC_ALL': 'C.UTF-8', 'PYTHONPATH': '/opt/ros/jazzy/lib/python3.12/site-packages', 'COLCON': '1', 'CMAKE_PREFIX_PATH': '/opt/ros/jazzy/opt/gz_sim_vendor:/opt/ros/jazzy/opt/gz_sensors_vendor:/opt/ros/jazzy/opt/gz_physics_vendor:/opt/ros/jazzy/opt/sdformat_vendor:/opt/ros/jazzy/opt/gz_gui_vendor:/opt/ros/jazzy/opt/gz_transport_vendor:/opt/ros/jazzy/opt/gz_rendering_vendor:/opt/ros/jazzy/opt/gz_plugin_vendor:/opt/ros/jazzy/opt/gz_fuel_tools_vendor:/opt/ros/jazzy/opt/gz_msgs_vendor:/opt/ros/jazzy/opt/gz_common_vendor:/opt/ros/jazzy/opt/gz_math_vendor:/opt/ros/jazzy/opt/gz_utils_vendor:/opt/ros/jazzy/opt/gz_tools_vendor:/opt/ros/jazzy/opt/gz_ogre_next_vendor:/opt/ros/jazzy/opt/gz_dartsim_vendor:/opt/ros/jazzy/opt/gz_cmake_vendor:/opt/ros/jazzy'}), 'shell': False}
[0.021087] (psd_gazebo_worlds) JobProgress: {'identifier': 'psd_gazebo_worlds', 'progress': 'cmake'}
[0.021116] (psd_gazebo_worlds) Command: {'cmd': ['/usr/bin/cmake', '/home/ubuntu/psd_ws/src/psd_gazebo_worlds', '-DCMAKE_INSTALL_PREFIX=/home/ubuntu/psd_ws/install/psd_gazebo_worlds'], 'cwd': '/home/ubuntu/psd_ws/build/psd_gazebo_worlds', 'env': OrderedDict({'GZ_CONFIG_PATH': '/opt/ros/jazzy/opt/gz_sim_vendor/share/gz:/opt/ros/jazzy/opt/sdformat_vendor/share/gz:/opt/ros/jazzy/opt/gz_gui_vendor/share/gz:/opt/ros/jazzy/opt/gz_transport_vendor/share/gz:/opt/ros/jazzy/opt/gz_rendering_vendor/share/gz:/opt/ros/jazzy/opt/gz_plugin_vendor/share/gz:/opt/ros/jazzy/opt/gz_fuel_tools_vendor/share/gz:/opt/ros/jazzy/opt/gz_msgs_vendor/share/gz:/opt/ros/jazzy/opt/gz_common_vendor/share/gz', 'HOSTNAME': 'edo-Thinkpad', 'SHLVL': '1', 'LD_LIBRARY_PATH': '/opt/ros/jazzy/opt/gz_sim_vendor/lib:/opt/ros/jazzy/opt/gz_sensors_vendor/lib:/opt/ros/jazzy/opt/gz_physics_vendor/lib:/opt/ros/jazzy/opt/sdformat_vendor/lib:/opt/ros/jazzy/opt/rviz_ogre_vendor/lib:/opt/ros/jazzy/lib/x86_64-linux-gnu:/opt/ros/jazzy/opt/gz_gui_vendor/lib:/opt/ros/jazzy/opt/gz_transport_vendor/lib:/opt/ros/jazzy/opt/gz_rendering_vendor/lib:/opt/ros/jazzy/opt/gz_plugin_vendor/lib:/opt/ros/jazzy/opt/gz_fuel_tools_vendor/lib:/opt/ros/jazzy/opt/gz_msgs_vendor/lib:/opt/ros/jazzy/opt/gz_common_vendor/lib:/opt/ros/jazzy/opt/gz_math_vendor/lib:/opt/ros/jazzy/opt/gz_utils_vendor/lib:/opt/ros/jazzy/opt/gz_tools_vendor/lib:/opt/ros/jazzy/opt/gz_ogre_next_vendor/lib:/opt/ros/jazzy/opt/gz_dartsim_vendor/lib:/opt/ros/jazzy/opt/gz_cmake_vendor/lib:/opt/ros/jazzy/lib', 'HOME': '/home/ubuntu', 'ROS_PYTHON_VERSION': '3', 'ROS_DISTRO': 'jazzy', '_': '/usr/bin/colcon', 'ROS_VERSION': '2', 'TERM': 'xterm-256color', 'PATH': '/opt/ros/jazzy/opt/gz_msgs_vendor/bin:/opt/ros/jazzy/opt/gz_tools_vendor/bin:/opt/ros/jazzy/opt/gz_ogre_next_vendor/bin:/opt/ros/jazzy/bin:/usr/local/sbin:/usr/local/bin:/usr/sbin:/usr/bin:/sbin:/bin', 'DISPLAY': ':0', 'LANG': 'C.UTF-8', 'AMENT_PREFIX_PATH': '/opt/ros/jazzy', 'DEBIAN_FRONTEND': 'noninteractive', 'ROS_AUTOMATIC_DISCOVERY_RANGE': 'SUBNET', 'PWD': '/home/ubuntu/psd_ws/build/psd_gazebo_worlds', 'LC_ALL': 'C.UTF-8', 'PYTHONPATH': '/opt/ros/jazzy/lib/python3.12/site-packages', 'COLCON': '1', 'CMAKE_PREFIX_PATH': '/opt/ros/jazzy/opt/gz_sim_vendor:/opt/ros/jazzy/opt/gz_sensors_vendor:/opt/ros/jazzy/opt/gz_physics_vendor:/opt/ros/jazzy/opt/sdformat_vendor:/opt/ros/jazzy/opt/gz_gui_vendor:/opt/ros/jazzy/opt/gz_transport_vendor:/opt/ros/jazzy/opt/gz_rendering_vendor:/opt/ros/jazzy/opt/gz_plugin_vendor:/opt/ros/jazzy/opt/gz_fuel_tools_vendor:/opt/ros/jazzy/opt/gz_msgs_vendor:/opt/ros/jazzy/opt/gz_common_vendor:/opt/ros/jazzy/opt/gz_math_vendor:/opt/ros/jazzy/opt/gz_utils_vendor:/opt/ros/jazzy/opt/gz_tools_vendor:/opt/ros/jazzy/opt/gz_ogre_next_vendor:/opt/ros/jazzy/opt/gz_dartsim_vendor:/opt/ros/jazzy/opt/gz_cmake_vendor:/opt/ros/jazzy'}), 'shell': False}
[0.024178] (ros_components_description) JobProgress: {'identifier': 'ros_components_description', 'progress': 'cmake'}
[0.024440] (ros_components_description) Command: {'cmd': ['/usr/bin/cmake', '/home/ubuntu/psd_ws/src/ros_components_description', '-DCMAKE_INSTALL_PREFIX=/home/ubuntu/psd_ws/install/ros_components_description'], 'cwd': '/home/ubuntu/psd_ws/build/ros_components_description', 'env': OrderedDict({'GZ_CONFIG_PATH': '/opt/ros/jazzy/opt/gz_sim_vendor/share/gz:/opt/ros/jazzy/opt/sdformat_vendor/share/gz:/opt/ros/jazzy/opt/gz_gui_vendor/share/gz:/opt/ros/jazzy/opt/gz_transport_vendor/share/gz:/opt/ros/jazzy/opt/gz_rendering_vendor/share/gz:/opt/ros/jazzy/opt/gz_plugin_vendor/share/gz:/opt/ros/jazzy/opt/gz_fuel_tools_vendor/share/gz:/opt/ros/jazzy/opt/gz_msgs_vendor/share/gz:/opt/ros/jazzy/opt/gz_common_vendor/share/gz', 'HOSTNAME': 'edo-Thinkpad', 'SHLVL': '1', 'LD_LIBRARY_PATH': '/opt/ros/jazzy/opt/gz_sim_vendor/lib:/opt/ros/jazzy/opt/gz_sensors_vendor/lib:/opt/ros/jazzy/opt/gz_physics_vendor/lib:/opt/ros/jazzy/opt/sdformat_vendor/lib:/opt/ros/jazzy/opt/rviz_ogre_vendor/lib:/opt/ros/jazzy/lib/x86_64-linux-gnu:/opt/ros/jazzy/opt/gz_gui_vendor/lib:/opt/ros/jazzy/opt/gz_transport_vendor/lib:/opt/ros/jazzy/opt/gz_rendering_vendor/lib:/opt/ros/jazzy/opt/gz_plugin_vendor/lib:/opt/ros/jazzy/opt/gz_fuel_tools_vendor/lib:/opt/ros/jazzy/opt/gz_msgs_vendor/lib:/opt/ros/jazzy/opt/gz_common_vendor/lib:/opt/ros/jazzy/opt/gz_math_vendor/lib:/opt/ros/jazzy/opt/gz_utils_vendor/lib:/opt/ros/jazzy/opt/gz_tools_vendor/lib:/opt/ros/jazzy/opt/gz_ogre_next_vendor/lib:/opt/ros/jazzy/opt/gz_dartsim_vendor/lib:/opt/ros/jazzy/opt/gz_cmake_vendor/lib:/opt/ros/jazzy/lib', 'HOME': '/home/ubuntu', 'ROS_PYTHON_VERSION': '3', 'ROS_DISTRO': 'jazzy', '_': '/usr/bin/colcon', 'ROS_VERSION': '2', 'TERM': 'xterm-256color', 'PATH': '/opt/ros/jazzy/opt/gz_msgs_vendor/bin:/opt/ros/jazzy/opt/gz_tools_vendor/bin:/opt/ros/jazzy/opt/gz_ogre_next_vendor/bin:/opt/ros/jazzy/bin:/usr/local/sbin:/usr/local/bin:/usr/sbin:/usr/bin:/sbin:/bin', 'DISPLAY': ':0', 'LANG': 'C.UTF-8', 'AMENT_PREFIX_PATH': '/opt/ros/jazzy', 'DEBIAN_FRONTEND': 'noninteractive', 'ROS_AUTOMATIC_DISCOVERY_RANGE': 'SUBNET', 'PWD': '/home/ubuntu/psd_ws/build/ros_components_description', 'LC_ALL': 'C.UTF-8', 'PYTHONPATH': '/opt/ros/jazzy/lib/python3.12/site-packages', 'COLCON': '1', 'CMAKE_PREFIX_PATH': '/opt/ros/jazzy/opt/gz_sim_vendor:/opt/ros/jazzy/opt/gz_sensors_vendor:/opt/ros/jazzy/opt/gz_physics_vendor:/opt/ros/jazzy/opt/sdformat_vendor:/opt/ros/jazzy/opt/gz_gui_vendor:/opt/ros/jazzy/opt/gz_transport_vendor:/opt/ros/jazzy/opt/gz_rendering_vendor:/opt/ros/jazzy/opt/gz_plugin_vendor:/opt/ros/jazzy/opt/gz_fuel_tools_vendor:/opt/ros/jazzy/opt/gz_msgs_vendor:/opt/ros/jazzy/opt/gz_common_vendor:/opt/ros/jazzy/opt/gz_math_vendor:/opt/ros/jazzy/opt/gz_utils_vendor:/opt/ros/jazzy/opt/gz_tools_vendor:/opt/ros/jazzy/opt/gz_ogre_next_vendor:/opt/ros/jazzy/opt/gz_dartsim_vendor:/opt/ros/jazzy/opt/gz_cmake_vendor:/opt/ros/jazzy'}), 'shell': False}
[0.099894] (-) TimerEvent: {}
[0.198433] (psd_gazebo_worlds) StdoutLine: {'line': b'-- The C compiler identification is GNU 13.2.0\n'}
[0.198695] (psd_vehicle_description) StdoutLine: {'line': b'-- The C compiler identification is GNU 13.2.0\n'}
[0.198898] (ros_components_description) StdoutLine: {'line': b'-- The C compiler identification is GNU 13.2.0\n'}
[0.200003] (-) TimerEvent: {}
[0.300281] (-) TimerEvent: {}
[0.307916] (psd_vehicle_description) StdoutLine: {'line': b'-- The CXX compiler identification is GNU 13.2.0\n'}
[0.308060] (ros_components_description) StdoutLine: {'line': b'-- The CXX compiler identification is GNU 13.2.0\n'}
[0.309038] (psd_gazebo_worlds) StdoutLine: {'line': b'-- The CXX compiler identification is GNU 13.2.0\n'}
[0.325839] (psd_vehicle_description) StdoutLine: {'line': b'-- Detecting C compiler ABI info\n'}
[0.325964] (psd_gazebo_worlds) StdoutLine: {'line': b'-- Detecting C compiler ABI info\n'}
[0.326015] (ros_components_description) StdoutLine: {'line': b'-- Detecting C compiler ABI info\n'}
[0.400453] (-) TimerEvent: {}
[0.402014] (psd_vehicle_description) StdoutLine: {'line': b'-- Detecting C compiler ABI info - done\n'}
[0.402390] (psd_gazebo_worlds) StdoutLine: {'line': b'-- Detecting C compiler ABI info - done\n'}
[0.402646] (ros_components_description) StdoutLine: {'line': b'-- Detecting C compiler ABI info - done\n'}
[0.408491] (ros_components_description) StdoutLine: {'line': b'-- Check for working C compiler: /usr/bin/cc - skipped\n'}
[0.408886] (psd_gazebo_worlds) StdoutLine: {'line': b'-- Check for working C compiler: /usr/bin/cc - skipped\n'}
[0.409029] (psd_gazebo_worlds) StdoutLine: {'line': b'-- Detecting C compile features\n'}
[0.409315] (ros_components_description) StdoutLine: {'line': b'-- Detecting C compile features\n'}
[0.409772] (psd_gazebo_worlds) StdoutLine: {'line': b'-- Detecting C compile features - done\n'}
[0.410048] (ros_components_description) StdoutLine: {'line': b'-- Detecting C compile features - done\n'}
[0.410705] (psd_vehicle_description) StdoutLine: {'line': b'-- Check for working C compiler: /usr/bin/cc - skipped\n'}
[0.410842] (psd_vehicle_description) StdoutLine: {'line': b'-- Detecting C compile features\n'}
[0.411229] (psd_vehicle_description) StdoutLine: {'line': b'-- Detecting C compile features - done\n'}
[0.418011] (psd_gazebo_worlds) StdoutLine: {'line': b'-- Detecting CXX compiler ABI info\n'}
[0.418149] (ros_components_description) StdoutLine: {'line': b'-- Detecting CXX compiler ABI info\n'}
[0.418237] (psd_vehicle_description) StdoutLine: {'line': b'-- Detecting CXX compiler ABI info\n'}
[0.493583] (psd_gazebo_worlds) StdoutLine: {'line': b'-- Detecting CXX compiler ABI info - done\n'}
[0.494257] (psd_vehicle_description) StdoutLine: {'line': b'-- Detecting CXX compiler ABI info - done\n'}
[0.495275] (ros_components_description) StdoutLine: {'line': b'-- Detecting CXX compiler ABI info - done\n'}
[0.500434] (psd_vehicle_description) StdoutLine: {'line': b'-- Check for working CXX compiler: /usr/bin/c++ - skipped\n'}
[0.500543] (-) TimerEvent: {}
[0.500649] (psd_vehicle_description) StdoutLine: {'line': b'-- Detecting CXX compile features\n'}
[0.501172] (psd_vehicle_description) StdoutLine: {'line': b'-- Detecting CXX compile features - done\n'}
[0.502960] (psd_gazebo_worlds) StdoutLine: {'line': b'-- Check for working CXX compiler: /usr/bin/c++ - skipped\n'}
[0.503276] (psd_gazebo_worlds) StdoutLine: {'line': b'-- Detecting CXX compile features\n'}
[0.503666] (psd_gazebo_worlds) StdoutLine: {'line': b'-- Detecting CXX compile features - done\n'}
[0.504374] (ros_components_description) StdoutLine: {'line': b'-- Check for working CXX compiler: /usr/bin/c++ - skipped\n'}
[0.504678] (ros_components_description) StdoutLine: {'line': b'-- Detecting CXX compile features\n'}
[0.505342] (ros_components_description) StdoutLine: {'line': b'-- Detecting CXX compile features - done\n'}
[0.524475] (psd_gazebo_worlds) StdoutLine: {'line': b'-- Found ament_cmake: 2.5.0 (/opt/ros/jazzy/share/ament_cmake/cmake)\n'}
[0.524617] (psd_vehicle_description) StdoutLine: {'line': b'-- Found ament_cmake: 2.5.0 (/opt/ros/jazzy/share/ament_cmake/cmake)\n'}
[0.524670] (ros_components_description) StdoutLine: {'line': b'-- Found ament_cmake: 2.5.0 (/opt/ros/jazzy/share/ament_cmake/cmake)\n'}
[0.600779] (-) TimerEvent: {}
[0.670392] (psd_vehicle_description) StdoutLine: {'line': b'-- Found Python3: /usr/bin/python3 (found version "3.12.3") found components: Interpreter \n'}
[0.672838] (psd_gazebo_worlds) StdoutLine: {'line': b'-- Found Python3: /usr/bin/python3 (found version "3.12.3") found components: Interpreter \n'}
[0.673087] (ros_components_description) StdoutLine: {'line': b'-- Found Python3: /usr/bin/python3 (found version "3.12.3") found components: Interpreter \n'}
[0.700955] (-) TimerEvent: {}
[0.801216] (-) TimerEvent: {}
[0.837051] (psd_gazebo_worlds) StdoutLine: {'line': b'-- Found rclcpp: 28.1.2 (/opt/ros/jazzy/share/rclcpp/cmake)\n'}
[0.901360] (-) TimerEvent: {}
[0.907775] (psd_vehicle_description) StdoutLine: {'line': b'-- Configuring done (0.8s)\n'}
[0.910569] (psd_vehicle_description) StdoutLine: {'line': b'-- Generating done (0.0s)\n'}
[0.911277] (psd_vehicle_description) StdoutLine: {'line': b'-- Build files have been written to: /home/ubuntu/psd_ws/build/psd_vehicle_description\n'}
[0.915374] (psd_vehicle_description) CommandEnded: {'returncode': 0}
[0.916593] (psd_vehicle_description) JobProgress: {'identifier': 'psd_vehicle_description', 'progress': 'build'}
[0.916629] (psd_vehicle_description) Command: {'cmd': ['/usr/bin/cmake', '--build', '/home/ubuntu/psd_ws/build/psd_vehicle_description', '--', '-j20', '-l20'], 'cwd': '/home/ubuntu/psd_ws/build/psd_vehicle_description', 'env': OrderedDict({'GZ_CONFIG_PATH': '/opt/ros/jazzy/opt/gz_sim_vendor/share/gz:/opt/ros/jazzy/opt/sdformat_vendor/share/gz:/opt/ros/jazzy/opt/gz_gui_vendor/share/gz:/opt/ros/jazzy/opt/gz_transport_vendor/share/gz:/opt/ros/jazzy/opt/gz_rendering_vendor/share/gz:/opt/ros/jazzy/opt/gz_plugin_vendor/share/gz:/opt/ros/jazzy/opt/gz_fuel_tools_vendor/share/gz:/opt/ros/jazzy/opt/gz_msgs_vendor/share/gz:/opt/ros/jazzy/opt/gz_common_vendor/share/gz', 'HOSTNAME': 'edo-Thinkpad', 'SHLVL': '1', 'LD_LIBRARY_PATH': '/opt/ros/jazzy/opt/gz_sim_vendor/lib:/opt/ros/jazzy/opt/gz_sensors_vendor/lib:/opt/ros/jazzy/opt/gz_physics_vendor/lib:/opt/ros/jazzy/opt/sdformat_vendor/lib:/opt/ros/jazzy/opt/rviz_ogre_vendor/lib:/opt/ros/jazzy/lib/x86_64-linux-gnu:/opt/ros/jazzy/opt/gz_gui_vendor/lib:/opt/ros/jazzy/opt/gz_transport_vendor/lib:/opt/ros/jazzy/opt/gz_rendering_vendor/lib:/opt/ros/jazzy/opt/gz_plugin_vendor/lib:/opt/ros/jazzy/opt/gz_fuel_tools_vendor/lib:/opt/ros/jazzy/opt/gz_msgs_vendor/lib:/opt/ros/jazzy/opt/gz_common_vendor/lib:/opt/ros/jazzy/opt/gz_math_vendor/lib:/opt/ros/jazzy/opt/gz_utils_vendor/lib:/opt/ros/jazzy/opt/gz_tools_vendor/lib:/opt/ros/jazzy/opt/gz_ogre_next_vendor/lib:/opt/ros/jazzy/opt/gz_dartsim_vendor/lib:/opt/ros/jazzy/opt/gz_cmake_vendor/lib:/opt/ros/jazzy/lib', 'HOME': '/home/ubuntu', 'ROS_PYTHON_VERSION': '3', 'ROS_DISTRO': 'jazzy', '_': '/usr/bin/colcon', 'ROS_VERSION': '2', 'TERM': 'xterm-256color', 'PATH': '/opt/ros/jazzy/opt/gz_msgs_vendor/bin:/opt/ros/jazzy/opt/gz_tools_vendor/bin:/opt/ros/jazzy/opt/gz_ogre_next_vendor/bin:/opt/ros/jazzy/bin:/usr/local/sbin:/usr/local/bin:/usr/sbin:/usr/bin:/sbin:/bin', 'DISPLAY': ':0', 'LANG': 'C.UTF-8', 'AMENT_PREFIX_PATH': '/opt/ros/jazzy', 'DEBIAN_FRONTEND': 'noninteractive', 'ROS_AUTOMATIC_DISCOVERY_RANGE': 'SUBNET', 'PWD': '/home/ubuntu/psd_ws/build/psd_vehicle_description', 'LC_ALL': 'C.UTF-8', 'PYTHONPATH': '/opt/ros/jazzy/lib/python3.12/site-packages', 'COLCON': '1', 'CMAKE_PREFIX_PATH': '/opt/ros/jazzy/opt/gz_sim_vendor:/opt/ros/jazzy/opt/gz_sensors_vendor:/opt/ros/jazzy/opt/gz_physics_vendor:/opt/ros/jazzy/opt/sdformat_vendor:/opt/ros/jazzy/opt/gz_gui_vendor:/opt/ros/jazzy/opt/gz_transport_vendor:/opt/ros/jazzy/opt/gz_rendering_vendor:/opt/ros/jazzy/opt/gz_plugin_vendor:/opt/ros/jazzy/opt/gz_fuel_tools_vendor:/opt/ros/jazzy/opt/gz_msgs_vendor:/opt/ros/jazzy/opt/gz_common_vendor:/opt/ros/jazzy/opt/gz_math_vendor:/opt/ros/jazzy/opt/gz_utils_vendor:/opt/ros/jazzy/opt/gz_tools_vendor:/opt/ros/jazzy/opt/gz_ogre_next_vendor:/opt/ros/jazzy/opt/gz_dartsim_vendor:/opt/ros/jazzy/opt/gz_cmake_vendor:/opt/ros/jazzy'}), 'shell': False}
[0.919694] (ros_components_description) StdoutLine: {'line': b'-- Configuring done (0.9s)\n'}
[0.921953] (ros_components_description) StdoutLine: {'line': b'-- Generating done (0.0s)\n'}
[0.922595] (ros_components_description) StdoutLine: {'line': b'-- Build files have been written to: /home/ubuntu/psd_ws/build/ros_components_description\n'}
[0.926436] (ros_components_description) CommandEnded: {'returncode': 0}
[0.926984] (ros_components_description) JobProgress: {'identifier': 'ros_components_description', 'progress': 'build'}
[0.927386] (ros_components_description) Command: {'cmd': ['/usr/bin/cmake', '--build', '/home/ubuntu/psd_ws/build/ros_components_description', '--', '-j20', '-l20'], 'cwd': '/home/ubuntu/psd_ws/build/ros_components_description', 'env': OrderedDict({'GZ_CONFIG_PATH': '/opt/ros/jazzy/opt/gz_sim_vendor/share/gz:/opt/ros/jazzy/opt/sdformat_vendor/share/gz:/opt/ros/jazzy/opt/gz_gui_vendor/share/gz:/opt/ros/jazzy/opt/gz_transport_vendor/share/gz:/opt/ros/jazzy/opt/gz_rendering_vendor/share/gz:/opt/ros/jazzy/opt/gz_plugin_vendor/share/gz:/opt/ros/jazzy/opt/gz_fuel_tools_vendor/share/gz:/opt/ros/jazzy/opt/gz_msgs_vendor/share/gz:/opt/ros/jazzy/opt/gz_common_vendor/share/gz', 'HOSTNAME': 'edo-Thinkpad', 'SHLVL': '1', 'LD_LIBRARY_PATH': '/opt/ros/jazzy/opt/gz_sim_vendor/lib:/opt/ros/jazzy/opt/gz_sensors_vendor/lib:/opt/ros/jazzy/opt/gz_physics_vendor/lib:/opt/ros/jazzy/opt/sdformat_vendor/lib:/opt/ros/jazzy/opt/rviz_ogre_vendor/lib:/opt/ros/jazzy/lib/x86_64-linux-gnu:/opt/ros/jazzy/opt/gz_gui_vendor/lib:/opt/ros/jazzy/opt/gz_transport_vendor/lib:/opt/ros/jazzy/opt/gz_rendering_vendor/lib:/opt/ros/jazzy/opt/gz_plugin_vendor/lib:/opt/ros/jazzy/opt/gz_fuel_tools_vendor/lib:/opt/ros/jazzy/opt/gz_msgs_vendor/lib:/opt/ros/jazzy/opt/gz_common_vendor/lib:/opt/ros/jazzy/opt/gz_math_vendor/lib:/opt/ros/jazzy/opt/gz_utils_vendor/lib:/opt/ros/jazzy/opt/gz_tools_vendor/lib:/opt/ros/jazzy/opt/gz_ogre_next_vendor/lib:/opt/ros/jazzy/opt/gz_dartsim_vendor/lib:/opt/ros/jazzy/opt/gz_cmake_vendor/lib:/opt/ros/jazzy/lib', 'HOME': '/home/ubuntu', 'ROS_PYTHON_VERSION': '3', 'ROS_DISTRO': 'jazzy', '_': '/usr/bin/colcon', 'ROS_VERSION': '2', 'TERM': 'xterm-256color', 'PATH': '/opt/ros/jazzy/opt/gz_msgs_vendor/bin:/opt/ros/jazzy/opt/gz_tools_vendor/bin:/opt/ros/jazzy/opt/gz_ogre_next_vendor/bin:/opt/ros/jazzy/bin:/usr/local/sbin:/usr/local/bin:/usr/sbin:/usr/bin:/sbin:/bin', 'DISPLAY': ':0', 'LANG': 'C.UTF-8', 'AMENT_PREFIX_PATH': '/opt/ros/jazzy', 'DEBIAN_FRONTEND': 'noninteractive', 'ROS_AUTOMATIC_DISCOVERY_RANGE': 'SUBNET', 'PWD': '/home/ubuntu/psd_ws/build/ros_components_description', 'LC_ALL': 'C.UTF-8', 'PYTHONPATH': '/opt/ros/jazzy/lib/python3.12/site-packages', 'COLCON': '1', 'CMAKE_PREFIX_PATH': '/opt/ros/jazzy/opt/gz_sim_vendor:/opt/ros/jazzy/opt/gz_sensors_vendor:/opt/ros/jazzy/opt/gz_physics_vendor:/opt/ros/jazzy/opt/sdformat_vendor:/opt/ros/jazzy/opt/gz_gui_vendor:/opt/ros/jazzy/opt/gz_transport_vendor:/opt/ros/jazzy/opt/gz_rendering_vendor:/opt/ros/jazzy/opt/gz_plugin_vendor:/opt/ros/jazzy/opt/gz_fuel_tools_vendor:/opt/ros/jazzy/opt/gz_msgs_vendor:/opt/ros/jazzy/opt/gz_common_vendor:/opt/ros/jazzy/opt/gz_math_vendor:/opt/ros/jazzy/opt/gz_utils_vendor:/opt/ros/jazzy/opt/gz_tools_vendor:/opt/ros/jazzy/opt/gz_ogre_next_vendor:/opt/ros/jazzy/opt/gz_dartsim_vendor:/opt/ros/jazzy/opt/gz_cmake_vendor:/opt/ros/jazzy'}), 'shell': False}
[0.930183] (psd_gazebo_worlds) StdoutLine: {'line': b'-- Found rosidl_generator_c: 4.6.2 (/opt/ros/jazzy/share/rosidl_generator_c/cmake)\n'}
[0.946156] (psd_vehicle_description) CommandEnded: {'returncode': 0}
[0.954538] (ros_components_description) CommandEnded: {'returncode': 0}
[0.960147] (psd_gazebo_worlds) StdoutLine: {'line': b'-- Found rosidl_generator_cpp: 4.6.2 (/opt/ros/jazzy/share/rosidl_generator_cpp/cmake)\n'}
[0.963337] (psd_vehicle_description) JobProgress: {'identifier': 'psd_vehicle_description', 'progress': 'install'}
[0.969447] (psd_vehicle_description) Command: {'cmd': ['/usr/bin/cmake', '--install', '/home/ubuntu/psd_ws/build/psd_vehicle_description'], 'cwd': '/home/ubuntu/psd_ws/build/psd_vehicle_description', 'env': OrderedDict({'GZ_CONFIG_PATH': '/opt/ros/jazzy/opt/gz_sim_vendor/share/gz:/opt/ros/jazzy/opt/sdformat_vendor/share/gz:/opt/ros/jazzy/opt/gz_gui_vendor/share/gz:/opt/ros/jazzy/opt/gz_transport_vendor/share/gz:/opt/ros/jazzy/opt/gz_rendering_vendor/share/gz:/opt/ros/jazzy/opt/gz_plugin_vendor/share/gz:/opt/ros/jazzy/opt/gz_fuel_tools_vendor/share/gz:/opt/ros/jazzy/opt/gz_msgs_vendor/share/gz:/opt/ros/jazzy/opt/gz_common_vendor/share/gz', 'HOSTNAME': 'edo-Thinkpad', 'SHLVL': '1', 'LD_LIBRARY_PATH': '/opt/ros/jazzy/opt/gz_sim_vendor/lib:/opt/ros/jazzy/opt/gz_sensors_vendor/lib:/opt/ros/jazzy/opt/gz_physics_vendor/lib:/opt/ros/jazzy/opt/sdformat_vendor/lib:/opt/ros/jazzy/opt/rviz_ogre_vendor/lib:/opt/ros/jazzy/lib/x86_64-linux-gnu:/opt/ros/jazzy/opt/gz_gui_vendor/lib:/opt/ros/jazzy/opt/gz_transport_vendor/lib:/opt/ros/jazzy/opt/gz_rendering_vendor/lib:/opt/ros/jazzy/opt/gz_plugin_vendor/lib:/opt/ros/jazzy/opt/gz_fuel_tools_vendor/lib:/opt/ros/jazzy/opt/gz_msgs_vendor/lib:/opt/ros/jazzy/opt/gz_common_vendor/lib:/opt/ros/jazzy/opt/gz_math_vendor/lib:/opt/ros/jazzy/opt/gz_utils_vendor/lib:/opt/ros/jazzy/opt/gz_tools_vendor/lib:/opt/ros/jazzy/opt/gz_ogre_next_vendor/lib:/opt/ros/jazzy/opt/gz_dartsim_vendor/lib:/opt/ros/jazzy/opt/gz_cmake_vendor/lib:/opt/ros/jazzy/lib', 'HOME': '/home/ubuntu', 'ROS_PYTHON_VERSION': '3', 'ROS_DISTRO': 'jazzy', '_': '/usr/bin/colcon', 'ROS_VERSION': '2', 'TERM': 'xterm-256color', 'PATH': '/opt/ros/jazzy/opt/gz_msgs_vendor/bin:/opt/ros/jazzy/opt/gz_tools_vendor/bin:/opt/ros/jazzy/opt/gz_ogre_next_vendor/bin:/opt/ros/jazzy/bin:/usr/local/sbin:/usr/local/bin:/usr/sbin:/usr/bin:/sbin:/bin', 'DISPLAY': ':0', 'LANG': 'C.UTF-8', 'AMENT_PREFIX_PATH': '/opt/ros/jazzy', 'DEBIAN_FRONTEND': 'noninteractive', 'ROS_AUTOMATIC_DISCOVERY_RANGE': 'SUBNET', 'PWD': '/home/ubuntu/psd_ws/build/psd_vehicle_description', 'LC_ALL': 'C.UTF-8', 'PYTHONPATH': '/opt/ros/jazzy/lib/python3.12/site-packages', 'COLCON': '1', 'CMAKE_PREFIX_PATH': '/opt/ros/jazzy/opt/gz_sim_vendor:/opt/ros/jazzy/opt/gz_sensors_vendor:/opt/ros/jazzy/opt/gz_physics_vendor:/opt/ros/jazzy/opt/sdformat_vendor:/opt/ros/jazzy/opt/gz_gui_vendor:/opt/ros/jazzy/opt/gz_transport_vendor:/opt/ros/jazzy/opt/gz_rendering_vendor:/opt/ros/jazzy/opt/gz_plugin_vendor:/opt/ros/jazzy/opt/gz_fuel_tools_vendor:/opt/ros/jazzy/opt/gz_msgs_vendor:/opt/ros/jazzy/opt/gz_common_vendor:/opt/ros/jazzy/opt/gz_math_vendor:/opt/ros/jazzy/opt/gz_utils_vendor:/opt/ros/jazzy/opt/gz_tools_vendor:/opt/ros/jazzy/opt/gz_ogre_next_vendor:/opt/ros/jazzy/opt/gz_dartsim_vendor:/opt/ros/jazzy/opt/gz_cmake_vendor:/opt/ros/jazzy'}), 'shell': False}
[0.972255] (ros_components_description) JobProgress: {'identifier': 'ros_components_description', 'progress': 'install'}
[0.972669] (ros_components_description) Command: {'cmd': ['/usr/bin/cmake', '--install', '/home/ubuntu/psd_ws/build/ros_components_description'], 'cwd': '/home/ubuntu/psd_ws/build/ros_components_description', 'env': OrderedDict({'GZ_CONFIG_PATH': '/opt/ros/jazzy/opt/gz_sim_vendor/share/gz:/opt/ros/jazzy/opt/sdformat_vendor/share/gz:/opt/ros/jazzy/opt/gz_gui_vendor/share/gz:/opt/ros/jazzy/opt/gz_transport_vendor/share/gz:/opt/ros/jazzy/opt/gz_rendering_vendor/share/gz:/opt/ros/jazzy/opt/gz_plugin_vendor/share/gz:/opt/ros/jazzy/opt/gz_fuel_tools_vendor/share/gz:/opt/ros/jazzy/opt/gz_msgs_vendor/share/gz:/opt/ros/jazzy/opt/gz_common_vendor/share/gz', 'HOSTNAME': 'edo-Thinkpad', 'SHLVL': '1', 'LD_LIBRARY_PATH': '/opt/ros/jazzy/opt/gz_sim_vendor/lib:/opt/ros/jazzy/opt/gz_sensors_vendor/lib:/opt/ros/jazzy/opt/gz_physics_vendor/lib:/opt/ros/jazzy/opt/sdformat_vendor/lib:/opt/ros/jazzy/opt/rviz_ogre_vendor/lib:/opt/ros/jazzy/lib/x86_64-linux-gnu:/opt/ros/jazzy/opt/gz_gui_vendor/lib:/opt/ros/jazzy/opt/gz_transport_vendor/lib:/opt/ros/jazzy/opt/gz_rendering_vendor/lib:/opt/ros/jazzy/opt/gz_plugin_vendor/lib:/opt/ros/jazzy/opt/gz_fuel_tools_vendor/lib:/opt/ros/jazzy/opt/gz_msgs_vendor/lib:/opt/ros/jazzy/opt/gz_common_vendor/lib:/opt/ros/jazzy/opt/gz_math_vendor/lib:/opt/ros/jazzy/opt/gz_utils_vendor/lib:/opt/ros/jazzy/opt/gz_tools_vendor/lib:/opt/ros/jazzy/opt/gz_ogre_next_vendor/lib:/opt/ros/jazzy/opt/gz_dartsim_vendor/lib:/opt/ros/jazzy/opt/gz_cmake_vendor/lib:/opt/ros/jazzy/lib', 'HOME': '/home/ubuntu', 'ROS_PYTHON_VERSION': '3', 'ROS_DISTRO': 'jazzy', '_': '/usr/bin/colcon', 'ROS_VERSION': '2', 'TERM': 'xterm-256color', 'PATH': '/opt/ros/jazzy/opt/gz_msgs_vendor/bin:/opt/ros/jazzy/opt/gz_tools_vendor/bin:/opt/ros/jazzy/opt/gz_ogre_next_vendor/bin:/opt/ros/jazzy/bin:/usr/local/sbin:/usr/local/bin:/usr/sbin:/usr/bin:/sbin:/bin', 'DISPLAY': ':0', 'LANG': 'C.UTF-8', 'AMENT_PREFIX_PATH': '/opt/ros/jazzy', 'DEBIAN_FRONTEND': 'noninteractive', 'ROS_AUTOMATIC_DISCOVERY_RANGE': 'SUBNET', 'PWD': '/home/ubuntu/psd_ws/build/ros_components_description', 'LC_ALL': 'C.UTF-8', 'PYTHONPATH': '/opt/ros/jazzy/lib/python3.12/site-packages', 'COLCON': '1', 'CMAKE_PREFIX_PATH': '/opt/ros/jazzy/opt/gz_sim_vendor:/opt/ros/jazzy/opt/gz_sensors_vendor:/opt/ros/jazzy/opt/gz_physics_vendor:/opt/ros/jazzy/opt/sdformat_vendor:/opt/ros/jazzy/opt/gz_gui_vendor:/opt/ros/jazzy/opt/gz_transport_vendor:/opt/ros/jazzy/opt/gz_rendering_vendor:/opt/ros/jazzy/opt/gz_plugin_vendor:/opt/ros/jazzy/opt/gz_fuel_tools_vendor:/opt/ros/jazzy/opt/gz_msgs_vendor:/opt/ros/jazzy/opt/gz_common_vendor:/opt/ros/jazzy/opt/gz_math_vendor:/opt/ros/jazzy/opt/gz_utils_vendor:/opt/ros/jazzy/opt/gz_tools_vendor:/opt/ros/jazzy/opt/gz_ogre_next_vendor:/opt/ros/jazzy/opt/gz_dartsim_vendor:/opt/ros/jazzy/opt/gz_cmake_vendor:/opt/ros/jazzy'}), 'shell': False}
[0.976348] (psd_vehicle_description) StdoutLine: {'line': b'-- Install configuration: ""\n'}
[0.976451] (psd_vehicle_description) StdoutLine: {'line': b'-- Installing: /home/ubuntu/psd_ws/install/psd_vehicle_description/share/psd_vehicle_description/rviz\n'}
[0.976707] (psd_vehicle_description) StdoutLine: {'line': b'-- Installing: /home/ubuntu/psd_ws/install/psd_vehicle_description/share/psd_vehicle_description/rviz/psd_vehicle.rviz\n'}
[0.977147] (psd_vehicle_description) StdoutLine: {'line': b'-- Up-to-date: /home/ubuntu/psd_ws/install/psd_vehicle_description/share/psd_vehicle_description\n'}
[0.977294] (psd_vehicle_description) StdoutLine: {'line': b'-- Installing: /home/ubuntu/psd_ws/install/psd_vehicle_description/share/psd_vehicle_description/view_psd_vehicle.launch.py\n'}
[0.977464] (psd_vehicle_description) StdoutLine: {'line': b'-- Installing: /home/ubuntu/psd_ws/install/psd_vehicle_description/share/psd_vehicle_description/meshes\n'}
[0.977547] (psd_vehicle_description) StdoutLine: {'line': b'-- Installing: /home/ubuntu/psd_ws/install/psd_vehicle_description/share/psd_vehicle_description/meshes/stl\n'}
[0.977598] (psd_vehicle_description) StdoutLine: {'line': b'-- Installing: /home/ubuntu/psd_ws/install/psd_vehicle_description/share/psd_vehicle_description/meshes/stl/wheel.stl\n'}
[0.978533] (psd_vehicle_description) StdoutLine: {'line': b'-- Installing: /home/ubuntu/psd_ws/install/psd_vehicle_description/share/psd_vehicle_description/meshes/stl/steering_hinge.stl\n'}
[0.978970] (ros_components_description) StdoutLine: {'line': b'-- Install configuration: ""\n'}
[0.979097] (ros_components_description) StdoutLine: {'line': b'-- Installing: /home/ubuntu/psd_ws/install/ros_components_description/share/ros_components_description/meshes\n'}
[0.979286] (ros_components_description) StdoutLine: {'line': b'-- Installing: /home/ubuntu/psd_ws/install/ros_components_description/share/ros_components_description/meshes/zedxm.stl\n'}
[0.979450] (psd_vehicle_description) StdoutLine: {'line': b'-- Installing: /home/ubuntu/psd_ws/install/psd_vehicle_description/share/psd_vehicle_description/meshes/stl/suspension.stl\n'}
[0.979752] (psd_vehicle_description) StdoutLine: {'line': b'-- Installing: /home/ubuntu/psd_ws/install/psd_vehicle_description/share/psd_vehicle_description/meshes/stl/chassis.stl\n'}
[0.980255] (psd_vehicle_description) StdoutLine: {'line': b'-- Installing: /home/ubuntu/psd_ws/install/psd_vehicle_description/share/psd_vehicle_description/meshes/stl/tyre.stl\n'}
[0.982622] (psd_vehicle_description) StdoutLine: {'line': b'-- Installing: /home/ubuntu/psd_ws/install/psd_vehicle_description/share/psd_vehicle_description/meshes/obj+mtl\n'}
[0.982903] (psd_vehicle_description) StdoutLine: {'line': b'-- Installing: /home/ubuntu/psd_ws/install/psd_vehicle_description/share/psd_vehicle_description/meshes/obj+mtl/tyre.obj\n'}
[0.984071] (psd_vehicle_description) StdoutLine: {'line': b'-- Installing: /home/ubuntu/psd_ws/install/psd_vehicle_description/share/psd_vehicle_description/meshes/obj+mtl/tyre.mtl\n'}
[0.984311] (psd_vehicle_description) StdoutLine: {'line': b'-- Installing: /home/ubuntu/psd_ws/install/psd_vehicle_description/share/psd_vehicle_description/meshes/obj+mtl/wheel.mtl\n'}
[0.984641] (psd_vehicle_description) StdoutLine: {'line': b'-- Installing: /home/ubuntu/psd_ws/install/psd_vehicle_description/share/psd_vehicle_description/meshes/obj+mtl/steering_hinge.obj\n'}
[0.985191] (psd_vehicle_description) StdoutLine: {'line': b'-- Installing: /home/ubuntu/psd_ws/install/psd_vehicle_description/share/psd_vehicle_description/meshes/obj+mtl/suspension.obj\n'}
[0.985380] (psd_vehicle_description) StdoutLine: {'line': b'-- Installing: /home/ubuntu/psd_ws/install/psd_vehicle_description/share/psd_vehicle_description/meshes/obj+mtl/wheel.obj\n'}
[0.985991] (psd_vehicle_description) StdoutLine: {'line': b'-- Installing: /home/ubuntu/psd_ws/install/psd_vehicle_description/share/psd_vehicle_description/meshes/obj+mtl/chassis.obj\n'}
[0.986417] (psd_vehicle_description) StdoutLine: {'line': b'-- Installing: /home/ubuntu/psd_ws/install/psd_vehicle_description/share/psd_vehicle_description/meshes/obj+mtl/chassis.mtl\n'}
[0.986688] (psd_vehicle_description) StdoutLine: {'line': b'-- Installing: /home/ubuntu/psd_ws/install/psd_vehicle_description/share/psd_vehicle_description/meshes/obj+mtl/suspension.mtl\n'}
[0.987243] (psd_vehicle_description) StdoutLine: {'line': b'-- Installing: /home/ubuntu/psd_ws/install/psd_vehicle_description/share/psd_vehicle_description/meshes/obj+mtl/steering_hinge.mtl\n'}
[0.987656] (psd_vehicle_description) StdoutLine: {'line': b'-- Installing: /home/ubuntu/psd_ws/install/psd_vehicle_description/share/psd_vehicle_description/meshes/collision\n'}
[0.987922] (psd_vehicle_description) StdoutLine: {'line': b'-- Installing: /home/ubuntu/psd_ws/install/psd_vehicle_description/share/psd_vehicle_description/meshes/collision/link_FL_1.stl\n'}
[0.988054] (psd_vehicle_description) StdoutLine: {'line': b'-- Installing: /home/ubuntu/psd_ws/install/psd_vehicle_description/share/psd_vehicle_description/meshes/collision/link_RR_1.stl\n'}
[0.988104] (psd_vehicle_description) StdoutLine: {'line': b'-- Installing: /home/ubuntu/psd_ws/install/psd_vehicle_description/share/psd_vehicle_description/meshes/collision/perno_FL_1.stl\n'}
[0.988254] (psd_vehicle_description) StdoutLine: {'line': b'-- Installing: /home/ubuntu/psd_ws/install/psd_vehicle_description/share/psd_vehicle_description/meshes/collision/perno_FR_1.stl\n'}
[0.988449] (psd_vehicle_description) StdoutLine: {'line': b'-- Installing: /home/ubuntu/psd_ws/install/psd_vehicle_description/share/psd_vehicle_description/meshes/collision/tyre_FL_1.stl\n'}
[0.988623] (psd_vehicle_description) StdoutLine: {'line': b'-- Installing: /home/ubuntu/psd_ws/install/psd_vehicle_description/share/psd_vehicle_description/meshes/collision/tyre_FR_1.stl\n'}
[0.988852] (psd_vehicle_description) StdoutLine: {'line': b'-- Installing: /home/ubuntu/psd_ws/install/psd_vehicle_description/share/psd_vehicle_description/meshes/collision/base_link.stl\n'}
[0.988959] (psd_vehicle_description) StdoutLine: {'line': b'-- Installing: /home/ubuntu/psd_ws/install/psd_vehicle_description/share/psd_vehicle_description/meshes/collision/tyre_RL_1.stl\n'}
[0.989074] (psd_vehicle_description) StdoutLine: {'line': b'-- Installing: /home/ubuntu/psd_ws/install/psd_vehicle_description/share/psd_vehicle_description/meshes/collision/link_RL_1.stl\n'}
[0.989268] (psd_vehicle_description) StdoutLine: {'line': b'-- Installing: /home/ubuntu/psd_ws/install/psd_vehicle_description/share/psd_vehicle_description/meshes/collision/tyre_RR_1.stl\n'}
[0.989509] (psd_vehicle_description) StdoutLine: {'line': b'-- Installing: /home/ubuntu/psd_ws/install/psd_vehicle_description/share/psd_vehicle_description/meshes/collision/link_FR_1.stl\n'}
[0.989594] (psd_vehicle_description) StdoutLine: {'line': b'-- Installing: /home/ubuntu/psd_ws/install/psd_vehicle_description/share/psd_vehicle_description/meshes/components\n'}
[0.989641] (psd_vehicle_description) StdoutLine: {'line': b'-- Installing: /home/ubuntu/psd_ws/install/psd_vehicle_description/share/psd_vehicle_description/meshes/components/camera_mount_top.dae\n'}
[0.989741] (psd_vehicle_description) StdoutLine: {'line': b'-- Installing: /home/ubuntu/psd_ws/install/psd_vehicle_description/share/psd_vehicle_description/meshes/components/camera_mount_bot.dae\n'}
[0.989853] (psd_vehicle_description) StdoutLine: {'line': b'-- Installing: /home/ubuntu/psd_ws/install/psd_vehicle_description/share/psd_vehicle_description/meshes/components/camera_mount_mid.dae\n'}
[0.989948] (psd_vehicle_description) StdoutLine: {'line': b'-- Installing: /home/ubuntu/psd_ws/install/psd_vehicle_description/share/psd_vehicle_description/meshes/visual\n'}
[0.990177] (psd_vehicle_description) StdoutLine: {'line': b'-- Installing: /home/ubuntu/psd_ws/install/psd_vehicle_description/share/psd_vehicle_description/meshes/visual/link_FL_1.stl\n'}
[0.990284] (psd_vehicle_description) StdoutLine: {'line': b'-- Installing: /home/ubuntu/psd_ws/install/psd_vehicle_description/share/psd_vehicle_description/meshes/visual/link_RR_1.stl\n'}
[0.990395] (psd_vehicle_description) StdoutLine: {'line': b'-- Installing: /home/ubuntu/psd_ws/install/psd_vehicle_description/share/psd_vehicle_description/meshes/visual/perno_fl_1.dae\n'}
[0.990506] (psd_vehicle_description) StdoutLine: {'line': b'-- Installing: /home/ubuntu/psd_ws/install/psd_vehicle_description/share/psd_vehicle_description/meshes/visual/perno_FL_1.stl\n'}
[0.990590] (psd_vehicle_description) StdoutLine: {'line': b'-- Installing: /home/ubuntu/psd_ws/install/psd_vehicle_description/share/psd_vehicle_description/meshes/visual/link_fl_1.dae\n'}
[0.990701] (psd_vehicle_description) StdoutLine: {'line': b'-- Installing: /home/ubuntu/psd_ws/install/psd_vehicle_description/share/psd_vehicle_description/meshes/visual/tyre_rr_1.dae\n'}
[0.991070] (psd_vehicle_description) StdoutLine: {'line': b'-- Installing: /home/ubuntu/psd_ws/install/psd_vehicle_description/share/psd_vehicle_description/meshes/visual/perno_FR_1.stl\n'}
[0.991178] (psd_vehicle_description) StdoutLine: {'line': b'-- Installing: /home/ubuntu/psd_ws/install/psd_vehicle_description/share/psd_vehicle_description/meshes/visual/base_link.dae\n'}
[0.991290] (psd_vehicle_description) StdoutLine: {'line': b'-- Installing: /home/ubuntu/psd_ws/install/psd_vehicle_description/share/psd_vehicle_description/meshes/visual/link_rl_1.dae\n'}
[0.991400] (psd_vehicle_description) StdoutLine: {'line': b'-- Installing: /home/ubuntu/psd_ws/install/psd_vehicle_description/share/psd_vehicle_description/meshes/visual/link_fr_1.dae\n'}
[0.991510] (psd_vehicle_description) StdoutLine: {'line': b'-- Installing: /home/ubuntu/psd_ws/install/psd_vehicle_description/share/psd_vehicle_description/meshes/visual/tyre_FL_1.stl\n'}
[0.991599] (psd_vehicle_description) StdoutLine: {'line': b'-- Installing: /home/ubuntu/psd_ws/install/psd_vehicle_description/share/psd_vehicle_description/meshes/visual/tyre_FR_1.stl\n'}
[0.991812] (psd_vehicle_description) StdoutLine: {'line': b'-- Installing: /home/ubuntu/psd_ws/install/psd_vehicle_description/share/psd_vehicle_description/meshes/visual/base_link.stl\n'}
[0.991999] (psd_vehicle_description) StdoutLine: {'line': b'-- Installing: /home/ubuntu/psd_ws/install/psd_vehicle_description/share/psd_vehicle_description/meshes/visual/tyre_fr_1.dae\n'}
[0.992246] (psd_vehicle_description) StdoutLine: {'line': b'-- Installing: /home/ubuntu/psd_ws/install/psd_vehicle_description/share/psd_vehicle_description/meshes/visual/tyre_RL_1.stl\n'}
[0.992334] (psd_vehicle_description) StdoutLine: {'line': b'-- Installing: /home/ubuntu/psd_ws/install/psd_vehicle_description/share/psd_vehicle_description/meshes/visual/tyre_rl_1.dae\n'}
[0.992455] (psd_vehicle_description) StdoutLine: {'line': b'-- Installing: /home/ubuntu/psd_ws/install/psd_vehicle_description/share/psd_vehicle_description/meshes/visual/tyre_fl_1.dae\n'}
[0.992559] (psd_vehicle_description) StdoutLine: {'line': b'-- Installing: /home/ubuntu/psd_ws/install/psd_vehicle_description/share/psd_vehicle_description/meshes/visual/link_rr_1.dae\n'}
[0.992670] (psd_vehicle_description) StdoutLine: {'line': b'-- Installing: /home/ubuntu/psd_ws/install/psd_vehicle_description/share/psd_vehicle_description/meshes/visual/perno_fr_1.dae\n'}
[0.992782] (psd_vehicle_description) StdoutLine: {'line': b'-- Installing: /home/ubuntu/psd_ws/install/psd_vehicle_description/share/psd_vehicle_description/meshes/visual/link_RL_1.stl\n'}
[0.992891] (psd_vehicle_description) StdoutLine: {'line': b'-- Installing: /home/ubuntu/psd_ws/install/psd_vehicle_description/share/psd_vehicle_description/meshes/visual/tyre_RR_1.stl\n'}
[0.993060] (psd_vehicle_description) StdoutLine: {'line': b'-- Installing: /home/ubuntu/psd_ws/install/psd_vehicle_description/share/psd_vehicle_description/meshes/visual/link_FR_1.stl\n'}
[0.993119] (psd_vehicle_description) StdoutLine: {'line': b'-- Installing: /home/ubuntu/psd_ws/install/psd_vehicle_description/share/psd_vehicle_description/urdf\n'}
[0.993200] (psd_vehicle_description) StdoutLine: {'line': b'-- Installing: /home/ubuntu/psd_ws/install/psd_vehicle_description/share/psd_vehicle_description/urdf/psd_vehicle.urdf.xacro\n'}
[0.993311] (psd_vehicle_description) StdoutLine: {'line': b'-- Installing: /home/ubuntu/psd_ws/install/psd_vehicle_description/share/psd_vehicle_description/urdf/psd_vehicle_macro.ros2_control.xacro\n'}
[0.993425] (psd_vehicle_description) StdoutLine: {'line': b'-- Installing: /home/ubuntu/psd_ws/install/psd_vehicle_description/share/psd_vehicle_description/urdf/psd_vehicle_macro.urdf.xacro\n'}
[0.993536] (psd_vehicle_description) StdoutLine: {'line': b'-- Installing: /home/ubuntu/psd_ws/install/psd_vehicle_description/share/psd_vehicle_description/urdf/components\n'}
[0.993648] (psd_vehicle_description) StdoutLine: {'line': b'-- Installing: /home/ubuntu/psd_ws/install/psd_vehicle_description/share/psd_vehicle_description/urdf/components/camera_mount.urdf.xacro\n'}
[0.993763] (psd_vehicle_description) StdoutLine: {'line': b'-- Installing: /home/ubuntu/psd_ws/install/psd_vehicle_description/share/psd_vehicle_description/urdf/materials.xacro\n'}
[0.993930] (psd_vehicle_description) StdoutLine: {'line': b'-- Installing: /home/ubuntu/psd_ws/install/psd_vehicle_description/share/ament_index/resource_index/package_run_dependencies/psd_vehicle_description\n'}
[0.994156] (psd_vehicle_description) StdoutLine: {'line': b'-- Installing: /home/ubuntu/psd_ws/install/psd_vehicle_description/share/ament_index/resource_index/parent_prefix_path/psd_vehicle_description\n'}
[0.994231] (psd_vehicle_description) StdoutLine: {'line': b'-- Installing: /home/ubuntu/psd_ws/install/psd_vehicle_description/share/psd_vehicle_description/environment/ament_prefix_path.sh\n'}
[0.994311] (psd_vehicle_description) StdoutLine: {'line': b'-- Installing: /home/ubuntu/psd_ws/install/psd_vehicle_description/share/psd_vehicle_description/environment/ament_prefix_path.dsv\n'}
[0.994423] (psd_vehicle_description) StdoutLine: {'line': b'-- Installing: /home/ubuntu/psd_ws/install/psd_vehicle_description/share/psd_vehicle_description/environment/path.sh\n'}
[0.994534] (psd_vehicle_description) StdoutLine: {'line': b'-- Installing: /home/ubuntu/psd_ws/install/psd_vehicle_description/share/psd_vehicle_description/environment/path.dsv\n'}
[0.994645] (psd_vehicle_description) StdoutLine: {'line': b'-- Installing: /home/ubuntu/psd_ws/install/psd_vehicle_description/share/psd_vehicle_description/local_setup.bash\n'}
[0.994756] (psd_vehicle_description) StdoutLine: {'line': b'-- Installing: /home/ubuntu/psd_ws/install/psd_vehicle_description/share/psd_vehicle_description/local_setup.sh\n'}
[0.994961] (psd_vehicle_description) StdoutLine: {'line': b'-- Installing: /home/ubuntu/psd_ws/install/psd_vehicle_description/share/psd_vehicle_description/local_setup.zsh\n'}
[0.995064] (psd_vehicle_description) StdoutLine: {'line': b'-- Installing: /home/ubuntu/psd_ws/install/psd_vehicle_description/share/psd_vehicle_description/local_setup.dsv\n'}
[0.995128] (psd_vehicle_description) StdoutLine: {'line': b'-- Installing: /home/ubuntu/psd_ws/install/psd_vehicle_description/share/psd_vehicle_description/package.dsv\n'}
[0.995187] (psd_vehicle_description) StdoutLine: {'line': b'-- Installing: /home/ubuntu/psd_ws/install/psd_vehicle_description/share/ament_index/resource_index/packages/psd_vehicle_description\n'}
[0.995246] (psd_vehicle_description) StdoutLine: {'line': b'-- Installing: /home/ubuntu/psd_ws/install/psd_vehicle_description/share/psd_vehicle_description/cmake/psd_vehicle_descriptionConfig.cmake\n'}
[0.995300] (psd_vehicle_description) StdoutLine: {'line': b'-- Installing: /home/ubuntu/psd_ws/install/psd_vehicle_description/share/psd_vehicle_description/cmake/psd_vehicle_descriptionConfig-version.cmake\n'}
[0.995379] (psd_vehicle_description) StdoutLine: {'line': b'-- Installing: /home/ubuntu/psd_ws/install/psd_vehicle_description/share/psd_vehicle_description/package.xml\n'}
[0.995600] (ros_components_description) StdoutLine: {'line': b'-- Installing: /home/ubuntu/psd_ws/install/ros_components_description/share/ros_components_description/meshes/zedm.stl\n'}
[0.996058] (ros_components_description) StdoutLine: {'line': b'-- Installing: /home/ubuntu/psd_ws/install/ros_components_description/share/ros_components_description/meshes/slamtec_rplidar_ax.dae\n'}
[0.996621] (psd_vehicle_description) CommandEnded: {'returncode': 0}
[0.997192] (ros_components_description) StdoutLine: {'line': b'-- Installing: /home/ubuntu/psd_ws/install/ros_components_description/share/ros_components_description/meshes/zed.stl\n'}
[0.997683] (ros_components_description) StdoutLine: {'line': b'-- Installing: /home/ubuntu/psd_ws/install/ros_components_description/share/ros_components_description/meshes/slamtec_rplidar_s1.dae\n'}
[0.998809] (ros_components_description) StdoutLine: {'line': b'-- Installing: /home/ubuntu/psd_ws/install/ros_components_description/share/ros_components_description/meshes/zedx.stl\n'}
[1.000672] (psd_gazebo_worlds) StdoutLine: {'line': b'-- Using all available rosidl_typesupport_c: rosidl_typesupport_fastrtps_c;rosidl_typesupport_introspection_c\n'}
[1.001455] (-) TimerEvent: {}
[1.018847] (ros_components_description) StdoutLine: {'line': b'-- Installing: /home/ubuntu/psd_ws/install/ros_components_description/share/ros_components_description/meshes/velodyne_puck.dae\n'}
[1.020149] (ros_components_description) StdoutLine: {'line': b'-- Installing: /home/ubuntu/psd_ws/install/ros_components_description/share/ros_components_description/meshes/orbbec_astra.dae\n'}
[1.021572] (ros_components_description) StdoutLine: {'line': b'-- Installing: /home/ubuntu/psd_ws/install/ros_components_description/share/ros_components_description/meshes/zed2i.stl\n'}
[1.023268] (ros_components_description) StdoutLine: {'line': b'-- Installing: /home/ubuntu/psd_ws/install/ros_components_description/share/ros_components_description/meshes/zed2.stl\n'}
[1.023810] (ros_components_description) StdoutLine: {'line': b'-- Installing: /home/ubuntu/psd_ws/install/ros_components_description/share/ros_components_description/meshes/slamtec_rplidar_s2.dae\n'}
[1.024885] (ros_components_description) StdoutLine: {'line': b'-- Installing: /home/ubuntu/psd_ws/install/ros_components_description/share/ros_components_description/meshes/ouster_os1_32.dae\n'}
[1.026083] (ros_components_description) StdoutLine: {'line': b'-- Installing: /home/ubuntu/psd_ws/install/ros_components_description/share/ros_components_description/meshes/slamtec_rplidar_s3.dae\n'}
[1.026595] (ros_components_description) StdoutLine: {'line': b'-- Installing: /home/ubuntu/psd_ws/install/ros_components_description/share/ros_components_description/meshes/intel_realsense_d435.dae\n'}
[1.028003] (ros_components_description) StdoutLine: {'line': b'-- Installing: /home/ubuntu/psd_ws/install/ros_components_description/share/ros_components_description/meshes/slamtec_rplidar_a2m8.dae\n'}
[1.028845] (ros_components_description) StdoutLine: {'line': b'-- Installing: /home/ubuntu/psd_ws/install/ros_components_description/share/ros_components_description/urdf\n'}
[1.029113] (ros_components_description) StdoutLine: {'line': b'-- Installing: /home/ubuntu/psd_ws/install/ros_components_description/share/ros_components_description/urdf/orbbec_astra.urdf.xacro\n'}
[1.029459] (ros_components_description) StdoutLine: {'line': b'-- Installing: /home/ubuntu/psd_ws/install/ros_components_description/share/ros_components_description/urdf/velodyne_puck.urdf.xacro\n'}
[1.030106] (ros_components_description) StdoutLine: {'line': b'-- Installing: /home/ubuntu/psd_ws/install/ros_components_description/share/ros_components_description/urdf/slamtec_rplidar_a3.urdf.xacro\n'}
[1.030919] (ros_components_description) StdoutLine: {'line': b'-- Installing: /home/ubuntu/psd_ws/install/ros_components_description/share/ros_components_description/urdf/slamtec_rplidar_s2.urdf.xacro\n'}
[1.031071] (ros_components_description) StdoutLine: {'line': b'-- Installing: /home/ubuntu/psd_ws/install/ros_components_description/share/ros_components_description/urdf/ouster_os1_32.urdf.xacro\n'}
[1.031189] (ros_components_description) StdoutLine: {'line': b'-- Installing: /home/ubuntu/psd_ws/install/ros_components_description/share/ros_components_description/urdf/slamtec_rplidar_a2.urdf.xacro\n'}
[1.031302] (ros_components_description) StdoutLine: {'line': b'-- Installing: /home/ubuntu/psd_ws/install/ros_components_description/share/ros_components_description/urdf/intel_realsense_d435.urdf.xacro\n'}
[1.031414] (ros_components_description) StdoutLine: {'line': b'-- Installing: /home/ubuntu/psd_ws/install/ros_components_description/share/ros_components_description/urdf/slamtec_rplidar_s1.urdf.xacro\n'}
[1.031526] (ros_components_description) StdoutLine: {'line': b'-- Installing: /home/ubuntu/psd_ws/install/ros_components_description/share/ros_components_description/urdf/slamtec_rplidar_s3.urdf.xacro\n'}
[1.032370] (ros_components_description) StdoutLine: {'line': b'-- Installing: /home/ubuntu/psd_ws/install/ros_components_description/share/ros_components_description/urdf/stereolabs_zed.urdf.xacro\n'}
[1.032496] (ros_components_description) StdoutLine: {'line': b'-- Installing: /home/ubuntu/psd_ws/install/ros_components_description/share/ros_components_description/environment/ros_components_description.sh\n'}
[1.032609] (ros_components_description) StdoutLine: {'line': b'-- Installing: /home/ubuntu/psd_ws/install/ros_components_description/share/ament_index/resource_index/package_run_dependencies/ros_components_description\n'}
[1.032720] (ros_components_description) StdoutLine: {'line': b'-- Installing: /home/ubuntu/psd_ws/install/ros_components_description/share/ament_index/resource_index/parent_prefix_path/ros_components_description\n'}
[1.032830] (ros_components_description) StdoutLine: {'line': b'-- Installing: /home/ubuntu/psd_ws/install/ros_components_description/share/ros_components_description/environment/ament_prefix_path.sh\n'}
[1.032942] (ros_components_description) StdoutLine: {'line': b'-- Installing: /home/ubuntu/psd_ws/install/ros_components_description/share/ros_components_description/environment/ament_prefix_path.dsv\n'}
[1.033052] (ros_components_description) StdoutLine: {'line': b'-- Installing: /home/ubuntu/psd_ws/install/ros_components_description/share/ros_components_description/environment/path.sh\n'}
[1.033161] (ros_components_description) StdoutLine: {'line': b'-- Installing: /home/ubuntu/psd_ws/install/ros_components_description/share/ros_components_description/environment/path.dsv\n'}
[1.033271] (ros_components_description) StdoutLine: {'line': b'-- Installing: /home/ubuntu/psd_ws/install/ros_components_description/share/ros_components_description/local_setup.bash\n'}
[1.033380] (ros_components_description) StdoutLine: {'line': b'-- Installing: /home/ubuntu/psd_ws/install/ros_components_description/share/ros_components_description/local_setup.sh\n'}
[1.033712] (ros_components_description) StdoutLine: {'line': b'-- Installing: /home/ubuntu/psd_ws/install/ros_components_description/share/ros_components_description/local_setup.zsh\n'}
[1.033979] (ros_components_description) StdoutLine: {'line': b'-- Installing: /home/ubuntu/psd_ws/install/ros_components_description/share/ros_components_description/local_setup.dsv\n'}
[1.034124] (ros_components_description) StdoutLine: {'line': b'-- Installing: /home/ubuntu/psd_ws/install/ros_components_description/share/ros_components_description/package.dsv\n'}
[1.034239] (ros_components_description) StdoutLine: {'line': b'-- Installing: /home/ubuntu/psd_ws/install/ros_components_description/share/ament_index/resource_index/packages/ros_components_description\n'}
[1.034352] (ros_components_description) StdoutLine: {'line': b'-- Installing: /home/ubuntu/psd_ws/install/ros_components_description/share/ros_components_description/cmake/ros_components_descriptionConfig.cmake\n'}
[1.034462] (ros_components_description) StdoutLine: {'line': b'-- Installing: /home/ubuntu/psd_ws/install/ros_components_description/share/ros_components_description/cmake/ros_components_descriptionConfig-version.cmake\n'}
[1.034572] (ros_components_description) StdoutLine: {'line': b'-- Installing: /home/ubuntu/psd_ws/install/ros_components_description/share/ros_components_description/package.xml\n'}
[1.036613] (psd_gazebo_worlds) StdoutLine: {'line': b'-- Using all available rosidl_typesupport_cpp: rosidl_typesupport_fastrtps_cpp;rosidl_typesupport_introspection_cpp\n'}
[1.037871] (psd_vehicle_description) JobEnded: {'identifier': 'psd_vehicle_description', 'rc': 0}
[1.040047] (psd_vehicle_bringup) JobStarted: {'identifier': 'psd_vehicle_bringup'}
[1.044256] (ros_components_description) CommandEnded: {'returncode': 0}
[1.048808] (psd_vehicle_bringup) JobProgress: {'identifier': 'psd_vehicle_bringup', 'progress': 'cmake'}
[1.048962] (psd_vehicle_bringup) Command: {'cmd': ['/usr/bin/cmake', '/home/ubuntu/psd_ws/src/psd_vehicle_bringup', '-DCMAKE_INSTALL_PREFIX=/home/ubuntu/psd_ws/install/psd_vehicle_bringup'], 'cwd': '/home/ubuntu/psd_ws/build/psd_vehicle_bringup', 'env': OrderedDict({'GZ_CONFIG_PATH': '/opt/ros/jazzy/opt/gz_sim_vendor/share/gz:/opt/ros/jazzy/opt/sdformat_vendor/share/gz:/opt/ros/jazzy/opt/gz_gui_vendor/share/gz:/opt/ros/jazzy/opt/gz_transport_vendor/share/gz:/opt/ros/jazzy/opt/gz_rendering_vendor/share/gz:/opt/ros/jazzy/opt/gz_plugin_vendor/share/gz:/opt/ros/jazzy/opt/gz_fuel_tools_vendor/share/gz:/opt/ros/jazzy/opt/gz_msgs_vendor/share/gz:/opt/ros/jazzy/opt/gz_common_vendor/share/gz', 'HOSTNAME': 'edo-Thinkpad', 'SHLVL': '1', 'LD_LIBRARY_PATH': '/opt/ros/jazzy/opt/gz_sim_vendor/lib:/opt/ros/jazzy/opt/gz_sensors_vendor/lib:/opt/ros/jazzy/opt/gz_physics_vendor/lib:/opt/ros/jazzy/opt/sdformat_vendor/lib:/opt/ros/jazzy/opt/rviz_ogre_vendor/lib:/opt/ros/jazzy/lib/x86_64-linux-gnu:/opt/ros/jazzy/opt/gz_gui_vendor/lib:/opt/ros/jazzy/opt/gz_transport_vendor/lib:/opt/ros/jazzy/opt/gz_rendering_vendor/lib:/opt/ros/jazzy/opt/gz_plugin_vendor/lib:/opt/ros/jazzy/opt/gz_fuel_tools_vendor/lib:/opt/ros/jazzy/opt/gz_msgs_vendor/lib:/opt/ros/jazzy/opt/gz_common_vendor/lib:/opt/ros/jazzy/opt/gz_math_vendor/lib:/opt/ros/jazzy/opt/gz_utils_vendor/lib:/opt/ros/jazzy/opt/gz_tools_vendor/lib:/opt/ros/jazzy/opt/gz_ogre_next_vendor/lib:/opt/ros/jazzy/opt/gz_dartsim_vendor/lib:/opt/ros/jazzy/opt/gz_cmake_vendor/lib:/opt/ros/jazzy/lib', 'HOME': '/home/ubuntu', 'ROS_PYTHON_VERSION': '3', 'ROS_DISTRO': 'jazzy', '_': '/usr/bin/colcon', 'ROS_VERSION': '2', 'TERM': 'xterm-256color', 'PATH': '/opt/ros/jazzy/opt/gz_msgs_vendor/bin:/opt/ros/jazzy/opt/gz_tools_vendor/bin:/opt/ros/jazzy/opt/gz_ogre_next_vendor/bin:/opt/ros/jazzy/bin:/usr/local/sbin:/usr/local/bin:/usr/sbin:/usr/bin:/sbin:/bin', 'DISPLAY': ':0', 'LANG': 'C.UTF-8', 'AMENT_PREFIX_PATH': '/home/ubuntu/psd_ws/install/psd_vehicle_description:/opt/ros/jazzy', 'DEBIAN_FRONTEND': 'noninteractive', 'ROS_AUTOMATIC_DISCOVERY_RANGE': 'SUBNET', 'PWD': '/home/ubuntu/psd_ws/build/psd_vehicle_bringup', 'LC_ALL': 'C.UTF-8', 'PYTHONPATH': '/opt/ros/jazzy/lib/python3.12/site-packages', 'COLCON': '1', 'CMAKE_PREFIX_PATH': '/home/ubuntu/psd_ws/install/psd_vehicle_description:/opt/ros/jazzy/opt/gz_sim_vendor:/opt/ros/jazzy/opt/gz_sensors_vendor:/opt/ros/jazzy/opt/gz_physics_vendor:/opt/ros/jazzy/opt/sdformat_vendor:/opt/ros/jazzy/opt/gz_gui_vendor:/opt/ros/jazzy/opt/gz_transport_vendor:/opt/ros/jazzy/opt/gz_rendering_vendor:/opt/ros/jazzy/opt/gz_plugin_vendor:/opt/ros/jazzy/opt/gz_fuel_tools_vendor:/opt/ros/jazzy/opt/gz_msgs_vendor:/opt/ros/jazzy/opt/gz_common_vendor:/opt/ros/jazzy/opt/gz_math_vendor:/opt/ros/jazzy/opt/gz_utils_vendor:/opt/ros/jazzy/opt/gz_tools_vendor:/opt/ros/jazzy/opt/gz_ogre_next_vendor:/opt/ros/jazzy/opt/gz_dartsim_vendor:/opt/ros/jazzy/opt/gz_cmake_vendor:/opt/ros/jazzy'}), 'shell': False}
[1.067577] (ros_components_description) JobEnded: {'identifier': 'ros_components_description', 'rc': 0}
[1.092585] (psd_vehicle_bringup) StdoutLine: {'line': b'-- The C compiler identification is GNU 13.2.0\n'}
[1.101558] (-) TimerEvent: {}
[1.132877] (psd_vehicle_bringup) StdoutLine: {'line': b'-- The CXX compiler identification is GNU 13.2.0\n'}
[1.144105] (psd_vehicle_bringup) StdoutLine: {'line': b'-- Detecting C compiler ABI info\n'}
[1.174516] (psd_gazebo_worlds) StdoutLine: {'line': b'-- Found rmw_implementation_cmake: 7.3.1 (/opt/ros/jazzy/share/rmw_implementation_cmake/cmake)\n'}
[1.182386] (psd_gazebo_worlds) StdoutLine: {'line': b'-- Found rmw_fastrtps_cpp: 8.4.0 (/opt/ros/jazzy/share/rmw_fastrtps_cpp/cmake)\n'}
[1.201693] (-) TimerEvent: {}
[1.203073] (psd_vehicle_bringup) StdoutLine: {'line': b'-- Detecting C compiler ABI info - done\n'}
[1.210381] (psd_vehicle_bringup) StdoutLine: {'line': b'-- Check for working C compiler: /usr/bin/cc - skipped\n'}
[1.210939] (psd_vehicle_bringup) StdoutLine: {'line': b'-- Detecting C compile features\n'}
[1.211093] (psd_vehicle_bringup) StdoutLine: {'line': b'-- Detecting C compile features - done\n'}
[1.217640] (psd_vehicle_bringup) StdoutLine: {'line': b'-- Detecting CXX compiler ABI info\n'}
[1.291760] (psd_vehicle_bringup) StdoutLine: {'line': b'-- Detecting CXX compiler ABI info - done\n'}
[1.298827] (psd_vehicle_bringup) StdoutLine: {'line': b'-- Check for working CXX compiler: /usr/bin/c++ - skipped\n'}
[1.299130] (psd_vehicle_bringup) StdoutLine: {'line': b'-- Detecting CXX compile features\n'}
[1.299428] (psd_vehicle_bringup) StdoutLine: {'line': b'-- Detecting CXX compile features - done\n'}
[1.301855] (-) TimerEvent: {}
[1.305796] (psd_vehicle_bringup) StdoutLine: {'line': b'-- Found ament_cmake: 2.5.0 (/opt/ros/jazzy/share/ament_cmake/cmake)\n'}
[1.310452] (psd_gazebo_worlds) StdoutLine: {'line': b'-- Found OpenSSL: /usr/lib/x86_64-linux-gnu/libcrypto.so (found version "3.0.13")  \n'}
[1.327874] (psd_gazebo_worlds) StdoutLine: {'line': b'-- Found FastRTPS: /opt/ros/jazzy/include (Required is at least version "2.13") \n'}
[1.346385] (psd_gazebo_worlds) StdoutLine: {'line': b"-- Using RMW implementation 'rmw_fastrtps_cpp' as default\n"}
[1.401969] (-) TimerEvent: {}
[1.420418] (psd_vehicle_bringup) StdoutLine: {'line': b'-- Found Python3: /usr/bin/python3 (found version "3.12.3") found components: Interpreter \n'}
[1.502076] (-) TimerEvent: {}
[1.529911] (psd_gazebo_worlds) StdoutLine: {'line': b'-- Configuring done (1.5s)\n'}
[1.533769] (psd_gazebo_worlds) StdoutLine: {'line': b'-- Generating done (0.0s)\n'}
[1.534683] (psd_gazebo_worlds) StdoutLine: {'line': b'-- Build files have been written to: /home/ubuntu/psd_ws/build/psd_gazebo_worlds\n'}
[1.542168] (psd_gazebo_worlds) CommandEnded: {'returncode': 0}
[1.542407] (psd_gazebo_worlds) JobProgress: {'identifier': 'psd_gazebo_worlds', 'progress': 'build'}
[1.542423] (psd_gazebo_worlds) Command: {'cmd': ['/usr/bin/cmake', '--build', '/home/ubuntu/psd_ws/build/psd_gazebo_worlds', '--', '-j20', '-l20'], 'cwd': '/home/ubuntu/psd_ws/build/psd_gazebo_worlds', 'env': OrderedDict({'GZ_CONFIG_PATH': '/opt/ros/jazzy/opt/gz_sim_vendor/share/gz:/opt/ros/jazzy/opt/sdformat_vendor/share/gz:/opt/ros/jazzy/opt/gz_gui_vendor/share/gz:/opt/ros/jazzy/opt/gz_transport_vendor/share/gz:/opt/ros/jazzy/opt/gz_rendering_vendor/share/gz:/opt/ros/jazzy/opt/gz_plugin_vendor/share/gz:/opt/ros/jazzy/opt/gz_fuel_tools_vendor/share/gz:/opt/ros/jazzy/opt/gz_msgs_vendor/share/gz:/opt/ros/jazzy/opt/gz_common_vendor/share/gz', 'HOSTNAME': 'edo-Thinkpad', 'SHLVL': '1', 'LD_LIBRARY_PATH': '/opt/ros/jazzy/opt/gz_sim_vendor/lib:/opt/ros/jazzy/opt/gz_sensors_vendor/lib:/opt/ros/jazzy/opt/gz_physics_vendor/lib:/opt/ros/jazzy/opt/sdformat_vendor/lib:/opt/ros/jazzy/opt/rviz_ogre_vendor/lib:/opt/ros/jazzy/lib/x86_64-linux-gnu:/opt/ros/jazzy/opt/gz_gui_vendor/lib:/opt/ros/jazzy/opt/gz_transport_vendor/lib:/opt/ros/jazzy/opt/gz_rendering_vendor/lib:/opt/ros/jazzy/opt/gz_plugin_vendor/lib:/opt/ros/jazzy/opt/gz_fuel_tools_vendor/lib:/opt/ros/jazzy/opt/gz_msgs_vendor/lib:/opt/ros/jazzy/opt/gz_common_vendor/lib:/opt/ros/jazzy/opt/gz_math_vendor/lib:/opt/ros/jazzy/opt/gz_utils_vendor/lib:/opt/ros/jazzy/opt/gz_tools_vendor/lib:/opt/ros/jazzy/opt/gz_ogre_next_vendor/lib:/opt/ros/jazzy/opt/gz_dartsim_vendor/lib:/opt/ros/jazzy/opt/gz_cmake_vendor/lib:/opt/ros/jazzy/lib', 'HOME': '/home/ubuntu', 'ROS_PYTHON_VERSION': '3', 'ROS_DISTRO': 'jazzy', '_': '/usr/bin/colcon', 'ROS_VERSION': '2', 'TERM': 'xterm-256color', 'PATH': '/opt/ros/jazzy/opt/gz_msgs_vendor/bin:/opt/ros/jazzy/opt/gz_tools_vendor/bin:/opt/ros/jazzy/opt/gz_ogre_next_vendor/bin:/opt/ros/jazzy/bin:/usr/local/sbin:/usr/local/bin:/usr/sbin:/usr/bin:/sbin:/bin', 'DISPLAY': ':0', 'LANG': 'C.UTF-8', 'AMENT_PREFIX_PATH': '/opt/ros/jazzy', 'DEBIAN_FRONTEND': 'noninteractive', 'ROS_AUTOMATIC_DISCOVERY_RANGE': 'SUBNET', 'PWD': '/home/ubuntu/psd_ws/build/psd_gazebo_worlds', 'LC_ALL': 'C.UTF-8', 'PYTHONPATH': '/opt/ros/jazzy/lib/python3.12/site-packages', 'COLCON': '1', 'CMAKE_PREFIX_PATH': '/opt/ros/jazzy/opt/gz_sim_vendor:/opt/ros/jazzy/opt/gz_sensors_vendor:/opt/ros/jazzy/opt/gz_physics_vendor:/opt/ros/jazzy/opt/sdformat_vendor:/opt/ros/jazzy/opt/gz_gui_vendor:/opt/ros/jazzy/opt/gz_transport_vendor:/opt/ros/jazzy/opt/gz_rendering_vendor:/opt/ros/jazzy/opt/gz_plugin_vendor:/opt/ros/jazzy/opt/gz_fuel_tools_vendor:/opt/ros/jazzy/opt/gz_msgs_vendor:/opt/ros/jazzy/opt/gz_common_vendor:/opt/ros/jazzy/opt/gz_math_vendor:/opt/ros/jazzy/opt/gz_utils_vendor:/opt/ros/jazzy/opt/gz_tools_vendor:/opt/ros/jazzy/opt/gz_ogre_next_vendor:/opt/ros/jazzy/opt/gz_dartsim_vendor:/opt/ros/jazzy/opt/gz_cmake_vendor:/opt/ros/jazzy'}), 'shell': False}
[1.567084] (psd_gazebo_worlds) CommandEnded: {'returncode': 0}
[1.581960] (psd_gazebo_worlds) JobProgress: {'identifier': 'psd_gazebo_worlds', 'progress': 'install'}
[1.582224] (psd_gazebo_worlds) Command: {'cmd': ['/usr/bin/cmake', '--install', '/home/ubuntu/psd_ws/build/psd_gazebo_worlds'], 'cwd': '/home/ubuntu/psd_ws/build/psd_gazebo_worlds', 'env': OrderedDict({'GZ_CONFIG_PATH': '/opt/ros/jazzy/opt/gz_sim_vendor/share/gz:/opt/ros/jazzy/opt/sdformat_vendor/share/gz:/opt/ros/jazzy/opt/gz_gui_vendor/share/gz:/opt/ros/jazzy/opt/gz_transport_vendor/share/gz:/opt/ros/jazzy/opt/gz_rendering_vendor/share/gz:/opt/ros/jazzy/opt/gz_plugin_vendor/share/gz:/opt/ros/jazzy/opt/gz_fuel_tools_vendor/share/gz:/opt/ros/jazzy/opt/gz_msgs_vendor/share/gz:/opt/ros/jazzy/opt/gz_common_vendor/share/gz', 'HOSTNAME': 'edo-Thinkpad', 'SHLVL': '1', 'LD_LIBRARY_PATH': '/opt/ros/jazzy/opt/gz_sim_vendor/lib:/opt/ros/jazzy/opt/gz_sensors_vendor/lib:/opt/ros/jazzy/opt/gz_physics_vendor/lib:/opt/ros/jazzy/opt/sdformat_vendor/lib:/opt/ros/jazzy/opt/rviz_ogre_vendor/lib:/opt/ros/jazzy/lib/x86_64-linux-gnu:/opt/ros/jazzy/opt/gz_gui_vendor/lib:/opt/ros/jazzy/opt/gz_transport_vendor/lib:/opt/ros/jazzy/opt/gz_rendering_vendor/lib:/opt/ros/jazzy/opt/gz_plugin_vendor/lib:/opt/ros/jazzy/opt/gz_fuel_tools_vendor/lib:/opt/ros/jazzy/opt/gz_msgs_vendor/lib:/opt/ros/jazzy/opt/gz_common_vendor/lib:/opt/ros/jazzy/opt/gz_math_vendor/lib:/opt/ros/jazzy/opt/gz_utils_vendor/lib:/opt/ros/jazzy/opt/gz_tools_vendor/lib:/opt/ros/jazzy/opt/gz_ogre_next_vendor/lib:/opt/ros/jazzy/opt/gz_dartsim_vendor/lib:/opt/ros/jazzy/opt/gz_cmake_vendor/lib:/opt/ros/jazzy/lib', 'HOME': '/home/ubuntu', 'ROS_PYTHON_VERSION': '3', 'ROS_DISTRO': 'jazzy', '_': '/usr/bin/colcon', 'ROS_VERSION': '2', 'TERM': 'xterm-256color', 'PATH': '/opt/ros/jazzy/opt/gz_msgs_vendor/bin:/opt/ros/jazzy/opt/gz_tools_vendor/bin:/opt/ros/jazzy/opt/gz_ogre_next_vendor/bin:/opt/ros/jazzy/bin:/usr/local/sbin:/usr/local/bin:/usr/sbin:/usr/bin:/sbin:/bin', 'DISPLAY': ':0', 'LANG': 'C.UTF-8', 'AMENT_PREFIX_PATH': '/opt/ros/jazzy', 'DEBIAN_FRONTEND': 'noninteractive', 'ROS_AUTOMATIC_DISCOVERY_RANGE': 'SUBNET', 'PWD': '/home/ubuntu/psd_ws/build/psd_gazebo_worlds', 'LC_ALL': 'C.UTF-8', 'PYTHONPATH': '/opt/ros/jazzy/lib/python3.12/site-packages', 'COLCON': '1', 'CMAKE_PREFIX_PATH': '/opt/ros/jazzy/opt/gz_sim_vendor:/opt/ros/jazzy/opt/gz_sensors_vendor:/opt/ros/jazzy/opt/gz_physics_vendor:/opt/ros/jazzy/opt/sdformat_vendor:/opt/ros/jazzy/opt/gz_gui_vendor:/opt/ros/jazzy/opt/gz_transport_vendor:/opt/ros/jazzy/opt/gz_rendering_vendor:/opt/ros/jazzy/opt/gz_plugin_vendor:/opt/ros/jazzy/opt/gz_fuel_tools_vendor:/opt/ros/jazzy/opt/gz_msgs_vendor:/opt/ros/jazzy/opt/gz_common_vendor:/opt/ros/jazzy/opt/gz_math_vendor:/opt/ros/jazzy/opt/gz_utils_vendor:/opt/ros/jazzy/opt/gz_tools_vendor:/opt/ros/jazzy/opt/gz_ogre_next_vendor:/opt/ros/jazzy/opt/gz_dartsim_vendor:/opt/ros/jazzy/opt/gz_cmake_vendor:/opt/ros/jazzy'}), 'shell': False}
[1.587550] (psd_gazebo_worlds) StdoutLine: {'line': b'-- Install configuration: ""\n'}
[1.587791] (psd_gazebo_worlds) StderrLine: {'line': b'\x1b[31mCMake Error at cmake_install.cmake:46 (file):\n'}
[1.587986] (psd_gazebo_worlds) StderrLine: {'line': b'  file INSTALL cannot find\n'}
[1.588095] (psd_gazebo_worlds) StderrLine: {'line': b'  "/home/ubuntu/psd_ws/src/psd_gazebo_worlds/launch": No such file or\n'}
[1.588355] (psd_gazebo_worlds) StderrLine: {'line': b'  directory.\n'}
[1.588706] (psd_gazebo_worlds) StderrLine: {'line': b'\n'}
[1.588906] (psd_gazebo_worlds) StderrLine: {'line': b'\x1b[0m\n'}
[1.589806] (psd_gazebo_worlds) CommandEnded: {'returncode': 1}
[1.602359] (-) TimerEvent: {}
[1.604291] (psd_vehicle_bringup) StdoutLine: {'line': b'-- Configuring done (0.5s)\n'}
[1.607693] (psd_vehicle_bringup) StdoutLine: {'line': b'-- Generating done (0.0s)\n'}
[1.608185] (psd_vehicle_bringup) StdoutLine: {'line': b'-- Build files have been written to: /home/ubuntu/psd_ws/build/psd_vehicle_bringup\n'}
[1.609635] (psd_gazebo_worlds) JobEnded: {'identifier': 'psd_gazebo_worlds', 'rc': 1}
[1.610863] (psd_vehicle_bringup) JobEnded: {'identifier': 'psd_vehicle_bringup', 'rc': 'SIGINT'}
[1.621629] (-) EventReactorShutdown: {}
