[0.393s] DEBUG:colcon:Command line arguments: ['/usr/bin/colcon', 'build']
[0.393s] DEBUG:colcon:Parsed command line arguments: Namespace(log_base=None, log_level=None, verb_name='build', build_base='build', install_base='install', merge_install=False, symlink_install=False, test_result_base=None, continue_on_error=False, executor='parallel', parallel_workers=20, event_handlers=None, ignore_user_meta=False, metas=['./colcon.meta'], base_paths=['.'], packages_ignore=None, packages_ignore_regex=None, paths=None, packages_up_to=None, packages_up_to_regex=None, packages_above=None, packages_above_and_dependencies=None, packages_above_depth=None, packages_select_by_dep=None, packages_skip_by_dep=None, packages_skip_up_to=None, packages_select_build_failed=False, packages_skip_build_finished=False, packages_select_test_failures=False, packages_skip_test_passed=False, packages_select=None, packages_skip=None, packages_select_regex=None, packages_skip_regex=None, packages_start=None, packages_end=None, cmake_args=None, cmake_target=None, cmake_target_skip_unavailable=False, cmake_clean_cache=False, cmake_clean_first=False, cmake_force_configure=False, ament_cmake_args=None, catkin_cmake_args=None, catkin_skip_building_tests=False, mixin_files=None, mixin=None, verb_parser=<colcon_mixin.mixin.mixin_argument.MixinArgumentDecorator object at 0x7f068712a000>, verb_extension=<colcon_core.verb.build.BuildVerb object at 0x7f0687129b80>, main=<bound method BuildVerb.main of <colcon_core.verb.build.BuildVerb object at 0x7f0687129b80>>, mixin_verb=('build',))
[0.468s] Level 1:colcon.colcon_core.package_discovery:discover_packages(colcon_meta) check parameters
[0.468s] Level 1:colcon.colcon_core.package_discovery:discover_packages(recursive) check parameters
[0.468s] Level 1:colcon.colcon_core.package_discovery:discover_packages(ignore) check parameters
[0.468s] Level 1:colcon.colcon_core.package_discovery:discover_packages(path) check parameters
[0.468s] Level 1:colcon.colcon_core.package_discovery:discover_packages(colcon_meta) discover
[0.469s] Level 1:colcon.colcon_core.package_discovery:discover_packages(recursive) discover
[0.469s] INFO:colcon.colcon_core.package_discovery:Crawling recursively for packages in '/home/ubuntu/psd_ws'
[0.469s] Level 1:colcon.colcon_core.package_identification:_identify(.) by extensions ['ignore', 'ignore_ament_install']
[0.469s] Level 1:colcon.colcon_core.package_identification:_identify(.) by extension 'ignore'
[0.469s] Level 1:colcon.colcon_core.package_identification:_identify(.) by extension 'ignore_ament_install'
[0.469s] Level 1:colcon.colcon_core.package_identification:_identify(.) by extensions ['colcon_pkg']
[0.469s] Level 1:colcon.colcon_core.package_identification:_identify(.) by extension 'colcon_pkg'
[0.469s] Level 1:colcon.colcon_core.package_identification:_identify(.) by extensions ['colcon_meta']
[0.469s] Level 1:colcon.colcon_core.package_identification:_identify(.) by extension 'colcon_meta'
[0.469s] Level 1:colcon.colcon_core.package_identification:_identify(.) by extensions ['ros']
[0.469s] Level 1:colcon.colcon_core.package_identification:_identify(.) by extension 'ros'
[0.502s] Level 1:colcon.colcon_core.package_identification:_identify(.) by extensions ['cmake', 'python']
[0.502s] Level 1:colcon.colcon_core.package_identification:_identify(.) by extension 'cmake'
[0.502s] Level 1:colcon.colcon_core.package_identification:_identify(.) by extension 'python'
[0.502s] Level 1:colcon.colcon_core.package_identification:_identify(.) by extensions ['python_setup_py']
[0.503s] Level 1:colcon.colcon_core.package_identification:_identify(.) by extension 'python_setup_py'
[0.503s] Level 1:colcon.colcon_core.package_identification:_identify(build) by extensions ['ignore', 'ignore_ament_install']
[0.503s] Level 1:colcon.colcon_core.package_identification:_identify(build) by extension 'ignore'
[0.503s] Level 1:colcon.colcon_core.package_identification:_identify(build) ignored
[0.503s] Level 1:colcon.colcon_core.package_identification:_identify(deps) by extensions ['ignore', 'ignore_ament_install']
[0.503s] Level 1:colcon.colcon_core.package_identification:_identify(deps) by extension 'ignore'
[0.503s] Level 1:colcon.colcon_core.package_identification:_identify(deps) ignored
[0.503s] Level 1:colcon.colcon_core.package_identification:_identify(install) by extensions ['ignore', 'ignore_ament_install']
[0.503s] Level 1:colcon.colcon_core.package_identification:_identify(install) by extension 'ignore'
[0.503s] Level 1:colcon.colcon_core.package_identification:_identify(install) ignored
[0.503s] Level 1:colcon.colcon_core.package_identification:_identify(log) by extensions ['ignore', 'ignore_ament_install']
[0.503s] Level 1:colcon.colcon_core.package_identification:_identify(log) by extension 'ignore'
[0.503s] Level 1:colcon.colcon_core.package_identification:_identify(log) ignored
[0.503s] Level 1:colcon.colcon_core.package_identification:_identify(src) by extensions ['ignore', 'ignore_ament_install']
[0.503s] Level 1:colcon.colcon_core.package_identification:_identify(src) by extension 'ignore'
[0.503s] Level 1:colcon.colcon_core.package_identification:_identify(src) by extension 'ignore_ament_install'
[0.503s] Level 1:colcon.colcon_core.package_identification:_identify(src) by extensions ['colcon_pkg']
[0.503s] Level 1:colcon.colcon_core.package_identification:_identify(src) by extension 'colcon_pkg'
[0.503s] Level 1:colcon.colcon_core.package_identification:_identify(src) by extensions ['colcon_meta']
[0.503s] Level 1:colcon.colcon_core.package_identification:_identify(src) by extension 'colcon_meta'
[0.503s] Level 1:colcon.colcon_core.package_identification:_identify(src) by extensions ['ros']
[0.503s] Level 1:colcon.colcon_core.package_identification:_identify(src) by extension 'ros'
[0.503s] Level 1:colcon.colcon_core.package_identification:_identify(src) by extensions ['cmake', 'python']
[0.503s] Level 1:colcon.colcon_core.package_identification:_identify(src) by extension 'cmake'
[0.503s] Level 1:colcon.colcon_core.package_identification:_identify(src) by extension 'python'
[0.503s] Level 1:colcon.colcon_core.package_identification:_identify(src) by extensions ['python_setup_py']
[0.503s] Level 1:colcon.colcon_core.package_identification:_identify(src) by extension 'python_setup_py'
[0.503s] Level 1:colcon.colcon_core.package_identification:_identify(src/gz_ros2_control) by extensions ['ignore', 'ignore_ament_install']
[0.503s] Level 1:colcon.colcon_core.package_identification:_identify(src/gz_ros2_control) by extension 'ignore'
[0.504s] Level 1:colcon.colcon_core.package_identification:_identify(src/gz_ros2_control) by extension 'ignore_ament_install'
[0.504s] Level 1:colcon.colcon_core.package_identification:_identify(src/gz_ros2_control) by extensions ['colcon_pkg']
[0.504s] Level 1:colcon.colcon_core.package_identification:_identify(src/gz_ros2_control) by extension 'colcon_pkg'
[0.504s] Level 1:colcon.colcon_core.package_identification:_identify(src/gz_ros2_control) by extensions ['colcon_meta']
[0.504s] Level 1:colcon.colcon_core.package_identification:_identify(src/gz_ros2_control) by extension 'colcon_meta'
[0.504s] Level 1:colcon.colcon_core.package_identification:_identify(src/gz_ros2_control) by extensions ['ros']
[0.504s] Level 1:colcon.colcon_core.package_identification:_identify(src/gz_ros2_control) by extension 'ros'
[0.504s] Level 1:colcon.colcon_core.package_identification:_identify(src/gz_ros2_control) by extensions ['cmake', 'python']
[0.504s] Level 1:colcon.colcon_core.package_identification:_identify(src/gz_ros2_control) by extension 'cmake'
[0.504s] Level 1:colcon.colcon_core.package_identification:_identify(src/gz_ros2_control) by extension 'python'
[0.504s] Level 1:colcon.colcon_core.package_identification:_identify(src/gz_ros2_control) by extensions ['python_setup_py']
[0.504s] Level 1:colcon.colcon_core.package_identification:_identify(src/gz_ros2_control) by extension 'python_setup_py'
[0.504s] Level 1:colcon.colcon_core.package_identification:_identify(src/psd_gazebo_worlds) by extensions ['ignore', 'ignore_ament_install']
[0.504s] Level 1:colcon.colcon_core.package_identification:_identify(src/psd_gazebo_worlds) by extension 'ignore'
[0.504s] Level 1:colcon.colcon_core.package_identification:_identify(src/psd_gazebo_worlds) by extension 'ignore_ament_install'
[0.504s] Level 1:colcon.colcon_core.package_identification:_identify(src/psd_gazebo_worlds) by extensions ['colcon_pkg']
[0.504s] Level 1:colcon.colcon_core.package_identification:_identify(src/psd_gazebo_worlds) by extension 'colcon_pkg'
[0.504s] Level 1:colcon.colcon_core.package_identification:_identify(src/psd_gazebo_worlds) by extensions ['colcon_meta']
[0.504s] Level 1:colcon.colcon_core.package_identification:_identify(src/psd_gazebo_worlds) by extension 'colcon_meta'
[0.504s] Level 1:colcon.colcon_core.package_identification:_identify(src/psd_gazebo_worlds) by extensions ['ros']
[0.504s] Level 1:colcon.colcon_core.package_identification:_identify(src/psd_gazebo_worlds) by extension 'ros'
[0.507s] DEBUG:colcon.colcon_core.package_identification:Package 'src/psd_gazebo_worlds' with type 'ros.ament_cmake' and name 'psd_gazebo_worlds'
[0.507s] Level 1:colcon.colcon_core.package_identification:_identify(src/psd_vehicle_bringup) by extensions ['ignore', 'ignore_ament_install']
[0.507s] Level 1:colcon.colcon_core.package_identification:_identify(src/psd_vehicle_bringup) by extension 'ignore'
[0.507s] Level 1:colcon.colcon_core.package_identification:_identify(src/psd_vehicle_bringup) by extension 'ignore_ament_install'
[0.507s] Level 1:colcon.colcon_core.package_identification:_identify(src/psd_vehicle_bringup) by extensions ['colcon_pkg']
[0.507s] Level 1:colcon.colcon_core.package_identification:_identify(src/psd_vehicle_bringup) by extension 'colcon_pkg'
[0.507s] Level 1:colcon.colcon_core.package_identification:_identify(src/psd_vehicle_bringup) by extensions ['colcon_meta']
[0.507s] Level 1:colcon.colcon_core.package_identification:_identify(src/psd_vehicle_bringup) by extension 'colcon_meta'
[0.507s] Level 1:colcon.colcon_core.package_identification:_identify(src/psd_vehicle_bringup) by extensions ['ros']
[0.507s] Level 1:colcon.colcon_core.package_identification:_identify(src/psd_vehicle_bringup) by extension 'ros'
[0.508s] DEBUG:colcon.colcon_core.package_identification:Package 'src/psd_vehicle_bringup' with type 'ros.ament_cmake' and name 'psd_vehicle_bringup'
[0.508s] Level 1:colcon.colcon_core.package_identification:_identify(src/psd_vehicle_description) by extensions ['ignore', 'ignore_ament_install']
[0.508s] Level 1:colcon.colcon_core.package_identification:_identify(src/psd_vehicle_description) by extension 'ignore'
[0.508s] Level 1:colcon.colcon_core.package_identification:_identify(src/psd_vehicle_description) by extension 'ignore_ament_install'
[0.508s] Level 1:colcon.colcon_core.package_identification:_identify(src/psd_vehicle_description) by extensions ['colcon_pkg']
[0.508s] Level 1:colcon.colcon_core.package_identification:_identify(src/psd_vehicle_description) by extension 'colcon_pkg'
[0.508s] Level 1:colcon.colcon_core.package_identification:_identify(src/psd_vehicle_description) by extensions ['colcon_meta']
[0.508s] Level 1:colcon.colcon_core.package_identification:_identify(src/psd_vehicle_description) by extension 'colcon_meta'
[0.508s] Level 1:colcon.colcon_core.package_identification:_identify(src/psd_vehicle_description) by extensions ['ros']
[0.508s] Level 1:colcon.colcon_core.package_identification:_identify(src/psd_vehicle_description) by extension 'ros'
[0.509s] DEBUG:colcon.colcon_core.package_identification:Package 'src/psd_vehicle_description' with type 'ros.ament_cmake' and name 'psd_vehicle_description'
[0.509s] Level 1:colcon.colcon_core.package_identification:_identify(src/ros_components_description) by extensions ['ignore', 'ignore_ament_install']
[0.509s] Level 1:colcon.colcon_core.package_identification:_identify(src/ros_components_description) by extension 'ignore'
[0.509s] Level 1:colcon.colcon_core.package_identification:_identify(src/ros_components_description) by extension 'ignore_ament_install'
[0.509s] Level 1:colcon.colcon_core.package_identification:_identify(src/ros_components_description) by extensions ['colcon_pkg']
[0.509s] Level 1:colcon.colcon_core.package_identification:_identify(src/ros_components_description) by extension 'colcon_pkg'
[0.509s] Level 1:colcon.colcon_core.package_identification:_identify(src/ros_components_description) by extensions ['colcon_meta']
[0.509s] Level 1:colcon.colcon_core.package_identification:_identify(src/ros_components_description) by extension 'colcon_meta'
[0.509s] Level 1:colcon.colcon_core.package_identification:_identify(src/ros_components_description) by extensions ['ros']
[0.509s] Level 1:colcon.colcon_core.package_identification:_identify(src/ros_components_description) by extension 'ros'
[0.524s] DEBUG:colcon.colcon_core.package_identification:Package 'src/ros_components_description' with type 'ros.ament_cmake' and name 'ros_components_description'
[0.524s] Level 1:colcon.colcon_core.package_discovery:discover_packages(recursive) using defaults
[0.524s] Level 1:colcon.colcon_core.package_discovery:discover_packages(ignore) discover
[0.524s] Level 1:colcon.colcon_core.package_discovery:discover_packages(ignore) using defaults
[0.524s] Level 1:colcon.colcon_core.package_discovery:discover_packages(path) discover
[0.524s] Level 1:colcon.colcon_core.package_discovery:discover_packages(path) using defaults
[0.548s] Level 5:colcon.colcon_core.verb:set package 'psd_gazebo_worlds' build argument 'cmake_args' from command line to 'None'
[0.548s] Level 5:colcon.colcon_core.verb:set package 'psd_gazebo_worlds' build argument 'cmake_target' from command line to 'None'
[0.548s] Level 5:colcon.colcon_core.verb:set package 'psd_gazebo_worlds' build argument 'cmake_target_skip_unavailable' from command line to 'False'
[0.548s] Level 5:colcon.colcon_core.verb:set package 'psd_gazebo_worlds' build argument 'cmake_clean_cache' from command line to 'False'
[0.548s] Level 5:colcon.colcon_core.verb:set package 'psd_gazebo_worlds' build argument 'cmake_clean_first' from command line to 'False'
[0.548s] Level 5:colcon.colcon_core.verb:set package 'psd_gazebo_worlds' build argument 'cmake_force_configure' from command line to 'False'
[0.548s] Level 5:colcon.colcon_core.verb:set package 'psd_gazebo_worlds' build argument 'ament_cmake_args' from command line to 'None'
[0.548s] Level 5:colcon.colcon_core.verb:set package 'psd_gazebo_worlds' build argument 'catkin_cmake_args' from command line to 'None'
[0.548s] Level 5:colcon.colcon_core.verb:set package 'psd_gazebo_worlds' build argument 'catkin_skip_building_tests' from command line to 'False'
[0.548s] DEBUG:colcon.colcon_core.verb:Building package 'psd_gazebo_worlds' with the following arguments: {'ament_cmake_args': None, 'build_base': '/home/ubuntu/psd_ws/build/psd_gazebo_worlds', 'catkin_cmake_args': None, 'catkin_skip_building_tests': False, 'cmake_args': None, 'cmake_clean_cache': False, 'cmake_clean_first': False, 'cmake_force_configure': False, 'cmake_target': None, 'cmake_target_skip_unavailable': False, 'install_base': '/home/ubuntu/psd_ws/install/psd_gazebo_worlds', 'merge_install': False, 'path': '/home/ubuntu/psd_ws/src/psd_gazebo_worlds', 'symlink_install': False, 'test_result_base': None}
[0.548s] Level 5:colcon.colcon_core.verb:set package 'psd_vehicle_description' build argument 'cmake_args' from command line to 'None'
[0.548s] Level 5:colcon.colcon_core.verb:set package 'psd_vehicle_description' build argument 'cmake_target' from command line to 'None'
[0.548s] Level 5:colcon.colcon_core.verb:set package 'psd_vehicle_description' build argument 'cmake_target_skip_unavailable' from command line to 'False'
[0.548s] Level 5:colcon.colcon_core.verb:set package 'psd_vehicle_description' build argument 'cmake_clean_cache' from command line to 'False'
[0.548s] Level 5:colcon.colcon_core.verb:set package 'psd_vehicle_description' build argument 'cmake_clean_first' from command line to 'False'
[0.548s] Level 5:colcon.colcon_core.verb:set package 'psd_vehicle_description' build argument 'cmake_force_configure' from command line to 'False'
[0.549s] Level 5:colcon.colcon_core.verb:set package 'psd_vehicle_description' build argument 'ament_cmake_args' from command line to 'None'
[0.549s] Level 5:colcon.colcon_core.verb:set package 'psd_vehicle_description' build argument 'catkin_cmake_args' from command line to 'None'
[0.549s] Level 5:colcon.colcon_core.verb:set package 'psd_vehicle_description' build argument 'catkin_skip_building_tests' from command line to 'False'
[0.549s] DEBUG:colcon.colcon_core.verb:Building package 'psd_vehicle_description' with the following arguments: {'ament_cmake_args': None, 'build_base': '/home/ubuntu/psd_ws/build/psd_vehicle_description', 'catkin_cmake_args': None, 'catkin_skip_building_tests': False, 'cmake_args': None, 'cmake_clean_cache': False, 'cmake_clean_first': False, 'cmake_force_configure': False, 'cmake_target': None, 'cmake_target_skip_unavailable': False, 'install_base': '/home/ubuntu/psd_ws/install/psd_vehicle_description', 'merge_install': False, 'path': '/home/ubuntu/psd_ws/src/psd_vehicle_description', 'symlink_install': False, 'test_result_base': None}
[0.549s] Level 5:colcon.colcon_core.verb:set package 'ros_components_description' build argument 'cmake_args' from command line to 'None'
[0.549s] Level 5:colcon.colcon_core.verb:set package 'ros_components_description' build argument 'cmake_target' from command line to 'None'
[0.549s] Level 5:colcon.colcon_core.verb:set package 'ros_components_description' build argument 'cmake_target_skip_unavailable' from command line to 'False'
[0.549s] Level 5:colcon.colcon_core.verb:set package 'ros_components_description' build argument 'cmake_clean_cache' from command line to 'False'
[0.549s] Level 5:colcon.colcon_core.verb:set package 'ros_components_description' build argument 'cmake_clean_first' from command line to 'False'
[0.549s] Level 5:colcon.colcon_core.verb:set package 'ros_components_description' build argument 'cmake_force_configure' from command line to 'False'
[0.549s] Level 5:colcon.colcon_core.verb:set package 'ros_components_description' build argument 'ament_cmake_args' from command line to 'None'
[0.549s] Level 5:colcon.colcon_core.verb:set package 'ros_components_description' build argument 'catkin_cmake_args' from command line to 'None'
[0.549s] Level 5:colcon.colcon_core.verb:set package 'ros_components_description' build argument 'catkin_skip_building_tests' from command line to 'False'
[0.549s] DEBUG:colcon.colcon_core.verb:Building package 'ros_components_description' with the following arguments: {'ament_cmake_args': None, 'build_base': '/home/ubuntu/psd_ws/build/ros_components_description', 'catkin_cmake_args': None, 'catkin_skip_building_tests': False, 'cmake_args': None, 'cmake_clean_cache': False, 'cmake_clean_first': False, 'cmake_force_configure': False, 'cmake_target': None, 'cmake_target_skip_unavailable': False, 'install_base': '/home/ubuntu/psd_ws/install/ros_components_description', 'merge_install': False, 'path': '/home/ubuntu/psd_ws/src/ros_components_description', 'symlink_install': False, 'test_result_base': None}
[0.549s] Level 5:colcon.colcon_core.verb:set package 'psd_vehicle_bringup' build argument 'cmake_args' from command line to 'None'
[0.549s] Level 5:colcon.colcon_core.verb:set package 'psd_vehicle_bringup' build argument 'cmake_target' from command line to 'None'
[0.549s] Level 5:colcon.colcon_core.verb:set package 'psd_vehicle_bringup' build argument 'cmake_target_skip_unavailable' from command line to 'False'
[0.549s] Level 5:colcon.colcon_core.verb:set package 'psd_vehicle_bringup' build argument 'cmake_clean_cache' from command line to 'False'
[0.549s] Level 5:colcon.colcon_core.verb:set package 'psd_vehicle_bringup' build argument 'cmake_clean_first' from command line to 'False'
[0.549s] Level 5:colcon.colcon_core.verb:set package 'psd_vehicle_bringup' build argument 'cmake_force_configure' from command line to 'False'
[0.549s] Level 5:colcon.colcon_core.verb:set package 'psd_vehicle_bringup' build argument 'ament_cmake_args' from command line to 'None'
[0.549s] Level 5:colcon.colcon_core.verb:set package 'psd_vehicle_bringup' build argument 'catkin_cmake_args' from command line to 'None'
[0.549s] Level 5:colcon.colcon_core.verb:set package 'psd_vehicle_bringup' build argument 'catkin_skip_building_tests' from command line to 'False'
[0.549s] DEBUG:colcon.colcon_core.verb:Building package 'psd_vehicle_bringup' with the following arguments: {'ament_cmake_args': None, 'build_base': '/home/ubuntu/psd_ws/build/psd_vehicle_bringup', 'catkin_cmake_args': None, 'catkin_skip_building_tests': False, 'cmake_args': None, 'cmake_clean_cache': False, 'cmake_clean_first': False, 'cmake_force_configure': False, 'cmake_target': None, 'cmake_target_skip_unavailable': False, 'install_base': '/home/ubuntu/psd_ws/install/psd_vehicle_bringup', 'merge_install': False, 'path': '/home/ubuntu/psd_ws/src/psd_vehicle_bringup', 'symlink_install': False, 'test_result_base': None}
[0.549s] INFO:colcon.colcon_core.executor:Executing jobs using 'parallel' executor
[0.550s] DEBUG:colcon.colcon_parallel_executor.executor.parallel:run_until_complete
[0.550s] INFO:colcon.colcon_ros.task.ament_cmake.build:Building ROS package in '/home/ubuntu/psd_ws/src/psd_vehicle_description' with build type 'ament_cmake'
[0.550s] INFO:colcon.colcon_cmake.task.cmake.build:Building CMake package in '/home/ubuntu/psd_ws/src/psd_vehicle_description'
[0.555s] INFO:colcon.colcon_core.plugin_system:Skipping extension 'colcon_core.shell.bat': Not used on non-Windows systems
[0.555s] INFO:colcon.colcon_core.shell:Skip shell extension 'powershell' for command environment: Not usable outside of PowerShell
[0.555s] DEBUG:colcon.colcon_core.shell:Skip shell extension 'dsv' for command environment
[0.562s] INFO:colcon.colcon_ros.task.ament_cmake.build:Building ROS package in '/home/ubuntu/psd_ws/src/psd_gazebo_worlds' with build type 'ament_cmake'
[0.562s] INFO:colcon.colcon_cmake.task.cmake.build:Building CMake package in '/home/ubuntu/psd_ws/src/psd_gazebo_worlds'
[0.562s] INFO:colcon.colcon_core.shell:Skip shell extension 'powershell' for command environment: Not usable outside of PowerShell
[0.562s] DEBUG:colcon.colcon_core.shell:Skip shell extension 'dsv' for command environment
[0.564s] INFO:colcon.colcon_ros.task.ament_cmake.build:Building ROS package in '/home/ubuntu/psd_ws/src/ros_components_description' with build type 'ament_cmake'
[0.564s] INFO:colcon.colcon_cmake.task.cmake.build:Building CMake package in '/home/ubuntu/psd_ws/src/ros_components_description'
[0.564s] INFO:colcon.colcon_core.shell:Skip shell extension 'powershell' for command environment: Not usable outside of PowerShell
[0.564s] DEBUG:colcon.colcon_core.shell:Skip shell extension 'dsv' for command environment
[0.568s] DEBUG:colcon.colcon_core.event_handler.log_command:Invoking command in '/home/ubuntu/psd_ws/build/psd_vehicle_description': CMAKE_PREFIX_PATH=${CMAKE_PREFIX_PATH}:/opt/ros/jazzy /usr/bin/cmake /home/ubuntu/psd_ws/src/psd_vehicle_description -DCMAKE_INSTALL_PREFIX=/home/ubuntu/psd_ws/install/psd_vehicle_description
[0.571s] DEBUG:colcon.colcon_core.event_handler.log_command:Invoking command in '/home/ubuntu/psd_ws/build/psd_gazebo_worlds': CMAKE_PREFIX_PATH=${CMAKE_PREFIX_PATH}:/opt/ros/jazzy /usr/bin/cmake /home/ubuntu/psd_ws/src/psd_gazebo_worlds -DCMAKE_INSTALL_PREFIX=/home/ubuntu/psd_ws/install/psd_gazebo_worlds
[0.575s] DEBUG:colcon.colcon_core.event_handler.log_command:Invoking command in '/home/ubuntu/psd_ws/build/ros_components_description': CMAKE_PREFIX_PATH=${CMAKE_PREFIX_PATH}:/opt/ros/jazzy /usr/bin/cmake /home/ubuntu/psd_ws/src/ros_components_description -DCMAKE_INSTALL_PREFIX=/home/ubuntu/psd_ws/install/ros_components_description
[1.466s] DEBUG:colcon.colcon_core.event_handler.log_command:Invoked command in '/home/ubuntu/psd_ws/build/psd_vehicle_description' returned '0': CMAKE_PREFIX_PATH=${CMAKE_PREFIX_PATH}:/opt/ros/jazzy /usr/bin/cmake /home/ubuntu/psd_ws/src/psd_vehicle_description -DCMAKE_INSTALL_PREFIX=/home/ubuntu/psd_ws/install/psd_vehicle_description
[1.467s] DEBUG:colcon.colcon_core.event_handler.log_command:Invoking command in '/home/ubuntu/psd_ws/build/psd_vehicle_description': CMAKE_PREFIX_PATH=${CMAKE_PREFIX_PATH}:/opt/ros/jazzy /usr/bin/cmake --build /home/ubuntu/psd_ws/build/psd_vehicle_description -- -j20 -l20
[1.476s] DEBUG:colcon.colcon_core.event_handler.log_command:Invoked command in '/home/ubuntu/psd_ws/build/ros_components_description' returned '0': CMAKE_PREFIX_PATH=${CMAKE_PREFIX_PATH}:/opt/ros/jazzy /usr/bin/cmake /home/ubuntu/psd_ws/src/ros_components_description -DCMAKE_INSTALL_PREFIX=/home/ubuntu/psd_ws/install/ros_components_description
[1.478s] DEBUG:colcon.colcon_core.event_handler.log_command:Invoking command in '/home/ubuntu/psd_ws/build/ros_components_description': CMAKE_PREFIX_PATH=${CMAKE_PREFIX_PATH}:/opt/ros/jazzy /usr/bin/cmake --build /home/ubuntu/psd_ws/build/ros_components_description -- -j20 -l20
[1.496s] DEBUG:colcon.colcon_core.event_handler.log_command:Invoked command in '/home/ubuntu/psd_ws/build/psd_vehicle_description' returned '0': CMAKE_PREFIX_PATH=${CMAKE_PREFIX_PATH}:/opt/ros/jazzy /usr/bin/cmake --build /home/ubuntu/psd_ws/build/psd_vehicle_description -- -j20 -l20
[1.505s] DEBUG:colcon.colcon_core.event_handler.log_command:Invoked command in '/home/ubuntu/psd_ws/build/ros_components_description' returned '0': CMAKE_PREFIX_PATH=${CMAKE_PREFIX_PATH}:/opt/ros/jazzy /usr/bin/cmake --build /home/ubuntu/psd_ws/build/ros_components_description -- -j20 -l20
[1.519s] DEBUG:colcon.colcon_core.event_handler.log_command:Invoking command in '/home/ubuntu/psd_ws/build/psd_vehicle_description': CMAKE_PREFIX_PATH=${CMAKE_PREFIX_PATH}:/opt/ros/jazzy /usr/bin/cmake --install /home/ubuntu/psd_ws/build/psd_vehicle_description
[1.523s] DEBUG:colcon.colcon_core.event_handler.log_command:Invoking command in '/home/ubuntu/psd_ws/build/ros_components_description': CMAKE_PREFIX_PATH=${CMAKE_PREFIX_PATH}:/opt/ros/jazzy /usr/bin/cmake --install /home/ubuntu/psd_ws/build/ros_components_description
[1.546s] Level 1:colcon.colcon_core.environment:create_environment_scripts_only(psd_vehicle_description)
[1.547s] DEBUG:colcon.colcon_core.event_handler.log_command:Invoked command in '/home/ubuntu/psd_ws/build/psd_vehicle_description' returned '0': CMAKE_PREFIX_PATH=${CMAKE_PREFIX_PATH}:/opt/ros/jazzy /usr/bin/cmake --install /home/ubuntu/psd_ws/build/psd_vehicle_description
[1.554s] Level 1:colcon.colcon_core.environment:checking '/home/ubuntu/psd_ws/install/psd_vehicle_description' for CMake module files
[1.555s] Level 1:colcon.colcon_core.environment:checking '/home/ubuntu/psd_ws/install/psd_vehicle_description' for CMake config files
[1.555s] Level 1:colcon.colcon_core.shell:create_environment_hook('psd_vehicle_description', 'cmake_prefix_path')
[1.555s] INFO:colcon.colcon_core.shell:Creating environment hook '/home/ubuntu/psd_ws/install/psd_vehicle_description/share/psd_vehicle_description/hook/cmake_prefix_path.ps1'
[1.556s] INFO:colcon.colcon_core.shell:Creating environment descriptor '/home/ubuntu/psd_ws/install/psd_vehicle_description/share/psd_vehicle_description/hook/cmake_prefix_path.dsv'
[1.556s] INFO:colcon.colcon_core.shell:Creating environment hook '/home/ubuntu/psd_ws/install/psd_vehicle_description/share/psd_vehicle_description/hook/cmake_prefix_path.sh'
[1.557s] Level 1:colcon.colcon_core.environment:checking '/home/ubuntu/psd_ws/install/psd_vehicle_description/bin'
[1.557s] Level 1:colcon.colcon_core.environment:checking '/home/ubuntu/psd_ws/install/psd_vehicle_description/lib/pkgconfig/psd_vehicle_description.pc'
[1.558s] Level 1:colcon.colcon_core.environment:checking '/home/ubuntu/psd_ws/install/psd_vehicle_description/lib/python3.12/site-packages'
[1.559s] Level 1:colcon.colcon_core.environment:checking '/home/ubuntu/psd_ws/install/psd_vehicle_description/bin'
[1.559s] INFO:colcon.colcon_core.shell:Creating package script '/home/ubuntu/psd_ws/install/psd_vehicle_description/share/psd_vehicle_description/package.ps1'
[1.560s] INFO:colcon.colcon_core.shell:Creating package descriptor '/home/ubuntu/psd_ws/install/psd_vehicle_description/share/psd_vehicle_description/package.dsv'
[1.560s] INFO:colcon.colcon_core.shell:Creating package script '/home/ubuntu/psd_ws/install/psd_vehicle_description/share/psd_vehicle_description/package.sh'
[1.561s] INFO:colcon.colcon_core.shell:Creating package script '/home/ubuntu/psd_ws/install/psd_vehicle_description/share/psd_vehicle_description/package.bash'
[1.562s] INFO:colcon.colcon_core.shell:Creating package script '/home/ubuntu/psd_ws/install/psd_vehicle_description/share/psd_vehicle_description/package.zsh'
[1.563s] Level 1:colcon.colcon_core.environment:create_file_with_runtime_dependencies(/home/ubuntu/psd_ws/install/psd_vehicle_description/share/colcon-core/packages/psd_vehicle_description)
[1.580s] Level 1:colcon.colcon_core.environment:create_environment_scripts_only(psd_vehicle_description)
[1.580s] Level 1:colcon.colcon_core.environment:checking '/home/ubuntu/psd_ws/install/psd_vehicle_description' for CMake module files
[1.583s] Level 1:colcon.colcon_core.environment:checking '/home/ubuntu/psd_ws/install/psd_vehicle_description' for CMake config files
[1.585s] Level 1:colcon.colcon_core.shell:create_environment_hook('psd_vehicle_description', 'cmake_prefix_path')
[1.585s] INFO:colcon.colcon_core.shell:Creating environment hook '/home/ubuntu/psd_ws/install/psd_vehicle_description/share/psd_vehicle_description/hook/cmake_prefix_path.ps1'
[1.585s] INFO:colcon.colcon_core.shell:Creating environment descriptor '/home/ubuntu/psd_ws/install/psd_vehicle_description/share/psd_vehicle_description/hook/cmake_prefix_path.dsv'
[1.585s] INFO:colcon.colcon_core.shell:Creating environment hook '/home/ubuntu/psd_ws/install/psd_vehicle_description/share/psd_vehicle_description/hook/cmake_prefix_path.sh'
[1.586s] Level 1:colcon.colcon_core.environment:checking '/home/ubuntu/psd_ws/install/psd_vehicle_description/bin'
[1.586s] Level 1:colcon.colcon_core.environment:checking '/home/ubuntu/psd_ws/install/psd_vehicle_description/lib/pkgconfig/psd_vehicle_description.pc'
[1.586s] Level 1:colcon.colcon_core.environment:checking '/home/ubuntu/psd_ws/install/psd_vehicle_description/lib/python3.12/site-packages'
[1.586s] Level 1:colcon.colcon_core.environment:checking '/home/ubuntu/psd_ws/install/psd_vehicle_description/bin'
[1.586s] INFO:colcon.colcon_core.shell:Creating package script '/home/ubuntu/psd_ws/install/psd_vehicle_description/share/psd_vehicle_description/package.ps1'
[1.587s] INFO:colcon.colcon_core.shell:Creating package descriptor '/home/ubuntu/psd_ws/install/psd_vehicle_description/share/psd_vehicle_description/package.dsv'
[1.587s] INFO:colcon.colcon_core.shell:Creating package script '/home/ubuntu/psd_ws/install/psd_vehicle_description/share/psd_vehicle_description/package.sh'
[1.587s] INFO:colcon.colcon_core.shell:Creating package script '/home/ubuntu/psd_ws/install/psd_vehicle_description/share/psd_vehicle_description/package.bash'
[1.587s] INFO:colcon.colcon_core.shell:Creating package script '/home/ubuntu/psd_ws/install/psd_vehicle_description/share/psd_vehicle_description/package.zsh'
[1.587s] Level 1:colcon.colcon_core.environment:create_file_with_runtime_dependencies(/home/ubuntu/psd_ws/install/psd_vehicle_description/share/colcon-core/packages/psd_vehicle_description)
[1.588s] INFO:colcon.colcon_ros.task.ament_cmake.build:Building ROS package in '/home/ubuntu/psd_ws/src/psd_vehicle_bringup' with build type 'ament_cmake'
[1.588s] INFO:colcon.colcon_cmake.task.cmake.build:Building CMake package in '/home/ubuntu/psd_ws/src/psd_vehicle_bringup'
[1.588s] INFO:colcon.colcon_core.shell:Skip shell extension 'powershell' for command environment: Not usable outside of PowerShell
[1.588s] DEBUG:colcon.colcon_core.shell:Skip shell extension 'dsv' for command environment
[1.594s] Level 1:colcon.colcon_core.environment:create_environment_scripts_only(ros_components_description)
[1.594s] Level 1:colcon.colcon_core.environment:checking '/home/ubuntu/psd_ws/install/ros_components_description' for CMake module files
[1.594s] DEBUG:colcon.colcon_core.event_handler.log_command:Invoked command in '/home/ubuntu/psd_ws/build/ros_components_description' returned '0': CMAKE_PREFIX_PATH=${CMAKE_PREFIX_PATH}:/opt/ros/jazzy /usr/bin/cmake --install /home/ubuntu/psd_ws/build/ros_components_description
[1.595s] Level 1:colcon.colcon_core.environment:checking '/home/ubuntu/psd_ws/install/ros_components_description' for CMake config files
[1.595s] Level 1:colcon.colcon_core.shell:create_environment_hook('ros_components_description', 'cmake_prefix_path')
[1.595s] INFO:colcon.colcon_core.shell:Creating environment hook '/home/ubuntu/psd_ws/install/ros_components_description/share/ros_components_description/hook/cmake_prefix_path.ps1'
[1.595s] INFO:colcon.colcon_core.shell:Creating environment descriptor '/home/ubuntu/psd_ws/install/ros_components_description/share/ros_components_description/hook/cmake_prefix_path.dsv'
[1.595s] INFO:colcon.colcon_core.shell:Creating environment hook '/home/ubuntu/psd_ws/install/ros_components_description/share/ros_components_description/hook/cmake_prefix_path.sh'
[1.596s] Level 1:colcon.colcon_core.environment:checking '/home/ubuntu/psd_ws/install/ros_components_description/bin'
[1.596s] Level 1:colcon.colcon_core.environment:checking '/home/ubuntu/psd_ws/install/ros_components_description/lib/pkgconfig/ros_components_description.pc'
[1.596s] Level 1:colcon.colcon_core.environment:checking '/home/ubuntu/psd_ws/install/ros_components_description/lib/python3.12/site-packages'
[1.596s] Level 1:colcon.colcon_core.environment:checking '/home/ubuntu/psd_ws/install/ros_components_description/bin'
[1.596s] INFO:colcon.colcon_core.shell:Creating package script '/home/ubuntu/psd_ws/install/ros_components_description/share/ros_components_description/package.ps1'
[1.596s] INFO:colcon.colcon_core.shell:Creating package descriptor '/home/ubuntu/psd_ws/install/ros_components_description/share/ros_components_description/package.dsv'
[1.597s] INFO:colcon.colcon_core.shell:Creating package script '/home/ubuntu/psd_ws/install/ros_components_description/share/ros_components_description/package.sh'
[1.597s] INFO:colcon.colcon_core.shell:Creating package script '/home/ubuntu/psd_ws/install/ros_components_description/share/ros_components_description/package.bash'
[1.597s] INFO:colcon.colcon_core.shell:Creating package script '/home/ubuntu/psd_ws/install/ros_components_description/share/ros_components_description/package.zsh'
[1.597s] Level 1:colcon.colcon_core.environment:create_file_with_runtime_dependencies(/home/ubuntu/psd_ws/install/ros_components_description/share/colcon-core/packages/ros_components_description)
[1.600s] DEBUG:colcon.colcon_core.event_handler.log_command:Invoking command in '/home/ubuntu/psd_ws/build/psd_vehicle_bringup': AMENT_PREFIX_PATH=/home/ubuntu/psd_ws/install/psd_vehicle_description:${AMENT_PREFIX_PATH} CMAKE_PREFIX_PATH=/home/ubuntu/psd_ws/install/psd_vehicle_description:/opt/ros/jazzy/opt/gz_sim_vendor:/opt/ros/jazzy/opt/gz_sensors_vendor:/opt/ros/jazzy/opt/gz_physics_vendor:/opt/ros/jazzy/opt/sdformat_vendor:/opt/ros/jazzy/opt/gz_gui_vendor:/opt/ros/jazzy/opt/gz_transport_vendor:/opt/ros/jazzy/opt/gz_rendering_vendor:/opt/ros/jazzy/opt/gz_plugin_vendor:/opt/ros/jazzy/opt/gz_fuel_tools_vendor:/opt/ros/jazzy/opt/gz_msgs_vendor:/opt/ros/jazzy/opt/gz_common_vendor:/opt/ros/jazzy/opt/gz_math_vendor:/opt/ros/jazzy/opt/gz_utils_vendor:/opt/ros/jazzy/opt/gz_tools_vendor:/opt/ros/jazzy/opt/gz_ogre_next_vendor:/opt/ros/jazzy/opt/gz_dartsim_vendor:/opt/ros/jazzy/opt/gz_cmake_vendor:/opt/ros/jazzy /usr/bin/cmake /home/ubuntu/psd_ws/src/psd_vehicle_bringup -DCMAKE_INSTALL_PREFIX=/home/ubuntu/psd_ws/install/psd_vehicle_bringup
[1.613s] Level 1:colcon.colcon_core.environment:create_environment_scripts_only(ros_components_description)
[1.614s] Level 1:colcon.colcon_core.environment:checking '/home/ubuntu/psd_ws/install/ros_components_description' for CMake module files
[1.614s] Level 1:colcon.colcon_core.environment:checking '/home/ubuntu/psd_ws/install/ros_components_description' for CMake config files
[1.614s] Level 1:colcon.colcon_core.shell:create_environment_hook('ros_components_description', 'cmake_prefix_path')
[1.614s] INFO:colcon.colcon_core.shell:Creating environment hook '/home/ubuntu/psd_ws/install/ros_components_description/share/ros_components_description/hook/cmake_prefix_path.ps1'
[1.614s] INFO:colcon.colcon_core.shell:Creating environment descriptor '/home/ubuntu/psd_ws/install/ros_components_description/share/ros_components_description/hook/cmake_prefix_path.dsv'
[1.615s] INFO:colcon.colcon_core.shell:Creating environment hook '/home/ubuntu/psd_ws/install/ros_components_description/share/ros_components_description/hook/cmake_prefix_path.sh'
[1.615s] Level 1:colcon.colcon_core.environment:checking '/home/ubuntu/psd_ws/install/ros_components_description/bin'
[1.615s] Level 1:colcon.colcon_core.environment:checking '/home/ubuntu/psd_ws/install/ros_components_description/lib/pkgconfig/ros_components_description.pc'
[1.616s] Level 1:colcon.colcon_core.environment:checking '/home/ubuntu/psd_ws/install/ros_components_description/lib/python3.12/site-packages'
[1.616s] Level 1:colcon.colcon_core.environment:checking '/home/ubuntu/psd_ws/install/ros_components_description/bin'
[1.616s] INFO:colcon.colcon_core.shell:Creating package script '/home/ubuntu/psd_ws/install/ros_components_description/share/ros_components_description/package.ps1'
[1.616s] INFO:colcon.colcon_core.shell:Creating package descriptor '/home/ubuntu/psd_ws/install/ros_components_description/share/ros_components_description/package.dsv'
[1.616s] INFO:colcon.colcon_core.shell:Creating package script '/home/ubuntu/psd_ws/install/ros_components_description/share/ros_components_description/package.sh'
[1.617s] INFO:colcon.colcon_core.shell:Creating package script '/home/ubuntu/psd_ws/install/ros_components_description/share/ros_components_description/package.bash'
[1.617s] INFO:colcon.colcon_core.shell:Creating package script '/home/ubuntu/psd_ws/install/ros_components_description/share/ros_components_description/package.zsh'
[1.617s] Level 1:colcon.colcon_core.environment:create_file_with_runtime_dependencies(/home/ubuntu/psd_ws/install/ros_components_description/share/colcon-core/packages/ros_components_description)
[2.092s] DEBUG:colcon.colcon_core.event_handler.log_command:Invoked command in '/home/ubuntu/psd_ws/build/psd_gazebo_worlds' returned '0': CMAKE_PREFIX_PATH=${CMAKE_PREFIX_PATH}:/opt/ros/jazzy /usr/bin/cmake /home/ubuntu/psd_ws/src/psd_gazebo_worlds -DCMAKE_INSTALL_PREFIX=/home/ubuntu/psd_ws/install/psd_gazebo_worlds
[2.092s] DEBUG:colcon.colcon_core.event_handler.log_command:Invoking command in '/home/ubuntu/psd_ws/build/psd_gazebo_worlds': CMAKE_PREFIX_PATH=${CMAKE_PREFIX_PATH}:/opt/ros/jazzy /usr/bin/cmake --build /home/ubuntu/psd_ws/build/psd_gazebo_worlds -- -j20 -l20
[2.117s] DEBUG:colcon.colcon_core.event_handler.log_command:Invoked command in '/home/ubuntu/psd_ws/build/psd_gazebo_worlds' returned '0': CMAKE_PREFIX_PATH=${CMAKE_PREFIX_PATH}:/opt/ros/jazzy /usr/bin/cmake --build /home/ubuntu/psd_ws/build/psd_gazebo_worlds -- -j20 -l20
[2.132s] DEBUG:colcon.colcon_core.event_handler.log_command:Invoking command in '/home/ubuntu/psd_ws/build/psd_gazebo_worlds': CMAKE_PREFIX_PATH=${CMAKE_PREFIX_PATH}:/opt/ros/jazzy /usr/bin/cmake --install /home/ubuntu/psd_ws/build/psd_gazebo_worlds
[2.140s] DEBUG:colcon.colcon_core.event_handler.log_command:Invoked command in '/home/ubuntu/psd_ws/build/psd_gazebo_worlds' returned '1': CMAKE_PREFIX_PATH=${CMAKE_PREFIX_PATH}:/opt/ros/jazzy /usr/bin/cmake --install /home/ubuntu/psd_ws/build/psd_gazebo_worlds
[2.156s] Level 1:colcon.colcon_core.environment:create_environment_scripts_only(psd_gazebo_worlds)
[2.156s] Level 1:colcon.colcon_core.environment:checking '/home/ubuntu/psd_ws/install/psd_gazebo_worlds' for CMake module files
[2.156s] Level 1:colcon.colcon_core.environment:checking '/home/ubuntu/psd_ws/install/psd_gazebo_worlds' for CMake config files
[2.157s] Level 1:colcon.colcon_core.environment:checking '/home/ubuntu/psd_ws/install/psd_gazebo_worlds/bin'
[2.157s] Level 1:colcon.colcon_core.environment:checking '/home/ubuntu/psd_ws/install/psd_gazebo_worlds/lib/pkgconfig/psd_gazebo_worlds.pc'
[2.157s] Level 1:colcon.colcon_core.environment:checking '/home/ubuntu/psd_ws/install/psd_gazebo_worlds/lib/python3.12/site-packages'
[2.157s] Level 1:colcon.colcon_core.environment:checking '/home/ubuntu/psd_ws/install/psd_gazebo_worlds/bin'
[2.157s] INFO:colcon.colcon_core.shell:Creating package script '/home/ubuntu/psd_ws/install/psd_gazebo_worlds/share/psd_gazebo_worlds/package.ps1'
[2.158s] INFO:colcon.colcon_core.shell:Creating package descriptor '/home/ubuntu/psd_ws/install/psd_gazebo_worlds/share/psd_gazebo_worlds/package.dsv'
[2.159s] INFO:colcon.colcon_core.shell:Creating package script '/home/ubuntu/psd_ws/install/psd_gazebo_worlds/share/psd_gazebo_worlds/package.sh'
[2.159s] INFO:colcon.colcon_core.shell:Creating package script '/home/ubuntu/psd_ws/install/psd_gazebo_worlds/share/psd_gazebo_worlds/package.bash'
[2.159s] INFO:colcon.colcon_core.shell:Creating package script '/home/ubuntu/psd_ws/install/psd_gazebo_worlds/share/psd_gazebo_worlds/package.zsh'
[2.159s] Level 1:colcon.colcon_core.environment:create_file_with_runtime_dependencies(/home/ubuntu/psd_ws/install/psd_gazebo_worlds/share/colcon-core/packages/psd_gazebo_worlds)
[2.171s] DEBUG:colcon.colcon_parallel_executor.executor.parallel:closing loop
[2.171s] DEBUG:colcon.colcon_parallel_executor.executor.parallel:loop closed
[2.171s] DEBUG:colcon.colcon_parallel_executor.executor.parallel:run_until_complete finished with '1'
[2.171s] DEBUG:colcon.colcon_core.event_reactor:joining thread
[2.181s] INFO:colcon.colcon_core.plugin_system:Skipping extension 'colcon_notification.desktop_notification.notify_send': Could not find 'notify-send'
[2.181s] INFO:colcon.colcon_core.plugin_system:Skipping extension 'colcon_notification.desktop_notification.terminal_notifier': Not used on non-Darwin systems
[2.181s] INFO:colcon.colcon_core.plugin_system:Skipping extension 'colcon_notification.desktop_notification.win32': Not used on non-Windows systems
[2.181s] INFO:colcon.colcon_notification.desktop_notification:Sending desktop notification using 'notify2'
[2.183s] DEBUG:colcon.colcon_notification.desktop_notification.notify2:Failed to initialize notify2: org.freedesktop.DBus.Error.Spawn.ExecFailed: /usr/bin/dbus-launch terminated abnormally without any error message
[2.183s] DEBUG:colcon.colcon_core.event_reactor:joined thread
[2.183s] INFO:colcon.colcon_core.shell:Creating prefix script '/home/ubuntu/psd_ws/install/local_setup.ps1'
[2.184s] INFO:colcon.colcon_core.shell:Creating prefix util module '/home/ubuntu/psd_ws/install/_local_setup_util_ps1.py'
[2.185s] INFO:colcon.colcon_core.shell:Creating prefix chain script '/home/ubuntu/psd_ws/install/setup.ps1'
[2.185s] INFO:colcon.colcon_core.shell:Creating prefix script '/home/ubuntu/psd_ws/install/local_setup.sh'
[2.186s] INFO:colcon.colcon_core.shell:Creating prefix util module '/home/ubuntu/psd_ws/install/_local_setup_util_sh.py'
[2.186s] INFO:colcon.colcon_core.shell:Creating prefix chain script '/home/ubuntu/psd_ws/install/setup.sh'
[2.187s] INFO:colcon.colcon_core.shell:Creating prefix script '/home/ubuntu/psd_ws/install/local_setup.bash'
[2.188s] INFO:colcon.colcon_core.shell:Creating prefix chain script '/home/ubuntu/psd_ws/install/setup.bash'
[2.189s] INFO:colcon.colcon_core.shell:Creating prefix script '/home/ubuntu/psd_ws/install/local_setup.zsh'
[2.189s] INFO:colcon.colcon_core.shell:Creating prefix chain script '/home/ubuntu/psd_ws/install/setup.zsh'
