[0.160s] Invoking command in '/home/psd/psd_ws/build/gazebo_ros2_control': AMENT_PREFIX_PATH=/home/psd/psd_ws/install/controller_manager:/home/psd/psd_ws/install/controller_interface:/home/psd/psd_ws/install/hardware_interface:/home/psd/psd_ws/install/ros2_control_test_assets:/home/psd/psd_ws/install/realtime_tools:/home/psd/psd_ws/install/controller_manager_msgs:/home/psd/psd_ws/install/control_msgs:${AMENT_PREFIX_PATH} CMAKE_PREFIX_PATH=/home/psd/psd_ws/install/controller_manager:/home/psd/psd_ws/install/controller_interface:/home/psd/psd_ws/install/hardware_interface:/home/psd/psd_ws/install/ros2_control_test_assets:/home/psd/psd_ws/install/realtime_tools:/home/psd/psd_ws/install/controller_manager_msgs:/home/psd/psd_ws/install/control_msgs:/opt/ros/humble LD_LIBRARY_PATH=/home/psd/psd_ws/install/controller_manager/lib:/home/psd/psd_ws/install/controller_interface/lib:/home/psd/psd_ws/install/hardware_interface/lib:/home/psd/psd_ws/install/realtime_tools/lib:/home/psd/psd_ws/install/controller_manager_msgs/lib:/home/psd/psd_ws/install/control_msgs/lib:${LD_LIBRARY_PATH} PYTHONPATH=/home/psd/psd_ws/install/controller_manager/local/lib/python3.10/dist-packages:/home/psd/psd_ws/install/controller_manager_msgs/local/lib/python3.10/dist-packages:/home/psd/psd_ws/install/control_msgs/local/lib/python3.10/dist-packages:${PYTHONPATH} /usr/bin/cmake /home/psd/psd_ws/src/ros-controls/gazebo_ros2_control/gazebo_ros2_control -DAMENT_CMAKE_SYMLINK_INSTALL=1 -DCMAKE_INSTALL_PREFIX=/home/psd/psd_ws/install/gazebo_ros2_control
[0.173s] -- Found ament_cmake: 1.3.8 (/opt/ros/humble/share/ament_cmake/cmake)
[0.252s] -- Override CMake install command with custom implementation using symlinks instead of copying resources
[0.260s] -- Found angles: 1.15.0 (/opt/ros/humble/share/angles/cmake)
[0.261s] -- Found controller_manager: 2.40.0 (/home/psd/psd_ws/install/controller_manager/share/controller_manager/cmake)
[0.295s] -- Found rosidl_generator_c: 3.1.5 (/opt/ros/humble/share/rosidl_generator_c/cmake)
[0.298s] -- Found rosidl_adapter: 3.1.5 (/opt/ros/humble/share/rosidl_adapter/cmake)
[0.304s] -- Found rosidl_generator_cpp: 3.1.5 (/opt/ros/humble/share/rosidl_generator_cpp/cmake)
[0.316s] -- Using all available rosidl_typesupport_c: rosidl_typesupport_fastrtps_c;rosidl_typesupport_introspection_c
[0.332s] -- Using all available rosidl_typesupport_cpp: rosidl_typesupport_fastrtps_cpp;rosidl_typesupport_introspection_cpp
[1.047s] -- Found rmw_implementation_cmake: 6.1.1 (/opt/ros/humble/share/rmw_implementation_cmake/cmake)
[1.049s] -- Found rmw_fastrtps_cpp: 6.2.6 (/opt/ros/humble/share/rmw_fastrtps_cpp/cmake)
[1.082s] -- Found TinyXML2 via Config file: TinyXML2_DIR-NOTFOUND
[1.090s] -- Found TinyXML2 via Config file: TinyXML2_DIR-NOTFOUND
[1.114s] -- Found TinyXML2 via Config file: TinyXML2_DIR-NOTFOUND
[1.122s] -- Found TinyXML2 via Config file: TinyXML2_DIR-NOTFOUND
[1.131s] -- Using RMW implementation 'rmw_fastrtps_cpp' as default
[1.838s] -- Found gazebo_dev: 3.7.0 (/opt/ros/humble/share/gazebo_dev/cmake)
[1.874s] -- Found DART: /usr/include (Required is at least version "6.6") found components: dart 
[1.904s] -- Found Protobuf: /usr/lib/x86_64-linux-gnu/libprotobuf.so (found version "3.12.4") 
[1.906s] -- Looking for ignition-math6 -- found version 6.15.1
[1.911s] -- Searching for dependencies of ignition-math6
[1.913s] -- Looking for OGRE...
[1.919s] -- Found Ogre Ghadamon (1.9.0)
[1.919s] -- Found OGRE: optimized;/usr/lib/x86_64-linux-gnu/libOgreMain.so;debug;/usr/lib/x86_64-linux-gnu/libOgreMain.so
[1.929s] -- Looking for OGRE_Paging...
[1.930s] -- Found OGRE_Paging: optimized;/usr/lib/x86_64-linux-gnu/libOgrePaging.so;debug;/usr/lib/x86_64-linux-gnu/libOgrePaging.so
[1.930s] -- Looking for OGRE_Terrain...
[1.930s] -- Found OGRE_Terrain: optimized;/usr/lib/x86_64-linux-gnu/libOgreTerrain.so;debug;/usr/lib/x86_64-linux-gnu/libOgreTerrain.so
[1.930s] -- Looking for OGRE_Property...
[1.930s] -- Found OGRE_Property: optimized;/usr/lib/x86_64-linux-gnu/libOgreProperty.so;debug;/usr/lib/x86_64-linux-gnu/libOgreProperty.so
[1.930s] -- Looking for OGRE_RTShaderSystem...
[1.930s] -- Found OGRE_RTShaderSystem: optimized;/usr/lib/x86_64-linux-gnu/libOgreRTShaderSystem.so;debug;/usr/lib/x86_64-linux-gnu/libOgreRTShaderSystem.so
[1.930s] -- Looking for OGRE_Volume...
[1.930s] -- Found OGRE_Volume: optimized;/usr/lib/x86_64-linux-gnu/libOgreVolume.so;debug;/usr/lib/x86_64-linux-gnu/libOgreVolume.so
[1.930s] -- Looking for OGRE_Overlay...
[1.930s] -- Found OGRE_Overlay: optimized;/usr/lib/x86_64-linux-gnu/libOgreOverlay.so;debug;/usr/lib/x86_64-linux-gnu/libOgreOverlay.so
[2.037s] -- Looking for ignition-math6 -- found version 6.15.1
[2.038s] -- Looking for ignition-transport8 -- found version 8.2.1
[2.039s] -- Searching for dependencies of ignition-transport8
[2.064s] -- Found Protobuf: /usr/lib/x86_64-linux-gnu/libprotobuf.so (found suitable version "3.12.4", minimum required is "3") 
[2.082s] -- Config-file not installed for ZeroMQ -- checking for pkg-config
[2.090s] -- Checking for module 'libzmq >= 4'
[2.102s] --   Found libzmq , version 4.3.4
[2.144s] -- Checking for module 'uuid'
[2.157s] --   Found uuid, version 2.37.2
[2.190s] -- Looking for ignition-msgs5 -- found version 5.8.1
[2.191s] -- Searching for dependencies of ignition-msgs5
[2.220s] -- Looking for ignition-math6 -- found version 6.15.1
[2.230s] -- Looking for ignition-msgs5 -- found version 5.8.1
[2.231s] -- Looking for ignition-common3 -- found version 3.14.0
[2.231s] -- Searching for dependencies of ignition-common3
[2.231s] -- Looking for dlfcn.h - found
[2.231s] -- Looking for libdl - found
[2.244s] -- Searching for <ignition-common3> component [graphics]
[2.245s] -- Looking for ignition-common3-graphics -- found version 3.14.0
[2.246s] -- Searching for dependencies of ignition-common3-graphics
[2.246s] -- Looking for ignition-math6 -- found version 6.15.1
[2.248s] -- Looking for ignition-fuel_tools4 -- found version 4.4.0
[2.248s] -- Searching for dependencies of ignition-fuel_tools4
[2.298s] -- Checking for module 'jsoncpp'
[2.313s] --   Found jsoncpp, version 1.9.5
[2.357s] -- Checking for module 'libzip'
[2.376s] --   Found libzip, version 1.7.3
[2.415s] -- Looking for ignition-common3 -- found version 3.14.0
[2.415s] -- Looking for ignition-math6 -- found version 6.15.1
[2.416s] -- Looking for ignition-msgs5 -- found version 5.8.1
[2.418s] -- Gazebo version: 11.10
[2.421s] -- Found gazebo_ros: 3.7.0 (/opt/ros/humble/share/gazebo_ros/cmake)
[2.433s] -- Found yaml_cpp_vendor: 8.0.2 (/opt/ros/humble/share/yaml_cpp_vendor/cmake)
[3.211s] -- Found ament_cmake_gtest: 1.3.8 (/opt/ros/humble/share/ament_cmake_gtest/cmake)
[3.212s] -- Found ament_lint_auto: 0.12.10 (/opt/ros/humble/share/ament_lint_auto/cmake)
[3.308s] -- Added test 'copyright' to check source files copyright and LICENSE
[3.310s] -- Added test 'cppcheck' to perform static code analysis on C / C++ code
[3.311s] -- Configured cppcheck include dirs: /home/psd/psd_ws/src/ros-controls/gazebo_ros2_control/gazebo_ros2_control/include
[3.311s] -- Configured cppcheck exclude dirs and/or files: 
[3.313s] -- Added test 'cpplint' to check C / C++ code against the Google style
[3.314s] -- Configured cpplint exclude dirs and/or files: 
[3.315s] -- Added test 'lint_cmake' to check CMake code style
[3.317s] -- Added test 'uncrustify' to check C / C++ code style
[3.318s] -- Configured uncrustify additional arguments: 
[3.318s] -- Added test 'xmllint' to check XML markup files
[3.325s] -- Configuring done
[3.435s] -- Generating done
[3.438s] -- Build files have been written to: /home/psd/psd_ws/build/gazebo_ros2_control
[3.466s] Invoked command in '/home/psd/psd_ws/build/gazebo_ros2_control' returned '0': AMENT_PREFIX_PATH=/home/psd/psd_ws/install/controller_manager:/home/psd/psd_ws/install/controller_interface:/home/psd/psd_ws/install/hardware_interface:/home/psd/psd_ws/install/ros2_control_test_assets:/home/psd/psd_ws/install/realtime_tools:/home/psd/psd_ws/install/controller_manager_msgs:/home/psd/psd_ws/install/control_msgs:${AMENT_PREFIX_PATH} CMAKE_PREFIX_PATH=/home/psd/psd_ws/install/controller_manager:/home/psd/psd_ws/install/controller_interface:/home/psd/psd_ws/install/hardware_interface:/home/psd/psd_ws/install/ros2_control_test_assets:/home/psd/psd_ws/install/realtime_tools:/home/psd/psd_ws/install/controller_manager_msgs:/home/psd/psd_ws/install/control_msgs:/opt/ros/humble LD_LIBRARY_PATH=/home/psd/psd_ws/install/controller_manager/lib:/home/psd/psd_ws/install/controller_interface/lib:/home/psd/psd_ws/install/hardware_interface/lib:/home/psd/psd_ws/install/realtime_tools/lib:/home/psd/psd_ws/install/controller_manager_msgs/lib:/home/psd/psd_ws/install/control_msgs/lib:${LD_LIBRARY_PATH} PYTHONPATH=/home/psd/psd_ws/install/controller_manager/local/lib/python3.10/dist-packages:/home/psd/psd_ws/install/controller_manager_msgs/local/lib/python3.10/dist-packages:/home/psd/psd_ws/install/control_msgs/local/lib/python3.10/dist-packages:${PYTHONPATH} /usr/bin/cmake /home/psd/psd_ws/src/ros-controls/gazebo_ros2_control/gazebo_ros2_control -DAMENT_CMAKE_SYMLINK_INSTALL=1 -DCMAKE_INSTALL_PREFIX=/home/psd/psd_ws/install/gazebo_ros2_control
[3.473s] Invoking command in '/home/psd/psd_ws/build/gazebo_ros2_control': AMENT_PREFIX_PATH=/home/psd/psd_ws/install/controller_manager:/home/psd/psd_ws/install/controller_interface:/home/psd/psd_ws/install/hardware_interface:/home/psd/psd_ws/install/ros2_control_test_assets:/home/psd/psd_ws/install/realtime_tools:/home/psd/psd_ws/install/controller_manager_msgs:/home/psd/psd_ws/install/control_msgs:${AMENT_PREFIX_PATH} CMAKE_PREFIX_PATH=/home/psd/psd_ws/install/controller_manager:/home/psd/psd_ws/install/controller_interface:/home/psd/psd_ws/install/hardware_interface:/home/psd/psd_ws/install/ros2_control_test_assets:/home/psd/psd_ws/install/realtime_tools:/home/psd/psd_ws/install/controller_manager_msgs:/home/psd/psd_ws/install/control_msgs:/opt/ros/humble LD_LIBRARY_PATH=/home/psd/psd_ws/install/controller_manager/lib:/home/psd/psd_ws/install/controller_interface/lib:/home/psd/psd_ws/install/hardware_interface/lib:/home/psd/psd_ws/install/realtime_tools/lib:/home/psd/psd_ws/install/controller_manager_msgs/lib:/home/psd/psd_ws/install/control_msgs/lib:${LD_LIBRARY_PATH} PYTHONPATH=/home/psd/psd_ws/install/controller_manager/local/lib/python3.10/dist-packages:/home/psd/psd_ws/install/controller_manager_msgs/local/lib/python3.10/dist-packages:/home/psd/psd_ws/install/control_msgs/local/lib/python3.10/dist-packages:${PYTHONPATH} /usr/bin/cmake --build /home/psd/psd_ws/build/gazebo_ros2_control -- -j20 -l20
[3.590s] [35m[1mConsolidate compiler generated dependencies of target gazebo_ros2_control[0m
[3.622s] [35m[1mConsolidate compiler generated dependencies of target gazebo_hardware_plugins[0m
[3.748s] [ 25%] [32m[1mLinking CXX shared library libgazebo_hardware_plugins.so[0m
[3.750s] [ 50%] [32mBuilding CXX object CMakeFiles/gazebo_ros2_control.dir/src/gazebo_ros2_control_plugin.cpp.o[0m
[4.914s] [ 75%] Built target gazebo_hardware_plugins
[20.904s] [100%] [32m[1mLinking CXX shared library libgazebo_ros2_control.so[0m
[22.268s] [100%] Built target gazebo_ros2_control
[22.278s] Invoked command in '/home/psd/psd_ws/build/gazebo_ros2_control' returned '0': AMENT_PREFIX_PATH=/home/psd/psd_ws/install/controller_manager:/home/psd/psd_ws/install/controller_interface:/home/psd/psd_ws/install/hardware_interface:/home/psd/psd_ws/install/ros2_control_test_assets:/home/psd/psd_ws/install/realtime_tools:/home/psd/psd_ws/install/controller_manager_msgs:/home/psd/psd_ws/install/control_msgs:${AMENT_PREFIX_PATH} CMAKE_PREFIX_PATH=/home/psd/psd_ws/install/controller_manager:/home/psd/psd_ws/install/controller_interface:/home/psd/psd_ws/install/hardware_interface:/home/psd/psd_ws/install/ros2_control_test_assets:/home/psd/psd_ws/install/realtime_tools:/home/psd/psd_ws/install/controller_manager_msgs:/home/psd/psd_ws/install/control_msgs:/opt/ros/humble LD_LIBRARY_PATH=/home/psd/psd_ws/install/controller_manager/lib:/home/psd/psd_ws/install/controller_interface/lib:/home/psd/psd_ws/install/hardware_interface/lib:/home/psd/psd_ws/install/realtime_tools/lib:/home/psd/psd_ws/install/controller_manager_msgs/lib:/home/psd/psd_ws/install/control_msgs/lib:${LD_LIBRARY_PATH} PYTHONPATH=/home/psd/psd_ws/install/controller_manager/local/lib/python3.10/dist-packages:/home/psd/psd_ws/install/controller_manager_msgs/local/lib/python3.10/dist-packages:/home/psd/psd_ws/install/control_msgs/local/lib/python3.10/dist-packages:${PYTHONPATH} /usr/bin/cmake --build /home/psd/psd_ws/build/gazebo_ros2_control -- -j20 -l20
[22.293s] Invoking command in '/home/psd/psd_ws/build/gazebo_ros2_control': AMENT_PREFIX_PATH=/home/psd/psd_ws/install/controller_manager:/home/psd/psd_ws/install/controller_interface:/home/psd/psd_ws/install/hardware_interface:/home/psd/psd_ws/install/ros2_control_test_assets:/home/psd/psd_ws/install/realtime_tools:/home/psd/psd_ws/install/controller_manager_msgs:/home/psd/psd_ws/install/control_msgs:${AMENT_PREFIX_PATH} CMAKE_PREFIX_PATH=/home/psd/psd_ws/install/controller_manager:/home/psd/psd_ws/install/controller_interface:/home/psd/psd_ws/install/hardware_interface:/home/psd/psd_ws/install/ros2_control_test_assets:/home/psd/psd_ws/install/realtime_tools:/home/psd/psd_ws/install/controller_manager_msgs:/home/psd/psd_ws/install/control_msgs:/opt/ros/humble LD_LIBRARY_PATH=/home/psd/psd_ws/install/controller_manager/lib:/home/psd/psd_ws/install/controller_interface/lib:/home/psd/psd_ws/install/hardware_interface/lib:/home/psd/psd_ws/install/realtime_tools/lib:/home/psd/psd_ws/install/controller_manager_msgs/lib:/home/psd/psd_ws/install/control_msgs/lib:${LD_LIBRARY_PATH} PYTHONPATH=/home/psd/psd_ws/install/controller_manager/local/lib/python3.10/dist-packages:/home/psd/psd_ws/install/controller_manager_msgs/local/lib/python3.10/dist-packages:/home/psd/psd_ws/install/control_msgs/local/lib/python3.10/dist-packages:${PYTHONPATH} /usr/bin/cmake --install /home/psd/psd_ws/build/gazebo_ros2_control
[22.298s] -- Install configuration: ""
[22.298s] -- Execute custom install script
[22.298s] -- Up-to-date symlink: /home/psd/psd_ws/install/gazebo_ros2_control/lib/libgazebo_ros2_control.so
[22.298s] -- Up-to-date symlink: /home/psd/psd_ws/install/gazebo_ros2_control/lib/libgazebo_hardware_plugins.so
[22.298s] -- Up-to-date symlink: /home/psd/psd_ws/install/gazebo_ros2_control/share/gazebo_ros2_control/environment/library_path.sh
[22.299s] -- Up-to-date symlink: /home/psd/psd_ws/install/gazebo_ros2_control/share/gazebo_ros2_control/environment/library_path.dsv
[22.299s] -- Up-to-date symlink: /home/psd/psd_ws/install/gazebo_ros2_control/include/gazebo_ros2_control/gazebo_ros2_control_plugin.hpp
[22.299s] -- Up-to-date symlink: /home/psd/psd_ws/install/gazebo_ros2_control/include/gazebo_ros2_control/gazebo_system.hpp
[22.299s] -- Up-to-date symlink: /home/psd/psd_ws/install/gazebo_ros2_control/include/gazebo_ros2_control/gazebo_system_interface.hpp
[22.299s] -- Up-to-date symlink: /home/psd/psd_ws/install/gazebo_ros2_control/share/gazebo_ros2_control//gazebo_hardware_plugins.xml
[22.299s] -- Up-to-date symlink: /home/psd/psd_ws/install/gazebo_ros2_control/share/ament_index/resource_index/package_run_dependencies/gazebo_ros2_control
[22.299s] -- Up-to-date symlink: /home/psd/psd_ws/install/gazebo_ros2_control/share/ament_index/resource_index/parent_prefix_path/gazebo_ros2_control
[22.299s] -- Up-to-date symlink: /home/psd/psd_ws/install/gazebo_ros2_control/share/gazebo_ros2_control/environment/ament_prefix_path.sh
[22.299s] -- Up-to-date symlink: /home/psd/psd_ws/install/gazebo_ros2_control/share/gazebo_ros2_control/environment/ament_prefix_path.dsv
[22.299s] -- Up-to-date symlink: /home/psd/psd_ws/install/gazebo_ros2_control/share/gazebo_ros2_control/environment/path.sh
[22.300s] -- Up-to-date symlink: /home/psd/psd_ws/install/gazebo_ros2_control/share/gazebo_ros2_control/environment/path.dsv
[22.300s] -- Up-to-date symlink: /home/psd/psd_ws/install/gazebo_ros2_control/share/gazebo_ros2_control/local_setup.bash
[22.300s] -- Up-to-date symlink: /home/psd/psd_ws/install/gazebo_ros2_control/share/gazebo_ros2_control/local_setup.sh
[22.300s] -- Up-to-date symlink: /home/psd/psd_ws/install/gazebo_ros2_control/share/gazebo_ros2_control/local_setup.zsh
[22.300s] -- Up-to-date symlink: /home/psd/psd_ws/install/gazebo_ros2_control/share/gazebo_ros2_control/local_setup.dsv
[22.300s] -- Symlinking: /home/psd/psd_ws/install/gazebo_ros2_control/share/gazebo_ros2_control/package.dsv
[22.305s] -- Up-to-date symlink: /home/psd/psd_ws/install/gazebo_ros2_control/share/ament_index/resource_index/packages/gazebo_ros2_control
[22.306s] -- Up-to-date symlink: /home/psd/psd_ws/install/gazebo_ros2_control/share/ament_index/resource_index/gazebo_ros2_control__pluginlib__plugin/gazebo_ros2_control
[22.306s] -- Up-to-date symlink: /home/psd/psd_ws/install/gazebo_ros2_control/share/gazebo_ros2_control/cmake/ament_cmake_export_include_directories-extras.cmake
[22.306s] -- Up-to-date symlink: /home/psd/psd_ws/install/gazebo_ros2_control/share/gazebo_ros2_control/cmake/ament_cmake_export_dependencies-extras.cmake
[22.306s] -- Up-to-date symlink: /home/psd/psd_ws/install/gazebo_ros2_control/share/gazebo_ros2_control/cmake/ament_cmake_export_libraries-extras.cmake
[22.306s] -- Up-to-date symlink: /home/psd/psd_ws/install/gazebo_ros2_control/share/gazebo_ros2_control/cmake/gazebo_ros2_controlConfig.cmake
[22.306s] -- Up-to-date symlink: /home/psd/psd_ws/install/gazebo_ros2_control/share/gazebo_ros2_control/cmake/gazebo_ros2_controlConfig-version.cmake
[22.306s] -- Up-to-date symlink: /home/psd/psd_ws/install/gazebo_ros2_control/share/gazebo_ros2_control/package.xml
[22.307s] Invoked command in '/home/psd/psd_ws/build/gazebo_ros2_control' returned '0': AMENT_PREFIX_PATH=/home/psd/psd_ws/install/controller_manager:/home/psd/psd_ws/install/controller_interface:/home/psd/psd_ws/install/hardware_interface:/home/psd/psd_ws/install/ros2_control_test_assets:/home/psd/psd_ws/install/realtime_tools:/home/psd/psd_ws/install/controller_manager_msgs:/home/psd/psd_ws/install/control_msgs:${AMENT_PREFIX_PATH} CMAKE_PREFIX_PATH=/home/psd/psd_ws/install/controller_manager:/home/psd/psd_ws/install/controller_interface:/home/psd/psd_ws/install/hardware_interface:/home/psd/psd_ws/install/ros2_control_test_assets:/home/psd/psd_ws/install/realtime_tools:/home/psd/psd_ws/install/controller_manager_msgs:/home/psd/psd_ws/install/control_msgs:/opt/ros/humble LD_LIBRARY_PATH=/home/psd/psd_ws/install/controller_manager/lib:/home/psd/psd_ws/install/controller_interface/lib:/home/psd/psd_ws/install/hardware_interface/lib:/home/psd/psd_ws/install/realtime_tools/lib:/home/psd/psd_ws/install/controller_manager_msgs/lib:/home/psd/psd_ws/install/control_msgs/lib:${LD_LIBRARY_PATH} PYTHONPATH=/home/psd/psd_ws/install/controller_manager/local/lib/python3.10/dist-packages:/home/psd/psd_ws/install/controller_manager_msgs/local/lib/python3.10/dist-packages:/home/psd/psd_ws/install/control_msgs/local/lib/python3.10/dist-packages:${PYTHONPATH} /usr/bin/cmake --install /home/psd/psd_ws/build/gazebo_ros2_control
