[ 14%] Built target gmock_main
[ 35%] Built target gmock
[ 71%] Built target tricycle_controller
[ 85%] Built target test_load_tricycle_controller
[100%] Built target test_tricycle_controller
-- Install configuration: ""
-- Execute custom install script
-- Up-to-date symlink: /home/psd/psd_ws/install/tricycle_controller/share/tricycle_controller//tricycle_controller.xml
-- Up-to-date symlink: /home/psd/psd_ws/install/tricycle_controller/include/tricycle_controller/tricycle_controller/odometry.hpp
-- Up-to-date symlink: /home/psd/psd_ws/install/tricycle_controller/include/tricycle_controller/tricycle_controller/steering_limiter.hpp
-- Up-to-date symlink: /home/psd/psd_ws/install/tricycle_controller/include/tricycle_controller/tricycle_controller/traction_limiter.hpp
-- Up-to-date symlink: /home/psd/psd_ws/install/tricycle_controller/include/tricycle_controller/tricycle_controller/tricycle_controller.hpp
-- Up-to-date symlink: /home/psd/psd_ws/install/tricycle_controller/include/tricycle_controller/tricycle_controller/visibility_control.h
-- Up-to-date symlink: /home/psd/psd_ws/install/tricycle_controller/share/tricycle_controller/environment/library_path.sh
-- Up-to-date symlink: /home/psd/psd_ws/install/tricycle_controller/share/tricycle_controller/environment/library_path.dsv
-- Up-to-date symlink: /home/psd/psd_ws/install/tricycle_controller/share/ament_index/resource_index/package_run_dependencies/tricycle_controller
-- Up-to-date symlink: /home/psd/psd_ws/install/tricycle_controller/share/ament_index/resource_index/parent_prefix_path/tricycle_controller
-- Up-to-date symlink: /home/psd/psd_ws/install/tricycle_controller/share/tricycle_controller/environment/ament_prefix_path.sh
-- Up-to-date symlink: /home/psd/psd_ws/install/tricycle_controller/share/tricycle_controller/environment/ament_prefix_path.dsv
-- Up-to-date symlink: /home/psd/psd_ws/install/tricycle_controller/share/tricycle_controller/environment/path.sh
-- Up-to-date symlink: /home/psd/psd_ws/install/tricycle_controller/share/tricycle_controller/environment/path.dsv
-- Up-to-date symlink: /home/psd/psd_ws/install/tricycle_controller/share/tricycle_controller/local_setup.bash
-- Up-to-date symlink: /home/psd/psd_ws/install/tricycle_controller/share/tricycle_controller/local_setup.sh
-- Up-to-date symlink: /home/psd/psd_ws/install/tricycle_controller/share/tricycle_controller/local_setup.zsh
-- Up-to-date symlink: /home/psd/psd_ws/install/tricycle_controller/share/tricycle_controller/local_setup.dsv
-- Symlinking: /home/psd/psd_ws/install/tricycle_controller/share/tricycle_controller/package.dsv
-- Up-to-date symlink: /home/psd/psd_ws/install/tricycle_controller/share/ament_index/resource_index/packages/tricycle_controller
-- Up-to-date symlink: /home/psd/psd_ws/install/tricycle_controller/share/ament_index/resource_index/controller_interface__pluginlib__plugin/tricycle_controller
-- Up-to-date symlink: /home/psd/psd_ws/install/tricycle_controller/share/tricycle_controller/cmake/ament_cmake_export_targets-extras.cmake
-- Up-to-date symlink: /home/psd/psd_ws/install/tricycle_controller/share/tricycle_controller/cmake/ament_cmake_export_dependencies-extras.cmake
-- Up-to-date symlink: /home/psd/psd_ws/install/tricycle_controller/share/tricycle_controller/cmake/tricycle_controllerConfig.cmake
-- Up-to-date symlink: /home/psd/psd_ws/install/tricycle_controller/share/tricycle_controller/cmake/tricycle_controllerConfig-version.cmake
-- Up-to-date symlink: /home/psd/psd_ws/install/tricycle_controller/share/tricycle_controller/package.xml
-- Up-to-date: /home/psd/psd_ws/install/tricycle_controller/lib/libtricycle_controller.so
-- Up-to-date: /home/psd/psd_ws/install/tricycle_controller/share/tricycle_controller/cmake/export_tricycle_controllerExport.cmake
-- Up-to-date: /home/psd/psd_ws/install/tricycle_controller/share/tricycle_controller/cmake/export_tricycle_controllerExport-noconfig.cmake
