[0.040s] Invoking command in '/home/psd/psd_ws/build/bicycle_steering_controller': AMENT_PREFIX_PATH=/home/psd/psd_ws/install/steering_controllers_library:/home/psd/psd_ws/install/controller_manager:/home/psd/psd_ws/install/hardware_interface_testing:/home/psd/psd_ws/install/controller_interface:/home/psd/psd_ws/install/hardware_interface:/home/psd/psd_ws/install/ros2_control_test_assets:/home/psd/psd_ws/install/realtime_tools:/home/psd/psd_ws/install/controller_manager_msgs:/home/psd/psd_ws/install/control_msgs:${AMENT_PREFIX_PATH} CMAKE_PREFIX_PATH=/home/psd/psd_ws/install/steering_controllers_library:/home/psd/psd_ws/install/controller_manager:/home/psd/psd_ws/install/hardware_interface_testing:/home/psd/psd_ws/install/controller_interface:/home/psd/psd_ws/install/hardware_interface:/home/psd/psd_ws/install/ros2_control_test_assets:/home/psd/psd_ws/install/realtime_tools:/home/psd/psd_ws/install/controller_manager_msgs:/home/psd/psd_ws/install/control_msgs:/opt/ros/humble LD_LIBRARY_PATH=/home/psd/psd_ws/install/steering_controllers_library/lib:/home/psd/psd_ws/install/controller_manager/lib:/home/psd/psd_ws/install/hardware_interface_testing/lib:/home/psd/psd_ws/install/controller_interface/lib:/home/psd/psd_ws/install/hardware_interface/lib:/home/psd/psd_ws/install/realtime_tools/lib:/home/psd/psd_ws/install/controller_manager_msgs/lib:/home/psd/psd_ws/install/control_msgs/lib:${LD_LIBRARY_PATH} PYTHONPATH=/home/psd/psd_ws/install/controller_manager/local/lib/python3.10/dist-packages:/home/psd/psd_ws/install/controller_manager_msgs/local/lib/python3.10/dist-packages:/home/psd/psd_ws/install/control_msgs/local/lib/python3.10/dist-packages:${PYTHONPATH} /usr/bin/cmake --build /home/psd/psd_ws/build/bicycle_steering_controller -- -j20 -l20
[0.088s] [  8%] Built target bicycle_steering_controller_parameters
[0.094s] [ 33%] Built target gmock
[0.112s] [ 50%] Built target bicycle_steering_controller
[0.127s] [ 66%] Built target test_load_bicycle_steering_controller
[0.137s] [ 83%] Built target test_bicycle_steering_controller
[0.141s] [100%] Built target test_bicycle_steering_controller_preceeding
[0.150s] Invoked command in '/home/psd/psd_ws/build/bicycle_steering_controller' returned '0': AMENT_PREFIX_PATH=/home/psd/psd_ws/install/steering_controllers_library:/home/psd/psd_ws/install/controller_manager:/home/psd/psd_ws/install/hardware_interface_testing:/home/psd/psd_ws/install/controller_interface:/home/psd/psd_ws/install/hardware_interface:/home/psd/psd_ws/install/ros2_control_test_assets:/home/psd/psd_ws/install/realtime_tools:/home/psd/psd_ws/install/controller_manager_msgs:/home/psd/psd_ws/install/control_msgs:${AMENT_PREFIX_PATH} CMAKE_PREFIX_PATH=/home/psd/psd_ws/install/steering_controllers_library:/home/psd/psd_ws/install/controller_manager:/home/psd/psd_ws/install/hardware_interface_testing:/home/psd/psd_ws/install/controller_interface:/home/psd/psd_ws/install/hardware_interface:/home/psd/psd_ws/install/ros2_control_test_assets:/home/psd/psd_ws/install/realtime_tools:/home/psd/psd_ws/install/controller_manager_msgs:/home/psd/psd_ws/install/control_msgs:/opt/ros/humble LD_LIBRARY_PATH=/home/psd/psd_ws/install/steering_controllers_library/lib:/home/psd/psd_ws/install/controller_manager/lib:/home/psd/psd_ws/install/hardware_interface_testing/lib:/home/psd/psd_ws/install/controller_interface/lib:/home/psd/psd_ws/install/hardware_interface/lib:/home/psd/psd_ws/install/realtime_tools/lib:/home/psd/psd_ws/install/controller_manager_msgs/lib:/home/psd/psd_ws/install/control_msgs/lib:${LD_LIBRARY_PATH} PYTHONPATH=/home/psd/psd_ws/install/controller_manager/local/lib/python3.10/dist-packages:/home/psd/psd_ws/install/controller_manager_msgs/local/lib/python3.10/dist-packages:/home/psd/psd_ws/install/control_msgs/local/lib/python3.10/dist-packages:${PYTHONPATH} /usr/bin/cmake --build /home/psd/psd_ws/build/bicycle_steering_controller -- -j20 -l20
[0.175s] Invoking command in '/home/psd/psd_ws/build/bicycle_steering_controller': AMENT_PREFIX_PATH=/home/psd/psd_ws/install/steering_controllers_library:/home/psd/psd_ws/install/controller_manager:/home/psd/psd_ws/install/hardware_interface_testing:/home/psd/psd_ws/install/controller_interface:/home/psd/psd_ws/install/hardware_interface:/home/psd/psd_ws/install/ros2_control_test_assets:/home/psd/psd_ws/install/realtime_tools:/home/psd/psd_ws/install/controller_manager_msgs:/home/psd/psd_ws/install/control_msgs:${AMENT_PREFIX_PATH} CMAKE_PREFIX_PATH=/home/psd/psd_ws/install/steering_controllers_library:/home/psd/psd_ws/install/controller_manager:/home/psd/psd_ws/install/hardware_interface_testing:/home/psd/psd_ws/install/controller_interface:/home/psd/psd_ws/install/hardware_interface:/home/psd/psd_ws/install/ros2_control_test_assets:/home/psd/psd_ws/install/realtime_tools:/home/psd/psd_ws/install/controller_manager_msgs:/home/psd/psd_ws/install/control_msgs:/opt/ros/humble LD_LIBRARY_PATH=/home/psd/psd_ws/install/steering_controllers_library/lib:/home/psd/psd_ws/install/controller_manager/lib:/home/psd/psd_ws/install/hardware_interface_testing/lib:/home/psd/psd_ws/install/controller_interface/lib:/home/psd/psd_ws/install/hardware_interface/lib:/home/psd/psd_ws/install/realtime_tools/lib:/home/psd/psd_ws/install/controller_manager_msgs/lib:/home/psd/psd_ws/install/control_msgs/lib:${LD_LIBRARY_PATH} PYTHONPATH=/home/psd/psd_ws/install/controller_manager/local/lib/python3.10/dist-packages:/home/psd/psd_ws/install/controller_manager_msgs/local/lib/python3.10/dist-packages:/home/psd/psd_ws/install/control_msgs/local/lib/python3.10/dist-packages:${PYTHONPATH} /usr/bin/cmake --install /home/psd/psd_ws/build/bicycle_steering_controller
[0.180s] -- Install configuration: ""
[0.180s] -- Up-to-date: /home/psd/psd_ws/install/bicycle_steering_controller/include/bicycle_steering_controller_parameters
[0.180s] -- Up-to-date: /home/psd/psd_ws/install/bicycle_steering_controller/include/bicycle_steering_controller_parameters/bicycle_steering_controller_parameters.hpp
[0.180s] -- Up-to-date: /home/psd/psd_ws/install/bicycle_steering_controller/share/bicycle_steering_controller/bicycle_steering_controller.xml
[0.181s] -- Up-to-date: /home/psd/psd_ws/install/bicycle_steering_controller/include/bicycle_steering_controller
[0.181s] -- Up-to-date: /home/psd/psd_ws/install/bicycle_steering_controller/include/bicycle_steering_controller/bicycle_steering_controller
[0.181s] -- Up-to-date: /home/psd/psd_ws/install/bicycle_steering_controller/include/bicycle_steering_controller/bicycle_steering_controller/visibility_control.h
[0.181s] -- Up-to-date: /home/psd/psd_ws/install/bicycle_steering_controller/include/bicycle_steering_controller/bicycle_steering_controller/bicycle_steering_controller.hpp
[0.181s] -- Up-to-date: /home/psd/psd_ws/install/bicycle_steering_controller/lib/libbicycle_steering_controller.so
[0.181s] -- Up-to-date: /home/psd/psd_ws/install/bicycle_steering_controller/share/bicycle_steering_controller/environment/library_path.sh
[0.181s] -- Up-to-date: /home/psd/psd_ws/install/bicycle_steering_controller/share/bicycle_steering_controller/environment/library_path.dsv
[0.181s] -- Up-to-date: /home/psd/psd_ws/install/bicycle_steering_controller/share/ament_index/resource_index/package_run_dependencies/bicycle_steering_controller
[0.181s] -- Up-to-date: /home/psd/psd_ws/install/bicycle_steering_controller/share/ament_index/resource_index/parent_prefix_path/bicycle_steering_controller
[0.182s] -- Up-to-date: /home/psd/psd_ws/install/bicycle_steering_controller/share/bicycle_steering_controller/environment/ament_prefix_path.sh
[0.182s] -- Up-to-date: /home/psd/psd_ws/install/bicycle_steering_controller/share/bicycle_steering_controller/environment/ament_prefix_path.dsv
[0.182s] -- Up-to-date: /home/psd/psd_ws/install/bicycle_steering_controller/share/bicycle_steering_controller/environment/path.sh
[0.182s] -- Up-to-date: /home/psd/psd_ws/install/bicycle_steering_controller/share/bicycle_steering_controller/environment/path.dsv
[0.183s] -- Up-to-date: /home/psd/psd_ws/install/bicycle_steering_controller/share/bicycle_steering_controller/local_setup.bash
[0.183s] -- Up-to-date: /home/psd/psd_ws/install/bicycle_steering_controller/share/bicycle_steering_controller/local_setup.sh
[0.183s] -- Up-to-date: /home/psd/psd_ws/install/bicycle_steering_controller/share/bicycle_steering_controller/local_setup.zsh
[0.183s] -- Up-to-date: /home/psd/psd_ws/install/bicycle_steering_controller/share/bicycle_steering_controller/local_setup.dsv
[0.183s] -- Installing: /home/psd/psd_ws/install/bicycle_steering_controller/share/bicycle_steering_controller/package.dsv
[0.183s] -- Up-to-date: /home/psd/psd_ws/install/bicycle_steering_controller/share/ament_index/resource_index/packages/bicycle_steering_controller
[0.184s] -- Up-to-date: /home/psd/psd_ws/install/bicycle_steering_controller/share/ament_index/resource_index/controller_interface__pluginlib__plugin/bicycle_steering_controller
[0.184s] -- Up-to-date: /home/psd/psd_ws/install/bicycle_steering_controller/share/bicycle_steering_controller/cmake/export_bicycle_steering_controllerExport.cmake
[0.184s] -- Up-to-date: /home/psd/psd_ws/install/bicycle_steering_controller/share/bicycle_steering_controller/cmake/export_bicycle_steering_controllerExport-noconfig.cmake
[0.185s] -- Up-to-date: /home/psd/psd_ws/install/bicycle_steering_controller/share/bicycle_steering_controller/cmake/ament_cmake_export_targets-extras.cmake
[0.185s] -- Up-to-date: /home/psd/psd_ws/install/bicycle_steering_controller/share/bicycle_steering_controller/cmake/ament_cmake_export_dependencies-extras.cmake
[0.185s] -- Up-to-date: /home/psd/psd_ws/install/bicycle_steering_controller/share/bicycle_steering_controller/cmake/bicycle_steering_controllerConfig.cmake
[0.185s] -- Up-to-date: /home/psd/psd_ws/install/bicycle_steering_controller/share/bicycle_steering_controller/cmake/bicycle_steering_controllerConfig-version.cmake
[0.186s] -- Up-to-date: /home/psd/psd_ws/install/bicycle_steering_controller/share/bicycle_steering_controller/package.xml
[0.188s] Invoked command in '/home/psd/psd_ws/build/bicycle_steering_controller' returned '0': AMENT_PREFIX_PATH=/home/psd/psd_ws/install/steering_controllers_library:/home/psd/psd_ws/install/controller_manager:/home/psd/psd_ws/install/hardware_interface_testing:/home/psd/psd_ws/install/controller_interface:/home/psd/psd_ws/install/hardware_interface:/home/psd/psd_ws/install/ros2_control_test_assets:/home/psd/psd_ws/install/realtime_tools:/home/psd/psd_ws/install/controller_manager_msgs:/home/psd/psd_ws/install/control_msgs:${AMENT_PREFIX_PATH} CMAKE_PREFIX_PATH=/home/psd/psd_ws/install/steering_controllers_library:/home/psd/psd_ws/install/controller_manager:/home/psd/psd_ws/install/hardware_interface_testing:/home/psd/psd_ws/install/controller_interface:/home/psd/psd_ws/install/hardware_interface:/home/psd/psd_ws/install/ros2_control_test_assets:/home/psd/psd_ws/install/realtime_tools:/home/psd/psd_ws/install/controller_manager_msgs:/home/psd/psd_ws/install/control_msgs:/opt/ros/humble LD_LIBRARY_PATH=/home/psd/psd_ws/install/steering_controllers_library/lib:/home/psd/psd_ws/install/controller_manager/lib:/home/psd/psd_ws/install/hardware_interface_testing/lib:/home/psd/psd_ws/install/controller_interface/lib:/home/psd/psd_ws/install/hardware_interface/lib:/home/psd/psd_ws/install/realtime_tools/lib:/home/psd/psd_ws/install/controller_manager_msgs/lib:/home/psd/psd_ws/install/control_msgs/lib:${LD_LIBRARY_PATH} PYTHONPATH=/home/psd/psd_ws/install/controller_manager/local/lib/python3.10/dist-packages:/home/psd/psd_ws/install/controller_manager_msgs/local/lib/python3.10/dist-packages:/home/psd/psd_ws/install/control_msgs/local/lib/python3.10/dist-packages:${PYTHONPATH} /usr/bin/cmake --install /home/psd/psd_ws/build/bicycle_steering_controller
