[0.052s] Invoking command in '/psd_ws/build/psd_vehicle_controller': CMAKE_PREFIX_PATH=/psd_ws/install/psd_vehicle_description:/psd_ws/install/ros_components_description:/psd_ws/install/psd_vehicle_hardware_interfaces:/psd_ws/install/psd_vehicle_bringup:/psd_ws/install/psd_vehicle_controller:/psd_ws/install/psd_vehicle_interfaces:/psd_ws/install/psd_vehicle_gazebo:/psd_ws/install/psd_gazebo_worlds:/psd_ws/install/ign_ros2_control_demos:/psd_ws/install/ign_ros2_control:/psd_ws/install/core:/opt/ros/humble /usr/bin/cmake --build /psd_ws/build/psd_vehicle_controller -- -j20 -l20
[0.074s] Invoked command in '/psd_ws/build/psd_vehicle_controller' returned '0': CMAKE_PREFIX_PATH=/psd_ws/install/psd_vehicle_description:/psd_ws/install/ros_components_description:/psd_ws/install/psd_vehicle_hardware_interfaces:/psd_ws/install/psd_vehicle_bringup:/psd_ws/install/psd_vehicle_controller:/psd_ws/install/psd_vehicle_interfaces:/psd_ws/install/psd_vehicle_gazebo:/psd_ws/install/psd_gazebo_worlds:/psd_ws/install/ign_ros2_control_demos:/psd_ws/install/ign_ros2_control:/psd_ws/install/core:/opt/ros/humble /usr/bin/cmake --build /psd_ws/build/psd_vehicle_controller -- -j20 -l20
[0.089s] Invoking command in '/psd_ws/build/psd_vehicle_controller': CMAKE_PREFIX_PATH=/psd_ws/install/psd_vehicle_description:/psd_ws/install/ros_components_description:/psd_ws/install/psd_vehicle_hardware_interfaces:/psd_ws/install/psd_vehicle_bringup:/psd_ws/install/psd_vehicle_controller:/psd_ws/install/psd_vehicle_interfaces:/psd_ws/install/psd_vehicle_gazebo:/psd_ws/install/psd_gazebo_worlds:/psd_ws/install/ign_ros2_control_demos:/psd_ws/install/ign_ros2_control:/psd_ws/install/core:/opt/ros/humble /usr/bin/cmake --install /psd_ws/build/psd_vehicle_controller
[0.096s] -- Install configuration: ""
[0.096s] -- Up-to-date: /psd_ws/install/psd_vehicle_controller/share/psd_vehicle_controller/launch
[0.096s] -- Up-to-date: /psd_ws/install/psd_vehicle_controller/share/psd_vehicle_controller/launch/controller.launch.py
[0.096s] -- Up-to-date: /psd_ws/install/psd_vehicle_controller/share/psd_vehicle_controller/config
[0.096s] -- Up-to-date: /psd_ws/install/psd_vehicle_controller/share/psd_vehicle_controller/config/diff_drive_controller.yaml
[0.096s] -- Up-to-date: /psd_ws/install/psd_vehicle_controller/share/ament_index/resource_index/package_run_dependencies/psd_vehicle_controller
[0.096s] -- Up-to-date: /psd_ws/install/psd_vehicle_controller/share/ament_index/resource_index/parent_prefix_path/psd_vehicle_controller
[0.096s] -- Up-to-date: /psd_ws/install/psd_vehicle_controller/share/psd_vehicle_controller/environment/ament_prefix_path.sh
[0.096s] -- Up-to-date: /psd_ws/install/psd_vehicle_controller/share/psd_vehicle_controller/environment/ament_prefix_path.dsv
[0.096s] -- Up-to-date: /psd_ws/install/psd_vehicle_controller/share/psd_vehicle_controller/environment/path.sh
[0.096s] -- Up-to-date: /psd_ws/install/psd_vehicle_controller/share/psd_vehicle_controller/environment/path.dsv
[0.096s] -- Up-to-date: /psd_ws/install/psd_vehicle_controller/share/psd_vehicle_controller/local_setup.bash
[0.096s] -- Up-to-date: /psd_ws/install/psd_vehicle_controller/share/psd_vehicle_controller/local_setup.sh
[0.096s] -- Up-to-date: /psd_ws/install/psd_vehicle_controller/share/psd_vehicle_controller/local_setup.zsh
[0.096s] -- Up-to-date: /psd_ws/install/psd_vehicle_controller/share/psd_vehicle_controller/local_setup.dsv
[0.097s] -- Installing: /psd_ws/install/psd_vehicle_controller/share/psd_vehicle_controller/package.dsv
[0.097s] -- Up-to-date: /psd_ws/install/psd_vehicle_controller/share/ament_index/resource_index/packages/psd_vehicle_controller
[0.097s] -- Up-to-date: /psd_ws/install/psd_vehicle_controller/share/psd_vehicle_controller/cmake/psd_vehicle_controllerConfig.cmake
[0.097s] -- Up-to-date: /psd_ws/install/psd_vehicle_controller/share/psd_vehicle_controller/cmake/psd_vehicle_controllerConfig-version.cmake
[0.097s] -- Up-to-date: /psd_ws/install/psd_vehicle_controller/share/psd_vehicle_controller/package.xml
[0.098s] Invoked command in '/psd_ws/build/psd_vehicle_controller' returned '0': CMAKE_PREFIX_PATH=/psd_ws/install/psd_vehicle_description:/psd_ws/install/ros_components_description:/psd_ws/install/psd_vehicle_hardware_interfaces:/psd_ws/install/psd_vehicle_bringup:/psd_ws/install/psd_vehicle_controller:/psd_ws/install/psd_vehicle_interfaces:/psd_ws/install/psd_vehicle_gazebo:/psd_ws/install/psd_gazebo_worlds:/psd_ws/install/ign_ros2_control_demos:/psd_ws/install/ign_ros2_control:/psd_ws/install/core:/opt/ros/humble /usr/bin/cmake --install /psd_ws/build/psd_vehicle_controller
