[0.153s] Invoking command in '/home/psd/psd_ws/build/psd_gazebo_worlds': CMAKE_PREFIX_PATH=/opt/ros/humble /usr/bin/cmake /home/psd/psd_ws/src/psd_gazebo_worlds -DAMENT_CMAKE_SYMLINK_INSTALL=1 -DCMAKE_INSTALL_PREFIX=/home/psd/psd_ws/install/psd_gazebo_worlds
[0.194s] -- The C compiler identification is GNU 11.4.0
[0.228s] -- The CXX compiler identification is GNU 11.4.0
[0.235s] -- Detecting C compiler ABI info
[0.280s] -- Detecting C compiler ABI info - done
[0.287s] -- Check for working C compiler: /usr/bin/cc - skipped
[0.287s] -- Detecting C compile features
[0.288s] -- Detecting C compile features - done
[0.291s] -- Detecting CXX compiler ABI info
[0.342s] -- Detecting CXX compiler ABI info - done
[0.347s] -- Check for working CXX compiler: /usr/bin/c++ - skipped
[0.347s] -- Detecting CXX compile features
[0.348s] -- Detecting CXX compile features - done
[0.350s] -- Found ament_cmake: 1.3.8 (/opt/ros/humble/share/ament_cmake/cmake)
[0.452s] -- Found Python3: /usr/bin/python3 (found version "3.10.12") found components: Interpreter 
[0.498s] -- Override CMake install command with custom implementation using symlinks instead of copying resources
[0.524s] -- Found rclcpp: 16.0.8 (/opt/ros/humble/share/rclcpp/cmake)
[0.567s] -- Found rosidl_generator_c: 3.1.5 (/opt/ros/humble/share/rosidl_generator_c/cmake)
[0.572s] -- Found rosidl_adapter: 3.1.5 (/opt/ros/humble/share/rosidl_adapter/cmake)
[0.581s] -- Found rosidl_generator_cpp: 3.1.5 (/opt/ros/humble/share/rosidl_generator_cpp/cmake)
[0.592s] -- Using all available rosidl_typesupport_c: rosidl_typesupport_fastrtps_c;rosidl_typesupport_introspection_c
[0.605s] -- Using all available rosidl_typesupport_cpp: rosidl_typesupport_fastrtps_cpp;rosidl_typesupport_introspection_cpp
[0.657s] -- Found rmw_implementation_cmake: 6.1.1 (/opt/ros/humble/share/rmw_implementation_cmake/cmake)
[0.660s] -- Found rmw_fastrtps_cpp: 6.2.6 (/opt/ros/humble/share/rmw_fastrtps_cpp/cmake)
[0.738s] -- Found OpenSSL: /usr/lib/x86_64-linux-gnu/libcrypto.so (found version "3.0.2")  
[0.759s] -- Found FastRTPS: /opt/ros/humble/include  
[0.800s] -- Using RMW implementation 'rmw_fastrtps_cpp' as default
[0.808s] -- Looking for pthread.h
[0.852s] -- Looking for pthread.h - found
[0.852s] -- Performing Test CMAKE_HAVE_LIBC_PTHREAD
[0.895s] -- Performing Test CMAKE_HAVE_LIBC_PTHREAD - Success
[0.896s] -- Found Threads: TRUE  
[1.041s] -- Configuring done
[1.043s] -- Generating done
[1.044s] -- Build files have been written to: /home/psd/psd_ws/build/psd_gazebo_worlds
[1.049s] Invoked command in '/home/psd/psd_ws/build/psd_gazebo_worlds' returned '0': CMAKE_PREFIX_PATH=/opt/ros/humble /usr/bin/cmake /home/psd/psd_ws/src/psd_gazebo_worlds -DAMENT_CMAKE_SYMLINK_INSTALL=1 -DCMAKE_INSTALL_PREFIX=/home/psd/psd_ws/install/psd_gazebo_worlds
[1.050s] Invoking command in '/home/psd/psd_ws/build/psd_gazebo_worlds': CMAKE_PREFIX_PATH=/opt/ros/humble /usr/bin/cmake --build /home/psd/psd_ws/build/psd_gazebo_worlds -- -j20 -l20
[1.075s] Invoked command in '/home/psd/psd_ws/build/psd_gazebo_worlds' returned '0': CMAKE_PREFIX_PATH=/opt/ros/humble /usr/bin/cmake --build /home/psd/psd_ws/build/psd_gazebo_worlds -- -j20 -l20
[1.089s] Invoking command in '/home/psd/psd_ws/build/psd_gazebo_worlds': CMAKE_PREFIX_PATH=/opt/ros/humble /usr/bin/cmake --install /home/psd/psd_ws/build/psd_gazebo_worlds
[1.093s] -- Install configuration: ""
[1.094s] -- Execute custom install script
[1.094s] -- Symlinking: /home/psd/psd_ws/install/psd_gazebo_worlds/share/psd_gazebo_worlds/worlds//models/cone/meshes/cone.dae
[1.100s] -- Symlinking: /home/psd/psd_ws/install/psd_gazebo_worlds/share/psd_gazebo_worlds/worlds//models/cone/meshes/cone.stl
[1.105s] -- Symlinking: /home/psd/psd_ws/install/psd_gazebo_worlds/share/psd_gazebo_worlds/worlds//models/cone/model.config
[1.111s] -- Symlinking: /home/psd/psd_ws/install/psd_gazebo_worlds/share/psd_gazebo_worlds/worlds//models/cone/model.sdf
[1.116s] -- Symlinking: /home/psd/psd_ws/install/psd_gazebo_worlds/share/psd_gazebo_worlds/worlds//random.sdf
[1.122s] -- Symlinking: /home/psd/psd_ws/install/psd_gazebo_worlds/share/psd_gazebo_worlds/worlds//track.sdf
[1.127s] -- Symlinking: /home/psd/psd_ws/install/psd_gazebo_worlds/share/psd_gazebo_worlds/worlds//track_creator.py
[1.134s] -- Symlinking: /home/psd/psd_ws/install/psd_gazebo_worlds/share/ament_index/resource_index/package_run_dependencies/psd_gazebo_worlds
[1.138s] -- Symlinking: /home/psd/psd_ws/install/psd_gazebo_worlds/share/ament_index/resource_index/parent_prefix_path/psd_gazebo_worlds
[1.142s] -- Symlinking: /home/psd/psd_ws/install/psd_gazebo_worlds/share/psd_gazebo_worlds/environment/ament_prefix_path.sh
[1.147s] -- Symlinking: /home/psd/psd_ws/install/psd_gazebo_worlds/share/psd_gazebo_worlds/environment/ament_prefix_path.dsv
[1.152s] -- Symlinking: /home/psd/psd_ws/install/psd_gazebo_worlds/share/psd_gazebo_worlds/environment/path.sh
[1.157s] -- Symlinking: /home/psd/psd_ws/install/psd_gazebo_worlds/share/psd_gazebo_worlds/environment/path.dsv
[1.162s] -- Symlinking: /home/psd/psd_ws/install/psd_gazebo_worlds/share/psd_gazebo_worlds/local_setup.bash
[1.168s] -- Symlinking: /home/psd/psd_ws/install/psd_gazebo_worlds/share/psd_gazebo_worlds/local_setup.sh
[1.173s] -- Symlinking: /home/psd/psd_ws/install/psd_gazebo_worlds/share/psd_gazebo_worlds/local_setup.zsh
[1.178s] -- Symlinking: /home/psd/psd_ws/install/psd_gazebo_worlds/share/psd_gazebo_worlds/local_setup.dsv
[1.184s] -- Symlinking: /home/psd/psd_ws/install/psd_gazebo_worlds/share/psd_gazebo_worlds/package.dsv
[1.190s] -- Symlinking: /home/psd/psd_ws/install/psd_gazebo_worlds/share/ament_index/resource_index/packages/psd_gazebo_worlds
[1.196s] -- Symlinking: /home/psd/psd_ws/install/psd_gazebo_worlds/share/psd_gazebo_worlds/cmake/psd_gazebo_worldsConfig.cmake
[1.201s] -- Symlinking: /home/psd/psd_ws/install/psd_gazebo_worlds/share/psd_gazebo_worlds/cmake/psd_gazebo_worldsConfig-version.cmake
[1.207s] -- Symlinking: /home/psd/psd_ws/install/psd_gazebo_worlds/share/psd_gazebo_worlds/package.xml
[1.213s] Invoked command in '/home/psd/psd_ws/build/psd_gazebo_worlds' returned '0': CMAKE_PREFIX_PATH=/opt/ros/humble /usr/bin/cmake --install /home/psd/psd_ws/build/psd_gazebo_worlds
