-- The C compiler identification is GNU 11.4.0
-- The CXX compiler identification is GNU 11.4.0
-- Detecting C compiler ABI info
-- Detecting C compiler ABI info - done
-- Check for working C compiler: /usr/bin/cc - skipped
-- Detecting C compile features
-- Detecting C compile features - done
-- Detecting CXX compiler ABI info
-- Detecting CXX compiler ABI info - done
-- Check for working CXX compiler: /usr/bin/c++ - skipped
-- Detecting CXX compile features
-- Detecting CXX compile features - done
-- Found ament_cmake: 1.3.8 (/opt/ros/humble/share/ament_cmake/cmake)
-- Found Python3: /usr/bin/python3 (found version "3.10.12") found components: Interpreter 
-- Found control_msgs: 4.4.0 (/home/psd/psd_ws/install/control_msgs/share/control_msgs/cmake)
-- Found rosidl_generator_c: 3.1.5 (/opt/ros/humble/share/rosidl_generator_c/cmake)
-- Found rosidl_adapter: 3.1.5 (/opt/ros/humble/share/rosidl_adapter/cmake)
-- Found rosidl_generator_cpp: 3.1.5 (/opt/ros/humble/share/rosidl_generator_cpp/cmake)
-- Using all available rosidl_typesupport_c: rosidl_typesupport_fastrtps_c;rosidl_typesupport_introspection_c
-- Using all available rosidl_typesupport_cpp: rosidl_typesupport_fastrtps_cpp;rosidl_typesupport_introspection_cpp
-- Found rclcpp: 16.0.8 (/opt/ros/humble/share/rclcpp/cmake)
-- Found rmw_implementation_cmake: 6.1.1 (/opt/ros/humble/share/rmw_implementation_cmake/cmake)
-- Found rmw_fastrtps_cpp: 6.2.6 (/opt/ros/humble/share/rmw_fastrtps_cpp/cmake)
-- Found OpenSSL: /usr/lib/x86_64-linux-gnu/libcrypto.so (found version "3.0.2")  
-- Found FastRTPS: /opt/ros/humble/include  
-- Using RMW implementation 'rmw_fastrtps_cpp' as default
-- Looking for pthread.h
-- Looking for pthread.h - found
-- Performing Test CMAKE_HAVE_LIBC_PTHREAD
-- Performing Test CMAKE_HAVE_LIBC_PTHREAD - Success
-- Found Threads: TRUE  
-- Found rclcpp_action: 16.0.8 (/opt/ros/humble/share/rclcpp_action/cmake)
-- Found ament_cmake_gtest: 1.3.8 (/opt/ros/humble/share/ament_cmake_gtest/cmake)
-- Found ament_lint_auto: 0.12.10 (/opt/ros/humble/share/ament_lint_auto/cmake)
-- Added test 'copyright' to check source files copyright and LICENSE
-- Added test 'cppcheck' to perform static code analysis on C / C++ code
-- Configured cppcheck include dirs: 
-- Configured cppcheck exclude dirs and/or files: 
-- Added test 'cpplint' to check C / C++ code against the Google style
-- Configured cpplint exclude dirs and/or files: 
-- Added test 'flake8' to check Python code syntax and style conventions
-- Added test 'lint_cmake' to check CMake code style
-- Added test 'pep257' to check Python code against some of the docstring style conventions in PEP 257
-- Added test 'uncrustify' to check C / C++ code style
-- Configured uncrustify additional arguments: 
-- Added test 'xmllint' to check XML markup files
-- Configuring done
-- Generating done
-- Build files have been written to: /home/psd/psd_ws/build/ign_ros2_control_demos
[  8%] [32mBuilding CXX object CMakeFiles/example_position.dir/examples/example_position.cpp.o[0m
[ 16%] [32m[1mLinking CXX executable example_position[0m
[ 16%] Built target example_position
[ 25%] [32mBuilding CXX object CMakeFiles/example_gripper.dir/examples/example_gripper.cpp.o[0m
[ 33%] [32m[1mLinking CXX executable example_gripper[0m
[ 33%] Built target example_gripper
[ 41%] [32mBuilding CXX object CMakeFiles/example_tricycle_drive.dir/examples/example_tricycle_drive.cpp.o[0m
[ 50%] [32m[1mLinking CXX executable example_tricycle_drive[0m
[ 50%] Built target example_tricycle_drive
[ 58%] [32mBuilding CXX object CMakeFiles/example_diff_drive.dir/examples/example_diff_drive.cpp.o[0m
[ 66%] [32m[1mLinking CXX executable example_diff_drive[0m
[ 66%] Built target example_diff_drive
[ 75%] [32mBuilding CXX object CMakeFiles/example_effort.dir/examples/example_effort.cpp.o[0m
[ 83%] [32m[1mLinking CXX executable example_effort[0m
[ 83%] Built target example_effort
[ 91%] [32mBuilding CXX object CMakeFiles/example_velocity.dir/examples/example_velocity.cpp.o[0m
[100%] [32m[1mLinking CXX executable example_velocity[0m
[100%] Built target example_velocity
-- Install configuration: ""
-- Installing: /home/psd/psd_ws/install/ign_ros2_control_demos/share/ign_ros2_control_demos//launch
-- Installing: /home/psd/psd_ws/install/ign_ros2_control_demos/share/ign_ros2_control_demos//launch/tricycle_drive_example.launch.py
-- Installing: /home/psd/psd_ws/install/ign_ros2_control_demos/share/ign_ros2_control_demos//launch/gripper_mimic_joint_example.launch.py
-- Installing: /home/psd/psd_ws/install/ign_ros2_control_demos/share/ign_ros2_control_demos//launch/cart_example_velocity.launch.py
-- Installing: /home/psd/psd_ws/install/ign_ros2_control_demos/share/ign_ros2_control_demos//launch/diff_drive_example.launch.py
-- Installing: /home/psd/psd_ws/install/ign_ros2_control_demos/share/ign_ros2_control_demos//launch/cart_example_position.launch.py
-- Installing: /home/psd/psd_ws/install/ign_ros2_control_demos/share/ign_ros2_control_demos//launch/cart_example_effort.launch.py
-- Installing: /home/psd/psd_ws/install/ign_ros2_control_demos/share/ign_ros2_control_demos//config
-- Installing: /home/psd/psd_ws/install/ign_ros2_control_demos/share/ign_ros2_control_demos//config/cartpole_controller_effort.yaml
-- Installing: /home/psd/psd_ws/install/ign_ros2_control_demos/share/ign_ros2_control_demos//config/gripper_controller.yaml
-- Installing: /home/psd/psd_ws/install/ign_ros2_control_demos/share/ign_ros2_control_demos//config/tricycle_drive_controller.yaml
-- Installing: /home/psd/psd_ws/install/ign_ros2_control_demos/share/ign_ros2_control_demos//config/diff_drive_controller_velocity.yaml
-- Installing: /home/psd/psd_ws/install/ign_ros2_control_demos/share/ign_ros2_control_demos//config/cartpole_controller_position.yaml
-- Installing: /home/psd/psd_ws/install/ign_ros2_control_demos/share/ign_ros2_control_demos//config/cartpole_controller_velocity.yaml
-- Installing: /home/psd/psd_ws/install/ign_ros2_control_demos/share/ign_ros2_control_demos//urdf
-- Installing: /home/psd/psd_ws/install/ign_ros2_control_demos/share/ign_ros2_control_demos//urdf/test_tricycle_drive.xacro.urdf
-- Installing: /home/psd/psd_ws/install/ign_ros2_control_demos/share/ign_ros2_control_demos//urdf/test_gripper_mimic_joint.xacro.urdf
-- Installing: /home/psd/psd_ws/install/ign_ros2_control_demos/share/ign_ros2_control_demos//urdf/test_cart_effort.xacro.urdf
-- Installing: /home/psd/psd_ws/install/ign_ros2_control_demos/share/ign_ros2_control_demos//urdf/test_diff_drive.xacro.urdf
-- Installing: /home/psd/psd_ws/install/ign_ros2_control_demos/share/ign_ros2_control_demos//urdf/test_cart_position.xacro.urdf
-- Installing: /home/psd/psd_ws/install/ign_ros2_control_demos/share/ign_ros2_control_demos//urdf/test_cart_velocity.xacro.urdf
-- Installing: /home/psd/psd_ws/install/ign_ros2_control_demos/lib/ign_ros2_control_demos/example_position
-- Set runtime path of "/home/psd/psd_ws/install/ign_ros2_control_demos/lib/ign_ros2_control_demos/example_position" to ""
-- Installing: /home/psd/psd_ws/install/ign_ros2_control_demos/lib/ign_ros2_control_demos/example_velocity
-- Set runtime path of "/home/psd/psd_ws/install/ign_ros2_control_demos/lib/ign_ros2_control_demos/example_velocity" to ""
-- Installing: /home/psd/psd_ws/install/ign_ros2_control_demos/lib/ign_ros2_control_demos/example_effort
-- Set runtime path of "/home/psd/psd_ws/install/ign_ros2_control_demos/lib/ign_ros2_control_demos/example_effort" to ""
-- Installing: /home/psd/psd_ws/install/ign_ros2_control_demos/lib/ign_ros2_control_demos/example_diff_drive
-- Set runtime path of "/home/psd/psd_ws/install/ign_ros2_control_demos/lib/ign_ros2_control_demos/example_diff_drive" to ""
-- Installing: /home/psd/psd_ws/install/ign_ros2_control_demos/lib/ign_ros2_control_demos/example_tricycle_drive
-- Set runtime path of "/home/psd/psd_ws/install/ign_ros2_control_demos/lib/ign_ros2_control_demos/example_tricycle_drive" to ""
-- Installing: /home/psd/psd_ws/install/ign_ros2_control_demos/lib/ign_ros2_control_demos/example_gripper
-- Set runtime path of "/home/psd/psd_ws/install/ign_ros2_control_demos/lib/ign_ros2_control_demos/example_gripper" to ""
-- Installing: /home/psd/psd_ws/install/ign_ros2_control_demos/share/ament_index/resource_index/package_run_dependencies/ign_ros2_control_demos
-- Installing: /home/psd/psd_ws/install/ign_ros2_control_demos/share/ament_index/resource_index/parent_prefix_path/ign_ros2_control_demos
-- Installing: /home/psd/psd_ws/install/ign_ros2_control_demos/share/ign_ros2_control_demos/environment/ament_prefix_path.sh
-- Installing: /home/psd/psd_ws/install/ign_ros2_control_demos/share/ign_ros2_control_demos/environment/ament_prefix_path.dsv
-- Installing: /home/psd/psd_ws/install/ign_ros2_control_demos/share/ign_ros2_control_demos/environment/path.sh
-- Installing: /home/psd/psd_ws/install/ign_ros2_control_demos/share/ign_ros2_control_demos/environment/path.dsv
-- Installing: /home/psd/psd_ws/install/ign_ros2_control_demos/share/ign_ros2_control_demos/local_setup.bash
-- Installing: /home/psd/psd_ws/install/ign_ros2_control_demos/share/ign_ros2_control_demos/local_setup.sh
-- Installing: /home/psd/psd_ws/install/ign_ros2_control_demos/share/ign_ros2_control_demos/local_setup.zsh
-- Installing: /home/psd/psd_ws/install/ign_ros2_control_demos/share/ign_ros2_control_demos/local_setup.dsv
-- Installing: /home/psd/psd_ws/install/ign_ros2_control_demos/share/ign_ros2_control_demos/package.dsv
-- Installing: /home/psd/psd_ws/install/ign_ros2_control_demos/share/ament_index/resource_index/packages/ign_ros2_control_demos
-- Installing: /home/psd/psd_ws/install/ign_ros2_control_demos/share/ign_ros2_control_demos/cmake/ign_ros2_control_demosConfig.cmake
-- Installing: /home/psd/psd_ws/install/ign_ros2_control_demos/share/ign_ros2_control_demos/cmake/ign_ros2_control_demosConfig-version.cmake
-- Installing: /home/psd/psd_ws/install/ign_ros2_control_demos/share/ign_ros2_control_demos/package.xml
