[ 18%] Built target position_controllers
[ 45%] Built target gmock
[ 63%] Built target gmock_main
[ 81%] Built target test_load_joint_group_position_controller
[100%] Built target test_joint_group_position_controller
-- Install configuration: ""
-- Execute custom install script
-- Up-to-date symlink: /home/psd/psd_ws/install/position_controllers/share/position_controllers//position_controllers_plugins.xml
-- Up-to-date symlink: /home/psd/psd_ws/install/position_controllers/include/position_controllers/position_controllers/joint_group_position_controller.hpp
-- Up-to-date symlink: /home/psd/psd_ws/install/position_controllers/include/position_controllers/position_controllers/visibility_control.h
-- Up-to-date symlink: /home/psd/psd_ws/install/position_controllers/share/position_controllers/environment/library_path.sh
-- Up-to-date symlink: /home/psd/psd_ws/install/position_controllers/share/position_controllers/environment/library_path.dsv
-- Up-to-date symlink: /home/psd/psd_ws/install/position_controllers/share/ament_index/resource_index/package_run_dependencies/position_controllers
-- Up-to-date symlink: /home/psd/psd_ws/install/position_controllers/share/ament_index/resource_index/parent_prefix_path/position_controllers
-- Up-to-date symlink: /home/psd/psd_ws/install/position_controllers/share/position_controllers/environment/ament_prefix_path.sh
-- Up-to-date symlink: /home/psd/psd_ws/install/position_controllers/share/position_controllers/environment/ament_prefix_path.dsv
-- Up-to-date symlink: /home/psd/psd_ws/install/position_controllers/share/position_controllers/environment/path.sh
-- Up-to-date symlink: /home/psd/psd_ws/install/position_controllers/share/position_controllers/environment/path.dsv
-- Up-to-date symlink: /home/psd/psd_ws/install/position_controllers/share/position_controllers/local_setup.bash
-- Up-to-date symlink: /home/psd/psd_ws/install/position_controllers/share/position_controllers/local_setup.sh
-- Up-to-date symlink: /home/psd/psd_ws/install/position_controllers/share/position_controllers/local_setup.zsh
-- Up-to-date symlink: /home/psd/psd_ws/install/position_controllers/share/position_controllers/local_setup.dsv
-- Symlinking: /home/psd/psd_ws/install/position_controllers/share/position_controllers/package.dsv
-- Up-to-date symlink: /home/psd/psd_ws/install/position_controllers/share/ament_index/resource_index/packages/position_controllers
-- Up-to-date symlink: /home/psd/psd_ws/install/position_controllers/share/ament_index/resource_index/controller_interface__pluginlib__plugin/position_controllers
-- Up-to-date symlink: /home/psd/psd_ws/install/position_controllers/share/position_controllers/cmake/ament_cmake_export_targets-extras.cmake
-- Up-to-date symlink: /home/psd/psd_ws/install/position_controllers/share/position_controllers/cmake/ament_cmake_export_dependencies-extras.cmake
-- Up-to-date symlink: /home/psd/psd_ws/install/position_controllers/share/position_controllers/cmake/position_controllersConfig.cmake
-- Up-to-date symlink: /home/psd/psd_ws/install/position_controllers/share/position_controllers/cmake/position_controllersConfig-version.cmake
-- Up-to-date symlink: /home/psd/psd_ws/install/position_controllers/share/position_controllers/package.xml
-- Up-to-date: /home/psd/psd_ws/install/position_controllers/lib/libposition_controllers.so
-- Up-to-date: /home/psd/psd_ws/install/position_controllers/share/position_controllers/cmake/export_position_controllersExport.cmake
-- Up-to-date: /home/psd/psd_ws/install/position_controllers/share/position_controllers/cmake/export_position_controllersExport-noconfig.cmake
