[0.199s] Invoking command in '/psd_ws/build/ros_components_description': CMAKE_PREFIX_PATH=${CMAKE_PREFIX_PATH}:/opt/ros/humble /usr/bin/cmake /psd_ws/src/ros_components_description -DCMAKE_INSTALL_PREFIX=/psd_ws/install/ros_components_description
[0.260s] -- The C compiler identification is GNU 11.4.0
[0.303s] -- The CXX compiler identification is GNU 11.4.0
[0.309s] -- Detecting C compiler ABI info
[0.361s] -- Detecting C compiler ABI info - done
[0.369s] -- Check for working C compiler: /usr/bin/cc - skipped
[0.370s] -- Detecting C compile features
[0.370s] -- Detecting C compile features - done
[0.373s] -- Detecting CXX compiler ABI info
[0.433s] -- Detecting CXX compiler ABI info - done
[0.439s] -- Check for working CXX compiler: /usr/bin/c++ - skipped
[0.439s] -- Detecting CXX compile features
[0.440s] -- Detecting CXX compile features - done
[0.442s] -- Found ament_cmake: 1.3.8 (/opt/ros/humble/share/ament_cmake/cmake)
[0.564s] -- Found Python3: /usr/bin/python3 (found version "3.10.12") found components: Interpreter 
[0.712s] -- Configuring done
[0.714s] -- Generating done
[0.715s] -- Build files have been written to: /psd_ws/build/ros_components_description
[0.718s] Invoked command in '/psd_ws/build/ros_components_description' returned '0': CMAKE_PREFIX_PATH=${CMAKE_PREFIX_PATH}:/opt/ros/humble /usr/bin/cmake /psd_ws/src/ros_components_description -DCMAKE_INSTALL_PREFIX=/psd_ws/install/ros_components_description
[0.719s] Invoking command in '/psd_ws/build/ros_components_description': CMAKE_PREFIX_PATH=${CMAKE_PREFIX_PATH}:/opt/ros/humble /usr/bin/cmake --build /psd_ws/build/ros_components_description -- -j20 -l20
[0.748s] Invoked command in '/psd_ws/build/ros_components_description' returned '0': CMAKE_PREFIX_PATH=${CMAKE_PREFIX_PATH}:/opt/ros/humble /usr/bin/cmake --build /psd_ws/build/ros_components_description -- -j20 -l20
[0.769s] Invoking command in '/psd_ws/build/ros_components_description': CMAKE_PREFIX_PATH=${CMAKE_PREFIX_PATH}:/opt/ros/humble /usr/bin/cmake --install /psd_ws/build/ros_components_description
[0.775s] -- Install configuration: ""
[0.775s] -- Installing: /psd_ws/install/ros_components_description/share/ros_components_description/meshes
[0.776s] -- Installing: /psd_ws/install/ros_components_description/share/ros_components_description/meshes/zed2i.stl
[0.776s] -- Installing: /psd_ws/install/ros_components_description/share/ros_components_description/meshes/slamtec_rplidar_s1.dae
[0.777s] -- Installing: /psd_ws/install/ros_components_description/share/ros_components_description/meshes/slamtec_rplidar_s3.dae
[0.777s] -- Installing: /psd_ws/install/ros_components_description/share/ros_components_description/meshes/zed.stl
[0.778s] -- Installing: /psd_ws/install/ros_components_description/share/ros_components_description/meshes/zed2.stl
[0.779s] -- Installing: /psd_ws/install/ros_components_description/share/ros_components_description/meshes/zedxm.stl
[0.793s] -- Installing: /psd_ws/install/ros_components_description/share/ros_components_description/meshes/slamtec_rplidar_s2.dae
[0.793s] -- Installing: /psd_ws/install/ros_components_description/share/ros_components_description/meshes/slamtec_rplidar_a2m8.dae
[0.793s] -- Installing: /psd_ws/install/ros_components_description/share/ros_components_description/meshes/ouster_os1_32.dae
[0.794s] -- Installing: /psd_ws/install/ros_components_description/share/ros_components_description/meshes/slamtec_rplidar_ax.dae
[0.794s] -- Installing: /psd_ws/install/ros_components_description/share/ros_components_description/meshes/zedx.stl
[0.811s] -- Installing: /psd_ws/install/ros_components_description/share/ros_components_description/meshes/velodyne_puck.dae
[0.811s] -- Installing: /psd_ws/install/ros_components_description/share/ros_components_description/meshes/orbbec_astra.dae
[0.811s] -- Installing: /psd_ws/install/ros_components_description/share/ros_components_description/meshes/intel_realsense_d435.dae
[0.813s] -- Installing: /psd_ws/install/ros_components_description/share/ros_components_description/meshes/zedm.stl
[0.813s] -- Installing: /psd_ws/install/ros_components_description/share/ros_components_description/urdf
[0.813s] -- Installing: /psd_ws/install/ros_components_description/share/ros_components_description/urdf/stereolabs_zed.urdf.xacro
[0.813s] -- Installing: /psd_ws/install/ros_components_description/share/ros_components_description/urdf/slamtec_rplidar_s1.urdf.xacro
[0.813s] -- Installing: /psd_ws/install/ros_components_description/share/ros_components_description/urdf/slamtec_rplidar_s2.urdf.xacro
[0.813s] -- Installing: /psd_ws/install/ros_components_description/share/ros_components_description/urdf/intel_realsense_d435.urdf.xacro
[0.813s] -- Installing: /psd_ws/install/ros_components_description/share/ros_components_description/urdf/orbbec_astra.urdf.xacro
[0.814s] -- Installing: /psd_ws/install/ros_components_description/share/ros_components_description/urdf/velodyne_puck.urdf.xacro
[0.814s] -- Installing: /psd_ws/install/ros_components_description/share/ros_components_description/urdf/slamtec_rplidar_a2.urdf.xacro
[0.814s] -- Installing: /psd_ws/install/ros_components_description/share/ros_components_description/urdf/ouster_os1_32.urdf.xacro
[0.815s] -- Installing: /psd_ws/install/ros_components_description/share/ros_components_description/urdf/slamtec_rplidar_a3.urdf.xacro
[0.815s] -- Installing: /psd_ws/install/ros_components_description/share/ros_components_description/urdf/slamtec_rplidar_s3.urdf.xacro
[0.816s] -- Installing: /psd_ws/install/ros_components_description/share/ros_components_description/environment/ros_components_description.sh
[0.816s] -- Installing: /psd_ws/install/ros_components_description/share/ament_index/resource_index/package_run_dependencies/ros_components_description
[0.817s] -- Installing: /psd_ws/install/ros_components_description/share/ament_index/resource_index/parent_prefix_path/ros_components_description
[0.817s] -- Installing: /psd_ws/install/ros_components_description/share/ros_components_description/environment/ament_prefix_path.sh
[0.818s] -- Installing: /psd_ws/install/ros_components_description/share/ros_components_description/environment/ament_prefix_path.dsv
[0.818s] -- Installing: /psd_ws/install/ros_components_description/share/ros_components_description/environment/path.sh
[0.818s] -- Installing: /psd_ws/install/ros_components_description/share/ros_components_description/environment/path.dsv
[0.818s] -- Installing: /psd_ws/install/ros_components_description/share/ros_components_description/local_setup.bash
[0.818s] -- Installing: /psd_ws/install/ros_components_description/share/ros_components_description/local_setup.sh
[0.818s] -- Installing: /psd_ws/install/ros_components_description/share/ros_components_description/local_setup.zsh
[0.818s] -- Installing: /psd_ws/install/ros_components_description/share/ros_components_description/local_setup.dsv
[0.818s] -- Installing: /psd_ws/install/ros_components_description/share/ros_components_description/package.dsv
[0.818s] -- Installing: /psd_ws/install/ros_components_description/share/ament_index/resource_index/packages/ros_components_description
[0.818s] -- Installing: /psd_ws/install/ros_components_description/share/ros_components_description/cmake/ros_components_descriptionConfig.cmake
[0.818s] -- Installing: /psd_ws/install/ros_components_description/share/ros_components_description/cmake/ros_components_descriptionConfig-version.cmake
[0.818s] -- Installing: /psd_ws/install/ros_components_description/share/ros_components_description/package.xml
[0.822s] Invoked command in '/psd_ws/build/ros_components_description' returned '0': CMAKE_PREFIX_PATH=${CMAKE_PREFIX_PATH}:/opt/ros/humble /usr/bin/cmake --install /psd_ws/build/ros_components_description
