[0.405s] DEBUG:colcon:Command line arguments: ['/usr/bin/colcon', 'build']
[0.405s] DEBUG:colcon:Parsed command line arguments: Namespace(log_base=None, log_level=None, verb_name='build', build_base='build', install_base='install', merge_install=False, symlink_install=False, test_result_base=None, continue_on_error=False, executor='parallel', parallel_workers=32, event_handlers=None, ignore_user_meta=False, metas=['./colcon.meta'], base_paths=['.'], packages_ignore=None, packages_ignore_regex=None, paths=None, packages_up_to=None, packages_up_to_regex=None, packages_above=None, packages_above_and_dependencies=None, packages_above_depth=None, packages_select_by_dep=None, packages_skip_by_dep=None, packages_skip_up_to=None, packages_select_build_failed=False, packages_skip_build_finished=False, packages_select_test_failures=False, packages_skip_test_passed=False, packages_select=None, packages_skip=None, packages_select_regex=None, packages_skip_regex=None, packages_start=None, packages_end=None, allow_overriding=[], cmake_args=None, cmake_target=None, cmake_target_skip_unavailable=False, cmake_clean_cache=False, cmake_clean_first=False, cmake_force_configure=False, ament_cmake_args=None, catkin_cmake_args=None, catkin_skip_building_tests=False, verb_parser=<colcon_defaults.argument_parser.defaults.DefaultArgumentsDecorator object at 0x7fcff4f47880>, verb_extension=<colcon_core.verb.build.BuildVerb object at 0x7fcff51b2c20>, main=<bound method BuildVerb.main of <colcon_core.verb.build.BuildVerb object at 0x7fcff51b2c20>>)
[0.425s] Level 1:colcon.colcon_core.package_discovery:discover_packages(colcon_meta) check parameters
[0.425s] Level 1:colcon.colcon_core.package_discovery:discover_packages(recursive) check parameters
[0.425s] Level 1:colcon.colcon_core.package_discovery:discover_packages(ignore) check parameters
[0.425s] Level 1:colcon.colcon_core.package_discovery:discover_packages(path) check parameters
[0.425s] Level 1:colcon.colcon_core.package_discovery:discover_packages(colcon_meta) discover
[0.425s] Level 1:colcon.colcon_core.package_discovery:discover_packages(recursive) discover
[0.425s] INFO:colcon.colcon_core.package_discovery:Crawling recursively for packages in '/home/tazio/psd_startup/ros2_ws'
[0.425s] Level 1:colcon.colcon_core.package_identification:_identify(.) by extensions ['ignore', 'ignore_ament_install']
[0.425s] Level 1:colcon.colcon_core.package_identification:_identify(.) by extension 'ignore'
[0.425s] Level 1:colcon.colcon_core.package_identification:_identify(.) by extension 'ignore_ament_install'
[0.425s] Level 1:colcon.colcon_core.package_identification:_identify(.) by extensions ['colcon_pkg']
[0.425s] Level 1:colcon.colcon_core.package_identification:_identify(.) by extension 'colcon_pkg'
[0.425s] Level 1:colcon.colcon_core.package_identification:_identify(.) by extensions ['colcon_meta']
[0.425s] Level 1:colcon.colcon_core.package_identification:_identify(.) by extension 'colcon_meta'
[0.425s] Level 1:colcon.colcon_core.package_identification:_identify(.) by extensions ['ros']
[0.425s] Level 1:colcon.colcon_core.package_identification:_identify(.) by extension 'ros'
[0.431s] Level 1:colcon.colcon_core.package_identification:_identify(.) by extensions ['cmake', 'python']
[0.431s] Level 1:colcon.colcon_core.package_identification:_identify(.) by extension 'cmake'
[0.431s] Level 1:colcon.colcon_core.package_identification:_identify(.) by extension 'python'
[0.431s] Level 1:colcon.colcon_core.package_identification:_identify(.) by extensions ['python_setup_py']
[0.431s] Level 1:colcon.colcon_core.package_identification:_identify(.) by extension 'python_setup_py'
[0.431s] Level 1:colcon.colcon_core.package_identification:_identify(build) by extensions ['ignore', 'ignore_ament_install']
[0.431s] Level 1:colcon.colcon_core.package_identification:_identify(build) by extension 'ignore'
[0.431s] Level 1:colcon.colcon_core.package_identification:_identify(build) ignored
[0.431s] Level 1:colcon.colcon_core.package_identification:_identify(install) by extensions ['ignore', 'ignore_ament_install']
[0.431s] Level 1:colcon.colcon_core.package_identification:_identify(install) by extension 'ignore'
[0.431s] Level 1:colcon.colcon_core.package_identification:_identify(install) ignored
[0.431s] Level 1:colcon.colcon_core.package_identification:_identify(log) by extensions ['ignore', 'ignore_ament_install']
[0.431s] Level 1:colcon.colcon_core.package_identification:_identify(log) by extension 'ignore'
[0.431s] Level 1:colcon.colcon_core.package_identification:_identify(log) ignored
[0.431s] Level 1:colcon.colcon_core.package_identification:_identify(src) by extensions ['ignore', 'ignore_ament_install']
[0.431s] Level 1:colcon.colcon_core.package_identification:_identify(src) by extension 'ignore'
[0.431s] Level 1:colcon.colcon_core.package_identification:_identify(src) by extension 'ignore_ament_install'
[0.431s] Level 1:colcon.colcon_core.package_identification:_identify(src) by extensions ['colcon_pkg']
[0.431s] Level 1:colcon.colcon_core.package_identification:_identify(src) by extension 'colcon_pkg'
[0.431s] Level 1:colcon.colcon_core.package_identification:_identify(src) by extensions ['colcon_meta']
[0.431s] Level 1:colcon.colcon_core.package_identification:_identify(src) by extension 'colcon_meta'
[0.431s] Level 1:colcon.colcon_core.package_identification:_identify(src) by extensions ['ros']
[0.431s] Level 1:colcon.colcon_core.package_identification:_identify(src) by extension 'ros'
[0.431s] Level 1:colcon.colcon_core.package_identification:_identify(src) by extensions ['cmake', 'python']
[0.431s] Level 1:colcon.colcon_core.package_identification:_identify(src) by extension 'cmake'
[0.431s] Level 1:colcon.colcon_core.package_identification:_identify(src) by extension 'python'
[0.431s] Level 1:colcon.colcon_core.package_identification:_identify(src) by extensions ['python_setup_py']
[0.431s] Level 1:colcon.colcon_core.package_identification:_identify(src) by extension 'python_setup_py'
[0.432s] Level 1:colcon.colcon_core.package_identification:_identify(src/gui_control) by extensions ['ignore', 'ignore_ament_install']
[0.432s] Level 1:colcon.colcon_core.package_identification:_identify(src/gui_control) by extension 'ignore'
[0.432s] Level 1:colcon.colcon_core.package_identification:_identify(src/gui_control) by extension 'ignore_ament_install'
[0.432s] Level 1:colcon.colcon_core.package_identification:_identify(src/gui_control) by extensions ['colcon_pkg']
[0.432s] Level 1:colcon.colcon_core.package_identification:_identify(src/gui_control) by extension 'colcon_pkg'
[0.432s] Level 1:colcon.colcon_core.package_identification:_identify(src/gui_control) by extensions ['colcon_meta']
[0.432s] Level 1:colcon.colcon_core.package_identification:_identify(src/gui_control) by extension 'colcon_meta'
[0.432s] Level 1:colcon.colcon_core.package_identification:_identify(src/gui_control) by extensions ['ros']
[0.432s] Level 1:colcon.colcon_core.package_identification:_identify(src/gui_control) by extension 'ros'
[0.433s] DEBUG:colcon.colcon_core.package_identification:Package 'src/gui_control' with type 'ros.ament_python' and name 'gui_control'
[0.433s] Level 1:colcon.colcon_core.package_identification:_identify(src/vision) by extensions ['ignore', 'ignore_ament_install']
[0.433s] Level 1:colcon.colcon_core.package_identification:_identify(src/vision) by extension 'ignore'
[0.433s] Level 1:colcon.colcon_core.package_identification:_identify(src/vision) by extension 'ignore_ament_install'
[0.433s] Level 1:colcon.colcon_core.package_identification:_identify(src/vision) by extensions ['colcon_pkg']
[0.433s] Level 1:colcon.colcon_core.package_identification:_identify(src/vision) by extension 'colcon_pkg'
[0.433s] Level 1:colcon.colcon_core.package_identification:_identify(src/vision) by extensions ['colcon_meta']
[0.433s] Level 1:colcon.colcon_core.package_identification:_identify(src/vision) by extension 'colcon_meta'
[0.433s] Level 1:colcon.colcon_core.package_identification:_identify(src/vision) by extensions ['ros']
[0.433s] Level 1:colcon.colcon_core.package_identification:_identify(src/vision) by extension 'ros'
[0.433s] DEBUG:colcon.colcon_core.package_identification:Package 'src/vision' with type 'ros.ament_python' and name 'vision'
[0.433s] Level 1:colcon.colcon_core.package_discovery:discover_packages(recursive) using defaults
[0.433s] Level 1:colcon.colcon_core.package_discovery:discover_packages(ignore) discover
[0.433s] Level 1:colcon.colcon_core.package_discovery:discover_packages(ignore) using defaults
[0.433s] Level 1:colcon.colcon_core.package_discovery:discover_packages(path) discover
[0.433s] Level 1:colcon.colcon_core.package_discovery:discover_packages(path) using defaults
[0.471s] Level 1:colcon.colcon_core.package_discovery:discover_packages(prefix_path) check parameters
[0.471s] Level 1:colcon.colcon_core.package_discovery:discover_packages(prefix_path) discover
[0.483s] DEBUG:colcon.colcon_installed_package_information.package_discovery:Found 2 installed packages in /home/tazio/psd_startup/ros2_ws/install
[0.489s] DEBUG:colcon.colcon_installed_package_information.package_discovery:Found 307 installed packages in /opt/ros/humble
[0.490s] Level 1:colcon.colcon_core.package_discovery:discover_packages(prefix_path) using defaults
[0.531s] Level 5:colcon.colcon_core.verb:set package 'gui_control' build argument 'cmake_args' from command line to 'None'
[0.531s] Level 5:colcon.colcon_core.verb:set package 'gui_control' build argument 'cmake_target' from command line to 'None'
[0.531s] Level 5:colcon.colcon_core.verb:set package 'gui_control' build argument 'cmake_target_skip_unavailable' from command line to 'False'
[0.531s] Level 5:colcon.colcon_core.verb:set package 'gui_control' build argument 'cmake_clean_cache' from command line to 'False'
[0.531s] Level 5:colcon.colcon_core.verb:set package 'gui_control' build argument 'cmake_clean_first' from command line to 'False'
[0.531s] Level 5:colcon.colcon_core.verb:set package 'gui_control' build argument 'cmake_force_configure' from command line to 'False'
[0.531s] Level 5:colcon.colcon_core.verb:set package 'gui_control' build argument 'ament_cmake_args' from command line to 'None'
[0.531s] Level 5:colcon.colcon_core.verb:set package 'gui_control' build argument 'catkin_cmake_args' from command line to 'None'
[0.531s] Level 5:colcon.colcon_core.verb:set package 'gui_control' build argument 'catkin_skip_building_tests' from command line to 'False'
[0.531s] DEBUG:colcon.colcon_core.verb:Building package 'gui_control' with the following arguments: {'ament_cmake_args': None, 'build_base': '/home/tazio/psd_startup/ros2_ws/build/gui_control', 'catkin_cmake_args': None, 'catkin_skip_building_tests': False, 'cmake_args': None, 'cmake_clean_cache': False, 'cmake_clean_first': False, 'cmake_force_configure': False, 'cmake_target': None, 'cmake_target_skip_unavailable': False, 'install_base': '/home/tazio/psd_startup/ros2_ws/install/gui_control', 'merge_install': False, 'path': '/home/tazio/psd_startup/ros2_ws/src/gui_control', 'symlink_install': False, 'test_result_base': None}
[0.536s] Level 5:colcon.colcon_core.verb:set package 'vision' build argument 'cmake_args' from command line to 'None'
[0.536s] Level 5:colcon.colcon_core.verb:set package 'vision' build argument 'cmake_target' from command line to 'None'
[0.536s] Level 5:colcon.colcon_core.verb:set package 'vision' build argument 'cmake_target_skip_unavailable' from command line to 'False'
[0.536s] Level 5:colcon.colcon_core.verb:set package 'vision' build argument 'cmake_clean_cache' from command line to 'False'
[0.536s] Level 5:colcon.colcon_core.verb:set package 'vision' build argument 'cmake_clean_first' from command line to 'False'
[0.536s] Level 5:colcon.colcon_core.verb:set package 'vision' build argument 'cmake_force_configure' from command line to 'False'
[0.536s] Level 5:colcon.colcon_core.verb:set package 'vision' build argument 'ament_cmake_args' from command line to 'None'
[0.536s] Level 5:colcon.colcon_core.verb:set package 'vision' build argument 'catkin_cmake_args' from command line to 'None'
[0.536s] Level 5:colcon.colcon_core.verb:set package 'vision' build argument 'catkin_skip_building_tests' from command line to 'False'
[0.536s] DEBUG:colcon.colcon_core.verb:Building package 'vision' with the following arguments: {'ament_cmake_args': None, 'build_base': '/home/tazio/psd_startup/ros2_ws/build/vision', 'catkin_cmake_args': None, 'catkin_skip_building_tests': False, 'cmake_args': None, 'cmake_clean_cache': False, 'cmake_clean_first': False, 'cmake_force_configure': False, 'cmake_target': None, 'cmake_target_skip_unavailable': False, 'install_base': '/home/tazio/psd_startup/ros2_ws/install/vision', 'merge_install': False, 'path': '/home/tazio/psd_startup/ros2_ws/src/vision', 'symlink_install': False, 'test_result_base': None}
[0.542s] INFO:colcon.colcon_core.executor:Executing jobs using 'parallel' executor
[0.548s] DEBUG:colcon.colcon_parallel_executor.executor.parallel:run_until_complete
[0.548s] INFO:colcon.colcon_ros.task.ament_python.build:Building ROS package in '/home/tazio/psd_startup/ros2_ws/src/gui_control' with build type 'ament_python'
[0.548s] Level 1:colcon.colcon_core.shell:create_environment_hook('gui_control', 'ament_prefix_path')
[0.555s] INFO:colcon.colcon_core.plugin_system:Skipping extension 'colcon_core.shell.bat': Not used on non-Windows systems
[0.555s] INFO:colcon.colcon_core.shell:Creating environment hook '/home/tazio/psd_startup/ros2_ws/install/gui_control/share/gui_control/hook/ament_prefix_path.ps1'
[0.555s] INFO:colcon.colcon_core.shell:Creating environment descriptor '/home/tazio/psd_startup/ros2_ws/install/gui_control/share/gui_control/hook/ament_prefix_path.dsv'
[0.556s] INFO:colcon.colcon_core.shell:Creating environment hook '/home/tazio/psd_startup/ros2_ws/install/gui_control/share/gui_control/hook/ament_prefix_path.sh'
[0.561s] INFO:colcon.colcon_core.shell:Skip shell extension 'powershell' for command environment: Not usable outside of PowerShell
[0.562s] DEBUG:colcon.colcon_core.shell:Skip shell extension 'dsv' for command environment
[0.580s] INFO:colcon.colcon_ros.task.ament_python.build:Building ROS package in '/home/tazio/psd_startup/ros2_ws/src/vision' with build type 'ament_python'
[0.580s] Level 1:colcon.colcon_core.shell:create_environment_hook('vision', 'ament_prefix_path')
[0.586s] INFO:colcon.colcon_core.shell:Creating environment hook '/home/tazio/psd_startup/ros2_ws/install/vision/share/vision/hook/ament_prefix_path.ps1'
[0.586s] INFO:colcon.colcon_core.shell:Creating environment descriptor '/home/tazio/psd_startup/ros2_ws/install/vision/share/vision/hook/ament_prefix_path.dsv'
[0.586s] INFO:colcon.colcon_core.shell:Creating environment hook '/home/tazio/psd_startup/ros2_ws/install/vision/share/vision/hook/ament_prefix_path.sh'
[0.597s] INFO:colcon.colcon_core.shell:Skip shell extension 'powershell' for command environment: Not usable outside of PowerShell
[0.597s] DEBUG:colcon.colcon_core.shell:Skip shell extension 'dsv' for command environment
[0.732s] INFO:colcon.colcon_core.task.python.build:Building Python package in '/home/tazio/psd_startup/ros2_ws/src/gui_control'
[0.737s] INFO:colcon.colcon_core.shell:Skip shell extension 'powershell' for command environment: Not usable outside of PowerShell
[0.737s] DEBUG:colcon.colcon_core.shell:Skip shell extension 'dsv' for command environment
[0.849s] INFO:colcon.colcon_core.task.python.build:Building Python package in '/home/tazio/psd_startup/ros2_ws/src/vision'
[0.855s] INFO:colcon.colcon_core.shell:Skip shell extension 'powershell' for command environment: Not usable outside of PowerShell
[0.855s] DEBUG:colcon.colcon_core.shell:Skip shell extension 'dsv' for command environment
[1.002s] DEBUG:colcon.colcon_core.event_handler.log_command:Invoking command in '/home/tazio/psd_startup/ros2_ws/src/vision': PYTHONPATH=/home/tazio/psd_startup/ros2_ws/build/vision/prefix_override:/home/tazio/psd_startup/ros2_ws/install/vision/lib/python3.10/site-packages:${PYTHONPATH} /usr/bin/python3 setup.py egg_info --egg-base ../../build/vision build --build-base /home/tazio/psd_startup/ros2_ws/build/vision/build install --record /home/tazio/psd_startup/ros2_ws/build/vision/install.log --single-version-externally-managed
[1.005s] DEBUG:colcon.colcon_core.event_handler.log_command:Invoking command in '/home/tazio/psd_startup/ros2_ws/src/gui_control': PYTHONPATH=/home/tazio/psd_startup/ros2_ws/build/gui_control/prefix_override:/home/tazio/psd_startup/ros2_ws/install/gui_control/lib/python3.10/site-packages:${PYTHONPATH} /usr/bin/python3 setup.py egg_info --egg-base ../../build/gui_control build --build-base /home/tazio/psd_startup/ros2_ws/build/gui_control/build install --record /home/tazio/psd_startup/ros2_ws/build/gui_control/install.log --single-version-externally-managed
[1.119s] DEBUG:colcon.colcon_core.event_handler.log_command:Invoked command in '/home/tazio/psd_startup/ros2_ws/src/vision' returned '0': PYTHONPATH=/home/tazio/psd_startup/ros2_ws/build/vision/prefix_override:/home/tazio/psd_startup/ros2_ws/install/vision/lib/python3.10/site-packages:${PYTHONPATH} /usr/bin/python3 setup.py egg_info --egg-base ../../build/vision build --build-base /home/tazio/psd_startup/ros2_ws/build/vision/build install --record /home/tazio/psd_startup/ros2_ws/build/vision/install.log --single-version-externally-managed
[1.126s] Level 1:colcon.colcon_core.environment:checking '/home/tazio/psd_startup/ros2_ws/install/vision' for CMake module files
[1.126s] Level 1:colcon.colcon_core.environment:checking '/home/tazio/psd_startup/ros2_ws/install/vision' for CMake config files
[1.126s] Level 1:colcon.colcon_core.environment:checking '/home/tazio/psd_startup/ros2_ws/install/vision/lib'
[1.126s] Level 1:colcon.colcon_core.environment:checking '/home/tazio/psd_startup/ros2_ws/install/vision/bin'
[1.126s] Level 1:colcon.colcon_core.environment:checking '/home/tazio/psd_startup/ros2_ws/install/vision/lib/pkgconfig/vision.pc'
[1.126s] Level 1:colcon.colcon_core.environment:checking '/home/tazio/psd_startup/ros2_ws/install/vision/lib/python3.10/site-packages'
[1.126s] Level 1:colcon.colcon_core.shell:create_environment_hook('vision', 'pythonpath')
[1.132s] INFO:colcon.colcon_core.shell:Creating environment hook '/home/tazio/psd_startup/ros2_ws/install/vision/share/vision/hook/pythonpath.ps1'
[1.132s] INFO:colcon.colcon_core.shell:Creating environment descriptor '/home/tazio/psd_startup/ros2_ws/install/vision/share/vision/hook/pythonpath.dsv'
[1.132s] INFO:colcon.colcon_core.shell:Creating environment hook '/home/tazio/psd_startup/ros2_ws/install/vision/share/vision/hook/pythonpath.sh'
[1.132s] Level 1:colcon.colcon_core.environment:checking '/home/tazio/psd_startup/ros2_ws/install/vision/bin'
[1.132s] Level 1:colcon.colcon_core.environment:create_environment_scripts_only(vision)
[1.137s] INFO:colcon.colcon_core.shell:Creating package script '/home/tazio/psd_startup/ros2_ws/install/vision/share/vision/package.ps1'
[1.137s] INFO:colcon.colcon_core.shell:Creating package descriptor '/home/tazio/psd_startup/ros2_ws/install/vision/share/vision/package.dsv'
[1.138s] INFO:colcon.colcon_core.shell:Creating package script '/home/tazio/psd_startup/ros2_ws/install/vision/share/vision/package.sh'
[1.138s] INFO:colcon.colcon_core.shell:Creating package script '/home/tazio/psd_startup/ros2_ws/install/vision/share/vision/package.bash'
[1.138s] INFO:colcon.colcon_core.shell:Creating package script '/home/tazio/psd_startup/ros2_ws/install/vision/share/vision/package.zsh'
[1.138s] Level 1:colcon.colcon_core.environment:create_file_with_runtime_dependencies(/home/tazio/psd_startup/ros2_ws/install/vision/share/colcon-core/packages/vision)
[1.141s] DEBUG:colcon.colcon_core.event_handler.log_command:Invoked command in '/home/tazio/psd_startup/ros2_ws/src/gui_control' returned '0': PYTHONPATH=/home/tazio/psd_startup/ros2_ws/build/gui_control/prefix_override:/home/tazio/psd_startup/ros2_ws/install/gui_control/lib/python3.10/site-packages:${PYTHONPATH} /usr/bin/python3 setup.py egg_info --egg-base ../../build/gui_control build --build-base /home/tazio/psd_startup/ros2_ws/build/gui_control/build install --record /home/tazio/psd_startup/ros2_ws/build/gui_control/install.log --single-version-externally-managed
[1.146s] Level 1:colcon.colcon_core.environment:checking '/home/tazio/psd_startup/ros2_ws/install/gui_control' for CMake module files
[1.146s] Level 1:colcon.colcon_core.environment:checking '/home/tazio/psd_startup/ros2_ws/install/gui_control' for CMake config files
[1.146s] Level 1:colcon.colcon_core.environment:checking '/home/tazio/psd_startup/ros2_ws/install/gui_control/lib'
[1.146s] Level 1:colcon.colcon_core.environment:checking '/home/tazio/psd_startup/ros2_ws/install/gui_control/bin'
[1.146s] Level 1:colcon.colcon_core.environment:checking '/home/tazio/psd_startup/ros2_ws/install/gui_control/lib/pkgconfig/gui_control.pc'
[1.147s] Level 1:colcon.colcon_core.environment:checking '/home/tazio/psd_startup/ros2_ws/install/gui_control/lib/python3.10/site-packages'
[1.147s] Level 1:colcon.colcon_core.shell:create_environment_hook('gui_control', 'pythonpath')
[1.152s] INFO:colcon.colcon_core.shell:Creating environment hook '/home/tazio/psd_startup/ros2_ws/install/gui_control/share/gui_control/hook/pythonpath.ps1'
[1.152s] INFO:colcon.colcon_core.shell:Creating environment descriptor '/home/tazio/psd_startup/ros2_ws/install/gui_control/share/gui_control/hook/pythonpath.dsv'
[1.152s] INFO:colcon.colcon_core.shell:Creating environment hook '/home/tazio/psd_startup/ros2_ws/install/gui_control/share/gui_control/hook/pythonpath.sh'
[1.152s] Level 1:colcon.colcon_core.environment:checking '/home/tazio/psd_startup/ros2_ws/install/gui_control/bin'
[1.152s] Level 1:colcon.colcon_core.environment:create_environment_scripts_only(gui_control)
[1.157s] INFO:colcon.colcon_core.shell:Creating package script '/home/tazio/psd_startup/ros2_ws/install/gui_control/share/gui_control/package.ps1'
[1.157s] INFO:colcon.colcon_core.shell:Creating package descriptor '/home/tazio/psd_startup/ros2_ws/install/gui_control/share/gui_control/package.dsv'
[1.157s] INFO:colcon.colcon_core.shell:Creating package script '/home/tazio/psd_startup/ros2_ws/install/gui_control/share/gui_control/package.sh'
[1.157s] INFO:colcon.colcon_core.shell:Creating package script '/home/tazio/psd_startup/ros2_ws/install/gui_control/share/gui_control/package.bash'
[1.157s] INFO:colcon.colcon_core.shell:Creating package script '/home/tazio/psd_startup/ros2_ws/install/gui_control/share/gui_control/package.zsh'
[1.158s] Level 1:colcon.colcon_core.environment:create_file_with_runtime_dependencies(/home/tazio/psd_startup/ros2_ws/install/gui_control/share/colcon-core/packages/gui_control)
[1.158s] DEBUG:colcon.colcon_parallel_executor.executor.parallel:closing loop
[1.158s] DEBUG:colcon.colcon_parallel_executor.executor.parallel:loop closed
[1.158s] DEBUG:colcon.colcon_parallel_executor.executor.parallel:run_until_complete finished with '0'
[1.158s] DEBUG:colcon.colcon_core.event_reactor:joining thread
[1.165s] INFO:colcon.colcon_core.plugin_system:Skipping extension 'colcon_notification.desktop_notification.terminal_notifier': Not used on non-Darwin systems
[1.165s] INFO:colcon.colcon_core.plugin_system:Skipping extension 'colcon_notification.desktop_notification.win32': Not used on non-Windows systems
[1.165s] INFO:colcon.colcon_notification.desktop_notification:Sending desktop notification using 'notify2'
[1.172s] DEBUG:colcon.colcon_core.event_reactor:joined thread
[1.177s] INFO:colcon.colcon_core.shell:Creating prefix script '/home/tazio/psd_startup/ros2_ws/install/local_setup.ps1'
[1.177s] INFO:colcon.colcon_core.shell:Creating prefix util module '/home/tazio/psd_startup/ros2_ws/install/_local_setup_util_ps1.py'
[1.178s] INFO:colcon.colcon_core.shell:Creating prefix chain script '/home/tazio/psd_startup/ros2_ws/install/setup.ps1'
[1.183s] INFO:colcon.colcon_core.shell:Creating prefix script '/home/tazio/psd_startup/ros2_ws/install/local_setup.sh'
[1.183s] INFO:colcon.colcon_core.shell:Creating prefix util module '/home/tazio/psd_startup/ros2_ws/install/_local_setup_util_sh.py'
[1.183s] INFO:colcon.colcon_core.shell:Creating prefix chain script '/home/tazio/psd_startup/ros2_ws/install/setup.sh'
[1.189s] INFO:colcon.colcon_core.shell:Creating prefix script '/home/tazio/psd_startup/ros2_ws/install/local_setup.bash'
[1.189s] INFO:colcon.colcon_core.shell:Creating prefix chain script '/home/tazio/psd_startup/ros2_ws/install/setup.bash'
[1.194s] INFO:colcon.colcon_core.shell:Creating prefix script '/home/tazio/psd_startup/ros2_ws/install/local_setup.zsh'
[1.194s] INFO:colcon.colcon_core.shell:Creating prefix chain script '/home/tazio/psd_startup/ros2_ws/install/setup.zsh'
