[0.169s] Invoking command in '/home/psd/psd_ws/build/steering_controllers_library': AMENT_PREFIX_PATH=/home/psd/psd_ws/install/controller_manager:/home/psd/psd_ws/install/controller_interface:/home/psd/psd_ws/install/hardware_interface:/home/psd/psd_ws/install/ros2_control_test_assets:/home/psd/psd_ws/install/realtime_tools:/home/psd/psd_ws/install/controller_manager_msgs:/home/psd/psd_ws/install/control_msgs:${AMENT_PREFIX_PATH} CMAKE_PREFIX_PATH=/home/psd/psd_ws/install/controller_manager:/home/psd/psd_ws/install/controller_interface:/home/psd/psd_ws/install/hardware_interface:/home/psd/psd_ws/install/ros2_control_test_assets:/home/psd/psd_ws/install/realtime_tools:/home/psd/psd_ws/install/controller_manager_msgs:/home/psd/psd_ws/install/control_msgs:/opt/ros/humble LD_LIBRARY_PATH=/home/psd/psd_ws/install/controller_manager/lib:/home/psd/psd_ws/install/controller_interface/lib:/home/psd/psd_ws/install/hardware_interface/lib:/home/psd/psd_ws/install/realtime_tools/lib:/home/psd/psd_ws/install/controller_manager_msgs/lib:/home/psd/psd_ws/install/control_msgs/lib:${LD_LIBRARY_PATH} PYTHONPATH=/home/psd/psd_ws/install/controller_manager/local/lib/python3.10/dist-packages:/home/psd/psd_ws/install/controller_manager_msgs/local/lib/python3.10/dist-packages:/home/psd/psd_ws/install/control_msgs/local/lib/python3.10/dist-packages:${PYTHONPATH} /usr/bin/cmake --build /home/psd/psd_ws/build/steering_controllers_library -- -j20 -l20
[0.213s] [35m[1mConsolidate compiler generated dependencies of target gmock_main[0m
[0.213s] [35m[1mConsolidate compiler generated dependencies of target gmock[0m
[0.222s] [  7%] Built target steering_controllers_library_parameters
[0.231s] [ 30%] Built target gmock
[0.232s] [ 46%] Built target gmock_main
[0.238s] [35m[1mConsolidate compiler generated dependencies of target steering_controllers_library[0m
[0.263s] [ 69%] Built target steering_controllers_library
[0.276s] [35m[1mConsolidate compiler generated dependencies of target test_steering_controllers_library[0m
[0.277s] [35m[1mConsolidate compiler generated dependencies of target test_steering_odometry[0m
[0.299s] [ 84%] Built target test_steering_odometry
[0.301s] [100%] Built target test_steering_controllers_library
[0.315s] Invoked command in '/home/psd/psd_ws/build/steering_controllers_library' returned '0': AMENT_PREFIX_PATH=/home/psd/psd_ws/install/controller_manager:/home/psd/psd_ws/install/controller_interface:/home/psd/psd_ws/install/hardware_interface:/home/psd/psd_ws/install/ros2_control_test_assets:/home/psd/psd_ws/install/realtime_tools:/home/psd/psd_ws/install/controller_manager_msgs:/home/psd/psd_ws/install/control_msgs:${AMENT_PREFIX_PATH} CMAKE_PREFIX_PATH=/home/psd/psd_ws/install/controller_manager:/home/psd/psd_ws/install/controller_interface:/home/psd/psd_ws/install/hardware_interface:/home/psd/psd_ws/install/ros2_control_test_assets:/home/psd/psd_ws/install/realtime_tools:/home/psd/psd_ws/install/controller_manager_msgs:/home/psd/psd_ws/install/control_msgs:/opt/ros/humble LD_LIBRARY_PATH=/home/psd/psd_ws/install/controller_manager/lib:/home/psd/psd_ws/install/controller_interface/lib:/home/psd/psd_ws/install/hardware_interface/lib:/home/psd/psd_ws/install/realtime_tools/lib:/home/psd/psd_ws/install/controller_manager_msgs/lib:/home/psd/psd_ws/install/control_msgs/lib:${LD_LIBRARY_PATH} PYTHONPATH=/home/psd/psd_ws/install/controller_manager/local/lib/python3.10/dist-packages:/home/psd/psd_ws/install/controller_manager_msgs/local/lib/python3.10/dist-packages:/home/psd/psd_ws/install/control_msgs/local/lib/python3.10/dist-packages:${PYTHONPATH} /usr/bin/cmake --build /home/psd/psd_ws/build/steering_controllers_library -- -j20 -l20
[0.355s] Invoking command in '/home/psd/psd_ws/build/steering_controllers_library': AMENT_PREFIX_PATH=/home/psd/psd_ws/install/controller_manager:/home/psd/psd_ws/install/controller_interface:/home/psd/psd_ws/install/hardware_interface:/home/psd/psd_ws/install/ros2_control_test_assets:/home/psd/psd_ws/install/realtime_tools:/home/psd/psd_ws/install/controller_manager_msgs:/home/psd/psd_ws/install/control_msgs:${AMENT_PREFIX_PATH} CMAKE_PREFIX_PATH=/home/psd/psd_ws/install/controller_manager:/home/psd/psd_ws/install/controller_interface:/home/psd/psd_ws/install/hardware_interface:/home/psd/psd_ws/install/ros2_control_test_assets:/home/psd/psd_ws/install/realtime_tools:/home/psd/psd_ws/install/controller_manager_msgs:/home/psd/psd_ws/install/control_msgs:/opt/ros/humble LD_LIBRARY_PATH=/home/psd/psd_ws/install/controller_manager/lib:/home/psd/psd_ws/install/controller_interface/lib:/home/psd/psd_ws/install/hardware_interface/lib:/home/psd/psd_ws/install/realtime_tools/lib:/home/psd/psd_ws/install/controller_manager_msgs/lib:/home/psd/psd_ws/install/control_msgs/lib:${LD_LIBRARY_PATH} PYTHONPATH=/home/psd/psd_ws/install/controller_manager/local/lib/python3.10/dist-packages:/home/psd/psd_ws/install/controller_manager_msgs/local/lib/python3.10/dist-packages:/home/psd/psd_ws/install/control_msgs/local/lib/python3.10/dist-packages:${PYTHONPATH} /usr/bin/cmake --install /home/psd/psd_ws/build/steering_controllers_library
[0.368s] -- Install configuration: ""
[0.368s] -- Up-to-date: /home/psd/psd_ws/install/steering_controllers_library/include/steering_controllers_library_parameters
[0.369s] -- Up-to-date: /home/psd/psd_ws/install/steering_controllers_library/include/steering_controllers_library_parameters/steering_controllers_library_parameters.hpp
[0.369s] -- Up-to-date: /home/psd/psd_ws/install/steering_controllers_library/include/steering_controllers_library
[0.370s] -- Up-to-date: /home/psd/psd_ws/install/steering_controllers_library/include/steering_controllers_library/steering_controllers_library
[0.370s] -- Up-to-date: /home/psd/psd_ws/install/steering_controllers_library/include/steering_controllers_library/steering_controllers_library/steering_controllers_library.hpp
[0.370s] -- Up-to-date: /home/psd/psd_ws/install/steering_controllers_library/include/steering_controllers_library/steering_controllers_library/steering_odometry.hpp
[0.370s] -- Up-to-date: /home/psd/psd_ws/install/steering_controllers_library/include/steering_controllers_library/steering_controllers_library/visibility_control.h
[0.373s] -- Up-to-date: /home/psd/psd_ws/install/steering_controllers_library/lib/libsteering_controllers_library.so
[0.375s] -- Up-to-date: /home/psd/psd_ws/install/steering_controllers_library/share/steering_controllers_library/environment/library_path.sh
[0.375s] -- Up-to-date: /home/psd/psd_ws/install/steering_controllers_library/share/steering_controllers_library/environment/library_path.dsv
[0.375s] -- Up-to-date: /home/psd/psd_ws/install/steering_controllers_library/share/ament_index/resource_index/package_run_dependencies/steering_controllers_library
[0.375s] -- Up-to-date: /home/psd/psd_ws/install/steering_controllers_library/share/ament_index/resource_index/parent_prefix_path/steering_controllers_library
[0.375s] -- Up-to-date: /home/psd/psd_ws/install/steering_controllers_library/share/steering_controllers_library/environment/ament_prefix_path.sh
[0.375s] -- Up-to-date: /home/psd/psd_ws/install/steering_controllers_library/share/steering_controllers_library/environment/ament_prefix_path.dsv
[0.375s] -- Up-to-date: /home/psd/psd_ws/install/steering_controllers_library/share/steering_controllers_library/environment/path.sh
[0.377s] -- Up-to-date: /home/psd/psd_ws/install/steering_controllers_library/share/steering_controllers_library/environment/path.dsv
[0.377s] -- Up-to-date: /home/psd/psd_ws/install/steering_controllers_library/share/steering_controllers_library/local_setup.bash
[0.378s] -- Up-to-date: /home/psd/psd_ws/install/steering_controllers_library/share/steering_controllers_library/local_setup.sh
[0.378s] -- Up-to-date: /home/psd/psd_ws/install/steering_controllers_library/share/steering_controllers_library/local_setup.zsh
[0.378s] -- Up-to-date: /home/psd/psd_ws/install/steering_controllers_library/share/steering_controllers_library/local_setup.dsv
[0.378s] -- Installing: /home/psd/psd_ws/install/steering_controllers_library/share/steering_controllers_library/package.dsv
[0.379s] -- Up-to-date: /home/psd/psd_ws/install/steering_controllers_library/share/ament_index/resource_index/packages/steering_controllers_library
[0.379s] -- Up-to-date: /home/psd/psd_ws/install/steering_controllers_library/share/steering_controllers_library/cmake/export_steering_controllers_libraryExport.cmake
[0.379s] -- Up-to-date: /home/psd/psd_ws/install/steering_controllers_library/share/steering_controllers_library/cmake/export_steering_controllers_libraryExport-noconfig.cmake
[0.380s] -- Up-to-date: /home/psd/psd_ws/install/steering_controllers_library/share/steering_controllers_library/cmake/ament_cmake_export_targets-extras.cmake
[0.380s] -- Up-to-date: /home/psd/psd_ws/install/steering_controllers_library/share/steering_controllers_library/cmake/ament_cmake_export_dependencies-extras.cmake
[0.380s] -- Up-to-date: /home/psd/psd_ws/install/steering_controllers_library/share/steering_controllers_library/cmake/steering_controllers_libraryConfig.cmake
[0.380s] -- Up-to-date: /home/psd/psd_ws/install/steering_controllers_library/share/steering_controllers_library/cmake/steering_controllers_libraryConfig-version.cmake
[0.380s] -- Up-to-date: /home/psd/psd_ws/install/steering_controllers_library/share/steering_controllers_library/package.xml
[0.390s] Invoked command in '/home/psd/psd_ws/build/steering_controllers_library' returned '0': AMENT_PREFIX_PATH=/home/psd/psd_ws/install/controller_manager:/home/psd/psd_ws/install/controller_interface:/home/psd/psd_ws/install/hardware_interface:/home/psd/psd_ws/install/ros2_control_test_assets:/home/psd/psd_ws/install/realtime_tools:/home/psd/psd_ws/install/controller_manager_msgs:/home/psd/psd_ws/install/control_msgs:${AMENT_PREFIX_PATH} CMAKE_PREFIX_PATH=/home/psd/psd_ws/install/controller_manager:/home/psd/psd_ws/install/controller_interface:/home/psd/psd_ws/install/hardware_interface:/home/psd/psd_ws/install/ros2_control_test_assets:/home/psd/psd_ws/install/realtime_tools:/home/psd/psd_ws/install/controller_manager_msgs:/home/psd/psd_ws/install/control_msgs:/opt/ros/humble LD_LIBRARY_PATH=/home/psd/psd_ws/install/controller_manager/lib:/home/psd/psd_ws/install/controller_interface/lib:/home/psd/psd_ws/install/hardware_interface/lib:/home/psd/psd_ws/install/realtime_tools/lib:/home/psd/psd_ws/install/controller_manager_msgs/lib:/home/psd/psd_ws/install/control_msgs/lib:${LD_LIBRARY_PATH} PYTHONPATH=/home/psd/psd_ws/install/controller_manager/local/lib/python3.10/dist-packages:/home/psd/psd_ws/install/controller_manager_msgs/local/lib/python3.10/dist-packages:/home/psd/psd_ws/install/control_msgs/local/lib/python3.10/dist-packages:${PYTHONPATH} /usr/bin/cmake --install /home/psd/psd_ws/build/steering_controllers_library
