[0.038s] Invoking command in '/home/psd/psd_ws/build/forward_command_controller': AMENT_PREFIX_PATH=/home/psd/psd_ws/install/controller_manager:/home/psd/psd_ws/install/hardware_interface_testing:/home/psd/psd_ws/install/controller_interface:/home/psd/psd_ws/install/hardware_interface:/home/psd/psd_ws/install/ros2_control_test_assets:/home/psd/psd_ws/install/realtime_tools:/home/psd/psd_ws/install/controller_manager_msgs:/home/psd/psd_ws/install/control_msgs:${AMENT_PREFIX_PATH} CMAKE_PREFIX_PATH=/home/psd/psd_ws/install/controller_manager:/home/psd/psd_ws/install/hardware_interface_testing:/home/psd/psd_ws/install/controller_interface:/home/psd/psd_ws/install/hardware_interface:/home/psd/psd_ws/install/ros2_control_test_assets:/home/psd/psd_ws/install/realtime_tools:/home/psd/psd_ws/install/controller_manager_msgs:/home/psd/psd_ws/install/control_msgs:/opt/ros/humble LD_LIBRARY_PATH=/home/psd/psd_ws/install/controller_manager/lib:/home/psd/psd_ws/install/hardware_interface_testing/lib:/home/psd/psd_ws/install/controller_interface/lib:/home/psd/psd_ws/install/hardware_interface/lib:/home/psd/psd_ws/install/realtime_tools/lib:/home/psd/psd_ws/install/controller_manager_msgs/lib:/home/psd/psd_ws/install/control_msgs/lib:${LD_LIBRARY_PATH} PYTHONPATH=/home/psd/psd_ws/install/controller_manager/local/lib/python3.10/dist-packages:/home/psd/psd_ws/install/controller_manager_msgs/local/lib/python3.10/dist-packages:/home/psd/psd_ws/install/control_msgs/local/lib/python3.10/dist-packages:${PYTHONPATH} /usr/bin/cmake --build /home/psd/psd_ws/build/forward_command_controller -- -j20 -l20
[0.185s] [  5%] Built target forward_command_controller_parameters
[0.186s] [ 10%] Built target multi_interface_forward_command_controller_parameters
[0.186s] [ 21%] Built target gmock_main
[0.186s] [ 36%] Built target gmock
[0.186s] [ 57%] Built target forward_command_controller
[0.186s] [ 68%] Built target test_forward_command_controller
[0.186s] [ 78%] Built target test_load_forward_command_controller
[0.186s] [ 89%] Built target test_load_multi_interface_forward_command_controller
[0.186s] [100%] Built target test_multi_interface_forward_command_controller
[0.199s] Invoked command in '/home/psd/psd_ws/build/forward_command_controller' returned '0': AMENT_PREFIX_PATH=/home/psd/psd_ws/install/controller_manager:/home/psd/psd_ws/install/hardware_interface_testing:/home/psd/psd_ws/install/controller_interface:/home/psd/psd_ws/install/hardware_interface:/home/psd/psd_ws/install/ros2_control_test_assets:/home/psd/psd_ws/install/realtime_tools:/home/psd/psd_ws/install/controller_manager_msgs:/home/psd/psd_ws/install/control_msgs:${AMENT_PREFIX_PATH} CMAKE_PREFIX_PATH=/home/psd/psd_ws/install/controller_manager:/home/psd/psd_ws/install/hardware_interface_testing:/home/psd/psd_ws/install/controller_interface:/home/psd/psd_ws/install/hardware_interface:/home/psd/psd_ws/install/ros2_control_test_assets:/home/psd/psd_ws/install/realtime_tools:/home/psd/psd_ws/install/controller_manager_msgs:/home/psd/psd_ws/install/control_msgs:/opt/ros/humble LD_LIBRARY_PATH=/home/psd/psd_ws/install/controller_manager/lib:/home/psd/psd_ws/install/hardware_interface_testing/lib:/home/psd/psd_ws/install/controller_interface/lib:/home/psd/psd_ws/install/hardware_interface/lib:/home/psd/psd_ws/install/realtime_tools/lib:/home/psd/psd_ws/install/controller_manager_msgs/lib:/home/psd/psd_ws/install/control_msgs/lib:${LD_LIBRARY_PATH} PYTHONPATH=/home/psd/psd_ws/install/controller_manager/local/lib/python3.10/dist-packages:/home/psd/psd_ws/install/controller_manager_msgs/local/lib/python3.10/dist-packages:/home/psd/psd_ws/install/control_msgs/local/lib/python3.10/dist-packages:${PYTHONPATH} /usr/bin/cmake --build /home/psd/psd_ws/build/forward_command_controller -- -j20 -l20
[0.276s] Invoking command in '/home/psd/psd_ws/build/forward_command_controller': AMENT_PREFIX_PATH=/home/psd/psd_ws/install/controller_manager:/home/psd/psd_ws/install/hardware_interface_testing:/home/psd/psd_ws/install/controller_interface:/home/psd/psd_ws/install/hardware_interface:/home/psd/psd_ws/install/ros2_control_test_assets:/home/psd/psd_ws/install/realtime_tools:/home/psd/psd_ws/install/controller_manager_msgs:/home/psd/psd_ws/install/control_msgs:${AMENT_PREFIX_PATH} CMAKE_PREFIX_PATH=/home/psd/psd_ws/install/controller_manager:/home/psd/psd_ws/install/hardware_interface_testing:/home/psd/psd_ws/install/controller_interface:/home/psd/psd_ws/install/hardware_interface:/home/psd/psd_ws/install/ros2_control_test_assets:/home/psd/psd_ws/install/realtime_tools:/home/psd/psd_ws/install/controller_manager_msgs:/home/psd/psd_ws/install/control_msgs:/opt/ros/humble LD_LIBRARY_PATH=/home/psd/psd_ws/install/controller_manager/lib:/home/psd/psd_ws/install/hardware_interface_testing/lib:/home/psd/psd_ws/install/controller_interface/lib:/home/psd/psd_ws/install/hardware_interface/lib:/home/psd/psd_ws/install/realtime_tools/lib:/home/psd/psd_ws/install/controller_manager_msgs/lib:/home/psd/psd_ws/install/control_msgs/lib:${LD_LIBRARY_PATH} PYTHONPATH=/home/psd/psd_ws/install/controller_manager/local/lib/python3.10/dist-packages:/home/psd/psd_ws/install/controller_manager_msgs/local/lib/python3.10/dist-packages:/home/psd/psd_ws/install/control_msgs/local/lib/python3.10/dist-packages:${PYTHONPATH} /usr/bin/cmake --install /home/psd/psd_ws/build/forward_command_controller
[0.284s] -- Install configuration: ""
[0.285s] -- Up-to-date: /home/psd/psd_ws/install/forward_command_controller/include/forward_command_controller_parameters
[0.286s] -- Up-to-date: /home/psd/psd_ws/install/forward_command_controller/include/forward_command_controller_parameters/forward_command_controller_parameters.hpp
[0.286s] -- Up-to-date: /home/psd/psd_ws/install/forward_command_controller/include/multi_interface_forward_command_controller_parameters
[0.286s] -- Up-to-date: /home/psd/psd_ws/install/forward_command_controller/include/multi_interface_forward_command_controller_parameters/multi_interface_forward_command_controller_parameters.hpp
[0.286s] -- Up-to-date: /home/psd/psd_ws/install/forward_command_controller/share/forward_command_controller/forward_command_plugin.xml
[0.286s] -- Up-to-date: /home/psd/psd_ws/install/forward_command_controller/include/forward_command_controller
[0.286s] -- Up-to-date: /home/psd/psd_ws/install/forward_command_controller/include/forward_command_controller/forward_command_controller
[0.286s] -- Up-to-date: /home/psd/psd_ws/install/forward_command_controller/include/forward_command_controller/forward_command_controller/forward_command_controller.hpp
[0.286s] -- Up-to-date: /home/psd/psd_ws/install/forward_command_controller/include/forward_command_controller/forward_command_controller/multi_interface_forward_command_controller.hpp
[0.286s] -- Up-to-date: /home/psd/psd_ws/install/forward_command_controller/include/forward_command_controller/forward_command_controller/visibility_control.h
[0.287s] -- Up-to-date: /home/psd/psd_ws/install/forward_command_controller/include/forward_command_controller/forward_command_controller/forward_controllers_base.hpp
[0.287s] -- Up-to-date: /home/psd/psd_ws/install/forward_command_controller/lib/libforward_command_controller.so
[0.287s] -- Up-to-date: /home/psd/psd_ws/install/forward_command_controller/share/forward_command_controller/environment/library_path.sh
[0.287s] -- Up-to-date: /home/psd/psd_ws/install/forward_command_controller/share/forward_command_controller/environment/library_path.dsv
[0.288s] -- Up-to-date: /home/psd/psd_ws/install/forward_command_controller/share/ament_index/resource_index/package_run_dependencies/forward_command_controller
[0.288s] -- Up-to-date: /home/psd/psd_ws/install/forward_command_controller/share/ament_index/resource_index/parent_prefix_path/forward_command_controller
[0.288s] -- Up-to-date: /home/psd/psd_ws/install/forward_command_controller/share/forward_command_controller/environment/ament_prefix_path.sh
[0.288s] -- Up-to-date: /home/psd/psd_ws/install/forward_command_controller/share/forward_command_controller/environment/ament_prefix_path.dsv
[0.288s] -- Up-to-date: /home/psd/psd_ws/install/forward_command_controller/share/forward_command_controller/environment/path.sh
[0.288s] -- Up-to-date: /home/psd/psd_ws/install/forward_command_controller/share/forward_command_controller/environment/path.dsv
[0.288s] -- Up-to-date: /home/psd/psd_ws/install/forward_command_controller/share/forward_command_controller/local_setup.bash
[0.288s] -- Up-to-date: /home/psd/psd_ws/install/forward_command_controller/share/forward_command_controller/local_setup.sh
[0.288s] -- Up-to-date: /home/psd/psd_ws/install/forward_command_controller/share/forward_command_controller/local_setup.zsh
[0.288s] -- Up-to-date: /home/psd/psd_ws/install/forward_command_controller/share/forward_command_controller/local_setup.dsv
[0.288s] -- Installing: /home/psd/psd_ws/install/forward_command_controller/share/forward_command_controller/package.dsv
[0.289s] -- Up-to-date: /home/psd/psd_ws/install/forward_command_controller/share/ament_index/resource_index/packages/forward_command_controller
[0.289s] -- Up-to-date: /home/psd/psd_ws/install/forward_command_controller/share/ament_index/resource_index/controller_interface__pluginlib__plugin/forward_command_controller
[0.289s] -- Up-to-date: /home/psd/psd_ws/install/forward_command_controller/share/forward_command_controller/cmake/export_forward_command_controllerExport.cmake
[0.290s] -- Up-to-date: /home/psd/psd_ws/install/forward_command_controller/share/forward_command_controller/cmake/export_forward_command_controllerExport-noconfig.cmake
[0.290s] -- Up-to-date: /home/psd/psd_ws/install/forward_command_controller/share/forward_command_controller/cmake/ament_cmake_export_targets-extras.cmake
[0.290s] -- Up-to-date: /home/psd/psd_ws/install/forward_command_controller/share/forward_command_controller/cmake/ament_cmake_export_dependencies-extras.cmake
[0.291s] -- Up-to-date: /home/psd/psd_ws/install/forward_command_controller/share/forward_command_controller/cmake/forward_command_controllerConfig.cmake
[0.291s] -- Up-to-date: /home/psd/psd_ws/install/forward_command_controller/share/forward_command_controller/cmake/forward_command_controllerConfig-version.cmake
[0.291s] -- Up-to-date: /home/psd/psd_ws/install/forward_command_controller/share/forward_command_controller/package.xml
[0.292s] Invoked command in '/home/psd/psd_ws/build/forward_command_controller' returned '0': AMENT_PREFIX_PATH=/home/psd/psd_ws/install/controller_manager:/home/psd/psd_ws/install/hardware_interface_testing:/home/psd/psd_ws/install/controller_interface:/home/psd/psd_ws/install/hardware_interface:/home/psd/psd_ws/install/ros2_control_test_assets:/home/psd/psd_ws/install/realtime_tools:/home/psd/psd_ws/install/controller_manager_msgs:/home/psd/psd_ws/install/control_msgs:${AMENT_PREFIX_PATH} CMAKE_PREFIX_PATH=/home/psd/psd_ws/install/controller_manager:/home/psd/psd_ws/install/hardware_interface_testing:/home/psd/psd_ws/install/controller_interface:/home/psd/psd_ws/install/hardware_interface:/home/psd/psd_ws/install/ros2_control_test_assets:/home/psd/psd_ws/install/realtime_tools:/home/psd/psd_ws/install/controller_manager_msgs:/home/psd/psd_ws/install/control_msgs:/opt/ros/humble LD_LIBRARY_PATH=/home/psd/psd_ws/install/controller_manager/lib:/home/psd/psd_ws/install/hardware_interface_testing/lib:/home/psd/psd_ws/install/controller_interface/lib:/home/psd/psd_ws/install/hardware_interface/lib:/home/psd/psd_ws/install/realtime_tools/lib:/home/psd/psd_ws/install/controller_manager_msgs/lib:/home/psd/psd_ws/install/control_msgs/lib:${LD_LIBRARY_PATH} PYTHONPATH=/home/psd/psd_ws/install/controller_manager/local/lib/python3.10/dist-packages:/home/psd/psd_ws/install/controller_manager_msgs/local/lib/python3.10/dist-packages:/home/psd/psd_ws/install/control_msgs/local/lib/python3.10/dist-packages:${PYTHONPATH} /usr/bin/cmake --install /home/psd/psd_ws/build/forward_command_controller
