[0.043s] Invoking command in '/psd_ws/build/psd_vehicle_controller': CMAKE_PREFIX_PATH=/psd_ws/install/psd_vehicle_description:/psd_ws/install/ros_components_description:/psd_ws/install/psd_vehicle_hardware_interfaces:/psd_ws/install/psd_vehicle_bringup:/psd_ws/install/psd_vehicle_controller:/psd_ws/install/psd_vehicle_interfaces:/psd_ws/install/psd_vehicle_gazebo:/psd_ws/install/psd_gazebo_worlds:/psd_ws/install/ign_ros2_control_demos:/psd_ws/install/ign_ros2_control:/psd_ws/install/core:/opt/ros/humble /usr/bin/cmake /psd_ws/src/psd_vehicle_ros/psd_vehicle_controller -DCMAKE_INSTALL_PREFIX=/psd_ws/install/psd_vehicle_controller
[0.084s] -- The C compiler identification is GNU 11.4.0
[0.132s] -- The CXX compiler identification is GNU 11.4.0
[0.139s] -- Detecting C compiler ABI info
[0.193s] -- Detecting C compiler ABI info - done
[0.201s] -- Check for working C compiler: /usr/bin/cc - skipped
[0.202s] -- Detecting C compile features
[0.202s] -- Detecting C compile features - done
[0.206s] -- Detecting CXX compiler ABI info
[0.270s] -- Detecting CXX compiler ABI info - done
[0.279s] -- Check for working CXX compiler: /usr/bin/c++ - skipped
[0.279s] -- Detecting CXX compile features
[0.279s] -- Detecting CXX compile features - done
[0.283s] -- Found ament_cmake: 1.3.8 (/opt/ros/humble/share/ament_cmake/cmake)
[0.419s] -- Found Python3: /usr/bin/python3 (found version "3.10.12") found components: Interpreter 
[0.590s] -- Configuring done
[0.593s] -- Generating done
[0.593s] -- Build files have been written to: /psd_ws/build/psd_vehicle_controller
[0.597s] Invoked command in '/psd_ws/build/psd_vehicle_controller' returned '0': CMAKE_PREFIX_PATH=/psd_ws/install/psd_vehicle_description:/psd_ws/install/ros_components_description:/psd_ws/install/psd_vehicle_hardware_interfaces:/psd_ws/install/psd_vehicle_bringup:/psd_ws/install/psd_vehicle_controller:/psd_ws/install/psd_vehicle_interfaces:/psd_ws/install/psd_vehicle_gazebo:/psd_ws/install/psd_gazebo_worlds:/psd_ws/install/ign_ros2_control_demos:/psd_ws/install/ign_ros2_control:/psd_ws/install/core:/opt/ros/humble /usr/bin/cmake /psd_ws/src/psd_vehicle_ros/psd_vehicle_controller -DCMAKE_INSTALL_PREFIX=/psd_ws/install/psd_vehicle_controller
[0.598s] Invoking command in '/psd_ws/build/psd_vehicle_controller': CMAKE_PREFIX_PATH=/psd_ws/install/psd_vehicle_description:/psd_ws/install/ros_components_description:/psd_ws/install/psd_vehicle_hardware_interfaces:/psd_ws/install/psd_vehicle_bringup:/psd_ws/install/psd_vehicle_controller:/psd_ws/install/psd_vehicle_interfaces:/psd_ws/install/psd_vehicle_gazebo:/psd_ws/install/psd_gazebo_worlds:/psd_ws/install/ign_ros2_control_demos:/psd_ws/install/ign_ros2_control:/psd_ws/install/core:/opt/ros/humble /usr/bin/cmake --build /psd_ws/build/psd_vehicle_controller -- -j20 -l20
[0.630s] Invoked command in '/psd_ws/build/psd_vehicle_controller' returned '0': CMAKE_PREFIX_PATH=/psd_ws/install/psd_vehicle_description:/psd_ws/install/ros_components_description:/psd_ws/install/psd_vehicle_hardware_interfaces:/psd_ws/install/psd_vehicle_bringup:/psd_ws/install/psd_vehicle_controller:/psd_ws/install/psd_vehicle_interfaces:/psd_ws/install/psd_vehicle_gazebo:/psd_ws/install/psd_gazebo_worlds:/psd_ws/install/ign_ros2_control_demos:/psd_ws/install/ign_ros2_control:/psd_ws/install/core:/opt/ros/humble /usr/bin/cmake --build /psd_ws/build/psd_vehicle_controller -- -j20 -l20
[0.646s] Invoking command in '/psd_ws/build/psd_vehicle_controller': CMAKE_PREFIX_PATH=/psd_ws/install/psd_vehicle_description:/psd_ws/install/ros_components_description:/psd_ws/install/psd_vehicle_hardware_interfaces:/psd_ws/install/psd_vehicle_bringup:/psd_ws/install/psd_vehicle_controller:/psd_ws/install/psd_vehicle_interfaces:/psd_ws/install/psd_vehicle_gazebo:/psd_ws/install/psd_gazebo_worlds:/psd_ws/install/ign_ros2_control_demos:/psd_ws/install/ign_ros2_control:/psd_ws/install/core:/opt/ros/humble /usr/bin/cmake --install /psd_ws/build/psd_vehicle_controller
[0.651s] -- Install configuration: ""
[0.651s] -- Installing: /psd_ws/install/psd_vehicle_controller/share/psd_vehicle_controller/launch
[0.651s] -- Installing: /psd_ws/install/psd_vehicle_controller/share/psd_vehicle_controller/launch/controller.launch.py
[0.652s] -- Installing: /psd_ws/install/psd_vehicle_controller/share/psd_vehicle_controller/config
[0.652s] -- Installing: /psd_ws/install/psd_vehicle_controller/share/psd_vehicle_controller/config/diff_drive_controller.yaml
[0.652s] -- Installing: /psd_ws/install/psd_vehicle_controller/share/ament_index/resource_index/package_run_dependencies/psd_vehicle_controller
[0.652s] -- Installing: /psd_ws/install/psd_vehicle_controller/share/ament_index/resource_index/parent_prefix_path/psd_vehicle_controller
[0.652s] -- Installing: /psd_ws/install/psd_vehicle_controller/share/psd_vehicle_controller/environment/ament_prefix_path.sh
[0.652s] -- Installing: /psd_ws/install/psd_vehicle_controller/share/psd_vehicle_controller/environment/ament_prefix_path.dsv
[0.652s] -- Installing: /psd_ws/install/psd_vehicle_controller/share/psd_vehicle_controller/environment/path.sh
[0.652s] -- Installing: /psd_ws/install/psd_vehicle_controller/share/psd_vehicle_controller/environment/path.dsv
[0.652s] -- Installing: /psd_ws/install/psd_vehicle_controller/share/psd_vehicle_controller/local_setup.bash
[0.652s] -- Installing: /psd_ws/install/psd_vehicle_controller/share/psd_vehicle_controller/local_setup.sh
[0.653s] -- Installing: /psd_ws/install/psd_vehicle_controller/share/psd_vehicle_controller/local_setup.zsh
[0.653s] -- Installing: /psd_ws/install/psd_vehicle_controller/share/psd_vehicle_controller/local_setup.dsv
[0.653s] -- Installing: /psd_ws/install/psd_vehicle_controller/share/psd_vehicle_controller/package.dsv
[0.653s] -- Installing: /psd_ws/install/psd_vehicle_controller/share/ament_index/resource_index/packages/psd_vehicle_controller
[0.653s] -- Installing: /psd_ws/install/psd_vehicle_controller/share/psd_vehicle_controller/cmake/psd_vehicle_controllerConfig.cmake
[0.653s] -- Installing: /psd_ws/install/psd_vehicle_controller/share/psd_vehicle_controller/cmake/psd_vehicle_controllerConfig-version.cmake
[0.653s] -- Installing: /psd_ws/install/psd_vehicle_controller/share/psd_vehicle_controller/package.xml
[0.654s] Invoked command in '/psd_ws/build/psd_vehicle_controller' returned '0': CMAKE_PREFIX_PATH=/psd_ws/install/psd_vehicle_description:/psd_ws/install/ros_components_description:/psd_ws/install/psd_vehicle_hardware_interfaces:/psd_ws/install/psd_vehicle_bringup:/psd_ws/install/psd_vehicle_controller:/psd_ws/install/psd_vehicle_interfaces:/psd_ws/install/psd_vehicle_gazebo:/psd_ws/install/psd_gazebo_worlds:/psd_ws/install/ign_ros2_control_demos:/psd_ws/install/ign_ros2_control:/psd_ws/install/core:/opt/ros/humble /usr/bin/cmake --install /psd_ws/build/psd_vehicle_controller
