[0.184s] Invoking command in '/home/psd/psd_ws/build/psd_vehicle_gazebo': CMAKE_PREFIX_PATH=/opt/ros/humble /usr/bin/cmake --build /home/psd/psd_ws/build/psd_vehicle_gazebo -- -j20 -l20
[0.208s] -- Found ament_cmake: 1.3.8 (/opt/ros/humble/share/ament_cmake/cmake)
[0.394s] -- Configuring done
[0.398s] -- Generating done
[0.399s] -- Build files have been written to: /home/psd/psd_ws/build/psd_vehicle_gazebo
[0.412s] Invoked command in '/home/psd/psd_ws/build/psd_vehicle_gazebo' returned '0': CMAKE_PREFIX_PATH=/opt/ros/humble /usr/bin/cmake --build /home/psd/psd_ws/build/psd_vehicle_gazebo -- -j20 -l20
[0.429s] Invoking command in '/home/psd/psd_ws/build/psd_vehicle_gazebo': CMAKE_PREFIX_PATH=/opt/ros/humble /usr/bin/cmake --install /home/psd/psd_ws/build/psd_vehicle_gazebo
[0.434s] -- Install configuration: ""
[0.434s] -- Installing: /home/psd/psd_ws/install/psd_vehicle_gazebo/share/psd_vehicle_gazebo/config
[0.434s] -- Installing: /home/psd/psd_ws/install/psd_vehicle_gazebo/share/psd_vehicle_gazebo/config/ekf.yaml
[0.434s] -- Installing: /home/psd/psd_ws/install/psd_vehicle_gazebo/share/psd_vehicle_gazebo/config/diff_drive_controller.yaml
[0.434s] -- Installing: /home/psd/psd_ws/install/psd_vehicle_gazebo/share/psd_vehicle_gazebo/config/laser_filter.yaml
[0.434s] -- Installing: /home/psd/psd_ws/install/psd_vehicle_gazebo/share/psd_vehicle_gazebo/config/steering_drive_controller.yaml
[0.434s] -- Up-to-date: /home/psd/psd_ws/install/psd_vehicle_gazebo/share/psd_vehicle_gazebo/launch
[0.434s] -- Installing: /home/psd/psd_ws/install/psd_vehicle_gazebo/share/psd_vehicle_gazebo/launch/simulation.launch.py
[0.434s] -- Up-to-date: /home/psd/psd_ws/install/psd_vehicle_gazebo/share/ament_index/resource_index/package_run_dependencies/psd_vehicle_gazebo
[0.434s] -- Installing: /home/psd/psd_ws/install/psd_vehicle_gazebo/share/ament_index/resource_index/parent_prefix_path/psd_vehicle_gazebo
[0.434s] -- Up-to-date: /home/psd/psd_ws/install/psd_vehicle_gazebo/share/psd_vehicle_gazebo/environment/ament_prefix_path.sh
[0.434s] -- Installing: /home/psd/psd_ws/install/psd_vehicle_gazebo/share/psd_vehicle_gazebo/environment/ament_prefix_path.dsv
[0.434s] -- Up-to-date: /home/psd/psd_ws/install/psd_vehicle_gazebo/share/psd_vehicle_gazebo/environment/path.sh
[0.434s] -- Installing: /home/psd/psd_ws/install/psd_vehicle_gazebo/share/psd_vehicle_gazebo/environment/path.dsv
[0.434s] -- Up-to-date: /home/psd/psd_ws/install/psd_vehicle_gazebo/share/psd_vehicle_gazebo/local_setup.bash
[0.435s] -- Up-to-date: /home/psd/psd_ws/install/psd_vehicle_gazebo/share/psd_vehicle_gazebo/local_setup.sh
[0.435s] -- Up-to-date: /home/psd/psd_ws/install/psd_vehicle_gazebo/share/psd_vehicle_gazebo/local_setup.zsh
[0.435s] -- Installing: /home/psd/psd_ws/install/psd_vehicle_gazebo/share/psd_vehicle_gazebo/local_setup.dsv
[0.435s] -- Installing: /home/psd/psd_ws/install/psd_vehicle_gazebo/share/psd_vehicle_gazebo/package.dsv
[0.435s] -- Up-to-date: /home/psd/psd_ws/install/psd_vehicle_gazebo/share/ament_index/resource_index/packages/psd_vehicle_gazebo
[0.435s] -- Up-to-date: /home/psd/psd_ws/install/psd_vehicle_gazebo/share/psd_vehicle_gazebo/cmake/psd_vehicle_gazeboConfig.cmake
[0.435s] -- Up-to-date: /home/psd/psd_ws/install/psd_vehicle_gazebo/share/psd_vehicle_gazebo/cmake/psd_vehicle_gazeboConfig-version.cmake
[0.435s] -- Up-to-date: /home/psd/psd_ws/install/psd_vehicle_gazebo/share/psd_vehicle_gazebo/package.xml
[0.436s] Invoked command in '/home/psd/psd_ws/build/psd_vehicle_gazebo' returned '0': CMAKE_PREFIX_PATH=/opt/ros/humble /usr/bin/cmake --install /home/psd/psd_ws/build/psd_vehicle_gazebo
