[0.547s] Invoking command in '/home/psd/psd_ws/src/examples/ros2_control/ros2controlcli': AMENT_PREFIX_PATH=/home/psd/psd_ws/install/controller_manager:/home/psd/psd_ws/install/controller_interface:/home/psd/psd_ws/install/hardware_interface:/home/psd/psd_ws/install/ros2_control_test_assets:/home/psd/psd_ws/install/realtime_tools:/home/psd/psd_ws/install/controller_manager_msgs:/home/psd/psd_ws/install/control_msgs:${AMENT_PREFIX_PATH} CMAKE_PREFIX_PATH=/home/psd/psd_ws/install/controller_manager:/home/psd/psd_ws/install/controller_interface:/home/psd/psd_ws/install/hardware_interface:/home/psd/psd_ws/install/ros2_control_test_assets:/home/psd/psd_ws/install/realtime_tools:/home/psd/psd_ws/install/controller_manager_msgs:/home/psd/psd_ws/install/control_msgs LD_LIBRARY_PATH=/home/psd/psd_ws/install/controller_manager/lib:/home/psd/psd_ws/install/controller_interface/lib:/home/psd/psd_ws/install/hardware_interface/lib:/home/psd/psd_ws/install/realtime_tools/lib:/home/psd/psd_ws/install/controller_manager_msgs/lib:/home/psd/psd_ws/install/control_msgs/lib:${LD_LIBRARY_PATH} PYTHONPATH=/home/psd/psd_ws/build/ros2controlcli/prefix_override:/home/psd/psd_ws/install/ros2controlcli/lib/python3.10/site-packages:/home/psd/psd_ws/install/controller_manager/local/lib/python3.10/dist-packages:/home/psd/psd_ws/install/controller_manager_msgs/local/lib/python3.10/dist-packages:/home/psd/psd_ws/install/control_msgs/local/lib/python3.10/dist-packages:${PYTHONPATH} /usr/bin/python3 -W ignore:setup.py install is deprecated setup.py egg_info --egg-base ../../../../build/ros2controlcli build --build-base /home/psd/psd_ws/build/ros2controlcli/build install --record /home/psd/psd_ws/build/ros2controlcli/install.log --single-version-externally-managed install_data
[0.706s] running egg_info
[0.706s] writing ../../../../build/ros2controlcli/ros2controlcli.egg-info/PKG-INFO
[0.707s] writing dependency_links to ../../../../build/ros2controlcli/ros2controlcli.egg-info/dependency_links.txt
[0.707s] writing entry points to ../../../../build/ros2controlcli/ros2controlcli.egg-info/entry_points.txt
[0.707s] writing requirements to ../../../../build/ros2controlcli/ros2controlcli.egg-info/requires.txt
[0.707s] writing top-level names to ../../../../build/ros2controlcli/ros2controlcli.egg-info/top_level.txt
[0.710s] reading manifest file '../../../../build/ros2controlcli/ros2controlcli.egg-info/SOURCES.txt'
[0.712s] writing manifest file '../../../../build/ros2controlcli/ros2controlcli.egg-info/SOURCES.txt'
[0.712s] running build
[0.713s] running build_py
[0.716s] running install
[0.717s] running install_lib
[0.719s] running install_data
[0.719s] running install_egg_info
[0.719s] removing '/home/psd/psd_ws/install/ros2controlcli/lib/python3.10/site-packages/ros2controlcli-2.40.0-py3.10.egg-info' (and everything under it)
[0.720s] Copying ../../../../build/ros2controlcli/ros2controlcli.egg-info to /home/psd/psd_ws/install/ros2controlcli/lib/python3.10/site-packages/ros2controlcli-2.40.0-py3.10.egg-info
[0.720s] running install_scripts
[0.728s] writing list of installed files to '/home/psd/psd_ws/build/ros2controlcli/install.log'
[0.745s] Invoked command in '/home/psd/psd_ws/src/examples/ros2_control/ros2controlcli' returned '0': AMENT_PREFIX_PATH=/home/psd/psd_ws/install/controller_manager:/home/psd/psd_ws/install/controller_interface:/home/psd/psd_ws/install/hardware_interface:/home/psd/psd_ws/install/ros2_control_test_assets:/home/psd/psd_ws/install/realtime_tools:/home/psd/psd_ws/install/controller_manager_msgs:/home/psd/psd_ws/install/control_msgs:${AMENT_PREFIX_PATH} CMAKE_PREFIX_PATH=/home/psd/psd_ws/install/controller_manager:/home/psd/psd_ws/install/controller_interface:/home/psd/psd_ws/install/hardware_interface:/home/psd/psd_ws/install/ros2_control_test_assets:/home/psd/psd_ws/install/realtime_tools:/home/psd/psd_ws/install/controller_manager_msgs:/home/psd/psd_ws/install/control_msgs LD_LIBRARY_PATH=/home/psd/psd_ws/install/controller_manager/lib:/home/psd/psd_ws/install/controller_interface/lib:/home/psd/psd_ws/install/hardware_interface/lib:/home/psd/psd_ws/install/realtime_tools/lib:/home/psd/psd_ws/install/controller_manager_msgs/lib:/home/psd/psd_ws/install/control_msgs/lib:${LD_LIBRARY_PATH} PYTHONPATH=/home/psd/psd_ws/build/ros2controlcli/prefix_override:/home/psd/psd_ws/install/ros2controlcli/lib/python3.10/site-packages:/home/psd/psd_ws/install/controller_manager/local/lib/python3.10/dist-packages:/home/psd/psd_ws/install/controller_manager_msgs/local/lib/python3.10/dist-packages:/home/psd/psd_ws/install/control_msgs/local/lib/python3.10/dist-packages:${PYTHONPATH} /usr/bin/python3 -W ignore:setup.py install is deprecated setup.py egg_info --egg-base ../../../../build/ros2controlcli build --build-base /home/psd/psd_ws/build/ros2controlcli/build install --record /home/psd/psd_ws/build/ros2controlcli/install.log --single-version-externally-managed install_data
