[0.062s] Invoking command in '/home/psd/psd_ws/build/ros2_control_demo_example_4': AMENT_PREFIX_PATH=/home/psd/psd_ws/install/ros2controlcli:/home/psd/psd_ws/install/joint_state_broadcaster:/home/psd/psd_ws/install/forward_command_controller:/home/psd/psd_ws/install/controller_manager:/home/psd/psd_ws/install/controller_interface:/home/psd/psd_ws/install/hardware_interface:/home/psd/psd_ws/install/ros2_controllers_test_nodes:/home/psd/psd_ws/install/ros2_control_test_assets:/home/psd/psd_ws/install/ros2_control_demo_description:/home/psd/psd_ws/install/realtime_tools:/home/psd/psd_ws/install/controller_manager_msgs:/home/psd/psd_ws/install/control_msgs:${AMENT_PREFIX_PATH} CMAKE_PREFIX_PATH=/home/psd/psd_ws/install/joint_state_broadcaster:/home/psd/psd_ws/install/forward_command_controller:/home/psd/psd_ws/install/controller_manager:/home/psd/psd_ws/install/controller_interface:/home/psd/psd_ws/install/hardware_interface:/home/psd/psd_ws/install/ros2_control_test_assets:/home/psd/psd_ws/install/ros2_control_demo_description:/home/psd/psd_ws/install/realtime_tools:/home/psd/psd_ws/install/controller_manager_msgs:/home/psd/psd_ws/install/control_msgs:/opt/ros/humble LD_LIBRARY_PATH=/home/psd/psd_ws/install/joint_state_broadcaster/lib:/home/psd/psd_ws/install/forward_command_controller/lib:/home/psd/psd_ws/install/controller_manager/lib:/home/psd/psd_ws/install/controller_interface/lib:/home/psd/psd_ws/install/hardware_interface/lib:/home/psd/psd_ws/install/realtime_tools/lib:/home/psd/psd_ws/install/controller_manager_msgs/lib:/home/psd/psd_ws/install/control_msgs/lib:${LD_LIBRARY_PATH} PYTHONPATH=/home/psd/psd_ws/install/ros2controlcli/lib/python3.10/site-packages:/home/psd/psd_ws/install/controller_manager/local/lib/python3.10/dist-packages:/home/psd/psd_ws/install/ros2_controllers_test_nodes/lib/python3.10/site-packages:/home/psd/psd_ws/install/controller_manager_msgs/local/lib/python3.10/dist-packages:/home/psd/psd_ws/install/control_msgs/local/lib/python3.10/dist-packages:${PYTHONPATH} /usr/bin/cmake --build /home/psd/psd_ws/build/ros2_control_demo_example_4 -- -j20 -l20
[0.102s] [35m[1mConsolidate compiler generated dependencies of target ros2_control_demo_example_4[0m
[0.123s] [100%] Built target ros2_control_demo_example_4
[0.159s] Invoked command in '/home/psd/psd_ws/build/ros2_control_demo_example_4' returned '0': AMENT_PREFIX_PATH=/home/psd/psd_ws/install/ros2controlcli:/home/psd/psd_ws/install/joint_state_broadcaster:/home/psd/psd_ws/install/forward_command_controller:/home/psd/psd_ws/install/controller_manager:/home/psd/psd_ws/install/controller_interface:/home/psd/psd_ws/install/hardware_interface:/home/psd/psd_ws/install/ros2_controllers_test_nodes:/home/psd/psd_ws/install/ros2_control_test_assets:/home/psd/psd_ws/install/ros2_control_demo_description:/home/psd/psd_ws/install/realtime_tools:/home/psd/psd_ws/install/controller_manager_msgs:/home/psd/psd_ws/install/control_msgs:${AMENT_PREFIX_PATH} CMAKE_PREFIX_PATH=/home/psd/psd_ws/install/joint_state_broadcaster:/home/psd/psd_ws/install/forward_command_controller:/home/psd/psd_ws/install/controller_manager:/home/psd/psd_ws/install/controller_interface:/home/psd/psd_ws/install/hardware_interface:/home/psd/psd_ws/install/ros2_control_test_assets:/home/psd/psd_ws/install/ros2_control_demo_description:/home/psd/psd_ws/install/realtime_tools:/home/psd/psd_ws/install/controller_manager_msgs:/home/psd/psd_ws/install/control_msgs:/opt/ros/humble LD_LIBRARY_PATH=/home/psd/psd_ws/install/joint_state_broadcaster/lib:/home/psd/psd_ws/install/forward_command_controller/lib:/home/psd/psd_ws/install/controller_manager/lib:/home/psd/psd_ws/install/controller_interface/lib:/home/psd/psd_ws/install/hardware_interface/lib:/home/psd/psd_ws/install/realtime_tools/lib:/home/psd/psd_ws/install/controller_manager_msgs/lib:/home/psd/psd_ws/install/control_msgs/lib:${LD_LIBRARY_PATH} PYTHONPATH=/home/psd/psd_ws/install/ros2controlcli/lib/python3.10/site-packages:/home/psd/psd_ws/install/controller_manager/local/lib/python3.10/dist-packages:/home/psd/psd_ws/install/ros2_controllers_test_nodes/lib/python3.10/site-packages:/home/psd/psd_ws/install/controller_manager_msgs/local/lib/python3.10/dist-packages:/home/psd/psd_ws/install/control_msgs/local/lib/python3.10/dist-packages:${PYTHONPATH} /usr/bin/cmake --build /home/psd/psd_ws/build/ros2_control_demo_example_4 -- -j20 -l20
[0.205s] Invoking command in '/home/psd/psd_ws/build/ros2_control_demo_example_4': AMENT_PREFIX_PATH=/home/psd/psd_ws/install/ros2controlcli:/home/psd/psd_ws/install/joint_state_broadcaster:/home/psd/psd_ws/install/forward_command_controller:/home/psd/psd_ws/install/controller_manager:/home/psd/psd_ws/install/controller_interface:/home/psd/psd_ws/install/hardware_interface:/home/psd/psd_ws/install/ros2_controllers_test_nodes:/home/psd/psd_ws/install/ros2_control_test_assets:/home/psd/psd_ws/install/ros2_control_demo_description:/home/psd/psd_ws/install/realtime_tools:/home/psd/psd_ws/install/controller_manager_msgs:/home/psd/psd_ws/install/control_msgs:${AMENT_PREFIX_PATH} CMAKE_PREFIX_PATH=/home/psd/psd_ws/install/joint_state_broadcaster:/home/psd/psd_ws/install/forward_command_controller:/home/psd/psd_ws/install/controller_manager:/home/psd/psd_ws/install/controller_interface:/home/psd/psd_ws/install/hardware_interface:/home/psd/psd_ws/install/ros2_control_test_assets:/home/psd/psd_ws/install/ros2_control_demo_description:/home/psd/psd_ws/install/realtime_tools:/home/psd/psd_ws/install/controller_manager_msgs:/home/psd/psd_ws/install/control_msgs:/opt/ros/humble LD_LIBRARY_PATH=/home/psd/psd_ws/install/joint_state_broadcaster/lib:/home/psd/psd_ws/install/forward_command_controller/lib:/home/psd/psd_ws/install/controller_manager/lib:/home/psd/psd_ws/install/controller_interface/lib:/home/psd/psd_ws/install/hardware_interface/lib:/home/psd/psd_ws/install/realtime_tools/lib:/home/psd/psd_ws/install/controller_manager_msgs/lib:/home/psd/psd_ws/install/control_msgs/lib:${LD_LIBRARY_PATH} PYTHONPATH=/home/psd/psd_ws/install/ros2controlcli/lib/python3.10/site-packages:/home/psd/psd_ws/install/controller_manager/local/lib/python3.10/dist-packages:/home/psd/psd_ws/install/ros2_controllers_test_nodes/lib/python3.10/site-packages:/home/psd/psd_ws/install/controller_manager_msgs/local/lib/python3.10/dist-packages:/home/psd/psd_ws/install/control_msgs/local/lib/python3.10/dist-packages:${PYTHONPATH} /usr/bin/cmake --install /home/psd/psd_ws/build/ros2_control_demo_example_4
[0.212s] -- Install configuration: ""
[0.212s] -- Up-to-date: /home/psd/psd_ws/install/ros2_control_demo_example_4/share/ros2_control_demo_example_4/ros2_control_demo_example_4.xml
[0.212s] -- Up-to-date: /home/psd/psd_ws/install/ros2_control_demo_example_4/include/ros2_control_demo_example_4
[0.212s] -- Up-to-date: /home/psd/psd_ws/install/ros2_control_demo_example_4/include/ros2_control_demo_example_4/ros2_control_demo_example_4
[0.212s] -- Up-to-date: /home/psd/psd_ws/install/ros2_control_demo_example_4/include/ros2_control_demo_example_4/ros2_control_demo_example_4/rrbot_system_with_sensor.hpp
[0.212s] -- Up-to-date: /home/psd/psd_ws/install/ros2_control_demo_example_4/include/ros2_control_demo_example_4/ros2_control_demo_example_4/visibility_control.h
[0.212s] -- Up-to-date: /home/psd/psd_ws/install/ros2_control_demo_example_4/share/ros2_control_demo_example_4/launch
[0.212s] -- Up-to-date: /home/psd/psd_ws/install/ros2_control_demo_example_4/share/ros2_control_demo_example_4/launch/view_robot.launch.py
[0.212s] -- Up-to-date: /home/psd/psd_ws/install/ros2_control_demo_example_4/share/ros2_control_demo_example_4/ros2_control
[0.212s] -- Up-to-date: /home/psd/psd_ws/install/ros2_control_demo_example_4/share/ros2_control_demo_example_4/ros2_control/rrbot_system_with_sensor.ros2_control.xacro
[0.212s] -- Up-to-date: /home/psd/psd_ws/install/ros2_control_demo_example_4/share/ros2_control_demo_example_4/urdf
[0.213s] -- Up-to-date: /home/psd/psd_ws/install/ros2_control_demo_example_4/share/ros2_control_demo_example_4/urdf/rrbot_system_with_sensor.urdf.xacro
[0.213s] -- Up-to-date: /home/psd/psd_ws/install/ros2_control_demo_example_4/share/ros2_control_demo_example_4/rviz
[0.213s] -- Up-to-date: /home/psd/psd_ws/install/ros2_control_demo_example_4/share/ros2_control_demo_example_4/rviz/rrbot.rviz
[0.213s] -- Up-to-date: /home/psd/psd_ws/install/ros2_control_demo_example_4/share/ros2_control_demo_example_4/launch
[0.213s] -- Up-to-date: /home/psd/psd_ws/install/ros2_control_demo_example_4/share/ros2_control_demo_example_4/launch/rrbot_system_with_sensor.launch.py
[0.213s] -- Up-to-date: /home/psd/psd_ws/install/ros2_control_demo_example_4/share/ros2_control_demo_example_4/launch/test_forward_position_controller.launch.py
[0.213s] -- Up-to-date: /home/psd/psd_ws/install/ros2_control_demo_example_4/share/ros2_control_demo_example_4/config
[0.213s] -- Up-to-date: /home/psd/psd_ws/install/ros2_control_demo_example_4/share/ros2_control_demo_example_4/config/rrbot_forward_position_publisher.yaml
[0.213s] -- Up-to-date: /home/psd/psd_ws/install/ros2_control_demo_example_4/share/ros2_control_demo_example_4/config/rrbot_with_sensor_controllers.yaml
[0.213s] -- Up-to-date: /home/psd/psd_ws/install/ros2_control_demo_example_4/lib/libros2_control_demo_example_4.so
[0.213s] -- Up-to-date: /home/psd/psd_ws/install/ros2_control_demo_example_4/share/ros2_control_demo_example_4/environment/library_path.sh
[0.213s] -- Up-to-date: /home/psd/psd_ws/install/ros2_control_demo_example_4/share/ros2_control_demo_example_4/environment/library_path.dsv
[0.213s] -- Up-to-date: /home/psd/psd_ws/install/ros2_control_demo_example_4/share/ament_index/resource_index/package_run_dependencies/ros2_control_demo_example_4
[0.213s] -- Up-to-date: /home/psd/psd_ws/install/ros2_control_demo_example_4/share/ament_index/resource_index/parent_prefix_path/ros2_control_demo_example_4
[0.213s] -- Up-to-date: /home/psd/psd_ws/install/ros2_control_demo_example_4/share/ros2_control_demo_example_4/environment/ament_prefix_path.sh
[0.213s] -- Up-to-date: /home/psd/psd_ws/install/ros2_control_demo_example_4/share/ros2_control_demo_example_4/environment/ament_prefix_path.dsv
[0.213s] -- Up-to-date: /home/psd/psd_ws/install/ros2_control_demo_example_4/share/ros2_control_demo_example_4/environment/path.sh
[0.213s] -- Up-to-date: /home/psd/psd_ws/install/ros2_control_demo_example_4/share/ros2_control_demo_example_4/environment/path.dsv
[0.213s] -- Up-to-date: /home/psd/psd_ws/install/ros2_control_demo_example_4/share/ros2_control_demo_example_4/local_setup.bash
[0.213s] -- Up-to-date: /home/psd/psd_ws/install/ros2_control_demo_example_4/share/ros2_control_demo_example_4/local_setup.sh
[0.213s] -- Up-to-date: /home/psd/psd_ws/install/ros2_control_demo_example_4/share/ros2_control_demo_example_4/local_setup.zsh
[0.213s] -- Up-to-date: /home/psd/psd_ws/install/ros2_control_demo_example_4/share/ros2_control_demo_example_4/local_setup.dsv
[0.213s] -- Installing: /home/psd/psd_ws/install/ros2_control_demo_example_4/share/ros2_control_demo_example_4/package.dsv
[0.213s] -- Up-to-date: /home/psd/psd_ws/install/ros2_control_demo_example_4/share/ament_index/resource_index/packages/ros2_control_demo_example_4
[0.214s] -- Up-to-date: /home/psd/psd_ws/install/ros2_control_demo_example_4/share/ament_index/resource_index/hardware_interface__pluginlib__plugin/ros2_control_demo_example_4
[0.214s] -- Up-to-date: /home/psd/psd_ws/install/ros2_control_demo_example_4/share/ros2_control_demo_example_4/cmake/export_ros2_control_demo_example_4Export.cmake
[0.214s] -- Up-to-date: /home/psd/psd_ws/install/ros2_control_demo_example_4/share/ros2_control_demo_example_4/cmake/export_ros2_control_demo_example_4Export-noconfig.cmake
[0.215s] -- Up-to-date: /home/psd/psd_ws/install/ros2_control_demo_example_4/share/ros2_control_demo_example_4/cmake/ament_cmake_export_targets-extras.cmake
[0.215s] -- Up-to-date: /home/psd/psd_ws/install/ros2_control_demo_example_4/share/ros2_control_demo_example_4/cmake/ament_cmake_export_dependencies-extras.cmake
[0.215s] -- Up-to-date: /home/psd/psd_ws/install/ros2_control_demo_example_4/share/ros2_control_demo_example_4/cmake/ros2_control_demo_example_4Config.cmake
[0.215s] -- Up-to-date: /home/psd/psd_ws/install/ros2_control_demo_example_4/share/ros2_control_demo_example_4/cmake/ros2_control_demo_example_4Config-version.cmake
[0.215s] -- Up-to-date: /home/psd/psd_ws/install/ros2_control_demo_example_4/share/ros2_control_demo_example_4/package.xml
[0.260s] Invoked command in '/home/psd/psd_ws/build/ros2_control_demo_example_4' returned '0': AMENT_PREFIX_PATH=/home/psd/psd_ws/install/ros2controlcli:/home/psd/psd_ws/install/joint_state_broadcaster:/home/psd/psd_ws/install/forward_command_controller:/home/psd/psd_ws/install/controller_manager:/home/psd/psd_ws/install/controller_interface:/home/psd/psd_ws/install/hardware_interface:/home/psd/psd_ws/install/ros2_controllers_test_nodes:/home/psd/psd_ws/install/ros2_control_test_assets:/home/psd/psd_ws/install/ros2_control_demo_description:/home/psd/psd_ws/install/realtime_tools:/home/psd/psd_ws/install/controller_manager_msgs:/home/psd/psd_ws/install/control_msgs:${AMENT_PREFIX_PATH} CMAKE_PREFIX_PATH=/home/psd/psd_ws/install/joint_state_broadcaster:/home/psd/psd_ws/install/forward_command_controller:/home/psd/psd_ws/install/controller_manager:/home/psd/psd_ws/install/controller_interface:/home/psd/psd_ws/install/hardware_interface:/home/psd/psd_ws/install/ros2_control_test_assets:/home/psd/psd_ws/install/ros2_control_demo_description:/home/psd/psd_ws/install/realtime_tools:/home/psd/psd_ws/install/controller_manager_msgs:/home/psd/psd_ws/install/control_msgs:/opt/ros/humble LD_LIBRARY_PATH=/home/psd/psd_ws/install/joint_state_broadcaster/lib:/home/psd/psd_ws/install/forward_command_controller/lib:/home/psd/psd_ws/install/controller_manager/lib:/home/psd/psd_ws/install/controller_interface/lib:/home/psd/psd_ws/install/hardware_interface/lib:/home/psd/psd_ws/install/realtime_tools/lib:/home/psd/psd_ws/install/controller_manager_msgs/lib:/home/psd/psd_ws/install/control_msgs/lib:${LD_LIBRARY_PATH} PYTHONPATH=/home/psd/psd_ws/install/ros2controlcli/lib/python3.10/site-packages:/home/psd/psd_ws/install/controller_manager/local/lib/python3.10/dist-packages:/home/psd/psd_ws/install/ros2_controllers_test_nodes/lib/python3.10/site-packages:/home/psd/psd_ws/install/controller_manager_msgs/local/lib/python3.10/dist-packages:/home/psd/psd_ws/install/control_msgs/local/lib/python3.10/dist-packages:${PYTHONPATH} /usr/bin/cmake --install /home/psd/psd_ws/build/ros2_control_demo_example_4
