[0.059s] Invoking command in '/home/psd/psd_ws/build/bicycle_steering_controller': AMENT_PREFIX_PATH=/home/psd/psd_ws/install/steering_controllers_library:/home/psd/psd_ws/install/controller_manager:/home/psd/psd_ws/install/hardware_interface_testing:/home/psd/psd_ws/install/controller_interface:/home/psd/psd_ws/install/hardware_interface:/home/psd/psd_ws/install/ros2_control_test_assets:/home/psd/psd_ws/install/realtime_tools:/home/psd/psd_ws/install/controller_manager_msgs:/home/psd/psd_ws/install/control_msgs:${AMENT_PREFIX_PATH} CMAKE_PREFIX_PATH=/home/psd/psd_ws/install/steering_controllers_library:/home/psd/psd_ws/install/controller_manager:/home/psd/psd_ws/install/hardware_interface_testing:/home/psd/psd_ws/install/controller_interface:/home/psd/psd_ws/install/hardware_interface:/home/psd/psd_ws/install/ros2_control_test_assets:/home/psd/psd_ws/install/realtime_tools:/home/psd/psd_ws/install/controller_manager_msgs:/home/psd/psd_ws/install/control_msgs:/opt/ros/humble LD_LIBRARY_PATH=/home/psd/psd_ws/install/steering_controllers_library/lib:/home/psd/psd_ws/install/controller_manager/lib:/home/psd/psd_ws/install/hardware_interface_testing/lib:/home/psd/psd_ws/install/controller_interface/lib:/home/psd/psd_ws/install/hardware_interface/lib:/home/psd/psd_ws/install/realtime_tools/lib:/home/psd/psd_ws/install/controller_manager_msgs/lib:/home/psd/psd_ws/install/control_msgs/lib:${LD_LIBRARY_PATH} PYTHONPATH=/home/psd/psd_ws/install/controller_manager/local/lib/python3.10/dist-packages:/home/psd/psd_ws/install/controller_manager_msgs/local/lib/python3.10/dist-packages:/home/psd/psd_ws/install/control_msgs/local/lib/python3.10/dist-packages:${PYTHONPATH} /usr/bin/cmake --build /home/psd/psd_ws/build/bicycle_steering_controller -- -j20 -l20
[0.102s] [35m[1mConsolidate compiler generated dependencies of target gmock[0m
[0.106s] [  8%] Built target bicycle_steering_controller_parameters
[0.111s] [ 33%] Built target gmock
[0.113s] [35m[1mConsolidate compiler generated dependencies of target bicycle_steering_controller[0m
[0.126s] [35m[1mConsolidate compiler generated dependencies of target test_load_bicycle_steering_controller[0m
[0.134s] [ 50%] Built target bicycle_steering_controller
[0.145s] [ 66%] Built target test_load_bicycle_steering_controller
[0.148s] [35m[1mConsolidate compiler generated dependencies of target test_bicycle_steering_controller[0m
[0.148s] [35m[1mConsolidate compiler generated dependencies of target test_bicycle_steering_controller_preceeding[0m
[0.164s] [ 83%] Built target test_bicycle_steering_controller
[0.167s] [100%] Built target test_bicycle_steering_controller_preceeding
[0.180s] Invoked command in '/home/psd/psd_ws/build/bicycle_steering_controller' returned '0': AMENT_PREFIX_PATH=/home/psd/psd_ws/install/steering_controllers_library:/home/psd/psd_ws/install/controller_manager:/home/psd/psd_ws/install/hardware_interface_testing:/home/psd/psd_ws/install/controller_interface:/home/psd/psd_ws/install/hardware_interface:/home/psd/psd_ws/install/ros2_control_test_assets:/home/psd/psd_ws/install/realtime_tools:/home/psd/psd_ws/install/controller_manager_msgs:/home/psd/psd_ws/install/control_msgs:${AMENT_PREFIX_PATH} CMAKE_PREFIX_PATH=/home/psd/psd_ws/install/steering_controllers_library:/home/psd/psd_ws/install/controller_manager:/home/psd/psd_ws/install/hardware_interface_testing:/home/psd/psd_ws/install/controller_interface:/home/psd/psd_ws/install/hardware_interface:/home/psd/psd_ws/install/ros2_control_test_assets:/home/psd/psd_ws/install/realtime_tools:/home/psd/psd_ws/install/controller_manager_msgs:/home/psd/psd_ws/install/control_msgs:/opt/ros/humble LD_LIBRARY_PATH=/home/psd/psd_ws/install/steering_controllers_library/lib:/home/psd/psd_ws/install/controller_manager/lib:/home/psd/psd_ws/install/hardware_interface_testing/lib:/home/psd/psd_ws/install/controller_interface/lib:/home/psd/psd_ws/install/hardware_interface/lib:/home/psd/psd_ws/install/realtime_tools/lib:/home/psd/psd_ws/install/controller_manager_msgs/lib:/home/psd/psd_ws/install/control_msgs/lib:${LD_LIBRARY_PATH} PYTHONPATH=/home/psd/psd_ws/install/controller_manager/local/lib/python3.10/dist-packages:/home/psd/psd_ws/install/controller_manager_msgs/local/lib/python3.10/dist-packages:/home/psd/psd_ws/install/control_msgs/local/lib/python3.10/dist-packages:${PYTHONPATH} /usr/bin/cmake --build /home/psd/psd_ws/build/bicycle_steering_controller -- -j20 -l20
[0.206s] Invoking command in '/home/psd/psd_ws/build/bicycle_steering_controller': AMENT_PREFIX_PATH=/home/psd/psd_ws/install/steering_controllers_library:/home/psd/psd_ws/install/controller_manager:/home/psd/psd_ws/install/hardware_interface_testing:/home/psd/psd_ws/install/controller_interface:/home/psd/psd_ws/install/hardware_interface:/home/psd/psd_ws/install/ros2_control_test_assets:/home/psd/psd_ws/install/realtime_tools:/home/psd/psd_ws/install/controller_manager_msgs:/home/psd/psd_ws/install/control_msgs:${AMENT_PREFIX_PATH} CMAKE_PREFIX_PATH=/home/psd/psd_ws/install/steering_controllers_library:/home/psd/psd_ws/install/controller_manager:/home/psd/psd_ws/install/hardware_interface_testing:/home/psd/psd_ws/install/controller_interface:/home/psd/psd_ws/install/hardware_interface:/home/psd/psd_ws/install/ros2_control_test_assets:/home/psd/psd_ws/install/realtime_tools:/home/psd/psd_ws/install/controller_manager_msgs:/home/psd/psd_ws/install/control_msgs:/opt/ros/humble LD_LIBRARY_PATH=/home/psd/psd_ws/install/steering_controllers_library/lib:/home/psd/psd_ws/install/controller_manager/lib:/home/psd/psd_ws/install/hardware_interface_testing/lib:/home/psd/psd_ws/install/controller_interface/lib:/home/psd/psd_ws/install/hardware_interface/lib:/home/psd/psd_ws/install/realtime_tools/lib:/home/psd/psd_ws/install/controller_manager_msgs/lib:/home/psd/psd_ws/install/control_msgs/lib:${LD_LIBRARY_PATH} PYTHONPATH=/home/psd/psd_ws/install/controller_manager/local/lib/python3.10/dist-packages:/home/psd/psd_ws/install/controller_manager_msgs/local/lib/python3.10/dist-packages:/home/psd/psd_ws/install/control_msgs/local/lib/python3.10/dist-packages:${PYTHONPATH} /usr/bin/cmake --install /home/psd/psd_ws/build/bicycle_steering_controller
[0.213s] -- Install configuration: ""
[0.213s] -- Up-to-date: /home/psd/psd_ws/install/bicycle_steering_controller/include/bicycle_steering_controller_parameters
[0.214s] -- Up-to-date: /home/psd/psd_ws/install/bicycle_steering_controller/include/bicycle_steering_controller_parameters/bicycle_steering_controller_parameters.hpp
[0.214s] -- Up-to-date: /home/psd/psd_ws/install/bicycle_steering_controller/share/bicycle_steering_controller/bicycle_steering_controller.xml
[0.214s] -- Up-to-date: /home/psd/psd_ws/install/bicycle_steering_controller/include/bicycle_steering_controller
[0.215s] -- Up-to-date: /home/psd/psd_ws/install/bicycle_steering_controller/include/bicycle_steering_controller/bicycle_steering_controller
[0.215s] -- Up-to-date: /home/psd/psd_ws/install/bicycle_steering_controller/include/bicycle_steering_controller/bicycle_steering_controller/visibility_control.h
[0.216s] -- Up-to-date: /home/psd/psd_ws/install/bicycle_steering_controller/include/bicycle_steering_controller/bicycle_steering_controller/bicycle_steering_controller.hpp
[0.217s] -- Up-to-date: /home/psd/psd_ws/install/bicycle_steering_controller/lib/libbicycle_steering_controller.so
[0.217s] -- Up-to-date: /home/psd/psd_ws/install/bicycle_steering_controller/share/bicycle_steering_controller/environment/library_path.sh
[0.218s] -- Up-to-date: /home/psd/psd_ws/install/bicycle_steering_controller/share/bicycle_steering_controller/environment/library_path.dsv
[0.218s] -- Up-to-date: /home/psd/psd_ws/install/bicycle_steering_controller/share/ament_index/resource_index/package_run_dependencies/bicycle_steering_controller
[0.219s] -- Up-to-date: /home/psd/psd_ws/install/bicycle_steering_controller/share/ament_index/resource_index/parent_prefix_path/bicycle_steering_controller
[0.219s] -- Up-to-date: /home/psd/psd_ws/install/bicycle_steering_controller/share/bicycle_steering_controller/environment/ament_prefix_path.sh
[0.220s] -- Up-to-date: /home/psd/psd_ws/install/bicycle_steering_controller/share/bicycle_steering_controller/environment/ament_prefix_path.dsv
[0.220s] -- Up-to-date: /home/psd/psd_ws/install/bicycle_steering_controller/share/bicycle_steering_controller/environment/path.sh
[0.220s] -- Up-to-date: /home/psd/psd_ws/install/bicycle_steering_controller/share/bicycle_steering_controller/environment/path.dsv
[0.220s] -- Up-to-date: /home/psd/psd_ws/install/bicycle_steering_controller/share/bicycle_steering_controller/local_setup.bash
[0.221s] -- Up-to-date: /home/psd/psd_ws/install/bicycle_steering_controller/share/bicycle_steering_controller/local_setup.sh
[0.221s] -- Up-to-date: /home/psd/psd_ws/install/bicycle_steering_controller/share/bicycle_steering_controller/local_setup.zsh
[0.221s] -- Up-to-date: /home/psd/psd_ws/install/bicycle_steering_controller/share/bicycle_steering_controller/local_setup.dsv
[0.222s] -- Installing: /home/psd/psd_ws/install/bicycle_steering_controller/share/bicycle_steering_controller/package.dsv
[0.222s] -- Up-to-date: /home/psd/psd_ws/install/bicycle_steering_controller/share/ament_index/resource_index/packages/bicycle_steering_controller
[0.222s] -- Up-to-date: /home/psd/psd_ws/install/bicycle_steering_controller/share/ament_index/resource_index/controller_interface__pluginlib__plugin/bicycle_steering_controller
[0.223s] -- Up-to-date: /home/psd/psd_ws/install/bicycle_steering_controller/share/bicycle_steering_controller/cmake/export_bicycle_steering_controllerExport.cmake
[0.223s] -- Up-to-date: /home/psd/psd_ws/install/bicycle_steering_controller/share/bicycle_steering_controller/cmake/export_bicycle_steering_controllerExport-noconfig.cmake
[0.223s] -- Up-to-date: /home/psd/psd_ws/install/bicycle_steering_controller/share/bicycle_steering_controller/cmake/ament_cmake_export_targets-extras.cmake
[0.223s] -- Up-to-date: /home/psd/psd_ws/install/bicycle_steering_controller/share/bicycle_steering_controller/cmake/ament_cmake_export_dependencies-extras.cmake
[0.223s] -- Up-to-date: /home/psd/psd_ws/install/bicycle_steering_controller/share/bicycle_steering_controller/cmake/bicycle_steering_controllerConfig.cmake
[0.224s] -- Up-to-date: /home/psd/psd_ws/install/bicycle_steering_controller/share/bicycle_steering_controller/cmake/bicycle_steering_controllerConfig-version.cmake
[0.224s] -- Up-to-date: /home/psd/psd_ws/install/bicycle_steering_controller/share/bicycle_steering_controller/package.xml
[0.240s] Invoked command in '/home/psd/psd_ws/build/bicycle_steering_controller' returned '0': AMENT_PREFIX_PATH=/home/psd/psd_ws/install/steering_controllers_library:/home/psd/psd_ws/install/controller_manager:/home/psd/psd_ws/install/hardware_interface_testing:/home/psd/psd_ws/install/controller_interface:/home/psd/psd_ws/install/hardware_interface:/home/psd/psd_ws/install/ros2_control_test_assets:/home/psd/psd_ws/install/realtime_tools:/home/psd/psd_ws/install/controller_manager_msgs:/home/psd/psd_ws/install/control_msgs:${AMENT_PREFIX_PATH} CMAKE_PREFIX_PATH=/home/psd/psd_ws/install/steering_controllers_library:/home/psd/psd_ws/install/controller_manager:/home/psd/psd_ws/install/hardware_interface_testing:/home/psd/psd_ws/install/controller_interface:/home/psd/psd_ws/install/hardware_interface:/home/psd/psd_ws/install/ros2_control_test_assets:/home/psd/psd_ws/install/realtime_tools:/home/psd/psd_ws/install/controller_manager_msgs:/home/psd/psd_ws/install/control_msgs:/opt/ros/humble LD_LIBRARY_PATH=/home/psd/psd_ws/install/steering_controllers_library/lib:/home/psd/psd_ws/install/controller_manager/lib:/home/psd/psd_ws/install/hardware_interface_testing/lib:/home/psd/psd_ws/install/controller_interface/lib:/home/psd/psd_ws/install/hardware_interface/lib:/home/psd/psd_ws/install/realtime_tools/lib:/home/psd/psd_ws/install/controller_manager_msgs/lib:/home/psd/psd_ws/install/control_msgs/lib:${LD_LIBRARY_PATH} PYTHONPATH=/home/psd/psd_ws/install/controller_manager/local/lib/python3.10/dist-packages:/home/psd/psd_ws/install/controller_manager_msgs/local/lib/python3.10/dist-packages:/home/psd/psd_ws/install/control_msgs/local/lib/python3.10/dist-packages:${PYTHONPATH} /usr/bin/cmake --install /home/psd/psd_ws/build/bicycle_steering_controller
