[0.031s] Invoking command in '/home/psd/psd_ws/build/ign_ros2_control_demos': AMENT_PREFIX_PATH=/home/psd/psd_ws/install/ign_ros2_control:${AMENT_PREFIX_PATH} CMAKE_PREFIX_PATH=/home/psd/psd_ws/install/ign_ros2_control:/opt/ros/humble LD_LIBRARY_PATH=/home/psd/psd_ws/install/ign_ros2_control/lib:${LD_LIBRARY_PATH} /usr/bin/cmake --build /home/psd/psd_ws/build/ign_ros2_control_demos -- -j20 -l20
[0.056s] [35m[1mConsolidate compiler generated dependencies of target example_position[0m
[0.058s] [35m[1mConsolidate compiler generated dependencies of target example_effort[0m
[0.058s] [35m[1mConsolidate compiler generated dependencies of target example_gripper[0m
[0.059s] [35m[1mConsolidate compiler generated dependencies of target example_diff_drive[0m
[0.059s] [35m[1mConsolidate compiler generated dependencies of target example_velocity[0m
[0.059s] [35m[1mConsolidate compiler generated dependencies of target example_tricycle_drive[0m
[0.070s] [ 33%] Built target example_position
[0.070s] [ 33%] Built target example_diff_drive
[0.071s] [ 50%] Built target example_effort
[0.071s] [ 66%] Built target example_gripper
[0.071s] [ 83%] Built target example_velocity
[0.073s] [100%] Built target example_tricycle_drive
[0.089s] Invoked command in '/home/psd/psd_ws/build/ign_ros2_control_demos' returned '0': AMENT_PREFIX_PATH=/home/psd/psd_ws/install/ign_ros2_control:${AMENT_PREFIX_PATH} CMAKE_PREFIX_PATH=/home/psd/psd_ws/install/ign_ros2_control:/opt/ros/humble LD_LIBRARY_PATH=/home/psd/psd_ws/install/ign_ros2_control/lib:${LD_LIBRARY_PATH} /usr/bin/cmake --build /home/psd/psd_ws/build/ign_ros2_control_demos -- -j20 -l20
[0.128s] Invoking command in '/home/psd/psd_ws/build/ign_ros2_control_demos': AMENT_PREFIX_PATH=/home/psd/psd_ws/install/ign_ros2_control:${AMENT_PREFIX_PATH} CMAKE_PREFIX_PATH=/home/psd/psd_ws/install/ign_ros2_control:/opt/ros/humble LD_LIBRARY_PATH=/home/psd/psd_ws/install/ign_ros2_control/lib:${LD_LIBRARY_PATH} /usr/bin/cmake --install /home/psd/psd_ws/build/ign_ros2_control_demos
[0.132s] -- Install configuration: ""
[0.132s] -- Up-to-date: /home/psd/psd_ws/install/ign_ros2_control_demos/share/ign_ros2_control_demos//launch
[0.133s] -- Up-to-date: /home/psd/psd_ws/install/ign_ros2_control_demos/share/ign_ros2_control_demos//launch/cart_example_velocity.launch.py
[0.133s] -- Up-to-date: /home/psd/psd_ws/install/ign_ros2_control_demos/share/ign_ros2_control_demos//launch/cart_example_position.launch.py
[0.134s] -- Up-to-date: /home/psd/psd_ws/install/ign_ros2_control_demos/share/ign_ros2_control_demos//launch/diff_drive_example.launch.py
[0.135s] -- Up-to-date: /home/psd/psd_ws/install/ign_ros2_control_demos/share/ign_ros2_control_demos//launch/tricycle_drive_example.launch.py
[0.135s] -- Up-to-date: /home/psd/psd_ws/install/ign_ros2_control_demos/share/ign_ros2_control_demos//launch/cart_example_effort.launch.py
[0.135s] -- Up-to-date: /home/psd/psd_ws/install/ign_ros2_control_demos/share/ign_ros2_control_demos//launch/gripper_mimic_joint_example.launch.py
[0.135s] -- Up-to-date: /home/psd/psd_ws/install/ign_ros2_control_demos/share/ign_ros2_control_demos//config
[0.135s] -- Up-to-date: /home/psd/psd_ws/install/ign_ros2_control_demos/share/ign_ros2_control_demos//config/cartpole_controller_effort.yaml
[0.135s] -- Up-to-date: /home/psd/psd_ws/install/ign_ros2_control_demos/share/ign_ros2_control_demos//config/diff_drive_controller_velocity.yaml
[0.135s] -- Up-to-date: /home/psd/psd_ws/install/ign_ros2_control_demos/share/ign_ros2_control_demos//config/cartpole_controller_velocity.yaml
[0.135s] -- Up-to-date: /home/psd/psd_ws/install/ign_ros2_control_demos/share/ign_ros2_control_demos//config/cartpole_controller_position.yaml
[0.136s] -- Up-to-date: /home/psd/psd_ws/install/ign_ros2_control_demos/share/ign_ros2_control_demos//config/gripper_controller.yaml
[0.136s] -- Up-to-date: /home/psd/psd_ws/install/ign_ros2_control_demos/share/ign_ros2_control_demos//config/tricycle_drive_controller.yaml
[0.136s] -- Up-to-date: /home/psd/psd_ws/install/ign_ros2_control_demos/share/ign_ros2_control_demos//urdf
[0.136s] -- Up-to-date: /home/psd/psd_ws/install/ign_ros2_control_demos/share/ign_ros2_control_demos//urdf/test_cart_effort.xacro.urdf
[0.136s] -- Up-to-date: /home/psd/psd_ws/install/ign_ros2_control_demos/share/ign_ros2_control_demos//urdf/test_cart_position.xacro.urdf
[0.136s] -- Up-to-date: /home/psd/psd_ws/install/ign_ros2_control_demos/share/ign_ros2_control_demos//urdf/test_tricycle_drive.xacro.urdf
[0.136s] -- Up-to-date: /home/psd/psd_ws/install/ign_ros2_control_demos/share/ign_ros2_control_demos//urdf/test_gripper_mimic_joint.xacro.urdf
[0.137s] -- Up-to-date: /home/psd/psd_ws/install/ign_ros2_control_demos/share/ign_ros2_control_demos//urdf/test_cart_velocity.xacro.urdf
[0.137s] -- Up-to-date: /home/psd/psd_ws/install/ign_ros2_control_demos/share/ign_ros2_control_demos//urdf/test_diff_drive.xacro.urdf
[0.137s] -- Up-to-date: /home/psd/psd_ws/install/ign_ros2_control_demos/lib/ign_ros2_control_demos/example_position
[0.137s] -- Up-to-date: /home/psd/psd_ws/install/ign_ros2_control_demos/lib/ign_ros2_control_demos/example_velocity
[0.137s] -- Up-to-date: /home/psd/psd_ws/install/ign_ros2_control_demos/lib/ign_ros2_control_demos/example_effort
[0.137s] -- Up-to-date: /home/psd/psd_ws/install/ign_ros2_control_demos/lib/ign_ros2_control_demos/example_diff_drive
[0.137s] -- Up-to-date: /home/psd/psd_ws/install/ign_ros2_control_demos/lib/ign_ros2_control_demos/example_tricycle_drive
[0.138s] -- Up-to-date: /home/psd/psd_ws/install/ign_ros2_control_demos/lib/ign_ros2_control_demos/example_gripper
[0.138s] -- Up-to-date: /home/psd/psd_ws/install/ign_ros2_control_demos/share/ament_index/resource_index/package_run_dependencies/ign_ros2_control_demos
[0.138s] -- Up-to-date: /home/psd/psd_ws/install/ign_ros2_control_demos/share/ament_index/resource_index/parent_prefix_path/ign_ros2_control_demos
[0.138s] -- Up-to-date: /home/psd/psd_ws/install/ign_ros2_control_demos/share/ign_ros2_control_demos/environment/ament_prefix_path.sh
[0.138s] -- Up-to-date: /home/psd/psd_ws/install/ign_ros2_control_demos/share/ign_ros2_control_demos/environment/ament_prefix_path.dsv
[0.138s] -- Up-to-date: /home/psd/psd_ws/install/ign_ros2_control_demos/share/ign_ros2_control_demos/environment/path.sh
[0.139s] -- Up-to-date: /home/psd/psd_ws/install/ign_ros2_control_demos/share/ign_ros2_control_demos/environment/path.dsv
[0.139s] -- Up-to-date: /home/psd/psd_ws/install/ign_ros2_control_demos/share/ign_ros2_control_demos/local_setup.bash
[0.139s] -- Up-to-date: /home/psd/psd_ws/install/ign_ros2_control_demos/share/ign_ros2_control_demos/local_setup.sh
[0.139s] -- Up-to-date: /home/psd/psd_ws/install/ign_ros2_control_demos/share/ign_ros2_control_demos/local_setup.zsh
[0.139s] -- Up-to-date: /home/psd/psd_ws/install/ign_ros2_control_demos/share/ign_ros2_control_demos/local_setup.dsv
[0.139s] -- Installing: /home/psd/psd_ws/install/ign_ros2_control_demos/share/ign_ros2_control_demos/package.dsv
[0.139s] -- Up-to-date: /home/psd/psd_ws/install/ign_ros2_control_demos/share/ament_index/resource_index/packages/ign_ros2_control_demos
[0.139s] -- Up-to-date: /home/psd/psd_ws/install/ign_ros2_control_demos/share/ign_ros2_control_demos/cmake/ign_ros2_control_demosConfig.cmake
[0.139s] -- Up-to-date: /home/psd/psd_ws/install/ign_ros2_control_demos/share/ign_ros2_control_demos/cmake/ign_ros2_control_demosConfig-version.cmake
[0.139s] -- Up-to-date: /home/psd/psd_ws/install/ign_ros2_control_demos/share/ign_ros2_control_demos/package.xml
[0.140s] Invoked command in '/home/psd/psd_ws/build/ign_ros2_control_demos' returned '0': AMENT_PREFIX_PATH=/home/psd/psd_ws/install/ign_ros2_control:${AMENT_PREFIX_PATH} CMAKE_PREFIX_PATH=/home/psd/psd_ws/install/ign_ros2_control:/opt/ros/humble LD_LIBRARY_PATH=/home/psd/psd_ws/install/ign_ros2_control/lib:${LD_LIBRARY_PATH} /usr/bin/cmake --install /home/psd/psd_ws/build/ign_ros2_control_demos
