[0.014s] Invoking command in '/home/ubuntu/psd_ws/build/psd_vehicle_bringup': CMAKE_PREFIX_PATH=/home/ubuntu/psd_ws/install/psd_vehicle_description:/home/ubuntu/psd_ws/install/psd_vehicle_bringup:/home/ubuntu/psd_ws/install/psd_gazebo_worlds:/home/ubuntu/psd_ws/install/gz_ros2_control_tests:/home/ubuntu/psd_ws/install/gz_ros2_control_demos:/home/ubuntu/psd_ws/install/gz_ros2_control:/opt/ros/jazzy/opt/gz_sim_vendor:/opt/ros/jazzy/opt/gz_sensors_vendor:/opt/ros/jazzy/opt/gz_physics_vendor:/opt/ros/jazzy/opt/sdformat_vendor:/opt/ros/jazzy/opt/gz_gui_vendor:/opt/ros/jazzy/opt/gz_transport_vendor:/opt/ros/jazzy/opt/gz_rendering_vendor:/opt/ros/jazzy/opt/gz_plugin_vendor:/opt/ros/jazzy/opt/gz_fuel_tools_vendor:/opt/ros/jazzy/opt/gz_msgs_vendor:/opt/ros/jazzy/opt/gz_common_vendor:/opt/ros/jazzy/opt/gz_math_vendor:/opt/ros/jazzy/opt/gz_utils_vendor:/opt/ros/jazzy/opt/gz_tools_vendor:/opt/ros/jazzy/opt/gz_ogre_next_vendor:/opt/ros/jazzy/opt/gz_dartsim_vendor:/opt/ros/jazzy/opt/gz_cmake_vendor:/opt/ros/jazzy /usr/bin/cmake --build /home/ubuntu/psd_ws/build/psd_vehicle_bringup -- -j20 -l20
[0.044s] Invoked command in '/home/ubuntu/psd_ws/build/psd_vehicle_bringup' returned '0': CMAKE_PREFIX_PATH=/home/ubuntu/psd_ws/install/psd_vehicle_description:/home/ubuntu/psd_ws/install/psd_vehicle_bringup:/home/ubuntu/psd_ws/install/psd_gazebo_worlds:/home/ubuntu/psd_ws/install/gz_ros2_control_tests:/home/ubuntu/psd_ws/install/gz_ros2_control_demos:/home/ubuntu/psd_ws/install/gz_ros2_control:/opt/ros/jazzy/opt/gz_sim_vendor:/opt/ros/jazzy/opt/gz_sensors_vendor:/opt/ros/jazzy/opt/gz_physics_vendor:/opt/ros/jazzy/opt/sdformat_vendor:/opt/ros/jazzy/opt/gz_gui_vendor:/opt/ros/jazzy/opt/gz_transport_vendor:/opt/ros/jazzy/opt/gz_rendering_vendor:/opt/ros/jazzy/opt/gz_plugin_vendor:/opt/ros/jazzy/opt/gz_fuel_tools_vendor:/opt/ros/jazzy/opt/gz_msgs_vendor:/opt/ros/jazzy/opt/gz_common_vendor:/opt/ros/jazzy/opt/gz_math_vendor:/opt/ros/jazzy/opt/gz_utils_vendor:/opt/ros/jazzy/opt/gz_tools_vendor:/opt/ros/jazzy/opt/gz_ogre_next_vendor:/opt/ros/jazzy/opt/gz_dartsim_vendor:/opt/ros/jazzy/opt/gz_cmake_vendor:/opt/ros/jazzy /usr/bin/cmake --build /home/ubuntu/psd_ws/build/psd_vehicle_bringup -- -j20 -l20
[0.058s] Invoking command in '/home/ubuntu/psd_ws/build/psd_vehicle_bringup': CMAKE_PREFIX_PATH=/home/ubuntu/psd_ws/install/psd_vehicle_description:/home/ubuntu/psd_ws/install/psd_vehicle_bringup:/home/ubuntu/psd_ws/install/psd_gazebo_worlds:/home/ubuntu/psd_ws/install/gz_ros2_control_tests:/home/ubuntu/psd_ws/install/gz_ros2_control_demos:/home/ubuntu/psd_ws/install/gz_ros2_control:/opt/ros/jazzy/opt/gz_sim_vendor:/opt/ros/jazzy/opt/gz_sensors_vendor:/opt/ros/jazzy/opt/gz_physics_vendor:/opt/ros/jazzy/opt/sdformat_vendor:/opt/ros/jazzy/opt/gz_gui_vendor:/opt/ros/jazzy/opt/gz_transport_vendor:/opt/ros/jazzy/opt/gz_rendering_vendor:/opt/ros/jazzy/opt/gz_plugin_vendor:/opt/ros/jazzy/opt/gz_fuel_tools_vendor:/opt/ros/jazzy/opt/gz_msgs_vendor:/opt/ros/jazzy/opt/gz_common_vendor:/opt/ros/jazzy/opt/gz_math_vendor:/opt/ros/jazzy/opt/gz_utils_vendor:/opt/ros/jazzy/opt/gz_tools_vendor:/opt/ros/jazzy/opt/gz_ogre_next_vendor:/opt/ros/jazzy/opt/gz_dartsim_vendor:/opt/ros/jazzy/opt/gz_cmake_vendor:/opt/ros/jazzy /usr/bin/cmake --install /home/ubuntu/psd_ws/build/psd_vehicle_bringup
[0.063s] -- Install configuration: ""
[0.064s] -- Execute custom install script
[0.064s] -- Up-to-date symlink: /home/ubuntu/psd_ws/install/psd_vehicle_bringup/share/psd_vehicle_bringup/config/psd_vehicle_controllers.yaml
[0.064s] -- Up-to-date symlink: /home/ubuntu/psd_ws/install/psd_vehicle_bringup/share/psd_vehicle_bringup/gz_sim.launch.py
[0.064s] -- Up-to-date symlink: /home/ubuntu/psd_ws/install/psd_vehicle_bringup/share/ament_index/resource_index/package_run_dependencies/psd_vehicle_bringup
[0.064s] -- Up-to-date symlink: /home/ubuntu/psd_ws/install/psd_vehicle_bringup/share/ament_index/resource_index/parent_prefix_path/psd_vehicle_bringup
[0.064s] -- Up-to-date symlink: /home/ubuntu/psd_ws/install/psd_vehicle_bringup/share/psd_vehicle_bringup/environment/ament_prefix_path.sh
[0.064s] -- Up-to-date symlink: /home/ubuntu/psd_ws/install/psd_vehicle_bringup/share/psd_vehicle_bringup/environment/ament_prefix_path.dsv
[0.064s] -- Up-to-date symlink: /home/ubuntu/psd_ws/install/psd_vehicle_bringup/share/psd_vehicle_bringup/environment/path.sh
[0.065s] -- Up-to-date symlink: /home/ubuntu/psd_ws/install/psd_vehicle_bringup/share/psd_vehicle_bringup/environment/path.dsv
[0.065s] -- Up-to-date symlink: /home/ubuntu/psd_ws/install/psd_vehicle_bringup/share/psd_vehicle_bringup/local_setup.bash
[0.065s] -- Up-to-date symlink: /home/ubuntu/psd_ws/install/psd_vehicle_bringup/share/psd_vehicle_bringup/local_setup.sh
[0.065s] -- Up-to-date symlink: /home/ubuntu/psd_ws/install/psd_vehicle_bringup/share/psd_vehicle_bringup/local_setup.zsh
[0.065s] -- Up-to-date symlink: /home/ubuntu/psd_ws/install/psd_vehicle_bringup/share/psd_vehicle_bringup/local_setup.dsv
[0.065s] -- Symlinking: /home/ubuntu/psd_ws/install/psd_vehicle_bringup/share/psd_vehicle_bringup/package.dsv
[0.071s] -- Up-to-date symlink: /home/ubuntu/psd_ws/install/psd_vehicle_bringup/share/ament_index/resource_index/packages/psd_vehicle_bringup
[0.071s] -- Up-to-date symlink: /home/ubuntu/psd_ws/install/psd_vehicle_bringup/share/psd_vehicle_bringup/cmake/psd_vehicle_bringupConfig.cmake
[0.071s] -- Up-to-date symlink: /home/ubuntu/psd_ws/install/psd_vehicle_bringup/share/psd_vehicle_bringup/cmake/psd_vehicle_bringupConfig-version.cmake
[0.072s] -- Up-to-date symlink: /home/ubuntu/psd_ws/install/psd_vehicle_bringup/share/psd_vehicle_bringup/package.xml
[0.073s] Invoked command in '/home/ubuntu/psd_ws/build/psd_vehicle_bringup' returned '0': CMAKE_PREFIX_PATH=/home/ubuntu/psd_ws/install/psd_vehicle_description:/home/ubuntu/psd_ws/install/psd_vehicle_bringup:/home/ubuntu/psd_ws/install/psd_gazebo_worlds:/home/ubuntu/psd_ws/install/gz_ros2_control_tests:/home/ubuntu/psd_ws/install/gz_ros2_control_demos:/home/ubuntu/psd_ws/install/gz_ros2_control:/opt/ros/jazzy/opt/gz_sim_vendor:/opt/ros/jazzy/opt/gz_sensors_vendor:/opt/ros/jazzy/opt/gz_physics_vendor:/opt/ros/jazzy/opt/sdformat_vendor:/opt/ros/jazzy/opt/gz_gui_vendor:/opt/ros/jazzy/opt/gz_transport_vendor:/opt/ros/jazzy/opt/gz_rendering_vendor:/opt/ros/jazzy/opt/gz_plugin_vendor:/opt/ros/jazzy/opt/gz_fuel_tools_vendor:/opt/ros/jazzy/opt/gz_msgs_vendor:/opt/ros/jazzy/opt/gz_common_vendor:/opt/ros/jazzy/opt/gz_math_vendor:/opt/ros/jazzy/opt/gz_utils_vendor:/opt/ros/jazzy/opt/gz_tools_vendor:/opt/ros/jazzy/opt/gz_ogre_next_vendor:/opt/ros/jazzy/opt/gz_dartsim_vendor:/opt/ros/jazzy/opt/gz_cmake_vendor:/opt/ros/jazzy /usr/bin/cmake --install /home/ubuntu/psd_ws/build/psd_vehicle_bringup
