-- The CXX compiler identification is GNU 11.4.0
-- Detecting CXX compiler ABI info
-- Detecting CXX compiler ABI info - done
-- Check for working CXX compiler: /usr/bin/c++ - skipped
-- Detecting CXX compile features
-- Detecting CXX compile features - done
-- Found ament_cmake: 1.3.8 (/opt/ros/humble/share/ament_cmake/cmake)
-- Found Python3: /usr/bin/python3 (found version "3.10.12") found components: Interpreter 
-- Override CMake install command with custom implementation using symlinks instead of copying resources
-- Found rclcpp: 16.0.8 (/opt/ros/humble/share/rclcpp/cmake)
-- Found rosidl_generator_c: 3.1.5 (/opt/ros/humble/share/rosidl_generator_c/cmake)
-- Found rosidl_adapter: 3.1.5 (/opt/ros/humble/share/rosidl_adapter/cmake)
-- Found rosidl_generator_cpp: 3.1.5 (/opt/ros/humble/share/rosidl_generator_cpp/cmake)
-- Using all available rosidl_typesupport_c: rosidl_typesupport_fastrtps_c;rosidl_typesupport_introspection_c
-- Using all available rosidl_typesupport_cpp: rosidl_typesupport_fastrtps_cpp;rosidl_typesupport_introspection_cpp
-- Found rmw_implementation_cmake: 6.1.1 (/opt/ros/humble/share/rmw_implementation_cmake/cmake)
-- Found rmw_fastrtps_cpp: 6.2.6 (/opt/ros/humble/share/rmw_fastrtps_cpp/cmake)
-- Found OpenSSL: /usr/lib/x86_64-linux-gnu/libcrypto.so (found version "3.0.2")  
-- Found FastRTPS: /opt/ros/humble/include  
-- Using RMW implementation 'rmw_fastrtps_cpp' as default
-- Looking for C++ include pthread.h
-- Looking for C++ include pthread.h - found
-- Performing Test CMAKE_HAVE_LIBC_PTHREAD
-- Performing Test CMAKE_HAVE_LIBC_PTHREAD - Success
-- Found Threads: TRUE  
-- Found rclcpp_lifecycle: 16.0.8 (/opt/ros/humble/share/rclcpp_lifecycle/cmake)
-- Configuring done
-- Generating done
-- Build files have been written to: /home/psd/psd_ws/build/kinematics_interface
[ 50%] [32mBuilding CXX object CMakeFiles/kinematics_interface.dir/src/kinematics_interface.cpp.o[0m
[100%] [32m[1mLinking CXX shared library libkinematics_interface.so[0m
[100%] Built target kinematics_interface
-- Install configuration: ""
-- Execute custom install script
-- Symlinking: /home/psd/psd_ws/install/kinematics_interface/include/kinematics_interface/kinematics_interface/kinematics_interface.hpp
-- Symlinking: /home/psd/psd_ws/install/kinematics_interface/include/kinematics_interface/kinematics_interface/visibility_control.h
-- Symlinking: /home/psd/psd_ws/install/kinematics_interface/share/kinematics_interface/environment/library_path.sh
-- Symlinking: /home/psd/psd_ws/install/kinematics_interface/share/kinematics_interface/environment/library_path.dsv
-- Symlinking: /home/psd/psd_ws/install/kinematics_interface/share/ament_index/resource_index/package_run_dependencies/kinematics_interface
-- Symlinking: /home/psd/psd_ws/install/kinematics_interface/share/ament_index/resource_index/parent_prefix_path/kinematics_interface
-- Symlinking: /home/psd/psd_ws/install/kinematics_interface/share/kinematics_interface/environment/ament_prefix_path.sh
-- Symlinking: /home/psd/psd_ws/install/kinematics_interface/share/kinematics_interface/environment/ament_prefix_path.dsv
-- Symlinking: /home/psd/psd_ws/install/kinematics_interface/share/kinematics_interface/environment/path.sh
-- Symlinking: /home/psd/psd_ws/install/kinematics_interface/share/kinematics_interface/environment/path.dsv
-- Symlinking: /home/psd/psd_ws/install/kinematics_interface/share/kinematics_interface/local_setup.bash
-- Symlinking: /home/psd/psd_ws/install/kinematics_interface/share/kinematics_interface/local_setup.sh
-- Symlinking: /home/psd/psd_ws/install/kinematics_interface/share/kinematics_interface/local_setup.zsh
-- Symlinking: /home/psd/psd_ws/install/kinematics_interface/share/kinematics_interface/local_setup.dsv
-- Symlinking: /home/psd/psd_ws/install/kinematics_interface/share/kinematics_interface/package.dsv
-- Symlinking: /home/psd/psd_ws/install/kinematics_interface/share/ament_index/resource_index/packages/kinematics_interface
-- Symlinking: /home/psd/psd_ws/install/kinematics_interface/share/kinematics_interface/cmake/ament_cmake_export_targets-extras.cmake
-- Symlinking: /home/psd/psd_ws/install/kinematics_interface/share/kinematics_interface/cmake/ament_cmake_export_dependencies-extras.cmake
-- Symlinking: /home/psd/psd_ws/install/kinematics_interface/share/kinematics_interface/cmake/kinematics_interfaceConfig.cmake
-- Symlinking: /home/psd/psd_ws/install/kinematics_interface/share/kinematics_interface/cmake/kinematics_interfaceConfig-version.cmake
-- Symlinking: /home/psd/psd_ws/install/kinematics_interface/share/kinematics_interface/package.xml
-- Installing: /home/psd/psd_ws/install/kinematics_interface/lib/libkinematics_interface.so
-- Set runtime path of "/home/psd/psd_ws/install/kinematics_interface/lib/libkinematics_interface.so" to ""
-- Installing: /home/psd/psd_ws/install/kinematics_interface/share/kinematics_interface/cmake/export_kinematics_interfaceExport.cmake
-- Installing: /home/psd/psd_ws/install/kinematics_interface/share/kinematics_interface/cmake/export_kinematics_interfaceExport-noconfig.cmake
