[0.167s] Invoking command in '/home/psd/psd_ws/build/tricycle_controller': AMENT_PREFIX_PATH=/home/psd/psd_ws/install/controller_manager:/home/psd/psd_ws/install/hardware_interface_testing:/home/psd/psd_ws/install/controller_interface:/home/psd/psd_ws/install/hardware_interface:/home/psd/psd_ws/install/ros2_control_test_assets:/home/psd/psd_ws/install/realtime_tools:/home/psd/psd_ws/install/controller_manager_msgs:/home/psd/psd_ws/install/control_msgs:${AMENT_PREFIX_PATH} CMAKE_PREFIX_PATH=/home/psd/psd_ws/install/controller_manager:/home/psd/psd_ws/install/hardware_interface_testing:/home/psd/psd_ws/install/controller_interface:/home/psd/psd_ws/install/hardware_interface:/home/psd/psd_ws/install/ros2_control_test_assets:/home/psd/psd_ws/install/realtime_tools:/home/psd/psd_ws/install/controller_manager_msgs:/home/psd/psd_ws/install/control_msgs:/opt/ros/humble LD_LIBRARY_PATH=/home/psd/psd_ws/install/controller_manager/lib:/home/psd/psd_ws/install/hardware_interface_testing/lib:/home/psd/psd_ws/install/controller_interface/lib:/home/psd/psd_ws/install/hardware_interface/lib:/home/psd/psd_ws/install/realtime_tools/lib:/home/psd/psd_ws/install/controller_manager_msgs/lib:/home/psd/psd_ws/install/control_msgs/lib:${LD_LIBRARY_PATH} PYTHONPATH=/home/psd/psd_ws/install/controller_manager/local/lib/python3.10/dist-packages:/home/psd/psd_ws/install/controller_manager_msgs/local/lib/python3.10/dist-packages:/home/psd/psd_ws/install/control_msgs/local/lib/python3.10/dist-packages:${PYTHONPATH} /usr/bin/cmake --build /home/psd/psd_ws/build/tricycle_controller -- -j20 -l20
[0.211s] [35m[1mConsolidate compiler generated dependencies of target tricycle_controller[0m
[0.214s] [35m[1mConsolidate compiler generated dependencies of target gmock[0m
[0.219s] [35m[1mConsolidate compiler generated dependencies of target gmock_main[0m
[0.233s] [ 21%] Built target gmock
[0.237s] [ 35%] Built target gmock_main
[0.241s] [ 71%] Built target tricycle_controller
[0.254s] [35m[1mConsolidate compiler generated dependencies of target test_tricycle_controller[0m
[0.255s] [35m[1mConsolidate compiler generated dependencies of target test_load_tricycle_controller[0m
[0.280s] [ 85%] Built target test_tricycle_controller
[0.282s] [100%] Built target test_load_tricycle_controller
[0.298s] Invoked command in '/home/psd/psd_ws/build/tricycle_controller' returned '0': AMENT_PREFIX_PATH=/home/psd/psd_ws/install/controller_manager:/home/psd/psd_ws/install/hardware_interface_testing:/home/psd/psd_ws/install/controller_interface:/home/psd/psd_ws/install/hardware_interface:/home/psd/psd_ws/install/ros2_control_test_assets:/home/psd/psd_ws/install/realtime_tools:/home/psd/psd_ws/install/controller_manager_msgs:/home/psd/psd_ws/install/control_msgs:${AMENT_PREFIX_PATH} CMAKE_PREFIX_PATH=/home/psd/psd_ws/install/controller_manager:/home/psd/psd_ws/install/hardware_interface_testing:/home/psd/psd_ws/install/controller_interface:/home/psd/psd_ws/install/hardware_interface:/home/psd/psd_ws/install/ros2_control_test_assets:/home/psd/psd_ws/install/realtime_tools:/home/psd/psd_ws/install/controller_manager_msgs:/home/psd/psd_ws/install/control_msgs:/opt/ros/humble LD_LIBRARY_PATH=/home/psd/psd_ws/install/controller_manager/lib:/home/psd/psd_ws/install/hardware_interface_testing/lib:/home/psd/psd_ws/install/controller_interface/lib:/home/psd/psd_ws/install/hardware_interface/lib:/home/psd/psd_ws/install/realtime_tools/lib:/home/psd/psd_ws/install/controller_manager_msgs/lib:/home/psd/psd_ws/install/control_msgs/lib:${LD_LIBRARY_PATH} PYTHONPATH=/home/psd/psd_ws/install/controller_manager/local/lib/python3.10/dist-packages:/home/psd/psd_ws/install/controller_manager_msgs/local/lib/python3.10/dist-packages:/home/psd/psd_ws/install/control_msgs/local/lib/python3.10/dist-packages:${PYTHONPATH} /usr/bin/cmake --build /home/psd/psd_ws/build/tricycle_controller -- -j20 -l20
[0.343s] Invoking command in '/home/psd/psd_ws/build/tricycle_controller': AMENT_PREFIX_PATH=/home/psd/psd_ws/install/controller_manager:/home/psd/psd_ws/install/hardware_interface_testing:/home/psd/psd_ws/install/controller_interface:/home/psd/psd_ws/install/hardware_interface:/home/psd/psd_ws/install/ros2_control_test_assets:/home/psd/psd_ws/install/realtime_tools:/home/psd/psd_ws/install/controller_manager_msgs:/home/psd/psd_ws/install/control_msgs:${AMENT_PREFIX_PATH} CMAKE_PREFIX_PATH=/home/psd/psd_ws/install/controller_manager:/home/psd/psd_ws/install/hardware_interface_testing:/home/psd/psd_ws/install/controller_interface:/home/psd/psd_ws/install/hardware_interface:/home/psd/psd_ws/install/ros2_control_test_assets:/home/psd/psd_ws/install/realtime_tools:/home/psd/psd_ws/install/controller_manager_msgs:/home/psd/psd_ws/install/control_msgs:/opt/ros/humble LD_LIBRARY_PATH=/home/psd/psd_ws/install/controller_manager/lib:/home/psd/psd_ws/install/hardware_interface_testing/lib:/home/psd/psd_ws/install/controller_interface/lib:/home/psd/psd_ws/install/hardware_interface/lib:/home/psd/psd_ws/install/realtime_tools/lib:/home/psd/psd_ws/install/controller_manager_msgs/lib:/home/psd/psd_ws/install/control_msgs/lib:${LD_LIBRARY_PATH} PYTHONPATH=/home/psd/psd_ws/install/controller_manager/local/lib/python3.10/dist-packages:/home/psd/psd_ws/install/controller_manager_msgs/local/lib/python3.10/dist-packages:/home/psd/psd_ws/install/control_msgs/local/lib/python3.10/dist-packages:${PYTHONPATH} /usr/bin/cmake --install /home/psd/psd_ws/build/tricycle_controller
[0.352s] -- Install configuration: ""
[0.352s] -- Up-to-date: /home/psd/psd_ws/install/tricycle_controller/share/tricycle_controller/tricycle_controller.xml
[0.354s] -- Up-to-date: /home/psd/psd_ws/install/tricycle_controller/include/tricycle_controller
[0.354s] -- Up-to-date: /home/psd/psd_ws/install/tricycle_controller/include/tricycle_controller/tricycle_controller
[0.358s] -- Up-to-date: /home/psd/psd_ws/install/tricycle_controller/include/tricycle_controller/tricycle_controller/visibility_control.h
[0.358s] -- Up-to-date: /home/psd/psd_ws/install/tricycle_controller/include/tricycle_controller/tricycle_controller/tricycle_controller.hpp
[0.358s] -- Up-to-date: /home/psd/psd_ws/install/tricycle_controller/include/tricycle_controller/tricycle_controller/traction_limiter.hpp
[0.358s] -- Up-to-date: /home/psd/psd_ws/install/tricycle_controller/include/tricycle_controller/tricycle_controller/odometry.hpp
[0.358s] -- Up-to-date: /home/psd/psd_ws/install/tricycle_controller/include/tricycle_controller/tricycle_controller/steering_limiter.hpp
[0.361s] -- Up-to-date: /home/psd/psd_ws/install/tricycle_controller/lib/libtricycle_controller.so
[0.364s] -- Up-to-date: /home/psd/psd_ws/install/tricycle_controller/share/tricycle_controller/environment/library_path.sh
[0.364s] -- Up-to-date: /home/psd/psd_ws/install/tricycle_controller/share/tricycle_controller/environment/library_path.dsv
[0.364s] -- Up-to-date: /home/psd/psd_ws/install/tricycle_controller/share/ament_index/resource_index/package_run_dependencies/tricycle_controller
[0.365s] -- Up-to-date: /home/psd/psd_ws/install/tricycle_controller/share/ament_index/resource_index/parent_prefix_path/tricycle_controller
[0.365s] -- Up-to-date: /home/psd/psd_ws/install/tricycle_controller/share/tricycle_controller/environment/ament_prefix_path.sh
[0.365s] -- Up-to-date: /home/psd/psd_ws/install/tricycle_controller/share/tricycle_controller/environment/ament_prefix_path.dsv
[0.365s] -- Up-to-date: /home/psd/psd_ws/install/tricycle_controller/share/tricycle_controller/environment/path.sh
[0.365s] -- Up-to-date: /home/psd/psd_ws/install/tricycle_controller/share/tricycle_controller/environment/path.dsv
[0.365s] -- Up-to-date: /home/psd/psd_ws/install/tricycle_controller/share/tricycle_controller/local_setup.bash
[0.365s] -- Up-to-date: /home/psd/psd_ws/install/tricycle_controller/share/tricycle_controller/local_setup.sh
[0.365s] -- Up-to-date: /home/psd/psd_ws/install/tricycle_controller/share/tricycle_controller/local_setup.zsh
[0.365s] -- Up-to-date: /home/psd/psd_ws/install/tricycle_controller/share/tricycle_controller/local_setup.dsv
[0.365s] -- Installing: /home/psd/psd_ws/install/tricycle_controller/share/tricycle_controller/package.dsv
[0.365s] -- Up-to-date: /home/psd/psd_ws/install/tricycle_controller/share/ament_index/resource_index/packages/tricycle_controller
[0.366s] -- Up-to-date: /home/psd/psd_ws/install/tricycle_controller/share/ament_index/resource_index/controller_interface__pluginlib__plugin/tricycle_controller
[0.368s] -- Up-to-date: /home/psd/psd_ws/install/tricycle_controller/share/tricycle_controller/cmake/export_tricycle_controllerExport.cmake
[0.369s] -- Up-to-date: /home/psd/psd_ws/install/tricycle_controller/share/tricycle_controller/cmake/export_tricycle_controllerExport-noconfig.cmake
[0.369s] -- Up-to-date: /home/psd/psd_ws/install/tricycle_controller/share/tricycle_controller/cmake/ament_cmake_export_targets-extras.cmake
[0.369s] -- Up-to-date: /home/psd/psd_ws/install/tricycle_controller/share/tricycle_controller/cmake/ament_cmake_export_dependencies-extras.cmake
[0.369s] -- Up-to-date: /home/psd/psd_ws/install/tricycle_controller/share/tricycle_controller/cmake/tricycle_controllerConfig.cmake
[0.370s] -- Up-to-date: /home/psd/psd_ws/install/tricycle_controller/share/tricycle_controller/cmake/tricycle_controllerConfig-version.cmake
[0.370s] -- Up-to-date: /home/psd/psd_ws/install/tricycle_controller/share/tricycle_controller/package.xml
[0.375s] Invoked command in '/home/psd/psd_ws/build/tricycle_controller' returned '0': AMENT_PREFIX_PATH=/home/psd/psd_ws/install/controller_manager:/home/psd/psd_ws/install/hardware_interface_testing:/home/psd/psd_ws/install/controller_interface:/home/psd/psd_ws/install/hardware_interface:/home/psd/psd_ws/install/ros2_control_test_assets:/home/psd/psd_ws/install/realtime_tools:/home/psd/psd_ws/install/controller_manager_msgs:/home/psd/psd_ws/install/control_msgs:${AMENT_PREFIX_PATH} CMAKE_PREFIX_PATH=/home/psd/psd_ws/install/controller_manager:/home/psd/psd_ws/install/hardware_interface_testing:/home/psd/psd_ws/install/controller_interface:/home/psd/psd_ws/install/hardware_interface:/home/psd/psd_ws/install/ros2_control_test_assets:/home/psd/psd_ws/install/realtime_tools:/home/psd/psd_ws/install/controller_manager_msgs:/home/psd/psd_ws/install/control_msgs:/opt/ros/humble LD_LIBRARY_PATH=/home/psd/psd_ws/install/controller_manager/lib:/home/psd/psd_ws/install/hardware_interface_testing/lib:/home/psd/psd_ws/install/controller_interface/lib:/home/psd/psd_ws/install/hardware_interface/lib:/home/psd/psd_ws/install/realtime_tools/lib:/home/psd/psd_ws/install/controller_manager_msgs/lib:/home/psd/psd_ws/install/control_msgs/lib:${LD_LIBRARY_PATH} PYTHONPATH=/home/psd/psd_ws/install/controller_manager/local/lib/python3.10/dist-packages:/home/psd/psd_ws/install/controller_manager_msgs/local/lib/python3.10/dist-packages:/home/psd/psd_ws/install/control_msgs/local/lib/python3.10/dist-packages:${PYTHONPATH} /usr/bin/cmake --install /home/psd/psd_ws/build/tricycle_controller
