[0.176s] Invoking command in '/home/psd/psd_ws/build/kinematics_interface': CMAKE_PREFIX_PATH=${CMAKE_PREFIX_PATH}:/home/psd/psd_ws/install/rqt_joint_trajectory_controller:/home/psd/psd_ws/install/rqt_controller_manager:/home/psd/psd_ws/install/ros2controlcli:/home/psd/psd_ws/install/ros2_controllers_test_nodes:/opt/ros/humble /usr/bin/cmake /home/psd/psd_ws/src/ros-controls/kinematics_interface/kinematics_interface -DAMENT_CMAKE_SYMLINK_INSTALL=1 -DCMAKE_INSTALL_PREFIX=/home/psd/psd_ws/install/kinematics_interface
[0.236s] -- The CXX compiler identification is GNU 11.4.0
[0.244s] -- Detecting CXX compiler ABI info
[0.318s] -- Detecting CXX compiler ABI info - done
[0.327s] -- Check for working CXX compiler: /usr/bin/c++ - skipped
[0.327s] -- Detecting CXX compile features
[0.327s] -- Detecting CXX compile features - done
[0.330s] -- Found ament_cmake: 1.3.8 (/opt/ros/humble/share/ament_cmake/cmake)
[0.464s] -- Found Python3: /usr/bin/python3 (found version "3.10.12") found components: Interpreter 
[0.519s] -- Override CMake install command with custom implementation using symlinks instead of copying resources
[0.558s] -- Found rclcpp: 16.0.8 (/opt/ros/humble/share/rclcpp/cmake)
[0.616s] -- Found rosidl_generator_c: 3.1.5 (/opt/ros/humble/share/rosidl_generator_c/cmake)
[0.624s] -- Found rosidl_adapter: 3.1.5 (/opt/ros/humble/share/rosidl_adapter/cmake)
[0.636s] -- Found rosidl_generator_cpp: 3.1.5 (/opt/ros/humble/share/rosidl_generator_cpp/cmake)
[0.658s] -- Using all available rosidl_typesupport_c: rosidl_typesupport_fastrtps_c;rosidl_typesupport_introspection_c
[0.687s] -- Using all available rosidl_typesupport_cpp: rosidl_typesupport_fastrtps_cpp;rosidl_typesupport_introspection_cpp
[0.786s] -- Found rmw_implementation_cmake: 6.1.1 (/opt/ros/humble/share/rmw_implementation_cmake/cmake)
[0.793s] -- Found rmw_fastrtps_cpp: 6.2.6 (/opt/ros/humble/share/rmw_fastrtps_cpp/cmake)
[0.923s] -- Found OpenSSL: /usr/lib/x86_64-linux-gnu/libcrypto.so (found version "3.0.2")  
[0.953s] -- Found FastRTPS: /opt/ros/humble/include  
[1.007s] -- Using RMW implementation 'rmw_fastrtps_cpp' as default
[1.022s] -- Looking for C++ include pthread.h
[1.100s] -- Looking for C++ include pthread.h - found
[1.101s] -- Performing Test CMAKE_HAVE_LIBC_PTHREAD
[1.176s] -- Performing Test CMAKE_HAVE_LIBC_PTHREAD - Success
[1.177s] -- Found Threads: TRUE  
[1.322s] -- Found rclcpp_lifecycle: 16.0.8 (/opt/ros/humble/share/rclcpp_lifecycle/cmake)
[1.423s] -- Configuring done
[1.430s] -- Generating done
[1.431s] -- Build files have been written to: /home/psd/psd_ws/build/kinematics_interface
[1.437s] Invoked command in '/home/psd/psd_ws/build/kinematics_interface' returned '0': CMAKE_PREFIX_PATH=${CMAKE_PREFIX_PATH}:/home/psd/psd_ws/install/rqt_joint_trajectory_controller:/home/psd/psd_ws/install/rqt_controller_manager:/home/psd/psd_ws/install/ros2controlcli:/home/psd/psd_ws/install/ros2_controllers_test_nodes:/opt/ros/humble /usr/bin/cmake /home/psd/psd_ws/src/ros-controls/kinematics_interface/kinematics_interface -DAMENT_CMAKE_SYMLINK_INSTALL=1 -DCMAKE_INSTALL_PREFIX=/home/psd/psd_ws/install/kinematics_interface
[1.439s] Invoking command in '/home/psd/psd_ws/build/kinematics_interface': CMAKE_PREFIX_PATH=${CMAKE_PREFIX_PATH}:/home/psd/psd_ws/install/rqt_joint_trajectory_controller:/home/psd/psd_ws/install/rqt_controller_manager:/home/psd/psd_ws/install/ros2controlcli:/home/psd/psd_ws/install/ros2_controllers_test_nodes:/opt/ros/humble /usr/bin/cmake --build /home/psd/psd_ws/build/kinematics_interface -- -j20 -l20
[1.486s] [ 50%] [32mBuilding CXX object CMakeFiles/kinematics_interface.dir/src/kinematics_interface.cpp.o[0m
[3.164s] [100%] [32m[1mLinking CXX shared library libkinematics_interface.so[0m
[3.306s] [100%] Built target kinematics_interface
[3.316s] Invoked command in '/home/psd/psd_ws/build/kinematics_interface' returned '0': CMAKE_PREFIX_PATH=${CMAKE_PREFIX_PATH}:/home/psd/psd_ws/install/rqt_joint_trajectory_controller:/home/psd/psd_ws/install/rqt_controller_manager:/home/psd/psd_ws/install/ros2controlcli:/home/psd/psd_ws/install/ros2_controllers_test_nodes:/opt/ros/humble /usr/bin/cmake --build /home/psd/psd_ws/build/kinematics_interface -- -j20 -l20
[3.352s] Invoking command in '/home/psd/psd_ws/build/kinematics_interface': CMAKE_PREFIX_PATH=${CMAKE_PREFIX_PATH}:/home/psd/psd_ws/install/rqt_joint_trajectory_controller:/home/psd/psd_ws/install/rqt_controller_manager:/home/psd/psd_ws/install/ros2controlcli:/home/psd/psd_ws/install/ros2_controllers_test_nodes:/opt/ros/humble /usr/bin/cmake --install /home/psd/psd_ws/build/kinematics_interface
[3.359s] -- Install configuration: ""
[3.359s] -- Execute custom install script
[3.359s] -- Symlinking: /home/psd/psd_ws/install/kinematics_interface/include/kinematics_interface/kinematics_interface/kinematics_interface.hpp
[3.368s] -- Symlinking: /home/psd/psd_ws/install/kinematics_interface/include/kinematics_interface/kinematics_interface/visibility_control.h
[3.376s] -- Symlinking: /home/psd/psd_ws/install/kinematics_interface/share/kinematics_interface/environment/library_path.sh
[3.387s] -- Symlinking: /home/psd/psd_ws/install/kinematics_interface/share/kinematics_interface/environment/library_path.dsv
[3.399s] -- Symlinking: /home/psd/psd_ws/install/kinematics_interface/share/ament_index/resource_index/package_run_dependencies/kinematics_interface
[3.412s] -- Symlinking: /home/psd/psd_ws/install/kinematics_interface/share/ament_index/resource_index/parent_prefix_path/kinematics_interface
[3.423s] -- Symlinking: /home/psd/psd_ws/install/kinematics_interface/share/kinematics_interface/environment/ament_prefix_path.sh
[3.434s] -- Symlinking: /home/psd/psd_ws/install/kinematics_interface/share/kinematics_interface/environment/ament_prefix_path.dsv
[3.445s] -- Symlinking: /home/psd/psd_ws/install/kinematics_interface/share/kinematics_interface/environment/path.sh
[3.458s] -- Symlinking: /home/psd/psd_ws/install/kinematics_interface/share/kinematics_interface/environment/path.dsv
[3.469s] -- Symlinking: /home/psd/psd_ws/install/kinematics_interface/share/kinematics_interface/local_setup.bash
[3.481s] -- Symlinking: /home/psd/psd_ws/install/kinematics_interface/share/kinematics_interface/local_setup.sh
[3.492s] -- Symlinking: /home/psd/psd_ws/install/kinematics_interface/share/kinematics_interface/local_setup.zsh
[3.503s] -- Symlinking: /home/psd/psd_ws/install/kinematics_interface/share/kinematics_interface/local_setup.dsv
[3.514s] -- Symlinking: /home/psd/psd_ws/install/kinematics_interface/share/kinematics_interface/package.dsv
[3.525s] -- Symlinking: /home/psd/psd_ws/install/kinematics_interface/share/ament_index/resource_index/packages/kinematics_interface
[3.536s] -- Symlinking: /home/psd/psd_ws/install/kinematics_interface/share/kinematics_interface/cmake/ament_cmake_export_targets-extras.cmake
[3.547s] -- Symlinking: /home/psd/psd_ws/install/kinematics_interface/share/kinematics_interface/cmake/ament_cmake_export_dependencies-extras.cmake
[3.558s] -- Symlinking: /home/psd/psd_ws/install/kinematics_interface/share/kinematics_interface/cmake/kinematics_interfaceConfig.cmake
[3.568s] -- Symlinking: /home/psd/psd_ws/install/kinematics_interface/share/kinematics_interface/cmake/kinematics_interfaceConfig-version.cmake
[3.579s] -- Symlinking: /home/psd/psd_ws/install/kinematics_interface/share/kinematics_interface/package.xml
[3.590s] -- Installing: /home/psd/psd_ws/install/kinematics_interface/lib/libkinematics_interface.so
[3.591s] -- Set runtime path of "/home/psd/psd_ws/install/kinematics_interface/lib/libkinematics_interface.so" to ""
[3.591s] -- Installing: /home/psd/psd_ws/install/kinematics_interface/share/kinematics_interface/cmake/export_kinematics_interfaceExport.cmake
[3.591s] -- Installing: /home/psd/psd_ws/install/kinematics_interface/share/kinematics_interface/cmake/export_kinematics_interfaceExport-noconfig.cmake
[3.594s] Invoked command in '/home/psd/psd_ws/build/kinematics_interface' returned '0': CMAKE_PREFIX_PATH=${CMAKE_PREFIX_PATH}:/home/psd/psd_ws/install/rqt_joint_trajectory_controller:/home/psd/psd_ws/install/rqt_controller_manager:/home/psd/psd_ws/install/ros2controlcli:/home/psd/psd_ws/install/ros2_controllers_test_nodes:/opt/ros/humble /usr/bin/cmake --install /home/psd/psd_ws/build/kinematics_interface
