[0.131s] Invoking command in '/home/psd/psd_ws/build/ros_components_description': CMAKE_PREFIX_PATH=/opt/ros/humble /usr/bin/cmake /home/psd/psd_ws/src/ros_components_description -DCMAKE_INSTALL_PREFIX=/home/psd/psd_ws/install/ros_components_description
[0.167s] -- The C compiler identification is GNU 11.4.0
[0.204s] -- The CXX compiler identification is GNU 11.4.0
[0.210s] -- Detecting C compiler ABI info
[0.262s] -- Detecting C compiler ABI info - done
[0.267s] -- Check for working C compiler: /usr/bin/cc - skipped
[0.267s] -- Detecting C compile features
[0.267s] -- Detecting C compile features - done
[0.270s] -- Detecting CXX compiler ABI info
[0.324s] -- Detecting CXX compiler ABI info - done
[0.330s] -- Check for working CXX compiler: /usr/bin/c++ - skipped
[0.330s] -- Detecting CXX compile features
[0.330s] -- Detecting CXX compile features - done
[0.332s] -- Found ament_cmake: 1.3.8 (/opt/ros/humble/share/ament_cmake/cmake)
[0.436s] -- Found Python3: /usr/bin/python3 (found version "3.10.12") found components: Interpreter 
[0.581s] -- Configuring done
[0.585s] -- Generating done
[0.585s] -- Build files have been written to: /home/psd/psd_ws/build/ros_components_description
[0.590s] Invoked command in '/home/psd/psd_ws/build/ros_components_description' returned '0': CMAKE_PREFIX_PATH=/opt/ros/humble /usr/bin/cmake /home/psd/psd_ws/src/ros_components_description -DCMAKE_INSTALL_PREFIX=/home/psd/psd_ws/install/ros_components_description
[0.592s] Invoking command in '/home/psd/psd_ws/build/ros_components_description': CMAKE_PREFIX_PATH=/opt/ros/humble /usr/bin/cmake --build /home/psd/psd_ws/build/ros_components_description -- -j20 -l20
[0.619s] Invoked command in '/home/psd/psd_ws/build/ros_components_description' returned '0': CMAKE_PREFIX_PATH=/opt/ros/humble /usr/bin/cmake --build /home/psd/psd_ws/build/ros_components_description -- -j20 -l20
[0.640s] Invoking command in '/home/psd/psd_ws/build/ros_components_description': CMAKE_PREFIX_PATH=/opt/ros/humble /usr/bin/cmake --install /home/psd/psd_ws/build/ros_components_description
[0.644s] -- Install configuration: ""
[0.645s] -- Installing: /home/psd/psd_ws/install/ros_components_description/share/ros_components_description/meshes
[0.645s] -- Installing: /home/psd/psd_ws/install/ros_components_description/share/ros_components_description/meshes/zed2i.stl
[0.645s] -- Installing: /home/psd/psd_ws/install/ros_components_description/share/ros_components_description/meshes/slamtec_rplidar_s1.dae
[0.646s] -- Installing: /home/psd/psd_ws/install/ros_components_description/share/ros_components_description/meshes/slamtec_rplidar_s3.dae
[0.646s] -- Installing: /home/psd/psd_ws/install/ros_components_description/share/ros_components_description/meshes/zed.stl
[0.646s] -- Installing: /home/psd/psd_ws/install/ros_components_description/share/ros_components_description/meshes/zed2.stl
[0.646s] -- Installing: /home/psd/psd_ws/install/ros_components_description/share/ros_components_description/meshes/zedxm.stl
[0.655s] -- Installing: /home/psd/psd_ws/install/ros_components_description/share/ros_components_description/meshes/slamtec_rplidar_s2.dae
[0.656s] -- Installing: /home/psd/psd_ws/install/ros_components_description/share/ros_components_description/meshes/slamtec_rplidar_a2m8.dae
[0.656s] -- Installing: /home/psd/psd_ws/install/ros_components_description/share/ros_components_description/meshes/ouster_os1_32.dae
[0.656s] -- Installing: /home/psd/psd_ws/install/ros_components_description/share/ros_components_description/meshes/slamtec_rplidar_ax.dae
[0.656s] -- Installing: /home/psd/psd_ws/install/ros_components_description/share/ros_components_description/meshes/zedx.stl
[0.663s] -- Installing: /home/psd/psd_ws/install/ros_components_description/share/ros_components_description/meshes/velodyne_puck.dae
[0.664s] -- Installing: /home/psd/psd_ws/install/ros_components_description/share/ros_components_description/meshes/orbbec_astra.dae
[0.664s] -- Installing: /home/psd/psd_ws/install/ros_components_description/share/ros_components_description/meshes/intel_realsense_d435.dae
[0.664s] -- Installing: /home/psd/psd_ws/install/ros_components_description/share/ros_components_description/meshes/zedm.stl
[0.664s] -- Installing: /home/psd/psd_ws/install/ros_components_description/share/ros_components_description/urdf
[0.664s] -- Installing: /home/psd/psd_ws/install/ros_components_description/share/ros_components_description/urdf/stereolabs_zed.urdf.xacro
[0.665s] -- Installing: /home/psd/psd_ws/install/ros_components_description/share/ros_components_description/urdf/slamtec_rplidar_s1.urdf.xacro
[0.665s] -- Installing: /home/psd/psd_ws/install/ros_components_description/share/ros_components_description/urdf/slamtec_rplidar_s2.urdf.xacro
[0.665s] -- Installing: /home/psd/psd_ws/install/ros_components_description/share/ros_components_description/urdf/intel_realsense_d435.urdf.xacro
[0.665s] -- Installing: /home/psd/psd_ws/install/ros_components_description/share/ros_components_description/urdf/orbbec_astra.urdf.xacro
[0.665s] -- Installing: /home/psd/psd_ws/install/ros_components_description/share/ros_components_description/urdf/velodyne_puck.urdf.xacro
[0.665s] -- Installing: /home/psd/psd_ws/install/ros_components_description/share/ros_components_description/urdf/slamtec_rplidar_a2.urdf.xacro
[0.665s] -- Installing: /home/psd/psd_ws/install/ros_components_description/share/ros_components_description/urdf/ouster_os1_32.urdf.xacro
[0.665s] -- Installing: /home/psd/psd_ws/install/ros_components_description/share/ros_components_description/urdf/slamtec_rplidar_a3.urdf.xacro
[0.665s] -- Installing: /home/psd/psd_ws/install/ros_components_description/share/ros_components_description/urdf/slamtec_rplidar_s3.urdf.xacro
[0.665s] -- Installing: /home/psd/psd_ws/install/ros_components_description/share/ros_components_description/environment/ros_components_description.sh
[0.665s] -- Installing: /home/psd/psd_ws/install/ros_components_description/share/ament_index/resource_index/package_run_dependencies/ros_components_description
[0.665s] -- Installing: /home/psd/psd_ws/install/ros_components_description/share/ament_index/resource_index/parent_prefix_path/ros_components_description
[0.665s] -- Installing: /home/psd/psd_ws/install/ros_components_description/share/ros_components_description/environment/ament_prefix_path.sh
[0.665s] -- Installing: /home/psd/psd_ws/install/ros_components_description/share/ros_components_description/environment/ament_prefix_path.dsv
[0.665s] -- Installing: /home/psd/psd_ws/install/ros_components_description/share/ros_components_description/environment/path.sh
[0.665s] -- Installing: /home/psd/psd_ws/install/ros_components_description/share/ros_components_description/environment/path.dsv
[0.665s] -- Installing: /home/psd/psd_ws/install/ros_components_description/share/ros_components_description/local_setup.bash
[0.665s] -- Installing: /home/psd/psd_ws/install/ros_components_description/share/ros_components_description/local_setup.sh
[0.665s] -- Installing: /home/psd/psd_ws/install/ros_components_description/share/ros_components_description/local_setup.zsh
[0.666s] -- Installing: /home/psd/psd_ws/install/ros_components_description/share/ros_components_description/local_setup.dsv
[0.666s] -- Installing: /home/psd/psd_ws/install/ros_components_description/share/ros_components_description/package.dsv
[0.666s] -- Installing: /home/psd/psd_ws/install/ros_components_description/share/ament_index/resource_index/packages/ros_components_description
[0.666s] -- Installing: /home/psd/psd_ws/install/ros_components_description/share/ros_components_description/cmake/ros_components_descriptionConfig.cmake
[0.666s] -- Installing: /home/psd/psd_ws/install/ros_components_description/share/ros_components_description/cmake/ros_components_descriptionConfig-version.cmake
[0.666s] -- Installing: /home/psd/psd_ws/install/ros_components_description/share/ros_components_description/package.xml
[0.705s] Invoked command in '/home/psd/psd_ws/build/ros_components_description' returned '0': CMAKE_PREFIX_PATH=/opt/ros/humble /usr/bin/cmake --install /home/psd/psd_ws/build/ros_components_description
