-- The C compiler identification is GNU 11.4.0
-- The CXX compiler identification is GNU 11.4.0
-- Detecting C compiler ABI info
-- Detecting C compiler ABI info - done
-- Check for working C compiler: /usr/bin/cc - skipped
-- Detecting C compile features
-- Detecting C compile features - done
-- Detecting CXX compiler ABI info
-- Detecting CXX compiler ABI info - done
-- Check for working CXX compiler: /usr/bin/c++ - skipped
-- Detecting CXX compile features
-- Detecting CXX compile features - done
-- Found ament_cmake: 1.3.8 (/opt/ros/humble/share/ament_cmake/cmake)
-- Found Python3: /usr/bin/python3 (found version "3.10.12") found components: Interpreter 
-- Override CMake install command with custom implementation using symlinks instead of copying resources
-- Found control_msgs: 4.4.0 (/home/psd/psd_ws/install/control_msgs/share/control_msgs/cmake)
-- Found rosidl_generator_c: 3.1.5 (/opt/ros/humble/share/rosidl_generator_c/cmake)
-- Found rosidl_adapter: 3.1.5 (/opt/ros/humble/share/rosidl_adapter/cmake)
-- Found rosidl_generator_cpp: 3.1.5 (/opt/ros/humble/share/rosidl_generator_cpp/cmake)
-- Using all available rosidl_typesupport_c: rosidl_typesupport_fastrtps_c;rosidl_typesupport_introspection_c
-- Using all available rosidl_typesupport_cpp: rosidl_typesupport_fastrtps_cpp;rosidl_typesupport_introspection_cpp
-- Found lifecycle_msgs: 1.2.1 (/opt/ros/humble/share/lifecycle_msgs/cmake)
-- Found pluginlib: 5.1.0 (/opt/ros/humble/share/pluginlib/cmake)
-- Found rclcpp_lifecycle: 16.0.8 (/opt/ros/humble/share/rclcpp_lifecycle/cmake)
-- Found rmw_implementation_cmake: 6.1.1 (/opt/ros/humble/share/rmw_implementation_cmake/cmake)
-- Found rmw_fastrtps_cpp: 6.2.6 (/opt/ros/humble/share/rmw_fastrtps_cpp/cmake)
-- Found TinyXML2 via Config file: TinyXML2_DIR-NOTFOUND
-- Found OpenSSL: /usr/lib/x86_64-linux-gnu/libcrypto.so (found version "3.0.2")  
-- Found TinyXML2 via Config file: TinyXML2_DIR-NOTFOUND
-- Found FastRTPS: /opt/ros/humble/include  
-- Found TinyXML2 via Config file: TinyXML2_DIR-NOTFOUND
-- Found TinyXML2 via Config file: TinyXML2_DIR-NOTFOUND
-- Using RMW implementation 'rmw_fastrtps_cpp' as default
-- Looking for pthread.h
-- Looking for pthread.h - found
-- Performing Test CMAKE_HAVE_LIBC_PTHREAD
-- Performing Test CMAKE_HAVE_LIBC_PTHREAD - Success
-- Found Threads: TRUE  
-- Found TinyXML2 via Config file: TinyXML2_DIR-NOTFOUND
-- Found ament_cmake_gmock: 1.3.8 (/opt/ros/humble/share/ament_cmake_gmock/cmake)
-- Found ros2_control_test_assets: 2.40.0 (/home/psd/psd_ws/install/ros2_control_test_assets/share/ros2_control_test_assets/cmake)
-- Found gmock sources under '/opt/ros/humble/src/gmock_vendor': C++ tests using 'Google Mock' will be built
-- Found ament_cmake_gtest: 1.3.8 (/opt/ros/humble/share/ament_cmake_gtest/cmake)
-- Found gtest sources under '/opt/ros/humble/src/gtest_vendor': C++ tests using 'Google Test' will be built
-- Configuring done
-- Generating done
-- Build files have been written to: /home/psd/psd_ws/build/hardware_interface
[ 11%] [32mBuilding CXX object gmock/CMakeFiles/gmock.dir/opt/ros/humble/src/gtest_vendor/src/gtest-all.cc.o[0m
[ 11%] [32mBuilding CXX object CMakeFiles/hardware_interface.dir/src/actuator.cpp.o[0m
[ 11%] [32mBuilding CXX object gmock/CMakeFiles/gmock.dir/src/gmock-all.cc.o[0m
[ 11%] [32mBuilding CXX object CMakeFiles/hardware_interface.dir/src/component_parser.cpp.o[0m
[ 14%] [32mBuilding CXX object gmock/CMakeFiles/gmock_main.dir/src/gmock_main.cc.o[0m
[ 20%] [32mBuilding CXX object CMakeFiles/hardware_interface.dir/src/system.cpp.o[0m
[ 20%] [32mBuilding CXX object CMakeFiles/hardware_interface.dir/src/sensor.cpp.o[0m
[ 23%] [32mBuilding CXX object CMakeFiles/hardware_interface.dir/src/resource_manager.cpp.o[0m
[ 26%] [32mBuilding CXX object CMakeFiles/hardware_interface.dir/src/lexical_casts.cpp.o[0m
[ 29%] [32m[1mLinking CXX static library libgmock_main.a[0m
[ 29%] Built target gmock_main
[ 32%] [32m[1mLinking CXX static library libgmock.a[0m
[ 32%] Built target gmock
[ 35%] [32mBuilding CXX object CMakeFiles/test_macros.dir/test/test_macros.cpp.o[0m
[ 38%] [32m[1mLinking CXX executable test_macros[0m
[ 38%] Built target test_macros
[ 41%] [32m[1mLinking CXX shared library libhardware_interface.so[0m
[ 41%] Built target hardware_interface
[ 44%] [32mBuilding CXX object CMakeFiles/mock_components.dir/src/mock_components/generic_system.cpp.o[0m
[ 47%] [32mBuilding CXX object CMakeFiles/test_inst_hardwares.dir/test/test_inst_hardwares.cpp.o[0m
[ 61%] [32mBuilding CXX object CMakeFiles/test_component_interfaces.dir/test/test_component_interfaces.cpp.o[0m
[ 61%] [32mBuilding CXX object CMakeFiles/test_joint_handle.dir/test/test_handle.cpp.o[0m
[ 61%] [32mBuilding CXX object CMakeFiles/test_hardware_components.dir/test/test_hardware_components/test_two_joint_system.cpp.o[0m
[ 64%] [32mBuilding CXX object CMakeFiles/test_component_parser.dir/test/test_component_parser.cpp.o[0m
[ 64%] [32mBuilding CXX object CMakeFiles/test_hardware_components.dir/test/test_hardware_components/test_force_torque_sensor.cpp.o[0m
[ 61%] [32mBuilding CXX object CMakeFiles/fake_components.dir/src/mock_components/generic_system.cpp.o[0m
[ 73%] [32mBuilding CXX object CMakeFiles/test_hardware_components.dir/test/test_hardware_components/test_single_joint_actuator.cpp.o[0m
[ 73%] [32mBuilding CXX object CMakeFiles/test_hardware_components.dir/test/test_hardware_components/test_system_with_command_modes.cpp.o[0m
[ 73%] [32mBuilding CXX object CMakeFiles/test_generic_system.dir/test/mock_components/test_generic_system.cpp.o[0m
[ 76%] [32mBuilding CXX object CMakeFiles/fake_components.dir/src/mock_components/fake_generic_system.cpp.o[0m
[ 79%] [32m[1mLinking CXX shared library libfake_components.so[0m
[ 82%] [32m[1mLinking CXX shared library libtest_hardware_components.so[0m
[ 82%] Built target test_hardware_components
[ 82%] Built target fake_components
[ 85%] [32m[1mLinking CXX executable test_joint_handle[0m
[ 88%] [32m[1mLinking CXX executable test_component_interfaces[0m
[ 91%] [32m[1mLinking CXX executable test_inst_hardwares[0m
[ 91%] Built target test_joint_handle
[ 94%] [32m[1mLinking CXX shared library libmock_components.so[0m
[ 94%] Built target test_inst_hardwares
[ 97%] [32m[1mLinking CXX executable test_component_parser[0m
[ 97%] Built target mock_components
[ 97%] Built target test_component_interfaces
[100%] [32m[1mLinking CXX executable test_generic_system[0m
[100%] Built target test_component_parser
[100%] Built target test_generic_system
-- Install configuration: ""
-- Execute custom install script
-- Symlinking: /home/psd/psd_ws/install/hardware_interface/share/hardware_interface//mock_components_plugin_description.xml
-- Symlinking: /home/psd/psd_ws/install/hardware_interface/share/hardware_interface//fake_components_plugin_description.xml
-- Symlinking: /home/psd/psd_ws/install/hardware_interface/include/fake_components/generic_system.hpp
-- Symlinking: /home/psd/psd_ws/install/hardware_interface/include/fake_components/visibility_control.h
-- Symlinking: /home/psd/psd_ws/install/hardware_interface/include/hardware_interface/actuator.hpp
-- Symlinking: /home/psd/psd_ws/install/hardware_interface/include/hardware_interface/actuator_interface.hpp
-- Symlinking: /home/psd/psd_ws/install/hardware_interface/include/hardware_interface/component_parser.hpp
-- Symlinking: /home/psd/psd_ws/install/hardware_interface/include/hardware_interface/controller_info.hpp
-- Symlinking: /home/psd/psd_ws/install/hardware_interface/include/hardware_interface/handle.hpp
-- Symlinking: /home/psd/psd_ws/install/hardware_interface/include/hardware_interface/hardware_component_info.hpp
-- Symlinking: /home/psd/psd_ws/install/hardware_interface/include/hardware_interface/hardware_info.hpp
-- Symlinking: /home/psd/psd_ws/install/hardware_interface/include/hardware_interface/lexical_casts.hpp
-- Symlinking: /home/psd/psd_ws/install/hardware_interface/include/hardware_interface/loaned_command_interface.hpp
-- Symlinking: /home/psd/psd_ws/install/hardware_interface/include/hardware_interface/loaned_state_interface.hpp
-- Symlinking: /home/psd/psd_ws/install/hardware_interface/include/hardware_interface/macros.hpp
-- Symlinking: /home/psd/psd_ws/install/hardware_interface/include/hardware_interface/resource_manager.hpp
-- Symlinking: /home/psd/psd_ws/install/hardware_interface/include/hardware_interface/sensor.hpp
-- Symlinking: /home/psd/psd_ws/install/hardware_interface/include/hardware_interface/sensor_interface.hpp
-- Symlinking: /home/psd/psd_ws/install/hardware_interface/include/hardware_interface/system.hpp
-- Symlinking: /home/psd/psd_ws/install/hardware_interface/include/hardware_interface/system_interface.hpp
-- Symlinking: /home/psd/psd_ws/install/hardware_interface/include/hardware_interface/types/hardware_interface_return_values.hpp
-- Symlinking: /home/psd/psd_ws/install/hardware_interface/include/hardware_interface/types/hardware_interface_type_values.hpp
-- Symlinking: /home/psd/psd_ws/install/hardware_interface/include/hardware_interface/types/lifecycle_state_names.hpp
-- Symlinking: /home/psd/psd_ws/install/hardware_interface/include/hardware_interface/visibility_control.h
-- Symlinking: /home/psd/psd_ws/install/hardware_interface/include/mock_components/generic_system.hpp
-- Symlinking: /home/psd/psd_ws/install/hardware_interface/include/mock_components/visibility_control.h
-- Symlinking: /home/psd/psd_ws/install/hardware_interface/lib/libfake_components.so
-- Symlinking: /home/psd/psd_ws/install/hardware_interface/lib/libmock_components.so
-- Symlinking: /home/psd/psd_ws/install/hardware_interface/lib/libhardware_interface.so
-- Symlinking: /home/psd/psd_ws/install/hardware_interface/lib/libtest_hardware_components.so
-- Symlinking: /home/psd/psd_ws/install/hardware_interface/share/hardware_interface/test/test_hardware_components/test_hardware_components.xml
-- Symlinking: /home/psd/psd_ws/install/hardware_interface/share/hardware_interface/environment/library_path.sh
-- Symlinking: /home/psd/psd_ws/install/hardware_interface/share/hardware_interface/environment/library_path.dsv
-- Symlinking: /home/psd/psd_ws/install/hardware_interface/share/ament_index/resource_index/package_run_dependencies/hardware_interface
-- Symlinking: /home/psd/psd_ws/install/hardware_interface/share/ament_index/resource_index/parent_prefix_path/hardware_interface
-- Symlinking: /home/psd/psd_ws/install/hardware_interface/share/hardware_interface/environment/ament_prefix_path.sh
-- Symlinking: /home/psd/psd_ws/install/hardware_interface/share/hardware_interface/environment/ament_prefix_path.dsv
-- Symlinking: /home/psd/psd_ws/install/hardware_interface/share/hardware_interface/environment/path.sh
-- Symlinking: /home/psd/psd_ws/install/hardware_interface/share/hardware_interface/environment/path.dsv
-- Symlinking: /home/psd/psd_ws/install/hardware_interface/share/hardware_interface/local_setup.bash
-- Symlinking: /home/psd/psd_ws/install/hardware_interface/share/hardware_interface/local_setup.sh
-- Symlinking: /home/psd/psd_ws/install/hardware_interface/share/hardware_interface/local_setup.zsh
-- Symlinking: /home/psd/psd_ws/install/hardware_interface/share/hardware_interface/local_setup.dsv
-- Symlinking: /home/psd/psd_ws/install/hardware_interface/share/hardware_interface/package.dsv
-- Symlinking: /home/psd/psd_ws/install/hardware_interface/share/ament_index/resource_index/packages/hardware_interface
-- Symlinking: /home/psd/psd_ws/install/hardware_interface/share/ament_index/resource_index/hardware_interface__pluginlib__plugin/hardware_interface
-- Symlinking: /home/psd/psd_ws/install/hardware_interface/share/hardware_interface/cmake/ament_cmake_export_include_directories-extras.cmake
-- Symlinking: /home/psd/psd_ws/install/hardware_interface/share/hardware_interface/cmake/ament_cmake_export_libraries-extras.cmake
-- Symlinking: /home/psd/psd_ws/install/hardware_interface/share/hardware_interface/cmake/ament_cmake_export_dependencies-extras.cmake
-- Symlinking: /home/psd/psd_ws/install/hardware_interface/share/hardware_interface/cmake/hardware_interfaceConfig.cmake
-- Symlinking: /home/psd/psd_ws/install/hardware_interface/share/hardware_interface/cmake/hardware_interfaceConfig-version.cmake
-- Symlinking: /home/psd/psd_ws/install/hardware_interface/share/hardware_interface/package.xml
