[0.012s] Invoking command in '/home/psd/psd_ws/build/hardware_interface': AMENT_PREFIX_PATH=/home/psd/psd_ws/install/ros2_control_test_assets:/home/psd/psd_ws/install/control_msgs:${AMENT_PREFIX_PATH} CMAKE_PREFIX_PATH=/home/psd/psd_ws/install/ros2_control_test_assets:/home/psd/psd_ws/install/control_msgs:/opt/ros/humble LD_LIBRARY_PATH=/home/psd/psd_ws/install/control_msgs/lib:${LD_LIBRARY_PATH} PYTHONPATH=/home/psd/psd_ws/install/control_msgs/local/lib/python3.10/dist-packages:${PYTHONPATH} /usr/bin/cmake /home/psd/psd_ws/src/ros-controls/ros2_control/hardware_interface -DAMENT_CMAKE_SYMLINK_INSTALL=1 -DCMAKE_INSTALL_PREFIX=/home/psd/psd_ws/install/hardware_interface
[0.043s] -- The C compiler identification is GNU 11.4.0
[0.079s] -- The CXX compiler identification is GNU 11.4.0
[0.083s] -- Detecting C compiler ABI info
[0.125s] -- Detecting C compiler ABI info - done
[0.130s] -- Check for working C compiler: /usr/bin/cc - skipped
[0.130s] -- Detecting C compile features
[0.130s] -- Detecting C compile features - done
[0.132s] -- Detecting CXX compiler ABI info
[0.182s] -- Detecting CXX compiler ABI info - done
[0.188s] -- Check for working CXX compiler: /usr/bin/c++ - skipped
[0.188s] -- Detecting CXX compile features
[0.188s] -- Detecting CXX compile features - done
[0.191s] -- Found ament_cmake: 1.3.8 (/opt/ros/humble/share/ament_cmake/cmake)
[0.290s] -- Found Python3: /usr/bin/python3 (found version "3.10.12") found components: Interpreter 
[0.330s] -- Override CMake install command with custom implementation using symlinks instead of copying resources
[0.355s] -- Found control_msgs: 4.4.0 (/home/psd/psd_ws/install/control_msgs/share/control_msgs/cmake)
[0.383s] -- Found rosidl_generator_c: 3.1.5 (/opt/ros/humble/share/rosidl_generator_c/cmake)
[0.386s] -- Found rosidl_adapter: 3.1.5 (/opt/ros/humble/share/rosidl_adapter/cmake)
[0.393s] -- Found rosidl_generator_cpp: 3.1.5 (/opt/ros/humble/share/rosidl_generator_cpp/cmake)
[0.402s] -- Using all available rosidl_typesupport_c: rosidl_typesupport_fastrtps_c;rosidl_typesupport_introspection_c
[0.416s] -- Using all available rosidl_typesupport_cpp: rosidl_typesupport_fastrtps_cpp;rosidl_typesupport_introspection_cpp
[0.746s] -- Found lifecycle_msgs: 1.2.1 (/opt/ros/humble/share/lifecycle_msgs/cmake)
[0.758s] -- Found pluginlib: 5.1.0 (/opt/ros/humble/share/pluginlib/cmake)
[0.781s] -- Found rclcpp_lifecycle: 16.0.8 (/opt/ros/humble/share/rclcpp_lifecycle/cmake)
[0.821s] -- Found rmw_implementation_cmake: 6.1.1 (/opt/ros/humble/share/rmw_implementation_cmake/cmake)
[0.823s] -- Found rmw_fastrtps_cpp: 6.2.6 (/opt/ros/humble/share/rmw_fastrtps_cpp/cmake)
[0.848s] -- Found TinyXML2 via Config file: TinyXML2_DIR-NOTFOUND
[0.876s] -- Found OpenSSL: /usr/lib/x86_64-linux-gnu/libcrypto.so (found version "3.0.2")  
[0.877s] -- Found TinyXML2 via Config file: TinyXML2_DIR-NOTFOUND
[0.886s] -- Found FastRTPS: /opt/ros/humble/include  
[0.892s] -- Found TinyXML2 via Config file: TinyXML2_DIR-NOTFOUND
[0.897s] -- Found TinyXML2 via Config file: TinyXML2_DIR-NOTFOUND
[0.903s] -- Using RMW implementation 'rmw_fastrtps_cpp' as default
[0.910s] -- Looking for pthread.h
[0.951s] -- Looking for pthread.h - found
[0.951s] -- Performing Test CMAKE_HAVE_LIBC_PTHREAD
[0.994s] -- Performing Test CMAKE_HAVE_LIBC_PTHREAD - Success
[0.994s] -- Found Threads: TRUE  
[1.082s] -- Found TinyXML2 via Config file: TinyXML2_DIR-NOTFOUND
[1.086s] -- Found ament_cmake_gmock: 1.3.8 (/opt/ros/humble/share/ament_cmake_gmock/cmake)
[1.086s] -- Found ros2_control_test_assets: 2.40.0 (/home/psd/psd_ws/install/ros2_control_test_assets/share/ros2_control_test_assets/cmake)
[1.088s] -- Found gmock sources under '/opt/ros/humble/src/gmock_vendor': C++ tests using 'Google Mock' will be built
[1.092s] -- Found ament_cmake_gtest: 1.3.8 (/opt/ros/humble/share/ament_cmake_gtest/cmake)
[1.092s] -- Found gtest sources under '/opt/ros/humble/src/gtest_vendor': C++ tests using 'Google Test' will be built
[1.139s] -- Configuring done
[1.169s] -- Generating done
[1.171s] -- Build files have been written to: /home/psd/psd_ws/build/hardware_interface
[1.179s] Invoked command in '/home/psd/psd_ws/build/hardware_interface' returned '0': AMENT_PREFIX_PATH=/home/psd/psd_ws/install/ros2_control_test_assets:/home/psd/psd_ws/install/control_msgs:${AMENT_PREFIX_PATH} CMAKE_PREFIX_PATH=/home/psd/psd_ws/install/ros2_control_test_assets:/home/psd/psd_ws/install/control_msgs:/opt/ros/humble LD_LIBRARY_PATH=/home/psd/psd_ws/install/control_msgs/lib:${LD_LIBRARY_PATH} PYTHONPATH=/home/psd/psd_ws/install/control_msgs/local/lib/python3.10/dist-packages:${PYTHONPATH} /usr/bin/cmake /home/psd/psd_ws/src/ros-controls/ros2_control/hardware_interface -DAMENT_CMAKE_SYMLINK_INSTALL=1 -DCMAKE_INSTALL_PREFIX=/home/psd/psd_ws/install/hardware_interface
[1.179s] Invoking command in '/home/psd/psd_ws/build/hardware_interface': AMENT_PREFIX_PATH=/home/psd/psd_ws/install/ros2_control_test_assets:/home/psd/psd_ws/install/control_msgs:${AMENT_PREFIX_PATH} CMAKE_PREFIX_PATH=/home/psd/psd_ws/install/ros2_control_test_assets:/home/psd/psd_ws/install/control_msgs:/opt/ros/humble LD_LIBRARY_PATH=/home/psd/psd_ws/install/control_msgs/lib:${LD_LIBRARY_PATH} PYTHONPATH=/home/psd/psd_ws/install/control_msgs/local/lib/python3.10/dist-packages:${PYTHONPATH} /usr/bin/cmake --build /home/psd/psd_ws/build/hardware_interface -- -j20 -l20
[1.209s] [ 11%] [32mBuilding CXX object gmock/CMakeFiles/gmock.dir/opt/ros/humble/src/gtest_vendor/src/gtest-all.cc.o[0m
[1.209s] [ 11%] [32mBuilding CXX object CMakeFiles/hardware_interface.dir/src/actuator.cpp.o[0m
[1.209s] [ 11%] [32mBuilding CXX object gmock/CMakeFiles/gmock.dir/src/gmock-all.cc.o[0m
[1.209s] [ 11%] [32mBuilding CXX object CMakeFiles/hardware_interface.dir/src/component_parser.cpp.o[0m
[1.210s] [ 14%] [32mBuilding CXX object gmock/CMakeFiles/gmock_main.dir/src/gmock_main.cc.o[0m
[1.212s] [ 20%] [32mBuilding CXX object CMakeFiles/hardware_interface.dir/src/system.cpp.o[0m
[1.212s] [ 20%] [32mBuilding CXX object CMakeFiles/hardware_interface.dir/src/sensor.cpp.o[0m
[1.212s] [ 23%] [32mBuilding CXX object CMakeFiles/hardware_interface.dir/src/resource_manager.cpp.o[0m
[1.212s] [ 26%] [32mBuilding CXX object CMakeFiles/hardware_interface.dir/src/lexical_casts.cpp.o[0m
[2.531s] [ 29%] [32m[1mLinking CXX static library libgmock_main.a[0m
[2.563s] [ 29%] Built target gmock_main
[3.790s] [ 32%] [32m[1mLinking CXX static library libgmock.a[0m
[3.835s] [ 32%] Built target gmock
[3.849s] [ 35%] [32mBuilding CXX object CMakeFiles/test_macros.dir/test/test_macros.cpp.o[0m
[4.594s] [ 38%] [32m[1mLinking CXX executable test_macros[0m
[4.690s] [ 38%] Built target test_macros
[5.131s] [ 41%] [32m[1mLinking CXX shared library libhardware_interface.so[0m
[5.331s] [ 41%] Built target hardware_interface
[5.348s] [ 44%] [32mBuilding CXX object CMakeFiles/mock_components.dir/src/mock_components/generic_system.cpp.o[0m
[5.349s] [ 47%] [32mBuilding CXX object CMakeFiles/test_inst_hardwares.dir/test/test_inst_hardwares.cpp.o[0m
[5.351s] [ 61%] [32mBuilding CXX object CMakeFiles/test_component_interfaces.dir/test/test_component_interfaces.cpp.o[0m
[5.351s] [ 61%] [32mBuilding CXX object CMakeFiles/test_joint_handle.dir/test/test_handle.cpp.o[0m
[5.351s] [ 61%] [32mBuilding CXX object CMakeFiles/test_hardware_components.dir/test/test_hardware_components/test_two_joint_system.cpp.o[0m
[5.352s] [ 64%] [32mBuilding CXX object CMakeFiles/test_component_parser.dir/test/test_component_parser.cpp.o[0m
[5.352s] [ 64%] [32mBuilding CXX object CMakeFiles/test_hardware_components.dir/test/test_hardware_components/test_force_torque_sensor.cpp.o[0m
[5.352s] [ 61%] [32mBuilding CXX object CMakeFiles/fake_components.dir/src/mock_components/generic_system.cpp.o[0m
[5.352s] [ 73%] [32mBuilding CXX object CMakeFiles/test_hardware_components.dir/test/test_hardware_components/test_single_joint_actuator.cpp.o[0m
[5.352s] [ 73%] [32mBuilding CXX object CMakeFiles/test_hardware_components.dir/test/test_hardware_components/test_system_with_command_modes.cpp.o[0m
[5.352s] [ 73%] [32mBuilding CXX object CMakeFiles/test_generic_system.dir/test/mock_components/test_generic_system.cpp.o[0m
[5.353s] [ 76%] [32mBuilding CXX object CMakeFiles/fake_components.dir/src/mock_components/fake_generic_system.cpp.o[0m
[7.071s] [ 79%] [32m[1mLinking CXX shared library libfake_components.so[0m
[7.127s] [ 82%] [32m[1mLinking CXX shared library libtest_hardware_components.so[0m
[7.308s] [ 82%] Built target test_hardware_components
[7.331s] [ 82%] Built target fake_components
[7.347s] [ 85%] [32m[1mLinking CXX executable test_joint_handle[0m
[7.518s] [ 88%] [32m[1mLinking CXX executable test_component_interfaces[0m
[7.553s] [ 91%] [32m[1mLinking CXX executable test_inst_hardwares[0m
[7.576s] [ 91%] Built target test_joint_handle
[7.663s] [ 94%] [32m[1mLinking CXX shared library libmock_components.so[0m
[7.754s] [ 94%] Built target test_inst_hardwares
[7.812s] [ 97%] [32m[1mLinking CXX executable test_component_parser[0m
[7.815s] [ 97%] Built target mock_components
[7.848s] [ 97%] Built target test_component_interfaces
[8.037s] [100%] [32m[1mLinking CXX executable test_generic_system[0m
[8.040s] [100%] Built target test_component_parser
[8.226s] [100%] Built target test_generic_system
[8.237s] Invoked command in '/home/psd/psd_ws/build/hardware_interface' returned '0': AMENT_PREFIX_PATH=/home/psd/psd_ws/install/ros2_control_test_assets:/home/psd/psd_ws/install/control_msgs:${AMENT_PREFIX_PATH} CMAKE_PREFIX_PATH=/home/psd/psd_ws/install/ros2_control_test_assets:/home/psd/psd_ws/install/control_msgs:/opt/ros/humble LD_LIBRARY_PATH=/home/psd/psd_ws/install/control_msgs/lib:${LD_LIBRARY_PATH} PYTHONPATH=/home/psd/psd_ws/install/control_msgs/local/lib/python3.10/dist-packages:${PYTHONPATH} /usr/bin/cmake --build /home/psd/psd_ws/build/hardware_interface -- -j20 -l20
[8.274s] Invoking command in '/home/psd/psd_ws/build/hardware_interface': AMENT_PREFIX_PATH=/home/psd/psd_ws/install/ros2_control_test_assets:/home/psd/psd_ws/install/control_msgs:${AMENT_PREFIX_PATH} CMAKE_PREFIX_PATH=/home/psd/psd_ws/install/ros2_control_test_assets:/home/psd/psd_ws/install/control_msgs:/opt/ros/humble LD_LIBRARY_PATH=/home/psd/psd_ws/install/control_msgs/lib:${LD_LIBRARY_PATH} PYTHONPATH=/home/psd/psd_ws/install/control_msgs/local/lib/python3.10/dist-packages:${PYTHONPATH} /usr/bin/cmake --install /home/psd/psd_ws/build/hardware_interface
[8.279s] -- Install configuration: ""
[8.279s] -- Execute custom install script
[8.279s] -- Symlinking: /home/psd/psd_ws/install/hardware_interface/share/hardware_interface//mock_components_plugin_description.xml
[8.285s] -- Symlinking: /home/psd/psd_ws/install/hardware_interface/share/hardware_interface//fake_components_plugin_description.xml
[8.291s] -- Symlinking: /home/psd/psd_ws/install/hardware_interface/include/fake_components/generic_system.hpp
[8.296s] -- Symlinking: /home/psd/psd_ws/install/hardware_interface/include/fake_components/visibility_control.h
[8.302s] -- Symlinking: /home/psd/psd_ws/install/hardware_interface/include/hardware_interface/actuator.hpp
[8.307s] -- Symlinking: /home/psd/psd_ws/install/hardware_interface/include/hardware_interface/actuator_interface.hpp
[8.312s] -- Symlinking: /home/psd/psd_ws/install/hardware_interface/include/hardware_interface/component_parser.hpp
[8.317s] -- Symlinking: /home/psd/psd_ws/install/hardware_interface/include/hardware_interface/controller_info.hpp
[8.322s] -- Symlinking: /home/psd/psd_ws/install/hardware_interface/include/hardware_interface/handle.hpp
[8.327s] -- Symlinking: /home/psd/psd_ws/install/hardware_interface/include/hardware_interface/hardware_component_info.hpp
[8.333s] -- Symlinking: /home/psd/psd_ws/install/hardware_interface/include/hardware_interface/hardware_info.hpp
[8.338s] -- Symlinking: /home/psd/psd_ws/install/hardware_interface/include/hardware_interface/lexical_casts.hpp
[8.343s] -- Symlinking: /home/psd/psd_ws/install/hardware_interface/include/hardware_interface/loaned_command_interface.hpp
[8.348s] -- Symlinking: /home/psd/psd_ws/install/hardware_interface/include/hardware_interface/loaned_state_interface.hpp
[8.354s] -- Symlinking: /home/psd/psd_ws/install/hardware_interface/include/hardware_interface/macros.hpp
[8.359s] -- Symlinking: /home/psd/psd_ws/install/hardware_interface/include/hardware_interface/resource_manager.hpp
[8.365s] -- Symlinking: /home/psd/psd_ws/install/hardware_interface/include/hardware_interface/sensor.hpp
[8.370s] -- Symlinking: /home/psd/psd_ws/install/hardware_interface/include/hardware_interface/sensor_interface.hpp
[8.375s] -- Symlinking: /home/psd/psd_ws/install/hardware_interface/include/hardware_interface/system.hpp
[8.380s] -- Symlinking: /home/psd/psd_ws/install/hardware_interface/include/hardware_interface/system_interface.hpp
[8.385s] -- Symlinking: /home/psd/psd_ws/install/hardware_interface/include/hardware_interface/types/hardware_interface_return_values.hpp
[8.390s] -- Symlinking: /home/psd/psd_ws/install/hardware_interface/include/hardware_interface/types/hardware_interface_type_values.hpp
[8.396s] -- Symlinking: /home/psd/psd_ws/install/hardware_interface/include/hardware_interface/types/lifecycle_state_names.hpp
[8.401s] -- Symlinking: /home/psd/psd_ws/install/hardware_interface/include/hardware_interface/visibility_control.h
[8.406s] -- Symlinking: /home/psd/psd_ws/install/hardware_interface/include/mock_components/generic_system.hpp
[8.412s] -- Symlinking: /home/psd/psd_ws/install/hardware_interface/include/mock_components/visibility_control.h
[8.417s] -- Symlinking: /home/psd/psd_ws/install/hardware_interface/lib/libfake_components.so
[8.422s] -- Symlinking: /home/psd/psd_ws/install/hardware_interface/lib/libmock_components.so
[8.428s] -- Symlinking: /home/psd/psd_ws/install/hardware_interface/lib/libhardware_interface.so
[8.433s] -- Symlinking: /home/psd/psd_ws/install/hardware_interface/lib/libtest_hardware_components.so
[8.438s] -- Symlinking: /home/psd/psd_ws/install/hardware_interface/share/hardware_interface/test/test_hardware_components/test_hardware_components.xml
[8.443s] -- Symlinking: /home/psd/psd_ws/install/hardware_interface/share/hardware_interface/environment/library_path.sh
[8.449s] -- Symlinking: /home/psd/psd_ws/install/hardware_interface/share/hardware_interface/environment/library_path.dsv
[8.454s] -- Symlinking: /home/psd/psd_ws/install/hardware_interface/share/ament_index/resource_index/package_run_dependencies/hardware_interface
[8.459s] -- Symlinking: /home/psd/psd_ws/install/hardware_interface/share/ament_index/resource_index/parent_prefix_path/hardware_interface
[8.464s] -- Symlinking: /home/psd/psd_ws/install/hardware_interface/share/hardware_interface/environment/ament_prefix_path.sh
[8.469s] -- Symlinking: /home/psd/psd_ws/install/hardware_interface/share/hardware_interface/environment/ament_prefix_path.dsv
[8.474s] -- Symlinking: /home/psd/psd_ws/install/hardware_interface/share/hardware_interface/environment/path.sh
[8.480s] -- Symlinking: /home/psd/psd_ws/install/hardware_interface/share/hardware_interface/environment/path.dsv
[8.485s] -- Symlinking: /home/psd/psd_ws/install/hardware_interface/share/hardware_interface/local_setup.bash
[8.491s] -- Symlinking: /home/psd/psd_ws/install/hardware_interface/share/hardware_interface/local_setup.sh
[8.496s] -- Symlinking: /home/psd/psd_ws/install/hardware_interface/share/hardware_interface/local_setup.zsh
[8.501s] -- Symlinking: /home/psd/psd_ws/install/hardware_interface/share/hardware_interface/local_setup.dsv
[8.508s] -- Symlinking: /home/psd/psd_ws/install/hardware_interface/share/hardware_interface/package.dsv
[8.513s] -- Symlinking: /home/psd/psd_ws/install/hardware_interface/share/ament_index/resource_index/packages/hardware_interface
[8.519s] -- Symlinking: /home/psd/psd_ws/install/hardware_interface/share/ament_index/resource_index/hardware_interface__pluginlib__plugin/hardware_interface
[8.524s] -- Symlinking: /home/psd/psd_ws/install/hardware_interface/share/hardware_interface/cmake/ament_cmake_export_include_directories-extras.cmake
[8.530s] -- Symlinking: /home/psd/psd_ws/install/hardware_interface/share/hardware_interface/cmake/ament_cmake_export_libraries-extras.cmake
[8.535s] -- Symlinking: /home/psd/psd_ws/install/hardware_interface/share/hardware_interface/cmake/ament_cmake_export_dependencies-extras.cmake
[8.540s] -- Symlinking: /home/psd/psd_ws/install/hardware_interface/share/hardware_interface/cmake/hardware_interfaceConfig.cmake
[8.545s] -- Symlinking: /home/psd/psd_ws/install/hardware_interface/share/hardware_interface/cmake/hardware_interfaceConfig-version.cmake
[8.551s] -- Symlinking: /home/psd/psd_ws/install/hardware_interface/share/hardware_interface/package.xml
[8.558s] Invoked command in '/home/psd/psd_ws/build/hardware_interface' returned '0': AMENT_PREFIX_PATH=/home/psd/psd_ws/install/ros2_control_test_assets:/home/psd/psd_ws/install/control_msgs:${AMENT_PREFIX_PATH} CMAKE_PREFIX_PATH=/home/psd/psd_ws/install/ros2_control_test_assets:/home/psd/psd_ws/install/control_msgs:/opt/ros/humble LD_LIBRARY_PATH=/home/psd/psd_ws/install/control_msgs/lib:${LD_LIBRARY_PATH} PYTHONPATH=/home/psd/psd_ws/install/control_msgs/local/lib/python3.10/dist-packages:${PYTHONPATH} /usr/bin/cmake --install /home/psd/psd_ws/build/hardware_interface
