[0.013s] Invoking command in '/home/psd/psd_ws/build/controller_manager': AMENT_PREFIX_PATH=/home/psd/psd_ws/install/hardware_interface_testing:/home/psd/psd_ws/install/controller_interface:/home/psd/psd_ws/install/hardware_interface:/home/psd/psd_ws/install/ros2_control_test_assets:/home/psd/psd_ws/install/realtime_tools:/home/psd/psd_ws/install/controller_manager_msgs:/home/psd/psd_ws/install/control_msgs:${AMENT_PREFIX_PATH} CMAKE_PREFIX_PATH=/home/psd/psd_ws/install/hardware_interface_testing:/home/psd/psd_ws/install/controller_interface:/home/psd/psd_ws/install/hardware_interface:/home/psd/psd_ws/install/ros2_control_test_assets:/home/psd/psd_ws/install/realtime_tools:/home/psd/psd_ws/install/controller_manager_msgs:/home/psd/psd_ws/install/control_msgs:/opt/ros/humble LD_LIBRARY_PATH=/home/psd/psd_ws/install/hardware_interface_testing/lib:/home/psd/psd_ws/install/controller_interface/lib:/home/psd/psd_ws/install/hardware_interface/lib:/home/psd/psd_ws/install/realtime_tools/lib:/home/psd/psd_ws/install/controller_manager_msgs/lib:/home/psd/psd_ws/install/control_msgs/lib:${LD_LIBRARY_PATH} PYTHONPATH=/home/psd/psd_ws/install/controller_manager_msgs/local/lib/python3.10/dist-packages:/home/psd/psd_ws/install/control_msgs/local/lib/python3.10/dist-packages:${PYTHONPATH} /usr/bin/cmake --build /home/psd/psd_ws/build/controller_manager -- -j20 -l20
[0.044s] [35m[1mConsolidate compiler generated dependencies of target controller_manager[0m
[0.044s] [35m[1mConsolidate compiler generated dependencies of target gmock_main[0m
[0.045s] [35m[1mConsolidate compiler generated dependencies of target gmock[0m
[0.054s] [  5%] Built target gmock_main
[0.055s] [  5%] Built target ament_cmake_python_copy_controller_manager_setup
[0.055s] [  5%] Built target ament_cmake_python_copy_controller_manager
[0.056s] [ 14%] Built target gmock
[0.057s] [ 20%] Built target controller_manager
[0.066s] [35m[1mConsolidate compiler generated dependencies of target ros2_control_node[0m
[0.067s] [35m[1mConsolidate compiler generated dependencies of target test_controller_manager_urdf_passing[0m
[0.067s] [35m[1mConsolidate compiler generated dependencies of target test_controller_with_interfaces[0m
[0.068s] [35m[1mConsolidate compiler generated dependencies of target test_controller_failed_init[0m
[0.068s] [35m[1mConsolidate compiler generated dependencies of target test_controller[0m
[0.070s] [35m[1mConsolidate compiler generated dependencies of target test_chainable_controller[0m
[0.082s] [ 31%] Built target test_controller
[0.082s] [ 31%] Built target test_controller_with_interfaces
[0.083s] [ 37%] Built target test_controller_manager_urdf_passing
[0.083s] [ 42%] Built target ros2_control_node
[0.084s] [ 48%] Built target test_chainable_controller
[0.087s] [ 54%] Built target test_controller_failed_init
[0.093s] [35m[1mConsolidate compiler generated dependencies of target test_controller_manager[0m
[0.093s] [35m[1mConsolidate compiler generated dependencies of target test_controller_manager_with_namespace.cpp[0m
[0.093s] [35m[1mConsolidate compiler generated dependencies of target test_spawner_unspawner[0m
[0.096s] [35m[1mConsolidate compiler generated dependencies of target test_release_interfaces[0m
[0.096s] [35m[1mConsolidate compiler generated dependencies of target test_hardware_management_srvs[0m
[0.098s] [35m[1mConsolidate compiler generated dependencies of target test_load_controller[0m
[0.099s] [35m[1mConsolidate compiler generated dependencies of target test_controller_manager_srvs[0m
[0.100s] [35m[1mConsolidate compiler generated dependencies of target test_controllers_chaining_with_controller_manager[0m
[0.110s] [ 60%] Built target test_controller_manager_with_namespace.cpp
[0.111s] [ 65%] Built target test_controller_manager
[0.113s] [ 71%] Built target test_spawner_unspawner
[0.116s] [ 77%] Built target test_release_interfaces
[0.116s] [ 82%] Built target test_hardware_management_srvs
[0.117s] [ 94%] Built target test_controller_manager_srvs
[0.117s] [ 94%] Built target test_load_controller
[0.120s] [100%] Built target test_controllers_chaining_with_controller_manager
[0.190s] running install_scripts
[0.192s] /usr/lib/python3/dist-packages/setuptools/command/install.py:34: SetuptoolsDeprecationWarning: setup.py install is deprecated. Use build and pip and other standards-based tools.
[0.192s]   warnings.warn(
[0.193s] running egg_info
[0.193s] writing controller_manager.egg-info/PKG-INFO
[0.193s] writing dependency_links to controller_manager.egg-info/dependency_links.txt
[0.194s] writing entry points to controller_manager.egg-info/entry_points.txt
[0.194s] writing top-level names to controller_manager.egg-info/top_level.txt
[0.195s] reading manifest file 'controller_manager.egg-info/SOURCES.txt'
[0.195s] writing manifest file 'controller_manager.egg-info/SOURCES.txt'
[0.204s] running egg_info
[0.205s] writing controller_manager.egg-info/PKG-INFO
[0.205s] writing dependency_links to controller_manager.egg-info/dependency_links.txt
[0.205s] writing entry points to controller_manager.egg-info/entry_points.txt
[0.205s] writing top-level names to controller_manager.egg-info/top_level.txt
[0.206s] reading manifest file 'controller_manager.egg-info/SOURCES.txt'
[0.206s] writing manifest file 'controller_manager.egg-info/SOURCES.txt'
[0.207s] Installing hardware_spawner script to scripts
[0.207s] Installing spawner script to scripts
[0.207s] Installing unspawner script to scripts
[0.210s] [100%] Built target ament_cmake_python_build_controller_manager_egg
[0.223s] [100%] Built target ament_cmake_python_build_controller_manager_scripts
[0.230s] Invoked command in '/home/psd/psd_ws/build/controller_manager' returned '0': AMENT_PREFIX_PATH=/home/psd/psd_ws/install/hardware_interface_testing:/home/psd/psd_ws/install/controller_interface:/home/psd/psd_ws/install/hardware_interface:/home/psd/psd_ws/install/ros2_control_test_assets:/home/psd/psd_ws/install/realtime_tools:/home/psd/psd_ws/install/controller_manager_msgs:/home/psd/psd_ws/install/control_msgs:${AMENT_PREFIX_PATH} CMAKE_PREFIX_PATH=/home/psd/psd_ws/install/hardware_interface_testing:/home/psd/psd_ws/install/controller_interface:/home/psd/psd_ws/install/hardware_interface:/home/psd/psd_ws/install/ros2_control_test_assets:/home/psd/psd_ws/install/realtime_tools:/home/psd/psd_ws/install/controller_manager_msgs:/home/psd/psd_ws/install/control_msgs:/opt/ros/humble LD_LIBRARY_PATH=/home/psd/psd_ws/install/hardware_interface_testing/lib:/home/psd/psd_ws/install/controller_interface/lib:/home/psd/psd_ws/install/hardware_interface/lib:/home/psd/psd_ws/install/realtime_tools/lib:/home/psd/psd_ws/install/controller_manager_msgs/lib:/home/psd/psd_ws/install/control_msgs/lib:${LD_LIBRARY_PATH} PYTHONPATH=/home/psd/psd_ws/install/controller_manager_msgs/local/lib/python3.10/dist-packages:/home/psd/psd_ws/install/control_msgs/local/lib/python3.10/dist-packages:${PYTHONPATH} /usr/bin/cmake --build /home/psd/psd_ws/build/controller_manager -- -j20 -l20
[0.269s] Invoking command in '/home/psd/psd_ws/build/controller_manager': AMENT_PREFIX_PATH=/home/psd/psd_ws/install/hardware_interface_testing:/home/psd/psd_ws/install/controller_interface:/home/psd/psd_ws/install/hardware_interface:/home/psd/psd_ws/install/ros2_control_test_assets:/home/psd/psd_ws/install/realtime_tools:/home/psd/psd_ws/install/controller_manager_msgs:/home/psd/psd_ws/install/control_msgs:${AMENT_PREFIX_PATH} CMAKE_PREFIX_PATH=/home/psd/psd_ws/install/hardware_interface_testing:/home/psd/psd_ws/install/controller_interface:/home/psd/psd_ws/install/hardware_interface:/home/psd/psd_ws/install/ros2_control_test_assets:/home/psd/psd_ws/install/realtime_tools:/home/psd/psd_ws/install/controller_manager_msgs:/home/psd/psd_ws/install/control_msgs:/opt/ros/humble LD_LIBRARY_PATH=/home/psd/psd_ws/install/hardware_interface_testing/lib:/home/psd/psd_ws/install/controller_interface/lib:/home/psd/psd_ws/install/hardware_interface/lib:/home/psd/psd_ws/install/realtime_tools/lib:/home/psd/psd_ws/install/controller_manager_msgs/lib:/home/psd/psd_ws/install/control_msgs/lib:${LD_LIBRARY_PATH} PYTHONPATH=/home/psd/psd_ws/install/controller_manager_msgs/local/lib/python3.10/dist-packages:/home/psd/psd_ws/install/control_msgs/local/lib/python3.10/dist-packages:${PYTHONPATH} /usr/bin/cmake --install /home/psd/psd_ws/build/controller_manager
[0.274s] -- Install configuration: ""
[0.275s] -- Up-to-date: /home/psd/psd_ws/install/controller_manager/lib/libcontroller_manager.so
[0.276s] -- Up-to-date: /home/psd/psd_ws/install/controller_manager/lib/controller_manager/ros2_control_node
[0.276s] -- Up-to-date: /home/psd/psd_ws/install/controller_manager/include
[0.276s] -- Up-to-date: /home/psd/psd_ws/install/controller_manager/include/controller_manager
[0.276s] -- Up-to-date: /home/psd/psd_ws/install/controller_manager/include/controller_manager/visibility_control.h
[0.276s] -- Up-to-date: /home/psd/psd_ws/install/controller_manager/include/controller_manager/controller_manager.hpp
[0.276s] -- Up-to-date: /home/psd/psd_ws/install/controller_manager/include/controller_manager/controller_spec.hpp
[0.276s] -- Up-to-date: /home/psd/psd_ws/install/controller_manager/share/controller_manager/test/test_controller/test_controller.xml
[0.276s] -- Up-to-date: /home/psd/psd_ws/install/controller_manager/lib/libtest_controller.so
[0.277s] -- Up-to-date: /home/psd/psd_ws/install/controller_manager/share/controller_manager/test/test_controller_failed_init/test_controller_failed_init.xml
[0.277s] -- Up-to-date: /home/psd/psd_ws/install/controller_manager/lib/libtest_controller_failed_init.so
[0.277s] -- Up-to-date: /home/psd/psd_ws/install/controller_manager/share/controller_manager/test/test_chainable_controller/test_chainable_controller.xml
[0.278s] -- Up-to-date: /home/psd/psd_ws/install/controller_manager/lib/libtest_chainable_controller.so
[0.278s] -- Up-to-date: /home/psd/psd_ws/install/controller_manager/share/controller_manager/test/test_controller_with_interfaces/test_controller_with_interfaces.xml
[0.278s] -- Up-to-date: /home/psd/psd_ws/install/controller_manager/lib/libtest_controller_with_interfaces.so
[0.278s] -- Up-to-date: /home/psd/psd_ws/install/controller_manager/share/controller_manager/environment/pythonpath.sh
[0.278s] -- Up-to-date: /home/psd/psd_ws/install/controller_manager/share/controller_manager/environment/pythonpath.dsv
[0.279s] -- Up-to-date: /home/psd/psd_ws/install/controller_manager/local/lib/python3.10/dist-packages/controller_manager-2.40.0-py3.10.egg-info
[0.279s] -- Installing: /home/psd/psd_ws/install/controller_manager/local/lib/python3.10/dist-packages/controller_manager-2.40.0-py3.10.egg-info/SOURCES.txt
[0.279s] -- Installing: /home/psd/psd_ws/install/controller_manager/local/lib/python3.10/dist-packages/controller_manager-2.40.0-py3.10.egg-info/entry_points.txt
[0.279s] -- Installing: /home/psd/psd_ws/install/controller_manager/local/lib/python3.10/dist-packages/controller_manager-2.40.0-py3.10.egg-info/dependency_links.txt
[0.279s] -- Installing: /home/psd/psd_ws/install/controller_manager/local/lib/python3.10/dist-packages/controller_manager-2.40.0-py3.10.egg-info/PKG-INFO
[0.279s] -- Installing: /home/psd/psd_ws/install/controller_manager/local/lib/python3.10/dist-packages/controller_manager-2.40.0-py3.10.egg-info/top_level.txt
[0.279s] -- Up-to-date: /home/psd/psd_ws/install/controller_manager/lib/controller_manager/
[0.279s] -- Installing: /home/psd/psd_ws/install/controller_manager/lib/controller_manager//hardware_spawner
[0.280s] -- Installing: /home/psd/psd_ws/install/controller_manager/lib/controller_manager//spawner
[0.280s] -- Installing: /home/psd/psd_ws/install/controller_manager/lib/controller_manager//unspawner
[0.280s] -- Up-to-date: /home/psd/psd_ws/install/controller_manager/local/lib/python3.10/dist-packages/controller_manager
[0.280s] -- Up-to-date: /home/psd/psd_ws/install/controller_manager/local/lib/python3.10/dist-packages/controller_manager/hardware_spawner.py
[0.280s] -- Up-to-date: /home/psd/psd_ws/install/controller_manager/local/lib/python3.10/dist-packages/controller_manager/launch_utils.py
[0.280s] -- Up-to-date: /home/psd/psd_ws/install/controller_manager/local/lib/python3.10/dist-packages/controller_manager/__init__.py
[0.280s] -- Up-to-date: /home/psd/psd_ws/install/controller_manager/local/lib/python3.10/dist-packages/controller_manager/unspawner.py
[0.280s] -- Up-to-date: /home/psd/psd_ws/install/controller_manager/local/lib/python3.10/dist-packages/controller_manager/spawner.py
[0.280s] -- Up-to-date: /home/psd/psd_ws/install/controller_manager/local/lib/python3.10/dist-packages/controller_manager/controller_manager_services.py
[0.301s] Listing '/home/psd/psd_ws/install/controller_manager/local/lib/python3.10/dist-packages/controller_manager'...
[0.303s] -- Up-to-date: /home/psd/psd_ws/install/controller_manager/share/controller_manager/environment/library_path.sh
[0.303s] -- Up-to-date: /home/psd/psd_ws/install/controller_manager/share/controller_manager/environment/library_path.dsv
[0.303s] -- Up-to-date: /home/psd/psd_ws/install/controller_manager/share/ament_index/resource_index/package_run_dependencies/controller_manager
[0.303s] -- Up-to-date: /home/psd/psd_ws/install/controller_manager/share/ament_index/resource_index/parent_prefix_path/controller_manager
[0.303s] -- Up-to-date: /home/psd/psd_ws/install/controller_manager/share/controller_manager/environment/ament_prefix_path.sh
[0.303s] -- Up-to-date: /home/psd/psd_ws/install/controller_manager/share/controller_manager/environment/ament_prefix_path.dsv
[0.303s] -- Up-to-date: /home/psd/psd_ws/install/controller_manager/share/controller_manager/environment/path.sh
[0.304s] -- Up-to-date: /home/psd/psd_ws/install/controller_manager/share/controller_manager/environment/path.dsv
[0.304s] -- Up-to-date: /home/psd/psd_ws/install/controller_manager/share/controller_manager/local_setup.bash
[0.304s] -- Up-to-date: /home/psd/psd_ws/install/controller_manager/share/controller_manager/local_setup.sh
[0.304s] -- Up-to-date: /home/psd/psd_ws/install/controller_manager/share/controller_manager/local_setup.zsh
[0.304s] -- Up-to-date: /home/psd/psd_ws/install/controller_manager/share/controller_manager/local_setup.dsv
[0.304s] -- Installing: /home/psd/psd_ws/install/controller_manager/share/controller_manager/package.dsv
[0.304s] -- Up-to-date: /home/psd/psd_ws/install/controller_manager/share/ament_index/resource_index/packages/controller_manager
[0.304s] -- Up-to-date: /home/psd/psd_ws/install/controller_manager/share/ament_index/resource_index/controller_interface__pluginlib__plugin/controller_manager
[0.304s] -- Up-to-date: /home/psd/psd_ws/install/controller_manager/share/controller_manager/cmake/ament_cmake_export_libraries-extras.cmake
[0.304s] -- Up-to-date: /home/psd/psd_ws/install/controller_manager/share/controller_manager/cmake/ament_cmake_export_include_directories-extras.cmake
[0.304s] -- Up-to-date: /home/psd/psd_ws/install/controller_manager/share/controller_manager/cmake/ament_cmake_export_dependencies-extras.cmake
[0.304s] -- Up-to-date: /home/psd/psd_ws/install/controller_manager/share/controller_manager/cmake/controller_managerConfig.cmake
[0.304s] -- Up-to-date: /home/psd/psd_ws/install/controller_manager/share/controller_manager/cmake/controller_managerConfig-version.cmake
[0.304s] -- Up-to-date: /home/psd/psd_ws/install/controller_manager/share/controller_manager/package.xml
[0.306s] Invoked command in '/home/psd/psd_ws/build/controller_manager' returned '0': AMENT_PREFIX_PATH=/home/psd/psd_ws/install/hardware_interface_testing:/home/psd/psd_ws/install/controller_interface:/home/psd/psd_ws/install/hardware_interface:/home/psd/psd_ws/install/ros2_control_test_assets:/home/psd/psd_ws/install/realtime_tools:/home/psd/psd_ws/install/controller_manager_msgs:/home/psd/psd_ws/install/control_msgs:${AMENT_PREFIX_PATH} CMAKE_PREFIX_PATH=/home/psd/psd_ws/install/hardware_interface_testing:/home/psd/psd_ws/install/controller_interface:/home/psd/psd_ws/install/hardware_interface:/home/psd/psd_ws/install/ros2_control_test_assets:/home/psd/psd_ws/install/realtime_tools:/home/psd/psd_ws/install/controller_manager_msgs:/home/psd/psd_ws/install/control_msgs:/opt/ros/humble LD_LIBRARY_PATH=/home/psd/psd_ws/install/hardware_interface_testing/lib:/home/psd/psd_ws/install/controller_interface/lib:/home/psd/psd_ws/install/hardware_interface/lib:/home/psd/psd_ws/install/realtime_tools/lib:/home/psd/psd_ws/install/controller_manager_msgs/lib:/home/psd/psd_ws/install/control_msgs/lib:${LD_LIBRARY_PATH} PYTHONPATH=/home/psd/psd_ws/install/controller_manager_msgs/local/lib/python3.10/dist-packages:/home/psd/psd_ws/install/control_msgs/local/lib/python3.10/dist-packages:${PYTHONPATH} /usr/bin/cmake --install /home/psd/psd_ws/build/controller_manager
