[0.012s] Invoking command in '/home/ubuntu/psd_ws/build/gz_ros2_control': CMAKE_PREFIX_PATH=${CMAKE_PREFIX_PATH}:/opt/ros/jazzy /usr/bin/cmake /home/ubuntu/psd_ws/src/gz_ros2_control/gz_ros2_control -DAMENT_CMAKE_SYMLINK_INSTALL=1 -DCMAKE_INSTALL_PREFIX=/home/ubuntu/psd_ws/install/gz_ros2_control
[0.055s] -- The C compiler identification is GNU 13.2.0
[0.092s] -- The CXX compiler identification is GNU 13.2.0
[0.103s] -- Detecting C compiler ABI info
[0.164s] -- Detecting C compiler ABI info - done
[0.173s] -- Check for working C compiler: /usr/bin/cc - skipped
[0.174s] -- Detecting C compile features
[0.174s] -- Detecting C compile features - done
[0.181s] -- Detecting CXX compiler ABI info
[0.244s] -- Detecting CXX compiler ABI info - done
[0.255s] -- Check for working CXX compiler: /usr/bin/c++ - skipped
[0.255s] -- Detecting CXX compile features
[0.255s] -- Detecting CXX compile features - done
[0.261s] -- Found ament_cmake: 2.5.0 (/opt/ros/jazzy/share/ament_cmake/cmake)
[0.375s] -- Found Python3: /usr/bin/python3 (found version "3.12.3") found components: Interpreter 
[0.426s] -- Override CMake install command with custom implementation using symlinks instead of copying resources
[0.499s] -- Found ament_index_cpp: 1.8.1 (/opt/ros/jazzy/share/ament_index_cpp/cmake)
[0.503s] -- Found controller_manager: 4.11.0 (/opt/ros/jazzy/share/controller_manager/cmake)
[0.593s] -- Found rosidl_generator_c: 4.6.2 (/opt/ros/jazzy/share/rosidl_generator_c/cmake)
[0.615s] -- Found rosidl_generator_cpp: 4.6.2 (/opt/ros/jazzy/share/rosidl_generator_cpp/cmake)
[0.637s] -- Using all available rosidl_typesupport_c: rosidl_typesupport_fastrtps_c;rosidl_typesupport_introspection_c
[0.660s] -- Using all available rosidl_typesupport_cpp: rosidl_typesupport_fastrtps_cpp;rosidl_typesupport_introspection_cpp
[0.866s] -- Found TinyXML2 via Config file: /usr/lib/x86_64-linux-gnu/cmake/tinyxml2
[0.924s] -- Found rmw_implementation_cmake: 7.3.1 (/opt/ros/jazzy/share/rmw_implementation_cmake/cmake)
[0.931s] -- Found rmw_fastrtps_cpp: 8.4.0 (/opt/ros/jazzy/share/rmw_fastrtps_cpp/cmake)
[0.964s] -- Found TinyXML2 via Config file: /usr/lib/x86_64-linux-gnu/cmake/tinyxml2
[1.003s] -- Found OpenSSL: /usr/lib/x86_64-linux-gnu/libcrypto.so (found version "3.0.13")  
[1.006s] -- Found TinyXML2 via Config file: /usr/lib/x86_64-linux-gnu/cmake/tinyxml2
[1.016s] -- Found FastRTPS: /opt/ros/jazzy/include (Required is at least version "2.13") 
[1.019s] -- Found TinyXML2 via Config file: /usr/lib/x86_64-linux-gnu/cmake/tinyxml2
[1.025s] -- Found TinyXML2 via Config file: /usr/lib/x86_64-linux-gnu/cmake/tinyxml2
[1.034s] -- Using RMW implementation 'rmw_fastrtps_cpp' as default
[1.317s] -- Found yaml_cpp_vendor: 9.0.0 (/opt/ros/jazzy/share/yaml_cpp_vendor/cmake)
[1.317s] -- Setting yaml-cpp_DIR to: '/opt/ros/jazzy/share/yaml_cpp_vendor/cmake/../../../opt/yaml_cpp_vendor/share/cmake/yaml-cpp'
[1.323s] -- Found gz_sim_vendor: 0.0.3 (/opt/ros/jazzy/share/gz_sim_vendor/cmake)
[1.413s] -- Looking for gz-sim8 -- found version 8.3.0
[1.421s] -- Searching for dependencies of gz-sim8
[1.424s] -- Looking for sdformat14 -- found version 14.1.1
[1.424s] -- Searching for dependencies of sdformat14
[1.427s] -- Checking for module 'tinyxml2'
[1.437s] --   Found tinyxml2, version 10.0.0
[1.460s] -- Looking for gz-math7 -- found version 7.4.0
[1.460s] -- Searching for dependencies of gz-math7
[1.463s] -- Looking for gz-utils2 -- found version 2.2.0
[1.463s] -- Searching for dependencies of gz-utils2
[1.464s] -- Looking for gz-utils2 -- found version 2.2.0
[1.464s] -- Searching for dependencies of gz-utils2
[1.464s] -- Searching for <gz-utils2> component [cli]
[1.468s] -- Looking for gz-utils2-cli -- found version 2.2.0
[1.468s] -- Searching for dependencies of gz-utils2-cli
[1.472s] -- Looking for gz-plugin2 -- found version 2.0.3
[1.472s] -- Searching for dependencies of gz-plugin2
[1.472s] -- Looking for gz-utils2 -- found version 2.2.0
[1.472s] -- Searching for <gz-plugin2> component [loader]
[1.475s] -- Looking for gz-plugin2-loader -- found version 2.0.3
[1.475s] -- Searching for dependencies of gz-plugin2-loader
[1.475s] -- Searching for <gz-plugin2> component [register]
[1.478s] -- Looking for gz-plugin2-register -- found version 2.0.3
[1.478s] -- Searching for dependencies of gz-plugin2-register
[1.481s] -- Looking for gz-transport13 -- found version 13.2.0
[1.481s] -- Searching for dependencies of gz-transport13
[1.504s] -- Found Protobuf: /usr/lib/x86_64-linux-gnu/libprotobuf.so (found version "3.21.12") 
[1.514s] -- Checking for module 'uuid'
[1.524s] --   Found uuid, version 2.39.3
[1.545s] -- Found UUID: TRUE  
[1.545s] -- Looking for gz-utils2 -- found version 2.2.0
[1.548s] -- Looking for gz-msgs10 -- found version 10.1.2
[1.548s] -- Searching for dependencies of gz-msgs10
[1.565s] -- Looking for gz-utils2 -- found version 2.2.0
[1.565s] -- Looking for gz-math7 -- found version 7.4.0
[1.659s] -- Searching for <gz-transport13> component [log]
[1.662s] -- Looking for gz-transport13-log -- found version 13.2.0
[1.662s] -- Searching for dependencies of gz-transport13-log
[1.662s] -- Searching for <gz-transport13> component [parameters]
[1.665s] -- Looking for gz-transport13-parameters -- found version 13.2.0
[1.665s] -- Searching for dependencies of gz-transport13-parameters
[1.666s] -- Looking for gz-msgs10 -- found version 10.1.2
[1.669s] -- Looking for gz-common5 -- found version 5.5.1
[1.669s] -- Searching for dependencies of gz-common5
[1.670s] -- Looking for gz-utils2 -- found version 2.2.0
[1.670s] -- Looking for dlfcn.h - found
[1.671s] -- Looking for libdl - found
[1.672s] -- Found DL: TRUE  
[1.676s] -- Searching for <gz-common5> component [av]
[1.680s] -- Looking for gz-common5-av -- found version 5.5.1
[1.680s] -- Searching for dependencies of gz-common5-av
[1.683s] -- Checking for module 'libswscale'
[1.693s] --   Found libswscale, version 7.5.100
[1.715s] -- Found SWSCALE: TRUE  
[1.720s] -- Checking for module 'libavdevice >= 56.4.100'
[1.730s] --   Found libavdevice, version 60.3.100
[1.760s] -- Found AVDEVICE: TRUE (Required is at least version "56.4.100") 
[1.763s] -- Checking for module 'libavformat'
[1.773s] --   Found libavformat, version 60.16.100
[1.797s] -- Found AVFORMAT: TRUE  
[1.800s] -- Checking for module 'libavcodec'
[1.811s] --   Found libavcodec, version 60.31.102
[1.834s] -- Found AVCODEC: TRUE  
[1.837s] -- Checking for module 'libavutil'
[1.846s] --   Found libavutil, version 58.29.100
[1.879s] -- Found AVUTIL: TRUE  
[1.880s] -- Searching for <gz-common5> component [events]
[1.884s] -- Looking for gz-common5-events -- found version 5.5.1
[1.884s] -- Searching for dependencies of gz-common5-events
[1.884s] -- Looking for gz-math7 -- found version 7.4.0
[1.884s] -- Searching for <gz-common5> component [graphics]
[1.887s] -- Looking for gz-common5-graphics -- found version 5.5.1
[1.887s] -- Searching for dependencies of gz-common5-graphics
[1.888s] -- Looking for gz-math7 -- found version 7.4.0
[1.894s] -- Found GzAssimp: TRUE (found version "5.3.0") 
[1.895s] -- Searching for <gz-common5> component [io]
[1.897s] -- Looking for gz-common5-io -- found version 5.5.1
[1.898s] -- Searching for dependencies of gz-common5-io
[1.898s] -- Searching for <gz-common5> component [profiler]
[1.901s] -- Looking for gz-common5-profiler -- found version 5.5.1
[1.901s] -- Searching for dependencies of gz-common5-profiler
[1.904s] -- Looking for gz-fuel_tools9 -- found version 9.0.3
[1.904s] -- Searching for dependencies of gz-fuel_tools9
[1.959s] -- Found CURL: /usr/lib/x86_64-linux-gnu/libcurl.so (found version "8.5.0")  
[1.969s] -- Checking for module 'jsoncpp'
[1.978s] --   Found jsoncpp, version 1.9.5
[1.999s] -- Found JSONCPP: TRUE  
[2.013s] -- Checking for module 'yaml-0.1'
[2.023s] --   Found yaml-0.1, version 0.2.5
[2.042s] -- Found YAML: TRUE  
[2.046s] -- Checking for module 'libzip'
[2.055s] --   Found libzip, version 1.7.3
[2.075s] -- Found ZIP: TRUE  
[2.075s] -- Looking for gz-utils2 -- found version 2.2.0
[2.075s] -- Looking for gz-common5 -- found version 5.5.1
[2.075s] -- Searching for dependencies of gz-common5
[2.075s] -- Looking for gz-utils2 -- found version 2.2.0
[2.075s] -- Looking for dlfcn.h - found
[2.075s] -- Looking for libdl - found
[2.080s] -- Searching for <gz-common5> component [testing]
[2.083s] -- Looking for gz-common5-testing -- found version 5.5.1
[2.083s] -- Searching for dependencies of gz-common5-testing
[2.084s] -- Looking for gz-math7 -- found version 7.4.0
[2.084s] -- Looking for gz-msgs10 -- found version 10.1.2
[2.087s] -- Looking for gz-gui8 -- found version 8.1.1
[2.087s] -- Searching for dependencies of gz-gui8
[2.106s] -- Looking for gz-utils2 -- found version 2.2.0
[2.106s] -- Looking for gz-math7 -- found version 7.4.0
[2.107s] -- Looking for gz-common5 -- found version 5.5.1
[2.107s] -- Looking for gz-plugin2 -- found version 2.0.3
[2.107s] -- Looking for gz-transport13 -- found version 13.2.0
[2.110s] -- Looking for gz-rendering8 -- found version 8.1.1
[2.110s] -- Searching for dependencies of gz-rendering8
[2.110s] -- Looking for gz-math7 -- found version 7.4.0
[2.110s] -- Searching for dependencies of gz-math7
[2.110s] -- Looking for gz-utils2 -- found version 2.2.0
[2.111s] -- Searching for <gz-math7> component [eigen3]
[2.114s] -- Looking for gz-math7-eigen3 -- found version 7.4.0
[2.114s] -- Searching for dependencies of gz-math7-eigen3
[2.123s] -- Looking for gz-common5 -- found version 5.5.1
[2.123s] -- Searching for dependencies of gz-common5
[2.123s] -- Looking for gz-utils2 -- found version 2.2.0
[2.123s] -- Looking for dlfcn.h - found
[2.123s] -- Looking for libdl - found
[2.128s] -- Searching for <gz-common5> component [graphics]
[2.128s] -- Searching for <gz-common5> component [events]
[2.128s] -- Searching for <gz-common5> component [geospatial]
[2.131s] -- Looking for gz-common5-geospatial -- found version 5.5.1
[2.131s] -- Searching for dependencies of gz-common5-geospatial
[2.131s] -- Looking for gz-math7 -- found version 7.4.0
[2.131s] -- Looking for gz-common5 -- found version 5.5.1
[2.132s] -- Looking for gz-plugin2 -- found version 2.0.3
[2.132s] -- Searching for dependencies of gz-plugin2
[2.132s] -- Looking for gz-utils2 -- found version 2.2.0
[2.132s] -- Searching for <gz-plugin2> component [all]
[2.135s] -- Looking for all libraries of gz-plugin2 -- found version 2.0.3
[2.135s] -- Looking for gz-plugin2 -- found version 2.0.3
[2.136s] -- Looking for gz-utils2 -- found version 2.2.0
[2.143s] -- Found OpenGL: /usr/lib/x86_64-linux-gnu/libOpenGL.so  found components: OpenGL 
[2.144s] -- Looking for gz-msgs10 -- found version 10.1.2
[2.162s] -- Looking for gz-physics7 -- found version 7.2.0
[2.162s] -- Searching for dependencies of gz-physics7
[2.162s] -- Looking for gz-common5 -- found version 5.5.1
[2.163s] -- Looking for gz-math7 -- found version 7.4.0
[2.163s] -- Looking for gz-plugin2 -- found version 2.0.3
[2.163s] -- Looking for gz-utils2 -- found version 2.2.0
[2.164s] -- Searching for <gz-physics7> component [heightmap]
[2.166s] -- Looking for gz-physics7-heightmap -- found version 7.2.0
[2.166s] -- Searching for dependencies of gz-physics7-heightmap
[2.166s] -- Looking for gz-common5 -- found version 5.5.1
[2.166s] -- Searching for <gz-physics7> component [mesh]
[2.169s] -- Looking for gz-physics7-mesh -- found version 7.2.0
[2.169s] -- Searching for dependencies of gz-physics7-mesh
[2.169s] -- Looking for gz-common5 -- found version 5.5.1
[2.169s] -- Searching for <gz-physics7> component [sdf]
[2.171s] -- Looking for gz-physics7-sdf -- found version 7.2.0
[2.171s] -- Searching for dependencies of gz-physics7-sdf
[2.171s] -- Looking for sdformat14 -- found version 14.1.1
[2.174s] -- Looking for gz-sensors8 -- found version 8.0.1
[2.174s] -- Searching for dependencies of gz-sensors8
[2.190s] -- Looking for gz-math7 -- found version 7.4.0
[2.190s] -- Looking for gz-common5 -- found version 5.5.1
[2.190s] -- Looking for gz-transport13 -- found version 13.2.0
[2.190s] -- Looking for gz-rendering8 -- found version 8.1.1
[2.191s] -- Looking for gz-msgs10 -- found version 10.1.2
[2.191s] -- Looking for sdformat14 -- found version 14.1.1
[2.191s] -- Searching for <gz-sensors8> component [air_pressure]
[2.193s] -- Looking for gz-sensors8-air_pressure -- found version 8.0.1
[2.193s] -- Searching for dependencies of gz-sensors8-air_pressure
[2.193s] -- Searching for <gz-sensors8> component [air_speed]
[2.195s] -- Looking for gz-sensors8-air_speed -- found version 8.0.1
[2.196s] -- Searching for dependencies of gz-sensors8-air_speed
[2.196s] -- Searching for <gz-sensors8> component [altimeter]
[2.198s] -- Looking for gz-sensors8-altimeter -- found version 8.0.1
[2.198s] -- Searching for dependencies of gz-sensors8-altimeter
[2.198s] -- Searching for <gz-sensors8> component [imu]
[2.200s] -- Looking for gz-sensors8-imu -- found version 8.0.1
[2.200s] -- Searching for dependencies of gz-sensors8-imu
[2.200s] -- Searching for <gz-sensors8> component [force_torque]
[2.202s] -- Looking for gz-sensors8-force_torque -- found version 8.0.1
[2.202s] -- Searching for dependencies of gz-sensors8-force_torque
[2.203s] -- Searching for <gz-sensors8> component [logical_camera]
[2.205s] -- Looking for gz-sensors8-logical_camera -- found version 8.0.1
[2.205s] -- Searching for dependencies of gz-sensors8-logical_camera
[2.205s] -- Searching for <gz-sensors8> component [magnetometer]
[2.207s] -- Looking for gz-sensors8-magnetometer -- found version 8.0.1
[2.207s] -- Searching for dependencies of gz-sensors8-magnetometer
[2.207s] -- Searching for <gz-sensors8> component [navsat]
[2.209s] -- Looking for gz-sensors8-navsat -- found version 8.0.1
[2.209s] -- Searching for dependencies of gz-sensors8-navsat
[2.209s] -- Searching for <gz-sensors8> component [dvl]
[2.212s] -- Looking for gz-sensors8-dvl -- found version 8.0.1
[2.212s] -- Searching for dependencies of gz-sensors8-dvl
[2.212s] -- Looking for gz-sensors8 -- found version 8.0.1
[2.212s] -- Searching for dependencies of gz-sensors8
[2.228s] -- Looking for gz-math7 -- found version 7.4.0
[2.228s] -- Looking for gz-common5 -- found version 5.5.1
[2.228s] -- Looking for gz-transport13 -- found version 13.2.0
[2.229s] -- Looking for gz-rendering8 -- found version 8.1.1
[2.229s] -- Looking for gz-msgs10 -- found version 10.1.2
[2.229s] -- Looking for sdformat14 -- found version 14.1.1
[2.229s] -- Searching for <gz-sensors8> component [rendering]
[2.231s] -- Looking for gz-sensors8-rendering -- found version 8.0.1
[2.231s] -- Searching for dependencies of gz-sensors8-rendering
[2.232s] -- Searching for <gz-sensors8> component [rendering]
[2.232s] -- Searching for <gz-sensors8> component [lidar]
[2.234s] -- Looking for gz-sensors8-lidar -- found version 8.0.1
[2.234s] -- Searching for dependencies of gz-sensors8-lidar
[2.234s] -- Looking for gz-sensors8 -- found version 8.0.1
[2.235s] -- Searching for <gz-sensors8> component [gpu_lidar]
[2.236s] -- Looking for gz-sensors8-gpu_lidar -- found version 8.0.1
[2.236s] -- Searching for dependencies of gz-sensors8-gpu_lidar
[2.237s] -- Looking for gz-sensors8 -- found version 8.0.1
[2.237s] -- Searching for <gz-sensors8> component [camera]
[2.239s] -- Looking for gz-sensors8-camera -- found version 8.0.1
[2.239s] -- Searching for dependencies of gz-sensors8-camera
[2.239s] -- Looking for gz-sensors8 -- found version 8.0.1
[2.240s] -- Searching for <gz-sensors8> component [boundingbox_camera]
[2.242s] -- Looking for gz-sensors8-boundingbox_camera -- found version 8.0.1
[2.242s] -- Searching for dependencies of gz-sensors8-boundingbox_camera
[2.242s] -- Searching for <gz-sensors8> component [segmentation_camera]
[2.244s] -- Looking for gz-sensors8-segmentation_camera -- found version 8.0.1
[2.244s] -- Searching for dependencies of gz-sensors8-segmentation_camera
[2.244s] -- Searching for <gz-sensors8> component [depth_camera]
[2.246s] -- Looking for gz-sensors8-depth_camera -- found version 8.0.1
[2.247s] -- Searching for dependencies of gz-sensors8-depth_camera
[2.247s] -- Looking for gz-sensors8 -- found version 8.0.1
[2.247s] -- Searching for <gz-sensors8> component [rgbd_camera]
[2.249s] -- Looking for gz-sensors8-rgbd_camera -- found version 8.0.1
[2.249s] -- Searching for dependencies of gz-sensors8-rgbd_camera
[2.249s] -- Looking for gz-sensors8 -- found version 8.0.1
[2.249s] -- Searching for <gz-sensors8> component [thermal_camera]
[2.251s] -- Looking for gz-sensors8-thermal_camera -- found version 8.0.1
[2.251s] -- Searching for dependencies of gz-sensors8-thermal_camera
[2.252s] -- Looking for gz-sensors8 -- found version 8.0.1
[2.252s] -- Searching for <gz-sensors8> component [wide_angle_camera]
[2.254s] -- Looking for gz-sensors8-wide_angle_camera -- found version 8.0.1
[2.254s] -- Searching for dependencies of gz-sensors8-wide_angle_camera
[2.255s] -- Looking for gz-rendering8 -- found version 8.1.1
[2.256s] -- Looking for gz-math7 -- found version 7.4.0
[2.256s] -- Looking for gz-utils2 -- found version 2.2.0
[2.274s] -- Looking for gz-plugin2 -- found version 2.0.3
[2.281s] -- Found ament_lint_auto: 0.17.0 (/opt/ros/jazzy/share/ament_lint_auto/cmake)
[2.385s] -- Added test 'copyright' to check source files copyright and LICENSE
[2.386s] -- Added test 'cppcheck' to perform static code analysis on C / C++ code
[2.386s] -- Configured cppcheck include dirs: /home/ubuntu/psd_ws/src/gz_ros2_control/gz_ros2_control/include
[2.386s] -- Configured cppcheck exclude dirs and/or files: 
[2.388s] -- Added test 'cpplint' to check C / C++ code against the Google style
[2.388s] -- Configured cpplint exclude dirs and/or files: 
[2.389s] -- Added test 'lint_cmake' to check CMake code style
[2.390s] -- Added test 'uncrustify' to check C / C++ code style
[2.390s] -- Configured uncrustify additional arguments: 
[2.390s] -- Added test 'xmllint' to check XML markup files
[2.392s] -- Configuring done (2.4s)
[2.417s] -- Generating done (0.0s)
[2.418s] -- Build files have been written to: /home/ubuntu/psd_ws/build/gz_ros2_control
[2.428s] Invoked command in '/home/ubuntu/psd_ws/build/gz_ros2_control' returned '0': CMAKE_PREFIX_PATH=${CMAKE_PREFIX_PATH}:/opt/ros/jazzy /usr/bin/cmake /home/ubuntu/psd_ws/src/gz_ros2_control/gz_ros2_control -DAMENT_CMAKE_SYMLINK_INSTALL=1 -DCMAKE_INSTALL_PREFIX=/home/ubuntu/psd_ws/install/gz_ros2_control
[2.428s] Invoking command in '/home/ubuntu/psd_ws/build/gz_ros2_control': CMAKE_PREFIX_PATH=${CMAKE_PREFIX_PATH}:/opt/ros/jazzy /usr/bin/cmake --build /home/ubuntu/psd_ws/build/gz_ros2_control -- -j20 -l20
[2.467s] [ 25%] [32mBuilding CXX object CMakeFiles/gz_hardware_plugins.dir/src/gz_system.cpp.o[0m
[2.467s] [ 50%] [32mBuilding CXX object CMakeFiles/gz_ros2_control-system.dir/src/gz_ros2_control_plugin.cpp.o[0m
[7.718s] [ 75%] [32m[1mLinking CXX shared library libgz_hardware_plugins.so[0m
[7.964s] [ 75%] Built target gz_hardware_plugins
[9.604s] [100%] [32m[1mLinking CXX shared library libgz_ros2_control-system.so[0m
[9.872s] [100%] Built target gz_ros2_control-system
[9.882s] Invoked command in '/home/ubuntu/psd_ws/build/gz_ros2_control' returned '0': CMAKE_PREFIX_PATH=${CMAKE_PREFIX_PATH}:/opt/ros/jazzy /usr/bin/cmake --build /home/ubuntu/psd_ws/build/gz_ros2_control -- -j20 -l20
[9.902s] Invoking command in '/home/ubuntu/psd_ws/build/gz_ros2_control': CMAKE_PREFIX_PATH=${CMAKE_PREFIX_PATH}:/opt/ros/jazzy /usr/bin/cmake --install /home/ubuntu/psd_ws/build/gz_ros2_control
[9.907s] -- Install configuration: ""
[9.907s] -- Execute custom install script
[9.907s] -- Symlinking: /home/ubuntu/psd_ws/install/gz_ros2_control/lib/libgz_hardware_plugins.so
[9.914s] -- Symlinking: /home/ubuntu/psd_ws/install/gz_ros2_control/include/gz_ros2_control/gz_ros2_control_plugin.hpp
[9.920s] -- Symlinking: /home/ubuntu/psd_ws/install/gz_ros2_control/include/gz_ros2_control/gz_system.hpp
[9.928s] -- Symlinking: /home/ubuntu/psd_ws/install/gz_ros2_control/include/gz_ros2_control/gz_system_interface.hpp
[9.935s] -- Symlinking: /home/ubuntu/psd_ws/install/gz_ros2_control/share/gz_ros2_control/environment/library_path.sh
[9.941s] -- Symlinking: /home/ubuntu/psd_ws/install/gz_ros2_control/share/gz_ros2_control/environment/library_path.dsv
[9.946s] -- Symlinking: /home/ubuntu/psd_ws/install/gz_ros2_control/lib/libgz_ros2_control-system.so
[9.951s] -- Symlinking: /home/ubuntu/psd_ws/install/gz_ros2_control/share/gz_ros2_control//gz_hardware_plugins.xml
[9.957s] -- Symlinking: /home/ubuntu/psd_ws/install/gz_ros2_control/share/ament_index/resource_index/package_run_dependencies/gz_ros2_control
[9.965s] -- Symlinking: /home/ubuntu/psd_ws/install/gz_ros2_control/share/ament_index/resource_index/parent_prefix_path/gz_ros2_control
[9.972s] -- Symlinking: /home/ubuntu/psd_ws/install/gz_ros2_control/share/gz_ros2_control/environment/ament_prefix_path.sh
[9.979s] -- Symlinking: /home/ubuntu/psd_ws/install/gz_ros2_control/share/gz_ros2_control/environment/ament_prefix_path.dsv
[9.985s] -- Symlinking: /home/ubuntu/psd_ws/install/gz_ros2_control/share/gz_ros2_control/environment/path.sh
[9.992s] -- Symlinking: /home/ubuntu/psd_ws/install/gz_ros2_control/share/gz_ros2_control/environment/path.dsv
[9.999s] -- Symlinking: /home/ubuntu/psd_ws/install/gz_ros2_control/share/gz_ros2_control/local_setup.bash
[10.005s] -- Symlinking: /home/ubuntu/psd_ws/install/gz_ros2_control/share/gz_ros2_control/local_setup.sh
[10.011s] -- Symlinking: /home/ubuntu/psd_ws/install/gz_ros2_control/share/gz_ros2_control/local_setup.zsh
[10.017s] -- Symlinking: /home/ubuntu/psd_ws/install/gz_ros2_control/share/gz_ros2_control/local_setup.dsv
[10.023s] -- Symlinking: /home/ubuntu/psd_ws/install/gz_ros2_control/share/gz_ros2_control/package.dsv
[10.029s] -- Symlinking: /home/ubuntu/psd_ws/install/gz_ros2_control/share/ament_index/resource_index/packages/gz_ros2_control
[10.034s] -- Symlinking: /home/ubuntu/psd_ws/install/gz_ros2_control/share/ament_index/resource_index/gz_ros2_control__pluginlib__plugin/gz_ros2_control
[10.039s] -- Symlinking: /home/ubuntu/psd_ws/install/gz_ros2_control/share/gz_ros2_control/cmake/ament_cmake_export_include_directories-extras.cmake
[10.044s] -- Symlinking: /home/ubuntu/psd_ws/install/gz_ros2_control/share/gz_ros2_control/cmake/ament_cmake_export_libraries-extras.cmake
[10.049s] -- Symlinking: /home/ubuntu/psd_ws/install/gz_ros2_control/share/gz_ros2_control/cmake/gz_ros2_controlConfig.cmake
[10.055s] -- Symlinking: /home/ubuntu/psd_ws/install/gz_ros2_control/share/gz_ros2_control/cmake/gz_ros2_controlConfig-version.cmake
[10.060s] -- Symlinking: /home/ubuntu/psd_ws/install/gz_ros2_control/share/gz_ros2_control/package.xml
[10.066s] Invoked command in '/home/ubuntu/psd_ws/build/gz_ros2_control' returned '0': CMAKE_PREFIX_PATH=${CMAKE_PREFIX_PATH}:/opt/ros/jazzy /usr/bin/cmake --install /home/ubuntu/psd_ws/build/gz_ros2_control
