[ 18%] Built target effort_controllers
[ 36%] Built target gmock_main
[ 63%] Built target gmock
[ 81%] Built target test_load_joint_group_effort_controller
[100%] Built target test_joint_group_effort_controller
-- Install configuration: ""
-- Up-to-date: /home/psd/psd_ws/install/effort_controllers/share/effort_controllers/effort_controllers_plugins.xml
-- Up-to-date: /home/psd/psd_ws/install/effort_controllers/include/effort_controllers
-- Up-to-date: /home/psd/psd_ws/install/effort_controllers/include/effort_controllers/effort_controllers
-- Up-to-date: /home/psd/psd_ws/install/effort_controllers/include/effort_controllers/effort_controllers/joint_group_effort_controller.hpp
-- Up-to-date: /home/psd/psd_ws/install/effort_controllers/include/effort_controllers/effort_controllers/visibility_control.h
-- Up-to-date: /home/psd/psd_ws/install/effort_controllers/lib/libeffort_controllers.so
-- Up-to-date: /home/psd/psd_ws/install/effort_controllers/share/effort_controllers/environment/library_path.sh
-- Up-to-date: /home/psd/psd_ws/install/effort_controllers/share/effort_controllers/environment/library_path.dsv
-- Up-to-date: /home/psd/psd_ws/install/effort_controllers/share/ament_index/resource_index/package_run_dependencies/effort_controllers
-- Up-to-date: /home/psd/psd_ws/install/effort_controllers/share/ament_index/resource_index/parent_prefix_path/effort_controllers
-- Up-to-date: /home/psd/psd_ws/install/effort_controllers/share/effort_controllers/environment/ament_prefix_path.sh
-- Up-to-date: /home/psd/psd_ws/install/effort_controllers/share/effort_controllers/environment/ament_prefix_path.dsv
-- Up-to-date: /home/psd/psd_ws/install/effort_controllers/share/effort_controllers/environment/path.sh
-- Up-to-date: /home/psd/psd_ws/install/effort_controllers/share/effort_controllers/environment/path.dsv
-- Up-to-date: /home/psd/psd_ws/install/effort_controllers/share/effort_controllers/local_setup.bash
-- Up-to-date: /home/psd/psd_ws/install/effort_controllers/share/effort_controllers/local_setup.sh
-- Up-to-date: /home/psd/psd_ws/install/effort_controllers/share/effort_controllers/local_setup.zsh
-- Up-to-date: /home/psd/psd_ws/install/effort_controllers/share/effort_controllers/local_setup.dsv
-- Installing: /home/psd/psd_ws/install/effort_controllers/share/effort_controllers/package.dsv
-- Up-to-date: /home/psd/psd_ws/install/effort_controllers/share/ament_index/resource_index/packages/effort_controllers
-- Up-to-date: /home/psd/psd_ws/install/effort_controllers/share/ament_index/resource_index/controller_interface__pluginlib__plugin/effort_controllers
-- Up-to-date: /home/psd/psd_ws/install/effort_controllers/share/effort_controllers/cmake/export_effort_controllersExport.cmake
-- Up-to-date: /home/psd/psd_ws/install/effort_controllers/share/effort_controllers/cmake/export_effort_controllersExport-noconfig.cmake
-- Up-to-date: /home/psd/psd_ws/install/effort_controllers/share/effort_controllers/cmake/ament_cmake_export_targets-extras.cmake
-- Up-to-date: /home/psd/psd_ws/install/effort_controllers/share/effort_controllers/cmake/ament_cmake_export_dependencies-extras.cmake
-- Up-to-date: /home/psd/psd_ws/install/effort_controllers/share/effort_controllers/cmake/effort_controllersConfig.cmake
-- Up-to-date: /home/psd/psd_ws/install/effort_controllers/share/effort_controllers/cmake/effort_controllersConfig-version.cmake
-- Up-to-date: /home/psd/psd_ws/install/effort_controllers/share/effort_controllers/package.xml
