[0.000000] (-) TimerEvent: {}
[0.001944] (psd_vehicle) JobQueued: {'identifier': 'psd_vehicle', 'dependencies': OrderedDict()}
[0.002219] (psd_vehicle_description) JobQueued: {'identifier': 'psd_vehicle_description', 'dependencies': OrderedDict()}
[0.002987] (psd_vehicle) JobStarted: {'identifier': 'psd_vehicle'}
[0.031329] (psd_vehicle_description) JobStarted: {'identifier': 'psd_vehicle_description'}
[0.061731] (psd_vehicle) JobProgress: {'identifier': 'psd_vehicle', 'progress': 'cmake'}
[0.063774] (psd_vehicle) JobProgress: {'identifier': 'psd_vehicle', 'progress': 'build'}
[0.063889] (psd_vehicle) Command: {'cmd': ['/usr/bin/cmake', '--build', '/psd_ws/build/psd_vehicle', '--', '-j20', '-l20'], 'cwd': '/psd_ws/build/psd_vehicle', 'env': OrderedDict([('HOSTNAME', 'edo-Thinkpad'), ('SHLVL', '1'), ('LD_LIBRARY_PATH', '/opt/ros/humble/opt/rviz_ogre_vendor/lib:/opt/ros/humble/lib/x86_64-linux-gnu:/opt/ros/humble/lib'), ('HOME', '/home/ros'), ('OLDPWD', '/psd_ws/src'), ('ROS_PYTHON_VERSION', '3'), ('COLCON_PREFIX_PATH', '/psd_ws/install'), ('ROS_DISTRO', 'humble'), ('_', '/usr/bin/colcon'), ('ROS_VERSION', '2'), ('TERM', 'xterm'), ('ROS_LOCALHOST_ONLY', '0'), ('PATH', '/opt/ros/humble/bin:/usr/local/sbin:/usr/local/bin:/usr/sbin:/usr/bin:/sbin:/bin'), ('DISPLAY', ':0'), ('LANG', 'C.UTF-8'), ('AMENT_PREFIX_PATH', '/psd_ws/install/psd_vehicle_description:/psd_ws/install/psd_vehicle:/opt/ros/humble'), ('PWD', '/psd_ws/build/psd_vehicle'), ('LC_ALL', 'C.UTF-8'), ('PYTHONPATH', '/opt/ros/humble/lib/python3.10/site-packages:/opt/ros/humble/local/lib/python3.10/dist-packages'), ('COLCON', '1'), ('CMAKE_PREFIX_PATH', '/psd_ws/install/psd_vehicle_description:/psd_ws/install/psd_vehicle:/opt/ros/humble')]), 'shell': False}
[0.066334] (psd_vehicle_description) JobProgress: {'identifier': 'psd_vehicle_description', 'progress': 'cmake'}
[0.066796] (psd_vehicle_description) JobProgress: {'identifier': 'psd_vehicle_description', 'progress': 'build'}
[0.067495] (psd_vehicle_description) Command: {'cmd': ['/usr/bin/cmake', '--build', '/psd_ws/build/psd_vehicle_description', '--', '-j20', '-l20'], 'cwd': '/psd_ws/build/psd_vehicle_description', 'env': OrderedDict([('HOSTNAME', 'edo-Thinkpad'), ('SHLVL', '1'), ('LD_LIBRARY_PATH', '/opt/ros/humble/opt/rviz_ogre_vendor/lib:/opt/ros/humble/lib/x86_64-linux-gnu:/opt/ros/humble/lib'), ('HOME', '/home/ros'), ('OLDPWD', '/psd_ws/src'), ('ROS_PYTHON_VERSION', '3'), ('COLCON_PREFIX_PATH', '/psd_ws/install'), ('ROS_DISTRO', 'humble'), ('_', '/usr/bin/colcon'), ('ROS_VERSION', '2'), ('TERM', 'xterm'), ('ROS_LOCALHOST_ONLY', '0'), ('PATH', '/opt/ros/humble/bin:/usr/local/sbin:/usr/local/bin:/usr/sbin:/usr/bin:/sbin:/bin'), ('DISPLAY', ':0'), ('LANG', 'C.UTF-8'), ('AMENT_PREFIX_PATH', '/psd_ws/install/psd_vehicle_description:/psd_ws/install/psd_vehicle:/opt/ros/humble'), ('PWD', '/psd_ws/build/psd_vehicle_description'), ('LC_ALL', 'C.UTF-8'), ('PYTHONPATH', '/opt/ros/humble/lib/python3.10/site-packages:/opt/ros/humble/local/lib/python3.10/dist-packages'), ('COLCON', '1'), ('CMAKE_PREFIX_PATH', '/psd_ws/install/psd_vehicle_description:/psd_ws/install/psd_vehicle:/opt/ros/humble')]), 'shell': False}
[0.084847] (psd_vehicle) CommandEnded: {'returncode': 0}
[0.087219] (psd_vehicle_description) CommandEnded: {'returncode': 0}
[0.098125] (psd_vehicle) JobProgress: {'identifier': 'psd_vehicle', 'progress': 'install'}
[0.098993] (-) TimerEvent: {}
[0.103005] (psd_vehicle) Command: {'cmd': ['/usr/bin/cmake', '--install', '/psd_ws/build/psd_vehicle'], 'cwd': '/psd_ws/build/psd_vehicle', 'env': OrderedDict([('HOSTNAME', 'edo-Thinkpad'), ('SHLVL', '1'), ('LD_LIBRARY_PATH', '/opt/ros/humble/opt/rviz_ogre_vendor/lib:/opt/ros/humble/lib/x86_64-linux-gnu:/opt/ros/humble/lib'), ('HOME', '/home/ros'), ('OLDPWD', '/psd_ws/src'), ('ROS_PYTHON_VERSION', '3'), ('COLCON_PREFIX_PATH', '/psd_ws/install'), ('ROS_DISTRO', 'humble'), ('_', '/usr/bin/colcon'), ('ROS_VERSION', '2'), ('TERM', 'xterm'), ('ROS_LOCALHOST_ONLY', '0'), ('PATH', '/opt/ros/humble/bin:/usr/local/sbin:/usr/local/bin:/usr/sbin:/usr/bin:/sbin:/bin'), ('DISPLAY', ':0'), ('LANG', 'C.UTF-8'), ('AMENT_PREFIX_PATH', '/psd_ws/install/psd_vehicle_description:/psd_ws/install/psd_vehicle:/opt/ros/humble'), ('PWD', '/psd_ws/build/psd_vehicle'), ('LC_ALL', 'C.UTF-8'), ('PYTHONPATH', '/opt/ros/humble/lib/python3.10/site-packages:/opt/ros/humble/local/lib/python3.10/dist-packages'), ('COLCON', '1'), ('CMAKE_PREFIX_PATH', '/psd_ws/install/psd_vehicle_description:/psd_ws/install/psd_vehicle:/opt/ros/humble')]), 'shell': False}
[0.104668] (psd_vehicle_description) JobProgress: {'identifier': 'psd_vehicle_description', 'progress': 'install'}
[0.105519] (psd_vehicle_description) Command: {'cmd': ['/usr/bin/cmake', '--install', '/psd_ws/build/psd_vehicle_description'], 'cwd': '/psd_ws/build/psd_vehicle_description', 'env': OrderedDict([('HOSTNAME', 'edo-Thinkpad'), ('SHLVL', '1'), ('LD_LIBRARY_PATH', '/opt/ros/humble/opt/rviz_ogre_vendor/lib:/opt/ros/humble/lib/x86_64-linux-gnu:/opt/ros/humble/lib'), ('HOME', '/home/ros'), ('OLDPWD', '/psd_ws/src'), ('ROS_PYTHON_VERSION', '3'), ('COLCON_PREFIX_PATH', '/psd_ws/install'), ('ROS_DISTRO', 'humble'), ('_', '/usr/bin/colcon'), ('ROS_VERSION', '2'), ('TERM', 'xterm'), ('ROS_LOCALHOST_ONLY', '0'), ('PATH', '/opt/ros/humble/bin:/usr/local/sbin:/usr/local/bin:/usr/sbin:/usr/bin:/sbin:/bin'), ('DISPLAY', ':0'), ('LANG', 'C.UTF-8'), ('AMENT_PREFIX_PATH', '/psd_ws/install/psd_vehicle_description:/psd_ws/install/psd_vehicle:/opt/ros/humble'), ('PWD', '/psd_ws/build/psd_vehicle_description'), ('LC_ALL', 'C.UTF-8'), ('PYTHONPATH', '/opt/ros/humble/lib/python3.10/site-packages:/opt/ros/humble/local/lib/python3.10/dist-packages'), ('COLCON', '1'), ('CMAKE_PREFIX_PATH', '/psd_ws/install/psd_vehicle_description:/psd_ws/install/psd_vehicle:/opt/ros/humble')]), 'shell': False}
[0.107624] (psd_vehicle) StdoutLine: {'line': b'-- Install configuration: ""\n'}
[0.107766] (psd_vehicle) StdoutLine: {'line': b'-- Up-to-date: /psd_ws/install/psd_vehicle/share/psd_vehicle/config\n'}
[0.108135] (psd_vehicle) StdoutLine: {'line': b'-- Up-to-date: /psd_ws/install/psd_vehicle/share/psd_vehicle/config/empty.yaml\n'}
[0.108195] (psd_vehicle) StdoutLine: {'line': b'-- Up-to-date: /psd_ws/install/psd_vehicle/share/psd_vehicle/description\n'}
[0.108392] (psd_vehicle) StdoutLine: {'line': b'-- Up-to-date: /psd_ws/install/psd_vehicle/share/psd_vehicle/description/depth_camera.xacro\n'}
[0.108463] (psd_vehicle) StdoutLine: {'line': b'-- Up-to-date: /psd_ws/install/psd_vehicle/share/psd_vehicle/description/robot_core.xacro\n'}
[0.108506] (psd_vehicle) StdoutLine: {'line': b'-- Up-to-date: /psd_ws/install/psd_vehicle/share/psd_vehicle/description/robot.urdf.xacro\n'}
[0.108588] (psd_vehicle) StdoutLine: {'line': b'-- Up-to-date: /psd_ws/install/psd_vehicle/share/psd_vehicle/description/ros2_control.xacro\n'}
[0.108679] (psd_vehicle) StdoutLine: {'line': b'-- Up-to-date: /psd_ws/install/psd_vehicle/share/psd_vehicle/description/inertial_macros.xacro\n'}
[0.108780] (psd_vehicle) StdoutLine: {'line': b'-- Up-to-date: /psd_ws/install/psd_vehicle/share/psd_vehicle/description/gazebo_control.xacro\n'}
[0.108883] (psd_vehicle) StdoutLine: {'line': b'-- Up-to-date: /psd_ws/install/psd_vehicle/share/psd_vehicle/description/camera.xacro\n'}
[0.108985] (psd_vehicle) StdoutLine: {'line': b'-- Up-to-date: /psd_ws/install/psd_vehicle/share/psd_vehicle/description/lidar.xacro\n'}
[0.109087] (psd_vehicle) StdoutLine: {'line': b'-- Up-to-date: /psd_ws/install/psd_vehicle/share/psd_vehicle/description/ackermann.urdf.xacro\n'}
[0.109189] (psd_vehicle) StdoutLine: {'line': b'-- Up-to-date: /psd_ws/install/psd_vehicle/share/psd_vehicle/launch\n'}
[0.109291] (psd_vehicle) StdoutLine: {'line': b'-- Up-to-date: /psd_ws/install/psd_vehicle/share/psd_vehicle/launch/rsp.launch.py\n'}
[0.109394] (psd_vehicle) StdoutLine: {'line': b'-- Up-to-date: /psd_ws/install/psd_vehicle/share/psd_vehicle/launch/launch_sim.launch.py\n'}
[0.109495] (psd_vehicle) StdoutLine: {'line': b'-- Up-to-date: /psd_ws/install/psd_vehicle/share/psd_vehicle/launch/online_async_launch.py\n'}
[0.109838] (psd_vehicle) StdoutLine: {'line': b'-- Up-to-date: /psd_ws/install/psd_vehicle/share/psd_vehicle/launch/joystick.launch.py\n'}
[0.110081] (psd_vehicle) StdoutLine: {'line': b'-- Up-to-date: /psd_ws/install/psd_vehicle/share/psd_vehicle/launch/launch_robot.launch.py\n'}
[0.110187] (psd_vehicle) StdoutLine: {'line': b'-- Up-to-date: /psd_ws/install/psd_vehicle/share/psd_vehicle/launch/camera.launch.py\n'}
[0.110291] (psd_vehicle) StdoutLine: {'line': b'-- Up-to-date: /psd_ws/install/psd_vehicle/share/psd_vehicle/launch/navigation_launch.py\n'}
[0.110393] (psd_vehicle) StdoutLine: {'line': b'-- Up-to-date: /psd_ws/install/psd_vehicle/share/psd_vehicle/launch/localization_launch.py\n'}
[0.110495] (psd_vehicle) StdoutLine: {'line': b'-- Up-to-date: /psd_ws/install/psd_vehicle/share/psd_vehicle/launch/rplidar.launch.py\n'}
[0.110597] (psd_vehicle) StdoutLine: {'line': b'-- Up-to-date: /psd_ws/install/psd_vehicle/share/psd_vehicle/worlds\n'}
[0.110699] (psd_vehicle) StdoutLine: {'line': b'-- Up-to-date: /psd_ws/install/psd_vehicle/share/psd_vehicle/worlds/track.world\n'}
[0.110803] (psd_vehicle) StdoutLine: {'line': b'-- Up-to-date: /psd_ws/install/psd_vehicle/share/psd_vehicle/worlds/obstacles.world\n'}
[0.111338] (psd_vehicle) StdoutLine: {'line': b'-- Up-to-date: /psd_ws/install/psd_vehicle/share/psd_vehicle/worlds/empty.world\n'}
[0.111624] (psd_vehicle) StdoutLine: {'line': b'-- Up-to-date: /psd_ws/install/psd_vehicle/share/ament_index/resource_index/package_run_dependencies/psd_vehicle\n'}
[0.111813] (psd_vehicle) StdoutLine: {'line': b'-- Up-to-date: /psd_ws/install/psd_vehicle/share/ament_index/resource_index/parent_prefix_path/psd_vehicle\n'}
[0.111893] (psd_vehicle) StdoutLine: {'line': b'-- Up-to-date: /psd_ws/install/psd_vehicle/share/psd_vehicle/environment/ament_prefix_path.sh\n'}
[0.112098] (psd_vehicle) StdoutLine: {'line': b'-- Up-to-date: /psd_ws/install/psd_vehicle/share/psd_vehicle/environment/ament_prefix_path.dsv\n'}
[0.112177] (psd_vehicle) StdoutLine: {'line': b'-- Up-to-date: /psd_ws/install/psd_vehicle/share/psd_vehicle/environment/path.sh\n'}
[0.112224] (psd_vehicle) StdoutLine: {'line': b'-- Up-to-date: /psd_ws/install/psd_vehicle/share/psd_vehicle/environment/path.dsv\n'}
[0.112300] (psd_vehicle) StdoutLine: {'line': b'-- Up-to-date: /psd_ws/install/psd_vehicle/share/psd_vehicle/local_setup.bash\n'}
[0.112345] (psd_vehicle) StdoutLine: {'line': b'-- Up-to-date: /psd_ws/install/psd_vehicle/share/psd_vehicle/local_setup.sh\n'}
[0.112445] (psd_vehicle) StdoutLine: {'line': b'-- Up-to-date: /psd_ws/install/psd_vehicle/share/psd_vehicle/local_setup.zsh\n'}
[0.112546] (psd_vehicle) StdoutLine: {'line': b'-- Up-to-date: /psd_ws/install/psd_vehicle/share/psd_vehicle/local_setup.dsv\n'}
[0.112647] (psd_vehicle) StdoutLine: {'line': b'-- Up-to-date: /psd_ws/install/psd_vehicle/share/psd_vehicle/package.dsv\n'}
[0.112747] (psd_vehicle) StdoutLine: {'line': b'-- Up-to-date: /psd_ws/install/psd_vehicle/share/ament_index/resource_index/packages/psd_vehicle\n'}
[0.112879] (psd_vehicle_description) StdoutLine: {'line': b'-- Install configuration: ""\n'}
[0.113279] (psd_vehicle_description) StdoutLine: {'line': b'-- Up-to-date: /psd_ws/install/psd_vehicle_description/share/psd_vehicle_description/src\n'}
[0.113392] (psd_vehicle_description) StdoutLine: {'line': b'-- Up-to-date: /psd_ws/install/psd_vehicle_description/share/psd_vehicle_description/src/description\n'}
[0.113493] (psd_vehicle_description) StdoutLine: {'line': b'-- Installing: /psd_ws/install/psd_vehicle_description/share/psd_vehicle_description/src/description/psd_vehicle.xacro\n'}
[0.113596] (psd_vehicle_description) StdoutLine: {'line': b'-- Up-to-date: /psd_ws/install/psd_vehicle_description/share/psd_vehicle_description/src/description/psd_vehicle.trans\n'}
[0.114118] (psd_vehicle_description) StdoutLine: {'line': b'-- Up-to-date: /psd_ws/install/psd_vehicle_description/share/psd_vehicle_description/src/description/psd_vehicle.gazebo\n'}
[0.114239] (psd_vehicle_description) StdoutLine: {'line': b'-- Up-to-date: /psd_ws/install/psd_vehicle_description/share/psd_vehicle_description/src/description/materials.xacro\n'}
[0.114584] (psd_vehicle_description) StdoutLine: {'line': b'-- Up-to-date: /psd_ws/install/psd_vehicle_description/share/psd_vehicle_description/src/description/meshes\n'}
[0.114692] (psd_vehicle_description) StdoutLine: {'line': b'-- Up-to-date: /psd_ws/install/psd_vehicle_description/share/psd_vehicle_description/src/description/meshes/link_FL_1.stl\n'}
[0.114796] (psd_vehicle_description) StdoutLine: {'line': b'-- Up-to-date: /psd_ws/install/psd_vehicle_description/share/psd_vehicle_description/src/description/meshes/link_RR_1.stl\n'}
[0.114898] (psd_vehicle_description) StdoutLine: {'line': b'-- Up-to-date: /psd_ws/install/psd_vehicle_description/share/psd_vehicle_description/src/description/meshes/perno_FL_1.stl\n'}
[0.114999] (psd_vehicle_description) StdoutLine: {'line': b'-- Up-to-date: /psd_ws/install/psd_vehicle_description/share/psd_vehicle_description/src/description/meshes/perno_FR_1.stl\n'}
[0.115407] (psd_vehicle_description) StdoutLine: {'line': b'-- Up-to-date: /psd_ws/install/psd_vehicle_description/share/psd_vehicle_description/src/description/meshes/tyre_FL_1.stl\n'}
[0.115524] (psd_vehicle_description) StdoutLine: {'line': b'-- Up-to-date: /psd_ws/install/psd_vehicle_description/share/psd_vehicle_description/src/description/meshes/tyre_FR_1.stl\n'}
[0.115650] (psd_vehicle_description) StdoutLine: {'line': b'-- Up-to-date: /psd_ws/install/psd_vehicle_description/share/psd_vehicle_description/src/description/meshes/base_link.stl\n'}
[0.115745] (psd_vehicle_description) StdoutLine: {'line': b'-- Up-to-date: /psd_ws/install/psd_vehicle_description/share/psd_vehicle_description/src/description/meshes/tyre_RL_1.stl\n'}
[0.115848] (psd_vehicle_description) StdoutLine: {'line': b'-- Up-to-date: /psd_ws/install/psd_vehicle_description/share/psd_vehicle_description/src/description/meshes/link_RL_1.stl\n'}
[0.116116] (psd_vehicle_description) StdoutLine: {'line': b'-- Up-to-date: /psd_ws/install/psd_vehicle_description/share/psd_vehicle_description/src/description/meshes/tyre_RR_1.stl\n'}
[0.116237] (psd_vehicle_description) StdoutLine: {'line': b'-- Up-to-date: /psd_ws/install/psd_vehicle_description/share/psd_vehicle_description/src/description/meshes/link_FR_1.stl\n'}
[0.116341] (psd_vehicle_description) StdoutLine: {'line': b'-- Up-to-date: /psd_ws/install/psd_vehicle_description/share/psd_vehicle_description/launch\n'}
[0.116443] (psd_vehicle_description) StdoutLine: {'line': b'-- Installing: /psd_ws/install/psd_vehicle_description/share/psd_vehicle_description/launch/display.launch.py\n'}
[0.116545] (psd_vehicle_description) StdoutLine: {'line': b'-- Up-to-date: /psd_ws/install/psd_vehicle_description/share/psd_vehicle_description/rviz\n'}
[0.116647] (psd_vehicle_description) StdoutLine: {'line': b'-- Installing: /psd_ws/install/psd_vehicle_description/share/psd_vehicle_description/rviz/urdf_config.rviz\n'}
[0.116748] (psd_vehicle_description) StdoutLine: {'line': b'-- Up-to-date: /psd_ws/install/psd_vehicle_description/share/psd_vehicle_description/rviz/urdf.rviz\n'}
[0.116850] (psd_vehicle_description) StdoutLine: {'line': b'-- Up-to-date: /psd_ws/install/psd_vehicle_description/share/ament_index/resource_index/package_run_dependencies/psd_vehicle_description\n'}
[0.116962] (psd_vehicle_description) StdoutLine: {'line': b'-- Up-to-date: /psd_ws/install/psd_vehicle_description/share/ament_index/resource_index/parent_prefix_path/psd_vehicle_description\n'}
[0.117065] (psd_vehicle_description) StdoutLine: {'line': b'-- Up-to-date: /psd_ws/install/psd_vehicle_description/share/psd_vehicle_description/environment/ament_prefix_path.sh\n'}
[0.117168] (psd_vehicle_description) StdoutLine: {'line': b'-- Up-to-date: /psd_ws/install/psd_vehicle_description/share/psd_vehicle_description/environment/ament_prefix_path.dsv\n'}
[0.117269] (psd_vehicle_description) StdoutLine: {'line': b'-- Up-to-date: /psd_ws/install/psd_vehicle_description/share/psd_vehicle_description/environment/path.sh\n'}
[0.117376] (psd_vehicle_description) StdoutLine: {'line': b'-- Up-to-date: /psd_ws/install/psd_vehicle_description/share/psd_vehicle_description/environment/path.dsv\n'}
[0.117481] (psd_vehicle_description) StdoutLine: {'line': b'-- Up-to-date: /psd_ws/install/psd_vehicle_description/share/psd_vehicle_description/local_setup.bash\n'}
[0.117583] (psd_vehicle_description) StdoutLine: {'line': b'-- Up-to-date: /psd_ws/install/psd_vehicle_description/share/psd_vehicle_description/local_setup.sh\n'}
[0.117685] (psd_vehicle_description) StdoutLine: {'line': b'-- Up-to-date: /psd_ws/install/psd_vehicle_description/share/psd_vehicle_description/local_setup.zsh\n'}
[0.117788] (psd_vehicle_description) StdoutLine: {'line': b'-- Up-to-date: /psd_ws/install/psd_vehicle_description/share/psd_vehicle_description/local_setup.dsv\n'}
[0.117890] (psd_vehicle_description) StdoutLine: {'line': b'-- Up-to-date: /psd_ws/install/psd_vehicle_description/share/psd_vehicle_description/package.dsv\n'}
[0.117992] (psd_vehicle_description) StdoutLine: {'line': b'-- Up-to-date: /psd_ws/install/psd_vehicle_description/share/ament_index/resource_index/packages/psd_vehicle_description\n'}
[0.118094] (psd_vehicle_description) StdoutLine: {'line': b'-- Up-to-date: /psd_ws/install/psd_vehicle_description/share/psd_vehicle_description/cmake/psd_vehicle_descriptionConfig.cmake\n'}
[0.118201] (psd_vehicle_description) StdoutLine: {'line': b'-- Up-to-date: /psd_ws/install/psd_vehicle_description/share/psd_vehicle_description/cmake/psd_vehicle_descriptionConfig-version.cmake\n'}
[0.118303] (psd_vehicle_description) StdoutLine: {'line': b'-- Up-to-date: /psd_ws/install/psd_vehicle_description/share/psd_vehicle_description/package.xml\n'}
[0.118404] (psd_vehicle) StdoutLine: {'line': b'-- Up-to-date: /psd_ws/install/psd_vehicle/share/psd_vehicle/cmake/psd_vehicleConfig.cmake\n'}
[0.118509] (psd_vehicle) StdoutLine: {'line': b'-- Up-to-date: /psd_ws/install/psd_vehicle/share/psd_vehicle/cmake/psd_vehicleConfig-version.cmake\n'}
[0.118611] (psd_vehicle) StdoutLine: {'line': b'-- Up-to-date: /psd_ws/install/psd_vehicle/share/psd_vehicle/package.xml\n'}
[0.118714] (psd_vehicle) CommandEnded: {'returncode': 0}
[0.147010] (psd_vehicle_description) CommandEnded: {'returncode': 0}
[0.199305] (-) TimerEvent: {}
[0.206289] (psd_vehicle) JobEnded: {'identifier': 'psd_vehicle', 'rc': 0}
[0.236831] (psd_vehicle_description) JobEnded: {'identifier': 'psd_vehicle_description', 'rc': 0}
[0.237733] (-) EventReactorShutdown: {}
