-- Found ament_cmake: 1.3.8 (/opt/ros/humble/share/ament_cmake/cmake)
-- Override CMake install command with custom implementation using symlinks instead of copying resources
-- Found backward_ros: 1.0.2 (/opt/ros/humble/share/backward_ros/cmake)
-- Could NOT find libbfd (missing: LIBBFD_LIBRARY LIBBFD_INCLUDE_DIR) 
-- BACKWARD_HAS_UNWIND=1
-- BACKWARD_HAS_BACKTRACE=0
-- BACKWARD_HAS_BACKTRACE_SYMBOL=0
-- BACKWARD_HAS_DW=1
-- BACKWARD_HAS_BFD=0
-- Found Backward: /opt/ros/humble/share/backward_ros/cmake  
-- Found controller_interface: 2.40.0 (/home/psd/psd_ws/install/controller_interface/share/controller_interface/cmake)
-- Found rosidl_generator_c: 3.1.5 (/opt/ros/humble/share/rosidl_generator_c/cmake)
-- Found rosidl_adapter: 3.1.5 (/opt/ros/humble/share/rosidl_adapter/cmake)
-- Found rosidl_generator_cpp: 3.1.5 (/opt/ros/humble/share/rosidl_generator_cpp/cmake)
-- Using all available rosidl_typesupport_c: rosidl_typesupport_fastrtps_c;rosidl_typesupport_introspection_c
-- Using all available rosidl_typesupport_cpp: rosidl_typesupport_fastrtps_cpp;rosidl_typesupport_introspection_cpp
-- Found rmw_implementation_cmake: 6.1.1 (/opt/ros/humble/share/rmw_implementation_cmake/cmake)
-- Found rmw_fastrtps_cpp: 6.2.6 (/opt/ros/humble/share/rmw_fastrtps_cpp/cmake)
-- Found TinyXML2 via Config file: TinyXML2_DIR-NOTFOUND
-- Found TinyXML2 via Config file: TinyXML2_DIR-NOTFOUND
-- Found TinyXML2 via Config file: TinyXML2_DIR-NOTFOUND
-- Found TinyXML2 via Config file: TinyXML2_DIR-NOTFOUND
-- Using RMW implementation 'rmw_fastrtps_cpp' as default
-- Found generate_parameter_library: 0.3.7 (/opt/ros/humble/share/generate_parameter_library/cmake)
-- Found parameter_traits: 0.3.7 (/opt/ros/humble/share/parameter_traits/cmake)
-- Found realtime_tools: 2.5.0 (/home/psd/psd_ws/install/realtime_tools/share/realtime_tools/cmake)
-- Found ament_cmake_gmock: 1.3.8 (/opt/ros/humble/share/ament_cmake_gmock/cmake)
-- Found controller_manager: 2.40.0 (/home/psd/psd_ws/install/controller_manager/share/controller_manager/cmake)
-- Found ros2_control_test_assets: 2.40.0 (/home/psd/psd_ws/install/ros2_control_test_assets/share/ros2_control_test_assets/cmake)
-- Found gmock sources under '/opt/ros/humble/src/gmock_vendor': C++ tests using 'Google Mock' will be built
-- Found ament_cmake_gtest: 1.3.8 (/opt/ros/humble/share/ament_cmake_gtest/cmake)
-- Found gtest sources under '/opt/ros/humble/src/gtest_vendor': C++ tests using 'Google Test' will be built
-- Configuring done
-- Generating done
-- Build files have been written to: /home/psd/psd_ws/build/forward_command_controller
[35m[1mConsolidate compiler generated dependencies of target gmock_main[0m
[35m[1mConsolidate compiler generated dependencies of target gmock[0m
[  5%] Built target forward_command_controller_parameters
[ 10%] Built target multi_interface_forward_command_controller_parameters
[ 15%] [32m[1mLinking CXX static library libgmock_main.a[0m
[ 21%] [32m[1mLinking CXX static library libgmock.a[0m
[35m[1mConsolidate compiler generated dependencies of target forward_command_controller[0m
[ 26%] Built target gmock_main
[ 31%] [32m[1mLinking CXX shared library libforward_command_controller.so[0m
[ 42%] Built target gmock
[ 57%] Built target forward_command_controller
[35m[1mConsolidate compiler generated dependencies of target test_load_forward_command_controller[0m
[35m[1mConsolidate compiler generated dependencies of target test_forward_command_controller[0m
[ 63%] [32mBuilding CXX object CMakeFiles/test_load_forward_command_controller.dir/test/test_load_forward_command_controller.cpp.o[0m
[35m[1mConsolidate compiler generated dependencies of target test_multi_interface_forward_command_controller[0m
[35m[1mConsolidate compiler generated dependencies of target test_load_multi_interface_forward_command_controller[0m
[ 68%] [32mBuilding CXX object CMakeFiles/test_load_multi_interface_forward_command_controller.dir/test/test_load_multi_interface_forward_command_controller.cpp.o[0m
[ 73%] [32m[1mLinking CXX executable test_forward_command_controller[0m
[ 78%] [32m[1mLinking CXX executable test_multi_interface_forward_command_controller[0m
[ 84%] Built target test_multi_interface_forward_command_controller
[ 89%] Built target test_forward_command_controller
[ 94%] [32m[1mLinking CXX executable test_load_multi_interface_forward_command_controller[0m
[100%] [32m[1mLinking CXX executable test_load_forward_command_controller[0m
[100%] Built target test_load_forward_command_controller
[100%] Built target test_load_multi_interface_forward_command_controller
-- Install configuration: ""
-- Execute custom install script
-- Up-to-date symlink: /home/psd/psd_ws/install/forward_command_controller/include/forward_command_controller_parameters/forward_command_controller_parameters.hpp
-- Up-to-date symlink: /home/psd/psd_ws/install/forward_command_controller/include/multi_interface_forward_command_controller_parameters/multi_interface_forward_command_controller_parameters.hpp
-- Up-to-date symlink: /home/psd/psd_ws/install/forward_command_controller/share/forward_command_controller//forward_command_plugin.xml
-- Up-to-date symlink: /home/psd/psd_ws/install/forward_command_controller/include/forward_command_controller/forward_command_controller/forward_command_controller.hpp
-- Up-to-date symlink: /home/psd/psd_ws/install/forward_command_controller/include/forward_command_controller/forward_command_controller/forward_controllers_base.hpp
-- Up-to-date symlink: /home/psd/psd_ws/install/forward_command_controller/include/forward_command_controller/forward_command_controller/multi_interface_forward_command_controller.hpp
-- Up-to-date symlink: /home/psd/psd_ws/install/forward_command_controller/include/forward_command_controller/forward_command_controller/visibility_control.h
-- Up-to-date symlink: /home/psd/psd_ws/install/forward_command_controller/share/forward_command_controller/environment/library_path.sh
-- Up-to-date symlink: /home/psd/psd_ws/install/forward_command_controller/share/forward_command_controller/environment/library_path.dsv
-- Up-to-date symlink: /home/psd/psd_ws/install/forward_command_controller/share/ament_index/resource_index/package_run_dependencies/forward_command_controller
-- Up-to-date symlink: /home/psd/psd_ws/install/forward_command_controller/share/ament_index/resource_index/parent_prefix_path/forward_command_controller
-- Up-to-date symlink: /home/psd/psd_ws/install/forward_command_controller/share/forward_command_controller/environment/ament_prefix_path.sh
-- Up-to-date symlink: /home/psd/psd_ws/install/forward_command_controller/share/forward_command_controller/environment/ament_prefix_path.dsv
-- Up-to-date symlink: /home/psd/psd_ws/install/forward_command_controller/share/forward_command_controller/environment/path.sh
-- Up-to-date symlink: /home/psd/psd_ws/install/forward_command_controller/share/forward_command_controller/environment/path.dsv
-- Up-to-date symlink: /home/psd/psd_ws/install/forward_command_controller/share/forward_command_controller/local_setup.bash
-- Up-to-date symlink: /home/psd/psd_ws/install/forward_command_controller/share/forward_command_controller/local_setup.sh
-- Up-to-date symlink: /home/psd/psd_ws/install/forward_command_controller/share/forward_command_controller/local_setup.zsh
-- Up-to-date symlink: /home/psd/psd_ws/install/forward_command_controller/share/forward_command_controller/local_setup.dsv
-- Symlinking: /home/psd/psd_ws/install/forward_command_controller/share/forward_command_controller/package.dsv
-- Up-to-date symlink: /home/psd/psd_ws/install/forward_command_controller/share/ament_index/resource_index/packages/forward_command_controller
-- Up-to-date symlink: /home/psd/psd_ws/install/forward_command_controller/share/ament_index/resource_index/controller_interface__pluginlib__plugin/forward_command_controller
-- Up-to-date symlink: /home/psd/psd_ws/install/forward_command_controller/share/forward_command_controller/cmake/ament_cmake_export_targets-extras.cmake
-- Up-to-date symlink: /home/psd/psd_ws/install/forward_command_controller/share/forward_command_controller/cmake/ament_cmake_export_dependencies-extras.cmake
-- Up-to-date symlink: /home/psd/psd_ws/install/forward_command_controller/share/forward_command_controller/cmake/forward_command_controllerConfig.cmake
-- Up-to-date symlink: /home/psd/psd_ws/install/forward_command_controller/share/forward_command_controller/cmake/forward_command_controllerConfig-version.cmake
-- Up-to-date symlink: /home/psd/psd_ws/install/forward_command_controller/share/forward_command_controller/package.xml
-- Installing: /home/psd/psd_ws/install/forward_command_controller/lib/libforward_command_controller.so
-- Set runtime path of "/home/psd/psd_ws/install/forward_command_controller/lib/libforward_command_controller.so" to ""
-- Up-to-date: /home/psd/psd_ws/install/forward_command_controller/share/forward_command_controller/cmake/export_forward_command_controllerExport.cmake
-- Up-to-date: /home/psd/psd_ws/install/forward_command_controller/share/forward_command_controller/cmake/export_forward_command_controllerExport-noconfig.cmake
