[0.035s] Invoking command in '/home/psd/psd_ws/build/forward_command_controller': AMENT_PREFIX_PATH=/home/psd/psd_ws/install/controller_manager:/home/psd/psd_ws/install/hardware_interface_testing:/home/psd/psd_ws/install/controller_interface:/home/psd/psd_ws/install/hardware_interface:/home/psd/psd_ws/install/ros2_control_test_assets:/home/psd/psd_ws/install/realtime_tools:/home/psd/psd_ws/install/controller_manager_msgs:/home/psd/psd_ws/install/control_msgs:${AMENT_PREFIX_PATH} CMAKE_PREFIX_PATH=/home/psd/psd_ws/install/controller_manager:/home/psd/psd_ws/install/hardware_interface_testing:/home/psd/psd_ws/install/controller_interface:/home/psd/psd_ws/install/hardware_interface:/home/psd/psd_ws/install/ros2_control_test_assets:/home/psd/psd_ws/install/realtime_tools:/home/psd/psd_ws/install/controller_manager_msgs:/home/psd/psd_ws/install/control_msgs:/opt/ros/humble LD_LIBRARY_PATH=/home/psd/psd_ws/install/controller_manager/lib:/home/psd/psd_ws/install/hardware_interface_testing/lib:/home/psd/psd_ws/install/controller_interface/lib:/home/psd/psd_ws/install/hardware_interface/lib:/home/psd/psd_ws/install/realtime_tools/lib:/home/psd/psd_ws/install/controller_manager_msgs/lib:/home/psd/psd_ws/install/control_msgs/lib:${LD_LIBRARY_PATH} PYTHONPATH=/home/psd/psd_ws/install/controller_manager/local/lib/python3.10/dist-packages:/home/psd/psd_ws/install/controller_manager_msgs/local/lib/python3.10/dist-packages:/home/psd/psd_ws/install/control_msgs/local/lib/python3.10/dist-packages:${PYTHONPATH} /usr/bin/cmake /home/psd/psd_ws/src/ros-controls/ros2_controllers/forward_command_controller -DAMENT_CMAKE_SYMLINK_INSTALL=1 -DCMAKE_INSTALL_PREFIX=/home/psd/psd_ws/install/forward_command_controller
[0.181s] -- Found ament_cmake: 1.3.8 (/opt/ros/humble/share/ament_cmake/cmake)
[0.181s] -- Override CMake install command with custom implementation using symlinks instead of copying resources
[0.181s] -- Found backward_ros: 1.0.2 (/opt/ros/humble/share/backward_ros/cmake)
[0.181s] -- Could NOT find libbfd (missing: LIBBFD_LIBRARY LIBBFD_INCLUDE_DIR) 
[0.181s] -- BACKWARD_HAS_UNWIND=1
[0.181s] -- BACKWARD_HAS_BACKTRACE=0
[0.182s] -- BACKWARD_HAS_BACKTRACE_SYMBOL=0
[0.182s] -- BACKWARD_HAS_DW=1
[0.182s] -- BACKWARD_HAS_BFD=0
[0.182s] -- Found Backward: /opt/ros/humble/share/backward_ros/cmake  
[0.183s] -- Found controller_interface: 2.40.0 (/home/psd/psd_ws/install/controller_interface/share/controller_interface/cmake)
[0.183s] -- Found rosidl_generator_c: 3.1.5 (/opt/ros/humble/share/rosidl_generator_c/cmake)
[0.183s] -- Found rosidl_adapter: 3.1.5 (/opt/ros/humble/share/rosidl_adapter/cmake)
[0.183s] -- Found rosidl_generator_cpp: 3.1.5 (/opt/ros/humble/share/rosidl_generator_cpp/cmake)
[0.183s] -- Using all available rosidl_typesupport_c: rosidl_typesupport_fastrtps_c;rosidl_typesupport_introspection_c
[0.183s] -- Using all available rosidl_typesupport_cpp: rosidl_typesupport_fastrtps_cpp;rosidl_typesupport_introspection_cpp
[0.604s] -- Found rmw_implementation_cmake: 6.1.1 (/opt/ros/humble/share/rmw_implementation_cmake/cmake)
[0.605s] -- Found rmw_fastrtps_cpp: 6.2.6 (/opt/ros/humble/share/rmw_fastrtps_cpp/cmake)
[0.627s] -- Found TinyXML2 via Config file: TinyXML2_DIR-NOTFOUND
[0.634s] -- Found TinyXML2 via Config file: TinyXML2_DIR-NOTFOUND
[0.647s] -- Found TinyXML2 via Config file: TinyXML2_DIR-NOTFOUND
[0.653s] -- Found TinyXML2 via Config file: TinyXML2_DIR-NOTFOUND
[0.660s] -- Using RMW implementation 'rmw_fastrtps_cpp' as default
[0.843s] -- Found generate_parameter_library: 0.3.7 (/opt/ros/humble/share/generate_parameter_library/cmake)
[0.843s] -- Found parameter_traits: 0.3.7 (/opt/ros/humble/share/parameter_traits/cmake)
[0.854s] -- Found realtime_tools: 2.5.0 (/home/psd/psd_ws/install/realtime_tools/share/realtime_tools/cmake)
[1.040s] -- Found ament_cmake_gmock: 1.3.8 (/opt/ros/humble/share/ament_cmake_gmock/cmake)
[1.041s] -- Found controller_manager: 2.40.0 (/home/psd/psd_ws/install/controller_manager/share/controller_manager/cmake)
[1.239s] -- Found ros2_control_test_assets: 2.40.0 (/home/psd/psd_ws/install/ros2_control_test_assets/share/ros2_control_test_assets/cmake)
[1.240s] -- Found gmock sources under '/opt/ros/humble/src/gmock_vendor': C++ tests using 'Google Mock' will be built
[1.243s] -- Found ament_cmake_gtest: 1.3.8 (/opt/ros/humble/share/ament_cmake_gtest/cmake)
[1.243s] -- Found gtest sources under '/opt/ros/humble/src/gtest_vendor': C++ tests using 'Google Test' will be built
[2.239s] -- Configuring done
[2.366s] -- Generating done
[2.370s] -- Build files have been written to: /home/psd/psd_ws/build/forward_command_controller
[2.387s] Invoked command in '/home/psd/psd_ws/build/forward_command_controller' returned '0': AMENT_PREFIX_PATH=/home/psd/psd_ws/install/controller_manager:/home/psd/psd_ws/install/hardware_interface_testing:/home/psd/psd_ws/install/controller_interface:/home/psd/psd_ws/install/hardware_interface:/home/psd/psd_ws/install/ros2_control_test_assets:/home/psd/psd_ws/install/realtime_tools:/home/psd/psd_ws/install/controller_manager_msgs:/home/psd/psd_ws/install/control_msgs:${AMENT_PREFIX_PATH} CMAKE_PREFIX_PATH=/home/psd/psd_ws/install/controller_manager:/home/psd/psd_ws/install/hardware_interface_testing:/home/psd/psd_ws/install/controller_interface:/home/psd/psd_ws/install/hardware_interface:/home/psd/psd_ws/install/ros2_control_test_assets:/home/psd/psd_ws/install/realtime_tools:/home/psd/psd_ws/install/controller_manager_msgs:/home/psd/psd_ws/install/control_msgs:/opt/ros/humble LD_LIBRARY_PATH=/home/psd/psd_ws/install/controller_manager/lib:/home/psd/psd_ws/install/hardware_interface_testing/lib:/home/psd/psd_ws/install/controller_interface/lib:/home/psd/psd_ws/install/hardware_interface/lib:/home/psd/psd_ws/install/realtime_tools/lib:/home/psd/psd_ws/install/controller_manager_msgs/lib:/home/psd/psd_ws/install/control_msgs/lib:${LD_LIBRARY_PATH} PYTHONPATH=/home/psd/psd_ws/install/controller_manager/local/lib/python3.10/dist-packages:/home/psd/psd_ws/install/controller_manager_msgs/local/lib/python3.10/dist-packages:/home/psd/psd_ws/install/control_msgs/local/lib/python3.10/dist-packages:${PYTHONPATH} /usr/bin/cmake /home/psd/psd_ws/src/ros-controls/ros2_controllers/forward_command_controller -DAMENT_CMAKE_SYMLINK_INSTALL=1 -DCMAKE_INSTALL_PREFIX=/home/psd/psd_ws/install/forward_command_controller
[2.388s] Invoking command in '/home/psd/psd_ws/build/forward_command_controller': AMENT_PREFIX_PATH=/home/psd/psd_ws/install/controller_manager:/home/psd/psd_ws/install/hardware_interface_testing:/home/psd/psd_ws/install/controller_interface:/home/psd/psd_ws/install/hardware_interface:/home/psd/psd_ws/install/ros2_control_test_assets:/home/psd/psd_ws/install/realtime_tools:/home/psd/psd_ws/install/controller_manager_msgs:/home/psd/psd_ws/install/control_msgs:${AMENT_PREFIX_PATH} CMAKE_PREFIX_PATH=/home/psd/psd_ws/install/controller_manager:/home/psd/psd_ws/install/hardware_interface_testing:/home/psd/psd_ws/install/controller_interface:/home/psd/psd_ws/install/hardware_interface:/home/psd/psd_ws/install/ros2_control_test_assets:/home/psd/psd_ws/install/realtime_tools:/home/psd/psd_ws/install/controller_manager_msgs:/home/psd/psd_ws/install/control_msgs:/opt/ros/humble LD_LIBRARY_PATH=/home/psd/psd_ws/install/controller_manager/lib:/home/psd/psd_ws/install/hardware_interface_testing/lib:/home/psd/psd_ws/install/controller_interface/lib:/home/psd/psd_ws/install/hardware_interface/lib:/home/psd/psd_ws/install/realtime_tools/lib:/home/psd/psd_ws/install/controller_manager_msgs/lib:/home/psd/psd_ws/install/control_msgs/lib:${LD_LIBRARY_PATH} PYTHONPATH=/home/psd/psd_ws/install/controller_manager/local/lib/python3.10/dist-packages:/home/psd/psd_ws/install/controller_manager_msgs/local/lib/python3.10/dist-packages:/home/psd/psd_ws/install/control_msgs/local/lib/python3.10/dist-packages:${PYTHONPATH} /usr/bin/cmake --build /home/psd/psd_ws/build/forward_command_controller -- -j20 -l20
[2.430s] [35m[1mConsolidate compiler generated dependencies of target gmock_main[0m
[2.435s] [35m[1mConsolidate compiler generated dependencies of target gmock[0m
[2.437s] [  5%] Built target forward_command_controller_parameters
[2.451s] [ 10%] Built target multi_interface_forward_command_controller_parameters
[2.452s] [ 15%] [32m[1mLinking CXX static library libgmock_main.a[0m
[2.452s] [ 21%] [32m[1mLinking CXX static library libgmock.a[0m
[2.465s] [35m[1mConsolidate compiler generated dependencies of target forward_command_controller[0m
[2.496s] [ 26%] Built target gmock_main
[2.503s] [ 31%] [32m[1mLinking CXX shared library libforward_command_controller.so[0m
[2.548s] [ 42%] Built target gmock
[3.219s] [ 57%] Built target forward_command_controller
[3.235s] [35m[1mConsolidate compiler generated dependencies of target test_load_forward_command_controller[0m
[3.235s] [35m[1mConsolidate compiler generated dependencies of target test_forward_command_controller[0m
[3.267s] [ 63%] [32mBuilding CXX object CMakeFiles/test_load_forward_command_controller.dir/test/test_load_forward_command_controller.cpp.o[0m
[3.271s] [35m[1mConsolidate compiler generated dependencies of target test_multi_interface_forward_command_controller[0m
[3.275s] [35m[1mConsolidate compiler generated dependencies of target test_load_multi_interface_forward_command_controller[0m
[3.302s] [ 68%] [32mBuilding CXX object CMakeFiles/test_load_multi_interface_forward_command_controller.dir/test/test_load_multi_interface_forward_command_controller.cpp.o[0m
[3.303s] [ 73%] [32m[1mLinking CXX executable test_forward_command_controller[0m
[3.365s] [ 78%] [32m[1mLinking CXX executable test_multi_interface_forward_command_controller[0m
[4.583s] [ 84%] Built target test_multi_interface_forward_command_controller
[4.722s] [ 89%] Built target test_forward_command_controller
[8.670s] [ 94%] [32m[1mLinking CXX executable test_load_multi_interface_forward_command_controller[0m
[8.929s] [100%] [32m[1mLinking CXX executable test_load_forward_command_controller[0m
[10.277s] [100%] Built target test_load_forward_command_controller
[10.482s] [100%] Built target test_load_multi_interface_forward_command_controller
[10.495s] Invoked command in '/home/psd/psd_ws/build/forward_command_controller' returned '0': AMENT_PREFIX_PATH=/home/psd/psd_ws/install/controller_manager:/home/psd/psd_ws/install/hardware_interface_testing:/home/psd/psd_ws/install/controller_interface:/home/psd/psd_ws/install/hardware_interface:/home/psd/psd_ws/install/ros2_control_test_assets:/home/psd/psd_ws/install/realtime_tools:/home/psd/psd_ws/install/controller_manager_msgs:/home/psd/psd_ws/install/control_msgs:${AMENT_PREFIX_PATH} CMAKE_PREFIX_PATH=/home/psd/psd_ws/install/controller_manager:/home/psd/psd_ws/install/hardware_interface_testing:/home/psd/psd_ws/install/controller_interface:/home/psd/psd_ws/install/hardware_interface:/home/psd/psd_ws/install/ros2_control_test_assets:/home/psd/psd_ws/install/realtime_tools:/home/psd/psd_ws/install/controller_manager_msgs:/home/psd/psd_ws/install/control_msgs:/opt/ros/humble LD_LIBRARY_PATH=/home/psd/psd_ws/install/controller_manager/lib:/home/psd/psd_ws/install/hardware_interface_testing/lib:/home/psd/psd_ws/install/controller_interface/lib:/home/psd/psd_ws/install/hardware_interface/lib:/home/psd/psd_ws/install/realtime_tools/lib:/home/psd/psd_ws/install/controller_manager_msgs/lib:/home/psd/psd_ws/install/control_msgs/lib:${LD_LIBRARY_PATH} PYTHONPATH=/home/psd/psd_ws/install/controller_manager/local/lib/python3.10/dist-packages:/home/psd/psd_ws/install/controller_manager_msgs/local/lib/python3.10/dist-packages:/home/psd/psd_ws/install/control_msgs/local/lib/python3.10/dist-packages:${PYTHONPATH} /usr/bin/cmake --build /home/psd/psd_ws/build/forward_command_controller -- -j20 -l20
[10.537s] Invoking command in '/home/psd/psd_ws/build/forward_command_controller': AMENT_PREFIX_PATH=/home/psd/psd_ws/install/controller_manager:/home/psd/psd_ws/install/hardware_interface_testing:/home/psd/psd_ws/install/controller_interface:/home/psd/psd_ws/install/hardware_interface:/home/psd/psd_ws/install/ros2_control_test_assets:/home/psd/psd_ws/install/realtime_tools:/home/psd/psd_ws/install/controller_manager_msgs:/home/psd/psd_ws/install/control_msgs:${AMENT_PREFIX_PATH} CMAKE_PREFIX_PATH=/home/psd/psd_ws/install/controller_manager:/home/psd/psd_ws/install/hardware_interface_testing:/home/psd/psd_ws/install/controller_interface:/home/psd/psd_ws/install/hardware_interface:/home/psd/psd_ws/install/ros2_control_test_assets:/home/psd/psd_ws/install/realtime_tools:/home/psd/psd_ws/install/controller_manager_msgs:/home/psd/psd_ws/install/control_msgs:/opt/ros/humble LD_LIBRARY_PATH=/home/psd/psd_ws/install/controller_manager/lib:/home/psd/psd_ws/install/hardware_interface_testing/lib:/home/psd/psd_ws/install/controller_interface/lib:/home/psd/psd_ws/install/hardware_interface/lib:/home/psd/psd_ws/install/realtime_tools/lib:/home/psd/psd_ws/install/controller_manager_msgs/lib:/home/psd/psd_ws/install/control_msgs/lib:${LD_LIBRARY_PATH} PYTHONPATH=/home/psd/psd_ws/install/controller_manager/local/lib/python3.10/dist-packages:/home/psd/psd_ws/install/controller_manager_msgs/local/lib/python3.10/dist-packages:/home/psd/psd_ws/install/control_msgs/local/lib/python3.10/dist-packages:${PYTHONPATH} /usr/bin/cmake --install /home/psd/psd_ws/build/forward_command_controller
[10.545s] -- Install configuration: ""
[10.545s] -- Execute custom install script
[10.545s] -- Up-to-date symlink: /home/psd/psd_ws/install/forward_command_controller/include/forward_command_controller_parameters/forward_command_controller_parameters.hpp
[10.546s] -- Up-to-date symlink: /home/psd/psd_ws/install/forward_command_controller/include/multi_interface_forward_command_controller_parameters/multi_interface_forward_command_controller_parameters.hpp
[10.546s] -- Up-to-date symlink: /home/psd/psd_ws/install/forward_command_controller/share/forward_command_controller//forward_command_plugin.xml
[10.546s] -- Up-to-date symlink: /home/psd/psd_ws/install/forward_command_controller/include/forward_command_controller/forward_command_controller/forward_command_controller.hpp
[10.546s] -- Up-to-date symlink: /home/psd/psd_ws/install/forward_command_controller/include/forward_command_controller/forward_command_controller/forward_controllers_base.hpp
[10.547s] -- Up-to-date symlink: /home/psd/psd_ws/install/forward_command_controller/include/forward_command_controller/forward_command_controller/multi_interface_forward_command_controller.hpp
[10.547s] -- Up-to-date symlink: /home/psd/psd_ws/install/forward_command_controller/include/forward_command_controller/forward_command_controller/visibility_control.h
[10.547s] -- Up-to-date symlink: /home/psd/psd_ws/install/forward_command_controller/share/forward_command_controller/environment/library_path.sh
[10.547s] -- Up-to-date symlink: /home/psd/psd_ws/install/forward_command_controller/share/forward_command_controller/environment/library_path.dsv
[10.547s] -- Up-to-date symlink: /home/psd/psd_ws/install/forward_command_controller/share/ament_index/resource_index/package_run_dependencies/forward_command_controller
[10.547s] -- Up-to-date symlink: /home/psd/psd_ws/install/forward_command_controller/share/ament_index/resource_index/parent_prefix_path/forward_command_controller
[10.548s] -- Up-to-date symlink: /home/psd/psd_ws/install/forward_command_controller/share/forward_command_controller/environment/ament_prefix_path.sh
[10.548s] -- Up-to-date symlink: /home/psd/psd_ws/install/forward_command_controller/share/forward_command_controller/environment/ament_prefix_path.dsv
[10.548s] -- Up-to-date symlink: /home/psd/psd_ws/install/forward_command_controller/share/forward_command_controller/environment/path.sh
[10.548s] -- Up-to-date symlink: /home/psd/psd_ws/install/forward_command_controller/share/forward_command_controller/environment/path.dsv
[10.548s] -- Up-to-date symlink: /home/psd/psd_ws/install/forward_command_controller/share/forward_command_controller/local_setup.bash
[10.549s] -- Up-to-date symlink: /home/psd/psd_ws/install/forward_command_controller/share/forward_command_controller/local_setup.sh
[10.549s] -- Up-to-date symlink: /home/psd/psd_ws/install/forward_command_controller/share/forward_command_controller/local_setup.zsh
[10.549s] -- Up-to-date symlink: /home/psd/psd_ws/install/forward_command_controller/share/forward_command_controller/local_setup.dsv
[10.549s] -- Symlinking: /home/psd/psd_ws/install/forward_command_controller/share/forward_command_controller/package.dsv
[10.559s] -- Up-to-date symlink: /home/psd/psd_ws/install/forward_command_controller/share/ament_index/resource_index/packages/forward_command_controller
[10.559s] -- Up-to-date symlink: /home/psd/psd_ws/install/forward_command_controller/share/ament_index/resource_index/controller_interface__pluginlib__plugin/forward_command_controller
[10.559s] -- Up-to-date symlink: /home/psd/psd_ws/install/forward_command_controller/share/forward_command_controller/cmake/ament_cmake_export_targets-extras.cmake
[10.559s] -- Up-to-date symlink: /home/psd/psd_ws/install/forward_command_controller/share/forward_command_controller/cmake/ament_cmake_export_dependencies-extras.cmake
[10.559s] -- Up-to-date symlink: /home/psd/psd_ws/install/forward_command_controller/share/forward_command_controller/cmake/forward_command_controllerConfig.cmake
[10.559s] -- Up-to-date symlink: /home/psd/psd_ws/install/forward_command_controller/share/forward_command_controller/cmake/forward_command_controllerConfig-version.cmake
[10.559s] -- Up-to-date symlink: /home/psd/psd_ws/install/forward_command_controller/share/forward_command_controller/package.xml
[10.560s] -- Installing: /home/psd/psd_ws/install/forward_command_controller/lib/libforward_command_controller.so
[10.570s] -- Set runtime path of "/home/psd/psd_ws/install/forward_command_controller/lib/libforward_command_controller.so" to ""
[10.570s] -- Up-to-date: /home/psd/psd_ws/install/forward_command_controller/share/forward_command_controller/cmake/export_forward_command_controllerExport.cmake
[10.570s] -- Up-to-date: /home/psd/psd_ws/install/forward_command_controller/share/forward_command_controller/cmake/export_forward_command_controllerExport-noconfig.cmake
[10.573s] Invoked command in '/home/psd/psd_ws/build/forward_command_controller' returned '0': AMENT_PREFIX_PATH=/home/psd/psd_ws/install/controller_manager:/home/psd/psd_ws/install/hardware_interface_testing:/home/psd/psd_ws/install/controller_interface:/home/psd/psd_ws/install/hardware_interface:/home/psd/psd_ws/install/ros2_control_test_assets:/home/psd/psd_ws/install/realtime_tools:/home/psd/psd_ws/install/controller_manager_msgs:/home/psd/psd_ws/install/control_msgs:${AMENT_PREFIX_PATH} CMAKE_PREFIX_PATH=/home/psd/psd_ws/install/controller_manager:/home/psd/psd_ws/install/hardware_interface_testing:/home/psd/psd_ws/install/controller_interface:/home/psd/psd_ws/install/hardware_interface:/home/psd/psd_ws/install/ros2_control_test_assets:/home/psd/psd_ws/install/realtime_tools:/home/psd/psd_ws/install/controller_manager_msgs:/home/psd/psd_ws/install/control_msgs:/opt/ros/humble LD_LIBRARY_PATH=/home/psd/psd_ws/install/controller_manager/lib:/home/psd/psd_ws/install/hardware_interface_testing/lib:/home/psd/psd_ws/install/controller_interface/lib:/home/psd/psd_ws/install/hardware_interface/lib:/home/psd/psd_ws/install/realtime_tools/lib:/home/psd/psd_ws/install/controller_manager_msgs/lib:/home/psd/psd_ws/install/control_msgs/lib:${LD_LIBRARY_PATH} PYTHONPATH=/home/psd/psd_ws/install/controller_manager/local/lib/python3.10/dist-packages:/home/psd/psd_ws/install/controller_manager_msgs/local/lib/python3.10/dist-packages:/home/psd/psd_ws/install/control_msgs/local/lib/python3.10/dist-packages:${PYTHONPATH} /usr/bin/cmake --install /home/psd/psd_ws/build/forward_command_controller
