[0.059s] Invoking command in '/home/psd/psd_ws/build/psd_vehicle_controller': AMENT_PREFIX_PATH=/home/psd/psd_ws/install/psd_vehicle_description:/home/psd/psd_ws/install/ros_components_description:${AMENT_PREFIX_PATH} CMAKE_PREFIX_PATH=/home/psd/psd_ws/install/psd_vehicle_description:/home/psd/psd_ws/install/ros_components_description:/opt/ros/humble GAZEBO_MODEL_PATH=/home/psd/psd_ws/install/ros_components_description/share GZ_SIM_RESOURCE_PATH=/home/psd/psd_ws/install/ros_components_description/share IGN_GAZEBO_RESOURCE_PATH=/home/psd/psd_ws/install/ros_components_description/share /usr/bin/cmake --build /home/psd/psd_ws/build/psd_vehicle_controller -- -j20 -l20
[0.079s] Invoked command in '/home/psd/psd_ws/build/psd_vehicle_controller' returned '0': AMENT_PREFIX_PATH=/home/psd/psd_ws/install/psd_vehicle_description:/home/psd/psd_ws/install/ros_components_description:${AMENT_PREFIX_PATH} CMAKE_PREFIX_PATH=/home/psd/psd_ws/install/psd_vehicle_description:/home/psd/psd_ws/install/ros_components_description:/opt/ros/humble GAZEBO_MODEL_PATH=/home/psd/psd_ws/install/ros_components_description/share GZ_SIM_RESOURCE_PATH=/home/psd/psd_ws/install/ros_components_description/share IGN_GAZEBO_RESOURCE_PATH=/home/psd/psd_ws/install/ros_components_description/share /usr/bin/cmake --build /home/psd/psd_ws/build/psd_vehicle_controller -- -j20 -l20
[0.092s] Invoking command in '/home/psd/psd_ws/build/psd_vehicle_controller': AMENT_PREFIX_PATH=/home/psd/psd_ws/install/psd_vehicle_description:/home/psd/psd_ws/install/ros_components_description:${AMENT_PREFIX_PATH} CMAKE_PREFIX_PATH=/home/psd/psd_ws/install/psd_vehicle_description:/home/psd/psd_ws/install/ros_components_description:/opt/ros/humble GAZEBO_MODEL_PATH=/home/psd/psd_ws/install/ros_components_description/share GZ_SIM_RESOURCE_PATH=/home/psd/psd_ws/install/ros_components_description/share IGN_GAZEBO_RESOURCE_PATH=/home/psd/psd_ws/install/ros_components_description/share /usr/bin/cmake --install /home/psd/psd_ws/build/psd_vehicle_controller
[0.096s] -- Install configuration: ""
[0.096s] -- Up-to-date: /home/psd/psd_ws/install/psd_vehicle_controller/share/psd_vehicle_controller/launch
[0.096s] -- Up-to-date: /home/psd/psd_ws/install/psd_vehicle_controller/share/psd_vehicle_controller/launch/controller.launch.py
[0.096s] -- Up-to-date: /home/psd/psd_ws/install/psd_vehicle_controller/share/psd_vehicle_controller/config
[0.096s] -- Up-to-date: /home/psd/psd_ws/install/psd_vehicle_controller/share/psd_vehicle_controller/config/diff_drive_controller.yaml
[0.097s] -- Up-to-date: /home/psd/psd_ws/install/psd_vehicle_controller/share/ament_index/resource_index/package_run_dependencies/psd_vehicle_controller
[0.097s] -- Up-to-date: /home/psd/psd_ws/install/psd_vehicle_controller/share/ament_index/resource_index/parent_prefix_path/psd_vehicle_controller
[0.097s] -- Up-to-date: /home/psd/psd_ws/install/psd_vehicle_controller/share/psd_vehicle_controller/environment/ament_prefix_path.sh
[0.097s] -- Up-to-date: /home/psd/psd_ws/install/psd_vehicle_controller/share/psd_vehicle_controller/environment/ament_prefix_path.dsv
[0.097s] -- Up-to-date: /home/psd/psd_ws/install/psd_vehicle_controller/share/psd_vehicle_controller/environment/path.sh
[0.097s] -- Up-to-date: /home/psd/psd_ws/install/psd_vehicle_controller/share/psd_vehicle_controller/environment/path.dsv
[0.097s] -- Up-to-date: /home/psd/psd_ws/install/psd_vehicle_controller/share/psd_vehicle_controller/local_setup.bash
[0.097s] -- Up-to-date: /home/psd/psd_ws/install/psd_vehicle_controller/share/psd_vehicle_controller/local_setup.sh
[0.097s] -- Up-to-date: /home/psd/psd_ws/install/psd_vehicle_controller/share/psd_vehicle_controller/local_setup.zsh
[0.097s] -- Up-to-date: /home/psd/psd_ws/install/psd_vehicle_controller/share/psd_vehicle_controller/local_setup.dsv
[0.097s] -- Up-to-date: /home/psd/psd_ws/install/psd_vehicle_controller/share/psd_vehicle_controller/package.dsv
[0.097s] -- Up-to-date: /home/psd/psd_ws/install/psd_vehicle_controller/share/ament_index/resource_index/packages/psd_vehicle_controller
[0.097s] -- Up-to-date: /home/psd/psd_ws/install/psd_vehicle_controller/share/psd_vehicle_controller/cmake/psd_vehicle_controllerConfig.cmake
[0.098s] -- Up-to-date: /home/psd/psd_ws/install/psd_vehicle_controller/share/psd_vehicle_controller/cmake/psd_vehicle_controllerConfig-version.cmake
[0.098s] -- Up-to-date: /home/psd/psd_ws/install/psd_vehicle_controller/share/psd_vehicle_controller/package.xml
[0.098s] Invoked command in '/home/psd/psd_ws/build/psd_vehicle_controller' returned '0': AMENT_PREFIX_PATH=/home/psd/psd_ws/install/psd_vehicle_description:/home/psd/psd_ws/install/ros_components_description:${AMENT_PREFIX_PATH} CMAKE_PREFIX_PATH=/home/psd/psd_ws/install/psd_vehicle_description:/home/psd/psd_ws/install/ros_components_description:/opt/ros/humble GAZEBO_MODEL_PATH=/home/psd/psd_ws/install/ros_components_description/share GZ_SIM_RESOURCE_PATH=/home/psd/psd_ws/install/ros_components_description/share IGN_GAZEBO_RESOURCE_PATH=/home/psd/psd_ws/install/ros_components_description/share /usr/bin/cmake --install /home/psd/psd_ws/build/psd_vehicle_controller
