[0.011s] Invoking command in '/home/ubuntu/psd_ws/build/gz_ros2_control': CMAKE_PREFIX_PATH=${CMAKE_PREFIX_PATH}:/opt/ros/jazzy /usr/bin/cmake --build /home/ubuntu/psd_ws/build/gz_ros2_control -- -j20 -l20
[0.063s] [100%] Built target gz_hardware_plugins
[0.064s] [100%] Built target gz_ros2_control-system
[0.070s] Invoked command in '/home/ubuntu/psd_ws/build/gz_ros2_control' returned '0': CMAKE_PREFIX_PATH=${CMAKE_PREFIX_PATH}:/opt/ros/jazzy /usr/bin/cmake --build /home/ubuntu/psd_ws/build/gz_ros2_control -- -j20 -l20
[0.089s] Invoking command in '/home/ubuntu/psd_ws/build/gz_ros2_control': CMAKE_PREFIX_PATH=${CMAKE_PREFIX_PATH}:/opt/ros/jazzy /usr/bin/cmake --install /home/ubuntu/psd_ws/build/gz_ros2_control
[0.094s] -- Install configuration: ""
[0.094s] -- Execute custom install script
[0.094s] -- Up-to-date symlink: /home/ubuntu/psd_ws/install/gz_ros2_control/lib/libgz_hardware_plugins.so
[0.094s] -- Up-to-date symlink: /home/ubuntu/psd_ws/install/gz_ros2_control/include/gz_ros2_control/gz_ros2_control_plugin.hpp
[0.095s] -- Up-to-date symlink: /home/ubuntu/psd_ws/install/gz_ros2_control/include/gz_ros2_control/gz_system.hpp
[0.095s] -- Up-to-date symlink: /home/ubuntu/psd_ws/install/gz_ros2_control/include/gz_ros2_control/gz_system_interface.hpp
[0.095s] -- Up-to-date symlink: /home/ubuntu/psd_ws/install/gz_ros2_control/share/gz_ros2_control/environment/library_path.sh
[0.095s] -- Up-to-date symlink: /home/ubuntu/psd_ws/install/gz_ros2_control/share/gz_ros2_control/environment/library_path.dsv
[0.095s] -- Up-to-date symlink: /home/ubuntu/psd_ws/install/gz_ros2_control/lib/libgz_ros2_control-system.so
[0.095s] -- Up-to-date symlink: /home/ubuntu/psd_ws/install/gz_ros2_control/share/gz_ros2_control//gz_hardware_plugins.xml
[0.095s] -- Up-to-date symlink: /home/ubuntu/psd_ws/install/gz_ros2_control/share/ament_index/resource_index/package_run_dependencies/gz_ros2_control
[0.095s] -- Up-to-date symlink: /home/ubuntu/psd_ws/install/gz_ros2_control/share/ament_index/resource_index/parent_prefix_path/gz_ros2_control
[0.096s] -- Up-to-date symlink: /home/ubuntu/psd_ws/install/gz_ros2_control/share/gz_ros2_control/environment/ament_prefix_path.sh
[0.096s] -- Up-to-date symlink: /home/ubuntu/psd_ws/install/gz_ros2_control/share/gz_ros2_control/environment/ament_prefix_path.dsv
[0.096s] -- Up-to-date symlink: /home/ubuntu/psd_ws/install/gz_ros2_control/share/gz_ros2_control/environment/path.sh
[0.096s] -- Up-to-date symlink: /home/ubuntu/psd_ws/install/gz_ros2_control/share/gz_ros2_control/environment/path.dsv
[0.096s] -- Up-to-date symlink: /home/ubuntu/psd_ws/install/gz_ros2_control/share/gz_ros2_control/local_setup.bash
[0.096s] -- Up-to-date symlink: /home/ubuntu/psd_ws/install/gz_ros2_control/share/gz_ros2_control/local_setup.sh
[0.097s] -- Up-to-date symlink: /home/ubuntu/psd_ws/install/gz_ros2_control/share/gz_ros2_control/local_setup.zsh
[0.097s] -- Up-to-date symlink: /home/ubuntu/psd_ws/install/gz_ros2_control/share/gz_ros2_control/local_setup.dsv
[0.097s] -- Symlinking: /home/ubuntu/psd_ws/install/gz_ros2_control/share/gz_ros2_control/package.dsv
[0.102s] -- Up-to-date symlink: /home/ubuntu/psd_ws/install/gz_ros2_control/share/ament_index/resource_index/packages/gz_ros2_control
[0.102s] -- Up-to-date symlink: /home/ubuntu/psd_ws/install/gz_ros2_control/share/ament_index/resource_index/gz_ros2_control__pluginlib__plugin/gz_ros2_control
[0.103s] -- Up-to-date symlink: /home/ubuntu/psd_ws/install/gz_ros2_control/share/gz_ros2_control/cmake/ament_cmake_export_include_directories-extras.cmake
[0.103s] -- Up-to-date symlink: /home/ubuntu/psd_ws/install/gz_ros2_control/share/gz_ros2_control/cmake/ament_cmake_export_libraries-extras.cmake
[0.103s] -- Up-to-date symlink: /home/ubuntu/psd_ws/install/gz_ros2_control/share/gz_ros2_control/cmake/gz_ros2_controlConfig.cmake
[0.103s] -- Up-to-date symlink: /home/ubuntu/psd_ws/install/gz_ros2_control/share/gz_ros2_control/cmake/gz_ros2_controlConfig-version.cmake
[0.103s] -- Up-to-date symlink: /home/ubuntu/psd_ws/install/gz_ros2_control/share/gz_ros2_control/package.xml
[0.108s] Invoked command in '/home/ubuntu/psd_ws/build/gz_ros2_control' returned '0': CMAKE_PREFIX_PATH=${CMAKE_PREFIX_PATH}:/opt/ros/jazzy /usr/bin/cmake --install /home/ubuntu/psd_ws/build/gz_ros2_control
