[0.012s] Invoking command in '/home/ubuntu/psd_ws/build/psd_gazebo_worlds': CMAKE_PREFIX_PATH=${CMAKE_PREFIX_PATH}:/opt/ros/jazzy /usr/bin/cmake /home/ubuntu/psd_ws/src/psd_gazebo_worlds -DAMENT_CMAKE_SYMLINK_INSTALL=1 -DCMAKE_INSTALL_PREFIX=/home/ubuntu/psd_ws/install/psd_gazebo_worlds
[0.048s] -- The C compiler identification is GNU 13.2.0
[0.087s] -- The CXX compiler identification is GNU 13.2.0
[0.097s] -- Detecting C compiler ABI info
[0.157s] -- Detecting C compiler ABI info - done
[0.163s] -- Check for working C compiler: /usr/bin/cc - skipped
[0.164s] -- Detecting C compile features
[0.164s] -- Detecting C compile features - done
[0.170s] -- Detecting CXX compiler ABI info
[0.238s] -- Detecting CXX compiler ABI info - done
[0.244s] -- Check for working CXX compiler: /usr/bin/c++ - skipped
[0.244s] -- Detecting CXX compile features
[0.244s] -- Detecting CXX compile features - done
[0.250s] -- Found ament_cmake: 2.5.0 (/opt/ros/jazzy/share/ament_cmake/cmake)
[0.365s] -- Found Python3: /usr/bin/python3 (found version "3.12.3") found components: Interpreter 
[0.414s] -- Override CMake install command with custom implementation using symlinks instead of copying resources
[0.486s] -- Found rclcpp: 28.1.2 (/opt/ros/jazzy/share/rclcpp/cmake)
[0.561s] -- Found rosidl_generator_c: 4.6.2 (/opt/ros/jazzy/share/rosidl_generator_c/cmake)
[0.582s] -- Found rosidl_generator_cpp: 4.6.2 (/opt/ros/jazzy/share/rosidl_generator_cpp/cmake)
[0.603s] -- Using all available rosidl_typesupport_c: rosidl_typesupport_fastrtps_c;rosidl_typesupport_introspection_c
[0.627s] -- Using all available rosidl_typesupport_cpp: rosidl_typesupport_fastrtps_cpp;rosidl_typesupport_introspection_cpp
[0.723s] -- Found rmw_implementation_cmake: 7.3.1 (/opt/ros/jazzy/share/rmw_implementation_cmake/cmake)
[0.729s] -- Found rmw_fastrtps_cpp: 8.4.0 (/opt/ros/jazzy/share/rmw_fastrtps_cpp/cmake)
[0.805s] -- Found OpenSSL: /usr/lib/x86_64-linux-gnu/libcrypto.so (found version "3.0.13")  
[0.817s] -- Found FastRTPS: /opt/ros/jazzy/include (Required is at least version "2.13") 
[0.833s] -- Using RMW implementation 'rmw_fastrtps_cpp' as default
[0.970s] -- Configuring done (1.0s)
[0.973s] -- Generating done (0.0s)
[0.974s] -- Build files have been written to: /home/ubuntu/psd_ws/build/psd_gazebo_worlds
[0.980s] Invoked command in '/home/ubuntu/psd_ws/build/psd_gazebo_worlds' returned '0': CMAKE_PREFIX_PATH=${CMAKE_PREFIX_PATH}:/opt/ros/jazzy /usr/bin/cmake /home/ubuntu/psd_ws/src/psd_gazebo_worlds -DAMENT_CMAKE_SYMLINK_INSTALL=1 -DCMAKE_INSTALL_PREFIX=/home/ubuntu/psd_ws/install/psd_gazebo_worlds
[0.980s] Invoking command in '/home/ubuntu/psd_ws/build/psd_gazebo_worlds': CMAKE_PREFIX_PATH=${CMAKE_PREFIX_PATH}:/opt/ros/jazzy /usr/bin/cmake --build /home/ubuntu/psd_ws/build/psd_gazebo_worlds -- -j20 -l20
[1.007s] Invoked command in '/home/ubuntu/psd_ws/build/psd_gazebo_worlds' returned '0': CMAKE_PREFIX_PATH=${CMAKE_PREFIX_PATH}:/opt/ros/jazzy /usr/bin/cmake --build /home/ubuntu/psd_ws/build/psd_gazebo_worlds -- -j20 -l20
[1.021s] Invoking command in '/home/ubuntu/psd_ws/build/psd_gazebo_worlds': CMAKE_PREFIX_PATH=${CMAKE_PREFIX_PATH}:/opt/ros/jazzy /usr/bin/cmake --install /home/ubuntu/psd_ws/build/psd_gazebo_worlds
[1.028s] -- Install configuration: ""
[1.028s] -- Execute custom install script
[1.028s] -- Symlinking: /home/ubuntu/psd_ws/install/psd_gazebo_worlds/share/psd_gazebo_worlds/worlds//models/cone/meshes/cone.dae
[1.035s] -- Symlinking: /home/ubuntu/psd_ws/install/psd_gazebo_worlds/share/psd_gazebo_worlds/worlds//models/cone/meshes/cone.stl
[1.041s] -- Symlinking: /home/ubuntu/psd_ws/install/psd_gazebo_worlds/share/psd_gazebo_worlds/worlds//models/cone/model.config
[1.047s] -- Symlinking: /home/ubuntu/psd_ws/install/psd_gazebo_worlds/share/psd_gazebo_worlds/worlds//models/cone/model.sdf
[1.054s] -- Symlinking: /home/ubuntu/psd_ws/install/psd_gazebo_worlds/share/psd_gazebo_worlds/worlds//random.sdf
[1.060s] -- Symlinking: /home/ubuntu/psd_ws/install/psd_gazebo_worlds/share/psd_gazebo_worlds/worlds//track.sdf
[1.066s] -- Symlinking: /home/ubuntu/psd_ws/install/psd_gazebo_worlds/share/psd_gazebo_worlds/worlds//track_creator.py
[1.073s] -- Symlinking: /home/ubuntu/psd_ws/install/psd_gazebo_worlds/share/ament_index/resource_index/package_run_dependencies/psd_gazebo_worlds
[1.080s] -- Symlinking: /home/ubuntu/psd_ws/install/psd_gazebo_worlds/share/ament_index/resource_index/parent_prefix_path/psd_gazebo_worlds
[1.086s] -- Symlinking: /home/ubuntu/psd_ws/install/psd_gazebo_worlds/share/psd_gazebo_worlds/environment/ament_prefix_path.sh
[1.092s] -- Symlinking: /home/ubuntu/psd_ws/install/psd_gazebo_worlds/share/psd_gazebo_worlds/environment/ament_prefix_path.dsv
[1.099s] -- Symlinking: /home/ubuntu/psd_ws/install/psd_gazebo_worlds/share/psd_gazebo_worlds/environment/path.sh
[1.104s] -- Symlinking: /home/ubuntu/psd_ws/install/psd_gazebo_worlds/share/psd_gazebo_worlds/environment/path.dsv
[1.111s] -- Symlinking: /home/ubuntu/psd_ws/install/psd_gazebo_worlds/share/psd_gazebo_worlds/local_setup.bash
[1.118s] -- Symlinking: /home/ubuntu/psd_ws/install/psd_gazebo_worlds/share/psd_gazebo_worlds/local_setup.sh
[1.125s] -- Symlinking: /home/ubuntu/psd_ws/install/psd_gazebo_worlds/share/psd_gazebo_worlds/local_setup.zsh
[1.133s] -- Symlinking: /home/ubuntu/psd_ws/install/psd_gazebo_worlds/share/psd_gazebo_worlds/local_setup.dsv
[1.139s] -- Symlinking: /home/ubuntu/psd_ws/install/psd_gazebo_worlds/share/psd_gazebo_worlds/package.dsv
[1.147s] -- Symlinking: /home/ubuntu/psd_ws/install/psd_gazebo_worlds/share/ament_index/resource_index/packages/psd_gazebo_worlds
[1.153s] -- Symlinking: /home/ubuntu/psd_ws/install/psd_gazebo_worlds/share/psd_gazebo_worlds/cmake/psd_gazebo_worldsConfig.cmake
[1.159s] -- Symlinking: /home/ubuntu/psd_ws/install/psd_gazebo_worlds/share/psd_gazebo_worlds/cmake/psd_gazebo_worldsConfig-version.cmake
[1.165s] -- Symlinking: /home/ubuntu/psd_ws/install/psd_gazebo_worlds/share/psd_gazebo_worlds/package.xml
[1.173s] Invoked command in '/home/ubuntu/psd_ws/build/psd_gazebo_worlds' returned '0': CMAKE_PREFIX_PATH=${CMAKE_PREFIX_PATH}:/opt/ros/jazzy /usr/bin/cmake --install /home/ubuntu/psd_ws/build/psd_gazebo_worlds
