[0.051s] Invoking command in '/home/psd/psd_ws/build/control_msgs': CMAKE_PREFIX_PATH=${CMAKE_PREFIX_PATH}:/home/psd/psd_ws/install/rqt_joint_trajectory_controller:/home/psd/psd_ws/install/rqt_controller_manager:/home/psd/psd_ws/install/ros2controlcli:/home/psd/psd_ws/install/ros2_controllers_test_nodes:/opt/ros/humble /usr/bin/cmake --build /home/psd/psd_ws/build/control_msgs -- -j20 -l20
[0.238s] [  0%] Built target control_msgs__cpp
[0.238s] [ 12%] Built target control_msgs__rosidl_generator_c
[0.238s] [ 12%] Built target ament_cmake_python_copy_control_msgs
[0.238s] [ 24%] Built target control_msgs__rosidl_typesupport_introspection_cpp
[0.238s] [ 36%] Built target control_msgs__rosidl_typesupport_fastrtps_cpp
[0.238s] [ 48%] Built target control_msgs__rosidl_typesupport_cpp
[0.238s] [ 60%] Built target control_msgs__rosidl_typesupport_fastrtps_c
[0.239s] [ 72%] Built target control_msgs__rosidl_typesupport_introspection_c
[0.239s] [ 84%] Built target control_msgs__rosidl_typesupport_c
[0.239s] [ 84%] Built target control_msgs
[0.239s] [ 85%] Built target control_msgs__py
[0.244s] [ 96%] Built target control_msgs__rosidl_generator_py
[0.283s] [ 98%] Built target control_msgs__rosidl_typesupport_introspection_c__pyext
[0.287s] [ 99%] Built target control_msgs__rosidl_typesupport_c__pyext
[0.288s] [100%] Built target control_msgs__rosidl_typesupport_fastrtps_c__pyext
[0.338s] running egg_info
[0.338s] writing control_msgs.egg-info/PKG-INFO
[0.338s] writing dependency_links to control_msgs.egg-info/dependency_links.txt
[0.339s] writing top-level names to control_msgs.egg-info/top_level.txt
[0.340s] reading manifest file 'control_msgs.egg-info/SOURCES.txt'
[0.342s] writing manifest file 'control_msgs.egg-info/SOURCES.txt'
[0.375s] [100%] Built target ament_cmake_python_build_control_msgs_egg
[0.414s] Invoked command in '/home/psd/psd_ws/build/control_msgs' returned '0': CMAKE_PREFIX_PATH=${CMAKE_PREFIX_PATH}:/home/psd/psd_ws/install/rqt_joint_trajectory_controller:/home/psd/psd_ws/install/rqt_controller_manager:/home/psd/psd_ws/install/ros2controlcli:/home/psd/psd_ws/install/ros2_controllers_test_nodes:/opt/ros/humble /usr/bin/cmake --build /home/psd/psd_ws/build/control_msgs -- -j20 -l20
[0.974s] Invoking command in '/home/psd/psd_ws/build/control_msgs': CMAKE_PREFIX_PATH=${CMAKE_PREFIX_PATH}:/home/psd/psd_ws/install/rqt_joint_trajectory_controller:/home/psd/psd_ws/install/rqt_controller_manager:/home/psd/psd_ws/install/ros2controlcli:/home/psd/psd_ws/install/ros2_controllers_test_nodes:/opt/ros/humble /usr/bin/cmake --install /home/psd/psd_ws/build/control_msgs
[0.981s] -- Install configuration: ""
[0.982s] -- Up-to-date: /home/psd/psd_ws/install/control_msgs/share/ament_index/resource_index/rosidl_interfaces/control_msgs
[0.982s] -- Up-to-date: /home/psd/psd_ws/install/control_msgs/include/control_msgs/control_msgs
[0.982s] -- Up-to-date: /home/psd/psd_ws/install/control_msgs/include/control_msgs/control_msgs/action
[0.982s] -- Up-to-date: /home/psd/psd_ws/install/control_msgs/include/control_msgs/control_msgs/action/point_head.h
[0.982s] -- Up-to-date: /home/psd/psd_ws/install/control_msgs/include/control_msgs/control_msgs/action/follow_joint_trajectory.h
[0.982s] -- Up-to-date: /home/psd/psd_ws/install/control_msgs/include/control_msgs/control_msgs/action/detail
[0.982s] -- Up-to-date: /home/psd/psd_ws/install/control_msgs/include/control_msgs/control_msgs/action/detail/joint_trajectory__type_support.h
[0.982s] -- Up-to-date: /home/psd/psd_ws/install/control_msgs/include/control_msgs/control_msgs/action/detail/point_head__type_support.h
[0.982s] -- Up-to-date: /home/psd/psd_ws/install/control_msgs/include/control_msgs/control_msgs/action/detail/point_head__functions.c
[0.982s] -- Up-to-date: /home/psd/psd_ws/install/control_msgs/include/control_msgs/control_msgs/action/detail/point_head__struct.h
[0.982s] -- Up-to-date: /home/psd/psd_ws/install/control_msgs/include/control_msgs/control_msgs/action/detail/follow_joint_trajectory__struct.h
[0.982s] -- Up-to-date: /home/psd/psd_ws/install/control_msgs/include/control_msgs/control_msgs/action/detail/joint_trajectory__functions.h
[0.982s] -- Up-to-date: /home/psd/psd_ws/install/control_msgs/include/control_msgs/control_msgs/action/detail/joint_trajectory__struct.h
[0.982s] -- Up-to-date: /home/psd/psd_ws/install/control_msgs/include/control_msgs/control_msgs/action/detail/single_joint_position__struct.h
[0.982s] -- Up-to-date: /home/psd/psd_ws/install/control_msgs/include/control_msgs/control_msgs/action/detail/single_joint_position__functions.c
[0.982s] -- Up-to-date: /home/psd/psd_ws/install/control_msgs/include/control_msgs/control_msgs/action/detail/gripper_command__functions.h
[0.982s] -- Up-to-date: /home/psd/psd_ws/install/control_msgs/include/control_msgs/control_msgs/action/detail/gripper_command__functions.c
[0.982s] -- Up-to-date: /home/psd/psd_ws/install/control_msgs/include/control_msgs/control_msgs/action/detail/gripper_command__type_support.h
[0.982s] -- Up-to-date: /home/psd/psd_ws/install/control_msgs/include/control_msgs/control_msgs/action/detail/follow_joint_trajectory__functions.c
[0.982s] -- Up-to-date: /home/psd/psd_ws/install/control_msgs/include/control_msgs/control_msgs/action/detail/follow_joint_trajectory__functions.h
[0.982s] -- Up-to-date: /home/psd/psd_ws/install/control_msgs/include/control_msgs/control_msgs/action/detail/point_head__functions.h
[0.982s] -- Up-to-date: /home/psd/psd_ws/install/control_msgs/include/control_msgs/control_msgs/action/detail/single_joint_position__type_support.h
[0.982s] -- Up-to-date: /home/psd/psd_ws/install/control_msgs/include/control_msgs/control_msgs/action/detail/follow_joint_trajectory__type_support.h
[0.982s] -- Up-to-date: /home/psd/psd_ws/install/control_msgs/include/control_msgs/control_msgs/action/detail/gripper_command__struct.h
[0.982s] -- Up-to-date: /home/psd/psd_ws/install/control_msgs/include/control_msgs/control_msgs/action/detail/single_joint_position__functions.h
[0.983s] -- Up-to-date: /home/psd/psd_ws/install/control_msgs/include/control_msgs/control_msgs/action/detail/joint_trajectory__functions.c
[0.983s] -- Up-to-date: /home/psd/psd_ws/install/control_msgs/include/control_msgs/control_msgs/action/single_joint_position.h
[0.983s] -- Up-to-date: /home/psd/psd_ws/install/control_msgs/include/control_msgs/control_msgs/action/gripper_command.h
[0.983s] -- Up-to-date: /home/psd/psd_ws/install/control_msgs/include/control_msgs/control_msgs/action/joint_trajectory.h
[0.983s] -- Up-to-date: /home/psd/psd_ws/install/control_msgs/include/control_msgs/control_msgs/srv
[0.983s] -- Up-to-date: /home/psd/psd_ws/install/control_msgs/include/control_msgs/control_msgs/srv/query_trajectory_state.h
[0.983s] -- Up-to-date: /home/psd/psd_ws/install/control_msgs/include/control_msgs/control_msgs/srv/detail
[0.983s] -- Up-to-date: /home/psd/psd_ws/install/control_msgs/include/control_msgs/control_msgs/srv/detail/query_trajectory_state__functions.c
[0.983s] -- Up-to-date: /home/psd/psd_ws/install/control_msgs/include/control_msgs/control_msgs/srv/detail/query_calibration_state__struct.h
[0.983s] -- Up-to-date: /home/psd/psd_ws/install/control_msgs/include/control_msgs/control_msgs/srv/detail/query_calibration_state__functions.c
[0.983s] -- Up-to-date: /home/psd/psd_ws/install/control_msgs/include/control_msgs/control_msgs/srv/detail/query_trajectory_state__struct.h
[0.983s] -- Up-to-date: /home/psd/psd_ws/install/control_msgs/include/control_msgs/control_msgs/srv/detail/query_trajectory_state__functions.h
[0.983s] -- Up-to-date: /home/psd/psd_ws/install/control_msgs/include/control_msgs/control_msgs/srv/detail/query_calibration_state__functions.h
[0.983s] -- Up-to-date: /home/psd/psd_ws/install/control_msgs/include/control_msgs/control_msgs/srv/detail/query_calibration_state__type_support.h
[0.983s] -- Up-to-date: /home/psd/psd_ws/install/control_msgs/include/control_msgs/control_msgs/srv/detail/query_trajectory_state__type_support.h
[0.983s] -- Up-to-date: /home/psd/psd_ws/install/control_msgs/include/control_msgs/control_msgs/srv/query_calibration_state.h
[0.983s] -- Up-to-date: /home/psd/psd_ws/install/control_msgs/include/control_msgs/control_msgs/msg
[0.983s] -- Up-to-date: /home/psd/psd_ws/install/control_msgs/include/control_msgs/control_msgs/msg/joint_component_tolerance.h
[0.983s] -- Up-to-date: /home/psd/psd_ws/install/control_msgs/include/control_msgs/control_msgs/msg/joint_tolerance.h
[0.983s] -- Up-to-date: /home/psd/psd_ws/install/control_msgs/include/control_msgs/control_msgs/msg/interface_value.h
[0.983s] -- Up-to-date: /home/psd/psd_ws/install/control_msgs/include/control_msgs/control_msgs/msg/pid_state.h
[0.983s] -- Up-to-date: /home/psd/psd_ws/install/control_msgs/include/control_msgs/control_msgs/msg/joint_controller_state.h
[0.983s] -- Up-to-date: /home/psd/psd_ws/install/control_msgs/include/control_msgs/control_msgs/msg/detail
[0.983s] -- Up-to-date: /home/psd/psd_ws/install/control_msgs/include/control_msgs/control_msgs/msg/detail/dynamic_joint_state__functions.h
[0.983s] -- Up-to-date: /home/psd/psd_ws/install/control_msgs/include/control_msgs/control_msgs/msg/detail/joint_tolerance__functions.h
[0.983s] -- Up-to-date: /home/psd/psd_ws/install/control_msgs/include/control_msgs/control_msgs/msg/detail/joint_jog__struct.h
[0.983s] -- Up-to-date: /home/psd/psd_ws/install/control_msgs/include/control_msgs/control_msgs/msg/detail/interface_value__struct.h
[0.983s] -- Up-to-date: /home/psd/psd_ws/install/control_msgs/include/control_msgs/control_msgs/msg/detail/interface_value__type_support.h
[0.983s] -- Up-to-date: /home/psd/psd_ws/install/control_msgs/include/control_msgs/control_msgs/msg/detail/joint_component_tolerance__functions.c
[0.983s] -- Up-to-date: /home/psd/psd_ws/install/control_msgs/include/control_msgs/control_msgs/msg/detail/interface_value__functions.c
[0.983s] -- Up-to-date: /home/psd/psd_ws/install/control_msgs/include/control_msgs/control_msgs/msg/detail/joint_controller_state__struct.h
[0.984s] -- Up-to-date: /home/psd/psd_ws/install/control_msgs/include/control_msgs/control_msgs/msg/detail/steering_controller_status__functions.c
[0.984s] -- Up-to-date: /home/psd/psd_ws/install/control_msgs/include/control_msgs/control_msgs/msg/detail/steering_controller_status__type_support.h
[0.984s] -- Up-to-date: /home/psd/psd_ws/install/control_msgs/include/control_msgs/control_msgs/msg/detail/pid_state__functions.h
[0.984s] -- Up-to-date: /home/psd/psd_ws/install/control_msgs/include/control_msgs/control_msgs/msg/detail/admittance_controller_state__functions.h
[0.984s] -- Up-to-date: /home/psd/psd_ws/install/control_msgs/include/control_msgs/control_msgs/msg/detail/joint_component_tolerance__functions.h
[0.984s] -- Up-to-date: /home/psd/psd_ws/install/control_msgs/include/control_msgs/control_msgs/msg/detail/joint_component_tolerance__type_support.h
[0.984s] -- Up-to-date: /home/psd/psd_ws/install/control_msgs/include/control_msgs/control_msgs/msg/detail/pid_state__functions.c
[0.984s] -- Up-to-date: /home/psd/psd_ws/install/control_msgs/include/control_msgs/control_msgs/msg/detail/joint_trajectory_controller_state__functions.h
[0.984s] -- Up-to-date: /home/psd/psd_ws/install/control_msgs/include/control_msgs/control_msgs/msg/detail/admittance_controller_state__struct.h
[0.984s] -- Up-to-date: /home/psd/psd_ws/install/control_msgs/include/control_msgs/control_msgs/msg/detail/joint_tolerance__type_support.h
[0.984s] -- Up-to-date: /home/psd/psd_ws/install/control_msgs/include/control_msgs/control_msgs/msg/detail/mecanum_drive_controller_state__type_support.h
[0.984s] -- Up-to-date: /home/psd/psd_ws/install/control_msgs/include/control_msgs/control_msgs/msg/detail/joint_trajectory_controller_state__functions.c
[0.984s] -- Up-to-date: /home/psd/psd_ws/install/control_msgs/include/control_msgs/control_msgs/msg/detail/joint_jog__functions.h
[0.984s] -- Up-to-date: /home/psd/psd_ws/install/control_msgs/include/control_msgs/control_msgs/msg/detail/joint_trajectory_controller_state__struct.h
[0.984s] -- Up-to-date: /home/psd/psd_ws/install/control_msgs/include/control_msgs/control_msgs/msg/detail/pid_state__type_support.h
[0.984s] -- Up-to-date: /home/psd/psd_ws/install/control_msgs/include/control_msgs/control_msgs/msg/detail/joint_tolerance__functions.c
[0.984s] -- Up-to-date: /home/psd/psd_ws/install/control_msgs/include/control_msgs/control_msgs/msg/detail/interface_value__functions.h
[0.985s] -- Up-to-date: /home/psd/psd_ws/install/control_msgs/include/control_msgs/control_msgs/msg/detail/admittance_controller_state__functions.c
[0.985s] -- Up-to-date: /home/psd/psd_ws/install/control_msgs/include/control_msgs/control_msgs/msg/detail/gripper_command__functions.h
[0.985s] -- Up-to-date: /home/psd/psd_ws/install/control_msgs/include/control_msgs/control_msgs/msg/detail/gripper_command__functions.c
[0.985s] -- Up-to-date: /home/psd/psd_ws/install/control_msgs/include/control_msgs/control_msgs/msg/detail/gripper_command__type_support.h
[0.985s] -- Up-to-date: /home/psd/psd_ws/install/control_msgs/include/control_msgs/control_msgs/msg/detail/joint_controller_state__type_support.h
[0.985s] -- Up-to-date: /home/psd/psd_ws/install/control_msgs/include/control_msgs/control_msgs/msg/detail/joint_trajectory_controller_state__type_support.h
[0.985s] -- Up-to-date: /home/psd/psd_ws/install/control_msgs/include/control_msgs/control_msgs/msg/detail/steering_controller_status__functions.h
[0.985s] -- Up-to-date: /home/psd/psd_ws/install/control_msgs/include/control_msgs/control_msgs/msg/detail/joint_controller_state__functions.h
[0.985s] -- Up-to-date: /home/psd/psd_ws/install/control_msgs/include/control_msgs/control_msgs/msg/detail/joint_jog__functions.c
[0.985s] -- Up-to-date: /home/psd/psd_ws/install/control_msgs/include/control_msgs/control_msgs/msg/detail/mecanum_drive_controller_state__struct.h
[0.985s] -- Up-to-date: /home/psd/psd_ws/install/control_msgs/include/control_msgs/control_msgs/msg/detail/joint_component_tolerance__struct.h
[0.985s] -- Up-to-date: /home/psd/psd_ws/install/control_msgs/include/control_msgs/control_msgs/msg/detail/dynamic_joint_state__functions.c
[0.985s] -- Up-to-date: /home/psd/psd_ws/install/control_msgs/include/control_msgs/control_msgs/msg/detail/gripper_command__struct.h
[0.985s] -- Up-to-date: /home/psd/psd_ws/install/control_msgs/include/control_msgs/control_msgs/msg/detail/admittance_controller_state__type_support.h
[0.985s] -- Up-to-date: /home/psd/psd_ws/install/control_msgs/include/control_msgs/control_msgs/msg/detail/mecanum_drive_controller_state__functions.h
[0.985s] -- Up-to-date: /home/psd/psd_ws/install/control_msgs/include/control_msgs/control_msgs/msg/detail/steering_controller_status__struct.h
[0.985s] -- Up-to-date: /home/psd/psd_ws/install/control_msgs/include/control_msgs/control_msgs/msg/detail/joint_tolerance__struct.h
[0.985s] -- Up-to-date: /home/psd/psd_ws/install/control_msgs/include/control_msgs/control_msgs/msg/detail/pid_state__struct.h
[0.985s] -- Up-to-date: /home/psd/psd_ws/install/control_msgs/include/control_msgs/control_msgs/msg/detail/joint_controller_state__functions.c
[0.985s] -- Up-to-date: /home/psd/psd_ws/install/control_msgs/include/control_msgs/control_msgs/msg/detail/dynamic_joint_state__type_support.h
[0.985s] -- Up-to-date: /home/psd/psd_ws/install/control_msgs/include/control_msgs/control_msgs/msg/detail/mecanum_drive_controller_state__functions.c
[0.985s] -- Up-to-date: /home/psd/psd_ws/install/control_msgs/include/control_msgs/control_msgs/msg/detail/dynamic_joint_state__struct.h
[0.985s] -- Up-to-date: /home/psd/psd_ws/install/control_msgs/include/control_msgs/control_msgs/msg/detail/joint_jog__type_support.h
[0.985s] -- Up-to-date: /home/psd/psd_ws/install/control_msgs/include/control_msgs/control_msgs/msg/gripper_command.h
[0.985s] -- Up-to-date: /home/psd/psd_ws/install/control_msgs/include/control_msgs/control_msgs/msg/joint_jog.h
[0.985s] -- Up-to-date: /home/psd/psd_ws/install/control_msgs/include/control_msgs/control_msgs/msg/rosidl_generator_c__visibility_control.h
[0.985s] -- Up-to-date: /home/psd/psd_ws/install/control_msgs/include/control_msgs/control_msgs/msg/admittance_controller_state.h
[0.985s] -- Up-to-date: /home/psd/psd_ws/install/control_msgs/include/control_msgs/control_msgs/msg/steering_controller_status.h
[0.985s] -- Up-to-date: /home/psd/psd_ws/install/control_msgs/include/control_msgs/control_msgs/msg/dynamic_joint_state.h
[0.985s] -- Up-to-date: /home/psd/psd_ws/install/control_msgs/include/control_msgs/control_msgs/msg/joint_trajectory_controller_state.h
[0.985s] -- Up-to-date: /home/psd/psd_ws/install/control_msgs/include/control_msgs/control_msgs/msg/mecanum_drive_controller_state.h
[0.985s] -- Up-to-date: /home/psd/psd_ws/install/control_msgs/share/control_msgs/environment/library_path.sh
[0.986s] -- Up-to-date: /home/psd/psd_ws/install/control_msgs/share/control_msgs/environment/library_path.dsv
[0.986s] -- Up-to-date: /home/psd/psd_ws/install/control_msgs/lib/libcontrol_msgs__rosidl_generator_c.so
[0.986s] -- Up-to-date: /home/psd/psd_ws/install/control_msgs/include/control_msgs/control_msgs
[0.986s] -- Up-to-date: /home/psd/psd_ws/install/control_msgs/include/control_msgs/control_msgs/action
[0.986s] -- Up-to-date: /home/psd/psd_ws/install/control_msgs/include/control_msgs/control_msgs/action/detail
[0.986s] -- Up-to-date: /home/psd/psd_ws/install/control_msgs/include/control_msgs/control_msgs/action/detail/joint_trajectory__rosidl_typesupport_fastrtps_c.h
[0.986s] -- Up-to-date: /home/psd/psd_ws/install/control_msgs/include/control_msgs/control_msgs/action/detail/point_head__rosidl_typesupport_fastrtps_c.h
[0.986s] -- Up-to-date: /home/psd/psd_ws/install/control_msgs/include/control_msgs/control_msgs/action/detail/follow_joint_trajectory__rosidl_typesupport_fastrtps_c.h
[0.986s] -- Up-to-date: /home/psd/psd_ws/install/control_msgs/include/control_msgs/control_msgs/action/detail/gripper_command__rosidl_typesupport_fastrtps_c.h
[0.986s] -- Up-to-date: /home/psd/psd_ws/install/control_msgs/include/control_msgs/control_msgs/action/detail/single_joint_position__rosidl_typesupport_fastrtps_c.h
[0.986s] -- Up-to-date: /home/psd/psd_ws/install/control_msgs/include/control_msgs/control_msgs/srv
[0.986s] -- Up-to-date: /home/psd/psd_ws/install/control_msgs/include/control_msgs/control_msgs/srv/detail
[0.986s] -- Up-to-date: /home/psd/psd_ws/install/control_msgs/include/control_msgs/control_msgs/srv/detail/query_trajectory_state__rosidl_typesupport_fastrtps_c.h
[0.986s] -- Up-to-date: /home/psd/psd_ws/install/control_msgs/include/control_msgs/control_msgs/srv/detail/query_calibration_state__rosidl_typesupport_fastrtps_c.h
[0.986s] -- Up-to-date: /home/psd/psd_ws/install/control_msgs/include/control_msgs/control_msgs/msg
[0.986s] -- Up-to-date: /home/psd/psd_ws/install/control_msgs/include/control_msgs/control_msgs/msg/rosidl_typesupport_fastrtps_c__visibility_control.h
[0.986s] -- Up-to-date: /home/psd/psd_ws/install/control_msgs/include/control_msgs/control_msgs/msg/detail
[0.986s] -- Up-to-date: /home/psd/psd_ws/install/control_msgs/include/control_msgs/control_msgs/msg/detail/joint_tolerance__rosidl_typesupport_fastrtps_c.h
[0.986s] -- Up-to-date: /home/psd/psd_ws/install/control_msgs/include/control_msgs/control_msgs/msg/detail/pid_state__rosidl_typesupport_fastrtps_c.h
[0.986s] -- Up-to-date: /home/psd/psd_ws/install/control_msgs/include/control_msgs/control_msgs/msg/detail/steering_controller_status__rosidl_typesupport_fastrtps_c.h
[0.986s] -- Up-to-date: /home/psd/psd_ws/install/control_msgs/include/control_msgs/control_msgs/msg/detail/joint_component_tolerance__rosidl_typesupport_fastrtps_c.h
[0.986s] -- Up-to-date: /home/psd/psd_ws/install/control_msgs/include/control_msgs/control_msgs/msg/detail/dynamic_joint_state__rosidl_typesupport_fastrtps_c.h
[0.986s] -- Up-to-date: /home/psd/psd_ws/install/control_msgs/include/control_msgs/control_msgs/msg/detail/joint_controller_state__rosidl_typesupport_fastrtps_c.h
[0.986s] -- Up-to-date: /home/psd/psd_ws/install/control_msgs/include/control_msgs/control_msgs/msg/detail/joint_trajectory_controller_state__rosidl_typesupport_fastrtps_c.h
[0.986s] -- Up-to-date: /home/psd/psd_ws/install/control_msgs/include/control_msgs/control_msgs/msg/detail/gripper_command__rosidl_typesupport_fastrtps_c.h
[0.986s] -- Up-to-date: /home/psd/psd_ws/install/control_msgs/include/control_msgs/control_msgs/msg/detail/joint_jog__rosidl_typesupport_fastrtps_c.h
[0.986s] -- Up-to-date: /home/psd/psd_ws/install/control_msgs/include/control_msgs/control_msgs/msg/detail/interface_value__rosidl_typesupport_fastrtps_c.h
[0.986s] -- Up-to-date: /home/psd/psd_ws/install/control_msgs/include/control_msgs/control_msgs/msg/detail/admittance_controller_state__rosidl_typesupport_fastrtps_c.h
[0.986s] -- Up-to-date: /home/psd/psd_ws/install/control_msgs/include/control_msgs/control_msgs/msg/detail/mecanum_drive_controller_state__rosidl_typesupport_fastrtps_c.h
[0.986s] -- Up-to-date: /home/psd/psd_ws/install/control_msgs/lib/libcontrol_msgs__rosidl_typesupport_fastrtps_c.so
[0.986s] -- Up-to-date: /home/psd/psd_ws/install/control_msgs/include/control_msgs/control_msgs
[0.986s] -- Up-to-date: /home/psd/psd_ws/install/control_msgs/include/control_msgs/control_msgs/action
[0.987s] -- Up-to-date: /home/psd/psd_ws/install/control_msgs/include/control_msgs/control_msgs/action/detail
[0.987s] -- Up-to-date: /home/psd/psd_ws/install/control_msgs/include/control_msgs/control_msgs/action/detail/point_head__traits.hpp
[0.987s] -- Up-to-date: /home/psd/psd_ws/install/control_msgs/include/control_msgs/control_msgs/action/detail/joint_trajectory__traits.hpp
[0.987s] -- Up-to-date: /home/psd/psd_ws/install/control_msgs/include/control_msgs/control_msgs/action/detail/gripper_command__struct.hpp
[0.987s] -- Up-to-date: /home/psd/psd_ws/install/control_msgs/include/control_msgs/control_msgs/action/detail/single_joint_position__struct.hpp
[0.987s] -- Up-to-date: /home/psd/psd_ws/install/control_msgs/include/control_msgs/control_msgs/action/detail/gripper_command__traits.hpp
[0.987s] -- Up-to-date: /home/psd/psd_ws/install/control_msgs/include/control_msgs/control_msgs/action/detail/single_joint_position__builder.hpp
[0.987s] -- Up-to-date: /home/psd/psd_ws/install/control_msgs/include/control_msgs/control_msgs/action/detail/single_joint_position__traits.hpp
[0.987s] -- Up-to-date: /home/psd/psd_ws/install/control_msgs/include/control_msgs/control_msgs/action/detail/follow_joint_trajectory__traits.hpp
[0.987s] -- Up-to-date: /home/psd/psd_ws/install/control_msgs/include/control_msgs/control_msgs/action/detail/follow_joint_trajectory__builder.hpp
[0.987s] -- Up-to-date: /home/psd/psd_ws/install/control_msgs/include/control_msgs/control_msgs/action/detail/point_head__struct.hpp
[0.987s] -- Up-to-date: /home/psd/psd_ws/install/control_msgs/include/control_msgs/control_msgs/action/detail/point_head__builder.hpp
[0.987s] -- Up-to-date: /home/psd/psd_ws/install/control_msgs/include/control_msgs/control_msgs/action/detail/joint_trajectory__struct.hpp
[0.987s] -- Up-to-date: /home/psd/psd_ws/install/control_msgs/include/control_msgs/control_msgs/action/detail/follow_joint_trajectory__struct.hpp
[0.987s] -- Up-to-date: /home/psd/psd_ws/install/control_msgs/include/control_msgs/control_msgs/action/detail/joint_trajectory__builder.hpp
[0.987s] -- Up-to-date: /home/psd/psd_ws/install/control_msgs/include/control_msgs/control_msgs/action/detail/gripper_command__builder.hpp
[0.987s] -- Up-to-date: /home/psd/psd_ws/install/control_msgs/include/control_msgs/control_msgs/action/single_joint_position.hpp
[0.987s] -- Up-to-date: /home/psd/psd_ws/install/control_msgs/include/control_msgs/control_msgs/action/gripper_command.hpp
[0.987s] -- Up-to-date: /home/psd/psd_ws/install/control_msgs/include/control_msgs/control_msgs/action/point_head.hpp
[0.987s] -- Up-to-date: /home/psd/psd_ws/install/control_msgs/include/control_msgs/control_msgs/action/follow_joint_trajectory.hpp
[0.987s] -- Up-to-date: /home/psd/psd_ws/install/control_msgs/include/control_msgs/control_msgs/action/joint_trajectory.hpp
[0.987s] -- Up-to-date: /home/psd/psd_ws/install/control_msgs/include/control_msgs/control_msgs/srv
[0.987s] -- Up-to-date: /home/psd/psd_ws/install/control_msgs/include/control_msgs/control_msgs/srv/detail
[0.987s] -- Up-to-date: /home/psd/psd_ws/install/control_msgs/include/control_msgs/control_msgs/srv/detail/query_trajectory_state__builder.hpp
[0.987s] -- Up-to-date: /home/psd/psd_ws/install/control_msgs/include/control_msgs/control_msgs/srv/detail/query_calibration_state__struct.hpp
[0.987s] -- Up-to-date: /home/psd/psd_ws/install/control_msgs/include/control_msgs/control_msgs/srv/detail/query_trajectory_state__traits.hpp
[0.987s] -- Up-to-date: /home/psd/psd_ws/install/control_msgs/include/control_msgs/control_msgs/srv/detail/query_trajectory_state__struct.hpp
[0.987s] -- Up-to-date: /home/psd/psd_ws/install/control_msgs/include/control_msgs/control_msgs/srv/detail/query_calibration_state__builder.hpp
[0.987s] -- Up-to-date: /home/psd/psd_ws/install/control_msgs/include/control_msgs/control_msgs/srv/detail/query_calibration_state__traits.hpp
[0.987s] -- Up-to-date: /home/psd/psd_ws/install/control_msgs/include/control_msgs/control_msgs/srv/query_trajectory_state.hpp
[0.987s] -- Up-to-date: /home/psd/psd_ws/install/control_msgs/include/control_msgs/control_msgs/srv/query_calibration_state.hpp
[0.987s] -- Up-to-date: /home/psd/psd_ws/install/control_msgs/include/control_msgs/control_msgs/msg
[0.987s] -- Up-to-date: /home/psd/psd_ws/install/control_msgs/include/control_msgs/control_msgs/msg/joint_controller_state.hpp
[0.987s] -- Up-to-date: /home/psd/psd_ws/install/control_msgs/include/control_msgs/control_msgs/msg/joint_tolerance.hpp
[0.988s] -- Up-to-date: /home/psd/psd_ws/install/control_msgs/include/control_msgs/control_msgs/msg/detail
[0.988s] -- Up-to-date: /home/psd/psd_ws/install/control_msgs/include/control_msgs/control_msgs/msg/detail/admittance_controller_state__traits.hpp
[0.988s] -- Up-to-date: /home/psd/psd_ws/install/control_msgs/include/control_msgs/control_msgs/msg/detail/joint_component_tolerance__struct.hpp
[0.988s] -- Up-to-date: /home/psd/psd_ws/install/control_msgs/include/control_msgs/control_msgs/msg/detail/joint_jog__builder.hpp
[0.988s] -- Up-to-date: /home/psd/psd_ws/install/control_msgs/include/control_msgs/control_msgs/msg/detail/steering_controller_status__struct.hpp
[0.988s] -- Up-to-date: /home/psd/psd_ws/install/control_msgs/include/control_msgs/control_msgs/msg/detail/admittance_controller_state__builder.hpp
[0.988s] -- Up-to-date: /home/psd/psd_ws/install/control_msgs/include/control_msgs/control_msgs/msg/detail/joint_jog__struct.hpp
[0.988s] -- Up-to-date: /home/psd/psd_ws/install/control_msgs/include/control_msgs/control_msgs/msg/detail/steering_controller_status__traits.hpp
[0.988s] -- Up-to-date: /home/psd/psd_ws/install/control_msgs/include/control_msgs/control_msgs/msg/detail/joint_component_tolerance__builder.hpp
[0.988s] -- Up-to-date: /home/psd/psd_ws/install/control_msgs/include/control_msgs/control_msgs/msg/detail/pid_state__builder.hpp
[0.988s] -- Up-to-date: /home/psd/psd_ws/install/control_msgs/include/control_msgs/control_msgs/msg/detail/interface_value__traits.hpp
[0.988s] -- Up-to-date: /home/psd/psd_ws/install/control_msgs/include/control_msgs/control_msgs/msg/detail/admittance_controller_state__struct.hpp
[0.988s] -- Up-to-date: /home/psd/psd_ws/install/control_msgs/include/control_msgs/control_msgs/msg/detail/joint_trajectory_controller_state__struct.hpp
[0.988s] -- Up-to-date: /home/psd/psd_ws/install/control_msgs/include/control_msgs/control_msgs/msg/detail/steering_controller_status__builder.hpp
[0.988s] -- Up-to-date: /home/psd/psd_ws/install/control_msgs/include/control_msgs/control_msgs/msg/detail/joint_tolerance__builder.hpp
[0.988s] -- Up-to-date: /home/psd/psd_ws/install/control_msgs/include/control_msgs/control_msgs/msg/detail/pid_state__traits.hpp
[0.988s] -- Up-to-date: /home/psd/psd_ws/install/control_msgs/include/control_msgs/control_msgs/msg/detail/gripper_command__struct.hpp
[0.988s] -- Up-to-date: /home/psd/psd_ws/install/control_msgs/include/control_msgs/control_msgs/msg/detail/gripper_command__traits.hpp
[0.988s] -- Up-to-date: /home/psd/psd_ws/install/control_msgs/include/control_msgs/control_msgs/msg/detail/pid_state__struct.hpp
[0.988s] -- Up-to-date: /home/psd/psd_ws/install/control_msgs/include/control_msgs/control_msgs/msg/detail/joint_trajectory_controller_state__builder.hpp
[0.988s] -- Up-to-date: /home/psd/psd_ws/install/control_msgs/include/control_msgs/control_msgs/msg/detail/dynamic_joint_state__builder.hpp
[0.988s] -- Up-to-date: /home/psd/psd_ws/install/control_msgs/include/control_msgs/control_msgs/msg/detail/mecanum_drive_controller_state__struct.hpp
[0.988s] -- Up-to-date: /home/psd/psd_ws/install/control_msgs/include/control_msgs/control_msgs/msg/detail/joint_trajectory_controller_state__traits.hpp
[0.988s] -- Up-to-date: /home/psd/psd_ws/install/control_msgs/include/control_msgs/control_msgs/msg/detail/mecanum_drive_controller_state__traits.hpp
[0.988s] -- Up-to-date: /home/psd/psd_ws/install/control_msgs/include/control_msgs/control_msgs/msg/detail/interface_value__builder.hpp
[0.988s] -- Up-to-date: /home/psd/psd_ws/install/control_msgs/include/control_msgs/control_msgs/msg/detail/joint_controller_state__struct.hpp
[0.988s] -- Up-to-date: /home/psd/psd_ws/install/control_msgs/include/control_msgs/control_msgs/msg/detail/joint_component_tolerance__traits.hpp
[0.988s] -- Up-to-date: /home/psd/psd_ws/install/control_msgs/include/control_msgs/control_msgs/msg/detail/joint_controller_state__builder.hpp
[0.988s] -- Up-to-date: /home/psd/psd_ws/install/control_msgs/include/control_msgs/control_msgs/msg/detail/joint_tolerance__struct.hpp
[0.988s] -- Up-to-date: /home/psd/psd_ws/install/control_msgs/include/control_msgs/control_msgs/msg/detail/dynamic_joint_state__traits.hpp
[0.988s] -- Up-to-date: /home/psd/psd_ws/install/control_msgs/include/control_msgs/control_msgs/msg/detail/interface_value__struct.hpp
[0.989s] -- Up-to-date: /home/psd/psd_ws/install/control_msgs/include/control_msgs/control_msgs/msg/detail/joint_controller_state__traits.hpp
[0.989s] -- Up-to-date: /home/psd/psd_ws/install/control_msgs/include/control_msgs/control_msgs/msg/detail/joint_tolerance__traits.hpp
[0.989s] -- Up-to-date: /home/psd/psd_ws/install/control_msgs/include/control_msgs/control_msgs/msg/detail/joint_jog__traits.hpp
[0.989s] -- Up-to-date: /home/psd/psd_ws/install/control_msgs/include/control_msgs/control_msgs/msg/detail/dynamic_joint_state__struct.hpp
[0.989s] -- Up-to-date: /home/psd/psd_ws/install/control_msgs/include/control_msgs/control_msgs/msg/detail/gripper_command__builder.hpp
[0.989s] -- Up-to-date: /home/psd/psd_ws/install/control_msgs/include/control_msgs/control_msgs/msg/detail/mecanum_drive_controller_state__builder.hpp
[0.989s] -- Up-to-date: /home/psd/psd_ws/install/control_msgs/include/control_msgs/control_msgs/msg/joint_trajectory_controller_state.hpp
[0.989s] -- Up-to-date: /home/psd/psd_ws/install/control_msgs/include/control_msgs/control_msgs/msg/gripper_command.hpp
[0.989s] -- Up-to-date: /home/psd/psd_ws/install/control_msgs/include/control_msgs/control_msgs/msg/joint_component_tolerance.hpp
[0.989s] -- Up-to-date: /home/psd/psd_ws/install/control_msgs/include/control_msgs/control_msgs/msg/joint_jog.hpp
[0.989s] -- Up-to-date: /home/psd/psd_ws/install/control_msgs/include/control_msgs/control_msgs/msg/pid_state.hpp
[0.989s] -- Up-to-date: /home/psd/psd_ws/install/control_msgs/include/control_msgs/control_msgs/msg/dynamic_joint_state.hpp
[0.989s] -- Up-to-date: /home/psd/psd_ws/install/control_msgs/include/control_msgs/control_msgs/msg/mecanum_drive_controller_state.hpp
[0.989s] -- Up-to-date: /home/psd/psd_ws/install/control_msgs/include/control_msgs/control_msgs/msg/steering_controller_status.hpp
[0.989s] -- Up-to-date: /home/psd/psd_ws/install/control_msgs/include/control_msgs/control_msgs/msg/admittance_controller_state.hpp
[0.989s] -- Up-to-date: /home/psd/psd_ws/install/control_msgs/include/control_msgs/control_msgs/msg/interface_value.hpp
[0.989s] -- Up-to-date: /home/psd/psd_ws/install/control_msgs/include/control_msgs/control_msgs
[0.989s] -- Up-to-date: /home/psd/psd_ws/install/control_msgs/include/control_msgs/control_msgs/action
[0.989s] -- Up-to-date: /home/psd/psd_ws/install/control_msgs/include/control_msgs/control_msgs/action/detail
[0.989s] -- Up-to-date: /home/psd/psd_ws/install/control_msgs/include/control_msgs/control_msgs/action/detail/gripper_command__rosidl_typesupport_fastrtps_cpp.hpp
[0.989s] -- Up-to-date: /home/psd/psd_ws/install/control_msgs/include/control_msgs/control_msgs/action/detail/dds_fastrtps
[0.989s] -- Up-to-date: /home/psd/psd_ws/install/control_msgs/include/control_msgs/control_msgs/action/detail/joint_trajectory__rosidl_typesupport_fastrtps_cpp.hpp
[0.989s] -- Up-to-date: /home/psd/psd_ws/install/control_msgs/include/control_msgs/control_msgs/action/detail/point_head__rosidl_typesupport_fastrtps_cpp.hpp
[0.989s] -- Up-to-date: /home/psd/psd_ws/install/control_msgs/include/control_msgs/control_msgs/action/detail/follow_joint_trajectory__rosidl_typesupport_fastrtps_cpp.hpp
[0.989s] -- Up-to-date: /home/psd/psd_ws/install/control_msgs/include/control_msgs/control_msgs/action/detail/single_joint_position__rosidl_typesupport_fastrtps_cpp.hpp
[0.989s] -- Up-to-date: /home/psd/psd_ws/install/control_msgs/include/control_msgs/control_msgs/srv
[0.989s] -- Up-to-date: /home/psd/psd_ws/install/control_msgs/include/control_msgs/control_msgs/srv/detail
[0.989s] -- Up-to-date: /home/psd/psd_ws/install/control_msgs/include/control_msgs/control_msgs/srv/detail/query_trajectory_state__rosidl_typesupport_fastrtps_cpp.hpp
[0.989s] -- Up-to-date: /home/psd/psd_ws/install/control_msgs/include/control_msgs/control_msgs/srv/detail/dds_fastrtps
[0.989s] -- Up-to-date: /home/psd/psd_ws/install/control_msgs/include/control_msgs/control_msgs/srv/detail/query_calibration_state__rosidl_typesupport_fastrtps_cpp.hpp
[0.989s] -- Up-to-date: /home/psd/psd_ws/install/control_msgs/include/control_msgs/control_msgs/msg
[0.989s] -- Up-to-date: /home/psd/psd_ws/install/control_msgs/include/control_msgs/control_msgs/msg/detail
[0.989s] -- Up-to-date: /home/psd/psd_ws/install/control_msgs/include/control_msgs/control_msgs/msg/detail/interface_value__rosidl_typesupport_fastrtps_cpp.hpp
[0.989s] -- Up-to-date: /home/psd/psd_ws/install/control_msgs/include/control_msgs/control_msgs/msg/detail/joint_component_tolerance__rosidl_typesupport_fastrtps_cpp.hpp
[0.989s] -- Up-to-date: /home/psd/psd_ws/install/control_msgs/include/control_msgs/control_msgs/msg/detail/joint_tolerance__rosidl_typesupport_fastrtps_cpp.hpp
[0.989s] -- Up-to-date: /home/psd/psd_ws/install/control_msgs/include/control_msgs/control_msgs/msg/detail/mecanum_drive_controller_state__rosidl_typesupport_fastrtps_cpp.hpp
[0.990s] -- Up-to-date: /home/psd/psd_ws/install/control_msgs/include/control_msgs/control_msgs/msg/detail/joint_jog__rosidl_typesupport_fastrtps_cpp.hpp
[0.990s] -- Up-to-date: /home/psd/psd_ws/install/control_msgs/include/control_msgs/control_msgs/msg/detail/gripper_command__rosidl_typesupport_fastrtps_cpp.hpp
[0.990s] -- Up-to-date: /home/psd/psd_ws/install/control_msgs/include/control_msgs/control_msgs/msg/detail/admittance_controller_state__rosidl_typesupport_fastrtps_cpp.hpp
[0.990s] -- Up-to-date: /home/psd/psd_ws/install/control_msgs/include/control_msgs/control_msgs/msg/detail/dds_fastrtps
[0.990s] -- Up-to-date: /home/psd/psd_ws/install/control_msgs/include/control_msgs/control_msgs/msg/detail/steering_controller_status__rosidl_typesupport_fastrtps_cpp.hpp
[0.990s] -- Up-to-date: /home/psd/psd_ws/install/control_msgs/include/control_msgs/control_msgs/msg/detail/joint_trajectory_controller_state__rosidl_typesupport_fastrtps_cpp.hpp
[0.990s] -- Up-to-date: /home/psd/psd_ws/install/control_msgs/include/control_msgs/control_msgs/msg/detail/dynamic_joint_state__rosidl_typesupport_fastrtps_cpp.hpp
[0.990s] -- Up-to-date: /home/psd/psd_ws/install/control_msgs/include/control_msgs/control_msgs/msg/detail/joint_controller_state__rosidl_typesupport_fastrtps_cpp.hpp
[0.990s] -- Up-to-date: /home/psd/psd_ws/install/control_msgs/include/control_msgs/control_msgs/msg/detail/pid_state__rosidl_typesupport_fastrtps_cpp.hpp
[0.990s] -- Up-to-date: /home/psd/psd_ws/install/control_msgs/include/control_msgs/control_msgs/msg/rosidl_typesupport_fastrtps_cpp__visibility_control.h
[0.990s] -- Up-to-date: /home/psd/psd_ws/install/control_msgs/lib/libcontrol_msgs__rosidl_typesupport_fastrtps_cpp.so
[0.990s] -- Up-to-date: /home/psd/psd_ws/install/control_msgs/include/control_msgs/control_msgs
[0.990s] -- Up-to-date: /home/psd/psd_ws/install/control_msgs/include/control_msgs/control_msgs/action
[0.990s] -- Up-to-date: /home/psd/psd_ws/install/control_msgs/include/control_msgs/control_msgs/action/detail
[0.990s] -- Up-to-date: /home/psd/psd_ws/install/control_msgs/include/control_msgs/control_msgs/action/detail/point_head__rosidl_typesupport_introspection_c.h
[0.990s] -- Up-to-date: /home/psd/psd_ws/install/control_msgs/include/control_msgs/control_msgs/action/detail/gripper_command__rosidl_typesupport_introspection_c.h
[0.990s] -- Up-to-date: /home/psd/psd_ws/install/control_msgs/include/control_msgs/control_msgs/action/detail/single_joint_position__type_support.c
[0.990s] -- Up-to-date: /home/psd/psd_ws/install/control_msgs/include/control_msgs/control_msgs/action/detail/joint_trajectory__rosidl_typesupport_introspection_c.h
[0.990s] -- Up-to-date: /home/psd/psd_ws/install/control_msgs/include/control_msgs/control_msgs/action/detail/follow_joint_trajectory__rosidl_typesupport_introspection_c.h
[0.990s] -- Up-to-date: /home/psd/psd_ws/install/control_msgs/include/control_msgs/control_msgs/action/detail/joint_trajectory__type_support.c
[0.990s] -- Up-to-date: /home/psd/psd_ws/install/control_msgs/include/control_msgs/control_msgs/action/detail/point_head__type_support.c
[0.990s] -- Up-to-date: /home/psd/psd_ws/install/control_msgs/include/control_msgs/control_msgs/action/detail/single_joint_position__rosidl_typesupport_introspection_c.h
[0.990s] -- Up-to-date: /home/psd/psd_ws/install/control_msgs/include/control_msgs/control_msgs/action/detail/follow_joint_trajectory__type_support.c
[0.990s] -- Up-to-date: /home/psd/psd_ws/install/control_msgs/include/control_msgs/control_msgs/action/detail/gripper_command__type_support.c
[0.990s] -- Up-to-date: /home/psd/psd_ws/install/control_msgs/include/control_msgs/control_msgs/srv
[0.990s] -- Up-to-date: /home/psd/psd_ws/install/control_msgs/include/control_msgs/control_msgs/srv/detail
[0.990s] -- Up-to-date: /home/psd/psd_ws/install/control_msgs/include/control_msgs/control_msgs/srv/detail/query_trajectory_state__rosidl_typesupport_introspection_c.h
[0.990s] -- Up-to-date: /home/psd/psd_ws/install/control_msgs/include/control_msgs/control_msgs/srv/detail/query_trajectory_state__type_support.c
[0.990s] -- Up-to-date: /home/psd/psd_ws/install/control_msgs/include/control_msgs/control_msgs/srv/detail/query_calibration_state__type_support.c
[0.990s] -- Up-to-date: /home/psd/psd_ws/install/control_msgs/include/control_msgs/control_msgs/srv/detail/query_calibration_state__rosidl_typesupport_introspection_c.h
[0.990s] -- Up-to-date: /home/psd/psd_ws/install/control_msgs/include/control_msgs/control_msgs/msg
[0.990s] -- Up-to-date: /home/psd/psd_ws/install/control_msgs/include/control_msgs/control_msgs/msg/detail
[0.990s] -- Up-to-date: /home/psd/psd_ws/install/control_msgs/include/control_msgs/control_msgs/msg/detail/joint_controller_state__type_support.c
[0.990s] -- Up-to-date: /home/psd/psd_ws/install/control_msgs/include/control_msgs/control_msgs/msg/detail/pid_state__type_support.c
[0.990s] -- Up-to-date: /home/psd/psd_ws/install/control_msgs/include/control_msgs/control_msgs/msg/detail/gripper_command__rosidl_typesupport_introspection_c.h
[0.990s] -- Up-to-date: /home/psd/psd_ws/install/control_msgs/include/control_msgs/control_msgs/msg/detail/interface_value__rosidl_typesupport_introspection_c.h
[0.990s] -- Up-to-date: /home/psd/psd_ws/install/control_msgs/include/control_msgs/control_msgs/msg/detail/interface_value__type_support.c
[0.990s] -- Up-to-date: /home/psd/psd_ws/install/control_msgs/include/control_msgs/control_msgs/msg/detail/admittance_controller_state__rosidl_typesupport_introspection_c.h
[0.990s] -- Up-to-date: /home/psd/psd_ws/install/control_msgs/include/control_msgs/control_msgs/msg/detail/pid_state__rosidl_typesupport_introspection_c.h
[0.990s] -- Up-to-date: /home/psd/psd_ws/install/control_msgs/include/control_msgs/control_msgs/msg/detail/dynamic_joint_state__type_support.c
[0.990s] -- Up-to-date: /home/psd/psd_ws/install/control_msgs/include/control_msgs/control_msgs/msg/detail/steering_controller_status__type_support.c
[0.991s] -- Up-to-date: /home/psd/psd_ws/install/control_msgs/include/control_msgs/control_msgs/msg/detail/admittance_controller_state__type_support.c
[0.991s] -- Up-to-date: /home/psd/psd_ws/install/control_msgs/include/control_msgs/control_msgs/msg/detail/joint_component_tolerance__type_support.c
[0.991s] -- Up-to-date: /home/psd/psd_ws/install/control_msgs/include/control_msgs/control_msgs/msg/detail/joint_tolerance__type_support.c
[0.991s] -- Up-to-date: /home/psd/psd_ws/install/control_msgs/include/control_msgs/control_msgs/msg/detail/joint_controller_state__rosidl_typesupport_introspection_c.h
[0.991s] -- Up-to-date: /home/psd/psd_ws/install/control_msgs/include/control_msgs/control_msgs/msg/detail/joint_jog__rosidl_typesupport_introspection_c.h
[0.991s] -- Up-to-date: /home/psd/psd_ws/install/control_msgs/include/control_msgs/control_msgs/msg/detail/joint_tolerance__rosidl_typesupport_introspection_c.h
[0.991s] -- Up-to-date: /home/psd/psd_ws/install/control_msgs/include/control_msgs/control_msgs/msg/detail/mecanum_drive_controller_state__type_support.c
[0.991s] -- Up-to-date: /home/psd/psd_ws/install/control_msgs/include/control_msgs/control_msgs/msg/detail/dynamic_joint_state__rosidl_typesupport_introspection_c.h
[0.991s] -- Up-to-date: /home/psd/psd_ws/install/control_msgs/include/control_msgs/control_msgs/msg/detail/joint_trajectory_controller_state__type_support.c
[0.991s] -- Up-to-date: /home/psd/psd_ws/install/control_msgs/include/control_msgs/control_msgs/msg/detail/steering_controller_status__rosidl_typesupport_introspection_c.h
[0.991s] -- Up-to-date: /home/psd/psd_ws/install/control_msgs/include/control_msgs/control_msgs/msg/detail/mecanum_drive_controller_state__rosidl_typesupport_introspection_c.h
[0.991s] -- Up-to-date: /home/psd/psd_ws/install/control_msgs/include/control_msgs/control_msgs/msg/detail/joint_trajectory_controller_state__rosidl_typesupport_introspection_c.h
[0.991s] -- Up-to-date: /home/psd/psd_ws/install/control_msgs/include/control_msgs/control_msgs/msg/detail/joint_component_tolerance__rosidl_typesupport_introspection_c.h
[0.991s] -- Up-to-date: /home/psd/psd_ws/install/control_msgs/include/control_msgs/control_msgs/msg/detail/joint_jog__type_support.c
[0.991s] -- Up-to-date: /home/psd/psd_ws/install/control_msgs/include/control_msgs/control_msgs/msg/detail/gripper_command__type_support.c
[0.991s] -- Up-to-date: /home/psd/psd_ws/install/control_msgs/include/control_msgs/control_msgs/msg/rosidl_typesupport_introspection_c__visibility_control.h
[0.991s] -- Up-to-date: /home/psd/psd_ws/install/control_msgs/lib/libcontrol_msgs__rosidl_typesupport_introspection_c.so
[0.991s] -- Up-to-date: /home/psd/psd_ws/install/control_msgs/lib/libcontrol_msgs__rosidl_typesupport_c.so
[0.991s] -- Up-to-date: /home/psd/psd_ws/install/control_msgs/include/control_msgs/control_msgs
[0.991s] -- Up-to-date: /home/psd/psd_ws/install/control_msgs/include/control_msgs/control_msgs/action
[0.991s] -- Up-to-date: /home/psd/psd_ws/install/control_msgs/include/control_msgs/control_msgs/action/detail
[0.991s] -- Up-to-date: /home/psd/psd_ws/install/control_msgs/include/control_msgs/control_msgs/action/detail/point_head__rosidl_typesupport_introspection_cpp.hpp
[0.991s] -- Up-to-date: /home/psd/psd_ws/install/control_msgs/include/control_msgs/control_msgs/action/detail/gripper_command__rosidl_typesupport_introspection_cpp.hpp
[0.991s] -- Up-to-date: /home/psd/psd_ws/install/control_msgs/include/control_msgs/control_msgs/action/detail/single_joint_position__type_support.cpp
[0.991s] -- Up-to-date: /home/psd/psd_ws/install/control_msgs/include/control_msgs/control_msgs/action/detail/single_joint_position__rosidl_typesupport_introspection_cpp.hpp
[0.991s] -- Up-to-date: /home/psd/psd_ws/install/control_msgs/include/control_msgs/control_msgs/action/detail/follow_joint_trajectory__rosidl_typesupport_introspection_cpp.hpp
[0.991s] -- Up-to-date: /home/psd/psd_ws/install/control_msgs/include/control_msgs/control_msgs/action/detail/point_head__type_support.cpp
[0.991s] -- Up-to-date: /home/psd/psd_ws/install/control_msgs/include/control_msgs/control_msgs/action/detail/gripper_command__type_support.cpp
[0.991s] -- Up-to-date: /home/psd/psd_ws/install/control_msgs/include/control_msgs/control_msgs/action/detail/joint_trajectory__type_support.cpp
[0.991s] -- Up-to-date: /home/psd/psd_ws/install/control_msgs/include/control_msgs/control_msgs/action/detail/follow_joint_trajectory__type_support.cpp
[0.991s] -- Up-to-date: /home/psd/psd_ws/install/control_msgs/include/control_msgs/control_msgs/action/detail/joint_trajectory__rosidl_typesupport_introspection_cpp.hpp
[0.991s] -- Up-to-date: /home/psd/psd_ws/install/control_msgs/include/control_msgs/control_msgs/srv
[0.991s] -- Up-to-date: /home/psd/psd_ws/install/control_msgs/include/control_msgs/control_msgs/srv/detail
[0.991s] -- Up-to-date: /home/psd/psd_ws/install/control_msgs/include/control_msgs/control_msgs/srv/detail/query_calibration_state__rosidl_typesupport_introspection_cpp.hpp
[0.991s] -- Up-to-date: /home/psd/psd_ws/install/control_msgs/include/control_msgs/control_msgs/srv/detail/query_trajectory_state__rosidl_typesupport_introspection_cpp.hpp
[0.991s] -- Up-to-date: /home/psd/psd_ws/install/control_msgs/include/control_msgs/control_msgs/srv/detail/query_calibration_state__type_support.cpp
[0.991s] -- Up-to-date: /home/psd/psd_ws/install/control_msgs/include/control_msgs/control_msgs/srv/detail/query_trajectory_state__type_support.cpp
[0.991s] -- Up-to-date: /home/psd/psd_ws/install/control_msgs/include/control_msgs/control_msgs/msg
[0.991s] -- Up-to-date: /home/psd/psd_ws/install/control_msgs/include/control_msgs/control_msgs/msg/detail
[0.992s] -- Up-to-date: /home/psd/psd_ws/install/control_msgs/include/control_msgs/control_msgs/msg/detail/joint_controller_state__type_support.cpp
[0.992s] -- Up-to-date: /home/psd/psd_ws/install/control_msgs/include/control_msgs/control_msgs/msg/detail/steering_controller_status__type_support.cpp
[0.992s] -- Up-to-date: /home/psd/psd_ws/install/control_msgs/include/control_msgs/control_msgs/msg/detail/mecanum_drive_controller_state__rosidl_typesupport_introspection_cpp.hpp
[0.992s] -- Up-to-date: /home/psd/psd_ws/install/control_msgs/include/control_msgs/control_msgs/msg/detail/joint_trajectory_controller_state__type_support.cpp
[0.992s] -- Up-to-date: /home/psd/psd_ws/install/control_msgs/include/control_msgs/control_msgs/msg/detail/dynamic_joint_state__rosidl_typesupport_introspection_cpp.hpp
[0.992s] -- Up-to-date: /home/psd/psd_ws/install/control_msgs/include/control_msgs/control_msgs/msg/detail/gripper_command__rosidl_typesupport_introspection_cpp.hpp
[0.992s] -- Up-to-date: /home/psd/psd_ws/install/control_msgs/include/control_msgs/control_msgs/msg/detail/joint_component_tolerance__rosidl_typesupport_introspection_cpp.hpp
[0.992s] -- Up-to-date: /home/psd/psd_ws/install/control_msgs/include/control_msgs/control_msgs/msg/detail/joint_trajectory_controller_state__rosidl_typesupport_introspection_cpp.hpp
[0.992s] -- Up-to-date: /home/psd/psd_ws/install/control_msgs/include/control_msgs/control_msgs/msg/detail/joint_tolerance__type_support.cpp
[0.992s] -- Up-to-date: /home/psd/psd_ws/install/control_msgs/include/control_msgs/control_msgs/msg/detail/pid_state__rosidl_typesupport_introspection_cpp.hpp
[0.992s] -- Up-to-date: /home/psd/psd_ws/install/control_msgs/include/control_msgs/control_msgs/msg/detail/interface_value__rosidl_typesupport_introspection_cpp.hpp
[0.992s] -- Up-to-date: /home/psd/psd_ws/install/control_msgs/include/control_msgs/control_msgs/msg/detail/joint_component_tolerance__type_support.cpp
[0.992s] -- Up-to-date: /home/psd/psd_ws/install/control_msgs/include/control_msgs/control_msgs/msg/detail/gripper_command__type_support.cpp
[0.992s] -- Up-to-date: /home/psd/psd_ws/install/control_msgs/include/control_msgs/control_msgs/msg/detail/admittance_controller_state__rosidl_typesupport_introspection_cpp.hpp
[0.992s] -- Up-to-date: /home/psd/psd_ws/install/control_msgs/include/control_msgs/control_msgs/msg/detail/pid_state__type_support.cpp
[0.992s] -- Up-to-date: /home/psd/psd_ws/install/control_msgs/include/control_msgs/control_msgs/msg/detail/joint_jog__type_support.cpp
[0.992s] -- Up-to-date: /home/psd/psd_ws/install/control_msgs/include/control_msgs/control_msgs/msg/detail/joint_jog__rosidl_typesupport_introspection_cpp.hpp
[0.992s] -- Up-to-date: /home/psd/psd_ws/install/control_msgs/include/control_msgs/control_msgs/msg/detail/dynamic_joint_state__type_support.cpp
[0.992s] -- Up-to-date: /home/psd/psd_ws/install/control_msgs/include/control_msgs/control_msgs/msg/detail/mecanum_drive_controller_state__type_support.cpp
[0.992s] -- Up-to-date: /home/psd/psd_ws/install/control_msgs/include/control_msgs/control_msgs/msg/detail/admittance_controller_state__type_support.cpp
[0.992s] -- Up-to-date: /home/psd/psd_ws/install/control_msgs/include/control_msgs/control_msgs/msg/detail/joint_tolerance__rosidl_typesupport_introspection_cpp.hpp
[0.992s] -- Up-to-date: /home/psd/psd_ws/install/control_msgs/include/control_msgs/control_msgs/msg/detail/joint_controller_state__rosidl_typesupport_introspection_cpp.hpp
[0.992s] -- Up-to-date: /home/psd/psd_ws/install/control_msgs/include/control_msgs/control_msgs/msg/detail/interface_value__type_support.cpp
[0.992s] -- Up-to-date: /home/psd/psd_ws/install/control_msgs/include/control_msgs/control_msgs/msg/detail/steering_controller_status__rosidl_typesupport_introspection_cpp.hpp
[0.992s] -- Up-to-date: /home/psd/psd_ws/install/control_msgs/lib/libcontrol_msgs__rosidl_typesupport_introspection_cpp.so
[0.992s] -- Up-to-date: /home/psd/psd_ws/install/control_msgs/lib/libcontrol_msgs__rosidl_typesupport_cpp.so
[0.992s] -- Up-to-date: /home/psd/psd_ws/install/control_msgs/share/control_msgs/environment/pythonpath.sh
[0.992s] -- Up-to-date: /home/psd/psd_ws/install/control_msgs/share/control_msgs/environment/pythonpath.dsv
[0.992s] -- Up-to-date: /home/psd/psd_ws/install/control_msgs/local/lib/python3.10/dist-packages/control_msgs-4.4.0-py3.10.egg-info
[0.992s] -- Installing: /home/psd/psd_ws/install/control_msgs/local/lib/python3.10/dist-packages/control_msgs-4.4.0-py3.10.egg-info/SOURCES.txt
[0.992s] -- Installing: /home/psd/psd_ws/install/control_msgs/local/lib/python3.10/dist-packages/control_msgs-4.4.0-py3.10.egg-info/dependency_links.txt
[0.992s] -- Installing: /home/psd/psd_ws/install/control_msgs/local/lib/python3.10/dist-packages/control_msgs-4.4.0-py3.10.egg-info/PKG-INFO
[0.992s] -- Installing: /home/psd/psd_ws/install/control_msgs/local/lib/python3.10/dist-packages/control_msgs-4.4.0-py3.10.egg-info/top_level.txt
[0.992s] -- Up-to-date: /home/psd/psd_ws/install/control_msgs/local/lib/python3.10/dist-packages/control_msgs
[0.992s] -- Up-to-date: /home/psd/psd_ws/install/control_msgs/local/lib/python3.10/dist-packages/control_msgs/_control_msgs_s.ep.rosidl_typesupport_c.c
[0.992s] -- Up-to-date: /home/psd/psd_ws/install/control_msgs/local/lib/python3.10/dist-packages/control_msgs/_control_msgs_s.ep.rosidl_typesupport_introspection_c.c
[0.992s] -- Up-to-date: /home/psd/psd_ws/install/control_msgs/local/lib/python3.10/dist-packages/control_msgs/control_msgs_s__rosidl_typesupport_fastrtps_c.cpython-310-x86_64-linux-gnu.so
[0.993s] -- Up-to-date: /home/psd/psd_ws/install/control_msgs/local/lib/python3.10/dist-packages/control_msgs/_control_msgs_s.ep.rosidl_typesupport_fastrtps_c.c
[0.993s] -- Up-to-date: /home/psd/psd_ws/install/control_msgs/local/lib/python3.10/dist-packages/control_msgs/action
[0.993s] -- Up-to-date: /home/psd/psd_ws/install/control_msgs/local/lib/python3.10/dist-packages/control_msgs/action/_single_joint_position.py
[0.993s] -- Up-to-date: /home/psd/psd_ws/install/control_msgs/local/lib/python3.10/dist-packages/control_msgs/action/_joint_trajectory.py
[0.993s] -- Up-to-date: /home/psd/psd_ws/install/control_msgs/local/lib/python3.10/dist-packages/control_msgs/action/_point_head_s.c
[0.993s] -- Up-to-date: /home/psd/psd_ws/install/control_msgs/local/lib/python3.10/dist-packages/control_msgs/action/_gripper_command.py
[0.993s] -- Up-to-date: /home/psd/psd_ws/install/control_msgs/local/lib/python3.10/dist-packages/control_msgs/action/_follow_joint_trajectory.py
[0.993s] -- Up-to-date: /home/psd/psd_ws/install/control_msgs/local/lib/python3.10/dist-packages/control_msgs/action/_point_head.py
[0.993s] -- Up-to-date: /home/psd/psd_ws/install/control_msgs/local/lib/python3.10/dist-packages/control_msgs/action/__init__.py
[0.993s] -- Up-to-date: /home/psd/psd_ws/install/control_msgs/local/lib/python3.10/dist-packages/control_msgs/action/_gripper_command_s.c
[0.993s] -- Up-to-date: /home/psd/psd_ws/install/control_msgs/local/lib/python3.10/dist-packages/control_msgs/action/_single_joint_position_s.c
[0.993s] -- Up-to-date: /home/psd/psd_ws/install/control_msgs/local/lib/python3.10/dist-packages/control_msgs/action/_joint_trajectory_s.c
[0.993s] -- Up-to-date: /home/psd/psd_ws/install/control_msgs/local/lib/python3.10/dist-packages/control_msgs/action/_follow_joint_trajectory_s.c
[0.993s] -- Up-to-date: /home/psd/psd_ws/install/control_msgs/local/lib/python3.10/dist-packages/control_msgs/srv
[0.993s] -- Up-to-date: /home/psd/psd_ws/install/control_msgs/local/lib/python3.10/dist-packages/control_msgs/srv/_query_trajectory_state_s.c
[0.993s] -- Up-to-date: /home/psd/psd_ws/install/control_msgs/local/lib/python3.10/dist-packages/control_msgs/srv/_query_calibration_state_s.c
[0.993s] -- Up-to-date: /home/psd/psd_ws/install/control_msgs/local/lib/python3.10/dist-packages/control_msgs/srv/__init__.py
[0.993s] -- Up-to-date: /home/psd/psd_ws/install/control_msgs/local/lib/python3.10/dist-packages/control_msgs/srv/_query_calibration_state.py
[0.993s] -- Up-to-date: /home/psd/psd_ws/install/control_msgs/local/lib/python3.10/dist-packages/control_msgs/srv/_query_trajectory_state.py
[0.993s] -- Up-to-date: /home/psd/psd_ws/install/control_msgs/local/lib/python3.10/dist-packages/control_msgs/control_msgs_s__rosidl_typesupport_introspection_c.cpython-310-x86_64-linux-gnu.so
[0.993s] -- Up-to-date: /home/psd/psd_ws/install/control_msgs/local/lib/python3.10/dist-packages/control_msgs/__init__.py
[0.993s] -- Up-to-date: /home/psd/psd_ws/install/control_msgs/local/lib/python3.10/dist-packages/control_msgs/libcontrol_msgs__rosidl_generator_py.so
[0.993s] -- Up-to-date: /home/psd/psd_ws/install/control_msgs/local/lib/python3.10/dist-packages/control_msgs/control_msgs_s__rosidl_typesupport_c.cpython-310-x86_64-linux-gnu.so
[0.993s] -- Up-to-date: /home/psd/psd_ws/install/control_msgs/local/lib/python3.10/dist-packages/control_msgs/msg
[0.993s] -- Up-to-date: /home/psd/psd_ws/install/control_msgs/local/lib/python3.10/dist-packages/control_msgs/msg/_dynamic_joint_state_s.c
[0.993s] -- Up-to-date: /home/psd/psd_ws/install/control_msgs/local/lib/python3.10/dist-packages/control_msgs/msg/_steering_controller_status.py
[0.993s] -- Up-to-date: /home/psd/psd_ws/install/control_msgs/local/lib/python3.10/dist-packages/control_msgs/msg/_steering_controller_status_s.c
[0.993s] -- Up-to-date: /home/psd/psd_ws/install/control_msgs/local/lib/python3.10/dist-packages/control_msgs/msg/_dynamic_joint_state.py
[0.993s] -- Up-to-date: /home/psd/psd_ws/install/control_msgs/local/lib/python3.10/dist-packages/control_msgs/msg/_joint_component_tolerance.py
[0.993s] -- Up-to-date: /home/psd/psd_ws/install/control_msgs/local/lib/python3.10/dist-packages/control_msgs/msg/_joint_controller_state.py
[0.993s] -- Up-to-date: /home/psd/psd_ws/install/control_msgs/local/lib/python3.10/dist-packages/control_msgs/msg/_joint_controller_state_s.c
[0.993s] -- Up-to-date: /home/psd/psd_ws/install/control_msgs/local/lib/python3.10/dist-packages/control_msgs/msg/_joint_jog_s.c
[0.993s] -- Up-to-date: /home/psd/psd_ws/install/control_msgs/local/lib/python3.10/dist-packages/control_msgs/msg/_gripper_command.py
[0.994s] -- Up-to-date: /home/psd/psd_ws/install/control_msgs/local/lib/python3.10/dist-packages/control_msgs/msg/_joint_jog.py
[0.994s] -- Up-to-date: /home/psd/psd_ws/install/control_msgs/local/lib/python3.10/dist-packages/control_msgs/msg/_admittance_controller_state_s.c
[0.994s] -- Up-to-date: /home/psd/psd_ws/install/control_msgs/local/lib/python3.10/dist-packages/control_msgs/msg/_interface_value_s.c
[0.994s] -- Up-to-date: /home/psd/psd_ws/install/control_msgs/local/lib/python3.10/dist-packages/control_msgs/msg/_joint_trajectory_controller_state.py
[0.994s] -- Up-to-date: /home/psd/psd_ws/install/control_msgs/local/lib/python3.10/dist-packages/control_msgs/msg/_pid_state.py
[0.994s] -- Up-to-date: /home/psd/psd_ws/install/control_msgs/local/lib/python3.10/dist-packages/control_msgs/msg/_joint_trajectory_controller_state_s.c
[0.994s] -- Up-to-date: /home/psd/psd_ws/install/control_msgs/local/lib/python3.10/dist-packages/control_msgs/msg/_pid_state_s.c
[0.994s] -- Up-to-date: /home/psd/psd_ws/install/control_msgs/local/lib/python3.10/dist-packages/control_msgs/msg/__init__.py
[0.994s] -- Up-to-date: /home/psd/psd_ws/install/control_msgs/local/lib/python3.10/dist-packages/control_msgs/msg/_mecanum_drive_controller_state_s.c
[0.994s] -- Up-to-date: /home/psd/psd_ws/install/control_msgs/local/lib/python3.10/dist-packages/control_msgs/msg/_joint_tolerance.py
[0.994s] -- Up-to-date: /home/psd/psd_ws/install/control_msgs/local/lib/python3.10/dist-packages/control_msgs/msg/_gripper_command_s.c
[0.994s] -- Up-to-date: /home/psd/psd_ws/install/control_msgs/local/lib/python3.10/dist-packages/control_msgs/msg/_admittance_controller_state.py
[0.994s] -- Up-to-date: /home/psd/psd_ws/install/control_msgs/local/lib/python3.10/dist-packages/control_msgs/msg/_joint_component_tolerance_s.c
[0.994s] -- Up-to-date: /home/psd/psd_ws/install/control_msgs/local/lib/python3.10/dist-packages/control_msgs/msg/_joint_tolerance_s.c
[0.994s] -- Up-to-date: /home/psd/psd_ws/install/control_msgs/local/lib/python3.10/dist-packages/control_msgs/msg/_interface_value.py
[0.994s] -- Up-to-date: /home/psd/psd_ws/install/control_msgs/local/lib/python3.10/dist-packages/control_msgs/msg/_mecanum_drive_controller_state.py
[1.012s] Listing '/home/psd/psd_ws/install/control_msgs/local/lib/python3.10/dist-packages/control_msgs'...
[1.012s] Listing '/home/psd/psd_ws/install/control_msgs/local/lib/python3.10/dist-packages/control_msgs/action'...
[1.012s] Listing '/home/psd/psd_ws/install/control_msgs/local/lib/python3.10/dist-packages/control_msgs/msg'...
[1.012s] Listing '/home/psd/psd_ws/install/control_msgs/local/lib/python3.10/dist-packages/control_msgs/srv'...
[1.014s] -- Up-to-date: /home/psd/psd_ws/install/control_msgs/local/lib/python3.10/dist-packages/control_msgs/control_msgs_s__rosidl_typesupport_fastrtps_c.cpython-310-x86_64-linux-gnu.so
[1.014s] -- Up-to-date: /home/psd/psd_ws/install/control_msgs/local/lib/python3.10/dist-packages/control_msgs/control_msgs_s__rosidl_typesupport_introspection_c.cpython-310-x86_64-linux-gnu.so
[1.014s] -- Up-to-date: /home/psd/psd_ws/install/control_msgs/local/lib/python3.10/dist-packages/control_msgs/control_msgs_s__rosidl_typesupport_c.cpython-310-x86_64-linux-gnu.so
[1.015s] -- Up-to-date: /home/psd/psd_ws/install/control_msgs/lib/libcontrol_msgs__rosidl_generator_py.so
[1.015s] -- Up-to-date: /home/psd/psd_ws/install/control_msgs/share/control_msgs/action/FollowJointTrajectory.idl
[1.015s] -- Up-to-date: /home/psd/psd_ws/install/control_msgs/share/control_msgs/action/GripperCommand.idl
[1.015s] -- Up-to-date: /home/psd/psd_ws/install/control_msgs/share/control_msgs/action/JointTrajectory.idl
[1.015s] -- Up-to-date: /home/psd/psd_ws/install/control_msgs/share/control_msgs/action/PointHead.idl
[1.015s] -- Up-to-date: /home/psd/psd_ws/install/control_msgs/share/control_msgs/action/SingleJointPosition.idl
[1.015s] -- Up-to-date: /home/psd/psd_ws/install/control_msgs/share/control_msgs/msg/AdmittanceControllerState.idl
[1.015s] -- Up-to-date: /home/psd/psd_ws/install/control_msgs/share/control_msgs/msg/DynamicJointState.idl
[1.015s] -- Up-to-date: /home/psd/psd_ws/install/control_msgs/share/control_msgs/msg/GripperCommand.idl
[1.015s] -- Up-to-date: /home/psd/psd_ws/install/control_msgs/share/control_msgs/msg/InterfaceValue.idl
[1.015s] -- Up-to-date: /home/psd/psd_ws/install/control_msgs/share/control_msgs/msg/JointComponentTolerance.idl
[1.015s] -- Up-to-date: /home/psd/psd_ws/install/control_msgs/share/control_msgs/msg/JointControllerState.idl
[1.015s] -- Up-to-date: /home/psd/psd_ws/install/control_msgs/share/control_msgs/msg/JointJog.idl
[1.015s] -- Up-to-date: /home/psd/psd_ws/install/control_msgs/share/control_msgs/msg/JointTolerance.idl
[1.015s] -- Up-to-date: /home/psd/psd_ws/install/control_msgs/share/control_msgs/msg/JointTrajectoryControllerState.idl
[1.015s] -- Up-to-date: /home/psd/psd_ws/install/control_msgs/share/control_msgs/msg/MecanumDriveControllerState.idl
[1.015s] -- Up-to-date: /home/psd/psd_ws/install/control_msgs/share/control_msgs/msg/PidState.idl
[1.015s] -- Up-to-date: /home/psd/psd_ws/install/control_msgs/share/control_msgs/msg/SteeringControllerStatus.idl
[1.015s] -- Up-to-date: /home/psd/psd_ws/install/control_msgs/share/control_msgs/srv/QueryCalibrationState.idl
[1.015s] -- Up-to-date: /home/psd/psd_ws/install/control_msgs/share/control_msgs/srv/QueryTrajectoryState.idl
[1.015s] -- Up-to-date: /home/psd/psd_ws/install/control_msgs/share/control_msgs/action/FollowJointTrajectory.action
[1.015s] -- Up-to-date: /home/psd/psd_ws/install/control_msgs/share/control_msgs/action/GripperCommand.action
[1.015s] -- Up-to-date: /home/psd/psd_ws/install/control_msgs/share/control_msgs/action/JointTrajectory.action
[1.015s] -- Up-to-date: /home/psd/psd_ws/install/control_msgs/share/control_msgs/action/PointHead.action
[1.016s] -- Up-to-date: /home/psd/psd_ws/install/control_msgs/share/control_msgs/action/SingleJointPosition.action
[1.016s] -- Up-to-date: /home/psd/psd_ws/install/control_msgs/share/control_msgs/msg/AdmittanceControllerState.msg
[1.016s] -- Up-to-date: /home/psd/psd_ws/install/control_msgs/share/control_msgs/msg/DynamicJointState.msg
[1.016s] -- Up-to-date: /home/psd/psd_ws/install/control_msgs/share/control_msgs/msg/GripperCommand.msg
[1.016s] -- Up-to-date: /home/psd/psd_ws/install/control_msgs/share/control_msgs/msg/InterfaceValue.msg
[1.016s] -- Up-to-date: /home/psd/psd_ws/install/control_msgs/share/control_msgs/msg/JointComponentTolerance.msg
[1.016s] -- Up-to-date: /home/psd/psd_ws/install/control_msgs/share/control_msgs/msg/JointControllerState.msg
[1.016s] -- Up-to-date: /home/psd/psd_ws/install/control_msgs/share/control_msgs/msg/JointJog.msg
[1.016s] -- Up-to-date: /home/psd/psd_ws/install/control_msgs/share/control_msgs/msg/JointTolerance.msg
[1.016s] -- Up-to-date: /home/psd/psd_ws/install/control_msgs/share/control_msgs/msg/JointTrajectoryControllerState.msg
[1.016s] -- Up-to-date: /home/psd/psd_ws/install/control_msgs/share/control_msgs/msg/MecanumDriveControllerState.msg
[1.016s] -- Up-to-date: /home/psd/psd_ws/install/control_msgs/share/control_msgs/msg/PidState.msg
[1.016s] -- Up-to-date: /home/psd/psd_ws/install/control_msgs/share/control_msgs/msg/SteeringControllerStatus.msg
[1.016s] -- Up-to-date: /home/psd/psd_ws/install/control_msgs/share/control_msgs/srv/QueryCalibrationState.srv
[1.016s] -- Up-to-date: /home/psd/psd_ws/install/control_msgs/share/control_msgs/srv/QueryCalibrationState_Request.msg
[1.016s] -- Up-to-date: /home/psd/psd_ws/install/control_msgs/share/control_msgs/srv/QueryCalibrationState_Response.msg
[1.016s] -- Up-to-date: /home/psd/psd_ws/install/control_msgs/share/control_msgs/srv/QueryTrajectoryState.srv
[1.016s] -- Up-to-date: /home/psd/psd_ws/install/control_msgs/share/control_msgs/srv/QueryTrajectoryState_Request.msg
[1.016s] -- Up-to-date: /home/psd/psd_ws/install/control_msgs/share/control_msgs/srv/QueryTrajectoryState_Response.msg
[1.016s] -- Up-to-date: /home/psd/psd_ws/install/control_msgs/share/ament_index/resource_index/package_run_dependencies/control_msgs
[1.016s] -- Up-to-date: /home/psd/psd_ws/install/control_msgs/share/ament_index/resource_index/parent_prefix_path/control_msgs
[1.016s] -- Up-to-date: /home/psd/psd_ws/install/control_msgs/share/control_msgs/environment/ament_prefix_path.sh
[1.016s] -- Up-to-date: /home/psd/psd_ws/install/control_msgs/share/control_msgs/environment/ament_prefix_path.dsv
[1.016s] -- Up-to-date: /home/psd/psd_ws/install/control_msgs/share/control_msgs/environment/path.sh
[1.017s] -- Up-to-date: /home/psd/psd_ws/install/control_msgs/share/control_msgs/environment/path.dsv
[1.017s] -- Up-to-date: /home/psd/psd_ws/install/control_msgs/share/control_msgs/local_setup.bash
[1.017s] -- Up-to-date: /home/psd/psd_ws/install/control_msgs/share/control_msgs/local_setup.sh
[1.017s] -- Up-to-date: /home/psd/psd_ws/install/control_msgs/share/control_msgs/local_setup.zsh
[1.017s] -- Up-to-date: /home/psd/psd_ws/install/control_msgs/share/control_msgs/local_setup.dsv
[1.017s] -- Installing: /home/psd/psd_ws/install/control_msgs/share/control_msgs/package.dsv
[1.017s] -- Up-to-date: /home/psd/psd_ws/install/control_msgs/share/ament_index/resource_index/packages/control_msgs
[1.017s] -- Up-to-date: /home/psd/psd_ws/install/control_msgs/share/control_msgs/cmake/export_control_msgs__rosidl_generator_cExport.cmake
[1.017s] -- Up-to-date: /home/psd/psd_ws/install/control_msgs/share/control_msgs/cmake/export_control_msgs__rosidl_generator_cExport-noconfig.cmake
[1.017s] -- Up-to-date: /home/psd/psd_ws/install/control_msgs/share/control_msgs/cmake/export_control_msgs__rosidl_typesupport_fastrtps_cExport.cmake
[1.017s] -- Up-to-date: /home/psd/psd_ws/install/control_msgs/share/control_msgs/cmake/export_control_msgs__rosidl_typesupport_fastrtps_cExport-noconfig.cmake
[1.017s] -- Up-to-date: /home/psd/psd_ws/install/control_msgs/share/control_msgs/cmake/export_control_msgs__rosidl_generator_cppExport.cmake
[1.017s] -- Up-to-date: /home/psd/psd_ws/install/control_msgs/share/control_msgs/cmake/export_control_msgs__rosidl_typesupport_fastrtps_cppExport.cmake
[1.017s] -- Up-to-date: /home/psd/psd_ws/install/control_msgs/share/control_msgs/cmake/export_control_msgs__rosidl_typesupport_fastrtps_cppExport-noconfig.cmake
[1.017s] -- Up-to-date: /home/psd/psd_ws/install/control_msgs/share/control_msgs/cmake/control_msgs__rosidl_typesupport_introspection_cExport.cmake
[1.017s] -- Up-to-date: /home/psd/psd_ws/install/control_msgs/share/control_msgs/cmake/control_msgs__rosidl_typesupport_introspection_cExport-noconfig.cmake
[1.017s] -- Up-to-date: /home/psd/psd_ws/install/control_msgs/share/control_msgs/cmake/control_msgs__rosidl_typesupport_cExport.cmake
[1.017s] -- Up-to-date: /home/psd/psd_ws/install/control_msgs/share/control_msgs/cmake/control_msgs__rosidl_typesupport_cExport-noconfig.cmake
[1.017s] -- Up-to-date: /home/psd/psd_ws/install/control_msgs/share/control_msgs/cmake/control_msgs__rosidl_typesupport_introspection_cppExport.cmake
[1.017s] -- Up-to-date: /home/psd/psd_ws/install/control_msgs/share/control_msgs/cmake/control_msgs__rosidl_typesupport_introspection_cppExport-noconfig.cmake
[1.017s] -- Up-to-date: /home/psd/psd_ws/install/control_msgs/share/control_msgs/cmake/control_msgs__rosidl_typesupport_cppExport.cmake
[1.017s] -- Up-to-date: /home/psd/psd_ws/install/control_msgs/share/control_msgs/cmake/control_msgs__rosidl_typesupport_cppExport-noconfig.cmake
[1.017s] -- Up-to-date: /home/psd/psd_ws/install/control_msgs/share/control_msgs/cmake/export_control_msgs__rosidl_generator_pyExport.cmake
[1.017s] -- Up-to-date: /home/psd/psd_ws/install/control_msgs/share/control_msgs/cmake/export_control_msgs__rosidl_generator_pyExport-noconfig.cmake
[1.017s] -- Up-to-date: /home/psd/psd_ws/install/control_msgs/share/control_msgs/cmake/rosidl_cmake-extras.cmake
[1.017s] -- Up-to-date: /home/psd/psd_ws/install/control_msgs/share/control_msgs/cmake/ament_cmake_export_dependencies-extras.cmake
[1.017s] -- Up-to-date: /home/psd/psd_ws/install/control_msgs/share/control_msgs/cmake/ament_cmake_export_include_directories-extras.cmake
[1.018s] -- Up-to-date: /home/psd/psd_ws/install/control_msgs/share/control_msgs/cmake/ament_cmake_export_libraries-extras.cmake
[1.018s] -- Up-to-date: /home/psd/psd_ws/install/control_msgs/share/control_msgs/cmake/ament_cmake_export_targets-extras.cmake
[1.018s] -- Up-to-date: /home/psd/psd_ws/install/control_msgs/share/control_msgs/cmake/rosidl_cmake_export_typesupport_targets-extras.cmake
[1.018s] -- Up-to-date: /home/psd/psd_ws/install/control_msgs/share/control_msgs/cmake/rosidl_cmake_export_typesupport_libraries-extras.cmake
[1.018s] -- Up-to-date: /home/psd/psd_ws/install/control_msgs/share/control_msgs/cmake/control_msgsConfig.cmake
[1.018s] -- Up-to-date: /home/psd/psd_ws/install/control_msgs/share/control_msgs/cmake/control_msgsConfig-version.cmake
[1.018s] -- Up-to-date: /home/psd/psd_ws/install/control_msgs/share/control_msgs/package.xml
[1.019s] Invoked command in '/home/psd/psd_ws/build/control_msgs' returned '0': CMAKE_PREFIX_PATH=${CMAKE_PREFIX_PATH}:/home/psd/psd_ws/install/rqt_joint_trajectory_controller:/home/psd/psd_ws/install/rqt_controller_manager:/home/psd/psd_ws/install/ros2controlcli:/home/psd/psd_ws/install/ros2_controllers_test_nodes:/opt/ros/humble /usr/bin/cmake --install /home/psd/psd_ws/build/control_msgs
