-- Found ament_cmake: 1.3.8 (/opt/ros/humble/share/ament_cmake/cmake)
-- Found ament_lint_auto: 0.12.10 (/opt/ros/humble/share/ament_lint_auto/cmake)
-- Added test 'flake8' to check Python code syntax and style conventions
-- Added test 'lint_cmake' to check CMake code style
-- Added test 'pep257' to check Python code against some of the docstring style conventions in PEP 257
-- Added test 'xmllint' to check XML markup files
-- Configuring done
-- Generating done
-- Build files have been written to: /home/psd/psd_ws/build/core
-- Install configuration: ""
-- Up-to-date: /home/psd/psd_ws/install/core/share/ament_index/resource_index/package_run_dependencies/core
-- Up-to-date: /home/psd/psd_ws/install/core/share/ament_index/resource_index/parent_prefix_path/core
-- Installing: /home/psd/psd_ws/install/core/share/core/environment/ament_prefix_path.sh
-- Installing: /home/psd/psd_ws/install/core/share/core/environment/ament_prefix_path.dsv
-- Installing: /home/psd/psd_ws/install/core/share/core/environment/path.sh
-- Installing: /home/psd/psd_ws/install/core/share/core/environment/path.dsv
-- Up-to-date: /home/psd/psd_ws/install/core/share/core/local_setup.bash
-- Up-to-date: /home/psd/psd_ws/install/core/share/core/local_setup.sh
-- Up-to-date: /home/psd/psd_ws/install/core/share/core/local_setup.zsh
-- Installing: /home/psd/psd_ws/install/core/share/core/local_setup.dsv
-- Installing: /home/psd/psd_ws/install/core/share/core/package.dsv
-- Up-to-date: /home/psd/psd_ws/install/core/share/ament_index/resource_index/packages/core
-- Up-to-date: /home/psd/psd_ws/install/core/share/core/cmake/coreConfig.cmake
-- Up-to-date: /home/psd/psd_ws/install/core/share/core/cmake/coreConfig-version.cmake
-- Up-to-date: /home/psd/psd_ws/install/core/share/core/package.xml
