[0.136s] Invoking command in '/home/psd/psd_ws/build/core': CMAKE_PREFIX_PATH=/opt/ros/humble /usr/bin/cmake --build /home/psd/psd_ws/build/core -- -j20 -l20
[0.151s] -- Found ament_cmake: 1.3.8 (/opt/ros/humble/share/ament_cmake/cmake)
[0.245s] -- Found ament_lint_auto: 0.12.10 (/opt/ros/humble/share/ament_lint_auto/cmake)
[0.299s] -- Added test 'flake8' to check Python code syntax and style conventions
[0.299s] -- Added test 'lint_cmake' to check CMake code style
[0.299s] -- Added test 'pep257' to check Python code against some of the docstring style conventions in PEP 257
[0.300s] -- Added test 'xmllint' to check XML markup files
[0.300s] -- Configuring done
[0.302s] -- Generating done
[0.303s] -- Build files have been written to: /home/psd/psd_ws/build/core
[0.319s] Invoked command in '/home/psd/psd_ws/build/core' returned '0': CMAKE_PREFIX_PATH=/opt/ros/humble /usr/bin/cmake --build /home/psd/psd_ws/build/core -- -j20 -l20
[0.335s] Invoking command in '/home/psd/psd_ws/build/core': CMAKE_PREFIX_PATH=/opt/ros/humble /usr/bin/cmake --install /home/psd/psd_ws/build/core
[0.343s] -- Install configuration: ""
[0.343s] -- Up-to-date: /home/psd/psd_ws/install/core/share/ament_index/resource_index/package_run_dependencies/core
[0.343s] -- Up-to-date: /home/psd/psd_ws/install/core/share/ament_index/resource_index/parent_prefix_path/core
[0.343s] -- Installing: /home/psd/psd_ws/install/core/share/core/environment/ament_prefix_path.sh
[0.343s] -- Installing: /home/psd/psd_ws/install/core/share/core/environment/ament_prefix_path.dsv
[0.343s] -- Installing: /home/psd/psd_ws/install/core/share/core/environment/path.sh
[0.343s] -- Installing: /home/psd/psd_ws/install/core/share/core/environment/path.dsv
[0.344s] -- Up-to-date: /home/psd/psd_ws/install/core/share/core/local_setup.bash
[0.344s] -- Up-to-date: /home/psd/psd_ws/install/core/share/core/local_setup.sh
[0.344s] -- Up-to-date: /home/psd/psd_ws/install/core/share/core/local_setup.zsh
[0.344s] -- Installing: /home/psd/psd_ws/install/core/share/core/local_setup.dsv
[0.344s] -- Installing: /home/psd/psd_ws/install/core/share/core/package.dsv
[0.344s] -- Up-to-date: /home/psd/psd_ws/install/core/share/ament_index/resource_index/packages/core
[0.344s] -- Up-to-date: /home/psd/psd_ws/install/core/share/core/cmake/coreConfig.cmake
[0.345s] -- Up-to-date: /home/psd/psd_ws/install/core/share/core/cmake/coreConfig-version.cmake
[0.345s] -- Up-to-date: /home/psd/psd_ws/install/core/share/core/package.xml
[0.386s] Invoked command in '/home/psd/psd_ws/build/core' returned '0': CMAKE_PREFIX_PATH=/opt/ros/humble /usr/bin/cmake --install /home/psd/psd_ws/build/core
