[  0%] Built target control_msgs__cpp
[  0%] Built target ament_cmake_python_symlink_control_msgs
[  0%] [32mBuilding C object CMakeFiles/control_msgs__rosidl_generator_c.dir/rosidl_generator_c/control_msgs/action/detail/single_joint_position__functions.c.o[0m
[  0%] [32mBuilding C object CMakeFiles/control_msgs__rosidl_generator_c.dir/rosidl_generator_c/control_msgs/action/detail/gripper_command__functions.c.o[0m
[  2%] [32mBuilding C object CMakeFiles/control_msgs__rosidl_generator_c.dir/rosidl_generator_c/control_msgs/action/detail/follow_joint_trajectory__functions.c.o[0m
[  3%] [32mBuilding C object CMakeFiles/control_msgs__rosidl_generator_c.dir/rosidl_generator_c/control_msgs/action/detail/joint_trajectory__functions.c.o[0m
[  3%] [32mBuilding C object CMakeFiles/control_msgs__rosidl_generator_c.dir/rosidl_generator_c/control_msgs/action/detail/point_head__functions.c.o[0m
[  4%] [32mBuilding C object CMakeFiles/control_msgs__rosidl_generator_c.dir/rosidl_generator_c/control_msgs/msg/detail/dynamic_joint_state__functions.c.o[0m
[  4%] [32mBuilding C object CMakeFiles/control_msgs__rosidl_generator_c.dir/rosidl_generator_c/control_msgs/msg/detail/admittance_controller_state__functions.c.o[0m
[  5%] [32mBuilding C object CMakeFiles/control_msgs__rosidl_generator_c.dir/rosidl_generator_c/control_msgs/msg/detail/gripper_command__functions.c.o[0m
[  5%] [32mBuilding C object CMakeFiles/control_msgs__rosidl_generator_c.dir/rosidl_generator_c/control_msgs/msg/detail/interface_value__functions.c.o[0m
[  6%] [32mBuilding C object CMakeFiles/control_msgs__rosidl_generator_c.dir/rosidl_generator_c/control_msgs/msg/detail/joint_component_tolerance__functions.c.o[0m
[  6%] [32mBuilding C object CMakeFiles/control_msgs__rosidl_generator_c.dir/rosidl_generator_c/control_msgs/msg/detail/pid_state__functions.c.o[0m
[  7%] [32mBuilding C object CMakeFiles/control_msgs__rosidl_generator_c.dir/rosidl_generator_c/control_msgs/msg/detail/joint_controller_state__functions.c.o[0m
[  7%] [32mBuilding C object CMakeFiles/control_msgs__rosidl_generator_c.dir/rosidl_generator_c/control_msgs/msg/detail/joint_jog__functions.c.o[0m
[  8%] [32mBuilding C object CMakeFiles/control_msgs__rosidl_generator_c.dir/rosidl_generator_c/control_msgs/msg/detail/mecanum_drive_controller_state__functions.c.o[0m
[  8%] [32mBuilding C object CMakeFiles/control_msgs__rosidl_generator_c.dir/rosidl_generator_c/control_msgs/msg/detail/joint_trajectory_controller_state__functions.c.o[0m
[  9%] [32mBuilding CXX object CMakeFiles/control_msgs__rosidl_typesupport_introspection_cpp.dir/rosidl_typesupport_introspection_cpp/control_msgs/action/detail/follow_joint_trajectory__type_support.cpp.o[0m
[ 10%] [32mBuilding CXX object CMakeFiles/control_msgs__rosidl_typesupport_fastrtps_cpp.dir/rosidl_typesupport_fastrtps_cpp/control_msgs/action/detail/dds_fastrtps/follow_joint_trajectory__type_support.cpp.o[0m
[ 10%] [32mBuilding CXX object CMakeFiles/control_msgs__rosidl_typesupport_cpp.dir/rosidl_typesupport_cpp/control_msgs/action/follow_joint_trajectory__type_support.cpp.o[0m
[ 11%] [32mBuilding C object CMakeFiles/control_msgs__rosidl_generator_c.dir/rosidl_generator_c/control_msgs/msg/detail/joint_tolerance__functions.c.o[0m
[ 12%] [32mBuilding C object CMakeFiles/control_msgs__rosidl_generator_c.dir/rosidl_generator_c/control_msgs/msg/detail/steering_controller_status__functions.c.o[0m
[ 13%] [32mBuilding CXX object CMakeFiles/control_msgs__rosidl_typesupport_fastrtps_cpp.dir/rosidl_typesupport_fastrtps_cpp/control_msgs/action/detail/dds_fastrtps/joint_trajectory__type_support.cpp.o[0m
[ 13%] [32mBuilding CXX object CMakeFiles/control_msgs__rosidl_typesupport_fastrtps_cpp.dir/rosidl_typesupport_fastrtps_cpp/control_msgs/action/detail/dds_fastrtps/gripper_command__type_support.cpp.o[0m
[ 13%] [32mBuilding CXX object CMakeFiles/control_msgs__rosidl_typesupport_fastrtps_cpp.dir/rosidl_typesupport_fastrtps_cpp/control_msgs/action/detail/dds_fastrtps/point_head__type_support.cpp.o[0m
[ 14%] [32mBuilding CXX object CMakeFiles/control_msgs__rosidl_typesupport_fastrtps_cpp.dir/rosidl_typesupport_fastrtps_cpp/control_msgs/action/detail/dds_fastrtps/single_joint_position__type_support.cpp.o[0m
[ 14%] [32mBuilding CXX object CMakeFiles/control_msgs__rosidl_typesupport_introspection_cpp.dir/rosidl_typesupport_introspection_cpp/control_msgs/action/detail/gripper_command__type_support.cpp.o[0m
[ 15%] [32mBuilding C object CMakeFiles/control_msgs__rosidl_generator_c.dir/rosidl_generator_c/control_msgs/srv/detail/query_calibration_state__functions.c.o[0m
[ 15%] [32mBuilding C object CMakeFiles/control_msgs__rosidl_generator_c.dir/rosidl_generator_c/control_msgs/srv/detail/query_trajectory_state__functions.c.o[0m
[ 16%] [32mBuilding CXX object CMakeFiles/control_msgs__rosidl_typesupport_cpp.dir/rosidl_typesupport_cpp/control_msgs/action/gripper_command__type_support.cpp.o[0m
[ 17%] [32mBuilding CXX object CMakeFiles/control_msgs__rosidl_typesupport_introspection_cpp.dir/rosidl_typesupport_introspection_cpp/control_msgs/action/detail/joint_trajectory__type_support.cpp.o[0m
[ 18%] [32mBuilding CXX object CMakeFiles/control_msgs__rosidl_typesupport_cpp.dir/rosidl_typesupport_cpp/control_msgs/action/joint_trajectory__type_support.cpp.o[0m
[ 18%] [32mBuilding CXX object CMakeFiles/control_msgs__rosidl_typesupport_introspection_cpp.dir/rosidl_typesupport_introspection_cpp/control_msgs/action/detail/point_head__type_support.cpp.o[0m
[ 19%] [32mBuilding CXX object CMakeFiles/control_msgs__rosidl_typesupport_introspection_cpp.dir/rosidl_typesupport_introspection_cpp/control_msgs/action/detail/single_joint_position__type_support.cpp.o[0m
[ 19%] [32mBuilding CXX object CMakeFiles/control_msgs__rosidl_typesupport_cpp.dir/rosidl_typesupport_cpp/control_msgs/action/point_head__type_support.cpp.o[0m
[ 20%] [32mBuilding CXX object CMakeFiles/control_msgs__rosidl_typesupport_cpp.dir/rosidl_typesupport_cpp/control_msgs/action/single_joint_position__type_support.cpp.o[0m
[ 21%] [32mBuilding CXX object CMakeFiles/control_msgs__rosidl_typesupport_introspection_cpp.dir/rosidl_typesupport_introspection_cpp/control_msgs/msg/detail/admittance_controller_state__type_support.cpp.o[0m
[ 22%] [32mBuilding CXX object CMakeFiles/control_msgs__rosidl_typesupport_cpp.dir/rosidl_typesupport_cpp/control_msgs/msg/dynamic_joint_state__type_support.cpp.o[0m
[ 22%] [32mBuilding CXX object CMakeFiles/control_msgs__rosidl_typesupport_cpp.dir/rosidl_typesupport_cpp/control_msgs/msg/admittance_controller_state__type_support.cpp.o[0m
[ 23%] [32m[1mLinking C shared library libcontrol_msgs__rosidl_generator_c.so[0m
running egg_info
writing control_msgs.egg-info/PKG-INFO
writing dependency_links to control_msgs.egg-info/dependency_links.txt
writing top-level names to control_msgs.egg-info/top_level.txt
reading manifest file 'control_msgs.egg-info/SOURCES.txt'
writing manifest file 'control_msgs.egg-info/SOURCES.txt'
[ 23%] Built target ament_cmake_python_build_control_msgs_egg
[ 23%] [32mBuilding CXX object CMakeFiles/control_msgs__rosidl_typesupport_introspection_cpp.dir/rosidl_typesupport_introspection_cpp/control_msgs/msg/detail/dynamic_joint_state__type_support.cpp.o[0m
[ 23%] Built target control_msgs__rosidl_generator_c
[ 24%] [32mBuilding CXX object CMakeFiles/control_msgs__rosidl_typesupport_introspection_cpp.dir/rosidl_typesupport_introspection_cpp/control_msgs/msg/detail/gripper_command__type_support.cpp.o[0m
[ 24%] [32mBuilding CXX object CMakeFiles/control_msgs__rosidl_typesupport_cpp.dir/rosidl_typesupport_cpp/control_msgs/msg/gripper_command__type_support.cpp.o[0m
[ 25%] [32mBuilding CXX object CMakeFiles/control_msgs__rosidl_typesupport_cpp.dir/rosidl_typesupport_cpp/control_msgs/msg/interface_value__type_support.cpp.o[0m
[ 25%] [32mBuilding CXX object CMakeFiles/control_msgs__rosidl_typesupport_fastrtps_cpp.dir/rosidl_typesupport_fastrtps_cpp/control_msgs/msg/detail/dds_fastrtps/admittance_controller_state__type_support.cpp.o[0m
[ 26%] [32mBuilding CXX object CMakeFiles/control_msgs__rosidl_typesupport_cpp.dir/rosidl_typesupport_cpp/control_msgs/msg/joint_component_tolerance__type_support.cpp.o[0m
[ 26%] [32mBuilding CXX object CMakeFiles/control_msgs__rosidl_typesupport_cpp.dir/rosidl_typesupport_cpp/control_msgs/msg/joint_controller_state__type_support.cpp.o[0m
[ 27%] [32mBuilding CXX object CMakeFiles/control_msgs__rosidl_typesupport_fastrtps_cpp.dir/rosidl_typesupport_fastrtps_cpp/control_msgs/msg/detail/dds_fastrtps/dynamic_joint_state__type_support.cpp.o[0m
[ 28%] [32mBuilding CXX object CMakeFiles/control_msgs__rosidl_typesupport_fastrtps_cpp.dir/rosidl_typesupport_fastrtps_cpp/control_msgs/msg/detail/dds_fastrtps/gripper_command__type_support.cpp.o[0m
[ 29%] [32mBuilding CXX object CMakeFiles/control_msgs__rosidl_typesupport_cpp.dir/rosidl_typesupport_cpp/control_msgs/msg/joint_jog__type_support.cpp.o[0m
[ 29%] [32mBuilding CXX object CMakeFiles/control_msgs__rosidl_typesupport_introspection_cpp.dir/rosidl_typesupport_introspection_cpp/control_msgs/msg/detail/interface_value__type_support.cpp.o[0m
[ 30%] [32mBuilding CXX object CMakeFiles/control_msgs__rosidl_typesupport_introspection_cpp.dir/rosidl_typesupport_introspection_cpp/control_msgs/msg/detail/joint_component_tolerance__type_support.cpp.o[0m
[ 30%] [32mBuilding CXX object CMakeFiles/control_msgs__rosidl_typesupport_introspection_cpp.dir/rosidl_typesupport_introspection_cpp/control_msgs/msg/detail/joint_controller_state__type_support.cpp.o[0m
[ 30%] [32mBuilding CXX object CMakeFiles/control_msgs__rosidl_typesupport_cpp.dir/rosidl_typesupport_cpp/control_msgs/msg/joint_tolerance__type_support.cpp.o[0m
[ 31%] [32mBuilding CXX object CMakeFiles/control_msgs__rosidl_typesupport_cpp.dir/rosidl_typesupport_cpp/control_msgs/msg/joint_trajectory_controller_state__type_support.cpp.o[0m
[ 32%] [32mBuilding CXX object CMakeFiles/control_msgs__rosidl_typesupport_introspection_cpp.dir/rosidl_typesupport_introspection_cpp/control_msgs/msg/detail/joint_jog__type_support.cpp.o[0m
[ 33%] [32mBuilding CXX object CMakeFiles/control_msgs__rosidl_typesupport_introspection_cpp.dir/rosidl_typesupport_introspection_cpp/control_msgs/msg/detail/joint_tolerance__type_support.cpp.o[0m
[ 33%] [32mBuilding CXX object CMakeFiles/control_msgs__rosidl_typesupport_fastrtps_cpp.dir/rosidl_typesupport_fastrtps_cpp/control_msgs/msg/detail/dds_fastrtps/interface_value__type_support.cpp.o[0m
[ 33%] [32mBuilding CXX object CMakeFiles/control_msgs__rosidl_typesupport_cpp.dir/rosidl_typesupport_cpp/control_msgs/msg/mecanum_drive_controller_state__type_support.cpp.o[0m
[ 34%] [32mBuilding CXX object CMakeFiles/control_msgs__rosidl_typesupport_fastrtps_cpp.dir/rosidl_typesupport_fastrtps_cpp/control_msgs/msg/detail/dds_fastrtps/joint_component_tolerance__type_support.cpp.o[0m
[ 34%] [32mBuilding CXX object CMakeFiles/control_msgs__rosidl_typesupport_introspection_cpp.dir/rosidl_typesupport_introspection_cpp/control_msgs/msg/detail/joint_trajectory_controller_state__type_support.cpp.o[0m
[ 35%] [32mBuilding CXX object CMakeFiles/control_msgs__rosidl_typesupport_cpp.dir/rosidl_typesupport_cpp/control_msgs/msg/pid_state__type_support.cpp.o[0m
[ 37%] [32mBuilding CXX object CMakeFiles/control_msgs__rosidl_typesupport_cpp.dir/rosidl_typesupport_cpp/control_msgs/msg/steering_controller_status__type_support.cpp.o[0m
[ 36%] [32mBuilding CXX object CMakeFiles/control_msgs__rosidl_typesupport_introspection_cpp.dir/rosidl_typesupport_introspection_cpp/control_msgs/msg/detail/mecanum_drive_controller_state__type_support.cpp.o[0m
[ 37%] [32mBuilding CXX object CMakeFiles/control_msgs__rosidl_typesupport_fastrtps_cpp.dir/rosidl_typesupport_fastrtps_cpp/control_msgs/msg/detail/dds_fastrtps/joint_controller_state__type_support.cpp.o[0m
[ 37%] [32mBuilding CXX object CMakeFiles/control_msgs__rosidl_typesupport_cpp.dir/rosidl_typesupport_cpp/control_msgs/srv/query_calibration_state__type_support.cpp.o[0m
[ 37%] [32mBuilding CXX object CMakeFiles/control_msgs__rosidl_typesupport_introspection_cpp.dir/rosidl_typesupport_introspection_cpp/control_msgs/msg/detail/pid_state__type_support.cpp.o[0m
[ 38%] [32mBuilding CXX object CMakeFiles/control_msgs__rosidl_typesupport_fastrtps_cpp.dir/rosidl_typesupport_fastrtps_cpp/control_msgs/msg/detail/dds_fastrtps/joint_jog__type_support.cpp.o[0m
[ 39%] [32mBuilding CXX object CMakeFiles/control_msgs__rosidl_typesupport_cpp.dir/rosidl_typesupport_cpp/control_msgs/srv/query_trajectory_state__type_support.cpp.o[0m
[ 40%] [32mBuilding CXX object CMakeFiles/control_msgs__rosidl_typesupport_introspection_cpp.dir/rosidl_typesupport_introspection_cpp/control_msgs/msg/detail/steering_controller_status__type_support.cpp.o[0m
[ 40%] [32mBuilding CXX object CMakeFiles/control_msgs__rosidl_typesupport_introspection_cpp.dir/rosidl_typesupport_introspection_cpp/control_msgs/srv/detail/query_calibration_state__type_support.cpp.o[0m
[ 40%] [32mBuilding CXX object CMakeFiles/control_msgs__rosidl_typesupport_fastrtps_cpp.dir/rosidl_typesupport_fastrtps_cpp/control_msgs/msg/detail/dds_fastrtps/joint_tolerance__type_support.cpp.o[0m
[ 41%] [32mBuilding CXX object CMakeFiles/control_msgs__rosidl_typesupport_fastrtps_cpp.dir/rosidl_typesupport_fastrtps_cpp/control_msgs/msg/detail/dds_fastrtps/joint_trajectory_controller_state__type_support.cpp.o[0m
[ 42%] [32mBuilding CXX object CMakeFiles/control_msgs__rosidl_typesupport_introspection_cpp.dir/rosidl_typesupport_introspection_cpp/control_msgs/srv/detail/query_trajectory_state__type_support.cpp.o[0m
[ 43%] [32mBuilding CXX object CMakeFiles/control_msgs__rosidl_typesupport_fastrtps_cpp.dir/rosidl_typesupport_fastrtps_cpp/control_msgs/msg/detail/dds_fastrtps/mecanum_drive_controller_state__type_support.cpp.o[0m
[ 43%] [32mBuilding CXX object CMakeFiles/control_msgs__rosidl_typesupport_fastrtps_cpp.dir/rosidl_typesupport_fastrtps_cpp/control_msgs/msg/detail/dds_fastrtps/pid_state__type_support.cpp.o[0m
[ 44%] [32mBuilding CXX object CMakeFiles/control_msgs__rosidl_typesupport_fastrtps_cpp.dir/rosidl_typesupport_fastrtps_cpp/control_msgs/msg/detail/dds_fastrtps/steering_controller_status__type_support.cpp.o[0m
[ 44%] [32mBuilding CXX object CMakeFiles/control_msgs__rosidl_typesupport_fastrtps_c.dir/rosidl_typesupport_fastrtps_c/control_msgs/action/detail/follow_joint_trajectory__type_support_c.cpp.o[0m
[ 44%] [32mBuilding CXX object CMakeFiles/control_msgs__rosidl_typesupport_fastrtps_cpp.dir/rosidl_typesupport_fastrtps_cpp/control_msgs/srv/detail/dds_fastrtps/query_calibration_state__type_support.cpp.o[0m
[ 45%] [32mBuilding CXX object CMakeFiles/control_msgs__rosidl_typesupport_fastrtps_cpp.dir/rosidl_typesupport_fastrtps_cpp/control_msgs/srv/detail/dds_fastrtps/query_trajectory_state__type_support.cpp.o[0m
[ 46%] [32mBuilding CXX object CMakeFiles/control_msgs__rosidl_typesupport_fastrtps_c.dir/rosidl_typesupport_fastrtps_c/control_msgs/action/detail/gripper_command__type_support_c.cpp.o[0m
[ 47%] [32mBuilding CXX object CMakeFiles/control_msgs__rosidl_typesupport_fastrtps_c.dir/rosidl_typesupport_fastrtps_c/control_msgs/action/detail/joint_trajectory__type_support_c.cpp.o[0m
[ 47%] [32mBuilding CXX object CMakeFiles/control_msgs__rosidl_typesupport_fastrtps_c.dir/rosidl_typesupport_fastrtps_c/control_msgs/action/detail/point_head__type_support_c.cpp.o[0m
[ 48%] [32mBuilding C object CMakeFiles/control_msgs__rosidl_typesupport_introspection_c.dir/rosidl_typesupport_introspection_c/control_msgs/action/detail/follow_joint_trajectory__type_support.c.o[0m
[ 48%] [32mBuilding C object CMakeFiles/control_msgs__rosidl_typesupport_introspection_c.dir/rosidl_typesupport_introspection_c/control_msgs/action/detail/gripper_command__type_support.c.o[0m
[ 49%] [32mBuilding C object CMakeFiles/control_msgs__rosidl_typesupport_introspection_c.dir/rosidl_typesupport_introspection_c/control_msgs/action/detail/joint_trajectory__type_support.c.o[0m
[ 49%] [32m[1mLinking CXX shared library libcontrol_msgs__rosidl_typesupport_cpp.so[0m
[ 49%] [32mBuilding C object CMakeFiles/control_msgs__rosidl_typesupport_introspection_c.dir/rosidl_typesupport_introspection_c/control_msgs/action/detail/point_head__type_support.c.o[0m
[ 50%] [32mBuilding C object CMakeFiles/control_msgs__rosidl_typesupport_introspection_c.dir/rosidl_typesupport_introspection_c/control_msgs/action/detail/single_joint_position__type_support.c.o[0m
[ 50%] [32mBuilding C object CMakeFiles/control_msgs__rosidl_typesupport_introspection_c.dir/rosidl_typesupport_introspection_c/control_msgs/msg/detail/admittance_controller_state__type_support.c.o[0m
[ 50%] [32mBuilding CXX object CMakeFiles/control_msgs__rosidl_typesupport_c.dir/rosidl_typesupport_c/control_msgs/action/follow_joint_trajectory__type_support.cpp.o[0m
[ 51%] [32mBuilding CXX object CMakeFiles/control_msgs__rosidl_typesupport_c.dir/rosidl_typesupport_c/control_msgs/action/gripper_command__type_support.cpp.o[0m
[ 51%] [32mBuilding CXX object CMakeFiles/control_msgs__rosidl_typesupport_c.dir/rosidl_typesupport_c/control_msgs/action/joint_trajectory__type_support.cpp.o[0m
[ 52%] [32mBuilding CXX object CMakeFiles/control_msgs__rosidl_typesupport_c.dir/rosidl_typesupport_c/control_msgs/action/point_head__type_support.cpp.o[0m
[ 53%] [32mBuilding C object CMakeFiles/control_msgs__rosidl_typesupport_introspection_c.dir/rosidl_typesupport_introspection_c/control_msgs/msg/detail/dynamic_joint_state__type_support.c.o[0m
[ 54%] Built target control_msgs__rosidl_typesupport_cpp
[ 55%] [32mBuilding CXX object CMakeFiles/control_msgs__rosidl_typesupport_c.dir/rosidl_typesupport_c/control_msgs/action/single_joint_position__type_support.cpp.o[0m
[ 56%] [32mBuilding CXX object CMakeFiles/control_msgs__rosidl_typesupport_fastrtps_c.dir/rosidl_typesupport_fastrtps_c/control_msgs/action/detail/single_joint_position__type_support_c.cpp.o[0m
[ 56%] [32mBuilding CXX object CMakeFiles/control_msgs__rosidl_typesupport_c.dir/rosidl_typesupport_c/control_msgs/msg/admittance_controller_state__type_support.cpp.o[0m
[ 57%] [32mBuilding C object CMakeFiles/control_msgs__rosidl_typesupport_introspection_c.dir/rosidl_typesupport_introspection_c/control_msgs/msg/detail/gripper_command__type_support.c.o[0m
[ 58%] [32mBuilding CXX object CMakeFiles/control_msgs__rosidl_typesupport_c.dir/rosidl_typesupport_c/control_msgs/msg/dynamic_joint_state__type_support.cpp.o[0m
[ 58%] [32mBuilding CXX object CMakeFiles/control_msgs__rosidl_typesupport_c.dir/rosidl_typesupport_c/control_msgs/msg/joint_component_tolerance__type_support.cpp.o[0m
[ 59%] [32mBuilding CXX object CMakeFiles/control_msgs__rosidl_typesupport_c.dir/rosidl_typesupport_c/control_msgs/msg/interface_value__type_support.cpp.o[0m
[ 59%] [32mBuilding C object CMakeFiles/control_msgs__rosidl_typesupport_introspection_c.dir/rosidl_typesupport_introspection_c/control_msgs/msg/detail/interface_value__type_support.c.o[0m
[ 59%] [32mBuilding CXX object CMakeFiles/control_msgs__rosidl_typesupport_c.dir/rosidl_typesupport_c/control_msgs/msg/gripper_command__type_support.cpp.o[0m
[ 59%] [32mBuilding CXX object CMakeFiles/control_msgs__rosidl_typesupport_fastrtps_c.dir/rosidl_typesupport_fastrtps_c/control_msgs/msg/detail/admittance_controller_state__type_support_c.cpp.o[0m
[ 60%] [32m[1mLinking CXX shared library libcontrol_msgs__rosidl_typesupport_introspection_cpp.so[0m
[ 61%] [32mBuilding C object CMakeFiles/control_msgs__rosidl_typesupport_introspection_c.dir/rosidl_typesupport_introspection_c/control_msgs/msg/detail/joint_component_tolerance__type_support.c.o[0m
[ 62%] [32mBuilding CXX object CMakeFiles/control_msgs__rosidl_typesupport_fastrtps_c.dir/rosidl_typesupport_fastrtps_c/control_msgs/msg/detail/dynamic_joint_state__type_support_c.cpp.o[0m
[ 62%] [32mBuilding C object CMakeFiles/control_msgs__rosidl_typesupport_introspection_c.dir/rosidl_typesupport_introspection_c/control_msgs/msg/detail/joint_controller_state__type_support.c.o[0m
[ 63%] [32mBuilding C object CMakeFiles/control_msgs__rosidl_typesupport_introspection_c.dir/rosidl_typesupport_introspection_c/control_msgs/msg/detail/joint_jog__type_support.c.o[0m
[ 63%] [32mBuilding CXX object CMakeFiles/control_msgs__rosidl_typesupport_fastrtps_c.dir/rosidl_typesupport_fastrtps_c/control_msgs/msg/detail/gripper_command__type_support_c.cpp.o[0m
[ 64%] [32mBuilding CXX object CMakeFiles/control_msgs__rosidl_typesupport_c.dir/rosidl_typesupport_c/control_msgs/msg/joint_jog__type_support.cpp.o[0m
[ 64%] [32mBuilding C object CMakeFiles/control_msgs__rosidl_typesupport_introspection_c.dir/rosidl_typesupport_introspection_c/control_msgs/msg/detail/joint_tolerance__type_support.c.o[0m
[ 64%] [32mBuilding CXX object CMakeFiles/control_msgs__rosidl_typesupport_c.dir/rosidl_typesupport_c/control_msgs/msg/joint_tolerance__type_support.cpp.o[0m
[ 65%] [32mBuilding CXX object CMakeFiles/control_msgs__rosidl_typesupport_c.dir/rosidl_typesupport_c/control_msgs/msg/joint_controller_state__type_support.cpp.o[0m
[ 66%] [32mBuilding CXX object CMakeFiles/control_msgs__rosidl_typesupport_c.dir/rosidl_typesupport_c/control_msgs/msg/joint_trajectory_controller_state__type_support.cpp.o[0m
[ 66%] [32mBuilding CXX object CMakeFiles/control_msgs__rosidl_typesupport_c.dir/rosidl_typesupport_c/control_msgs/msg/mecanum_drive_controller_state__type_support.cpp.o[0m
[ 67%] [32mBuilding C object CMakeFiles/control_msgs__rosidl_typesupport_introspection_c.dir/rosidl_typesupport_introspection_c/control_msgs/msg/detail/joint_trajectory_controller_state__type_support.c.o[0m
[ 68%] [32mBuilding CXX object CMakeFiles/control_msgs__rosidl_typesupport_c.dir/rosidl_typesupport_c/control_msgs/msg/pid_state__type_support.cpp.o[0m
[ 68%] [32mBuilding C object CMakeFiles/control_msgs__rosidl_typesupport_introspection_c.dir/rosidl_typesupport_introspection_c/control_msgs/msg/detail/pid_state__type_support.c.o[0m
[ 69%] [32mBuilding C object CMakeFiles/control_msgs__rosidl_typesupport_introspection_c.dir/rosidl_typesupport_introspection_c/control_msgs/msg/detail/steering_controller_status__type_support.c.o[0m
[ 70%] [32mBuilding C object CMakeFiles/control_msgs__rosidl_typesupport_introspection_c.dir/rosidl_typesupport_introspection_c/control_msgs/msg/detail/mecanum_drive_controller_state__type_support.c.o[0m
[ 71%] [32mBuilding CXX object CMakeFiles/control_msgs__rosidl_typesupport_c.dir/rosidl_typesupport_c/control_msgs/srv/query_calibration_state__type_support.cpp.o[0m
[ 72%] [32mBuilding CXX object CMakeFiles/control_msgs__rosidl_typesupport_c.dir/rosidl_typesupport_c/control_msgs/srv/query_trajectory_state__type_support.cpp.o[0m
[ 73%] [32mBuilding CXX object CMakeFiles/control_msgs__rosidl_typesupport_fastrtps_c.dir/rosidl_typesupport_fastrtps_c/control_msgs/msg/detail/interface_value__type_support_c.cpp.o[0m
[ 73%] [32mBuilding CXX object CMakeFiles/control_msgs__rosidl_typesupport_c.dir/rosidl_typesupport_c/control_msgs/msg/steering_controller_status__type_support.cpp.o[0m
[ 74%] [32mBuilding C object CMakeFiles/control_msgs__rosidl_typesupport_introspection_c.dir/rosidl_typesupport_introspection_c/control_msgs/srv/detail/query_trajectory_state__type_support.c.o[0m
[ 74%] [32mBuilding C object CMakeFiles/control_msgs__rosidl_typesupport_introspection_c.dir/rosidl_typesupport_introspection_c/control_msgs/srv/detail/query_calibration_state__type_support.c.o[0m
[ 74%] Built target control_msgs__rosidl_typesupport_introspection_cpp
[ 74%] [32mBuilding CXX object CMakeFiles/control_msgs__rosidl_typesupport_fastrtps_c.dir/rosidl_typesupport_fastrtps_c/control_msgs/msg/detail/joint_controller_state__type_support_c.cpp.o[0m
[ 75%] [32mBuilding CXX object CMakeFiles/control_msgs__rosidl_typesupport_fastrtps_c.dir/rosidl_typesupport_fastrtps_c/control_msgs/msg/detail/joint_component_tolerance__type_support_c.cpp.o[0m
[ 76%] [32mBuilding CXX object CMakeFiles/control_msgs__rosidl_typesupport_fastrtps_c.dir/rosidl_typesupport_fastrtps_c/control_msgs/msg/detail/joint_jog__type_support_c.cpp.o[0m
[ 76%] [32mBuilding CXX object CMakeFiles/control_msgs__rosidl_typesupport_fastrtps_c.dir/rosidl_typesupport_fastrtps_c/control_msgs/msg/detail/joint_tolerance__type_support_c.cpp.o[0m
[ 77%] [32mBuilding CXX object CMakeFiles/control_msgs__rosidl_typesupport_fastrtps_c.dir/rosidl_typesupport_fastrtps_c/control_msgs/msg/detail/joint_trajectory_controller_state__type_support_c.cpp.o[0m
[ 77%] [32mBuilding CXX object CMakeFiles/control_msgs__rosidl_typesupport_fastrtps_c.dir/rosidl_typesupport_fastrtps_c/control_msgs/msg/detail/mecanum_drive_controller_state__type_support_c.cpp.o[0m
[ 78%] [32mBuilding CXX object CMakeFiles/control_msgs__rosidl_typesupport_fastrtps_c.dir/rosidl_typesupport_fastrtps_c/control_msgs/msg/detail/pid_state__type_support_c.cpp.o[0m
[ 78%] [32m[1mLinking CXX shared library libcontrol_msgs__rosidl_typesupport_c.so[0m
[ 78%] [32mBuilding CXX object CMakeFiles/control_msgs__rosidl_typesupport_fastrtps_c.dir/rosidl_typesupport_fastrtps_c/control_msgs/srv/detail/query_calibration_state__type_support_c.cpp.o[0m
[ 79%] [32mBuilding CXX object CMakeFiles/control_msgs__rosidl_typesupport_fastrtps_c.dir/rosidl_typesupport_fastrtps_c/control_msgs/msg/detail/steering_controller_status__type_support_c.cpp.o[0m
[ 80%] [32mBuilding CXX object CMakeFiles/control_msgs__rosidl_typesupport_fastrtps_c.dir/rosidl_typesupport_fastrtps_c/control_msgs/srv/detail/query_trajectory_state__type_support_c.cpp.o[0m
[ 80%] [32m[1mLinking C shared library libcontrol_msgs__rosidl_typesupport_introspection_c.so[0m
[ 81%] Built target control_msgs__rosidl_typesupport_c
[ 82%] Built target control_msgs__rosidl_typesupport_introspection_c
[ 82%] [32m[1mLinking CXX shared library libcontrol_msgs__rosidl_typesupport_fastrtps_cpp.so[0m
[ 83%] Built target control_msgs__rosidl_typesupport_fastrtps_cpp
[ 83%] [32m[1mLinking CXX shared library libcontrol_msgs__rosidl_typesupport_fastrtps_c.so[0m
[ 84%] Built target control_msgs__rosidl_typesupport_fastrtps_c
[ 84%] Built target control_msgs
[ 85%] Built target control_msgs__py
[ 85%] [32mBuilding C object CMakeFiles/control_msgs__rosidl_generator_py.dir/rosidl_generator_py/control_msgs/action/_follow_joint_trajectory_s.c.o[0m
[ 87%] [32mBuilding C object CMakeFiles/control_msgs__rosidl_generator_py.dir/rosidl_generator_py/control_msgs/action/_gripper_command_s.c.o[0m
[ 87%] [32mBuilding C object CMakeFiles/control_msgs__rosidl_generator_py.dir/rosidl_generator_py/control_msgs/action/_point_head_s.c.o[0m
[ 87%] [32mBuilding C object CMakeFiles/control_msgs__rosidl_generator_py.dir/rosidl_generator_py/control_msgs/action/_joint_trajectory_s.c.o[0m
[ 88%] [32mBuilding C object CMakeFiles/control_msgs__rosidl_generator_py.dir/rosidl_generator_py/control_msgs/msg/_gripper_command_s.c.o[0m
[ 88%] [32mBuilding C object CMakeFiles/control_msgs__rosidl_generator_py.dir/rosidl_generator_py/control_msgs/action/_single_joint_position_s.c.o[0m
[ 88%] [32mBuilding C object CMakeFiles/control_msgs__rosidl_generator_py.dir/rosidl_generator_py/control_msgs/msg/_admittance_controller_state_s.c.o[0m
[ 89%] [32mBuilding C object CMakeFiles/control_msgs__rosidl_generator_py.dir/rosidl_generator_py/control_msgs/msg/_dynamic_joint_state_s.c.o[0m
[ 90%] [32mBuilding C object CMakeFiles/control_msgs__rosidl_generator_py.dir/rosidl_generator_py/control_msgs/msg/_interface_value_s.c.o[0m
[ 90%] [32mBuilding C object CMakeFiles/control_msgs__rosidl_generator_py.dir/rosidl_generator_py/control_msgs/msg/_joint_component_tolerance_s.c.o[0m
[ 91%] [32mBuilding C object CMakeFiles/control_msgs__rosidl_generator_py.dir/rosidl_generator_py/control_msgs/msg/_joint_jog_s.c.o[0m
[ 92%] [32mBuilding C object CMakeFiles/control_msgs__rosidl_generator_py.dir/rosidl_generator_py/control_msgs/msg/_joint_controller_state_s.c.o[0m
[ 92%] [32mBuilding C object CMakeFiles/control_msgs__rosidl_generator_py.dir/rosidl_generator_py/control_msgs/msg/_joint_tolerance_s.c.o[0m
[ 93%] [32mBuilding C object CMakeFiles/control_msgs__rosidl_generator_py.dir/rosidl_generator_py/control_msgs/msg/_joint_trajectory_controller_state_s.c.o[0m
[ 93%] [32mBuilding C object CMakeFiles/control_msgs__rosidl_generator_py.dir/rosidl_generator_py/control_msgs/msg/_mecanum_drive_controller_state_s.c.o[0m
[ 94%] [32mBuilding C object CMakeFiles/control_msgs__rosidl_generator_py.dir/rosidl_generator_py/control_msgs/msg/_pid_state_s.c.o[0m
[ 94%] [32mBuilding C object CMakeFiles/control_msgs__rosidl_generator_py.dir/rosidl_generator_py/control_msgs/msg/_steering_controller_status_s.c.o[0m
[ 95%] [32mBuilding C object CMakeFiles/control_msgs__rosidl_generator_py.dir/rosidl_generator_py/control_msgs/srv/_query_calibration_state_s.c.o[0m
[ 96%] [32mBuilding C object CMakeFiles/control_msgs__rosidl_generator_py.dir/rosidl_generator_py/control_msgs/srv/_query_trajectory_state_s.c.o[0m
[ 96%] [32m[1mLinking C shared library rosidl_generator_py/control_msgs/libcontrol_msgs__rosidl_generator_py.so[0m
[ 96%] Built target control_msgs__rosidl_generator_py
[ 99%] [32mBuilding C object CMakeFiles/control_msgs__rosidl_typesupport_introspection_c__pyext.dir/rosidl_generator_py/control_msgs/_control_msgs_s.ep.rosidl_typesupport_introspection_c.c.o[0m
[ 99%] [32mBuilding C object CMakeFiles/control_msgs__rosidl_typesupport_c__pyext.dir/rosidl_generator_py/control_msgs/_control_msgs_s.ep.rosidl_typesupport_c.c.o[0m
[ 99%] [32mBuilding C object CMakeFiles/control_msgs__rosidl_typesupport_fastrtps_c__pyext.dir/rosidl_generator_py/control_msgs/_control_msgs_s.ep.rosidl_typesupport_fastrtps_c.c.o[0m
[ 99%] [32m[1mLinking C shared library rosidl_generator_py/control_msgs/control_msgs_s__rosidl_typesupport_fastrtps_c.cpython-310-x86_64-linux-gnu.so[0m
[ 99%] [32m[1mLinking C shared library rosidl_generator_py/control_msgs/control_msgs_s__rosidl_typesupport_c.cpython-310-x86_64-linux-gnu.so[0m
[100%] [32m[1mLinking C shared library rosidl_generator_py/control_msgs/control_msgs_s__rosidl_typesupport_introspection_c.cpython-310-x86_64-linux-gnu.so[0m
[100%] Built target control_msgs__rosidl_typesupport_fastrtps_c__pyext
[100%] Built target control_msgs__rosidl_typesupport_c__pyext
[100%] Built target control_msgs__rosidl_typesupport_introspection_c__pyext
-- Install configuration: ""
-- Execute custom install script
-- Up-to-date symlink: /home/psd/psd_ws/install/control_msgs/share/ament_index/resource_index/rosidl_interfaces/control_msgs
-- Up-to-date symlink: /home/psd/psd_ws/install/control_msgs/include/control_msgs/control_msgs/action/detail/follow_joint_trajectory__functions.h
-- Up-to-date symlink: /home/psd/psd_ws/install/control_msgs/include/control_msgs/control_msgs/action/detail/follow_joint_trajectory__struct.h
-- Up-to-date symlink: /home/psd/psd_ws/install/control_msgs/include/control_msgs/control_msgs/action/detail/follow_joint_trajectory__type_support.h
-- Up-to-date symlink: /home/psd/psd_ws/install/control_msgs/include/control_msgs/control_msgs/action/detail/gripper_command__functions.h
-- Up-to-date symlink: /home/psd/psd_ws/install/control_msgs/include/control_msgs/control_msgs/action/detail/gripper_command__struct.h
-- Up-to-date symlink: /home/psd/psd_ws/install/control_msgs/include/control_msgs/control_msgs/action/detail/gripper_command__type_support.h
-- Up-to-date symlink: /home/psd/psd_ws/install/control_msgs/include/control_msgs/control_msgs/action/detail/joint_trajectory__functions.h
-- Up-to-date symlink: /home/psd/psd_ws/install/control_msgs/include/control_msgs/control_msgs/action/detail/joint_trajectory__struct.h
-- Up-to-date symlink: /home/psd/psd_ws/install/control_msgs/include/control_msgs/control_msgs/action/detail/joint_trajectory__type_support.h
-- Up-to-date symlink: /home/psd/psd_ws/install/control_msgs/include/control_msgs/control_msgs/action/detail/point_head__functions.h
-- Up-to-date symlink: /home/psd/psd_ws/install/control_msgs/include/control_msgs/control_msgs/action/detail/point_head__struct.h
-- Up-to-date symlink: /home/psd/psd_ws/install/control_msgs/include/control_msgs/control_msgs/action/detail/point_head__type_support.h
-- Up-to-date symlink: /home/psd/psd_ws/install/control_msgs/include/control_msgs/control_msgs/action/detail/single_joint_position__functions.h
-- Up-to-date symlink: /home/psd/psd_ws/install/control_msgs/include/control_msgs/control_msgs/action/detail/single_joint_position__struct.h
-- Up-to-date symlink: /home/psd/psd_ws/install/control_msgs/include/control_msgs/control_msgs/action/detail/single_joint_position__type_support.h
-- Up-to-date symlink: /home/psd/psd_ws/install/control_msgs/include/control_msgs/control_msgs/action/follow_joint_trajectory.h
-- Up-to-date symlink: /home/psd/psd_ws/install/control_msgs/include/control_msgs/control_msgs/action/gripper_command.h
-- Up-to-date symlink: /home/psd/psd_ws/install/control_msgs/include/control_msgs/control_msgs/action/joint_trajectory.h
-- Up-to-date symlink: /home/psd/psd_ws/install/control_msgs/include/control_msgs/control_msgs/action/point_head.h
-- Up-to-date symlink: /home/psd/psd_ws/install/control_msgs/include/control_msgs/control_msgs/action/single_joint_position.h
-- Up-to-date symlink: /home/psd/psd_ws/install/control_msgs/include/control_msgs/control_msgs/msg/admittance_controller_state.h
-- Up-to-date symlink: /home/psd/psd_ws/install/control_msgs/include/control_msgs/control_msgs/msg/detail/admittance_controller_state__functions.h
-- Up-to-date symlink: /home/psd/psd_ws/install/control_msgs/include/control_msgs/control_msgs/msg/detail/admittance_controller_state__struct.h
-- Up-to-date symlink: /home/psd/psd_ws/install/control_msgs/include/control_msgs/control_msgs/msg/detail/admittance_controller_state__type_support.h
-- Up-to-date symlink: /home/psd/psd_ws/install/control_msgs/include/control_msgs/control_msgs/msg/detail/dynamic_joint_state__functions.h
-- Up-to-date symlink: /home/psd/psd_ws/install/control_msgs/include/control_msgs/control_msgs/msg/detail/dynamic_joint_state__struct.h
-- Up-to-date symlink: /home/psd/psd_ws/install/control_msgs/include/control_msgs/control_msgs/msg/detail/dynamic_joint_state__type_support.h
-- Up-to-date symlink: /home/psd/psd_ws/install/control_msgs/include/control_msgs/control_msgs/msg/detail/gripper_command__functions.h
-- Up-to-date symlink: /home/psd/psd_ws/install/control_msgs/include/control_msgs/control_msgs/msg/detail/gripper_command__struct.h
-- Up-to-date symlink: /home/psd/psd_ws/install/control_msgs/include/control_msgs/control_msgs/msg/detail/gripper_command__type_support.h
-- Up-to-date symlink: /home/psd/psd_ws/install/control_msgs/include/control_msgs/control_msgs/msg/detail/interface_value__functions.h
-- Up-to-date symlink: /home/psd/psd_ws/install/control_msgs/include/control_msgs/control_msgs/msg/detail/interface_value__struct.h
-- Up-to-date symlink: /home/psd/psd_ws/install/control_msgs/include/control_msgs/control_msgs/msg/detail/interface_value__type_support.h
-- Up-to-date symlink: /home/psd/psd_ws/install/control_msgs/include/control_msgs/control_msgs/msg/detail/joint_component_tolerance__functions.h
-- Up-to-date symlink: /home/psd/psd_ws/install/control_msgs/include/control_msgs/control_msgs/msg/detail/joint_component_tolerance__struct.h
-- Up-to-date symlink: /home/psd/psd_ws/install/control_msgs/include/control_msgs/control_msgs/msg/detail/joint_component_tolerance__type_support.h
-- Up-to-date symlink: /home/psd/psd_ws/install/control_msgs/include/control_msgs/control_msgs/msg/detail/joint_controller_state__functions.h
-- Up-to-date symlink: /home/psd/psd_ws/install/control_msgs/include/control_msgs/control_msgs/msg/detail/joint_controller_state__struct.h
-- Up-to-date symlink: /home/psd/psd_ws/install/control_msgs/include/control_msgs/control_msgs/msg/detail/joint_controller_state__type_support.h
-- Up-to-date symlink: /home/psd/psd_ws/install/control_msgs/include/control_msgs/control_msgs/msg/detail/joint_jog__functions.h
-- Up-to-date symlink: /home/psd/psd_ws/install/control_msgs/include/control_msgs/control_msgs/msg/detail/joint_jog__struct.h
-- Up-to-date symlink: /home/psd/psd_ws/install/control_msgs/include/control_msgs/control_msgs/msg/detail/joint_jog__type_support.h
-- Up-to-date symlink: /home/psd/psd_ws/install/control_msgs/include/control_msgs/control_msgs/msg/detail/joint_tolerance__functions.h
-- Up-to-date symlink: /home/psd/psd_ws/install/control_msgs/include/control_msgs/control_msgs/msg/detail/joint_tolerance__struct.h
-- Up-to-date symlink: /home/psd/psd_ws/install/control_msgs/include/control_msgs/control_msgs/msg/detail/joint_tolerance__type_support.h
-- Up-to-date symlink: /home/psd/psd_ws/install/control_msgs/include/control_msgs/control_msgs/msg/detail/joint_trajectory_controller_state__functions.h
-- Up-to-date symlink: /home/psd/psd_ws/install/control_msgs/include/control_msgs/control_msgs/msg/detail/joint_trajectory_controller_state__struct.h
-- Up-to-date symlink: /home/psd/psd_ws/install/control_msgs/include/control_msgs/control_msgs/msg/detail/joint_trajectory_controller_state__type_support.h
-- Up-to-date symlink: /home/psd/psd_ws/install/control_msgs/include/control_msgs/control_msgs/msg/detail/mecanum_drive_controller_state__functions.h
-- Up-to-date symlink: /home/psd/psd_ws/install/control_msgs/include/control_msgs/control_msgs/msg/detail/mecanum_drive_controller_state__struct.h
-- Up-to-date symlink: /home/psd/psd_ws/install/control_msgs/include/control_msgs/control_msgs/msg/detail/mecanum_drive_controller_state__type_support.h
-- Up-to-date symlink: /home/psd/psd_ws/install/control_msgs/include/control_msgs/control_msgs/msg/detail/pid_state__functions.h
-- Up-to-date symlink: /home/psd/psd_ws/install/control_msgs/include/control_msgs/control_msgs/msg/detail/pid_state__struct.h
-- Up-to-date symlink: /home/psd/psd_ws/install/control_msgs/include/control_msgs/control_msgs/msg/detail/pid_state__type_support.h
-- Up-to-date symlink: /home/psd/psd_ws/install/control_msgs/include/control_msgs/control_msgs/msg/detail/steering_controller_status__functions.h
-- Up-to-date symlink: /home/psd/psd_ws/install/control_msgs/include/control_msgs/control_msgs/msg/detail/steering_controller_status__struct.h
-- Up-to-date symlink: /home/psd/psd_ws/install/control_msgs/include/control_msgs/control_msgs/msg/detail/steering_controller_status__type_support.h
-- Up-to-date symlink: /home/psd/psd_ws/install/control_msgs/include/control_msgs/control_msgs/msg/dynamic_joint_state.h
-- Up-to-date symlink: /home/psd/psd_ws/install/control_msgs/include/control_msgs/control_msgs/msg/gripper_command.h
-- Up-to-date symlink: /home/psd/psd_ws/install/control_msgs/include/control_msgs/control_msgs/msg/interface_value.h
-- Up-to-date symlink: /home/psd/psd_ws/install/control_msgs/include/control_msgs/control_msgs/msg/joint_component_tolerance.h
-- Up-to-date symlink: /home/psd/psd_ws/install/control_msgs/include/control_msgs/control_msgs/msg/joint_controller_state.h
-- Up-to-date symlink: /home/psd/psd_ws/install/control_msgs/include/control_msgs/control_msgs/msg/joint_jog.h
-- Up-to-date symlink: /home/psd/psd_ws/install/control_msgs/include/control_msgs/control_msgs/msg/joint_tolerance.h
-- Up-to-date symlink: /home/psd/psd_ws/install/control_msgs/include/control_msgs/control_msgs/msg/joint_trajectory_controller_state.h
-- Up-to-date symlink: /home/psd/psd_ws/install/control_msgs/include/control_msgs/control_msgs/msg/mecanum_drive_controller_state.h
-- Up-to-date symlink: /home/psd/psd_ws/install/control_msgs/include/control_msgs/control_msgs/msg/pid_state.h
-- Up-to-date symlink: /home/psd/psd_ws/install/control_msgs/include/control_msgs/control_msgs/msg/rosidl_generator_c__visibility_control.h
-- Up-to-date symlink: /home/psd/psd_ws/install/control_msgs/include/control_msgs/control_msgs/msg/steering_controller_status.h
-- Up-to-date symlink: /home/psd/psd_ws/install/control_msgs/include/control_msgs/control_msgs/srv/detail/query_calibration_state__functions.h
-- Up-to-date symlink: /home/psd/psd_ws/install/control_msgs/include/control_msgs/control_msgs/srv/detail/query_calibration_state__struct.h
-- Up-to-date symlink: /home/psd/psd_ws/install/control_msgs/include/control_msgs/control_msgs/srv/detail/query_calibration_state__type_support.h
-- Up-to-date symlink: /home/psd/psd_ws/install/control_msgs/include/control_msgs/control_msgs/srv/detail/query_trajectory_state__functions.h
-- Up-to-date symlink: /home/psd/psd_ws/install/control_msgs/include/control_msgs/control_msgs/srv/detail/query_trajectory_state__struct.h
-- Up-to-date symlink: /home/psd/psd_ws/install/control_msgs/include/control_msgs/control_msgs/srv/detail/query_trajectory_state__type_support.h
-- Up-to-date symlink: /home/psd/psd_ws/install/control_msgs/include/control_msgs/control_msgs/srv/query_calibration_state.h
-- Up-to-date symlink: /home/psd/psd_ws/install/control_msgs/include/control_msgs/control_msgs/srv/query_trajectory_state.h
-- Up-to-date symlink: /home/psd/psd_ws/install/control_msgs/share/control_msgs/environment/library_path.sh
-- Up-to-date symlink: /home/psd/psd_ws/install/control_msgs/share/control_msgs/environment/library_path.dsv
-- Up-to-date symlink: /home/psd/psd_ws/install/control_msgs/include/control_msgs/control_msgs/action/detail/follow_joint_trajectory__rosidl_typesupport_fastrtps_c.h
-- Up-to-date symlink: /home/psd/psd_ws/install/control_msgs/include/control_msgs/control_msgs/action/detail/gripper_command__rosidl_typesupport_fastrtps_c.h
-- Up-to-date symlink: /home/psd/psd_ws/install/control_msgs/include/control_msgs/control_msgs/action/detail/joint_trajectory__rosidl_typesupport_fastrtps_c.h
-- Up-to-date symlink: /home/psd/psd_ws/install/control_msgs/include/control_msgs/control_msgs/action/detail/point_head__rosidl_typesupport_fastrtps_c.h
-- Up-to-date symlink: /home/psd/psd_ws/install/control_msgs/include/control_msgs/control_msgs/action/detail/single_joint_position__rosidl_typesupport_fastrtps_c.h
-- Up-to-date symlink: /home/psd/psd_ws/install/control_msgs/include/control_msgs/control_msgs/msg/detail/admittance_controller_state__rosidl_typesupport_fastrtps_c.h
-- Up-to-date symlink: /home/psd/psd_ws/install/control_msgs/include/control_msgs/control_msgs/msg/detail/dynamic_joint_state__rosidl_typesupport_fastrtps_c.h
-- Up-to-date symlink: /home/psd/psd_ws/install/control_msgs/include/control_msgs/control_msgs/msg/detail/gripper_command__rosidl_typesupport_fastrtps_c.h
-- Up-to-date symlink: /home/psd/psd_ws/install/control_msgs/include/control_msgs/control_msgs/msg/detail/interface_value__rosidl_typesupport_fastrtps_c.h
-- Up-to-date symlink: /home/psd/psd_ws/install/control_msgs/include/control_msgs/control_msgs/msg/detail/joint_component_tolerance__rosidl_typesupport_fastrtps_c.h
-- Up-to-date symlink: /home/psd/psd_ws/install/control_msgs/include/control_msgs/control_msgs/msg/detail/joint_controller_state__rosidl_typesupport_fastrtps_c.h
-- Up-to-date symlink: /home/psd/psd_ws/install/control_msgs/include/control_msgs/control_msgs/msg/detail/joint_jog__rosidl_typesupport_fastrtps_c.h
-- Up-to-date symlink: /home/psd/psd_ws/install/control_msgs/include/control_msgs/control_msgs/msg/detail/joint_tolerance__rosidl_typesupport_fastrtps_c.h
-- Up-to-date symlink: /home/psd/psd_ws/install/control_msgs/include/control_msgs/control_msgs/msg/detail/joint_trajectory_controller_state__rosidl_typesupport_fastrtps_c.h
-- Up-to-date symlink: /home/psd/psd_ws/install/control_msgs/include/control_msgs/control_msgs/msg/detail/mecanum_drive_controller_state__rosidl_typesupport_fastrtps_c.h
-- Up-to-date symlink: /home/psd/psd_ws/install/control_msgs/include/control_msgs/control_msgs/msg/detail/pid_state__rosidl_typesupport_fastrtps_c.h
-- Up-to-date symlink: /home/psd/psd_ws/install/control_msgs/include/control_msgs/control_msgs/msg/detail/steering_controller_status__rosidl_typesupport_fastrtps_c.h
-- Up-to-date symlink: /home/psd/psd_ws/install/control_msgs/include/control_msgs/control_msgs/msg/rosidl_typesupport_fastrtps_c__visibility_control.h
-- Up-to-date symlink: /home/psd/psd_ws/install/control_msgs/include/control_msgs/control_msgs/srv/detail/query_calibration_state__rosidl_typesupport_fastrtps_c.h
-- Up-to-date symlink: /home/psd/psd_ws/install/control_msgs/include/control_msgs/control_msgs/srv/detail/query_trajectory_state__rosidl_typesupport_fastrtps_c.h
-- Up-to-date symlink: /home/psd/psd_ws/install/control_msgs/include/control_msgs/control_msgs/action/detail/follow_joint_trajectory__builder.hpp
-- Up-to-date symlink: /home/psd/psd_ws/install/control_msgs/include/control_msgs/control_msgs/action/detail/follow_joint_trajectory__struct.hpp
-- Up-to-date symlink: /home/psd/psd_ws/install/control_msgs/include/control_msgs/control_msgs/action/detail/follow_joint_trajectory__traits.hpp
-- Up-to-date symlink: /home/psd/psd_ws/install/control_msgs/include/control_msgs/control_msgs/action/detail/gripper_command__builder.hpp
-- Up-to-date symlink: /home/psd/psd_ws/install/control_msgs/include/control_msgs/control_msgs/action/detail/gripper_command__struct.hpp
-- Up-to-date symlink: /home/psd/psd_ws/install/control_msgs/include/control_msgs/control_msgs/action/detail/gripper_command__traits.hpp
-- Up-to-date symlink: /home/psd/psd_ws/install/control_msgs/include/control_msgs/control_msgs/action/detail/joint_trajectory__builder.hpp
-- Up-to-date symlink: /home/psd/psd_ws/install/control_msgs/include/control_msgs/control_msgs/action/detail/joint_trajectory__struct.hpp
-- Up-to-date symlink: /home/psd/psd_ws/install/control_msgs/include/control_msgs/control_msgs/action/detail/joint_trajectory__traits.hpp
-- Up-to-date symlink: /home/psd/psd_ws/install/control_msgs/include/control_msgs/control_msgs/action/detail/point_head__builder.hpp
-- Up-to-date symlink: /home/psd/psd_ws/install/control_msgs/include/control_msgs/control_msgs/action/detail/point_head__struct.hpp
-- Up-to-date symlink: /home/psd/psd_ws/install/control_msgs/include/control_msgs/control_msgs/action/detail/point_head__traits.hpp
-- Up-to-date symlink: /home/psd/psd_ws/install/control_msgs/include/control_msgs/control_msgs/action/detail/single_joint_position__builder.hpp
-- Up-to-date symlink: /home/psd/psd_ws/install/control_msgs/include/control_msgs/control_msgs/action/detail/single_joint_position__struct.hpp
-- Up-to-date symlink: /home/psd/psd_ws/install/control_msgs/include/control_msgs/control_msgs/action/detail/single_joint_position__traits.hpp
-- Up-to-date symlink: /home/psd/psd_ws/install/control_msgs/include/control_msgs/control_msgs/action/follow_joint_trajectory.hpp
-- Up-to-date symlink: /home/psd/psd_ws/install/control_msgs/include/control_msgs/control_msgs/action/gripper_command.hpp
-- Up-to-date symlink: /home/psd/psd_ws/install/control_msgs/include/control_msgs/control_msgs/action/joint_trajectory.hpp
-- Up-to-date symlink: /home/psd/psd_ws/install/control_msgs/include/control_msgs/control_msgs/action/point_head.hpp
-- Up-to-date symlink: /home/psd/psd_ws/install/control_msgs/include/control_msgs/control_msgs/action/single_joint_position.hpp
-- Up-to-date symlink: /home/psd/psd_ws/install/control_msgs/include/control_msgs/control_msgs/msg/admittance_controller_state.hpp
-- Up-to-date symlink: /home/psd/psd_ws/install/control_msgs/include/control_msgs/control_msgs/msg/detail/admittance_controller_state__builder.hpp
-- Up-to-date symlink: /home/psd/psd_ws/install/control_msgs/include/control_msgs/control_msgs/msg/detail/admittance_controller_state__struct.hpp
-- Up-to-date symlink: /home/psd/psd_ws/install/control_msgs/include/control_msgs/control_msgs/msg/detail/admittance_controller_state__traits.hpp
-- Up-to-date symlink: /home/psd/psd_ws/install/control_msgs/include/control_msgs/control_msgs/msg/detail/dynamic_joint_state__builder.hpp
-- Up-to-date symlink: /home/psd/psd_ws/install/control_msgs/include/control_msgs/control_msgs/msg/detail/dynamic_joint_state__struct.hpp
-- Up-to-date symlink: /home/psd/psd_ws/install/control_msgs/include/control_msgs/control_msgs/msg/detail/dynamic_joint_state__traits.hpp
-- Up-to-date symlink: /home/psd/psd_ws/install/control_msgs/include/control_msgs/control_msgs/msg/detail/gripper_command__builder.hpp
-- Up-to-date symlink: /home/psd/psd_ws/install/control_msgs/include/control_msgs/control_msgs/msg/detail/gripper_command__struct.hpp
-- Up-to-date symlink: /home/psd/psd_ws/install/control_msgs/include/control_msgs/control_msgs/msg/detail/gripper_command__traits.hpp
-- Up-to-date symlink: /home/psd/psd_ws/install/control_msgs/include/control_msgs/control_msgs/msg/detail/interface_value__builder.hpp
-- Up-to-date symlink: /home/psd/psd_ws/install/control_msgs/include/control_msgs/control_msgs/msg/detail/interface_value__struct.hpp
-- Up-to-date symlink: /home/psd/psd_ws/install/control_msgs/include/control_msgs/control_msgs/msg/detail/interface_value__traits.hpp
-- Up-to-date symlink: /home/psd/psd_ws/install/control_msgs/include/control_msgs/control_msgs/msg/detail/joint_component_tolerance__builder.hpp
-- Up-to-date symlink: /home/psd/psd_ws/install/control_msgs/include/control_msgs/control_msgs/msg/detail/joint_component_tolerance__struct.hpp
-- Up-to-date symlink: /home/psd/psd_ws/install/control_msgs/include/control_msgs/control_msgs/msg/detail/joint_component_tolerance__traits.hpp
-- Up-to-date symlink: /home/psd/psd_ws/install/control_msgs/include/control_msgs/control_msgs/msg/detail/joint_controller_state__builder.hpp
-- Up-to-date symlink: /home/psd/psd_ws/install/control_msgs/include/control_msgs/control_msgs/msg/detail/joint_controller_state__struct.hpp
-- Up-to-date symlink: /home/psd/psd_ws/install/control_msgs/include/control_msgs/control_msgs/msg/detail/joint_controller_state__traits.hpp
-- Up-to-date symlink: /home/psd/psd_ws/install/control_msgs/include/control_msgs/control_msgs/msg/detail/joint_jog__builder.hpp
-- Up-to-date symlink: /home/psd/psd_ws/install/control_msgs/include/control_msgs/control_msgs/msg/detail/joint_jog__struct.hpp
-- Up-to-date symlink: /home/psd/psd_ws/install/control_msgs/include/control_msgs/control_msgs/msg/detail/joint_jog__traits.hpp
-- Up-to-date symlink: /home/psd/psd_ws/install/control_msgs/include/control_msgs/control_msgs/msg/detail/joint_tolerance__builder.hpp
-- Up-to-date symlink: /home/psd/psd_ws/install/control_msgs/include/control_msgs/control_msgs/msg/detail/joint_tolerance__struct.hpp
-- Up-to-date symlink: /home/psd/psd_ws/install/control_msgs/include/control_msgs/control_msgs/msg/detail/joint_tolerance__traits.hpp
-- Up-to-date symlink: /home/psd/psd_ws/install/control_msgs/include/control_msgs/control_msgs/msg/detail/joint_trajectory_controller_state__builder.hpp
-- Up-to-date symlink: /home/psd/psd_ws/install/control_msgs/include/control_msgs/control_msgs/msg/detail/joint_trajectory_controller_state__struct.hpp
-- Up-to-date symlink: /home/psd/psd_ws/install/control_msgs/include/control_msgs/control_msgs/msg/detail/joint_trajectory_controller_state__traits.hpp
-- Up-to-date symlink: /home/psd/psd_ws/install/control_msgs/include/control_msgs/control_msgs/msg/detail/mecanum_drive_controller_state__builder.hpp
-- Up-to-date symlink: /home/psd/psd_ws/install/control_msgs/include/control_msgs/control_msgs/msg/detail/mecanum_drive_controller_state__struct.hpp
-- Up-to-date symlink: /home/psd/psd_ws/install/control_msgs/include/control_msgs/control_msgs/msg/detail/mecanum_drive_controller_state__traits.hpp
-- Up-to-date symlink: /home/psd/psd_ws/install/control_msgs/include/control_msgs/control_msgs/msg/detail/pid_state__builder.hpp
-- Up-to-date symlink: /home/psd/psd_ws/install/control_msgs/include/control_msgs/control_msgs/msg/detail/pid_state__struct.hpp
-- Up-to-date symlink: /home/psd/psd_ws/install/control_msgs/include/control_msgs/control_msgs/msg/detail/pid_state__traits.hpp
-- Up-to-date symlink: /home/psd/psd_ws/install/control_msgs/include/control_msgs/control_msgs/msg/detail/steering_controller_status__builder.hpp
-- Up-to-date symlink: /home/psd/psd_ws/install/control_msgs/include/control_msgs/control_msgs/msg/detail/steering_controller_status__struct.hpp
-- Up-to-date symlink: /home/psd/psd_ws/install/control_msgs/include/control_msgs/control_msgs/msg/detail/steering_controller_status__traits.hpp
-- Up-to-date symlink: /home/psd/psd_ws/install/control_msgs/include/control_msgs/control_msgs/msg/dynamic_joint_state.hpp
-- Up-to-date symlink: /home/psd/psd_ws/install/control_msgs/include/control_msgs/control_msgs/msg/gripper_command.hpp
-- Up-to-date symlink: /home/psd/psd_ws/install/control_msgs/include/control_msgs/control_msgs/msg/interface_value.hpp
-- Up-to-date symlink: /home/psd/psd_ws/install/control_msgs/include/control_msgs/control_msgs/msg/joint_component_tolerance.hpp
-- Up-to-date symlink: /home/psd/psd_ws/install/control_msgs/include/control_msgs/control_msgs/msg/joint_controller_state.hpp
-- Up-to-date symlink: /home/psd/psd_ws/install/control_msgs/include/control_msgs/control_msgs/msg/joint_jog.hpp
-- Up-to-date symlink: /home/psd/psd_ws/install/control_msgs/include/control_msgs/control_msgs/msg/joint_tolerance.hpp
-- Up-to-date symlink: /home/psd/psd_ws/install/control_msgs/include/control_msgs/control_msgs/msg/joint_trajectory_controller_state.hpp
-- Up-to-date symlink: /home/psd/psd_ws/install/control_msgs/include/control_msgs/control_msgs/msg/mecanum_drive_controller_state.hpp
-- Up-to-date symlink: /home/psd/psd_ws/install/control_msgs/include/control_msgs/control_msgs/msg/pid_state.hpp
-- Up-to-date symlink: /home/psd/psd_ws/install/control_msgs/include/control_msgs/control_msgs/msg/steering_controller_status.hpp
-- Up-to-date symlink: /home/psd/psd_ws/install/control_msgs/include/control_msgs/control_msgs/srv/detail/query_calibration_state__builder.hpp
-- Up-to-date symlink: /home/psd/psd_ws/install/control_msgs/include/control_msgs/control_msgs/srv/detail/query_calibration_state__struct.hpp
-- Up-to-date symlink: /home/psd/psd_ws/install/control_msgs/include/control_msgs/control_msgs/srv/detail/query_calibration_state__traits.hpp
-- Up-to-date symlink: /home/psd/psd_ws/install/control_msgs/include/control_msgs/control_msgs/srv/detail/query_trajectory_state__builder.hpp
-- Up-to-date symlink: /home/psd/psd_ws/install/control_msgs/include/control_msgs/control_msgs/srv/detail/query_trajectory_state__struct.hpp
-- Up-to-date symlink: /home/psd/psd_ws/install/control_msgs/include/control_msgs/control_msgs/srv/detail/query_trajectory_state__traits.hpp
-- Up-to-date symlink: /home/psd/psd_ws/install/control_msgs/include/control_msgs/control_msgs/srv/query_calibration_state.hpp
-- Up-to-date symlink: /home/psd/psd_ws/install/control_msgs/include/control_msgs/control_msgs/srv/query_trajectory_state.hpp
-- Up-to-date symlink: /home/psd/psd_ws/install/control_msgs/include/control_msgs/control_msgs/action/detail/follow_joint_trajectory__rosidl_typesupport_fastrtps_cpp.hpp
-- Up-to-date symlink: /home/psd/psd_ws/install/control_msgs/include/control_msgs/control_msgs/action/detail/gripper_command__rosidl_typesupport_fastrtps_cpp.hpp
-- Up-to-date symlink: /home/psd/psd_ws/install/control_msgs/include/control_msgs/control_msgs/action/detail/joint_trajectory__rosidl_typesupport_fastrtps_cpp.hpp
-- Up-to-date symlink: /home/psd/psd_ws/install/control_msgs/include/control_msgs/control_msgs/action/detail/point_head__rosidl_typesupport_fastrtps_cpp.hpp
-- Up-to-date symlink: /home/psd/psd_ws/install/control_msgs/include/control_msgs/control_msgs/action/detail/single_joint_position__rosidl_typesupport_fastrtps_cpp.hpp
-- Up-to-date symlink: /home/psd/psd_ws/install/control_msgs/include/control_msgs/control_msgs/msg/detail/admittance_controller_state__rosidl_typesupport_fastrtps_cpp.hpp
-- Up-to-date symlink: /home/psd/psd_ws/install/control_msgs/include/control_msgs/control_msgs/msg/detail/dynamic_joint_state__rosidl_typesupport_fastrtps_cpp.hpp
-- Up-to-date symlink: /home/psd/psd_ws/install/control_msgs/include/control_msgs/control_msgs/msg/detail/gripper_command__rosidl_typesupport_fastrtps_cpp.hpp
-- Up-to-date symlink: /home/psd/psd_ws/install/control_msgs/include/control_msgs/control_msgs/msg/detail/interface_value__rosidl_typesupport_fastrtps_cpp.hpp
-- Up-to-date symlink: /home/psd/psd_ws/install/control_msgs/include/control_msgs/control_msgs/msg/detail/joint_component_tolerance__rosidl_typesupport_fastrtps_cpp.hpp
-- Up-to-date symlink: /home/psd/psd_ws/install/control_msgs/include/control_msgs/control_msgs/msg/detail/joint_controller_state__rosidl_typesupport_fastrtps_cpp.hpp
-- Up-to-date symlink: /home/psd/psd_ws/install/control_msgs/include/control_msgs/control_msgs/msg/detail/joint_jog__rosidl_typesupport_fastrtps_cpp.hpp
-- Up-to-date symlink: /home/psd/psd_ws/install/control_msgs/include/control_msgs/control_msgs/msg/detail/joint_tolerance__rosidl_typesupport_fastrtps_cpp.hpp
-- Up-to-date symlink: /home/psd/psd_ws/install/control_msgs/include/control_msgs/control_msgs/msg/detail/joint_trajectory_controller_state__rosidl_typesupport_fastrtps_cpp.hpp
-- Up-to-date symlink: /home/psd/psd_ws/install/control_msgs/include/control_msgs/control_msgs/msg/detail/mecanum_drive_controller_state__rosidl_typesupport_fastrtps_cpp.hpp
-- Up-to-date symlink: /home/psd/psd_ws/install/control_msgs/include/control_msgs/control_msgs/msg/detail/pid_state__rosidl_typesupport_fastrtps_cpp.hpp
-- Up-to-date symlink: /home/psd/psd_ws/install/control_msgs/include/control_msgs/control_msgs/msg/detail/steering_controller_status__rosidl_typesupport_fastrtps_cpp.hpp
-- Up-to-date symlink: /home/psd/psd_ws/install/control_msgs/include/control_msgs/control_msgs/msg/rosidl_typesupport_fastrtps_cpp__visibility_control.h
-- Up-to-date symlink: /home/psd/psd_ws/install/control_msgs/include/control_msgs/control_msgs/srv/detail/query_calibration_state__rosidl_typesupport_fastrtps_cpp.hpp
-- Up-to-date symlink: /home/psd/psd_ws/install/control_msgs/include/control_msgs/control_msgs/srv/detail/query_trajectory_state__rosidl_typesupport_fastrtps_cpp.hpp
-- Up-to-date symlink: /home/psd/psd_ws/install/control_msgs/include/control_msgs/control_msgs/action/detail/follow_joint_trajectory__rosidl_typesupport_introspection_c.h
-- Up-to-date symlink: /home/psd/psd_ws/install/control_msgs/include/control_msgs/control_msgs/action/detail/gripper_command__rosidl_typesupport_introspection_c.h
-- Up-to-date symlink: /home/psd/psd_ws/install/control_msgs/include/control_msgs/control_msgs/action/detail/joint_trajectory__rosidl_typesupport_introspection_c.h
-- Up-to-date symlink: /home/psd/psd_ws/install/control_msgs/include/control_msgs/control_msgs/action/detail/point_head__rosidl_typesupport_introspection_c.h
-- Up-to-date symlink: /home/psd/psd_ws/install/control_msgs/include/control_msgs/control_msgs/action/detail/single_joint_position__rosidl_typesupport_introspection_c.h
-- Up-to-date symlink: /home/psd/psd_ws/install/control_msgs/include/control_msgs/control_msgs/msg/detail/admittance_controller_state__rosidl_typesupport_introspection_c.h
-- Up-to-date symlink: /home/psd/psd_ws/install/control_msgs/include/control_msgs/control_msgs/msg/detail/dynamic_joint_state__rosidl_typesupport_introspection_c.h
-- Up-to-date symlink: /home/psd/psd_ws/install/control_msgs/include/control_msgs/control_msgs/msg/detail/gripper_command__rosidl_typesupport_introspection_c.h
-- Up-to-date symlink: /home/psd/psd_ws/install/control_msgs/include/control_msgs/control_msgs/msg/detail/interface_value__rosidl_typesupport_introspection_c.h
-- Up-to-date symlink: /home/psd/psd_ws/install/control_msgs/include/control_msgs/control_msgs/msg/detail/joint_component_tolerance__rosidl_typesupport_introspection_c.h
-- Up-to-date symlink: /home/psd/psd_ws/install/control_msgs/include/control_msgs/control_msgs/msg/detail/joint_controller_state__rosidl_typesupport_introspection_c.h
-- Up-to-date symlink: /home/psd/psd_ws/install/control_msgs/include/control_msgs/control_msgs/msg/detail/joint_jog__rosidl_typesupport_introspection_c.h
-- Up-to-date symlink: /home/psd/psd_ws/install/control_msgs/include/control_msgs/control_msgs/msg/detail/joint_tolerance__rosidl_typesupport_introspection_c.h
-- Up-to-date symlink: /home/psd/psd_ws/install/control_msgs/include/control_msgs/control_msgs/msg/detail/joint_trajectory_controller_state__rosidl_typesupport_introspection_c.h
-- Up-to-date symlink: /home/psd/psd_ws/install/control_msgs/include/control_msgs/control_msgs/msg/detail/mecanum_drive_controller_state__rosidl_typesupport_introspection_c.h
-- Up-to-date symlink: /home/psd/psd_ws/install/control_msgs/include/control_msgs/control_msgs/msg/detail/pid_state__rosidl_typesupport_introspection_c.h
-- Up-to-date symlink: /home/psd/psd_ws/install/control_msgs/include/control_msgs/control_msgs/msg/detail/steering_controller_status__rosidl_typesupport_introspection_c.h
-- Up-to-date symlink: /home/psd/psd_ws/install/control_msgs/include/control_msgs/control_msgs/msg/rosidl_typesupport_introspection_c__visibility_control.h
-- Up-to-date symlink: /home/psd/psd_ws/install/control_msgs/include/control_msgs/control_msgs/srv/detail/query_calibration_state__rosidl_typesupport_introspection_c.h
-- Up-to-date symlink: /home/psd/psd_ws/install/control_msgs/include/control_msgs/control_msgs/srv/detail/query_trajectory_state__rosidl_typesupport_introspection_c.h
-- Up-to-date symlink: /home/psd/psd_ws/install/control_msgs/include/control_msgs/control_msgs/action/detail/follow_joint_trajectory__rosidl_typesupport_introspection_cpp.hpp
-- Up-to-date symlink: /home/psd/psd_ws/install/control_msgs/include/control_msgs/control_msgs/action/detail/gripper_command__rosidl_typesupport_introspection_cpp.hpp
-- Up-to-date symlink: /home/psd/psd_ws/install/control_msgs/include/control_msgs/control_msgs/action/detail/joint_trajectory__rosidl_typesupport_introspection_cpp.hpp
-- Up-to-date symlink: /home/psd/psd_ws/install/control_msgs/include/control_msgs/control_msgs/action/detail/point_head__rosidl_typesupport_introspection_cpp.hpp
-- Up-to-date symlink: /home/psd/psd_ws/install/control_msgs/include/control_msgs/control_msgs/action/detail/single_joint_position__rosidl_typesupport_introspection_cpp.hpp
-- Up-to-date symlink: /home/psd/psd_ws/install/control_msgs/include/control_msgs/control_msgs/msg/detail/admittance_controller_state__rosidl_typesupport_introspection_cpp.hpp
-- Up-to-date symlink: /home/psd/psd_ws/install/control_msgs/include/control_msgs/control_msgs/msg/detail/dynamic_joint_state__rosidl_typesupport_introspection_cpp.hpp
-- Up-to-date symlink: /home/psd/psd_ws/install/control_msgs/include/control_msgs/control_msgs/msg/detail/gripper_command__rosidl_typesupport_introspection_cpp.hpp
-- Up-to-date symlink: /home/psd/psd_ws/install/control_msgs/include/control_msgs/control_msgs/msg/detail/interface_value__rosidl_typesupport_introspection_cpp.hpp
-- Up-to-date symlink: /home/psd/psd_ws/install/control_msgs/include/control_msgs/control_msgs/msg/detail/joint_component_tolerance__rosidl_typesupport_introspection_cpp.hpp
-- Up-to-date symlink: /home/psd/psd_ws/install/control_msgs/include/control_msgs/control_msgs/msg/detail/joint_controller_state__rosidl_typesupport_introspection_cpp.hpp
-- Up-to-date symlink: /home/psd/psd_ws/install/control_msgs/include/control_msgs/control_msgs/msg/detail/joint_jog__rosidl_typesupport_introspection_cpp.hpp
-- Up-to-date symlink: /home/psd/psd_ws/install/control_msgs/include/control_msgs/control_msgs/msg/detail/joint_tolerance__rosidl_typesupport_introspection_cpp.hpp
-- Up-to-date symlink: /home/psd/psd_ws/install/control_msgs/include/control_msgs/control_msgs/msg/detail/joint_trajectory_controller_state__rosidl_typesupport_introspection_cpp.hpp
-- Up-to-date symlink: /home/psd/psd_ws/install/control_msgs/include/control_msgs/control_msgs/msg/detail/mecanum_drive_controller_state__rosidl_typesupport_introspection_cpp.hpp
-- Up-to-date symlink: /home/psd/psd_ws/install/control_msgs/include/control_msgs/control_msgs/msg/detail/pid_state__rosidl_typesupport_introspection_cpp.hpp
-- Up-to-date symlink: /home/psd/psd_ws/install/control_msgs/include/control_msgs/control_msgs/msg/detail/steering_controller_status__rosidl_typesupport_introspection_cpp.hpp
-- Up-to-date symlink: /home/psd/psd_ws/install/control_msgs/include/control_msgs/control_msgs/srv/detail/query_calibration_state__rosidl_typesupport_introspection_cpp.hpp
-- Up-to-date symlink: /home/psd/psd_ws/install/control_msgs/include/control_msgs/control_msgs/srv/detail/query_trajectory_state__rosidl_typesupport_introspection_cpp.hpp
-- Up-to-date symlink: /home/psd/psd_ws/install/control_msgs/share/control_msgs/environment/pythonpath.sh
-- Up-to-date symlink: /home/psd/psd_ws/install/control_msgs/share/control_msgs/environment/pythonpath.dsv
-- Up-to-date symlink: /home/psd/psd_ws/install/control_msgs/local/lib/python3.10/dist-packages/control_msgs-4.4.0-py3.10.egg-info/PKG-INFO
-- Up-to-date symlink: /home/psd/psd_ws/install/control_msgs/local/lib/python3.10/dist-packages/control_msgs-4.4.0-py3.10.egg-info/SOURCES.txt
-- Up-to-date symlink: /home/psd/psd_ws/install/control_msgs/local/lib/python3.10/dist-packages/control_msgs-4.4.0-py3.10.egg-info/dependency_links.txt
-- Up-to-date symlink: /home/psd/psd_ws/install/control_msgs/local/lib/python3.10/dist-packages/control_msgs-4.4.0-py3.10.egg-info/top_level.txt
-- Up-to-date symlink: /home/psd/psd_ws/install/control_msgs/local/lib/python3.10/dist-packages/control_msgs/__init__.py
-- Up-to-date symlink: /home/psd/psd_ws/install/control_msgs/local/lib/python3.10/dist-packages/control_msgs/_control_msgs_s.ep.rosidl_typesupport_c.c
-- Up-to-date symlink: /home/psd/psd_ws/install/control_msgs/local/lib/python3.10/dist-packages/control_msgs/_control_msgs_s.ep.rosidl_typesupport_fastrtps_c.c
-- Up-to-date symlink: /home/psd/psd_ws/install/control_msgs/local/lib/python3.10/dist-packages/control_msgs/_control_msgs_s.ep.rosidl_typesupport_introspection_c.c
-- Up-to-date symlink: /home/psd/psd_ws/install/control_msgs/local/lib/python3.10/dist-packages/control_msgs/action/__init__.py
-- Up-to-date symlink: /home/psd/psd_ws/install/control_msgs/local/lib/python3.10/dist-packages/control_msgs/action/_follow_joint_trajectory.py
-- Up-to-date symlink: /home/psd/psd_ws/install/control_msgs/local/lib/python3.10/dist-packages/control_msgs/action/_follow_joint_trajectory_s.c
-- Up-to-date symlink: /home/psd/psd_ws/install/control_msgs/local/lib/python3.10/dist-packages/control_msgs/action/_gripper_command.py
-- Up-to-date symlink: /home/psd/psd_ws/install/control_msgs/local/lib/python3.10/dist-packages/control_msgs/action/_gripper_command_s.c
-- Up-to-date symlink: /home/psd/psd_ws/install/control_msgs/local/lib/python3.10/dist-packages/control_msgs/action/_joint_trajectory.py
-- Up-to-date symlink: /home/psd/psd_ws/install/control_msgs/local/lib/python3.10/dist-packages/control_msgs/action/_joint_trajectory_s.c
-- Up-to-date symlink: /home/psd/psd_ws/install/control_msgs/local/lib/python3.10/dist-packages/control_msgs/action/_point_head.py
-- Up-to-date symlink: /home/psd/psd_ws/install/control_msgs/local/lib/python3.10/dist-packages/control_msgs/action/_point_head_s.c
-- Up-to-date symlink: /home/psd/psd_ws/install/control_msgs/local/lib/python3.10/dist-packages/control_msgs/action/_single_joint_position.py
-- Up-to-date symlink: /home/psd/psd_ws/install/control_msgs/local/lib/python3.10/dist-packages/control_msgs/action/_single_joint_position_s.c
-- Up-to-date symlink: /home/psd/psd_ws/install/control_msgs/local/lib/python3.10/dist-packages/control_msgs/control_msgs_s__rosidl_typesupport_c.cpython-310-x86_64-linux-gnu.so
-- Up-to-date symlink: /home/psd/psd_ws/install/control_msgs/local/lib/python3.10/dist-packages/control_msgs/control_msgs_s__rosidl_typesupport_fastrtps_c.cpython-310-x86_64-linux-gnu.so
-- Up-to-date symlink: /home/psd/psd_ws/install/control_msgs/local/lib/python3.10/dist-packages/control_msgs/control_msgs_s__rosidl_typesupport_introspection_c.cpython-310-x86_64-linux-gnu.so
-- Up-to-date symlink: /home/psd/psd_ws/install/control_msgs/local/lib/python3.10/dist-packages/control_msgs/libcontrol_msgs__rosidl_generator_py.so
-- Up-to-date symlink: /home/psd/psd_ws/install/control_msgs/local/lib/python3.10/dist-packages/control_msgs/msg/__init__.py
-- Up-to-date symlink: /home/psd/psd_ws/install/control_msgs/local/lib/python3.10/dist-packages/control_msgs/msg/_admittance_controller_state.py
-- Up-to-date symlink: /home/psd/psd_ws/install/control_msgs/local/lib/python3.10/dist-packages/control_msgs/msg/_admittance_controller_state_s.c
-- Up-to-date symlink: /home/psd/psd_ws/install/control_msgs/local/lib/python3.10/dist-packages/control_msgs/msg/_dynamic_joint_state.py
-- Up-to-date symlink: /home/psd/psd_ws/install/control_msgs/local/lib/python3.10/dist-packages/control_msgs/msg/_dynamic_joint_state_s.c
-- Up-to-date symlink: /home/psd/psd_ws/install/control_msgs/local/lib/python3.10/dist-packages/control_msgs/msg/_gripper_command.py
-- Up-to-date symlink: /home/psd/psd_ws/install/control_msgs/local/lib/python3.10/dist-packages/control_msgs/msg/_gripper_command_s.c
-- Up-to-date symlink: /home/psd/psd_ws/install/control_msgs/local/lib/python3.10/dist-packages/control_msgs/msg/_interface_value.py
-- Up-to-date symlink: /home/psd/psd_ws/install/control_msgs/local/lib/python3.10/dist-packages/control_msgs/msg/_interface_value_s.c
-- Up-to-date symlink: /home/psd/psd_ws/install/control_msgs/local/lib/python3.10/dist-packages/control_msgs/msg/_joint_component_tolerance.py
-- Up-to-date symlink: /home/psd/psd_ws/install/control_msgs/local/lib/python3.10/dist-packages/control_msgs/msg/_joint_component_tolerance_s.c
-- Up-to-date symlink: /home/psd/psd_ws/install/control_msgs/local/lib/python3.10/dist-packages/control_msgs/msg/_joint_controller_state.py
-- Up-to-date symlink: /home/psd/psd_ws/install/control_msgs/local/lib/python3.10/dist-packages/control_msgs/msg/_joint_controller_state_s.c
-- Up-to-date symlink: /home/psd/psd_ws/install/control_msgs/local/lib/python3.10/dist-packages/control_msgs/msg/_joint_jog.py
-- Up-to-date symlink: /home/psd/psd_ws/install/control_msgs/local/lib/python3.10/dist-packages/control_msgs/msg/_joint_jog_s.c
-- Up-to-date symlink: /home/psd/psd_ws/install/control_msgs/local/lib/python3.10/dist-packages/control_msgs/msg/_joint_tolerance.py
-- Up-to-date symlink: /home/psd/psd_ws/install/control_msgs/local/lib/python3.10/dist-packages/control_msgs/msg/_joint_tolerance_s.c
-- Up-to-date symlink: /home/psd/psd_ws/install/control_msgs/local/lib/python3.10/dist-packages/control_msgs/msg/_joint_trajectory_controller_state.py
-- Up-to-date symlink: /home/psd/psd_ws/install/control_msgs/local/lib/python3.10/dist-packages/control_msgs/msg/_joint_trajectory_controller_state_s.c
-- Up-to-date symlink: /home/psd/psd_ws/install/control_msgs/local/lib/python3.10/dist-packages/control_msgs/msg/_mecanum_drive_controller_state.py
-- Up-to-date symlink: /home/psd/psd_ws/install/control_msgs/local/lib/python3.10/dist-packages/control_msgs/msg/_mecanum_drive_controller_state_s.c
-- Up-to-date symlink: /home/psd/psd_ws/install/control_msgs/local/lib/python3.10/dist-packages/control_msgs/msg/_pid_state.py
-- Up-to-date symlink: /home/psd/psd_ws/install/control_msgs/local/lib/python3.10/dist-packages/control_msgs/msg/_pid_state_s.c
-- Up-to-date symlink: /home/psd/psd_ws/install/control_msgs/local/lib/python3.10/dist-packages/control_msgs/msg/_steering_controller_status.py
-- Up-to-date symlink: /home/psd/psd_ws/install/control_msgs/local/lib/python3.10/dist-packages/control_msgs/msg/_steering_controller_status_s.c
-- Up-to-date symlink: /home/psd/psd_ws/install/control_msgs/local/lib/python3.10/dist-packages/control_msgs/srv/__init__.py
-- Up-to-date symlink: /home/psd/psd_ws/install/control_msgs/local/lib/python3.10/dist-packages/control_msgs/srv/_query_calibration_state.py
-- Up-to-date symlink: /home/psd/psd_ws/install/control_msgs/local/lib/python3.10/dist-packages/control_msgs/srv/_query_calibration_state_s.c
-- Up-to-date symlink: /home/psd/psd_ws/install/control_msgs/local/lib/python3.10/dist-packages/control_msgs/srv/_query_trajectory_state.py
-- Up-to-date symlink: /home/psd/psd_ws/install/control_msgs/local/lib/python3.10/dist-packages/control_msgs/srv/_query_trajectory_state_s.c
-- Up-to-date symlink: /home/psd/psd_ws/install/control_msgs/local/lib/python3.10/dist-packages/control_msgs/control_msgs_s__rosidl_typesupport_fastrtps_c.cpython-310-x86_64-linux-gnu.so
-- Up-to-date symlink: /home/psd/psd_ws/install/control_msgs/local/lib/python3.10/dist-packages/control_msgs/control_msgs_s__rosidl_typesupport_introspection_c.cpython-310-x86_64-linux-gnu.so
-- Up-to-date symlink: /home/psd/psd_ws/install/control_msgs/local/lib/python3.10/dist-packages/control_msgs/control_msgs_s__rosidl_typesupport_c.cpython-310-x86_64-linux-gnu.so
-- Up-to-date symlink: /home/psd/psd_ws/install/control_msgs/share/control_msgs/action/FollowJointTrajectory.idl
-- Up-to-date symlink: /home/psd/psd_ws/install/control_msgs/share/control_msgs/action/GripperCommand.idl
-- Up-to-date symlink: /home/psd/psd_ws/install/control_msgs/share/control_msgs/action/JointTrajectory.idl
-- Up-to-date symlink: /home/psd/psd_ws/install/control_msgs/share/control_msgs/action/PointHead.idl
-- Up-to-date symlink: /home/psd/psd_ws/install/control_msgs/share/control_msgs/action/SingleJointPosition.idl
-- Up-to-date symlink: /home/psd/psd_ws/install/control_msgs/share/control_msgs/msg/AdmittanceControllerState.idl
-- Up-to-date symlink: /home/psd/psd_ws/install/control_msgs/share/control_msgs/msg/DynamicJointState.idl
-- Up-to-date symlink: /home/psd/psd_ws/install/control_msgs/share/control_msgs/msg/GripperCommand.idl
-- Up-to-date symlink: /home/psd/psd_ws/install/control_msgs/share/control_msgs/msg/InterfaceValue.idl
-- Up-to-date symlink: /home/psd/psd_ws/install/control_msgs/share/control_msgs/msg/JointComponentTolerance.idl
-- Up-to-date symlink: /home/psd/psd_ws/install/control_msgs/share/control_msgs/msg/JointControllerState.idl
-- Up-to-date symlink: /home/psd/psd_ws/install/control_msgs/share/control_msgs/msg/JointJog.idl
-- Up-to-date symlink: /home/psd/psd_ws/install/control_msgs/share/control_msgs/msg/JointTolerance.idl
-- Up-to-date symlink: /home/psd/psd_ws/install/control_msgs/share/control_msgs/msg/JointTrajectoryControllerState.idl
-- Up-to-date symlink: /home/psd/psd_ws/install/control_msgs/share/control_msgs/msg/MecanumDriveControllerState.idl
-- Up-to-date symlink: /home/psd/psd_ws/install/control_msgs/share/control_msgs/msg/PidState.idl
-- Up-to-date symlink: /home/psd/psd_ws/install/control_msgs/share/control_msgs/msg/SteeringControllerStatus.idl
-- Up-to-date symlink: /home/psd/psd_ws/install/control_msgs/share/control_msgs/srv/QueryCalibrationState.idl
-- Up-to-date symlink: /home/psd/psd_ws/install/control_msgs/share/control_msgs/srv/QueryTrajectoryState.idl
-- Up-to-date symlink: /home/psd/psd_ws/install/control_msgs/share/control_msgs/action/FollowJointTrajectory.action
-- Up-to-date symlink: /home/psd/psd_ws/install/control_msgs/share/control_msgs/action/GripperCommand.action
-- Up-to-date symlink: /home/psd/psd_ws/install/control_msgs/share/control_msgs/action/JointTrajectory.action
-- Up-to-date symlink: /home/psd/psd_ws/install/control_msgs/share/control_msgs/action/PointHead.action
-- Up-to-date symlink: /home/psd/psd_ws/install/control_msgs/share/control_msgs/action/SingleJointPosition.action
-- Up-to-date symlink: /home/psd/psd_ws/install/control_msgs/share/control_msgs/msg/AdmittanceControllerState.msg
-- Up-to-date symlink: /home/psd/psd_ws/install/control_msgs/share/control_msgs/msg/DynamicJointState.msg
-- Up-to-date symlink: /home/psd/psd_ws/install/control_msgs/share/control_msgs/msg/GripperCommand.msg
-- Up-to-date symlink: /home/psd/psd_ws/install/control_msgs/share/control_msgs/msg/InterfaceValue.msg
-- Up-to-date symlink: /home/psd/psd_ws/install/control_msgs/share/control_msgs/msg/JointComponentTolerance.msg
-- Up-to-date symlink: /home/psd/psd_ws/install/control_msgs/share/control_msgs/msg/JointControllerState.msg
-- Up-to-date symlink: /home/psd/psd_ws/install/control_msgs/share/control_msgs/msg/JointJog.msg
-- Up-to-date symlink: /home/psd/psd_ws/install/control_msgs/share/control_msgs/msg/JointTolerance.msg
-- Up-to-date symlink: /home/psd/psd_ws/install/control_msgs/share/control_msgs/msg/JointTrajectoryControllerState.msg
-- Up-to-date symlink: /home/psd/psd_ws/install/control_msgs/share/control_msgs/msg/MecanumDriveControllerState.msg
-- Up-to-date symlink: /home/psd/psd_ws/install/control_msgs/share/control_msgs/msg/PidState.msg
-- Up-to-date symlink: /home/psd/psd_ws/install/control_msgs/share/control_msgs/msg/SteeringControllerStatus.msg
-- Up-to-date symlink: /home/psd/psd_ws/install/control_msgs/share/control_msgs/srv/QueryCalibrationState.srv
-- Up-to-date symlink: /home/psd/psd_ws/install/control_msgs/share/control_msgs/srv/QueryCalibrationState_Request.msg
-- Up-to-date symlink: /home/psd/psd_ws/install/control_msgs/share/control_msgs/srv/QueryCalibrationState_Response.msg
-- Up-to-date symlink: /home/psd/psd_ws/install/control_msgs/share/control_msgs/srv/QueryTrajectoryState.srv
-- Up-to-date symlink: /home/psd/psd_ws/install/control_msgs/share/control_msgs/srv/QueryTrajectoryState_Request.msg
-- Up-to-date symlink: /home/psd/psd_ws/install/control_msgs/share/control_msgs/srv/QueryTrajectoryState_Response.msg
-- Up-to-date symlink: /home/psd/psd_ws/install/control_msgs/share/ament_index/resource_index/package_run_dependencies/control_msgs
-- Up-to-date symlink: /home/psd/psd_ws/install/control_msgs/share/ament_index/resource_index/parent_prefix_path/control_msgs
-- Up-to-date symlink: /home/psd/psd_ws/install/control_msgs/share/control_msgs/environment/ament_prefix_path.sh
-- Up-to-date symlink: /home/psd/psd_ws/install/control_msgs/share/control_msgs/environment/ament_prefix_path.dsv
-- Up-to-date symlink: /home/psd/psd_ws/install/control_msgs/share/control_msgs/environment/path.sh
-- Up-to-date symlink: /home/psd/psd_ws/install/control_msgs/share/control_msgs/environment/path.dsv
-- Up-to-date symlink: /home/psd/psd_ws/install/control_msgs/share/control_msgs/local_setup.bash
-- Up-to-date symlink: /home/psd/psd_ws/install/control_msgs/share/control_msgs/local_setup.sh
-- Up-to-date symlink: /home/psd/psd_ws/install/control_msgs/share/control_msgs/local_setup.zsh
-- Up-to-date symlink: /home/psd/psd_ws/install/control_msgs/share/control_msgs/local_setup.dsv
-- Symlinking: /home/psd/psd_ws/install/control_msgs/share/control_msgs/package.dsv
-- Up-to-date symlink: /home/psd/psd_ws/install/control_msgs/share/ament_index/resource_index/packages/control_msgs
-- Up-to-date symlink: /home/psd/psd_ws/install/control_msgs/share/control_msgs/cmake/rosidl_cmake-extras.cmake
-- Up-to-date symlink: /home/psd/psd_ws/install/control_msgs/share/control_msgs/cmake/ament_cmake_export_dependencies-extras.cmake
-- Up-to-date symlink: /home/psd/psd_ws/install/control_msgs/share/control_msgs/cmake/ament_cmake_export_include_directories-extras.cmake
-- Up-to-date symlink: /home/psd/psd_ws/install/control_msgs/share/control_msgs/cmake/ament_cmake_export_libraries-extras.cmake
-- Up-to-date symlink: /home/psd/psd_ws/install/control_msgs/share/control_msgs/cmake/ament_cmake_export_targets-extras.cmake
-- Up-to-date symlink: /home/psd/psd_ws/install/control_msgs/share/control_msgs/cmake/rosidl_cmake_export_typesupport_targets-extras.cmake
-- Up-to-date symlink: /home/psd/psd_ws/install/control_msgs/share/control_msgs/cmake/rosidl_cmake_export_typesupport_libraries-extras.cmake
-- Up-to-date symlink: /home/psd/psd_ws/install/control_msgs/share/control_msgs/cmake/control_msgsConfig.cmake
-- Up-to-date symlink: /home/psd/psd_ws/install/control_msgs/share/control_msgs/cmake/control_msgsConfig-version.cmake
-- Up-to-date symlink: /home/psd/psd_ws/install/control_msgs/share/control_msgs/package.xml
-- Installing: /home/psd/psd_ws/install/control_msgs/lib/libcontrol_msgs__rosidl_generator_c.so
-- Set runtime path of "/home/psd/psd_ws/install/control_msgs/lib/libcontrol_msgs__rosidl_generator_c.so" to ""
-- Installing: /home/psd/psd_ws/install/control_msgs/lib/libcontrol_msgs__rosidl_typesupport_fastrtps_c.so
-- Set runtime path of "/home/psd/psd_ws/install/control_msgs/lib/libcontrol_msgs__rosidl_typesupport_fastrtps_c.so" to ""
-- Installing: /home/psd/psd_ws/install/control_msgs/lib/libcontrol_msgs__rosidl_typesupport_fastrtps_cpp.so
-- Set runtime path of "/home/psd/psd_ws/install/control_msgs/lib/libcontrol_msgs__rosidl_typesupport_fastrtps_cpp.so" to ""
-- Installing: /home/psd/psd_ws/install/control_msgs/lib/libcontrol_msgs__rosidl_typesupport_introspection_c.so
-- Set runtime path of "/home/psd/psd_ws/install/control_msgs/lib/libcontrol_msgs__rosidl_typesupport_introspection_c.so" to ""
-- Installing: /home/psd/psd_ws/install/control_msgs/lib/libcontrol_msgs__rosidl_typesupport_c.so
-- Set runtime path of "/home/psd/psd_ws/install/control_msgs/lib/libcontrol_msgs__rosidl_typesupport_c.so" to ""
-- Installing: /home/psd/psd_ws/install/control_msgs/lib/libcontrol_msgs__rosidl_typesupport_introspection_cpp.so
-- Set runtime path of "/home/psd/psd_ws/install/control_msgs/lib/libcontrol_msgs__rosidl_typesupport_introspection_cpp.so" to ""
-- Installing: /home/psd/psd_ws/install/control_msgs/lib/libcontrol_msgs__rosidl_typesupport_cpp.so
-- Set runtime path of "/home/psd/psd_ws/install/control_msgs/lib/libcontrol_msgs__rosidl_typesupport_cpp.so" to ""
Listing '/home/psd/psd_ws/install/control_msgs/local/lib/python3.10/dist-packages/control_msgs'...
Listing '/home/psd/psd_ws/install/control_msgs/local/lib/python3.10/dist-packages/control_msgs/action'...
Listing '/home/psd/psd_ws/install/control_msgs/local/lib/python3.10/dist-packages/control_msgs/msg'...
Listing '/home/psd/psd_ws/install/control_msgs/local/lib/python3.10/dist-packages/control_msgs/srv'...
-- Installing: /home/psd/psd_ws/install/control_msgs/lib/libcontrol_msgs__rosidl_generator_py.so
-- Set runtime path of "/home/psd/psd_ws/install/control_msgs/lib/libcontrol_msgs__rosidl_generator_py.so" to ""
-- Up-to-date: /home/psd/psd_ws/install/control_msgs/share/control_msgs/cmake/export_control_msgs__rosidl_generator_cExport.cmake
-- Up-to-date: /home/psd/psd_ws/install/control_msgs/share/control_msgs/cmake/export_control_msgs__rosidl_generator_cExport-noconfig.cmake
-- Up-to-date: /home/psd/psd_ws/install/control_msgs/share/control_msgs/cmake/export_control_msgs__rosidl_typesupport_fastrtps_cExport.cmake
-- Up-to-date: /home/psd/psd_ws/install/control_msgs/share/control_msgs/cmake/export_control_msgs__rosidl_typesupport_fastrtps_cExport-noconfig.cmake
-- Up-to-date: /home/psd/psd_ws/install/control_msgs/share/control_msgs/cmake/export_control_msgs__rosidl_generator_cppExport.cmake
-- Up-to-date: /home/psd/psd_ws/install/control_msgs/share/control_msgs/cmake/export_control_msgs__rosidl_typesupport_fastrtps_cppExport.cmake
-- Up-to-date: /home/psd/psd_ws/install/control_msgs/share/control_msgs/cmake/export_control_msgs__rosidl_typesupport_fastrtps_cppExport-noconfig.cmake
-- Up-to-date: /home/psd/psd_ws/install/control_msgs/share/control_msgs/cmake/control_msgs__rosidl_typesupport_introspection_cExport.cmake
-- Up-to-date: /home/psd/psd_ws/install/control_msgs/share/control_msgs/cmake/control_msgs__rosidl_typesupport_introspection_cExport-noconfig.cmake
-- Up-to-date: /home/psd/psd_ws/install/control_msgs/share/control_msgs/cmake/control_msgs__rosidl_typesupport_cExport.cmake
-- Up-to-date: /home/psd/psd_ws/install/control_msgs/share/control_msgs/cmake/control_msgs__rosidl_typesupport_cExport-noconfig.cmake
-- Up-to-date: /home/psd/psd_ws/install/control_msgs/share/control_msgs/cmake/control_msgs__rosidl_typesupport_introspection_cppExport.cmake
-- Up-to-date: /home/psd/psd_ws/install/control_msgs/share/control_msgs/cmake/control_msgs__rosidl_typesupport_introspection_cppExport-noconfig.cmake
-- Up-to-date: /home/psd/psd_ws/install/control_msgs/share/control_msgs/cmake/control_msgs__rosidl_typesupport_cppExport.cmake
-- Up-to-date: /home/psd/psd_ws/install/control_msgs/share/control_msgs/cmake/control_msgs__rosidl_typesupport_cppExport-noconfig.cmake
-- Up-to-date: /home/psd/psd_ws/install/control_msgs/share/control_msgs/cmake/export_control_msgs__rosidl_generator_pyExport.cmake
-- Up-to-date: /home/psd/psd_ws/install/control_msgs/share/control_msgs/cmake/export_control_msgs__rosidl_generator_pyExport-noconfig.cmake
