[0.025s] Invoking command in '/home/psd/psd_ws/build/control_msgs': CMAKE_PREFIX_PATH=/opt/ros/humble /usr/bin/cmake --build /home/psd/psd_ws/build/control_msgs -- -j20 -l20
[0.398s] [  0%] Built target control_msgs__cpp
[0.398s] [  0%] Built target ament_cmake_python_symlink_control_msgs
[0.399s] [  0%] [32mBuilding C object CMakeFiles/control_msgs__rosidl_generator_c.dir/rosidl_generator_c/control_msgs/action/detail/single_joint_position__functions.c.o[0m
[0.399s] [  0%] [32mBuilding C object CMakeFiles/control_msgs__rosidl_generator_c.dir/rosidl_generator_c/control_msgs/action/detail/gripper_command__functions.c.o[0m
[0.399s] [  2%] [32mBuilding C object CMakeFiles/control_msgs__rosidl_generator_c.dir/rosidl_generator_c/control_msgs/action/detail/follow_joint_trajectory__functions.c.o[0m
[0.399s] [  3%] [32mBuilding C object CMakeFiles/control_msgs__rosidl_generator_c.dir/rosidl_generator_c/control_msgs/action/detail/joint_trajectory__functions.c.o[0m
[0.399s] [  3%] [32mBuilding C object CMakeFiles/control_msgs__rosidl_generator_c.dir/rosidl_generator_c/control_msgs/action/detail/point_head__functions.c.o[0m
[0.399s] [  4%] [32mBuilding C object CMakeFiles/control_msgs__rosidl_generator_c.dir/rosidl_generator_c/control_msgs/msg/detail/dynamic_joint_state__functions.c.o[0m
[0.399s] [  4%] [32mBuilding C object CMakeFiles/control_msgs__rosidl_generator_c.dir/rosidl_generator_c/control_msgs/msg/detail/admittance_controller_state__functions.c.o[0m
[0.399s] [  5%] [32mBuilding C object CMakeFiles/control_msgs__rosidl_generator_c.dir/rosidl_generator_c/control_msgs/msg/detail/gripper_command__functions.c.o[0m
[0.399s] [  5%] [32mBuilding C object CMakeFiles/control_msgs__rosidl_generator_c.dir/rosidl_generator_c/control_msgs/msg/detail/interface_value__functions.c.o[0m
[0.400s] [  6%] [32mBuilding C object CMakeFiles/control_msgs__rosidl_generator_c.dir/rosidl_generator_c/control_msgs/msg/detail/joint_component_tolerance__functions.c.o[0m
[0.400s] [  6%] [32mBuilding C object CMakeFiles/control_msgs__rosidl_generator_c.dir/rosidl_generator_c/control_msgs/msg/detail/pid_state__functions.c.o[0m
[0.400s] [  7%] [32mBuilding C object CMakeFiles/control_msgs__rosidl_generator_c.dir/rosidl_generator_c/control_msgs/msg/detail/joint_controller_state__functions.c.o[0m
[0.400s] [  7%] [32mBuilding C object CMakeFiles/control_msgs__rosidl_generator_c.dir/rosidl_generator_c/control_msgs/msg/detail/joint_jog__functions.c.o[0m
[0.400s] [  8%] [32mBuilding C object CMakeFiles/control_msgs__rosidl_generator_c.dir/rosidl_generator_c/control_msgs/msg/detail/mecanum_drive_controller_state__functions.c.o[0m
[0.400s] [  8%] [32mBuilding C object CMakeFiles/control_msgs__rosidl_generator_c.dir/rosidl_generator_c/control_msgs/msg/detail/joint_trajectory_controller_state__functions.c.o[0m
[0.400s] [  9%] [32mBuilding CXX object CMakeFiles/control_msgs__rosidl_typesupport_introspection_cpp.dir/rosidl_typesupport_introspection_cpp/control_msgs/action/detail/follow_joint_trajectory__type_support.cpp.o[0m
[0.400s] [ 10%] [32mBuilding CXX object CMakeFiles/control_msgs__rosidl_typesupport_fastrtps_cpp.dir/rosidl_typesupport_fastrtps_cpp/control_msgs/action/detail/dds_fastrtps/follow_joint_trajectory__type_support.cpp.o[0m
[0.400s] [ 10%] [32mBuilding CXX object CMakeFiles/control_msgs__rosidl_typesupport_cpp.dir/rosidl_typesupport_cpp/control_msgs/action/follow_joint_trajectory__type_support.cpp.o[0m
[0.400s] [ 11%] [32mBuilding C object CMakeFiles/control_msgs__rosidl_generator_c.dir/rosidl_generator_c/control_msgs/msg/detail/joint_tolerance__functions.c.o[0m
[0.400s] [ 12%] [32mBuilding C object CMakeFiles/control_msgs__rosidl_generator_c.dir/rosidl_generator_c/control_msgs/msg/detail/steering_controller_status__functions.c.o[0m
[0.400s] [ 13%] [32mBuilding CXX object CMakeFiles/control_msgs__rosidl_typesupport_fastrtps_cpp.dir/rosidl_typesupport_fastrtps_cpp/control_msgs/action/detail/dds_fastrtps/joint_trajectory__type_support.cpp.o[0m
[0.401s] [ 13%] [32mBuilding CXX object CMakeFiles/control_msgs__rosidl_typesupport_fastrtps_cpp.dir/rosidl_typesupport_fastrtps_cpp/control_msgs/action/detail/dds_fastrtps/gripper_command__type_support.cpp.o[0m
[0.401s] [ 13%] [32mBuilding CXX object CMakeFiles/control_msgs__rosidl_typesupport_fastrtps_cpp.dir/rosidl_typesupport_fastrtps_cpp/control_msgs/action/detail/dds_fastrtps/point_head__type_support.cpp.o[0m
[0.401s] [ 14%] [32mBuilding CXX object CMakeFiles/control_msgs__rosidl_typesupport_fastrtps_cpp.dir/rosidl_typesupport_fastrtps_cpp/control_msgs/action/detail/dds_fastrtps/single_joint_position__type_support.cpp.o[0m
[0.401s] [ 14%] [32mBuilding CXX object CMakeFiles/control_msgs__rosidl_typesupport_introspection_cpp.dir/rosidl_typesupport_introspection_cpp/control_msgs/action/detail/gripper_command__type_support.cpp.o[0m
[0.401s] [ 15%] [32mBuilding C object CMakeFiles/control_msgs__rosidl_generator_c.dir/rosidl_generator_c/control_msgs/srv/detail/query_calibration_state__functions.c.o[0m
[0.401s] [ 15%] [32mBuilding C object CMakeFiles/control_msgs__rosidl_generator_c.dir/rosidl_generator_c/control_msgs/srv/detail/query_trajectory_state__functions.c.o[0m
[0.401s] [ 16%] [32mBuilding CXX object CMakeFiles/control_msgs__rosidl_typesupport_cpp.dir/rosidl_typesupport_cpp/control_msgs/action/gripper_command__type_support.cpp.o[0m
[0.401s] [ 17%] [32mBuilding CXX object CMakeFiles/control_msgs__rosidl_typesupport_introspection_cpp.dir/rosidl_typesupport_introspection_cpp/control_msgs/action/detail/joint_trajectory__type_support.cpp.o[0m
[0.401s] [ 18%] [32mBuilding CXX object CMakeFiles/control_msgs__rosidl_typesupport_cpp.dir/rosidl_typesupport_cpp/control_msgs/action/joint_trajectory__type_support.cpp.o[0m
[0.414s] [ 18%] [32mBuilding CXX object CMakeFiles/control_msgs__rosidl_typesupport_introspection_cpp.dir/rosidl_typesupport_introspection_cpp/control_msgs/action/detail/point_head__type_support.cpp.o[0m
[0.429s] [ 19%] [32mBuilding CXX object CMakeFiles/control_msgs__rosidl_typesupport_introspection_cpp.dir/rosidl_typesupport_introspection_cpp/control_msgs/action/detail/single_joint_position__type_support.cpp.o[0m
[0.451s] [ 19%] [32mBuilding CXX object CMakeFiles/control_msgs__rosidl_typesupport_cpp.dir/rosidl_typesupport_cpp/control_msgs/action/point_head__type_support.cpp.o[0m
[0.479s] [ 20%] [32mBuilding CXX object CMakeFiles/control_msgs__rosidl_typesupport_cpp.dir/rosidl_typesupport_cpp/control_msgs/action/single_joint_position__type_support.cpp.o[0m
[0.497s] [ 21%] [32mBuilding CXX object CMakeFiles/control_msgs__rosidl_typesupport_introspection_cpp.dir/rosidl_typesupport_introspection_cpp/control_msgs/msg/detail/admittance_controller_state__type_support.cpp.o[0m
[0.504s] [ 22%] [32mBuilding CXX object CMakeFiles/control_msgs__rosidl_typesupport_cpp.dir/rosidl_typesupport_cpp/control_msgs/msg/dynamic_joint_state__type_support.cpp.o[0m
[0.514s] [ 22%] [32mBuilding CXX object CMakeFiles/control_msgs__rosidl_typesupport_cpp.dir/rosidl_typesupport_cpp/control_msgs/msg/admittance_controller_state__type_support.cpp.o[0m
[0.534s] [ 23%] [32m[1mLinking C shared library libcontrol_msgs__rosidl_generator_c.so[0m
[0.603s] running egg_info
[0.604s] writing control_msgs.egg-info/PKG-INFO
[0.604s] writing dependency_links to control_msgs.egg-info/dependency_links.txt
[0.605s] writing top-level names to control_msgs.egg-info/top_level.txt
[0.628s] reading manifest file 'control_msgs.egg-info/SOURCES.txt'
[0.628s] writing manifest file 'control_msgs.egg-info/SOURCES.txt'
[0.730s] [ 23%] Built target ament_cmake_python_build_control_msgs_egg
[0.765s] [ 23%] [32mBuilding CXX object CMakeFiles/control_msgs__rosidl_typesupport_introspection_cpp.dir/rosidl_typesupport_introspection_cpp/control_msgs/msg/detail/dynamic_joint_state__type_support.cpp.o[0m
[0.800s] [ 23%] Built target control_msgs__rosidl_generator_c
[0.874s] [ 24%] [32mBuilding CXX object CMakeFiles/control_msgs__rosidl_typesupport_introspection_cpp.dir/rosidl_typesupport_introspection_cpp/control_msgs/msg/detail/gripper_command__type_support.cpp.o[0m
[0.994s] [ 24%] [32mBuilding CXX object CMakeFiles/control_msgs__rosidl_typesupport_cpp.dir/rosidl_typesupport_cpp/control_msgs/msg/gripper_command__type_support.cpp.o[0m
[1.013s] [ 25%] [32mBuilding CXX object CMakeFiles/control_msgs__rosidl_typesupport_cpp.dir/rosidl_typesupport_cpp/control_msgs/msg/interface_value__type_support.cpp.o[0m
[1.365s] [ 25%] [32mBuilding CXX object CMakeFiles/control_msgs__rosidl_typesupport_fastrtps_cpp.dir/rosidl_typesupport_fastrtps_cpp/control_msgs/msg/detail/dds_fastrtps/admittance_controller_state__type_support.cpp.o[0m
[1.381s] [ 26%] [32mBuilding CXX object CMakeFiles/control_msgs__rosidl_typesupport_cpp.dir/rosidl_typesupport_cpp/control_msgs/msg/joint_component_tolerance__type_support.cpp.o[0m
[1.402s] [ 26%] [32mBuilding CXX object CMakeFiles/control_msgs__rosidl_typesupport_cpp.dir/rosidl_typesupport_cpp/control_msgs/msg/joint_controller_state__type_support.cpp.o[0m
[1.427s] [ 27%] [32mBuilding CXX object CMakeFiles/control_msgs__rosidl_typesupport_fastrtps_cpp.dir/rosidl_typesupport_fastrtps_cpp/control_msgs/msg/detail/dds_fastrtps/dynamic_joint_state__type_support.cpp.o[0m
[1.685s] [ 28%] [32mBuilding CXX object CMakeFiles/control_msgs__rosidl_typesupport_fastrtps_cpp.dir/rosidl_typesupport_fastrtps_cpp/control_msgs/msg/detail/dds_fastrtps/gripper_command__type_support.cpp.o[0m
[1.709s] [ 29%] [32mBuilding CXX object CMakeFiles/control_msgs__rosidl_typesupport_cpp.dir/rosidl_typesupport_cpp/control_msgs/msg/joint_jog__type_support.cpp.o[0m
[1.794s] [ 29%] [32mBuilding CXX object CMakeFiles/control_msgs__rosidl_typesupport_introspection_cpp.dir/rosidl_typesupport_introspection_cpp/control_msgs/msg/detail/interface_value__type_support.cpp.o[0m
[1.897s] [ 30%] [32mBuilding CXX object CMakeFiles/control_msgs__rosidl_typesupport_introspection_cpp.dir/rosidl_typesupport_introspection_cpp/control_msgs/msg/detail/joint_component_tolerance__type_support.cpp.o[0m
[1.977s] [ 30%] [32mBuilding CXX object CMakeFiles/control_msgs__rosidl_typesupport_introspection_cpp.dir/rosidl_typesupport_introspection_cpp/control_msgs/msg/detail/joint_controller_state__type_support.cpp.o[0m
[1.977s] [ 30%] [32mBuilding CXX object CMakeFiles/control_msgs__rosidl_typesupport_cpp.dir/rosidl_typesupport_cpp/control_msgs/msg/joint_tolerance__type_support.cpp.o[0m
[1.993s] [ 31%] [32mBuilding CXX object CMakeFiles/control_msgs__rosidl_typesupport_cpp.dir/rosidl_typesupport_cpp/control_msgs/msg/joint_trajectory_controller_state__type_support.cpp.o[0m
[2.097s] [ 32%] [32mBuilding CXX object CMakeFiles/control_msgs__rosidl_typesupport_introspection_cpp.dir/rosidl_typesupport_introspection_cpp/control_msgs/msg/detail/joint_jog__type_support.cpp.o[0m
[2.110s] [ 33%] [32mBuilding CXX object CMakeFiles/control_msgs__rosidl_typesupport_introspection_cpp.dir/rosidl_typesupport_introspection_cpp/control_msgs/msg/detail/joint_tolerance__type_support.cpp.o[0m
[2.125s] [ 33%] [32mBuilding CXX object CMakeFiles/control_msgs__rosidl_typesupport_fastrtps_cpp.dir/rosidl_typesupport_fastrtps_cpp/control_msgs/msg/detail/dds_fastrtps/interface_value__type_support.cpp.o[0m
[2.211s] [ 33%] [32mBuilding CXX object CMakeFiles/control_msgs__rosidl_typesupport_cpp.dir/rosidl_typesupport_cpp/control_msgs/msg/mecanum_drive_controller_state__type_support.cpp.o[0m
[2.277s] [ 34%] [32mBuilding CXX object CMakeFiles/control_msgs__rosidl_typesupport_fastrtps_cpp.dir/rosidl_typesupport_fastrtps_cpp/control_msgs/msg/detail/dds_fastrtps/joint_component_tolerance__type_support.cpp.o[0m
[2.329s] [ 34%] [32mBuilding CXX object CMakeFiles/control_msgs__rosidl_typesupport_introspection_cpp.dir/rosidl_typesupport_introspection_cpp/control_msgs/msg/detail/joint_trajectory_controller_state__type_support.cpp.o[0m
[2.334s] [ 35%] [32mBuilding CXX object CMakeFiles/control_msgs__rosidl_typesupport_cpp.dir/rosidl_typesupport_cpp/control_msgs/msg/pid_state__type_support.cpp.o[0m
[2.345s] [ 37%] [32mBuilding CXX object CMakeFiles/control_msgs__rosidl_typesupport_cpp.dir/rosidl_typesupport_cpp/control_msgs/msg/steering_controller_status__type_support.cpp.o[0m
[2.361s] [ 36%] [32mBuilding CXX object CMakeFiles/control_msgs__rosidl_typesupport_introspection_cpp.dir/rosidl_typesupport_introspection_cpp/control_msgs/msg/detail/mecanum_drive_controller_state__type_support.cpp.o[0m
[2.380s] [ 37%] [32mBuilding CXX object CMakeFiles/control_msgs__rosidl_typesupport_fastrtps_cpp.dir/rosidl_typesupport_fastrtps_cpp/control_msgs/msg/detail/dds_fastrtps/joint_controller_state__type_support.cpp.o[0m
[2.600s] [ 37%] [32mBuilding CXX object CMakeFiles/control_msgs__rosidl_typesupport_cpp.dir/rosidl_typesupport_cpp/control_msgs/srv/query_calibration_state__type_support.cpp.o[0m
[2.683s] [ 37%] [32mBuilding CXX object CMakeFiles/control_msgs__rosidl_typesupport_introspection_cpp.dir/rosidl_typesupport_introspection_cpp/control_msgs/msg/detail/pid_state__type_support.cpp.o[0m
[2.753s] [ 38%] [32mBuilding CXX object CMakeFiles/control_msgs__rosidl_typesupport_fastrtps_cpp.dir/rosidl_typesupport_fastrtps_cpp/control_msgs/msg/detail/dds_fastrtps/joint_jog__type_support.cpp.o[0m
[2.770s] [ 39%] [32mBuilding CXX object CMakeFiles/control_msgs__rosidl_typesupport_cpp.dir/rosidl_typesupport_cpp/control_msgs/srv/query_trajectory_state__type_support.cpp.o[0m
[2.812s] [ 40%] [32mBuilding CXX object CMakeFiles/control_msgs__rosidl_typesupport_introspection_cpp.dir/rosidl_typesupport_introspection_cpp/control_msgs/msg/detail/steering_controller_status__type_support.cpp.o[0m
[2.821s] [ 40%] [32mBuilding CXX object CMakeFiles/control_msgs__rosidl_typesupport_introspection_cpp.dir/rosidl_typesupport_introspection_cpp/control_msgs/srv/detail/query_calibration_state__type_support.cpp.o[0m
[2.904s] [ 40%] [32mBuilding CXX object CMakeFiles/control_msgs__rosidl_typesupport_fastrtps_cpp.dir/rosidl_typesupport_fastrtps_cpp/control_msgs/msg/detail/dds_fastrtps/joint_tolerance__type_support.cpp.o[0m
[2.953s] [ 41%] [32mBuilding CXX object CMakeFiles/control_msgs__rosidl_typesupport_fastrtps_cpp.dir/rosidl_typesupport_fastrtps_cpp/control_msgs/msg/detail/dds_fastrtps/joint_trajectory_controller_state__type_support.cpp.o[0m
[2.957s] [ 42%] [32mBuilding CXX object CMakeFiles/control_msgs__rosidl_typesupport_introspection_cpp.dir/rosidl_typesupport_introspection_cpp/control_msgs/srv/detail/query_trajectory_state__type_support.cpp.o[0m
[2.993s] [ 43%] [32mBuilding CXX object CMakeFiles/control_msgs__rosidl_typesupport_fastrtps_cpp.dir/rosidl_typesupport_fastrtps_cpp/control_msgs/msg/detail/dds_fastrtps/mecanum_drive_controller_state__type_support.cpp.o[0m
[3.001s] [ 43%] [32mBuilding CXX object CMakeFiles/control_msgs__rosidl_typesupport_fastrtps_cpp.dir/rosidl_typesupport_fastrtps_cpp/control_msgs/msg/detail/dds_fastrtps/pid_state__type_support.cpp.o[0m
[3.127s] [ 44%] [32mBuilding CXX object CMakeFiles/control_msgs__rosidl_typesupport_fastrtps_cpp.dir/rosidl_typesupport_fastrtps_cpp/control_msgs/msg/detail/dds_fastrtps/steering_controller_status__type_support.cpp.o[0m
[3.179s] [ 44%] [32mBuilding CXX object CMakeFiles/control_msgs__rosidl_typesupport_fastrtps_c.dir/rosidl_typesupport_fastrtps_c/control_msgs/action/detail/follow_joint_trajectory__type_support_c.cpp.o[0m
[3.272s] [ 44%] [32mBuilding CXX object CMakeFiles/control_msgs__rosidl_typesupport_fastrtps_cpp.dir/rosidl_typesupport_fastrtps_cpp/control_msgs/srv/detail/dds_fastrtps/query_calibration_state__type_support.cpp.o[0m
[3.274s] [ 45%] [32mBuilding CXX object CMakeFiles/control_msgs__rosidl_typesupport_fastrtps_cpp.dir/rosidl_typesupport_fastrtps_cpp/control_msgs/srv/detail/dds_fastrtps/query_trajectory_state__type_support.cpp.o[0m
[3.292s] [ 46%] [32mBuilding CXX object CMakeFiles/control_msgs__rosidl_typesupport_fastrtps_c.dir/rosidl_typesupport_fastrtps_c/control_msgs/action/detail/gripper_command__type_support_c.cpp.o[0m
[3.301s] [ 47%] [32mBuilding CXX object CMakeFiles/control_msgs__rosidl_typesupport_fastrtps_c.dir/rosidl_typesupport_fastrtps_c/control_msgs/action/detail/joint_trajectory__type_support_c.cpp.o[0m
[3.325s] [ 47%] [32mBuilding CXX object CMakeFiles/control_msgs__rosidl_typesupport_fastrtps_c.dir/rosidl_typesupport_fastrtps_c/control_msgs/action/detail/point_head__type_support_c.cpp.o[0m
[3.358s] [ 48%] [32mBuilding C object CMakeFiles/control_msgs__rosidl_typesupport_introspection_c.dir/rosidl_typesupport_introspection_c/control_msgs/action/detail/follow_joint_trajectory__type_support.c.o[0m
[3.462s] [ 48%] [32mBuilding C object CMakeFiles/control_msgs__rosidl_typesupport_introspection_c.dir/rosidl_typesupport_introspection_c/control_msgs/action/detail/gripper_command__type_support.c.o[0m
[3.485s] [ 49%] [32mBuilding C object CMakeFiles/control_msgs__rosidl_typesupport_introspection_c.dir/rosidl_typesupport_introspection_c/control_msgs/action/detail/joint_trajectory__type_support.c.o[0m
[3.574s] [ 49%] [32m[1mLinking CXX shared library libcontrol_msgs__rosidl_typesupport_cpp.so[0m
[3.577s] [ 49%] [32mBuilding C object CMakeFiles/control_msgs__rosidl_typesupport_introspection_c.dir/rosidl_typesupport_introspection_c/control_msgs/action/detail/point_head__type_support.c.o[0m
[3.646s] [ 50%] [32mBuilding C object CMakeFiles/control_msgs__rosidl_typesupport_introspection_c.dir/rosidl_typesupport_introspection_c/control_msgs/action/detail/single_joint_position__type_support.c.o[0m
[3.657s] [ 50%] [32mBuilding C object CMakeFiles/control_msgs__rosidl_typesupport_introspection_c.dir/rosidl_typesupport_introspection_c/control_msgs/msg/detail/admittance_controller_state__type_support.c.o[0m
[3.678s] [ 50%] [32mBuilding CXX object CMakeFiles/control_msgs__rosidl_typesupport_c.dir/rosidl_typesupport_c/control_msgs/action/follow_joint_trajectory__type_support.cpp.o[0m
[3.686s] [ 51%] [32mBuilding CXX object CMakeFiles/control_msgs__rosidl_typesupport_c.dir/rosidl_typesupport_c/control_msgs/action/gripper_command__type_support.cpp.o[0m
[3.695s] [ 51%] [32mBuilding CXX object CMakeFiles/control_msgs__rosidl_typesupport_c.dir/rosidl_typesupport_c/control_msgs/action/joint_trajectory__type_support.cpp.o[0m
[3.704s] [ 52%] [32mBuilding CXX object CMakeFiles/control_msgs__rosidl_typesupport_c.dir/rosidl_typesupport_c/control_msgs/action/point_head__type_support.cpp.o[0m
[3.714s] [ 53%] [32mBuilding C object CMakeFiles/control_msgs__rosidl_typesupport_introspection_c.dir/rosidl_typesupport_introspection_c/control_msgs/msg/detail/dynamic_joint_state__type_support.c.o[0m
[3.716s] [ 54%] Built target control_msgs__rosidl_typesupport_cpp
[3.726s] [ 55%] [32mBuilding CXX object CMakeFiles/control_msgs__rosidl_typesupport_c.dir/rosidl_typesupport_c/control_msgs/action/single_joint_position__type_support.cpp.o[0m
[3.732s] [ 56%] [32mBuilding CXX object CMakeFiles/control_msgs__rosidl_typesupport_fastrtps_c.dir/rosidl_typesupport_fastrtps_c/control_msgs/action/detail/single_joint_position__type_support_c.cpp.o[0m
[3.749s] [ 56%] [32mBuilding CXX object CMakeFiles/control_msgs__rosidl_typesupport_c.dir/rosidl_typesupport_c/control_msgs/msg/admittance_controller_state__type_support.cpp.o[0m
[3.765s] [ 57%] [32mBuilding C object CMakeFiles/control_msgs__rosidl_typesupport_introspection_c.dir/rosidl_typesupport_introspection_c/control_msgs/msg/detail/gripper_command__type_support.c.o[0m
[3.776s] [ 58%] [32mBuilding CXX object CMakeFiles/control_msgs__rosidl_typesupport_c.dir/rosidl_typesupport_c/control_msgs/msg/dynamic_joint_state__type_support.cpp.o[0m
[3.783s] [ 58%] [32mBuilding CXX object CMakeFiles/control_msgs__rosidl_typesupport_c.dir/rosidl_typesupport_c/control_msgs/msg/joint_component_tolerance__type_support.cpp.o[0m
[3.788s] [ 59%] [32mBuilding CXX object CMakeFiles/control_msgs__rosidl_typesupport_c.dir/rosidl_typesupport_c/control_msgs/msg/interface_value__type_support.cpp.o[0m
[3.789s] [ 59%] [32mBuilding C object CMakeFiles/control_msgs__rosidl_typesupport_introspection_c.dir/rosidl_typesupport_introspection_c/control_msgs/msg/detail/interface_value__type_support.c.o[0m
[3.792s] [ 59%] [32mBuilding CXX object CMakeFiles/control_msgs__rosidl_typesupport_c.dir/rosidl_typesupport_c/control_msgs/msg/gripper_command__type_support.cpp.o[0m
[3.793s] [ 59%] [32mBuilding CXX object CMakeFiles/control_msgs__rosidl_typesupport_fastrtps_c.dir/rosidl_typesupport_fastrtps_c/control_msgs/msg/detail/admittance_controller_state__type_support_c.cpp.o[0m
[3.797s] [ 60%] [32m[1mLinking CXX shared library libcontrol_msgs__rosidl_typesupport_introspection_cpp.so[0m
[3.803s] [ 61%] [32mBuilding C object CMakeFiles/control_msgs__rosidl_typesupport_introspection_c.dir/rosidl_typesupport_introspection_c/control_msgs/msg/detail/joint_component_tolerance__type_support.c.o[0m
[3.811s] [ 62%] [32mBuilding CXX object CMakeFiles/control_msgs__rosidl_typesupport_fastrtps_c.dir/rosidl_typesupport_fastrtps_c/control_msgs/msg/detail/dynamic_joint_state__type_support_c.cpp.o[0m
[3.820s] [ 62%] [32mBuilding C object CMakeFiles/control_msgs__rosidl_typesupport_introspection_c.dir/rosidl_typesupport_introspection_c/control_msgs/msg/detail/joint_controller_state__type_support.c.o[0m
[3.822s] [ 63%] [32mBuilding C object CMakeFiles/control_msgs__rosidl_typesupport_introspection_c.dir/rosidl_typesupport_introspection_c/control_msgs/msg/detail/joint_jog__type_support.c.o[0m
[3.845s] [ 63%] [32mBuilding CXX object CMakeFiles/control_msgs__rosidl_typesupport_fastrtps_c.dir/rosidl_typesupport_fastrtps_c/control_msgs/msg/detail/gripper_command__type_support_c.cpp.o[0m
[3.845s] [ 64%] [32mBuilding CXX object CMakeFiles/control_msgs__rosidl_typesupport_c.dir/rosidl_typesupport_c/control_msgs/msg/joint_jog__type_support.cpp.o[0m
[3.846s] [ 64%] [32mBuilding C object CMakeFiles/control_msgs__rosidl_typesupport_introspection_c.dir/rosidl_typesupport_introspection_c/control_msgs/msg/detail/joint_tolerance__type_support.c.o[0m
[3.847s] [ 64%] [32mBuilding CXX object CMakeFiles/control_msgs__rosidl_typesupport_c.dir/rosidl_typesupport_c/control_msgs/msg/joint_tolerance__type_support.cpp.o[0m
[3.856s] [ 65%] [32mBuilding CXX object CMakeFiles/control_msgs__rosidl_typesupport_c.dir/rosidl_typesupport_c/control_msgs/msg/joint_controller_state__type_support.cpp.o[0m
[3.861s] [ 66%] [32mBuilding CXX object CMakeFiles/control_msgs__rosidl_typesupport_c.dir/rosidl_typesupport_c/control_msgs/msg/joint_trajectory_controller_state__type_support.cpp.o[0m
[3.880s] [ 66%] [32mBuilding CXX object CMakeFiles/control_msgs__rosidl_typesupport_c.dir/rosidl_typesupport_c/control_msgs/msg/mecanum_drive_controller_state__type_support.cpp.o[0m
[3.881s] [ 67%] [32mBuilding C object CMakeFiles/control_msgs__rosidl_typesupport_introspection_c.dir/rosidl_typesupport_introspection_c/control_msgs/msg/detail/joint_trajectory_controller_state__type_support.c.o[0m
[3.896s] [ 68%] [32mBuilding CXX object CMakeFiles/control_msgs__rosidl_typesupport_c.dir/rosidl_typesupport_c/control_msgs/msg/pid_state__type_support.cpp.o[0m
[3.898s] [ 68%] [32mBuilding C object CMakeFiles/control_msgs__rosidl_typesupport_introspection_c.dir/rosidl_typesupport_introspection_c/control_msgs/msg/detail/pid_state__type_support.c.o[0m
[3.900s] [ 69%] [32mBuilding C object CMakeFiles/control_msgs__rosidl_typesupport_introspection_c.dir/rosidl_typesupport_introspection_c/control_msgs/msg/detail/steering_controller_status__type_support.c.o[0m
[3.909s] [ 70%] [32mBuilding C object CMakeFiles/control_msgs__rosidl_typesupport_introspection_c.dir/rosidl_typesupport_introspection_c/control_msgs/msg/detail/mecanum_drive_controller_state__type_support.c.o[0m
[3.928s] [ 71%] [32mBuilding CXX object CMakeFiles/control_msgs__rosidl_typesupport_c.dir/rosidl_typesupport_c/control_msgs/srv/query_calibration_state__type_support.cpp.o[0m
[3.933s] [ 72%] [32mBuilding CXX object CMakeFiles/control_msgs__rosidl_typesupport_c.dir/rosidl_typesupport_c/control_msgs/srv/query_trajectory_state__type_support.cpp.o[0m
[3.935s] [ 73%] [32mBuilding CXX object CMakeFiles/control_msgs__rosidl_typesupport_fastrtps_c.dir/rosidl_typesupport_fastrtps_c/control_msgs/msg/detail/interface_value__type_support_c.cpp.o[0m
[3.936s] [ 73%] [32mBuilding CXX object CMakeFiles/control_msgs__rosidl_typesupport_c.dir/rosidl_typesupport_c/control_msgs/msg/steering_controller_status__type_support.cpp.o[0m
[3.945s] [ 74%] [32mBuilding C object CMakeFiles/control_msgs__rosidl_typesupport_introspection_c.dir/rosidl_typesupport_introspection_c/control_msgs/srv/detail/query_trajectory_state__type_support.c.o[0m
[3.945s] [ 74%] [32mBuilding C object CMakeFiles/control_msgs__rosidl_typesupport_introspection_c.dir/rosidl_typesupport_introspection_c/control_msgs/srv/detail/query_calibration_state__type_support.c.o[0m
[3.951s] [ 74%] Built target control_msgs__rosidl_typesupport_introspection_cpp
[3.952s] [ 74%] [32mBuilding CXX object CMakeFiles/control_msgs__rosidl_typesupport_fastrtps_c.dir/rosidl_typesupport_fastrtps_c/control_msgs/msg/detail/joint_controller_state__type_support_c.cpp.o[0m
[3.961s] [ 75%] [32mBuilding CXX object CMakeFiles/control_msgs__rosidl_typesupport_fastrtps_c.dir/rosidl_typesupport_fastrtps_c/control_msgs/msg/detail/joint_component_tolerance__type_support_c.cpp.o[0m
[3.969s] [ 76%] [32mBuilding CXX object CMakeFiles/control_msgs__rosidl_typesupport_fastrtps_c.dir/rosidl_typesupport_fastrtps_c/control_msgs/msg/detail/joint_jog__type_support_c.cpp.o[0m
[3.969s] [ 76%] [32mBuilding CXX object CMakeFiles/control_msgs__rosidl_typesupport_fastrtps_c.dir/rosidl_typesupport_fastrtps_c/control_msgs/msg/detail/joint_tolerance__type_support_c.cpp.o[0m
[3.969s] [ 77%] [32mBuilding CXX object CMakeFiles/control_msgs__rosidl_typesupport_fastrtps_c.dir/rosidl_typesupport_fastrtps_c/control_msgs/msg/detail/joint_trajectory_controller_state__type_support_c.cpp.o[0m
[3.982s] [ 77%] [32mBuilding CXX object CMakeFiles/control_msgs__rosidl_typesupport_fastrtps_c.dir/rosidl_typesupport_fastrtps_c/control_msgs/msg/detail/mecanum_drive_controller_state__type_support_c.cpp.o[0m
[3.982s] [ 78%] [32mBuilding CXX object CMakeFiles/control_msgs__rosidl_typesupport_fastrtps_c.dir/rosidl_typesupport_fastrtps_c/control_msgs/msg/detail/pid_state__type_support_c.cpp.o[0m
[3.982s] [ 78%] [32m[1mLinking CXX shared library libcontrol_msgs__rosidl_typesupport_c.so[0m
[3.982s] [ 78%] [32mBuilding CXX object CMakeFiles/control_msgs__rosidl_typesupport_fastrtps_c.dir/rosidl_typesupport_fastrtps_c/control_msgs/srv/detail/query_calibration_state__type_support_c.cpp.o[0m
[3.987s] [ 79%] [32mBuilding CXX object CMakeFiles/control_msgs__rosidl_typesupport_fastrtps_c.dir/rosidl_typesupport_fastrtps_c/control_msgs/msg/detail/steering_controller_status__type_support_c.cpp.o[0m
[4.020s] [ 80%] [32mBuilding CXX object CMakeFiles/control_msgs__rosidl_typesupport_fastrtps_c.dir/rosidl_typesupport_fastrtps_c/control_msgs/srv/detail/query_trajectory_state__type_support_c.cpp.o[0m
[4.038s] [ 80%] [32m[1mLinking C shared library libcontrol_msgs__rosidl_typesupport_introspection_c.so[0m
[4.068s] [ 81%] Built target control_msgs__rosidl_typesupport_c
[4.116s] [ 82%] Built target control_msgs__rosidl_typesupport_introspection_c
[4.124s] [ 82%] [32m[1mLinking CXX shared library libcontrol_msgs__rosidl_typesupport_fastrtps_cpp.so[0m
[4.297s] [ 83%] Built target control_msgs__rosidl_typesupport_fastrtps_cpp
[4.493s] [ 83%] [32m[1mLinking CXX shared library libcontrol_msgs__rosidl_typesupport_fastrtps_c.so[0m
[4.545s] [ 84%] Built target control_msgs__rosidl_typesupport_fastrtps_c
[4.560s] [ 84%] Built target control_msgs
[4.574s] [ 85%] Built target control_msgs__py
[4.593s] [ 85%] [32mBuilding C object CMakeFiles/control_msgs__rosidl_generator_py.dir/rosidl_generator_py/control_msgs/action/_follow_joint_trajectory_s.c.o[0m
[4.595s] [ 87%] [32mBuilding C object CMakeFiles/control_msgs__rosidl_generator_py.dir/rosidl_generator_py/control_msgs/action/_gripper_command_s.c.o[0m
[4.595s] [ 87%] [32mBuilding C object CMakeFiles/control_msgs__rosidl_generator_py.dir/rosidl_generator_py/control_msgs/action/_point_head_s.c.o[0m
[4.595s] [ 87%] [32mBuilding C object CMakeFiles/control_msgs__rosidl_generator_py.dir/rosidl_generator_py/control_msgs/action/_joint_trajectory_s.c.o[0m
[4.595s] [ 88%] [32mBuilding C object CMakeFiles/control_msgs__rosidl_generator_py.dir/rosidl_generator_py/control_msgs/msg/_gripper_command_s.c.o[0m
[4.595s] [ 88%] [32mBuilding C object CMakeFiles/control_msgs__rosidl_generator_py.dir/rosidl_generator_py/control_msgs/action/_single_joint_position_s.c.o[0m
[4.595s] [ 88%] [32mBuilding C object CMakeFiles/control_msgs__rosidl_generator_py.dir/rosidl_generator_py/control_msgs/msg/_admittance_controller_state_s.c.o[0m
[4.596s] [ 89%] [32mBuilding C object CMakeFiles/control_msgs__rosidl_generator_py.dir/rosidl_generator_py/control_msgs/msg/_dynamic_joint_state_s.c.o[0m
[4.596s] [ 90%] [32mBuilding C object CMakeFiles/control_msgs__rosidl_generator_py.dir/rosidl_generator_py/control_msgs/msg/_interface_value_s.c.o[0m
[4.596s] [ 90%] [32mBuilding C object CMakeFiles/control_msgs__rosidl_generator_py.dir/rosidl_generator_py/control_msgs/msg/_joint_component_tolerance_s.c.o[0m
[4.597s] [ 91%] [32mBuilding C object CMakeFiles/control_msgs__rosidl_generator_py.dir/rosidl_generator_py/control_msgs/msg/_joint_jog_s.c.o[0m
[4.597s] [ 92%] [32mBuilding C object CMakeFiles/control_msgs__rosidl_generator_py.dir/rosidl_generator_py/control_msgs/msg/_joint_controller_state_s.c.o[0m
[4.598s] [ 92%] [32mBuilding C object CMakeFiles/control_msgs__rosidl_generator_py.dir/rosidl_generator_py/control_msgs/msg/_joint_tolerance_s.c.o[0m
[4.599s] [ 93%] [32mBuilding C object CMakeFiles/control_msgs__rosidl_generator_py.dir/rosidl_generator_py/control_msgs/msg/_joint_trajectory_controller_state_s.c.o[0m
[4.603s] [ 93%] [32mBuilding C object CMakeFiles/control_msgs__rosidl_generator_py.dir/rosidl_generator_py/control_msgs/msg/_mecanum_drive_controller_state_s.c.o[0m
[4.605s] [ 94%] [32mBuilding C object CMakeFiles/control_msgs__rosidl_generator_py.dir/rosidl_generator_py/control_msgs/msg/_pid_state_s.c.o[0m
[4.606s] [ 94%] [32mBuilding C object CMakeFiles/control_msgs__rosidl_generator_py.dir/rosidl_generator_py/control_msgs/msg/_steering_controller_status_s.c.o[0m
[4.673s] [ 95%] [32mBuilding C object CMakeFiles/control_msgs__rosidl_generator_py.dir/rosidl_generator_py/control_msgs/srv/_query_calibration_state_s.c.o[0m
[4.723s] [ 96%] [32mBuilding C object CMakeFiles/control_msgs__rosidl_generator_py.dir/rosidl_generator_py/control_msgs/srv/_query_trajectory_state_s.c.o[0m
[4.827s] [ 96%] [32m[1mLinking C shared library rosidl_generator_py/control_msgs/libcontrol_msgs__rosidl_generator_py.so[0m
[4.862s] [ 96%] Built target control_msgs__rosidl_generator_py
[4.878s] [ 99%] [32mBuilding C object CMakeFiles/control_msgs__rosidl_typesupport_introspection_c__pyext.dir/rosidl_generator_py/control_msgs/_control_msgs_s.ep.rosidl_typesupport_introspection_c.c.o[0m
[4.878s] [ 99%] [32mBuilding C object CMakeFiles/control_msgs__rosidl_typesupport_c__pyext.dir/rosidl_generator_py/control_msgs/_control_msgs_s.ep.rosidl_typesupport_c.c.o[0m
[4.878s] [ 99%] [32mBuilding C object CMakeFiles/control_msgs__rosidl_typesupport_fastrtps_c__pyext.dir/rosidl_generator_py/control_msgs/_control_msgs_s.ep.rosidl_typesupport_fastrtps_c.c.o[0m
[5.053s] [ 99%] [32m[1mLinking C shared library rosidl_generator_py/control_msgs/control_msgs_s__rosidl_typesupport_fastrtps_c.cpython-310-x86_64-linux-gnu.so[0m
[5.053s] [ 99%] [32m[1mLinking C shared library rosidl_generator_py/control_msgs/control_msgs_s__rosidl_typesupport_c.cpython-310-x86_64-linux-gnu.so[0m
[5.074s] [100%] [32m[1mLinking C shared library rosidl_generator_py/control_msgs/control_msgs_s__rosidl_typesupport_introspection_c.cpython-310-x86_64-linux-gnu.so[0m
[5.089s] [100%] Built target control_msgs__rosidl_typesupport_fastrtps_c__pyext
[5.090s] [100%] Built target control_msgs__rosidl_typesupport_c__pyext
[5.112s] [100%] Built target control_msgs__rosidl_typesupport_introspection_c__pyext
[5.120s] Invoked command in '/home/psd/psd_ws/build/control_msgs' returned '0': CMAKE_PREFIX_PATH=/opt/ros/humble /usr/bin/cmake --build /home/psd/psd_ws/build/control_msgs -- -j20 -l20
[5.346s] Invoking command in '/home/psd/psd_ws/build/control_msgs': CMAKE_PREFIX_PATH=/opt/ros/humble /usr/bin/cmake --install /home/psd/psd_ws/build/control_msgs
[5.351s] -- Install configuration: ""
[5.351s] -- Execute custom install script
[5.352s] -- Up-to-date symlink: /home/psd/psd_ws/install/control_msgs/share/ament_index/resource_index/rosidl_interfaces/control_msgs
[5.352s] -- Up-to-date symlink: /home/psd/psd_ws/install/control_msgs/include/control_msgs/control_msgs/action/detail/follow_joint_trajectory__functions.h
[5.353s] -- Up-to-date symlink: /home/psd/psd_ws/install/control_msgs/include/control_msgs/control_msgs/action/detail/follow_joint_trajectory__struct.h
[5.353s] -- Up-to-date symlink: /home/psd/psd_ws/install/control_msgs/include/control_msgs/control_msgs/action/detail/follow_joint_trajectory__type_support.h
[5.353s] -- Up-to-date symlink: /home/psd/psd_ws/install/control_msgs/include/control_msgs/control_msgs/action/detail/gripper_command__functions.h
[5.353s] -- Up-to-date symlink: /home/psd/psd_ws/install/control_msgs/include/control_msgs/control_msgs/action/detail/gripper_command__struct.h
[5.353s] -- Up-to-date symlink: /home/psd/psd_ws/install/control_msgs/include/control_msgs/control_msgs/action/detail/gripper_command__type_support.h
[5.353s] -- Up-to-date symlink: /home/psd/psd_ws/install/control_msgs/include/control_msgs/control_msgs/action/detail/joint_trajectory__functions.h
[5.353s] -- Up-to-date symlink: /home/psd/psd_ws/install/control_msgs/include/control_msgs/control_msgs/action/detail/joint_trajectory__struct.h
[5.353s] -- Up-to-date symlink: /home/psd/psd_ws/install/control_msgs/include/control_msgs/control_msgs/action/detail/joint_trajectory__type_support.h
[5.354s] -- Up-to-date symlink: /home/psd/psd_ws/install/control_msgs/include/control_msgs/control_msgs/action/detail/point_head__functions.h
[5.354s] -- Up-to-date symlink: /home/psd/psd_ws/install/control_msgs/include/control_msgs/control_msgs/action/detail/point_head__struct.h
[5.354s] -- Up-to-date symlink: /home/psd/psd_ws/install/control_msgs/include/control_msgs/control_msgs/action/detail/point_head__type_support.h
[5.354s] -- Up-to-date symlink: /home/psd/psd_ws/install/control_msgs/include/control_msgs/control_msgs/action/detail/single_joint_position__functions.h
[5.354s] -- Up-to-date symlink: /home/psd/psd_ws/install/control_msgs/include/control_msgs/control_msgs/action/detail/single_joint_position__struct.h
[5.354s] -- Up-to-date symlink: /home/psd/psd_ws/install/control_msgs/include/control_msgs/control_msgs/action/detail/single_joint_position__type_support.h
[5.354s] -- Up-to-date symlink: /home/psd/psd_ws/install/control_msgs/include/control_msgs/control_msgs/action/follow_joint_trajectory.h
[5.354s] -- Up-to-date symlink: /home/psd/psd_ws/install/control_msgs/include/control_msgs/control_msgs/action/gripper_command.h
[5.354s] -- Up-to-date symlink: /home/psd/psd_ws/install/control_msgs/include/control_msgs/control_msgs/action/joint_trajectory.h
[5.354s] -- Up-to-date symlink: /home/psd/psd_ws/install/control_msgs/include/control_msgs/control_msgs/action/point_head.h
[5.354s] -- Up-to-date symlink: /home/psd/psd_ws/install/control_msgs/include/control_msgs/control_msgs/action/single_joint_position.h
[5.354s] -- Up-to-date symlink: /home/psd/psd_ws/install/control_msgs/include/control_msgs/control_msgs/msg/admittance_controller_state.h
[5.354s] -- Up-to-date symlink: /home/psd/psd_ws/install/control_msgs/include/control_msgs/control_msgs/msg/detail/admittance_controller_state__functions.h
[5.355s] -- Up-to-date symlink: /home/psd/psd_ws/install/control_msgs/include/control_msgs/control_msgs/msg/detail/admittance_controller_state__struct.h
[5.355s] -- Up-to-date symlink: /home/psd/psd_ws/install/control_msgs/include/control_msgs/control_msgs/msg/detail/admittance_controller_state__type_support.h
[5.355s] -- Up-to-date symlink: /home/psd/psd_ws/install/control_msgs/include/control_msgs/control_msgs/msg/detail/dynamic_joint_state__functions.h
[5.355s] -- Up-to-date symlink: /home/psd/psd_ws/install/control_msgs/include/control_msgs/control_msgs/msg/detail/dynamic_joint_state__struct.h
[5.355s] -- Up-to-date symlink: /home/psd/psd_ws/install/control_msgs/include/control_msgs/control_msgs/msg/detail/dynamic_joint_state__type_support.h
[5.355s] -- Up-to-date symlink: /home/psd/psd_ws/install/control_msgs/include/control_msgs/control_msgs/msg/detail/gripper_command__functions.h
[5.355s] -- Up-to-date symlink: /home/psd/psd_ws/install/control_msgs/include/control_msgs/control_msgs/msg/detail/gripper_command__struct.h
[5.355s] -- Up-to-date symlink: /home/psd/psd_ws/install/control_msgs/include/control_msgs/control_msgs/msg/detail/gripper_command__type_support.h
[5.355s] -- Up-to-date symlink: /home/psd/psd_ws/install/control_msgs/include/control_msgs/control_msgs/msg/detail/interface_value__functions.h
[5.355s] -- Up-to-date symlink: /home/psd/psd_ws/install/control_msgs/include/control_msgs/control_msgs/msg/detail/interface_value__struct.h
[5.355s] -- Up-to-date symlink: /home/psd/psd_ws/install/control_msgs/include/control_msgs/control_msgs/msg/detail/interface_value__type_support.h
[5.355s] -- Up-to-date symlink: /home/psd/psd_ws/install/control_msgs/include/control_msgs/control_msgs/msg/detail/joint_component_tolerance__functions.h
[5.355s] -- Up-to-date symlink: /home/psd/psd_ws/install/control_msgs/include/control_msgs/control_msgs/msg/detail/joint_component_tolerance__struct.h
[5.356s] -- Up-to-date symlink: /home/psd/psd_ws/install/control_msgs/include/control_msgs/control_msgs/msg/detail/joint_component_tolerance__type_support.h
[5.356s] -- Up-to-date symlink: /home/psd/psd_ws/install/control_msgs/include/control_msgs/control_msgs/msg/detail/joint_controller_state__functions.h
[5.356s] -- Up-to-date symlink: /home/psd/psd_ws/install/control_msgs/include/control_msgs/control_msgs/msg/detail/joint_controller_state__struct.h
[5.356s] -- Up-to-date symlink: /home/psd/psd_ws/install/control_msgs/include/control_msgs/control_msgs/msg/detail/joint_controller_state__type_support.h
[5.356s] -- Up-to-date symlink: /home/psd/psd_ws/install/control_msgs/include/control_msgs/control_msgs/msg/detail/joint_jog__functions.h
[5.356s] -- Up-to-date symlink: /home/psd/psd_ws/install/control_msgs/include/control_msgs/control_msgs/msg/detail/joint_jog__struct.h
[5.356s] -- Up-to-date symlink: /home/psd/psd_ws/install/control_msgs/include/control_msgs/control_msgs/msg/detail/joint_jog__type_support.h
[5.356s] -- Up-to-date symlink: /home/psd/psd_ws/install/control_msgs/include/control_msgs/control_msgs/msg/detail/joint_tolerance__functions.h
[5.356s] -- Up-to-date symlink: /home/psd/psd_ws/install/control_msgs/include/control_msgs/control_msgs/msg/detail/joint_tolerance__struct.h
[5.356s] -- Up-to-date symlink: /home/psd/psd_ws/install/control_msgs/include/control_msgs/control_msgs/msg/detail/joint_tolerance__type_support.h
[5.356s] -- Up-to-date symlink: /home/psd/psd_ws/install/control_msgs/include/control_msgs/control_msgs/msg/detail/joint_trajectory_controller_state__functions.h
[5.356s] -- Up-to-date symlink: /home/psd/psd_ws/install/control_msgs/include/control_msgs/control_msgs/msg/detail/joint_trajectory_controller_state__struct.h
[5.356s] -- Up-to-date symlink: /home/psd/psd_ws/install/control_msgs/include/control_msgs/control_msgs/msg/detail/joint_trajectory_controller_state__type_support.h
[5.356s] -- Up-to-date symlink: /home/psd/psd_ws/install/control_msgs/include/control_msgs/control_msgs/msg/detail/mecanum_drive_controller_state__functions.h
[5.357s] -- Up-to-date symlink: /home/psd/psd_ws/install/control_msgs/include/control_msgs/control_msgs/msg/detail/mecanum_drive_controller_state__struct.h
[5.357s] -- Up-to-date symlink: /home/psd/psd_ws/install/control_msgs/include/control_msgs/control_msgs/msg/detail/mecanum_drive_controller_state__type_support.h
[5.357s] -- Up-to-date symlink: /home/psd/psd_ws/install/control_msgs/include/control_msgs/control_msgs/msg/detail/pid_state__functions.h
[5.357s] -- Up-to-date symlink: /home/psd/psd_ws/install/control_msgs/include/control_msgs/control_msgs/msg/detail/pid_state__struct.h
[5.357s] -- Up-to-date symlink: /home/psd/psd_ws/install/control_msgs/include/control_msgs/control_msgs/msg/detail/pid_state__type_support.h
[5.357s] -- Up-to-date symlink: /home/psd/psd_ws/install/control_msgs/include/control_msgs/control_msgs/msg/detail/steering_controller_status__functions.h
[5.357s] -- Up-to-date symlink: /home/psd/psd_ws/install/control_msgs/include/control_msgs/control_msgs/msg/detail/steering_controller_status__struct.h
[5.357s] -- Up-to-date symlink: /home/psd/psd_ws/install/control_msgs/include/control_msgs/control_msgs/msg/detail/steering_controller_status__type_support.h
[5.357s] -- Up-to-date symlink: /home/psd/psd_ws/install/control_msgs/include/control_msgs/control_msgs/msg/dynamic_joint_state.h
[5.357s] -- Up-to-date symlink: /home/psd/psd_ws/install/control_msgs/include/control_msgs/control_msgs/msg/gripper_command.h
[5.357s] -- Up-to-date symlink: /home/psd/psd_ws/install/control_msgs/include/control_msgs/control_msgs/msg/interface_value.h
[5.357s] -- Up-to-date symlink: /home/psd/psd_ws/install/control_msgs/include/control_msgs/control_msgs/msg/joint_component_tolerance.h
[5.357s] -- Up-to-date symlink: /home/psd/psd_ws/install/control_msgs/include/control_msgs/control_msgs/msg/joint_controller_state.h
[5.357s] -- Up-to-date symlink: /home/psd/psd_ws/install/control_msgs/include/control_msgs/control_msgs/msg/joint_jog.h
[5.357s] -- Up-to-date symlink: /home/psd/psd_ws/install/control_msgs/include/control_msgs/control_msgs/msg/joint_tolerance.h
[5.358s] -- Up-to-date symlink: /home/psd/psd_ws/install/control_msgs/include/control_msgs/control_msgs/msg/joint_trajectory_controller_state.h
[5.358s] -- Up-to-date symlink: /home/psd/psd_ws/install/control_msgs/include/control_msgs/control_msgs/msg/mecanum_drive_controller_state.h
[5.358s] -- Up-to-date symlink: /home/psd/psd_ws/install/control_msgs/include/control_msgs/control_msgs/msg/pid_state.h
[5.358s] -- Up-to-date symlink: /home/psd/psd_ws/install/control_msgs/include/control_msgs/control_msgs/msg/rosidl_generator_c__visibility_control.h
[5.358s] -- Up-to-date symlink: /home/psd/psd_ws/install/control_msgs/include/control_msgs/control_msgs/msg/steering_controller_status.h
[5.358s] -- Up-to-date symlink: /home/psd/psd_ws/install/control_msgs/include/control_msgs/control_msgs/srv/detail/query_calibration_state__functions.h
[5.358s] -- Up-to-date symlink: /home/psd/psd_ws/install/control_msgs/include/control_msgs/control_msgs/srv/detail/query_calibration_state__struct.h
[5.358s] -- Up-to-date symlink: /home/psd/psd_ws/install/control_msgs/include/control_msgs/control_msgs/srv/detail/query_calibration_state__type_support.h
[5.358s] -- Up-to-date symlink: /home/psd/psd_ws/install/control_msgs/include/control_msgs/control_msgs/srv/detail/query_trajectory_state__functions.h
[5.358s] -- Up-to-date symlink: /home/psd/psd_ws/install/control_msgs/include/control_msgs/control_msgs/srv/detail/query_trajectory_state__struct.h
[5.358s] -- Up-to-date symlink: /home/psd/psd_ws/install/control_msgs/include/control_msgs/control_msgs/srv/detail/query_trajectory_state__type_support.h
[5.358s] -- Up-to-date symlink: /home/psd/psd_ws/install/control_msgs/include/control_msgs/control_msgs/srv/query_calibration_state.h
[5.358s] -- Up-to-date symlink: /home/psd/psd_ws/install/control_msgs/include/control_msgs/control_msgs/srv/query_trajectory_state.h
[5.358s] -- Up-to-date symlink: /home/psd/psd_ws/install/control_msgs/share/control_msgs/environment/library_path.sh
[5.359s] -- Up-to-date symlink: /home/psd/psd_ws/install/control_msgs/share/control_msgs/environment/library_path.dsv
[5.359s] -- Up-to-date symlink: /home/psd/psd_ws/install/control_msgs/include/control_msgs/control_msgs/action/detail/follow_joint_trajectory__rosidl_typesupport_fastrtps_c.h
[5.359s] -- Up-to-date symlink: /home/psd/psd_ws/install/control_msgs/include/control_msgs/control_msgs/action/detail/gripper_command__rosidl_typesupport_fastrtps_c.h
[5.359s] -- Up-to-date symlink: /home/psd/psd_ws/install/control_msgs/include/control_msgs/control_msgs/action/detail/joint_trajectory__rosidl_typesupport_fastrtps_c.h
[5.359s] -- Up-to-date symlink: /home/psd/psd_ws/install/control_msgs/include/control_msgs/control_msgs/action/detail/point_head__rosidl_typesupport_fastrtps_c.h
[5.359s] -- Up-to-date symlink: /home/psd/psd_ws/install/control_msgs/include/control_msgs/control_msgs/action/detail/single_joint_position__rosidl_typesupport_fastrtps_c.h
[5.359s] -- Up-to-date symlink: /home/psd/psd_ws/install/control_msgs/include/control_msgs/control_msgs/msg/detail/admittance_controller_state__rosidl_typesupport_fastrtps_c.h
[5.359s] -- Up-to-date symlink: /home/psd/psd_ws/install/control_msgs/include/control_msgs/control_msgs/msg/detail/dynamic_joint_state__rosidl_typesupport_fastrtps_c.h
[5.359s] -- Up-to-date symlink: /home/psd/psd_ws/install/control_msgs/include/control_msgs/control_msgs/msg/detail/gripper_command__rosidl_typesupport_fastrtps_c.h
[5.359s] -- Up-to-date symlink: /home/psd/psd_ws/install/control_msgs/include/control_msgs/control_msgs/msg/detail/interface_value__rosidl_typesupport_fastrtps_c.h
[5.359s] -- Up-to-date symlink: /home/psd/psd_ws/install/control_msgs/include/control_msgs/control_msgs/msg/detail/joint_component_tolerance__rosidl_typesupport_fastrtps_c.h
[5.359s] -- Up-to-date symlink: /home/psd/psd_ws/install/control_msgs/include/control_msgs/control_msgs/msg/detail/joint_controller_state__rosidl_typesupport_fastrtps_c.h
[5.359s] -- Up-to-date symlink: /home/psd/psd_ws/install/control_msgs/include/control_msgs/control_msgs/msg/detail/joint_jog__rosidl_typesupport_fastrtps_c.h
[5.359s] -- Up-to-date symlink: /home/psd/psd_ws/install/control_msgs/include/control_msgs/control_msgs/msg/detail/joint_tolerance__rosidl_typesupport_fastrtps_c.h
[5.360s] -- Up-to-date symlink: /home/psd/psd_ws/install/control_msgs/include/control_msgs/control_msgs/msg/detail/joint_trajectory_controller_state__rosidl_typesupport_fastrtps_c.h
[5.360s] -- Up-to-date symlink: /home/psd/psd_ws/install/control_msgs/include/control_msgs/control_msgs/msg/detail/mecanum_drive_controller_state__rosidl_typesupport_fastrtps_c.h
[5.360s] -- Up-to-date symlink: /home/psd/psd_ws/install/control_msgs/include/control_msgs/control_msgs/msg/detail/pid_state__rosidl_typesupport_fastrtps_c.h
[5.360s] -- Up-to-date symlink: /home/psd/psd_ws/install/control_msgs/include/control_msgs/control_msgs/msg/detail/steering_controller_status__rosidl_typesupport_fastrtps_c.h
[5.360s] -- Up-to-date symlink: /home/psd/psd_ws/install/control_msgs/include/control_msgs/control_msgs/msg/rosidl_typesupport_fastrtps_c__visibility_control.h
[5.360s] -- Up-to-date symlink: /home/psd/psd_ws/install/control_msgs/include/control_msgs/control_msgs/srv/detail/query_calibration_state__rosidl_typesupport_fastrtps_c.h
[5.360s] -- Up-to-date symlink: /home/psd/psd_ws/install/control_msgs/include/control_msgs/control_msgs/srv/detail/query_trajectory_state__rosidl_typesupport_fastrtps_c.h
[5.360s] -- Up-to-date symlink: /home/psd/psd_ws/install/control_msgs/include/control_msgs/control_msgs/action/detail/follow_joint_trajectory__builder.hpp
[5.360s] -- Up-to-date symlink: /home/psd/psd_ws/install/control_msgs/include/control_msgs/control_msgs/action/detail/follow_joint_trajectory__struct.hpp
[5.360s] -- Up-to-date symlink: /home/psd/psd_ws/install/control_msgs/include/control_msgs/control_msgs/action/detail/follow_joint_trajectory__traits.hpp
[5.360s] -- Up-to-date symlink: /home/psd/psd_ws/install/control_msgs/include/control_msgs/control_msgs/action/detail/gripper_command__builder.hpp
[5.360s] -- Up-to-date symlink: /home/psd/psd_ws/install/control_msgs/include/control_msgs/control_msgs/action/detail/gripper_command__struct.hpp
[5.360s] -- Up-to-date symlink: /home/psd/psd_ws/install/control_msgs/include/control_msgs/control_msgs/action/detail/gripper_command__traits.hpp
[5.360s] -- Up-to-date symlink: /home/psd/psd_ws/install/control_msgs/include/control_msgs/control_msgs/action/detail/joint_trajectory__builder.hpp
[5.361s] -- Up-to-date symlink: /home/psd/psd_ws/install/control_msgs/include/control_msgs/control_msgs/action/detail/joint_trajectory__struct.hpp
[5.361s] -- Up-to-date symlink: /home/psd/psd_ws/install/control_msgs/include/control_msgs/control_msgs/action/detail/joint_trajectory__traits.hpp
[5.361s] -- Up-to-date symlink: /home/psd/psd_ws/install/control_msgs/include/control_msgs/control_msgs/action/detail/point_head__builder.hpp
[5.361s] -- Up-to-date symlink: /home/psd/psd_ws/install/control_msgs/include/control_msgs/control_msgs/action/detail/point_head__struct.hpp
[5.361s] -- Up-to-date symlink: /home/psd/psd_ws/install/control_msgs/include/control_msgs/control_msgs/action/detail/point_head__traits.hpp
[5.361s] -- Up-to-date symlink: /home/psd/psd_ws/install/control_msgs/include/control_msgs/control_msgs/action/detail/single_joint_position__builder.hpp
[5.361s] -- Up-to-date symlink: /home/psd/psd_ws/install/control_msgs/include/control_msgs/control_msgs/action/detail/single_joint_position__struct.hpp
[5.361s] -- Up-to-date symlink: /home/psd/psd_ws/install/control_msgs/include/control_msgs/control_msgs/action/detail/single_joint_position__traits.hpp
[5.361s] -- Up-to-date symlink: /home/psd/psd_ws/install/control_msgs/include/control_msgs/control_msgs/action/follow_joint_trajectory.hpp
[5.361s] -- Up-to-date symlink: /home/psd/psd_ws/install/control_msgs/include/control_msgs/control_msgs/action/gripper_command.hpp
[5.361s] -- Up-to-date symlink: /home/psd/psd_ws/install/control_msgs/include/control_msgs/control_msgs/action/joint_trajectory.hpp
[5.361s] -- Up-to-date symlink: /home/psd/psd_ws/install/control_msgs/include/control_msgs/control_msgs/action/point_head.hpp
[5.361s] -- Up-to-date symlink: /home/psd/psd_ws/install/control_msgs/include/control_msgs/control_msgs/action/single_joint_position.hpp
[5.361s] -- Up-to-date symlink: /home/psd/psd_ws/install/control_msgs/include/control_msgs/control_msgs/msg/admittance_controller_state.hpp
[5.361s] -- Up-to-date symlink: /home/psd/psd_ws/install/control_msgs/include/control_msgs/control_msgs/msg/detail/admittance_controller_state__builder.hpp
[5.361s] -- Up-to-date symlink: /home/psd/psd_ws/install/control_msgs/include/control_msgs/control_msgs/msg/detail/admittance_controller_state__struct.hpp
[5.361s] -- Up-to-date symlink: /home/psd/psd_ws/install/control_msgs/include/control_msgs/control_msgs/msg/detail/admittance_controller_state__traits.hpp
[5.361s] -- Up-to-date symlink: /home/psd/psd_ws/install/control_msgs/include/control_msgs/control_msgs/msg/detail/dynamic_joint_state__builder.hpp
[5.361s] -- Up-to-date symlink: /home/psd/psd_ws/install/control_msgs/include/control_msgs/control_msgs/msg/detail/dynamic_joint_state__struct.hpp
[5.361s] -- Up-to-date symlink: /home/psd/psd_ws/install/control_msgs/include/control_msgs/control_msgs/msg/detail/dynamic_joint_state__traits.hpp
[5.361s] -- Up-to-date symlink: /home/psd/psd_ws/install/control_msgs/include/control_msgs/control_msgs/msg/detail/gripper_command__builder.hpp
[5.361s] -- Up-to-date symlink: /home/psd/psd_ws/install/control_msgs/include/control_msgs/control_msgs/msg/detail/gripper_command__struct.hpp
[5.361s] -- Up-to-date symlink: /home/psd/psd_ws/install/control_msgs/include/control_msgs/control_msgs/msg/detail/gripper_command__traits.hpp
[5.361s] -- Up-to-date symlink: /home/psd/psd_ws/install/control_msgs/include/control_msgs/control_msgs/msg/detail/interface_value__builder.hpp
[5.361s] -- Up-to-date symlink: /home/psd/psd_ws/install/control_msgs/include/control_msgs/control_msgs/msg/detail/interface_value__struct.hpp
[5.361s] -- Up-to-date symlink: /home/psd/psd_ws/install/control_msgs/include/control_msgs/control_msgs/msg/detail/interface_value__traits.hpp
[5.362s] -- Up-to-date symlink: /home/psd/psd_ws/install/control_msgs/include/control_msgs/control_msgs/msg/detail/joint_component_tolerance__builder.hpp
[5.362s] -- Up-to-date symlink: /home/psd/psd_ws/install/control_msgs/include/control_msgs/control_msgs/msg/detail/joint_component_tolerance__struct.hpp
[5.362s] -- Up-to-date symlink: /home/psd/psd_ws/install/control_msgs/include/control_msgs/control_msgs/msg/detail/joint_component_tolerance__traits.hpp
[5.362s] -- Up-to-date symlink: /home/psd/psd_ws/install/control_msgs/include/control_msgs/control_msgs/msg/detail/joint_controller_state__builder.hpp
[5.362s] -- Up-to-date symlink: /home/psd/psd_ws/install/control_msgs/include/control_msgs/control_msgs/msg/detail/joint_controller_state__struct.hpp
[5.362s] -- Up-to-date symlink: /home/psd/psd_ws/install/control_msgs/include/control_msgs/control_msgs/msg/detail/joint_controller_state__traits.hpp
[5.362s] -- Up-to-date symlink: /home/psd/psd_ws/install/control_msgs/include/control_msgs/control_msgs/msg/detail/joint_jog__builder.hpp
[5.362s] -- Up-to-date symlink: /home/psd/psd_ws/install/control_msgs/include/control_msgs/control_msgs/msg/detail/joint_jog__struct.hpp
[5.362s] -- Up-to-date symlink: /home/psd/psd_ws/install/control_msgs/include/control_msgs/control_msgs/msg/detail/joint_jog__traits.hpp
[5.362s] -- Up-to-date symlink: /home/psd/psd_ws/install/control_msgs/include/control_msgs/control_msgs/msg/detail/joint_tolerance__builder.hpp
[5.362s] -- Up-to-date symlink: /home/psd/psd_ws/install/control_msgs/include/control_msgs/control_msgs/msg/detail/joint_tolerance__struct.hpp
[5.362s] -- Up-to-date symlink: /home/psd/psd_ws/install/control_msgs/include/control_msgs/control_msgs/msg/detail/joint_tolerance__traits.hpp
[5.362s] -- Up-to-date symlink: /home/psd/psd_ws/install/control_msgs/include/control_msgs/control_msgs/msg/detail/joint_trajectory_controller_state__builder.hpp
[5.362s] -- Up-to-date symlink: /home/psd/psd_ws/install/control_msgs/include/control_msgs/control_msgs/msg/detail/joint_trajectory_controller_state__struct.hpp
[5.362s] -- Up-to-date symlink: /home/psd/psd_ws/install/control_msgs/include/control_msgs/control_msgs/msg/detail/joint_trajectory_controller_state__traits.hpp
[5.362s] -- Up-to-date symlink: /home/psd/psd_ws/install/control_msgs/include/control_msgs/control_msgs/msg/detail/mecanum_drive_controller_state__builder.hpp
[5.362s] -- Up-to-date symlink: /home/psd/psd_ws/install/control_msgs/include/control_msgs/control_msgs/msg/detail/mecanum_drive_controller_state__struct.hpp
[5.362s] -- Up-to-date symlink: /home/psd/psd_ws/install/control_msgs/include/control_msgs/control_msgs/msg/detail/mecanum_drive_controller_state__traits.hpp
[5.362s] -- Up-to-date symlink: /home/psd/psd_ws/install/control_msgs/include/control_msgs/control_msgs/msg/detail/pid_state__builder.hpp
[5.362s] -- Up-to-date symlink: /home/psd/psd_ws/install/control_msgs/include/control_msgs/control_msgs/msg/detail/pid_state__struct.hpp
[5.362s] -- Up-to-date symlink: /home/psd/psd_ws/install/control_msgs/include/control_msgs/control_msgs/msg/detail/pid_state__traits.hpp
[5.362s] -- Up-to-date symlink: /home/psd/psd_ws/install/control_msgs/include/control_msgs/control_msgs/msg/detail/steering_controller_status__builder.hpp
[5.363s] -- Up-to-date symlink: /home/psd/psd_ws/install/control_msgs/include/control_msgs/control_msgs/msg/detail/steering_controller_status__struct.hpp
[5.363s] -- Up-to-date symlink: /home/psd/psd_ws/install/control_msgs/include/control_msgs/control_msgs/msg/detail/steering_controller_status__traits.hpp
[5.363s] -- Up-to-date symlink: /home/psd/psd_ws/install/control_msgs/include/control_msgs/control_msgs/msg/dynamic_joint_state.hpp
[5.363s] -- Up-to-date symlink: /home/psd/psd_ws/install/control_msgs/include/control_msgs/control_msgs/msg/gripper_command.hpp
[5.363s] -- Up-to-date symlink: /home/psd/psd_ws/install/control_msgs/include/control_msgs/control_msgs/msg/interface_value.hpp
[5.363s] -- Up-to-date symlink: /home/psd/psd_ws/install/control_msgs/include/control_msgs/control_msgs/msg/joint_component_tolerance.hpp
[5.363s] -- Up-to-date symlink: /home/psd/psd_ws/install/control_msgs/include/control_msgs/control_msgs/msg/joint_controller_state.hpp
[5.363s] -- Up-to-date symlink: /home/psd/psd_ws/install/control_msgs/include/control_msgs/control_msgs/msg/joint_jog.hpp
[5.363s] -- Up-to-date symlink: /home/psd/psd_ws/install/control_msgs/include/control_msgs/control_msgs/msg/joint_tolerance.hpp
[5.363s] -- Up-to-date symlink: /home/psd/psd_ws/install/control_msgs/include/control_msgs/control_msgs/msg/joint_trajectory_controller_state.hpp
[5.363s] -- Up-to-date symlink: /home/psd/psd_ws/install/control_msgs/include/control_msgs/control_msgs/msg/mecanum_drive_controller_state.hpp
[5.363s] -- Up-to-date symlink: /home/psd/psd_ws/install/control_msgs/include/control_msgs/control_msgs/msg/pid_state.hpp
[5.363s] -- Up-to-date symlink: /home/psd/psd_ws/install/control_msgs/include/control_msgs/control_msgs/msg/steering_controller_status.hpp
[5.363s] -- Up-to-date symlink: /home/psd/psd_ws/install/control_msgs/include/control_msgs/control_msgs/srv/detail/query_calibration_state__builder.hpp
[5.363s] -- Up-to-date symlink: /home/psd/psd_ws/install/control_msgs/include/control_msgs/control_msgs/srv/detail/query_calibration_state__struct.hpp
[5.363s] -- Up-to-date symlink: /home/psd/psd_ws/install/control_msgs/include/control_msgs/control_msgs/srv/detail/query_calibration_state__traits.hpp
[5.363s] -- Up-to-date symlink: /home/psd/psd_ws/install/control_msgs/include/control_msgs/control_msgs/srv/detail/query_trajectory_state__builder.hpp
[5.363s] -- Up-to-date symlink: /home/psd/psd_ws/install/control_msgs/include/control_msgs/control_msgs/srv/detail/query_trajectory_state__struct.hpp
[5.363s] -- Up-to-date symlink: /home/psd/psd_ws/install/control_msgs/include/control_msgs/control_msgs/srv/detail/query_trajectory_state__traits.hpp
[5.363s] -- Up-to-date symlink: /home/psd/psd_ws/install/control_msgs/include/control_msgs/control_msgs/srv/query_calibration_state.hpp
[5.363s] -- Up-to-date symlink: /home/psd/psd_ws/install/control_msgs/include/control_msgs/control_msgs/srv/query_trajectory_state.hpp
[5.364s] -- Up-to-date symlink: /home/psd/psd_ws/install/control_msgs/include/control_msgs/control_msgs/action/detail/follow_joint_trajectory__rosidl_typesupport_fastrtps_cpp.hpp
[5.364s] -- Up-to-date symlink: /home/psd/psd_ws/install/control_msgs/include/control_msgs/control_msgs/action/detail/gripper_command__rosidl_typesupport_fastrtps_cpp.hpp
[5.364s] -- Up-to-date symlink: /home/psd/psd_ws/install/control_msgs/include/control_msgs/control_msgs/action/detail/joint_trajectory__rosidl_typesupport_fastrtps_cpp.hpp
[5.364s] -- Up-to-date symlink: /home/psd/psd_ws/install/control_msgs/include/control_msgs/control_msgs/action/detail/point_head__rosidl_typesupport_fastrtps_cpp.hpp
[5.364s] -- Up-to-date symlink: /home/psd/psd_ws/install/control_msgs/include/control_msgs/control_msgs/action/detail/single_joint_position__rosidl_typesupport_fastrtps_cpp.hpp
[5.364s] -- Up-to-date symlink: /home/psd/psd_ws/install/control_msgs/include/control_msgs/control_msgs/msg/detail/admittance_controller_state__rosidl_typesupport_fastrtps_cpp.hpp
[5.364s] -- Up-to-date symlink: /home/psd/psd_ws/install/control_msgs/include/control_msgs/control_msgs/msg/detail/dynamic_joint_state__rosidl_typesupport_fastrtps_cpp.hpp
[5.364s] -- Up-to-date symlink: /home/psd/psd_ws/install/control_msgs/include/control_msgs/control_msgs/msg/detail/gripper_command__rosidl_typesupport_fastrtps_cpp.hpp
[5.364s] -- Up-to-date symlink: /home/psd/psd_ws/install/control_msgs/include/control_msgs/control_msgs/msg/detail/interface_value__rosidl_typesupport_fastrtps_cpp.hpp
[5.364s] -- Up-to-date symlink: /home/psd/psd_ws/install/control_msgs/include/control_msgs/control_msgs/msg/detail/joint_component_tolerance__rosidl_typesupport_fastrtps_cpp.hpp
[5.364s] -- Up-to-date symlink: /home/psd/psd_ws/install/control_msgs/include/control_msgs/control_msgs/msg/detail/joint_controller_state__rosidl_typesupport_fastrtps_cpp.hpp
[5.365s] -- Up-to-date symlink: /home/psd/psd_ws/install/control_msgs/include/control_msgs/control_msgs/msg/detail/joint_jog__rosidl_typesupport_fastrtps_cpp.hpp
[5.365s] -- Up-to-date symlink: /home/psd/psd_ws/install/control_msgs/include/control_msgs/control_msgs/msg/detail/joint_tolerance__rosidl_typesupport_fastrtps_cpp.hpp
[5.365s] -- Up-to-date symlink: /home/psd/psd_ws/install/control_msgs/include/control_msgs/control_msgs/msg/detail/joint_trajectory_controller_state__rosidl_typesupport_fastrtps_cpp.hpp
[5.365s] -- Up-to-date symlink: /home/psd/psd_ws/install/control_msgs/include/control_msgs/control_msgs/msg/detail/mecanum_drive_controller_state__rosidl_typesupport_fastrtps_cpp.hpp
[5.365s] -- Up-to-date symlink: /home/psd/psd_ws/install/control_msgs/include/control_msgs/control_msgs/msg/detail/pid_state__rosidl_typesupport_fastrtps_cpp.hpp
[5.365s] -- Up-to-date symlink: /home/psd/psd_ws/install/control_msgs/include/control_msgs/control_msgs/msg/detail/steering_controller_status__rosidl_typesupport_fastrtps_cpp.hpp
[5.365s] -- Up-to-date symlink: /home/psd/psd_ws/install/control_msgs/include/control_msgs/control_msgs/msg/rosidl_typesupport_fastrtps_cpp__visibility_control.h
[5.365s] -- Up-to-date symlink: /home/psd/psd_ws/install/control_msgs/include/control_msgs/control_msgs/srv/detail/query_calibration_state__rosidl_typesupport_fastrtps_cpp.hpp
[5.365s] -- Up-to-date symlink: /home/psd/psd_ws/install/control_msgs/include/control_msgs/control_msgs/srv/detail/query_trajectory_state__rosidl_typesupport_fastrtps_cpp.hpp
[5.366s] -- Up-to-date symlink: /home/psd/psd_ws/install/control_msgs/include/control_msgs/control_msgs/action/detail/follow_joint_trajectory__rosidl_typesupport_introspection_c.h
[5.366s] -- Up-to-date symlink: /home/psd/psd_ws/install/control_msgs/include/control_msgs/control_msgs/action/detail/gripper_command__rosidl_typesupport_introspection_c.h
[5.366s] -- Up-to-date symlink: /home/psd/psd_ws/install/control_msgs/include/control_msgs/control_msgs/action/detail/joint_trajectory__rosidl_typesupport_introspection_c.h
[5.366s] -- Up-to-date symlink: /home/psd/psd_ws/install/control_msgs/include/control_msgs/control_msgs/action/detail/point_head__rosidl_typesupport_introspection_c.h
[5.366s] -- Up-to-date symlink: /home/psd/psd_ws/install/control_msgs/include/control_msgs/control_msgs/action/detail/single_joint_position__rosidl_typesupport_introspection_c.h
[5.366s] -- Up-to-date symlink: /home/psd/psd_ws/install/control_msgs/include/control_msgs/control_msgs/msg/detail/admittance_controller_state__rosidl_typesupport_introspection_c.h
[5.366s] -- Up-to-date symlink: /home/psd/psd_ws/install/control_msgs/include/control_msgs/control_msgs/msg/detail/dynamic_joint_state__rosidl_typesupport_introspection_c.h
[5.366s] -- Up-to-date symlink: /home/psd/psd_ws/install/control_msgs/include/control_msgs/control_msgs/msg/detail/gripper_command__rosidl_typesupport_introspection_c.h
[5.366s] -- Up-to-date symlink: /home/psd/psd_ws/install/control_msgs/include/control_msgs/control_msgs/msg/detail/interface_value__rosidl_typesupport_introspection_c.h
[5.366s] -- Up-to-date symlink: /home/psd/psd_ws/install/control_msgs/include/control_msgs/control_msgs/msg/detail/joint_component_tolerance__rosidl_typesupport_introspection_c.h
[5.366s] -- Up-to-date symlink: /home/psd/psd_ws/install/control_msgs/include/control_msgs/control_msgs/msg/detail/joint_controller_state__rosidl_typesupport_introspection_c.h
[5.366s] -- Up-to-date symlink: /home/psd/psd_ws/install/control_msgs/include/control_msgs/control_msgs/msg/detail/joint_jog__rosidl_typesupport_introspection_c.h
[5.366s] -- Up-to-date symlink: /home/psd/psd_ws/install/control_msgs/include/control_msgs/control_msgs/msg/detail/joint_tolerance__rosidl_typesupport_introspection_c.h
[5.367s] -- Up-to-date symlink: /home/psd/psd_ws/install/control_msgs/include/control_msgs/control_msgs/msg/detail/joint_trajectory_controller_state__rosidl_typesupport_introspection_c.h
[5.367s] -- Up-to-date symlink: /home/psd/psd_ws/install/control_msgs/include/control_msgs/control_msgs/msg/detail/mecanum_drive_controller_state__rosidl_typesupport_introspection_c.h
[5.367s] -- Up-to-date symlink: /home/psd/psd_ws/install/control_msgs/include/control_msgs/control_msgs/msg/detail/pid_state__rosidl_typesupport_introspection_c.h
[5.367s] -- Up-to-date symlink: /home/psd/psd_ws/install/control_msgs/include/control_msgs/control_msgs/msg/detail/steering_controller_status__rosidl_typesupport_introspection_c.h
[5.367s] -- Up-to-date symlink: /home/psd/psd_ws/install/control_msgs/include/control_msgs/control_msgs/msg/rosidl_typesupport_introspection_c__visibility_control.h
[5.367s] -- Up-to-date symlink: /home/psd/psd_ws/install/control_msgs/include/control_msgs/control_msgs/srv/detail/query_calibration_state__rosidl_typesupport_introspection_c.h
[5.367s] -- Up-to-date symlink: /home/psd/psd_ws/install/control_msgs/include/control_msgs/control_msgs/srv/detail/query_trajectory_state__rosidl_typesupport_introspection_c.h
[5.367s] -- Up-to-date symlink: /home/psd/psd_ws/install/control_msgs/include/control_msgs/control_msgs/action/detail/follow_joint_trajectory__rosidl_typesupport_introspection_cpp.hpp
[5.367s] -- Up-to-date symlink: /home/psd/psd_ws/install/control_msgs/include/control_msgs/control_msgs/action/detail/gripper_command__rosidl_typesupport_introspection_cpp.hpp
[5.367s] -- Up-to-date symlink: /home/psd/psd_ws/install/control_msgs/include/control_msgs/control_msgs/action/detail/joint_trajectory__rosidl_typesupport_introspection_cpp.hpp
[5.368s] -- Up-to-date symlink: /home/psd/psd_ws/install/control_msgs/include/control_msgs/control_msgs/action/detail/point_head__rosidl_typesupport_introspection_cpp.hpp
[5.368s] -- Up-to-date symlink: /home/psd/psd_ws/install/control_msgs/include/control_msgs/control_msgs/action/detail/single_joint_position__rosidl_typesupport_introspection_cpp.hpp
[5.368s] -- Up-to-date symlink: /home/psd/psd_ws/install/control_msgs/include/control_msgs/control_msgs/msg/detail/admittance_controller_state__rosidl_typesupport_introspection_cpp.hpp
[5.368s] -- Up-to-date symlink: /home/psd/psd_ws/install/control_msgs/include/control_msgs/control_msgs/msg/detail/dynamic_joint_state__rosidl_typesupport_introspection_cpp.hpp
[5.368s] -- Up-to-date symlink: /home/psd/psd_ws/install/control_msgs/include/control_msgs/control_msgs/msg/detail/gripper_command__rosidl_typesupport_introspection_cpp.hpp
[5.368s] -- Up-to-date symlink: /home/psd/psd_ws/install/control_msgs/include/control_msgs/control_msgs/msg/detail/interface_value__rosidl_typesupport_introspection_cpp.hpp
[5.368s] -- Up-to-date symlink: /home/psd/psd_ws/install/control_msgs/include/control_msgs/control_msgs/msg/detail/joint_component_tolerance__rosidl_typesupport_introspection_cpp.hpp
[5.368s] -- Up-to-date symlink: /home/psd/psd_ws/install/control_msgs/include/control_msgs/control_msgs/msg/detail/joint_controller_state__rosidl_typesupport_introspection_cpp.hpp
[5.368s] -- Up-to-date symlink: /home/psd/psd_ws/install/control_msgs/include/control_msgs/control_msgs/msg/detail/joint_jog__rosidl_typesupport_introspection_cpp.hpp
[5.368s] -- Up-to-date symlink: /home/psd/psd_ws/install/control_msgs/include/control_msgs/control_msgs/msg/detail/joint_tolerance__rosidl_typesupport_introspection_cpp.hpp
[5.368s] -- Up-to-date symlink: /home/psd/psd_ws/install/control_msgs/include/control_msgs/control_msgs/msg/detail/joint_trajectory_controller_state__rosidl_typesupport_introspection_cpp.hpp
[5.368s] -- Up-to-date symlink: /home/psd/psd_ws/install/control_msgs/include/control_msgs/control_msgs/msg/detail/mecanum_drive_controller_state__rosidl_typesupport_introspection_cpp.hpp
[5.368s] -- Up-to-date symlink: /home/psd/psd_ws/install/control_msgs/include/control_msgs/control_msgs/msg/detail/pid_state__rosidl_typesupport_introspection_cpp.hpp
[5.368s] -- Up-to-date symlink: /home/psd/psd_ws/install/control_msgs/include/control_msgs/control_msgs/msg/detail/steering_controller_status__rosidl_typesupport_introspection_cpp.hpp
[5.368s] -- Up-to-date symlink: /home/psd/psd_ws/install/control_msgs/include/control_msgs/control_msgs/srv/detail/query_calibration_state__rosidl_typesupport_introspection_cpp.hpp
[5.368s] -- Up-to-date symlink: /home/psd/psd_ws/install/control_msgs/include/control_msgs/control_msgs/srv/detail/query_trajectory_state__rosidl_typesupport_introspection_cpp.hpp
[5.368s] -- Up-to-date symlink: /home/psd/psd_ws/install/control_msgs/share/control_msgs/environment/pythonpath.sh
[5.368s] -- Up-to-date symlink: /home/psd/psd_ws/install/control_msgs/share/control_msgs/environment/pythonpath.dsv
[5.369s] -- Up-to-date symlink: /home/psd/psd_ws/install/control_msgs/local/lib/python3.10/dist-packages/control_msgs-4.4.0-py3.10.egg-info/PKG-INFO
[5.369s] -- Up-to-date symlink: /home/psd/psd_ws/install/control_msgs/local/lib/python3.10/dist-packages/control_msgs-4.4.0-py3.10.egg-info/SOURCES.txt
[5.369s] -- Up-to-date symlink: /home/psd/psd_ws/install/control_msgs/local/lib/python3.10/dist-packages/control_msgs-4.4.0-py3.10.egg-info/dependency_links.txt
[5.369s] -- Up-to-date symlink: /home/psd/psd_ws/install/control_msgs/local/lib/python3.10/dist-packages/control_msgs-4.4.0-py3.10.egg-info/top_level.txt
[5.370s] -- Up-to-date symlink: /home/psd/psd_ws/install/control_msgs/local/lib/python3.10/dist-packages/control_msgs/__init__.py
[5.370s] -- Up-to-date symlink: /home/psd/psd_ws/install/control_msgs/local/lib/python3.10/dist-packages/control_msgs/_control_msgs_s.ep.rosidl_typesupport_c.c
[5.370s] -- Up-to-date symlink: /home/psd/psd_ws/install/control_msgs/local/lib/python3.10/dist-packages/control_msgs/_control_msgs_s.ep.rosidl_typesupport_fastrtps_c.c
[5.370s] -- Up-to-date symlink: /home/psd/psd_ws/install/control_msgs/local/lib/python3.10/dist-packages/control_msgs/_control_msgs_s.ep.rosidl_typesupport_introspection_c.c
[5.370s] -- Up-to-date symlink: /home/psd/psd_ws/install/control_msgs/local/lib/python3.10/dist-packages/control_msgs/action/__init__.py
[5.370s] -- Up-to-date symlink: /home/psd/psd_ws/install/control_msgs/local/lib/python3.10/dist-packages/control_msgs/action/_follow_joint_trajectory.py
[5.370s] -- Up-to-date symlink: /home/psd/psd_ws/install/control_msgs/local/lib/python3.10/dist-packages/control_msgs/action/_follow_joint_trajectory_s.c
[5.370s] -- Up-to-date symlink: /home/psd/psd_ws/install/control_msgs/local/lib/python3.10/dist-packages/control_msgs/action/_gripper_command.py
[5.370s] -- Up-to-date symlink: /home/psd/psd_ws/install/control_msgs/local/lib/python3.10/dist-packages/control_msgs/action/_gripper_command_s.c
[5.370s] -- Up-to-date symlink: /home/psd/psd_ws/install/control_msgs/local/lib/python3.10/dist-packages/control_msgs/action/_joint_trajectory.py
[5.370s] -- Up-to-date symlink: /home/psd/psd_ws/install/control_msgs/local/lib/python3.10/dist-packages/control_msgs/action/_joint_trajectory_s.c
[5.370s] -- Up-to-date symlink: /home/psd/psd_ws/install/control_msgs/local/lib/python3.10/dist-packages/control_msgs/action/_point_head.py
[5.370s] -- Up-to-date symlink: /home/psd/psd_ws/install/control_msgs/local/lib/python3.10/dist-packages/control_msgs/action/_point_head_s.c
[5.370s] -- Up-to-date symlink: /home/psd/psd_ws/install/control_msgs/local/lib/python3.10/dist-packages/control_msgs/action/_single_joint_position.py
[5.370s] -- Up-to-date symlink: /home/psd/psd_ws/install/control_msgs/local/lib/python3.10/dist-packages/control_msgs/action/_single_joint_position_s.c
[5.371s] -- Up-to-date symlink: /home/psd/psd_ws/install/control_msgs/local/lib/python3.10/dist-packages/control_msgs/control_msgs_s__rosidl_typesupport_c.cpython-310-x86_64-linux-gnu.so
[5.371s] -- Up-to-date symlink: /home/psd/psd_ws/install/control_msgs/local/lib/python3.10/dist-packages/control_msgs/control_msgs_s__rosidl_typesupport_fastrtps_c.cpython-310-x86_64-linux-gnu.so
[5.371s] -- Up-to-date symlink: /home/psd/psd_ws/install/control_msgs/local/lib/python3.10/dist-packages/control_msgs/control_msgs_s__rosidl_typesupport_introspection_c.cpython-310-x86_64-linux-gnu.so
[5.371s] -- Up-to-date symlink: /home/psd/psd_ws/install/control_msgs/local/lib/python3.10/dist-packages/control_msgs/libcontrol_msgs__rosidl_generator_py.so
[5.371s] -- Up-to-date symlink: /home/psd/psd_ws/install/control_msgs/local/lib/python3.10/dist-packages/control_msgs/msg/__init__.py
[5.371s] -- Up-to-date symlink: /home/psd/psd_ws/install/control_msgs/local/lib/python3.10/dist-packages/control_msgs/msg/_admittance_controller_state.py
[5.371s] -- Up-to-date symlink: /home/psd/psd_ws/install/control_msgs/local/lib/python3.10/dist-packages/control_msgs/msg/_admittance_controller_state_s.c
[5.371s] -- Up-to-date symlink: /home/psd/psd_ws/install/control_msgs/local/lib/python3.10/dist-packages/control_msgs/msg/_dynamic_joint_state.py
[5.371s] -- Up-to-date symlink: /home/psd/psd_ws/install/control_msgs/local/lib/python3.10/dist-packages/control_msgs/msg/_dynamic_joint_state_s.c
[5.371s] -- Up-to-date symlink: /home/psd/psd_ws/install/control_msgs/local/lib/python3.10/dist-packages/control_msgs/msg/_gripper_command.py
[5.371s] -- Up-to-date symlink: /home/psd/psd_ws/install/control_msgs/local/lib/python3.10/dist-packages/control_msgs/msg/_gripper_command_s.c
[5.371s] -- Up-to-date symlink: /home/psd/psd_ws/install/control_msgs/local/lib/python3.10/dist-packages/control_msgs/msg/_interface_value.py
[5.371s] -- Up-to-date symlink: /home/psd/psd_ws/install/control_msgs/local/lib/python3.10/dist-packages/control_msgs/msg/_interface_value_s.c
[5.371s] -- Up-to-date symlink: /home/psd/psd_ws/install/control_msgs/local/lib/python3.10/dist-packages/control_msgs/msg/_joint_component_tolerance.py
[5.371s] -- Up-to-date symlink: /home/psd/psd_ws/install/control_msgs/local/lib/python3.10/dist-packages/control_msgs/msg/_joint_component_tolerance_s.c
[5.371s] -- Up-to-date symlink: /home/psd/psd_ws/install/control_msgs/local/lib/python3.10/dist-packages/control_msgs/msg/_joint_controller_state.py
[5.371s] -- Up-to-date symlink: /home/psd/psd_ws/install/control_msgs/local/lib/python3.10/dist-packages/control_msgs/msg/_joint_controller_state_s.c
[5.371s] -- Up-to-date symlink: /home/psd/psd_ws/install/control_msgs/local/lib/python3.10/dist-packages/control_msgs/msg/_joint_jog.py
[5.372s] -- Up-to-date symlink: /home/psd/psd_ws/install/control_msgs/local/lib/python3.10/dist-packages/control_msgs/msg/_joint_jog_s.c
[5.372s] -- Up-to-date symlink: /home/psd/psd_ws/install/control_msgs/local/lib/python3.10/dist-packages/control_msgs/msg/_joint_tolerance.py
[5.372s] -- Up-to-date symlink: /home/psd/psd_ws/install/control_msgs/local/lib/python3.10/dist-packages/control_msgs/msg/_joint_tolerance_s.c
[5.372s] -- Up-to-date symlink: /home/psd/psd_ws/install/control_msgs/local/lib/python3.10/dist-packages/control_msgs/msg/_joint_trajectory_controller_state.py
[5.372s] -- Up-to-date symlink: /home/psd/psd_ws/install/control_msgs/local/lib/python3.10/dist-packages/control_msgs/msg/_joint_trajectory_controller_state_s.c
[5.372s] -- Up-to-date symlink: /home/psd/psd_ws/install/control_msgs/local/lib/python3.10/dist-packages/control_msgs/msg/_mecanum_drive_controller_state.py
[5.372s] -- Up-to-date symlink: /home/psd/psd_ws/install/control_msgs/local/lib/python3.10/dist-packages/control_msgs/msg/_mecanum_drive_controller_state_s.c
[5.372s] -- Up-to-date symlink: /home/psd/psd_ws/install/control_msgs/local/lib/python3.10/dist-packages/control_msgs/msg/_pid_state.py
[5.372s] -- Up-to-date symlink: /home/psd/psd_ws/install/control_msgs/local/lib/python3.10/dist-packages/control_msgs/msg/_pid_state_s.c
[5.372s] -- Up-to-date symlink: /home/psd/psd_ws/install/control_msgs/local/lib/python3.10/dist-packages/control_msgs/msg/_steering_controller_status.py
[5.372s] -- Up-to-date symlink: /home/psd/psd_ws/install/control_msgs/local/lib/python3.10/dist-packages/control_msgs/msg/_steering_controller_status_s.c
[5.372s] -- Up-to-date symlink: /home/psd/psd_ws/install/control_msgs/local/lib/python3.10/dist-packages/control_msgs/srv/__init__.py
[5.372s] -- Up-to-date symlink: /home/psd/psd_ws/install/control_msgs/local/lib/python3.10/dist-packages/control_msgs/srv/_query_calibration_state.py
[5.372s] -- Up-to-date symlink: /home/psd/psd_ws/install/control_msgs/local/lib/python3.10/dist-packages/control_msgs/srv/_query_calibration_state_s.c
[5.372s] -- Up-to-date symlink: /home/psd/psd_ws/install/control_msgs/local/lib/python3.10/dist-packages/control_msgs/srv/_query_trajectory_state.py
[5.372s] -- Up-to-date symlink: /home/psd/psd_ws/install/control_msgs/local/lib/python3.10/dist-packages/control_msgs/srv/_query_trajectory_state_s.c
[5.373s] -- Up-to-date symlink: /home/psd/psd_ws/install/control_msgs/local/lib/python3.10/dist-packages/control_msgs/control_msgs_s__rosidl_typesupport_fastrtps_c.cpython-310-x86_64-linux-gnu.so
[5.373s] -- Up-to-date symlink: /home/psd/psd_ws/install/control_msgs/local/lib/python3.10/dist-packages/control_msgs/control_msgs_s__rosidl_typesupport_introspection_c.cpython-310-x86_64-linux-gnu.so
[5.373s] -- Up-to-date symlink: /home/psd/psd_ws/install/control_msgs/local/lib/python3.10/dist-packages/control_msgs/control_msgs_s__rosidl_typesupport_c.cpython-310-x86_64-linux-gnu.so
[5.373s] -- Up-to-date symlink: /home/psd/psd_ws/install/control_msgs/share/control_msgs/action/FollowJointTrajectory.idl
[5.373s] -- Up-to-date symlink: /home/psd/psd_ws/install/control_msgs/share/control_msgs/action/GripperCommand.idl
[5.374s] -- Up-to-date symlink: /home/psd/psd_ws/install/control_msgs/share/control_msgs/action/JointTrajectory.idl
[5.374s] -- Up-to-date symlink: /home/psd/psd_ws/install/control_msgs/share/control_msgs/action/PointHead.idl
[5.374s] -- Up-to-date symlink: /home/psd/psd_ws/install/control_msgs/share/control_msgs/action/SingleJointPosition.idl
[5.374s] -- Up-to-date symlink: /home/psd/psd_ws/install/control_msgs/share/control_msgs/msg/AdmittanceControllerState.idl
[5.374s] -- Up-to-date symlink: /home/psd/psd_ws/install/control_msgs/share/control_msgs/msg/DynamicJointState.idl
[5.374s] -- Up-to-date symlink: /home/psd/psd_ws/install/control_msgs/share/control_msgs/msg/GripperCommand.idl
[5.374s] -- Up-to-date symlink: /home/psd/psd_ws/install/control_msgs/share/control_msgs/msg/InterfaceValue.idl
[5.374s] -- Up-to-date symlink: /home/psd/psd_ws/install/control_msgs/share/control_msgs/msg/JointComponentTolerance.idl
[5.374s] -- Up-to-date symlink: /home/psd/psd_ws/install/control_msgs/share/control_msgs/msg/JointControllerState.idl
[5.374s] -- Up-to-date symlink: /home/psd/psd_ws/install/control_msgs/share/control_msgs/msg/JointJog.idl
[5.374s] -- Up-to-date symlink: /home/psd/psd_ws/install/control_msgs/share/control_msgs/msg/JointTolerance.idl
[5.375s] -- Up-to-date symlink: /home/psd/psd_ws/install/control_msgs/share/control_msgs/msg/JointTrajectoryControllerState.idl
[5.375s] -- Up-to-date symlink: /home/psd/psd_ws/install/control_msgs/share/control_msgs/msg/MecanumDriveControllerState.idl
[5.375s] -- Up-to-date symlink: /home/psd/psd_ws/install/control_msgs/share/control_msgs/msg/PidState.idl
[5.375s] -- Up-to-date symlink: /home/psd/psd_ws/install/control_msgs/share/control_msgs/msg/SteeringControllerStatus.idl
[5.375s] -- Up-to-date symlink: /home/psd/psd_ws/install/control_msgs/share/control_msgs/srv/QueryCalibrationState.idl
[5.375s] -- Up-to-date symlink: /home/psd/psd_ws/install/control_msgs/share/control_msgs/srv/QueryTrajectoryState.idl
[5.375s] -- Up-to-date symlink: /home/psd/psd_ws/install/control_msgs/share/control_msgs/action/FollowJointTrajectory.action
[5.375s] -- Up-to-date symlink: /home/psd/psd_ws/install/control_msgs/share/control_msgs/action/GripperCommand.action
[5.375s] -- Up-to-date symlink: /home/psd/psd_ws/install/control_msgs/share/control_msgs/action/JointTrajectory.action
[5.375s] -- Up-to-date symlink: /home/psd/psd_ws/install/control_msgs/share/control_msgs/action/PointHead.action
[5.375s] -- Up-to-date symlink: /home/psd/psd_ws/install/control_msgs/share/control_msgs/action/SingleJointPosition.action
[5.375s] -- Up-to-date symlink: /home/psd/psd_ws/install/control_msgs/share/control_msgs/msg/AdmittanceControllerState.msg
[5.375s] -- Up-to-date symlink: /home/psd/psd_ws/install/control_msgs/share/control_msgs/msg/DynamicJointState.msg
[5.376s] -- Up-to-date symlink: /home/psd/psd_ws/install/control_msgs/share/control_msgs/msg/GripperCommand.msg
[5.376s] -- Up-to-date symlink: /home/psd/psd_ws/install/control_msgs/share/control_msgs/msg/InterfaceValue.msg
[5.376s] -- Up-to-date symlink: /home/psd/psd_ws/install/control_msgs/share/control_msgs/msg/JointComponentTolerance.msg
[5.376s] -- Up-to-date symlink: /home/psd/psd_ws/install/control_msgs/share/control_msgs/msg/JointControllerState.msg
[5.376s] -- Up-to-date symlink: /home/psd/psd_ws/install/control_msgs/share/control_msgs/msg/JointJog.msg
[5.376s] -- Up-to-date symlink: /home/psd/psd_ws/install/control_msgs/share/control_msgs/msg/JointTolerance.msg
[5.376s] -- Up-to-date symlink: /home/psd/psd_ws/install/control_msgs/share/control_msgs/msg/JointTrajectoryControllerState.msg
[5.376s] -- Up-to-date symlink: /home/psd/psd_ws/install/control_msgs/share/control_msgs/msg/MecanumDriveControllerState.msg
[5.376s] -- Up-to-date symlink: /home/psd/psd_ws/install/control_msgs/share/control_msgs/msg/PidState.msg
[5.376s] -- Up-to-date symlink: /home/psd/psd_ws/install/control_msgs/share/control_msgs/msg/SteeringControllerStatus.msg
[5.376s] -- Up-to-date symlink: /home/psd/psd_ws/install/control_msgs/share/control_msgs/srv/QueryCalibrationState.srv
[5.376s] -- Up-to-date symlink: /home/psd/psd_ws/install/control_msgs/share/control_msgs/srv/QueryCalibrationState_Request.msg
[5.377s] -- Up-to-date symlink: /home/psd/psd_ws/install/control_msgs/share/control_msgs/srv/QueryCalibrationState_Response.msg
[5.377s] -- Up-to-date symlink: /home/psd/psd_ws/install/control_msgs/share/control_msgs/srv/QueryTrajectoryState.srv
[5.377s] -- Up-to-date symlink: /home/psd/psd_ws/install/control_msgs/share/control_msgs/srv/QueryTrajectoryState_Request.msg
[5.377s] -- Up-to-date symlink: /home/psd/psd_ws/install/control_msgs/share/control_msgs/srv/QueryTrajectoryState_Response.msg
[5.377s] -- Up-to-date symlink: /home/psd/psd_ws/install/control_msgs/share/ament_index/resource_index/package_run_dependencies/control_msgs
[5.377s] -- Up-to-date symlink: /home/psd/psd_ws/install/control_msgs/share/ament_index/resource_index/parent_prefix_path/control_msgs
[5.377s] -- Up-to-date symlink: /home/psd/psd_ws/install/control_msgs/share/control_msgs/environment/ament_prefix_path.sh
[5.377s] -- Up-to-date symlink: /home/psd/psd_ws/install/control_msgs/share/control_msgs/environment/ament_prefix_path.dsv
[5.377s] -- Up-to-date symlink: /home/psd/psd_ws/install/control_msgs/share/control_msgs/environment/path.sh
[5.377s] -- Up-to-date symlink: /home/psd/psd_ws/install/control_msgs/share/control_msgs/environment/path.dsv
[5.377s] -- Up-to-date symlink: /home/psd/psd_ws/install/control_msgs/share/control_msgs/local_setup.bash
[5.377s] -- Up-to-date symlink: /home/psd/psd_ws/install/control_msgs/share/control_msgs/local_setup.sh
[5.377s] -- Up-to-date symlink: /home/psd/psd_ws/install/control_msgs/share/control_msgs/local_setup.zsh
[5.378s] -- Up-to-date symlink: /home/psd/psd_ws/install/control_msgs/share/control_msgs/local_setup.dsv
[5.378s] -- Symlinking: /home/psd/psd_ws/install/control_msgs/share/control_msgs/package.dsv
[5.383s] -- Up-to-date symlink: /home/psd/psd_ws/install/control_msgs/share/ament_index/resource_index/packages/control_msgs
[5.383s] -- Up-to-date symlink: /home/psd/psd_ws/install/control_msgs/share/control_msgs/cmake/rosidl_cmake-extras.cmake
[5.383s] -- Up-to-date symlink: /home/psd/psd_ws/install/control_msgs/share/control_msgs/cmake/ament_cmake_export_dependencies-extras.cmake
[5.383s] -- Up-to-date symlink: /home/psd/psd_ws/install/control_msgs/share/control_msgs/cmake/ament_cmake_export_include_directories-extras.cmake
[5.383s] -- Up-to-date symlink: /home/psd/psd_ws/install/control_msgs/share/control_msgs/cmake/ament_cmake_export_libraries-extras.cmake
[5.383s] -- Up-to-date symlink: /home/psd/psd_ws/install/control_msgs/share/control_msgs/cmake/ament_cmake_export_targets-extras.cmake
[5.384s] -- Up-to-date symlink: /home/psd/psd_ws/install/control_msgs/share/control_msgs/cmake/rosidl_cmake_export_typesupport_targets-extras.cmake
[5.384s] -- Up-to-date symlink: /home/psd/psd_ws/install/control_msgs/share/control_msgs/cmake/rosidl_cmake_export_typesupport_libraries-extras.cmake
[5.384s] -- Up-to-date symlink: /home/psd/psd_ws/install/control_msgs/share/control_msgs/cmake/control_msgsConfig.cmake
[5.384s] -- Up-to-date symlink: /home/psd/psd_ws/install/control_msgs/share/control_msgs/cmake/control_msgsConfig-version.cmake
[5.384s] -- Up-to-date symlink: /home/psd/psd_ws/install/control_msgs/share/control_msgs/package.xml
[5.384s] -- Installing: /home/psd/psd_ws/install/control_msgs/lib/libcontrol_msgs__rosidl_generator_c.so
[5.384s] -- Set runtime path of "/home/psd/psd_ws/install/control_msgs/lib/libcontrol_msgs__rosidl_generator_c.so" to ""
[5.385s] -- Installing: /home/psd/psd_ws/install/control_msgs/lib/libcontrol_msgs__rosidl_typesupport_fastrtps_c.so
[5.385s] -- Set runtime path of "/home/psd/psd_ws/install/control_msgs/lib/libcontrol_msgs__rosidl_typesupport_fastrtps_c.so" to ""
[5.385s] -- Installing: /home/psd/psd_ws/install/control_msgs/lib/libcontrol_msgs__rosidl_typesupport_fastrtps_cpp.so
[5.386s] -- Set runtime path of "/home/psd/psd_ws/install/control_msgs/lib/libcontrol_msgs__rosidl_typesupport_fastrtps_cpp.so" to ""
[5.386s] -- Installing: /home/psd/psd_ws/install/control_msgs/lib/libcontrol_msgs__rosidl_typesupport_introspection_c.so
[5.386s] -- Set runtime path of "/home/psd/psd_ws/install/control_msgs/lib/libcontrol_msgs__rosidl_typesupport_introspection_c.so" to ""
[5.387s] -- Installing: /home/psd/psd_ws/install/control_msgs/lib/libcontrol_msgs__rosidl_typesupport_c.so
[5.387s] -- Set runtime path of "/home/psd/psd_ws/install/control_msgs/lib/libcontrol_msgs__rosidl_typesupport_c.so" to ""
[5.387s] -- Installing: /home/psd/psd_ws/install/control_msgs/lib/libcontrol_msgs__rosidl_typesupport_introspection_cpp.so
[5.387s] -- Set runtime path of "/home/psd/psd_ws/install/control_msgs/lib/libcontrol_msgs__rosidl_typesupport_introspection_cpp.so" to ""
[5.387s] -- Installing: /home/psd/psd_ws/install/control_msgs/lib/libcontrol_msgs__rosidl_typesupport_cpp.so
[5.388s] -- Set runtime path of "/home/psd/psd_ws/install/control_msgs/lib/libcontrol_msgs__rosidl_typesupport_cpp.so" to ""
[5.408s] Listing '/home/psd/psd_ws/install/control_msgs/local/lib/python3.10/dist-packages/control_msgs'...
[5.409s] Listing '/home/psd/psd_ws/install/control_msgs/local/lib/python3.10/dist-packages/control_msgs/action'...
[5.409s] Listing '/home/psd/psd_ws/install/control_msgs/local/lib/python3.10/dist-packages/control_msgs/msg'...
[5.409s] Listing '/home/psd/psd_ws/install/control_msgs/local/lib/python3.10/dist-packages/control_msgs/srv'...
[5.411s] -- Installing: /home/psd/psd_ws/install/control_msgs/lib/libcontrol_msgs__rosidl_generator_py.so
[5.412s] -- Set runtime path of "/home/psd/psd_ws/install/control_msgs/lib/libcontrol_msgs__rosidl_generator_py.so" to ""
[5.412s] -- Up-to-date: /home/psd/psd_ws/install/control_msgs/share/control_msgs/cmake/export_control_msgs__rosidl_generator_cExport.cmake
[5.412s] -- Up-to-date: /home/psd/psd_ws/install/control_msgs/share/control_msgs/cmake/export_control_msgs__rosidl_generator_cExport-noconfig.cmake
[5.412s] -- Up-to-date: /home/psd/psd_ws/install/control_msgs/share/control_msgs/cmake/export_control_msgs__rosidl_typesupport_fastrtps_cExport.cmake
[5.412s] -- Up-to-date: /home/psd/psd_ws/install/control_msgs/share/control_msgs/cmake/export_control_msgs__rosidl_typesupport_fastrtps_cExport-noconfig.cmake
[5.412s] -- Up-to-date: /home/psd/psd_ws/install/control_msgs/share/control_msgs/cmake/export_control_msgs__rosidl_generator_cppExport.cmake
[5.412s] -- Up-to-date: /home/psd/psd_ws/install/control_msgs/share/control_msgs/cmake/export_control_msgs__rosidl_typesupport_fastrtps_cppExport.cmake
[5.412s] -- Up-to-date: /home/psd/psd_ws/install/control_msgs/share/control_msgs/cmake/export_control_msgs__rosidl_typesupport_fastrtps_cppExport-noconfig.cmake
[5.412s] -- Up-to-date: /home/psd/psd_ws/install/control_msgs/share/control_msgs/cmake/control_msgs__rosidl_typesupport_introspection_cExport.cmake
[5.413s] -- Up-to-date: /home/psd/psd_ws/install/control_msgs/share/control_msgs/cmake/control_msgs__rosidl_typesupport_introspection_cExport-noconfig.cmake
[5.413s] -- Up-to-date: /home/psd/psd_ws/install/control_msgs/share/control_msgs/cmake/control_msgs__rosidl_typesupport_cExport.cmake
[5.413s] -- Up-to-date: /home/psd/psd_ws/install/control_msgs/share/control_msgs/cmake/control_msgs__rosidl_typesupport_cExport-noconfig.cmake
[5.413s] -- Up-to-date: /home/psd/psd_ws/install/control_msgs/share/control_msgs/cmake/control_msgs__rosidl_typesupport_introspection_cppExport.cmake
[5.413s] -- Up-to-date: /home/psd/psd_ws/install/control_msgs/share/control_msgs/cmake/control_msgs__rosidl_typesupport_introspection_cppExport-noconfig.cmake
[5.413s] -- Up-to-date: /home/psd/psd_ws/install/control_msgs/share/control_msgs/cmake/control_msgs__rosidl_typesupport_cppExport.cmake
[5.413s] -- Up-to-date: /home/psd/psd_ws/install/control_msgs/share/control_msgs/cmake/control_msgs__rosidl_typesupport_cppExport-noconfig.cmake
[5.413s] -- Up-to-date: /home/psd/psd_ws/install/control_msgs/share/control_msgs/cmake/export_control_msgs__rosidl_generator_pyExport.cmake
[5.413s] -- Up-to-date: /home/psd/psd_ws/install/control_msgs/share/control_msgs/cmake/export_control_msgs__rosidl_generator_pyExport-noconfig.cmake
[5.415s] Invoked command in '/home/psd/psd_ws/build/control_msgs' returned '0': CMAKE_PREFIX_PATH=/opt/ros/humble /usr/bin/cmake --install /home/psd/psd_ws/build/control_msgs
