[0.047s] Invoking command in '/home/psd/psd_ws/build/ros2_control_demo_example_3': AMENT_PREFIX_PATH=/home/psd/psd_ws/install/ros2controlcli:/home/psd/psd_ws/install/joint_state_broadcaster:/home/psd/psd_ws/install/forward_command_controller:/home/psd/psd_ws/install/controller_manager:/home/psd/psd_ws/install/controller_interface:/home/psd/psd_ws/install/hardware_interface:/home/psd/psd_ws/install/ros2_controllers_test_nodes:/home/psd/psd_ws/install/ros2_control_test_assets:/home/psd/psd_ws/install/ros2_control_demo_description:/home/psd/psd_ws/install/realtime_tools:/home/psd/psd_ws/install/controller_manager_msgs:/home/psd/psd_ws/install/control_msgs:${AMENT_PREFIX_PATH} CMAKE_PREFIX_PATH=/home/psd/psd_ws/install/joint_state_broadcaster:/home/psd/psd_ws/install/forward_command_controller:/home/psd/psd_ws/install/controller_manager:/home/psd/psd_ws/install/controller_interface:/home/psd/psd_ws/install/hardware_interface:/home/psd/psd_ws/install/ros2_control_test_assets:/home/psd/psd_ws/install/ros2_control_demo_description:/home/psd/psd_ws/install/realtime_tools:/home/psd/psd_ws/install/controller_manager_msgs:/home/psd/psd_ws/install/control_msgs:/opt/ros/humble LD_LIBRARY_PATH=/home/psd/psd_ws/install/joint_state_broadcaster/lib:/home/psd/psd_ws/install/forward_command_controller/lib:/home/psd/psd_ws/install/controller_manager/lib:/home/psd/psd_ws/install/controller_interface/lib:/home/psd/psd_ws/install/hardware_interface/lib:/home/psd/psd_ws/install/realtime_tools/lib:/home/psd/psd_ws/install/controller_manager_msgs/lib:/home/psd/psd_ws/install/control_msgs/lib:${LD_LIBRARY_PATH} PYTHONPATH=/home/psd/psd_ws/build/ros2controlcli:/home/psd/psd_ws/install/ros2controlcli/lib/python3.10/site-packages:/home/psd/psd_ws/install/controller_manager/local/lib/python3.10/dist-packages:/home/psd/psd_ws/build/ros2_controllers_test_nodes:/home/psd/psd_ws/install/ros2_controllers_test_nodes/lib/python3.10/site-packages:/home/psd/psd_ws/install/controller_manager_msgs/local/lib/python3.10/dist-packages:/home/psd/psd_ws/install/control_msgs/local/lib/python3.10/dist-packages:${PYTHONPATH} /usr/bin/cmake /home/psd/psd_ws/src/ros-controls/ros2_control_demos/example_3 -DAMENT_CMAKE_SYMLINK_INSTALL=1 -DCMAKE_INSTALL_PREFIX=/home/psd/psd_ws/install/ros2_control_demo_example_3
[0.147s] -- The CXX compiler identification is GNU 11.4.0
[0.158s] -- Detecting CXX compiler ABI info
[0.276s] -- Detecting CXX compiler ABI info - done
[0.283s] -- Check for working CXX compiler: /usr/bin/c++ - skipped
[0.283s] -- Detecting CXX compile features
[0.284s] -- Detecting CXX compile features - done
[0.290s] -- Found ament_cmake: 1.3.8 (/opt/ros/humble/share/ament_cmake/cmake)
[0.549s] -- Found Python3: /usr/bin/python3 (found version "3.10.12") found components: Interpreter 
[0.653s] -- Override CMake install command with custom implementation using symlinks instead of copying resources
[0.729s] -- Found hardware_interface: 2.40.0 (/home/psd/psd_ws/install/hardware_interface/share/hardware_interface/cmake)
[0.818s] -- Found rosidl_generator_c: 3.1.5 (/opt/ros/humble/share/rosidl_generator_c/cmake)
[0.832s] -- Found rosidl_adapter: 3.1.5 (/opt/ros/humble/share/rosidl_adapter/cmake)
[0.857s] -- Found rosidl_generator_cpp: 3.1.5 (/opt/ros/humble/share/rosidl_generator_cpp/cmake)
[0.882s] -- Using all available rosidl_typesupport_c: rosidl_typesupport_fastrtps_c;rosidl_typesupport_introspection_c
[0.928s] -- Using all available rosidl_typesupport_cpp: rosidl_typesupport_fastrtps_cpp;rosidl_typesupport_introspection_cpp
[2.112s] -- Found rmw_implementation_cmake: 6.1.1 (/opt/ros/humble/share/rmw_implementation_cmake/cmake)
[2.119s] -- Found rmw_fastrtps_cpp: 6.2.6 (/opt/ros/humble/share/rmw_fastrtps_cpp/cmake)
[2.189s] -- Found TinyXML2 via Config file: TinyXML2_DIR-NOTFOUND
[2.298s] -- Found OpenSSL: /usr/lib/x86_64-linux-gnu/libcrypto.so (found version "3.0.2")  
[2.303s] -- Found TinyXML2 via Config file: TinyXML2_DIR-NOTFOUND
[2.327s] -- Found FastRTPS: /opt/ros/humble/include  
[2.343s] -- Found TinyXML2 via Config file: TinyXML2_DIR-NOTFOUND
[2.358s] -- Found TinyXML2 via Config file: TinyXML2_DIR-NOTFOUND
[2.375s] -- Using RMW implementation 'rmw_fastrtps_cpp' as default
[2.403s] -- Looking for C++ include pthread.h
[2.538s] -- Looking for C++ include pthread.h - found
[2.538s] -- Performing Test CMAKE_HAVE_LIBC_PTHREAD
[2.683s] -- Performing Test CMAKE_HAVE_LIBC_PTHREAD - Success
[2.684s] -- Found Threads: TRUE  
[3.097s] -- Found ament_cmake_pytest: 1.3.8 (/opt/ros/humble/share/ament_cmake_pytest/cmake)
[4.165s] -- Configuring done
[4.206s] -- Generating done
[4.209s] -- Build files have been written to: /home/psd/psd_ws/build/ros2_control_demo_example_3
[4.234s] Invoked command in '/home/psd/psd_ws/build/ros2_control_demo_example_3' returned '0': AMENT_PREFIX_PATH=/home/psd/psd_ws/install/ros2controlcli:/home/psd/psd_ws/install/joint_state_broadcaster:/home/psd/psd_ws/install/forward_command_controller:/home/psd/psd_ws/install/controller_manager:/home/psd/psd_ws/install/controller_interface:/home/psd/psd_ws/install/hardware_interface:/home/psd/psd_ws/install/ros2_controllers_test_nodes:/home/psd/psd_ws/install/ros2_control_test_assets:/home/psd/psd_ws/install/ros2_control_demo_description:/home/psd/psd_ws/install/realtime_tools:/home/psd/psd_ws/install/controller_manager_msgs:/home/psd/psd_ws/install/control_msgs:${AMENT_PREFIX_PATH} CMAKE_PREFIX_PATH=/home/psd/psd_ws/install/joint_state_broadcaster:/home/psd/psd_ws/install/forward_command_controller:/home/psd/psd_ws/install/controller_manager:/home/psd/psd_ws/install/controller_interface:/home/psd/psd_ws/install/hardware_interface:/home/psd/psd_ws/install/ros2_control_test_assets:/home/psd/psd_ws/install/ros2_control_demo_description:/home/psd/psd_ws/install/realtime_tools:/home/psd/psd_ws/install/controller_manager_msgs:/home/psd/psd_ws/install/control_msgs:/opt/ros/humble LD_LIBRARY_PATH=/home/psd/psd_ws/install/joint_state_broadcaster/lib:/home/psd/psd_ws/install/forward_command_controller/lib:/home/psd/psd_ws/install/controller_manager/lib:/home/psd/psd_ws/install/controller_interface/lib:/home/psd/psd_ws/install/hardware_interface/lib:/home/psd/psd_ws/install/realtime_tools/lib:/home/psd/psd_ws/install/controller_manager_msgs/lib:/home/psd/psd_ws/install/control_msgs/lib:${LD_LIBRARY_PATH} PYTHONPATH=/home/psd/psd_ws/build/ros2controlcli:/home/psd/psd_ws/install/ros2controlcli/lib/python3.10/site-packages:/home/psd/psd_ws/install/controller_manager/local/lib/python3.10/dist-packages:/home/psd/psd_ws/build/ros2_controllers_test_nodes:/home/psd/psd_ws/install/ros2_controllers_test_nodes/lib/python3.10/site-packages:/home/psd/psd_ws/install/controller_manager_msgs/local/lib/python3.10/dist-packages:/home/psd/psd_ws/install/control_msgs/local/lib/python3.10/dist-packages:${PYTHONPATH} /usr/bin/cmake /home/psd/psd_ws/src/ros-controls/ros2_control_demos/example_3 -DAMENT_CMAKE_SYMLINK_INSTALL=1 -DCMAKE_INSTALL_PREFIX=/home/psd/psd_ws/install/ros2_control_demo_example_3
[4.235s] Invoking command in '/home/psd/psd_ws/build/ros2_control_demo_example_3': AMENT_PREFIX_PATH=/home/psd/psd_ws/install/ros2controlcli:/home/psd/psd_ws/install/joint_state_broadcaster:/home/psd/psd_ws/install/forward_command_controller:/home/psd/psd_ws/install/controller_manager:/home/psd/psd_ws/install/controller_interface:/home/psd/psd_ws/install/hardware_interface:/home/psd/psd_ws/install/ros2_controllers_test_nodes:/home/psd/psd_ws/install/ros2_control_test_assets:/home/psd/psd_ws/install/ros2_control_demo_description:/home/psd/psd_ws/install/realtime_tools:/home/psd/psd_ws/install/controller_manager_msgs:/home/psd/psd_ws/install/control_msgs:${AMENT_PREFIX_PATH} CMAKE_PREFIX_PATH=/home/psd/psd_ws/install/joint_state_broadcaster:/home/psd/psd_ws/install/forward_command_controller:/home/psd/psd_ws/install/controller_manager:/home/psd/psd_ws/install/controller_interface:/home/psd/psd_ws/install/hardware_interface:/home/psd/psd_ws/install/ros2_control_test_assets:/home/psd/psd_ws/install/ros2_control_demo_description:/home/psd/psd_ws/install/realtime_tools:/home/psd/psd_ws/install/controller_manager_msgs:/home/psd/psd_ws/install/control_msgs:/opt/ros/humble LD_LIBRARY_PATH=/home/psd/psd_ws/install/joint_state_broadcaster/lib:/home/psd/psd_ws/install/forward_command_controller/lib:/home/psd/psd_ws/install/controller_manager/lib:/home/psd/psd_ws/install/controller_interface/lib:/home/psd/psd_ws/install/hardware_interface/lib:/home/psd/psd_ws/install/realtime_tools/lib:/home/psd/psd_ws/install/controller_manager_msgs/lib:/home/psd/psd_ws/install/control_msgs/lib:${LD_LIBRARY_PATH} PYTHONPATH=/home/psd/psd_ws/build/ros2controlcli:/home/psd/psd_ws/install/ros2controlcli/lib/python3.10/site-packages:/home/psd/psd_ws/install/controller_manager/local/lib/python3.10/dist-packages:/home/psd/psd_ws/build/ros2_controllers_test_nodes:/home/psd/psd_ws/install/ros2_controllers_test_nodes/lib/python3.10/site-packages:/home/psd/psd_ws/install/controller_manager_msgs/local/lib/python3.10/dist-packages:/home/psd/psd_ws/install/control_msgs/local/lib/python3.10/dist-packages:${PYTHONPATH} /usr/bin/cmake --build /home/psd/psd_ws/build/ros2_control_demo_example_3 -- -j20 -l20
[4.458s] [ 50%] [32mBuilding CXX object CMakeFiles/ros2_control_demo_example_3.dir/hardware/rrbot_system_multi_interface.cpp.o[0m
[11.490s] [100%] [32m[1mLinking CXX shared library libros2_control_demo_example_3.so[0m
[11.725s] [100%] Built target ros2_control_demo_example_3
[11.739s] Invoked command in '/home/psd/psd_ws/build/ros2_control_demo_example_3' returned '0': AMENT_PREFIX_PATH=/home/psd/psd_ws/install/ros2controlcli:/home/psd/psd_ws/install/joint_state_broadcaster:/home/psd/psd_ws/install/forward_command_controller:/home/psd/psd_ws/install/controller_manager:/home/psd/psd_ws/install/controller_interface:/home/psd/psd_ws/install/hardware_interface:/home/psd/psd_ws/install/ros2_controllers_test_nodes:/home/psd/psd_ws/install/ros2_control_test_assets:/home/psd/psd_ws/install/ros2_control_demo_description:/home/psd/psd_ws/install/realtime_tools:/home/psd/psd_ws/install/controller_manager_msgs:/home/psd/psd_ws/install/control_msgs:${AMENT_PREFIX_PATH} CMAKE_PREFIX_PATH=/home/psd/psd_ws/install/joint_state_broadcaster:/home/psd/psd_ws/install/forward_command_controller:/home/psd/psd_ws/install/controller_manager:/home/psd/psd_ws/install/controller_interface:/home/psd/psd_ws/install/hardware_interface:/home/psd/psd_ws/install/ros2_control_test_assets:/home/psd/psd_ws/install/ros2_control_demo_description:/home/psd/psd_ws/install/realtime_tools:/home/psd/psd_ws/install/controller_manager_msgs:/home/psd/psd_ws/install/control_msgs:/opt/ros/humble LD_LIBRARY_PATH=/home/psd/psd_ws/install/joint_state_broadcaster/lib:/home/psd/psd_ws/install/forward_command_controller/lib:/home/psd/psd_ws/install/controller_manager/lib:/home/psd/psd_ws/install/controller_interface/lib:/home/psd/psd_ws/install/hardware_interface/lib:/home/psd/psd_ws/install/realtime_tools/lib:/home/psd/psd_ws/install/controller_manager_msgs/lib:/home/psd/psd_ws/install/control_msgs/lib:${LD_LIBRARY_PATH} PYTHONPATH=/home/psd/psd_ws/build/ros2controlcli:/home/psd/psd_ws/install/ros2controlcli/lib/python3.10/site-packages:/home/psd/psd_ws/install/controller_manager/local/lib/python3.10/dist-packages:/home/psd/psd_ws/build/ros2_controllers_test_nodes:/home/psd/psd_ws/install/ros2_controllers_test_nodes/lib/python3.10/site-packages:/home/psd/psd_ws/install/controller_manager_msgs/local/lib/python3.10/dist-packages:/home/psd/psd_ws/install/control_msgs/local/lib/python3.10/dist-packages:${PYTHONPATH} /usr/bin/cmake --build /home/psd/psd_ws/build/ros2_control_demo_example_3 -- -j20 -l20
[11.766s] Invoking command in '/home/psd/psd_ws/build/ros2_control_demo_example_3': AMENT_PREFIX_PATH=/home/psd/psd_ws/install/ros2controlcli:/home/psd/psd_ws/install/joint_state_broadcaster:/home/psd/psd_ws/install/forward_command_controller:/home/psd/psd_ws/install/controller_manager:/home/psd/psd_ws/install/controller_interface:/home/psd/psd_ws/install/hardware_interface:/home/psd/psd_ws/install/ros2_controllers_test_nodes:/home/psd/psd_ws/install/ros2_control_test_assets:/home/psd/psd_ws/install/ros2_control_demo_description:/home/psd/psd_ws/install/realtime_tools:/home/psd/psd_ws/install/controller_manager_msgs:/home/psd/psd_ws/install/control_msgs:${AMENT_PREFIX_PATH} CMAKE_PREFIX_PATH=/home/psd/psd_ws/install/joint_state_broadcaster:/home/psd/psd_ws/install/forward_command_controller:/home/psd/psd_ws/install/controller_manager:/home/psd/psd_ws/install/controller_interface:/home/psd/psd_ws/install/hardware_interface:/home/psd/psd_ws/install/ros2_control_test_assets:/home/psd/psd_ws/install/ros2_control_demo_description:/home/psd/psd_ws/install/realtime_tools:/home/psd/psd_ws/install/controller_manager_msgs:/home/psd/psd_ws/install/control_msgs:/opt/ros/humble LD_LIBRARY_PATH=/home/psd/psd_ws/install/joint_state_broadcaster/lib:/home/psd/psd_ws/install/forward_command_controller/lib:/home/psd/psd_ws/install/controller_manager/lib:/home/psd/psd_ws/install/controller_interface/lib:/home/psd/psd_ws/install/hardware_interface/lib:/home/psd/psd_ws/install/realtime_tools/lib:/home/psd/psd_ws/install/controller_manager_msgs/lib:/home/psd/psd_ws/install/control_msgs/lib:${LD_LIBRARY_PATH} PYTHONPATH=/home/psd/psd_ws/build/ros2controlcli:/home/psd/psd_ws/install/ros2controlcli/lib/python3.10/site-packages:/home/psd/psd_ws/install/controller_manager/local/lib/python3.10/dist-packages:/home/psd/psd_ws/build/ros2_controllers_test_nodes:/home/psd/psd_ws/install/ros2_controllers_test_nodes/lib/python3.10/site-packages:/home/psd/psd_ws/install/controller_manager_msgs/local/lib/python3.10/dist-packages:/home/psd/psd_ws/install/control_msgs/local/lib/python3.10/dist-packages:${PYTHONPATH} /usr/bin/cmake --install /home/psd/psd_ws/build/ros2_control_demo_example_3
[11.777s] -- Install configuration: ""
[11.777s] -- Execute custom install script
[11.778s] -- Symlinking: /home/psd/psd_ws/install/ros2_control_demo_example_3/share/ros2_control_demo_example_3//ros2_control_demo_example_3.xml
[11.791s] -- Symlinking: /home/psd/psd_ws/install/ros2_control_demo_example_3/include/ros2_control_demo_example_3/ros2_control_demo_example_3/rrbot_system_multi_interface.hpp
[11.800s] -- Symlinking: /home/psd/psd_ws/install/ros2_control_demo_example_3/include/ros2_control_demo_example_3/ros2_control_demo_example_3/visibility_control.h
[11.808s] -- Symlinking: /home/psd/psd_ws/install/ros2_control_demo_example_3/share/ros2_control_demo_example_3/launch/view_robot.launch.py
[11.818s] -- Symlinking: /home/psd/psd_ws/install/ros2_control_demo_example_3/share/ros2_control_demo_example_3/ros2_control/rrbot_system_multi_interface.ros2_control.xacro
[11.830s] -- Symlinking: /home/psd/psd_ws/install/ros2_control_demo_example_3/share/ros2_control_demo_example_3/urdf/rrbot_system_multi_interface.urdf.xacro
[11.842s] -- Symlinking: /home/psd/psd_ws/install/ros2_control_demo_example_3/share/ros2_control_demo_example_3/launch/rrbot_system_multi_interface.launch.py
[11.851s] -- Symlinking: /home/psd/psd_ws/install/ros2_control_demo_example_3/share/ros2_control_demo_example_3/launch/test_forward_position_controller.launch.py
[11.863s] -- Symlinking: /home/psd/psd_ws/install/ros2_control_demo_example_3/share/ros2_control_demo_example_3/config/rrbot_forward_position_publisher.yaml
[11.874s] -- Symlinking: /home/psd/psd_ws/install/ros2_control_demo_example_3/share/ros2_control_demo_example_3/config/rrbot_multi_interface_forward_controllers.yaml
[11.885s] -- Symlinking: /home/psd/psd_ws/install/ros2_control_demo_example_3/share/ros2_control_demo_example_3/environment/library_path.sh
[11.896s] -- Symlinking: /home/psd/psd_ws/install/ros2_control_demo_example_3/share/ros2_control_demo_example_3/environment/library_path.dsv
[11.908s] -- Symlinking: /home/psd/psd_ws/install/ros2_control_demo_example_3/share/ament_index/resource_index/package_run_dependencies/ros2_control_demo_example_3
[11.925s] -- Symlinking: /home/psd/psd_ws/install/ros2_control_demo_example_3/share/ament_index/resource_index/parent_prefix_path/ros2_control_demo_example_3
[11.934s] -- Symlinking: /home/psd/psd_ws/install/ros2_control_demo_example_3/share/ros2_control_demo_example_3/environment/ament_prefix_path.sh
[11.946s] -- Symlinking: /home/psd/psd_ws/install/ros2_control_demo_example_3/share/ros2_control_demo_example_3/environment/ament_prefix_path.dsv
[11.959s] -- Symlinking: /home/psd/psd_ws/install/ros2_control_demo_example_3/share/ros2_control_demo_example_3/environment/path.sh
[11.971s] -- Symlinking: /home/psd/psd_ws/install/ros2_control_demo_example_3/share/ros2_control_demo_example_3/environment/path.dsv
[11.984s] -- Symlinking: /home/psd/psd_ws/install/ros2_control_demo_example_3/share/ros2_control_demo_example_3/local_setup.bash
[11.997s] -- Symlinking: /home/psd/psd_ws/install/ros2_control_demo_example_3/share/ros2_control_demo_example_3/local_setup.sh
[12.011s] -- Symlinking: /home/psd/psd_ws/install/ros2_control_demo_example_3/share/ros2_control_demo_example_3/local_setup.zsh
[12.027s] -- Symlinking: /home/psd/psd_ws/install/ros2_control_demo_example_3/share/ros2_control_demo_example_3/local_setup.dsv
[12.042s] -- Symlinking: /home/psd/psd_ws/install/ros2_control_demo_example_3/share/ros2_control_demo_example_3/package.dsv
[12.052s] -- Symlinking: /home/psd/psd_ws/install/ros2_control_demo_example_3/share/ament_index/resource_index/packages/ros2_control_demo_example_3
[12.065s] -- Symlinking: /home/psd/psd_ws/install/ros2_control_demo_example_3/share/ament_index/resource_index/hardware_interface__pluginlib__plugin/ros2_control_demo_example_3
[12.077s] -- Symlinking: /home/psd/psd_ws/install/ros2_control_demo_example_3/share/ros2_control_demo_example_3/cmake/ament_cmake_export_targets-extras.cmake
[12.089s] -- Symlinking: /home/psd/psd_ws/install/ros2_control_demo_example_3/share/ros2_control_demo_example_3/cmake/ament_cmake_export_dependencies-extras.cmake
[12.101s] -- Symlinking: /home/psd/psd_ws/install/ros2_control_demo_example_3/share/ros2_control_demo_example_3/cmake/ros2_control_demo_example_3Config.cmake
[12.113s] -- Symlinking: /home/psd/psd_ws/install/ros2_control_demo_example_3/share/ros2_control_demo_example_3/cmake/ros2_control_demo_example_3Config-version.cmake
[12.125s] -- Symlinking: /home/psd/psd_ws/install/ros2_control_demo_example_3/share/ros2_control_demo_example_3/package.xml
[12.137s] -- Installing: /home/psd/psd_ws/install/ros2_control_demo_example_3/lib/libros2_control_demo_example_3.so
[12.138s] -- Set runtime path of "/home/psd/psd_ws/install/ros2_control_demo_example_3/lib/libros2_control_demo_example_3.so" to ""
[12.138s] -- Installing: /home/psd/psd_ws/install/ros2_control_demo_example_3/share/ros2_control_demo_example_3/cmake/export_ros2_control_demo_example_3Export.cmake
[12.139s] -- Installing: /home/psd/psd_ws/install/ros2_control_demo_example_3/share/ros2_control_demo_example_3/cmake/export_ros2_control_demo_example_3Export-noconfig.cmake
[12.142s] Invoked command in '/home/psd/psd_ws/build/ros2_control_demo_example_3' returned '0': AMENT_PREFIX_PATH=/home/psd/psd_ws/install/ros2controlcli:/home/psd/psd_ws/install/joint_state_broadcaster:/home/psd/psd_ws/install/forward_command_controller:/home/psd/psd_ws/install/controller_manager:/home/psd/psd_ws/install/controller_interface:/home/psd/psd_ws/install/hardware_interface:/home/psd/psd_ws/install/ros2_controllers_test_nodes:/home/psd/psd_ws/install/ros2_control_test_assets:/home/psd/psd_ws/install/ros2_control_demo_description:/home/psd/psd_ws/install/realtime_tools:/home/psd/psd_ws/install/controller_manager_msgs:/home/psd/psd_ws/install/control_msgs:${AMENT_PREFIX_PATH} CMAKE_PREFIX_PATH=/home/psd/psd_ws/install/joint_state_broadcaster:/home/psd/psd_ws/install/forward_command_controller:/home/psd/psd_ws/install/controller_manager:/home/psd/psd_ws/install/controller_interface:/home/psd/psd_ws/install/hardware_interface:/home/psd/psd_ws/install/ros2_control_test_assets:/home/psd/psd_ws/install/ros2_control_demo_description:/home/psd/psd_ws/install/realtime_tools:/home/psd/psd_ws/install/controller_manager_msgs:/home/psd/psd_ws/install/control_msgs:/opt/ros/humble LD_LIBRARY_PATH=/home/psd/psd_ws/install/joint_state_broadcaster/lib:/home/psd/psd_ws/install/forward_command_controller/lib:/home/psd/psd_ws/install/controller_manager/lib:/home/psd/psd_ws/install/controller_interface/lib:/home/psd/psd_ws/install/hardware_interface/lib:/home/psd/psd_ws/install/realtime_tools/lib:/home/psd/psd_ws/install/controller_manager_msgs/lib:/home/psd/psd_ws/install/control_msgs/lib:${LD_LIBRARY_PATH} PYTHONPATH=/home/psd/psd_ws/build/ros2controlcli:/home/psd/psd_ws/install/ros2controlcli/lib/python3.10/site-packages:/home/psd/psd_ws/install/controller_manager/local/lib/python3.10/dist-packages:/home/psd/psd_ws/build/ros2_controllers_test_nodes:/home/psd/psd_ws/install/ros2_controllers_test_nodes/lib/python3.10/site-packages:/home/psd/psd_ws/install/controller_manager_msgs/local/lib/python3.10/dist-packages:/home/psd/psd_ws/install/control_msgs/local/lib/python3.10/dist-packages:${PYTHONPATH} /usr/bin/cmake --install /home/psd/psd_ws/build/ros2_control_demo_example_3
