[0.012s] Invoking command in '/home/psd/psd_ws/build/controller_manager': AMENT_PREFIX_PATH=/home/psd/psd_ws/install/hardware_interface_testing:/home/psd/psd_ws/install/controller_interface:/home/psd/psd_ws/install/hardware_interface:/home/psd/psd_ws/install/ros2_control_test_assets:/home/psd/psd_ws/install/realtime_tools:/home/psd/psd_ws/install/controller_manager_msgs:/home/psd/psd_ws/install/control_msgs:${AMENT_PREFIX_PATH} CMAKE_PREFIX_PATH=/home/psd/psd_ws/install/hardware_interface_testing:/home/psd/psd_ws/install/controller_interface:/home/psd/psd_ws/install/hardware_interface:/home/psd/psd_ws/install/ros2_control_test_assets:/home/psd/psd_ws/install/realtime_tools:/home/psd/psd_ws/install/controller_manager_msgs:/home/psd/psd_ws/install/control_msgs:/opt/ros/humble LD_LIBRARY_PATH=/home/psd/psd_ws/install/hardware_interface_testing/lib:/home/psd/psd_ws/install/controller_interface/lib:/home/psd/psd_ws/install/hardware_interface/lib:/home/psd/psd_ws/install/realtime_tools/lib:/home/psd/psd_ws/install/controller_manager_msgs/lib:/home/psd/psd_ws/install/control_msgs/lib:${LD_LIBRARY_PATH} PYTHONPATH=/home/psd/psd_ws/install/controller_manager_msgs/local/lib/python3.10/dist-packages:/home/psd/psd_ws/install/control_msgs/local/lib/python3.10/dist-packages:${PYTHONPATH} /usr/bin/cmake /home/psd/psd_ws/src/ros-controls/ros2_control/controller_manager -DAMENT_CMAKE_SYMLINK_INSTALL=1 -DCMAKE_INSTALL_PREFIX=/home/psd/psd_ws/install/controller_manager
[0.021s] -- Found ament_cmake: 1.3.8 (/opt/ros/humble/share/ament_cmake/cmake)
[0.098s] -- Override CMake install command with custom implementation using symlinks instead of copying resources
[0.103s] -- Found backward_ros: 1.0.2 (/opt/ros/humble/share/backward_ros/cmake)
[0.114s] -- Could NOT find libbfd (missing: LIBBFD_LIBRARY LIBBFD_INCLUDE_DIR) 
[0.114s] -- BACKWARD_HAS_UNWIND=1
[0.114s] -- BACKWARD_HAS_BACKTRACE=0
[0.114s] -- BACKWARD_HAS_BACKTRACE_SYMBOL=0
[0.114s] -- BACKWARD_HAS_DW=1
[0.114s] -- BACKWARD_HAS_BFD=0
[0.114s] -- Found Backward: /opt/ros/humble/share/backward_ros/cmake  
[0.115s] -- Found ament_index_cpp: 1.4.0 (/opt/ros/humble/share/ament_index_cpp/cmake)
[0.115s] -- Found controller_interface: 2.40.0 (/home/psd/psd_ws/install/controller_interface/share/controller_interface/cmake)
[0.129s] -- Found rosidl_generator_c: 3.1.5 (/opt/ros/humble/share/rosidl_generator_c/cmake)
[0.131s] -- Found rosidl_adapter: 3.1.5 (/opt/ros/humble/share/rosidl_adapter/cmake)
[0.135s] -- Found rosidl_generator_cpp: 3.1.5 (/opt/ros/humble/share/rosidl_generator_cpp/cmake)
[0.142s] -- Using all available rosidl_typesupport_c: rosidl_typesupport_fastrtps_c;rosidl_typesupport_introspection_c
[0.152s] -- Using all available rosidl_typesupport_cpp: rosidl_typesupport_fastrtps_cpp;rosidl_typesupport_introspection_cpp
[0.544s] -- Found rmw_implementation_cmake: 6.1.1 (/opt/ros/humble/share/rmw_implementation_cmake/cmake)
[0.545s] -- Found rmw_fastrtps_cpp: 6.2.6 (/opt/ros/humble/share/rmw_fastrtps_cpp/cmake)
[0.563s] -- Found TinyXML2 via Config file: TinyXML2_DIR-NOTFOUND
[0.569s] -- Found TinyXML2 via Config file: TinyXML2_DIR-NOTFOUND
[0.580s] -- Found TinyXML2 via Config file: TinyXML2_DIR-NOTFOUND
[0.587s] -- Found TinyXML2 via Config file: TinyXML2_DIR-NOTFOUND
[0.594s] -- Using RMW implementation 'rmw_fastrtps_cpp' as default
[0.745s] -- Found controller_manager_msgs: 2.40.0 (/home/psd/psd_ws/install/controller_manager_msgs/share/controller_manager_msgs/cmake)
[0.773s] -- Found realtime_tools: 2.5.0 (/home/psd/psd_ws/install/realtime_tools/share/realtime_tools/cmake)
[1.057s] -- Found ament_cmake_gmock: 1.3.8 (/opt/ros/humble/share/ament_cmake_gmock/cmake)
[1.057s] -- Found ros2_control_test_assets: 2.40.0 (/home/psd/psd_ws/install/ros2_control_test_assets/share/ros2_control_test_assets/cmake)
[1.058s] -- Found gmock sources under '/opt/ros/humble/src/gmock_vendor': C++ tests using 'Google Mock' will be built
[1.059s] -- Found ament_cmake_gtest: 1.3.8 (/opt/ros/humble/share/ament_cmake_gtest/cmake)
[1.060s] -- Found gtest sources under '/opt/ros/humble/src/gtest_vendor': C++ tests using 'Google Test' will be built
[1.142s] -- Configuring done
[1.294s] -- Generating done
[1.296s] -- Build files have been written to: /home/psd/psd_ws/build/controller_manager
[1.304s] Invoked command in '/home/psd/psd_ws/build/controller_manager' returned '0': AMENT_PREFIX_PATH=/home/psd/psd_ws/install/hardware_interface_testing:/home/psd/psd_ws/install/controller_interface:/home/psd/psd_ws/install/hardware_interface:/home/psd/psd_ws/install/ros2_control_test_assets:/home/psd/psd_ws/install/realtime_tools:/home/psd/psd_ws/install/controller_manager_msgs:/home/psd/psd_ws/install/control_msgs:${AMENT_PREFIX_PATH} CMAKE_PREFIX_PATH=/home/psd/psd_ws/install/hardware_interface_testing:/home/psd/psd_ws/install/controller_interface:/home/psd/psd_ws/install/hardware_interface:/home/psd/psd_ws/install/ros2_control_test_assets:/home/psd/psd_ws/install/realtime_tools:/home/psd/psd_ws/install/controller_manager_msgs:/home/psd/psd_ws/install/control_msgs:/opt/ros/humble LD_LIBRARY_PATH=/home/psd/psd_ws/install/hardware_interface_testing/lib:/home/psd/psd_ws/install/controller_interface/lib:/home/psd/psd_ws/install/hardware_interface/lib:/home/psd/psd_ws/install/realtime_tools/lib:/home/psd/psd_ws/install/controller_manager_msgs/lib:/home/psd/psd_ws/install/control_msgs/lib:${LD_LIBRARY_PATH} PYTHONPATH=/home/psd/psd_ws/install/controller_manager_msgs/local/lib/python3.10/dist-packages:/home/psd/psd_ws/install/control_msgs/local/lib/python3.10/dist-packages:${PYTHONPATH} /usr/bin/cmake /home/psd/psd_ws/src/ros-controls/ros2_control/controller_manager -DAMENT_CMAKE_SYMLINK_INSTALL=1 -DCMAKE_INSTALL_PREFIX=/home/psd/psd_ws/install/controller_manager
[1.304s] Invoking command in '/home/psd/psd_ws/build/controller_manager': AMENT_PREFIX_PATH=/home/psd/psd_ws/install/hardware_interface_testing:/home/psd/psd_ws/install/controller_interface:/home/psd/psd_ws/install/hardware_interface:/home/psd/psd_ws/install/ros2_control_test_assets:/home/psd/psd_ws/install/realtime_tools:/home/psd/psd_ws/install/controller_manager_msgs:/home/psd/psd_ws/install/control_msgs:${AMENT_PREFIX_PATH} CMAKE_PREFIX_PATH=/home/psd/psd_ws/install/hardware_interface_testing:/home/psd/psd_ws/install/controller_interface:/home/psd/psd_ws/install/hardware_interface:/home/psd/psd_ws/install/ros2_control_test_assets:/home/psd/psd_ws/install/realtime_tools:/home/psd/psd_ws/install/controller_manager_msgs:/home/psd/psd_ws/install/control_msgs:/opt/ros/humble LD_LIBRARY_PATH=/home/psd/psd_ws/install/hardware_interface_testing/lib:/home/psd/psd_ws/install/controller_interface/lib:/home/psd/psd_ws/install/hardware_interface/lib:/home/psd/psd_ws/install/realtime_tools/lib:/home/psd/psd_ws/install/controller_manager_msgs/lib:/home/psd/psd_ws/install/control_msgs/lib:${LD_LIBRARY_PATH} PYTHONPATH=/home/psd/psd_ws/install/controller_manager_msgs/local/lib/python3.10/dist-packages:/home/psd/psd_ws/install/control_msgs/local/lib/python3.10/dist-packages:${PYTHONPATH} /usr/bin/cmake --build /home/psd/psd_ws/build/controller_manager -- -j20 -l20
[1.330s] [35m[1mConsolidate compiler generated dependencies of target controller_manager[0m
[1.330s] [35m[1mConsolidate compiler generated dependencies of target gmock[0m
[1.330s] [35m[1mConsolidate compiler generated dependencies of target gmock_main[0m
[1.340s] [  2%] [32m[1mLinking CXX static library libgmock_main.a[0m
[1.340s] [  5%] [32m[1mLinking CXX static library libgmock.a[0m
[1.340s] [  5%] Built target ament_cmake_python_symlink_controller_manager_setup
[1.340s] [  5%] Built target ament_cmake_python_symlink_controller_manager
[1.342s] [  8%] [32m[1mLinking CXX shared library libcontroller_manager.so[0m
[1.361s] [ 11%] Built target gmock_main
[1.385s] [ 17%] Built target gmock
[1.471s] running egg_info
[1.471s] writing controller_manager.egg-info/PKG-INFO
[1.472s] writing dependency_links to controller_manager.egg-info/dependency_links.txt
[1.472s] writing entry points to controller_manager.egg-info/entry_points.txt
[1.472s] writing top-level names to controller_manager.egg-info/top_level.txt
[1.473s] running install_scripts
[1.473s] reading manifest file 'controller_manager.egg-info/SOURCES.txt'
[1.473s] writing manifest file 'controller_manager.egg-info/SOURCES.txt'
[1.475s] /usr/lib/python3/dist-packages/setuptools/command/install.py:34: SetuptoolsDeprecationWarning: setup.py install is deprecated. Use build and pip and other standards-based tools.
[1.475s]   warnings.warn(
[1.490s] running egg_info
[1.490s] writing controller_manager.egg-info/PKG-INFO
[1.491s] writing dependency_links to controller_manager.egg-info/dependency_links.txt
[1.491s] writing entry points to controller_manager.egg-info/entry_points.txt
[1.491s] writing top-level names to controller_manager.egg-info/top_level.txt
[1.491s] [ 17%] Built target ament_cmake_python_build_controller_manager_egg
[1.492s] reading manifest file 'controller_manager.egg-info/SOURCES.txt'
[1.492s] writing manifest file 'controller_manager.egg-info/SOURCES.txt'
[1.493s] Installing hardware_spawner script to scripts
[1.493s] Installing spawner script to scripts
[1.493s] Installing unspawner script to scripts
[1.513s] [ 17%] Built target ament_cmake_python_build_controller_manager_scripts
[2.055s] [ 20%] Built target controller_manager
[2.062s] [35m[1mConsolidate compiler generated dependencies of target test_controller[0m
[2.062s] [35m[1mConsolidate compiler generated dependencies of target ros2_control_node[0m
[2.062s] [35m[1mConsolidate compiler generated dependencies of target test_controller_failed_init[0m
[2.062s] [35m[1mConsolidate compiler generated dependencies of target test_chainable_controller[0m
[2.063s] [35m[1mConsolidate compiler generated dependencies of target test_controller_manager_urdf_passing[0m
[2.063s] [35m[1mConsolidate compiler generated dependencies of target test_controller_with_interfaces[0m
[2.075s] [ 22%] [32m[1mLinking CXX shared library libtest_controller.so[0m
[2.076s] [ 28%] [32m[1mLinking CXX executable ros2_control_node[0m
[2.076s] [ 28%] [32m[1mLinking CXX shared library libtest_chainable_controller.so[0m
[2.076s] [ 31%] [32m[1mLinking CXX shared library libtest_controller_failed_init.so[0m
[2.076s] [ 34%] [32m[1mLinking CXX executable test_controller_manager_urdf_passing[0m
[2.076s] [ 37%] [32m[1mLinking CXX shared library libtest_controller_with_interfaces.so[0m
[2.189s] [ 40%] Built target test_controller_with_interfaces
[2.191s] [ 42%] Built target test_controller
[2.200s] [35m[1mConsolidate compiler generated dependencies of target test_controller_manager[0m
[2.200s] [35m[1mConsolidate compiler generated dependencies of target test_release_interfaces[0m
[2.202s] [35m[1mConsolidate compiler generated dependencies of target test_hardware_management_srvs[0m
[2.203s] [35m[1mConsolidate compiler generated dependencies of target test_spawner_unspawner[0m
[2.203s] [35m[1mConsolidate compiler generated dependencies of target test_controller_manager_with_namespace.cpp[0m
[2.209s] [ 45%] Built target test_controller_failed_init
[2.215s] [ 48%] [32m[1mLinking CXX executable test_controller_manager[0m
[2.219s] [ 51%] [32m[1mLinking CXX executable test_controller_manager_with_namespace.cpp[0m
[2.221s] [35m[1mConsolidate compiler generated dependencies of target test_load_controller[0m
[2.221s] [ 57%] [32m[1mLinking CXX executable test_hardware_management_srvs[0m
[2.221s] [ 57%] [32m[1mLinking CXX executable test_release_interfaces[0m
[2.222s] [ 60%] [32m[1mLinking CXX executable test_spawner_unspawner[0m
[2.245s] [ 62%] [32m[1mLinking CXX executable test_load_controller[0m
[2.687s] [ 65%] Built target test_chainable_controller
[2.700s] [35m[1mConsolidate compiler generated dependencies of target test_controller_manager_srvs[0m
[2.703s] [35m[1mConsolidate compiler generated dependencies of target test_controllers_chaining_with_controller_manager[0m
[2.720s] [ 68%] [32m[1mLinking CXX executable test_controller_manager_srvs[0m
[2.730s] [ 71%] [32m[1mLinking CXX executable test_controllers_chaining_with_controller_manager[0m
[3.097s] [ 74%] Built target ros2_control_node
[3.606s] [ 77%] Built target test_controller_manager_urdf_passing
[3.972s] [ 80%] Built target test_controller_manager_with_namespace.cpp
[4.073s] [ 82%] Built target test_spawner_unspawner
[4.078s] [ 85%] Built target test_controller_manager
[4.182s] [ 88%] Built target test_hardware_management_srvs
[4.222s] [ 91%] Built target test_release_interfaces
[4.323s] [ 94%] Built target test_load_controller
[4.390s] [ 97%] Built target test_controllers_chaining_with_controller_manager
[4.479s] [100%] Built target test_controller_manager_srvs
[4.486s] Invoked command in '/home/psd/psd_ws/build/controller_manager' returned '0': AMENT_PREFIX_PATH=/home/psd/psd_ws/install/hardware_interface_testing:/home/psd/psd_ws/install/controller_interface:/home/psd/psd_ws/install/hardware_interface:/home/psd/psd_ws/install/ros2_control_test_assets:/home/psd/psd_ws/install/realtime_tools:/home/psd/psd_ws/install/controller_manager_msgs:/home/psd/psd_ws/install/control_msgs:${AMENT_PREFIX_PATH} CMAKE_PREFIX_PATH=/home/psd/psd_ws/install/hardware_interface_testing:/home/psd/psd_ws/install/controller_interface:/home/psd/psd_ws/install/hardware_interface:/home/psd/psd_ws/install/ros2_control_test_assets:/home/psd/psd_ws/install/realtime_tools:/home/psd/psd_ws/install/controller_manager_msgs:/home/psd/psd_ws/install/control_msgs:/opt/ros/humble LD_LIBRARY_PATH=/home/psd/psd_ws/install/hardware_interface_testing/lib:/home/psd/psd_ws/install/controller_interface/lib:/home/psd/psd_ws/install/hardware_interface/lib:/home/psd/psd_ws/install/realtime_tools/lib:/home/psd/psd_ws/install/controller_manager_msgs/lib:/home/psd/psd_ws/install/control_msgs/lib:${LD_LIBRARY_PATH} PYTHONPATH=/home/psd/psd_ws/install/controller_manager_msgs/local/lib/python3.10/dist-packages:/home/psd/psd_ws/install/control_msgs/local/lib/python3.10/dist-packages:${PYTHONPATH} /usr/bin/cmake --build /home/psd/psd_ws/build/controller_manager -- -j20 -l20
[4.527s] Invoking command in '/home/psd/psd_ws/build/controller_manager': AMENT_PREFIX_PATH=/home/psd/psd_ws/install/hardware_interface_testing:/home/psd/psd_ws/install/controller_interface:/home/psd/psd_ws/install/hardware_interface:/home/psd/psd_ws/install/ros2_control_test_assets:/home/psd/psd_ws/install/realtime_tools:/home/psd/psd_ws/install/controller_manager_msgs:/home/psd/psd_ws/install/control_msgs:${AMENT_PREFIX_PATH} CMAKE_PREFIX_PATH=/home/psd/psd_ws/install/hardware_interface_testing:/home/psd/psd_ws/install/controller_interface:/home/psd/psd_ws/install/hardware_interface:/home/psd/psd_ws/install/ros2_control_test_assets:/home/psd/psd_ws/install/realtime_tools:/home/psd/psd_ws/install/controller_manager_msgs:/home/psd/psd_ws/install/control_msgs:/opt/ros/humble LD_LIBRARY_PATH=/home/psd/psd_ws/install/hardware_interface_testing/lib:/home/psd/psd_ws/install/controller_interface/lib:/home/psd/psd_ws/install/hardware_interface/lib:/home/psd/psd_ws/install/realtime_tools/lib:/home/psd/psd_ws/install/controller_manager_msgs/lib:/home/psd/psd_ws/install/control_msgs/lib:${LD_LIBRARY_PATH} PYTHONPATH=/home/psd/psd_ws/install/controller_manager_msgs/local/lib/python3.10/dist-packages:/home/psd/psd_ws/install/control_msgs/local/lib/python3.10/dist-packages:${PYTHONPATH} /usr/bin/cmake --install /home/psd/psd_ws/build/controller_manager
[4.532s] -- Install configuration: ""
[4.533s] -- Execute custom install script
[4.533s] -- Up-to-date symlink: /home/psd/psd_ws/install/controller_manager/lib/libcontroller_manager.so
[4.533s] -- Up-to-date symlink: /home/psd/psd_ws/install/controller_manager/lib/controller_manager/ros2_control_node
[4.533s] -- Up-to-date symlink: /home/psd/psd_ws/install/controller_manager/include/controller_manager/controller_manager.hpp
[4.533s] -- Up-to-date symlink: /home/psd/psd_ws/install/controller_manager/include/controller_manager/controller_spec.hpp
[4.533s] -- Up-to-date symlink: /home/psd/psd_ws/install/controller_manager/include/controller_manager/visibility_control.h
[4.533s] -- Up-to-date symlink: /home/psd/psd_ws/install/controller_manager/share/controller_manager/test/test_controller/test_controller.xml
[4.534s] -- Up-to-date symlink: /home/psd/psd_ws/install/controller_manager/lib/libtest_controller.so
[4.534s] -- Up-to-date symlink: /home/psd/psd_ws/install/controller_manager/share/controller_manager/test/test_controller_failed_init/test_controller_failed_init.xml
[4.534s] -- Up-to-date symlink: /home/psd/psd_ws/install/controller_manager/lib/libtest_controller_failed_init.so
[4.534s] -- Up-to-date symlink: /home/psd/psd_ws/install/controller_manager/share/controller_manager/test/test_chainable_controller/test_chainable_controller.xml
[4.534s] -- Up-to-date symlink: /home/psd/psd_ws/install/controller_manager/lib/libtest_chainable_controller.so
[4.534s] -- Up-to-date symlink: /home/psd/psd_ws/install/controller_manager/share/controller_manager/test/test_controller_with_interfaces/test_controller_with_interfaces.xml
[4.534s] -- Up-to-date symlink: /home/psd/psd_ws/install/controller_manager/lib/libtest_controller_with_interfaces.so
[4.534s] -- Up-to-date symlink: /home/psd/psd_ws/install/controller_manager/share/controller_manager/environment/pythonpath.sh
[4.534s] -- Up-to-date symlink: /home/psd/psd_ws/install/controller_manager/share/controller_manager/environment/pythonpath.dsv
[4.534s] -- Up-to-date symlink: /home/psd/psd_ws/install/controller_manager/local/lib/python3.10/dist-packages/controller_manager-2.40.0-py3.10.egg-info/PKG-INFO
[4.534s] -- Up-to-date symlink: /home/psd/psd_ws/install/controller_manager/local/lib/python3.10/dist-packages/controller_manager-2.40.0-py3.10.egg-info/SOURCES.txt
[4.534s] -- Up-to-date symlink: /home/psd/psd_ws/install/controller_manager/local/lib/python3.10/dist-packages/controller_manager-2.40.0-py3.10.egg-info/dependency_links.txt
[4.534s] -- Up-to-date symlink: /home/psd/psd_ws/install/controller_manager/local/lib/python3.10/dist-packages/controller_manager-2.40.0-py3.10.egg-info/entry_points.txt
[4.535s] -- Up-to-date symlink: /home/psd/psd_ws/install/controller_manager/local/lib/python3.10/dist-packages/controller_manager-2.40.0-py3.10.egg-info/top_level.txt
[4.535s] -- Up-to-date symlink: /home/psd/psd_ws/install/controller_manager/lib/controller_manager//hardware_spawner
[4.535s] -- Up-to-date symlink: /home/psd/psd_ws/install/controller_manager/lib/controller_manager//spawner
[4.535s] -- Up-to-date symlink: /home/psd/psd_ws/install/controller_manager/lib/controller_manager//unspawner
[4.535s] -- Up-to-date symlink: /home/psd/psd_ws/install/controller_manager/local/lib/python3.10/dist-packages/controller_manager/__init__.py
[4.535s] -- Up-to-date symlink: /home/psd/psd_ws/install/controller_manager/local/lib/python3.10/dist-packages/controller_manager/controller_manager_services.py
[4.535s] -- Up-to-date symlink: /home/psd/psd_ws/install/controller_manager/local/lib/python3.10/dist-packages/controller_manager/hardware_spawner.py
[4.535s] -- Up-to-date symlink: /home/psd/psd_ws/install/controller_manager/local/lib/python3.10/dist-packages/controller_manager/launch_utils.py
[4.535s] -- Up-to-date symlink: /home/psd/psd_ws/install/controller_manager/local/lib/python3.10/dist-packages/controller_manager/spawner.py
[4.535s] -- Up-to-date symlink: /home/psd/psd_ws/install/controller_manager/local/lib/python3.10/dist-packages/controller_manager/unspawner.py
[4.535s] -- Up-to-date symlink: /home/psd/psd_ws/install/controller_manager/share/controller_manager/environment/library_path.sh
[4.535s] -- Up-to-date symlink: /home/psd/psd_ws/install/controller_manager/share/controller_manager/environment/library_path.dsv
[4.535s] -- Up-to-date symlink: /home/psd/psd_ws/install/controller_manager/share/ament_index/resource_index/package_run_dependencies/controller_manager
[4.535s] -- Up-to-date symlink: /home/psd/psd_ws/install/controller_manager/share/ament_index/resource_index/parent_prefix_path/controller_manager
[4.535s] -- Up-to-date symlink: /home/psd/psd_ws/install/controller_manager/share/controller_manager/environment/ament_prefix_path.sh
[4.535s] -- Up-to-date symlink: /home/psd/psd_ws/install/controller_manager/share/controller_manager/environment/ament_prefix_path.dsv
[4.536s] -- Up-to-date symlink: /home/psd/psd_ws/install/controller_manager/share/controller_manager/environment/path.sh
[4.536s] -- Up-to-date symlink: /home/psd/psd_ws/install/controller_manager/share/controller_manager/environment/path.dsv
[4.536s] -- Up-to-date symlink: /home/psd/psd_ws/install/controller_manager/share/controller_manager/local_setup.bash
[4.536s] -- Up-to-date symlink: /home/psd/psd_ws/install/controller_manager/share/controller_manager/local_setup.sh
[4.536s] -- Up-to-date symlink: /home/psd/psd_ws/install/controller_manager/share/controller_manager/local_setup.zsh
[4.536s] -- Up-to-date symlink: /home/psd/psd_ws/install/controller_manager/share/controller_manager/local_setup.dsv
[4.536s] -- Symlinking: /home/psd/psd_ws/install/controller_manager/share/controller_manager/package.dsv
[4.541s] -- Up-to-date symlink: /home/psd/psd_ws/install/controller_manager/share/ament_index/resource_index/packages/controller_manager
[4.541s] -- Up-to-date symlink: /home/psd/psd_ws/install/controller_manager/share/ament_index/resource_index/controller_interface__pluginlib__plugin/controller_manager
[4.541s] -- Up-to-date symlink: /home/psd/psd_ws/install/controller_manager/share/controller_manager/cmake/ament_cmake_export_libraries-extras.cmake
[4.541s] -- Up-to-date symlink: /home/psd/psd_ws/install/controller_manager/share/controller_manager/cmake/ament_cmake_export_include_directories-extras.cmake
[4.541s] -- Up-to-date symlink: /home/psd/psd_ws/install/controller_manager/share/controller_manager/cmake/ament_cmake_export_dependencies-extras.cmake
[4.541s] -- Up-to-date symlink: /home/psd/psd_ws/install/controller_manager/share/controller_manager/cmake/controller_managerConfig.cmake
[4.541s] -- Up-to-date symlink: /home/psd/psd_ws/install/controller_manager/share/controller_manager/cmake/controller_managerConfig-version.cmake
[4.541s] -- Up-to-date symlink: /home/psd/psd_ws/install/controller_manager/share/controller_manager/package.xml
[4.559s] Listing '/home/psd/psd_ws/install/controller_manager/local/lib/python3.10/dist-packages/controller_manager'...
[4.563s] Invoked command in '/home/psd/psd_ws/build/controller_manager' returned '0': AMENT_PREFIX_PATH=/home/psd/psd_ws/install/hardware_interface_testing:/home/psd/psd_ws/install/controller_interface:/home/psd/psd_ws/install/hardware_interface:/home/psd/psd_ws/install/ros2_control_test_assets:/home/psd/psd_ws/install/realtime_tools:/home/psd/psd_ws/install/controller_manager_msgs:/home/psd/psd_ws/install/control_msgs:${AMENT_PREFIX_PATH} CMAKE_PREFIX_PATH=/home/psd/psd_ws/install/hardware_interface_testing:/home/psd/psd_ws/install/controller_interface:/home/psd/psd_ws/install/hardware_interface:/home/psd/psd_ws/install/ros2_control_test_assets:/home/psd/psd_ws/install/realtime_tools:/home/psd/psd_ws/install/controller_manager_msgs:/home/psd/psd_ws/install/control_msgs:/opt/ros/humble LD_LIBRARY_PATH=/home/psd/psd_ws/install/hardware_interface_testing/lib:/home/psd/psd_ws/install/controller_interface/lib:/home/psd/psd_ws/install/hardware_interface/lib:/home/psd/psd_ws/install/realtime_tools/lib:/home/psd/psd_ws/install/controller_manager_msgs/lib:/home/psd/psd_ws/install/control_msgs/lib:${LD_LIBRARY_PATH} PYTHONPATH=/home/psd/psd_ws/install/controller_manager_msgs/local/lib/python3.10/dist-packages:/home/psd/psd_ws/install/control_msgs/local/lib/python3.10/dist-packages:${PYTHONPATH} /usr/bin/cmake --install /home/psd/psd_ws/build/controller_manager
