[  8%] Built target joint_state_broadcaster_parameters
[ 33%] Built target gmock
[ 50%] Built target gmock_main
[ 66%] Built target joint_state_broadcaster
[100%] Built target test_joint_state_broadcaster
[100%] Built target test_load_joint_state_broadcaster
-- Install configuration: ""
-- Execute custom install script
-- Up-to-date symlink: /home/psd/psd_ws/install/joint_state_broadcaster/include/joint_state_broadcaster_parameters/joint_state_broadcaster_parameters.hpp
-- Up-to-date symlink: /home/psd/psd_ws/install/joint_state_broadcaster/share/joint_state_broadcaster//joint_state_plugin.xml
-- Up-to-date symlink: /home/psd/psd_ws/install/joint_state_broadcaster/include/joint_state_broadcaster/joint_state_broadcaster/joint_state_broadcaster.hpp
-- Up-to-date symlink: /home/psd/psd_ws/install/joint_state_broadcaster/include/joint_state_broadcaster/joint_state_broadcaster/visibility_control.h
-- Up-to-date symlink: /home/psd/psd_ws/install/joint_state_broadcaster/share/joint_state_broadcaster/environment/library_path.sh
-- Up-to-date symlink: /home/psd/psd_ws/install/joint_state_broadcaster/share/joint_state_broadcaster/environment/library_path.dsv
-- Up-to-date symlink: /home/psd/psd_ws/install/joint_state_broadcaster/share/ament_index/resource_index/package_run_dependencies/joint_state_broadcaster
-- Up-to-date symlink: /home/psd/psd_ws/install/joint_state_broadcaster/share/ament_index/resource_index/parent_prefix_path/joint_state_broadcaster
-- Up-to-date symlink: /home/psd/psd_ws/install/joint_state_broadcaster/share/joint_state_broadcaster/environment/ament_prefix_path.sh
-- Up-to-date symlink: /home/psd/psd_ws/install/joint_state_broadcaster/share/joint_state_broadcaster/environment/ament_prefix_path.dsv
-- Up-to-date symlink: /home/psd/psd_ws/install/joint_state_broadcaster/share/joint_state_broadcaster/environment/path.sh
-- Up-to-date symlink: /home/psd/psd_ws/install/joint_state_broadcaster/share/joint_state_broadcaster/environment/path.dsv
-- Up-to-date symlink: /home/psd/psd_ws/install/joint_state_broadcaster/share/joint_state_broadcaster/local_setup.bash
-- Up-to-date symlink: /home/psd/psd_ws/install/joint_state_broadcaster/share/joint_state_broadcaster/local_setup.sh
-- Up-to-date symlink: /home/psd/psd_ws/install/joint_state_broadcaster/share/joint_state_broadcaster/local_setup.zsh
-- Up-to-date symlink: /home/psd/psd_ws/install/joint_state_broadcaster/share/joint_state_broadcaster/local_setup.dsv
-- Symlinking: /home/psd/psd_ws/install/joint_state_broadcaster/share/joint_state_broadcaster/package.dsv
-- Up-to-date symlink: /home/psd/psd_ws/install/joint_state_broadcaster/share/ament_index/resource_index/packages/joint_state_broadcaster
-- Up-to-date symlink: /home/psd/psd_ws/install/joint_state_broadcaster/share/ament_index/resource_index/controller_interface__pluginlib__plugin/joint_state_broadcaster
-- Up-to-date symlink: /home/psd/psd_ws/install/joint_state_broadcaster/share/joint_state_broadcaster/cmake/ament_cmake_export_targets-extras.cmake
-- Up-to-date symlink: /home/psd/psd_ws/install/joint_state_broadcaster/share/joint_state_broadcaster/cmake/ament_cmake_export_dependencies-extras.cmake
-- Up-to-date symlink: /home/psd/psd_ws/install/joint_state_broadcaster/share/joint_state_broadcaster/cmake/joint_state_broadcasterConfig.cmake
-- Up-to-date symlink: /home/psd/psd_ws/install/joint_state_broadcaster/share/joint_state_broadcaster/cmake/joint_state_broadcasterConfig-version.cmake
-- Up-to-date symlink: /home/psd/psd_ws/install/joint_state_broadcaster/share/joint_state_broadcaster/package.xml
-- Up-to-date: /home/psd/psd_ws/install/joint_state_broadcaster/lib/libjoint_state_broadcaster.so
-- Up-to-date: /home/psd/psd_ws/install/joint_state_broadcaster/share/joint_state_broadcaster/cmake/export_joint_state_broadcasterExport.cmake
-- Up-to-date: /home/psd/psd_ws/install/joint_state_broadcaster/share/joint_state_broadcaster/cmake/export_joint_state_broadcasterExport-noconfig.cmake
