[0.010s] Invoking command in '/home/psd/psd_ws/build/transmission_interface': AMENT_PREFIX_PATH=/home/psd/psd_ws/install/hardware_interface:/home/psd/psd_ws/install/control_msgs:${AMENT_PREFIX_PATH} CMAKE_PREFIX_PATH=/home/psd/psd_ws/install/hardware_interface:/home/psd/psd_ws/install/control_msgs:/opt/ros/humble LD_LIBRARY_PATH=/home/psd/psd_ws/install/hardware_interface/lib:/home/psd/psd_ws/install/control_msgs/lib:${LD_LIBRARY_PATH} PYTHONPATH=/home/psd/psd_ws/install/control_msgs/local/lib/python3.10/dist-packages:${PYTHONPATH} /usr/bin/cmake --build /home/psd/psd_ws/build/transmission_interface -- -j20 -l20
[0.043s] [35m[1mConsolidate compiler generated dependencies of target gmock_main[0m
[0.044s] [35m[1mConsolidate compiler generated dependencies of target gmock[0m
[0.045s] [35m[1mConsolidate compiler generated dependencies of target transmission_interface[0m
[0.055s] [  8%] Built target gmock_main
[0.059s] [ 21%] Built target gmock
[0.060s] [ 39%] Built target transmission_interface
[0.070s] [35m[1mConsolidate compiler generated dependencies of target test_four_bar_linkage_transmission[0m
[0.072s] [35m[1mConsolidate compiler generated dependencies of target test_simple_transmission[0m
[0.072s] [35m[1mConsolidate compiler generated dependencies of target test_utils[0m
[0.072s] [35m[1mConsolidate compiler generated dependencies of target test_differential_transmission[0m
[0.072s] [35m[1mConsolidate compiler generated dependencies of target test_simple_transmission_loader[0m
[0.072s] [35m[1mConsolidate compiler generated dependencies of target test_differential_transmission_loader[0m
[0.073s] [35m[1mConsolidate compiler generated dependencies of target test_four_bar_linkage_transmission_loader[0m
[0.084s] [ 47%] Built target test_four_bar_linkage_transmission
[0.084s] [ 56%] Built target test_differential_transmission
[0.087s] [ 65%] Built target test_simple_transmission
[0.087s] [ 73%] Built target test_utils
[0.088s] [ 82%] Built target test_simple_transmission_loader
[0.088s] [ 91%] Built target test_differential_transmission_loader
[0.090s] [100%] Built target test_four_bar_linkage_transmission_loader
[0.097s] Invoked command in '/home/psd/psd_ws/build/transmission_interface' returned '0': AMENT_PREFIX_PATH=/home/psd/psd_ws/install/hardware_interface:/home/psd/psd_ws/install/control_msgs:${AMENT_PREFIX_PATH} CMAKE_PREFIX_PATH=/home/psd/psd_ws/install/hardware_interface:/home/psd/psd_ws/install/control_msgs:/opt/ros/humble LD_LIBRARY_PATH=/home/psd/psd_ws/install/hardware_interface/lib:/home/psd/psd_ws/install/control_msgs/lib:${LD_LIBRARY_PATH} PYTHONPATH=/home/psd/psd_ws/install/control_msgs/local/lib/python3.10/dist-packages:${PYTHONPATH} /usr/bin/cmake --build /home/psd/psd_ws/build/transmission_interface -- -j20 -l20
[0.132s] Invoking command in '/home/psd/psd_ws/build/transmission_interface': AMENT_PREFIX_PATH=/home/psd/psd_ws/install/hardware_interface:/home/psd/psd_ws/install/control_msgs:${AMENT_PREFIX_PATH} CMAKE_PREFIX_PATH=/home/psd/psd_ws/install/hardware_interface:/home/psd/psd_ws/install/control_msgs:/opt/ros/humble LD_LIBRARY_PATH=/home/psd/psd_ws/install/hardware_interface/lib:/home/psd/psd_ws/install/control_msgs/lib:${LD_LIBRARY_PATH} PYTHONPATH=/home/psd/psd_ws/install/control_msgs/local/lib/python3.10/dist-packages:${PYTHONPATH} /usr/bin/cmake --install /home/psd/psd_ws/build/transmission_interface
[0.140s] -- Install configuration: ""
[0.140s] -- Up-to-date: /home/psd/psd_ws/install/transmission_interface/include
[0.140s] -- Up-to-date: /home/psd/psd_ws/install/transmission_interface/include/transmission_interface
[0.140s] -- Up-to-date: /home/psd/psd_ws/install/transmission_interface/include/transmission_interface/simple_transmission_loader.hpp
[0.140s] -- Up-to-date: /home/psd/psd_ws/install/transmission_interface/include/transmission_interface/four_bar_linkage_transmission.hpp
[0.141s] -- Up-to-date: /home/psd/psd_ws/install/transmission_interface/include/transmission_interface/differential_transmission_loader.hpp
[0.141s] -- Up-to-date: /home/psd/psd_ws/install/transmission_interface/include/transmission_interface/accessor.hpp
[0.141s] -- Up-to-date: /home/psd/psd_ws/install/transmission_interface/include/transmission_interface/differential_transmission.hpp
[0.141s] -- Up-to-date: /home/psd/psd_ws/install/transmission_interface/include/transmission_interface/four_bar_linkage_transmission_loader.hpp
[0.141s] -- Up-to-date: /home/psd/psd_ws/install/transmission_interface/include/transmission_interface/transmission.hpp
[0.141s] -- Up-to-date: /home/psd/psd_ws/install/transmission_interface/include/transmission_interface/visibility_control.h
[0.141s] -- Up-to-date: /home/psd/psd_ws/install/transmission_interface/include/transmission_interface/exception.hpp
[0.141s] -- Up-to-date: /home/psd/psd_ws/install/transmission_interface/include/transmission_interface/transmission_interface_exception.hpp
[0.141s] -- Up-to-date: /home/psd/psd_ws/install/transmission_interface/include/transmission_interface/simple_transmission.hpp
[0.141s] -- Up-to-date: /home/psd/psd_ws/install/transmission_interface/include/transmission_interface/handle.hpp
[0.141s] -- Up-to-date: /home/psd/psd_ws/install/transmission_interface/include/transmission_interface/transmission_loader.hpp
[0.141s] -- Up-to-date: /home/psd/psd_ws/install/transmission_interface/share/transmission_interface/ros2_control_plugins.xml
[0.141s] -- Up-to-date: /home/psd/psd_ws/install/transmission_interface/lib/libtransmission_interface.so
[0.141s] -- Up-to-date: /home/psd/psd_ws/install/transmission_interface/share/transmission_interface/environment/library_path.sh
[0.141s] -- Up-to-date: /home/psd/psd_ws/install/transmission_interface/share/transmission_interface/environment/library_path.dsv
[0.141s] -- Up-to-date: /home/psd/psd_ws/install/transmission_interface/share/ament_index/resource_index/package_run_dependencies/transmission_interface
[0.141s] -- Up-to-date: /home/psd/psd_ws/install/transmission_interface/share/ament_index/resource_index/parent_prefix_path/transmission_interface
[0.141s] -- Up-to-date: /home/psd/psd_ws/install/transmission_interface/share/transmission_interface/environment/ament_prefix_path.sh
[0.141s] -- Up-to-date: /home/psd/psd_ws/install/transmission_interface/share/transmission_interface/environment/ament_prefix_path.dsv
[0.141s] -- Up-to-date: /home/psd/psd_ws/install/transmission_interface/share/transmission_interface/environment/path.sh
[0.141s] -- Up-to-date: /home/psd/psd_ws/install/transmission_interface/share/transmission_interface/environment/path.dsv
[0.141s] -- Up-to-date: /home/psd/psd_ws/install/transmission_interface/share/transmission_interface/local_setup.bash
[0.141s] -- Up-to-date: /home/psd/psd_ws/install/transmission_interface/share/transmission_interface/local_setup.sh
[0.141s] -- Up-to-date: /home/psd/psd_ws/install/transmission_interface/share/transmission_interface/local_setup.zsh
[0.141s] -- Up-to-date: /home/psd/psd_ws/install/transmission_interface/share/transmission_interface/local_setup.dsv
[0.141s] -- Installing: /home/psd/psd_ws/install/transmission_interface/share/transmission_interface/package.dsv
[0.141s] -- Up-to-date: /home/psd/psd_ws/install/transmission_interface/share/ament_index/resource_index/packages/transmission_interface
[0.142s] -- Up-to-date: /home/psd/psd_ws/install/transmission_interface/share/ament_index/resource_index/transmission_interface__pluginlib__plugin/transmission_interface
[0.142s] -- Up-to-date: /home/psd/psd_ws/install/transmission_interface/share/transmission_interface/cmake/ament_cmake_export_include_directories-extras.cmake
[0.142s] -- Up-to-date: /home/psd/psd_ws/install/transmission_interface/share/transmission_interface/cmake/ament_cmake_export_dependencies-extras.cmake
[0.142s] -- Up-to-date: /home/psd/psd_ws/install/transmission_interface/share/transmission_interface/cmake/ament_cmake_export_libraries-extras.cmake
[0.142s] -- Up-to-date: /home/psd/psd_ws/install/transmission_interface/share/transmission_interface/cmake/transmission_interfaceConfig.cmake
[0.142s] -- Up-to-date: /home/psd/psd_ws/install/transmission_interface/share/transmission_interface/cmake/transmission_interfaceConfig-version.cmake
[0.142s] -- Up-to-date: /home/psd/psd_ws/install/transmission_interface/share/transmission_interface/package.xml
[0.147s] Invoked command in '/home/psd/psd_ws/build/transmission_interface' returned '0': AMENT_PREFIX_PATH=/home/psd/psd_ws/install/hardware_interface:/home/psd/psd_ws/install/control_msgs:${AMENT_PREFIX_PATH} CMAKE_PREFIX_PATH=/home/psd/psd_ws/install/hardware_interface:/home/psd/psd_ws/install/control_msgs:/opt/ros/humble LD_LIBRARY_PATH=/home/psd/psd_ws/install/hardware_interface/lib:/home/psd/psd_ws/install/control_msgs/lib:${LD_LIBRARY_PATH} PYTHONPATH=/home/psd/psd_ws/install/control_msgs/local/lib/python3.10/dist-packages:${PYTHONPATH} /usr/bin/cmake --install /home/psd/psd_ws/build/transmission_interface
