[0.572s] DEBUG:colcon:Command line arguments: ['/usr/bin/colcon', 'build']
[0.572s] DEBUG:colcon:Parsed command line arguments: Namespace(log_base=None, log_level=None, verb_name='build', build_base='build', install_base='install', merge_install=False, symlink_install=False, test_result_base=None, continue_on_error=False, executor='parallel', parallel_workers=20, event_handlers=None, ignore_user_meta=False, metas=['./colcon.meta'], base_paths=['.'], packages_ignore=None, packages_ignore_regex=None, paths=None, packages_up_to=None, packages_up_to_regex=None, packages_above=None, packages_above_and_dependencies=None, packages_above_depth=None, packages_select_by_dep=None, packages_skip_by_dep=None, packages_skip_up_to=None, packages_select_build_failed=False, packages_skip_build_finished=False, packages_select_test_failures=False, packages_skip_test_passed=False, packages_select=None, packages_skip=None, packages_select_regex=None, packages_skip_regex=None, packages_start=None, packages_end=None, cmake_args=None, cmake_target=None, cmake_target_skip_unavailable=False, cmake_clean_cache=False, cmake_clean_first=False, cmake_force_configure=False, ament_cmake_args=None, catkin_cmake_args=None, catkin_skip_building_tests=False, mixin_files=None, mixin=None, verb_parser=<colcon_mixin.mixin.mixin_argument.MixinArgumentDecorator object at 0x7f0633545060>, verb_extension=<colcon_core.verb.build.BuildVerb object at 0x7f0633544160>, main=<bound method BuildVerb.main of <colcon_core.verb.build.BuildVerb object at 0x7f0633544160>>, mixin_verb=('build',))
[0.598s] Level 1:colcon.colcon_core.package_discovery:discover_packages(colcon_meta) check parameters
[0.598s] Level 1:colcon.colcon_core.package_discovery:discover_packages(recursive) check parameters
[0.598s] Level 1:colcon.colcon_core.package_discovery:discover_packages(ignore) check parameters
[0.598s] Level 1:colcon.colcon_core.package_discovery:discover_packages(path) check parameters
[0.598s] Level 1:colcon.colcon_core.package_discovery:discover_packages(colcon_meta) discover
[0.598s] Level 1:colcon.colcon_core.package_discovery:discover_packages(recursive) discover
[0.598s] INFO:colcon.colcon_core.package_discovery:Crawling recursively for packages in '/psd_ws'
[0.598s] Level 1:colcon.colcon_core.package_identification:_identify(.) by extensions ['ignore', 'ignore_ament_install']
[0.598s] Level 1:colcon.colcon_core.package_identification:_identify(.) by extension 'ignore'
[0.598s] Level 1:colcon.colcon_core.package_identification:_identify(.) by extension 'ignore_ament_install'
[0.598s] Level 1:colcon.colcon_core.package_identification:_identify(.) by extensions ['colcon_pkg']
[0.598s] Level 1:colcon.colcon_core.package_identification:_identify(.) by extension 'colcon_pkg'
[0.598s] Level 1:colcon.colcon_core.package_identification:_identify(.) by extensions ['colcon_meta']
[0.598s] Level 1:colcon.colcon_core.package_identification:_identify(.) by extension 'colcon_meta'
[0.598s] Level 1:colcon.colcon_core.package_identification:_identify(.) by extensions ['ros']
[0.598s] Level 1:colcon.colcon_core.package_identification:_identify(.) by extension 'ros'
[0.606s] Level 1:colcon.colcon_core.package_identification:_identify(.) by extensions ['cmake', 'python']
[0.606s] Level 1:colcon.colcon_core.package_identification:_identify(.) by extension 'cmake'
[0.606s] Level 1:colcon.colcon_core.package_identification:_identify(.) by extension 'python'
[0.606s] Level 1:colcon.colcon_core.package_identification:_identify(.) by extensions ['python_setup_py']
[0.606s] Level 1:colcon.colcon_core.package_identification:_identify(.) by extension 'python_setup_py'
[0.606s] Level 1:colcon.colcon_core.package_identification:_identify(build) by extensions ['ignore', 'ignore_ament_install']
[0.606s] Level 1:colcon.colcon_core.package_identification:_identify(build) by extension 'ignore'
[0.606s] Level 1:colcon.colcon_core.package_identification:_identify(build) ignored
[0.606s] Level 1:colcon.colcon_core.package_identification:_identify(install) by extensions ['ignore', 'ignore_ament_install']
[0.606s] Level 1:colcon.colcon_core.package_identification:_identify(install) by extension 'ignore'
[0.606s] Level 1:colcon.colcon_core.package_identification:_identify(install) ignored
[0.606s] Level 1:colcon.colcon_core.package_identification:_identify(log) by extensions ['ignore', 'ignore_ament_install']
[0.607s] Level 1:colcon.colcon_core.package_identification:_identify(log) by extension 'ignore'
[0.607s] Level 1:colcon.colcon_core.package_identification:_identify(log) ignored
[0.607s] Level 1:colcon.colcon_core.package_identification:_identify(src) by extensions ['ignore', 'ignore_ament_install']
[0.607s] Level 1:colcon.colcon_core.package_identification:_identify(src) by extension 'ignore'
[0.607s] Level 1:colcon.colcon_core.package_identification:_identify(src) by extension 'ignore_ament_install'
[0.607s] Level 1:colcon.colcon_core.package_identification:_identify(src) by extensions ['colcon_pkg']
[0.607s] Level 1:colcon.colcon_core.package_identification:_identify(src) by extension 'colcon_pkg'
[0.607s] Level 1:colcon.colcon_core.package_identification:_identify(src) by extensions ['colcon_meta']
[0.607s] Level 1:colcon.colcon_core.package_identification:_identify(src) by extension 'colcon_meta'
[0.607s] Level 1:colcon.colcon_core.package_identification:_identify(src) by extensions ['ros']
[0.607s] Level 1:colcon.colcon_core.package_identification:_identify(src) by extension 'ros'
[0.607s] Level 1:colcon.colcon_core.package_identification:_identify(src) by extensions ['cmake', 'python']
[0.607s] Level 1:colcon.colcon_core.package_identification:_identify(src) by extension 'cmake'
[0.607s] Level 1:colcon.colcon_core.package_identification:_identify(src) by extension 'python'
[0.607s] Level 1:colcon.colcon_core.package_identification:_identify(src) by extensions ['python_setup_py']
[0.607s] Level 1:colcon.colcon_core.package_identification:_identify(src) by extension 'python_setup_py'
[0.607s] Level 1:colcon.colcon_core.package_identification:_identify(src/psd_vehicle) by extensions ['ignore', 'ignore_ament_install']
[0.607s] Level 1:colcon.colcon_core.package_identification:_identify(src/psd_vehicle) by extension 'ignore'
[0.607s] Level 1:colcon.colcon_core.package_identification:_identify(src/psd_vehicle) by extension 'ignore_ament_install'
[0.607s] Level 1:colcon.colcon_core.package_identification:_identify(src/psd_vehicle) by extensions ['colcon_pkg']
[0.607s] Level 1:colcon.colcon_core.package_identification:_identify(src/psd_vehicle) by extension 'colcon_pkg'
[0.607s] Level 1:colcon.colcon_core.package_identification:_identify(src/psd_vehicle) by extensions ['colcon_meta']
[0.607s] Level 1:colcon.colcon_core.package_identification:_identify(src/psd_vehicle) by extension 'colcon_meta'
[0.607s] Level 1:colcon.colcon_core.package_identification:_identify(src/psd_vehicle) by extensions ['ros']
[0.607s] Level 1:colcon.colcon_core.package_identification:_identify(src/psd_vehicle) by extension 'ros'
[0.609s] DEBUG:colcon.colcon_core.package_identification:Package 'src/psd_vehicle' with type 'ros.ament_cmake' and name 'psd_vehicle'
[0.609s] Level 1:colcon.colcon_core.package_identification:_identify(src/psd_vehicle_description) by extensions ['ignore', 'ignore_ament_install']
[0.609s] Level 1:colcon.colcon_core.package_identification:_identify(src/psd_vehicle_description) by extension 'ignore'
[0.609s] Level 1:colcon.colcon_core.package_identification:_identify(src/psd_vehicle_description) by extension 'ignore_ament_install'
[0.609s] Level 1:colcon.colcon_core.package_identification:_identify(src/psd_vehicle_description) by extensions ['colcon_pkg']
[0.609s] Level 1:colcon.colcon_core.package_identification:_identify(src/psd_vehicle_description) by extension 'colcon_pkg'
[0.609s] Level 1:colcon.colcon_core.package_identification:_identify(src/psd_vehicle_description) by extensions ['colcon_meta']
[0.609s] Level 1:colcon.colcon_core.package_identification:_identify(src/psd_vehicle_description) by extension 'colcon_meta'
[0.609s] Level 1:colcon.colcon_core.package_identification:_identify(src/psd_vehicle_description) by extensions ['ros']
[0.609s] Level 1:colcon.colcon_core.package_identification:_identify(src/psd_vehicle_description) by extension 'ros'
[0.610s] DEBUG:colcon.colcon_core.package_identification:Package 'src/psd_vehicle_description' with type 'ros.ament_cmake' and name 'psd_vehicle_description'
[0.610s] Level 1:colcon.colcon_core.package_discovery:discover_packages(recursive) using defaults
[0.610s] Level 1:colcon.colcon_core.package_discovery:discover_packages(ignore) discover
[0.610s] Level 1:colcon.colcon_core.package_discovery:discover_packages(ignore) using defaults
[0.610s] Level 1:colcon.colcon_core.package_discovery:discover_packages(path) discover
[0.610s] Level 1:colcon.colcon_core.package_discovery:discover_packages(path) using defaults
[0.649s] Level 5:colcon.colcon_core.verb:set package 'psd_vehicle' build argument 'cmake_args' from command line to 'None'
[0.649s] Level 5:colcon.colcon_core.verb:set package 'psd_vehicle' build argument 'cmake_target' from command line to 'None'
[0.649s] Level 5:colcon.colcon_core.verb:set package 'psd_vehicle' build argument 'cmake_target_skip_unavailable' from command line to 'False'
[0.649s] Level 5:colcon.colcon_core.verb:set package 'psd_vehicle' build argument 'cmake_clean_cache' from command line to 'False'
[0.649s] Level 5:colcon.colcon_core.verb:set package 'psd_vehicle' build argument 'cmake_clean_first' from command line to 'False'
[0.649s] Level 5:colcon.colcon_core.verb:set package 'psd_vehicle' build argument 'cmake_force_configure' from command line to 'False'
[0.649s] Level 5:colcon.colcon_core.verb:set package 'psd_vehicle' build argument 'ament_cmake_args' from command line to 'None'
[0.649s] Level 5:colcon.colcon_core.verb:set package 'psd_vehicle' build argument 'catkin_cmake_args' from command line to 'None'
[0.649s] Level 5:colcon.colcon_core.verb:set package 'psd_vehicle' build argument 'catkin_skip_building_tests' from command line to 'False'
[0.649s] DEBUG:colcon.colcon_core.verb:Building package 'psd_vehicle' with the following arguments: {'ament_cmake_args': None, 'build_base': '/psd_ws/build/psd_vehicle', 'catkin_cmake_args': None, 'catkin_skip_building_tests': False, 'cmake_args': None, 'cmake_clean_cache': False, 'cmake_clean_first': False, 'cmake_force_configure': False, 'cmake_target': None, 'cmake_target_skip_unavailable': False, 'install_base': '/psd_ws/install/psd_vehicle', 'merge_install': False, 'path': '/psd_ws/src/psd_vehicle', 'symlink_install': False, 'test_result_base': None}
[0.655s] Level 5:colcon.colcon_core.verb:set package 'psd_vehicle_description' build argument 'cmake_args' from command line to 'None'
[0.655s] Level 5:colcon.colcon_core.verb:set package 'psd_vehicle_description' build argument 'cmake_target' from command line to 'None'
[0.655s] Level 5:colcon.colcon_core.verb:set package 'psd_vehicle_description' build argument 'cmake_target_skip_unavailable' from command line to 'False'
[0.655s] Level 5:colcon.colcon_core.verb:set package 'psd_vehicle_description' build argument 'cmake_clean_cache' from command line to 'False'
[0.655s] Level 5:colcon.colcon_core.verb:set package 'psd_vehicle_description' build argument 'cmake_clean_first' from command line to 'False'
[0.655s] Level 5:colcon.colcon_core.verb:set package 'psd_vehicle_description' build argument 'cmake_force_configure' from command line to 'False'
[0.655s] Level 5:colcon.colcon_core.verb:set package 'psd_vehicle_description' build argument 'ament_cmake_args' from command line to 'None'
[0.655s] Level 5:colcon.colcon_core.verb:set package 'psd_vehicle_description' build argument 'catkin_cmake_args' from command line to 'None'
[0.655s] Level 5:colcon.colcon_core.verb:set package 'psd_vehicle_description' build argument 'catkin_skip_building_tests' from command line to 'False'
[0.655s] DEBUG:colcon.colcon_core.verb:Building package 'psd_vehicle_description' with the following arguments: {'ament_cmake_args': None, 'build_base': '/psd_ws/build/psd_vehicle_description', 'catkin_cmake_args': None, 'catkin_skip_building_tests': False, 'cmake_args': None, 'cmake_clean_cache': False, 'cmake_clean_first': False, 'cmake_force_configure': False, 'cmake_target': None, 'cmake_target_skip_unavailable': False, 'install_base': '/psd_ws/install/psd_vehicle_description', 'merge_install': False, 'path': '/psd_ws/src/psd_vehicle_description', 'symlink_install': False, 'test_result_base': None}
[0.662s] INFO:colcon.colcon_core.executor:Executing jobs using 'parallel' executor
[0.669s] DEBUG:colcon.colcon_parallel_executor.executor.parallel:run_until_complete
[0.669s] INFO:colcon.colcon_ros.task.ament_cmake.build:Building ROS package in '/psd_ws/src/psd_vehicle' with build type 'ament_cmake'
[0.669s] INFO:colcon.colcon_cmake.task.cmake.build:Building CMake package in '/psd_ws/src/psd_vehicle'
[0.678s] INFO:colcon.colcon_core.plugin_system:Skipping extension 'colcon_core.shell.bat': Not used on non-Windows systems
[0.678s] INFO:colcon.colcon_core.shell:Skip shell extension 'powershell' for command environment: Not usable outside of PowerShell
[0.678s] DEBUG:colcon.colcon_core.shell:Skip shell extension 'dsv' for command environment
[0.700s] INFO:colcon.colcon_ros.task.ament_cmake.build:Building ROS package in '/psd_ws/src/psd_vehicle_description' with build type 'ament_cmake'
[0.700s] INFO:colcon.colcon_cmake.task.cmake.build:Building CMake package in '/psd_ws/src/psd_vehicle_description'
[0.708s] INFO:colcon.colcon_core.shell:Skip shell extension 'powershell' for command environment: Not usable outside of PowerShell
[0.708s] DEBUG:colcon.colcon_core.shell:Skip shell extension 'dsv' for command environment
[0.732s] DEBUG:colcon.colcon_core.event_handler.log_command:Invoking command in '/psd_ws/build/psd_vehicle': CMAKE_PREFIX_PATH=${CMAKE_PREFIX_PATH}:/opt/ros/humble /usr/bin/cmake --build /psd_ws/build/psd_vehicle -- -j20 -l20
[0.739s] DEBUG:colcon.colcon_core.event_handler.log_command:Invoking command in '/psd_ws/build/psd_vehicle_description': CMAKE_PREFIX_PATH=${CMAKE_PREFIX_PATH}:/opt/ros/humble /usr/bin/cmake --build /psd_ws/build/psd_vehicle_description -- -j20 -l20
[0.757s] DEBUG:colcon.colcon_core.event_handler.log_command:Invoked command in '/psd_ws/build/psd_vehicle' returned '0': CMAKE_PREFIX_PATH=${CMAKE_PREFIX_PATH}:/opt/ros/humble /usr/bin/cmake --build /psd_ws/build/psd_vehicle -- -j20 -l20
[0.776s] DEBUG:colcon.colcon_core.event_handler.log_command:Invoking command in '/psd_ws/build/psd_vehicle': CMAKE_PREFIX_PATH=${CMAKE_PREFIX_PATH}:/opt/ros/humble /usr/bin/cmake --install /psd_ws/build/psd_vehicle
[0.784s] Level 1:colcon.colcon_core.environment:create_environment_scripts_only(psd_vehicle)
[0.784s] DEBUG:colcon.colcon_core.event_handler.log_command:Invoked command in '/psd_ws/build/psd_vehicle' returned '0': CMAKE_PREFIX_PATH=${CMAKE_PREFIX_PATH}:/opt/ros/humble /usr/bin/cmake --install /psd_ws/build/psd_vehicle
[0.793s] Level 1:colcon.colcon_core.environment:checking '/psd_ws/install/psd_vehicle' for CMake module files
[0.794s] Level 1:colcon.colcon_core.environment:checking '/psd_ws/install/psd_vehicle' for CMake config files
[0.794s] Level 1:colcon.colcon_core.shell:create_environment_hook('psd_vehicle', 'cmake_prefix_path')
[0.800s] INFO:colcon.colcon_core.shell:Creating environment hook '/psd_ws/install/psd_vehicle/share/psd_vehicle/hook/cmake_prefix_path.ps1'
[0.801s] INFO:colcon.colcon_core.shell:Creating environment descriptor '/psd_ws/install/psd_vehicle/share/psd_vehicle/hook/cmake_prefix_path.dsv'
[0.801s] INFO:colcon.colcon_core.shell:Creating environment hook '/psd_ws/install/psd_vehicle/share/psd_vehicle/hook/cmake_prefix_path.sh'
[0.802s] Level 1:colcon.colcon_core.environment:checking '/psd_ws/install/psd_vehicle/bin'
[0.802s] Level 1:colcon.colcon_core.environment:checking '/psd_ws/install/psd_vehicle/lib/pkgconfig/psd_vehicle.pc'
[0.803s] Level 1:colcon.colcon_core.environment:checking '/psd_ws/install/psd_vehicle/lib/python3.10/site-packages'
[0.803s] Level 1:colcon.colcon_core.environment:checking '/psd_ws/install/psd_vehicle/bin'
[0.810s] INFO:colcon.colcon_core.shell:Creating package script '/psd_ws/install/psd_vehicle/share/psd_vehicle/package.ps1'
[0.811s] INFO:colcon.colcon_core.shell:Creating package descriptor '/psd_ws/install/psd_vehicle/share/psd_vehicle/package.dsv'
[0.811s] INFO:colcon.colcon_core.shell:Creating package script '/psd_ws/install/psd_vehicle/share/psd_vehicle/package.sh'
[0.811s] INFO:colcon.colcon_core.shell:Creating package script '/psd_ws/install/psd_vehicle/share/psd_vehicle/package.bash'
[0.812s] INFO:colcon.colcon_core.shell:Creating package script '/psd_ws/install/psd_vehicle/share/psd_vehicle/package.zsh'
[0.812s] Level 1:colcon.colcon_core.environment:create_file_with_runtime_dependencies(/psd_ws/install/psd_vehicle/share/colcon-core/packages/psd_vehicle)
[0.833s] Level 1:colcon.colcon_core.environment:create_environment_scripts_only(psd_vehicle)
[0.841s] Level 1:colcon.colcon_core.environment:checking '/psd_ws/install/psd_vehicle' for CMake module files
[0.841s] Level 1:colcon.colcon_core.environment:checking '/psd_ws/install/psd_vehicle' for CMake config files
[0.841s] Level 1:colcon.colcon_core.shell:create_environment_hook('psd_vehicle', 'cmake_prefix_path')
[0.848s] INFO:colcon.colcon_core.shell:Creating environment hook '/psd_ws/install/psd_vehicle/share/psd_vehicle/hook/cmake_prefix_path.ps1'
[0.848s] INFO:colcon.colcon_core.shell:Creating environment descriptor '/psd_ws/install/psd_vehicle/share/psd_vehicle/hook/cmake_prefix_path.dsv'
[0.849s] INFO:colcon.colcon_core.shell:Creating environment hook '/psd_ws/install/psd_vehicle/share/psd_vehicle/hook/cmake_prefix_path.sh'
[0.849s] Level 1:colcon.colcon_core.environment:checking '/psd_ws/install/psd_vehicle/bin'
[0.849s] Level 1:colcon.colcon_core.environment:checking '/psd_ws/install/psd_vehicle/lib/pkgconfig/psd_vehicle.pc'
[0.849s] Level 1:colcon.colcon_core.environment:checking '/psd_ws/install/psd_vehicle/lib/python3.10/site-packages'
[0.849s] Level 1:colcon.colcon_core.environment:checking '/psd_ws/install/psd_vehicle/bin'
[0.856s] INFO:colcon.colcon_core.shell:Creating package script '/psd_ws/install/psd_vehicle/share/psd_vehicle/package.ps1'
[0.856s] INFO:colcon.colcon_core.shell:Creating package descriptor '/psd_ws/install/psd_vehicle/share/psd_vehicle/package.dsv'
[0.856s] INFO:colcon.colcon_core.shell:Creating package script '/psd_ws/install/psd_vehicle/share/psd_vehicle/package.sh'
[0.857s] INFO:colcon.colcon_core.shell:Creating package script '/psd_ws/install/psd_vehicle/share/psd_vehicle/package.bash'
[0.857s] INFO:colcon.colcon_core.shell:Creating package script '/psd_ws/install/psd_vehicle/share/psd_vehicle/package.zsh'
[0.857s] Level 1:colcon.colcon_core.environment:create_file_with_runtime_dependencies(/psd_ws/install/psd_vehicle/share/colcon-core/packages/psd_vehicle)
[0.896s] DEBUG:colcon.colcon_core.event_handler.log_command:Invoked command in '/psd_ws/build/psd_vehicle_description' returned '0': CMAKE_PREFIX_PATH=${CMAKE_PREFIX_PATH}:/opt/ros/humble /usr/bin/cmake --build /psd_ws/build/psd_vehicle_description -- -j20 -l20
[0.907s] DEBUG:colcon.colcon_core.event_handler.log_command:Invoking command in '/psd_ws/build/psd_vehicle_description': CMAKE_PREFIX_PATH=${CMAKE_PREFIX_PATH}:/opt/ros/humble /usr/bin/cmake --install /psd_ws/build/psd_vehicle_description
[0.915s] Level 1:colcon.colcon_core.environment:create_environment_scripts_only(psd_vehicle_description)
[0.915s] DEBUG:colcon.colcon_core.event_handler.log_command:Invoked command in '/psd_ws/build/psd_vehicle_description' returned '0': CMAKE_PREFIX_PATH=${CMAKE_PREFIX_PATH}:/opt/ros/humble /usr/bin/cmake --install /psd_ws/build/psd_vehicle_description
[0.922s] Level 1:colcon.colcon_core.environment:checking '/psd_ws/install/psd_vehicle_description' for CMake module files
[0.922s] Level 1:colcon.colcon_core.environment:checking '/psd_ws/install/psd_vehicle_description' for CMake config files
[0.922s] Level 1:colcon.colcon_core.shell:create_environment_hook('psd_vehicle_description', 'cmake_prefix_path')
[0.929s] INFO:colcon.colcon_core.shell:Creating environment hook '/psd_ws/install/psd_vehicle_description/share/psd_vehicle_description/hook/cmake_prefix_path.ps1'
[0.929s] INFO:colcon.colcon_core.shell:Creating environment descriptor '/psd_ws/install/psd_vehicle_description/share/psd_vehicle_description/hook/cmake_prefix_path.dsv'
[0.929s] INFO:colcon.colcon_core.shell:Creating environment hook '/psd_ws/install/psd_vehicle_description/share/psd_vehicle_description/hook/cmake_prefix_path.sh'
[0.929s] Level 1:colcon.colcon_core.environment:checking '/psd_ws/install/psd_vehicle_description/bin'
[0.929s] Level 1:colcon.colcon_core.environment:checking '/psd_ws/install/psd_vehicle_description/lib/pkgconfig/psd_vehicle_description.pc'
[0.930s] Level 1:colcon.colcon_core.environment:checking '/psd_ws/install/psd_vehicle_description/lib/python3.10/site-packages'
[0.930s] Level 1:colcon.colcon_core.environment:checking '/psd_ws/install/psd_vehicle_description/bin'
[0.936s] INFO:colcon.colcon_core.shell:Creating package script '/psd_ws/install/psd_vehicle_description/share/psd_vehicle_description/package.ps1'
[0.936s] INFO:colcon.colcon_core.shell:Creating package descriptor '/psd_ws/install/psd_vehicle_description/share/psd_vehicle_description/package.dsv'
[0.937s] INFO:colcon.colcon_core.shell:Creating package script '/psd_ws/install/psd_vehicle_description/share/psd_vehicle_description/package.sh'
[0.937s] INFO:colcon.colcon_core.shell:Creating package script '/psd_ws/install/psd_vehicle_description/share/psd_vehicle_description/package.bash'
[0.937s] INFO:colcon.colcon_core.shell:Creating package script '/psd_ws/install/psd_vehicle_description/share/psd_vehicle_description/package.zsh'
[0.937s] Level 1:colcon.colcon_core.environment:create_file_with_runtime_dependencies(/psd_ws/install/psd_vehicle_description/share/colcon-core/packages/psd_vehicle_description)
[0.957s] Level 1:colcon.colcon_core.environment:create_environment_scripts_only(psd_vehicle_description)
[0.963s] Level 1:colcon.colcon_core.environment:checking '/psd_ws/install/psd_vehicle_description' for CMake module files
[0.963s] Level 1:colcon.colcon_core.environment:checking '/psd_ws/install/psd_vehicle_description' for CMake config files
[0.963s] Level 1:colcon.colcon_core.shell:create_environment_hook('psd_vehicle_description', 'cmake_prefix_path')
[0.969s] INFO:colcon.colcon_core.shell:Creating environment hook '/psd_ws/install/psd_vehicle_description/share/psd_vehicle_description/hook/cmake_prefix_path.ps1'
[0.969s] INFO:colcon.colcon_core.shell:Creating environment descriptor '/psd_ws/install/psd_vehicle_description/share/psd_vehicle_description/hook/cmake_prefix_path.dsv'
[0.970s] INFO:colcon.colcon_core.shell:Creating environment hook '/psd_ws/install/psd_vehicle_description/share/psd_vehicle_description/hook/cmake_prefix_path.sh'
[0.970s] Level 1:colcon.colcon_core.environment:checking '/psd_ws/install/psd_vehicle_description/bin'
[0.970s] Level 1:colcon.colcon_core.environment:checking '/psd_ws/install/psd_vehicle_description/lib/pkgconfig/psd_vehicle_description.pc'
[0.971s] Level 1:colcon.colcon_core.environment:checking '/psd_ws/install/psd_vehicle_description/lib/python3.10/site-packages'
[0.971s] Level 1:colcon.colcon_core.environment:checking '/psd_ws/install/psd_vehicle_description/bin'
[0.978s] INFO:colcon.colcon_core.shell:Creating package script '/psd_ws/install/psd_vehicle_description/share/psd_vehicle_description/package.ps1'
[0.978s] INFO:colcon.colcon_core.shell:Creating package descriptor '/psd_ws/install/psd_vehicle_description/share/psd_vehicle_description/package.dsv'
[0.978s] INFO:colcon.colcon_core.shell:Creating package script '/psd_ws/install/psd_vehicle_description/share/psd_vehicle_description/package.sh'
[0.978s] INFO:colcon.colcon_core.shell:Creating package script '/psd_ws/install/psd_vehicle_description/share/psd_vehicle_description/package.bash'
[0.979s] INFO:colcon.colcon_core.shell:Creating package script '/psd_ws/install/psd_vehicle_description/share/psd_vehicle_description/package.zsh'
[0.979s] Level 1:colcon.colcon_core.environment:create_file_with_runtime_dependencies(/psd_ws/install/psd_vehicle_description/share/colcon-core/packages/psd_vehicle_description)
[0.979s] DEBUG:colcon.colcon_parallel_executor.executor.parallel:closing loop
[0.979s] DEBUG:colcon.colcon_parallel_executor.executor.parallel:loop closed
[0.980s] DEBUG:colcon.colcon_parallel_executor.executor.parallel:run_until_complete finished with '0'
[0.980s] DEBUG:colcon.colcon_core.event_reactor:joining thread
[0.991s] INFO:colcon.colcon_core.plugin_system:Skipping extension 'colcon_notification.desktop_notification.notify_send': Could not find 'notify-send'
[0.991s] INFO:colcon.colcon_core.plugin_system:Skipping extension 'colcon_notification.desktop_notification.terminal_notifier': Not used on non-Darwin systems
[0.991s] INFO:colcon.colcon_core.plugin_system:Skipping extension 'colcon_notification.desktop_notification.win32': Not used on non-Windows systems
[0.991s] INFO:colcon.colcon_notification.desktop_notification:Sending desktop notification using 'notify2'
[0.993s] DEBUG:colcon.colcon_notification.desktop_notification.notify2:Failed to initialize notify2: org.freedesktop.DBus.Error.Spawn.ExecFailed: /usr/bin/dbus-launch terminated abnormally without any error message
[0.993s] DEBUG:colcon.colcon_core.event_reactor:joined thread
[1.004s] INFO:colcon.colcon_core.shell:Creating prefix script '/psd_ws/install/local_setup.ps1'
[1.005s] INFO:colcon.colcon_core.shell:Creating prefix util module '/psd_ws/install/_local_setup_util_ps1.py'
[1.006s] INFO:colcon.colcon_core.shell:Creating prefix chain script '/psd_ws/install/setup.ps1'
[1.013s] INFO:colcon.colcon_core.shell:Creating prefix script '/psd_ws/install/local_setup.sh'
[1.013s] INFO:colcon.colcon_core.shell:Creating prefix util module '/psd_ws/install/_local_setup_util_sh.py'
[1.013s] INFO:colcon.colcon_core.shell:Creating prefix chain script '/psd_ws/install/setup.sh'
[1.020s] INFO:colcon.colcon_core.shell:Creating prefix script '/psd_ws/install/local_setup.bash'
[1.021s] INFO:colcon.colcon_core.shell:Creating prefix chain script '/psd_ws/install/setup.bash'
[1.028s] INFO:colcon.colcon_core.shell:Creating prefix script '/psd_ws/install/local_setup.zsh'
[1.028s] INFO:colcon.colcon_core.shell:Creating prefix chain script '/psd_ws/install/setup.zsh'
