[0.206s] Invoking command in '/home/psd/psd_ws/build/tricycle_controller': AMENT_PREFIX_PATH=/home/psd/psd_ws/install/controller_manager:/home/psd/psd_ws/install/hardware_interface_testing:/home/psd/psd_ws/install/controller_interface:/home/psd/psd_ws/install/hardware_interface:/home/psd/psd_ws/install/ros2_control_test_assets:/home/psd/psd_ws/install/realtime_tools:/home/psd/psd_ws/install/controller_manager_msgs:/home/psd/psd_ws/install/control_msgs:${AMENT_PREFIX_PATH} CMAKE_PREFIX_PATH=/home/psd/psd_ws/install/controller_manager:/home/psd/psd_ws/install/hardware_interface_testing:/home/psd/psd_ws/install/controller_interface:/home/psd/psd_ws/install/hardware_interface:/home/psd/psd_ws/install/ros2_control_test_assets:/home/psd/psd_ws/install/realtime_tools:/home/psd/psd_ws/install/controller_manager_msgs:/home/psd/psd_ws/install/control_msgs:/opt/ros/humble LD_LIBRARY_PATH=/home/psd/psd_ws/install/controller_manager/lib:/home/psd/psd_ws/install/hardware_interface_testing/lib:/home/psd/psd_ws/install/controller_interface/lib:/home/psd/psd_ws/install/hardware_interface/lib:/home/psd/psd_ws/install/realtime_tools/lib:/home/psd/psd_ws/install/controller_manager_msgs/lib:/home/psd/psd_ws/install/control_msgs/lib:${LD_LIBRARY_PATH} PYTHONPATH=/home/psd/psd_ws/install/controller_manager/local/lib/python3.10/dist-packages:/home/psd/psd_ws/install/controller_manager_msgs/local/lib/python3.10/dist-packages:/home/psd/psd_ws/install/control_msgs/local/lib/python3.10/dist-packages:${PYTHONPATH} /usr/bin/cmake --build /home/psd/psd_ws/build/tricycle_controller -- -j20 -l20
[0.300s] [  7%] [32mBuilding CXX object gmock/CMakeFiles/gmock_main.dir/src/gmock_main.cc.o[0m
[0.333s] [ 14%] [32mBuilding CXX object gmock/CMakeFiles/gmock.dir/opt/ros/humble/src/gtest_vendor/src/gtest-all.cc.o[0m
[0.346s] [ 21%] [32mBuilding CXX object gmock/CMakeFiles/gmock.dir/src/gmock-all.cc.o[0m
[0.366s] [ 28%] [32m[1mLinking CXX shared library libtricycle_controller.so[0m
[3.371s] [ 35%] [32m[1mLinking CXX static library libgmock_main.a[0m
[3.573s] [ 35%] Built target gmock_main
[3.890s] [ 64%] Built target tricycle_controller
[5.896s] [ 71%] [32m[1mLinking CXX static library libgmock.a[0m
[6.028s] [ 71%] Built target gmock
[6.074s] [ 85%] [32m[1mLinking CXX executable test_tricycle_controller[0m
[6.074s] [ 85%] [32m[1mLinking CXX executable test_load_tricycle_controller[0m
[10.143s] [ 92%] Built target test_load_tricycle_controller
[10.471s] [100%] Built target test_tricycle_controller
[10.493s] Invoked command in '/home/psd/psd_ws/build/tricycle_controller' returned '0': AMENT_PREFIX_PATH=/home/psd/psd_ws/install/controller_manager:/home/psd/psd_ws/install/hardware_interface_testing:/home/psd/psd_ws/install/controller_interface:/home/psd/psd_ws/install/hardware_interface:/home/psd/psd_ws/install/ros2_control_test_assets:/home/psd/psd_ws/install/realtime_tools:/home/psd/psd_ws/install/controller_manager_msgs:/home/psd/psd_ws/install/control_msgs:${AMENT_PREFIX_PATH} CMAKE_PREFIX_PATH=/home/psd/psd_ws/install/controller_manager:/home/psd/psd_ws/install/hardware_interface_testing:/home/psd/psd_ws/install/controller_interface:/home/psd/psd_ws/install/hardware_interface:/home/psd/psd_ws/install/ros2_control_test_assets:/home/psd/psd_ws/install/realtime_tools:/home/psd/psd_ws/install/controller_manager_msgs:/home/psd/psd_ws/install/control_msgs:/opt/ros/humble LD_LIBRARY_PATH=/home/psd/psd_ws/install/controller_manager/lib:/home/psd/psd_ws/install/hardware_interface_testing/lib:/home/psd/psd_ws/install/controller_interface/lib:/home/psd/psd_ws/install/hardware_interface/lib:/home/psd/psd_ws/install/realtime_tools/lib:/home/psd/psd_ws/install/controller_manager_msgs/lib:/home/psd/psd_ws/install/control_msgs/lib:${LD_LIBRARY_PATH} PYTHONPATH=/home/psd/psd_ws/install/controller_manager/local/lib/python3.10/dist-packages:/home/psd/psd_ws/install/controller_manager_msgs/local/lib/python3.10/dist-packages:/home/psd/psd_ws/install/control_msgs/local/lib/python3.10/dist-packages:${PYTHONPATH} /usr/bin/cmake --build /home/psd/psd_ws/build/tricycle_controller -- -j20 -l20
[10.620s] Invoking command in '/home/psd/psd_ws/build/tricycle_controller': AMENT_PREFIX_PATH=/home/psd/psd_ws/install/controller_manager:/home/psd/psd_ws/install/hardware_interface_testing:/home/psd/psd_ws/install/controller_interface:/home/psd/psd_ws/install/hardware_interface:/home/psd/psd_ws/install/ros2_control_test_assets:/home/psd/psd_ws/install/realtime_tools:/home/psd/psd_ws/install/controller_manager_msgs:/home/psd/psd_ws/install/control_msgs:${AMENT_PREFIX_PATH} CMAKE_PREFIX_PATH=/home/psd/psd_ws/install/controller_manager:/home/psd/psd_ws/install/hardware_interface_testing:/home/psd/psd_ws/install/controller_interface:/home/psd/psd_ws/install/hardware_interface:/home/psd/psd_ws/install/ros2_control_test_assets:/home/psd/psd_ws/install/realtime_tools:/home/psd/psd_ws/install/controller_manager_msgs:/home/psd/psd_ws/install/control_msgs:/opt/ros/humble LD_LIBRARY_PATH=/home/psd/psd_ws/install/controller_manager/lib:/home/psd/psd_ws/install/hardware_interface_testing/lib:/home/psd/psd_ws/install/controller_interface/lib:/home/psd/psd_ws/install/hardware_interface/lib:/home/psd/psd_ws/install/realtime_tools/lib:/home/psd/psd_ws/install/controller_manager_msgs/lib:/home/psd/psd_ws/install/control_msgs/lib:${LD_LIBRARY_PATH} PYTHONPATH=/home/psd/psd_ws/install/controller_manager/local/lib/python3.10/dist-packages:/home/psd/psd_ws/install/controller_manager_msgs/local/lib/python3.10/dist-packages:/home/psd/psd_ws/install/control_msgs/local/lib/python3.10/dist-packages:${PYTHONPATH} /usr/bin/cmake --install /home/psd/psd_ws/build/tricycle_controller
[10.638s] -- Install configuration: ""
[10.638s] -- Execute custom install script
[10.638s] -- Up-to-date symlink: /home/psd/psd_ws/install/tricycle_controller/share/tricycle_controller//tricycle_controller.xml
[10.638s] -- Up-to-date symlink: /home/psd/psd_ws/install/tricycle_controller/include/tricycle_controller/tricycle_controller/odometry.hpp
[10.638s] -- Up-to-date symlink: /home/psd/psd_ws/install/tricycle_controller/include/tricycle_controller/tricycle_controller/steering_limiter.hpp
[10.638s] -- Up-to-date symlink: /home/psd/psd_ws/install/tricycle_controller/include/tricycle_controller/tricycle_controller/traction_limiter.hpp
[10.638s] -- Up-to-date symlink: /home/psd/psd_ws/install/tricycle_controller/include/tricycle_controller/tricycle_controller/tricycle_controller.hpp
[10.638s] -- Up-to-date symlink: /home/psd/psd_ws/install/tricycle_controller/include/tricycle_controller/tricycle_controller/visibility_control.h
[10.639s] -- Up-to-date symlink: /home/psd/psd_ws/install/tricycle_controller/share/tricycle_controller/environment/library_path.sh
[10.639s] -- Up-to-date symlink: /home/psd/psd_ws/install/tricycle_controller/share/tricycle_controller/environment/library_path.dsv
[10.639s] -- Up-to-date symlink: /home/psd/psd_ws/install/tricycle_controller/share/ament_index/resource_index/package_run_dependencies/tricycle_controller
[10.639s] -- Up-to-date symlink: /home/psd/psd_ws/install/tricycle_controller/share/ament_index/resource_index/parent_prefix_path/tricycle_controller
[10.640s] -- Up-to-date symlink: /home/psd/psd_ws/install/tricycle_controller/share/tricycle_controller/environment/ament_prefix_path.sh
[10.640s] -- Up-to-date symlink: /home/psd/psd_ws/install/tricycle_controller/share/tricycle_controller/environment/ament_prefix_path.dsv
[10.642s] -- Up-to-date symlink: /home/psd/psd_ws/install/tricycle_controller/share/tricycle_controller/environment/path.sh
[10.642s] -- Up-to-date symlink: /home/psd/psd_ws/install/tricycle_controller/share/tricycle_controller/environment/path.dsv
[10.642s] -- Up-to-date symlink: /home/psd/psd_ws/install/tricycle_controller/share/tricycle_controller/local_setup.bash
[10.643s] -- Up-to-date symlink: /home/psd/psd_ws/install/tricycle_controller/share/tricycle_controller/local_setup.sh
[10.643s] -- Up-to-date symlink: /home/psd/psd_ws/install/tricycle_controller/share/tricycle_controller/local_setup.zsh
[10.643s] -- Up-to-date symlink: /home/psd/psd_ws/install/tricycle_controller/share/tricycle_controller/local_setup.dsv
[10.643s] -- Symlinking: /home/psd/psd_ws/install/tricycle_controller/share/tricycle_controller/package.dsv
[10.650s] -- Up-to-date symlink: /home/psd/psd_ws/install/tricycle_controller/share/ament_index/resource_index/packages/tricycle_controller
[10.650s] -- Up-to-date symlink: /home/psd/psd_ws/install/tricycle_controller/share/ament_index/resource_index/controller_interface__pluginlib__plugin/tricycle_controller
[10.651s] -- Up-to-date symlink: /home/psd/psd_ws/install/tricycle_controller/share/tricycle_controller/cmake/ament_cmake_export_targets-extras.cmake
[10.651s] -- Up-to-date symlink: /home/psd/psd_ws/install/tricycle_controller/share/tricycle_controller/cmake/ament_cmake_export_dependencies-extras.cmake
[10.651s] -- Up-to-date symlink: /home/psd/psd_ws/install/tricycle_controller/share/tricycle_controller/cmake/tricycle_controllerConfig.cmake
[10.651s] -- Up-to-date symlink: /home/psd/psd_ws/install/tricycle_controller/share/tricycle_controller/cmake/tricycle_controllerConfig-version.cmake
[10.651s] -- Up-to-date symlink: /home/psd/psd_ws/install/tricycle_controller/share/tricycle_controller/package.xml
[10.651s] -- Installing: /home/psd/psd_ws/install/tricycle_controller/lib/libtricycle_controller.so
[10.668s] -- Set runtime path of "/home/psd/psd_ws/install/tricycle_controller/lib/libtricycle_controller.so" to ""
[10.669s] -- Up-to-date: /home/psd/psd_ws/install/tricycle_controller/share/tricycle_controller/cmake/export_tricycle_controllerExport.cmake
[10.669s] -- Up-to-date: /home/psd/psd_ws/install/tricycle_controller/share/tricycle_controller/cmake/export_tricycle_controllerExport-noconfig.cmake
[10.744s] Invoked command in '/home/psd/psd_ws/build/tricycle_controller' returned '0': AMENT_PREFIX_PATH=/home/psd/psd_ws/install/controller_manager:/home/psd/psd_ws/install/hardware_interface_testing:/home/psd/psd_ws/install/controller_interface:/home/psd/psd_ws/install/hardware_interface:/home/psd/psd_ws/install/ros2_control_test_assets:/home/psd/psd_ws/install/realtime_tools:/home/psd/psd_ws/install/controller_manager_msgs:/home/psd/psd_ws/install/control_msgs:${AMENT_PREFIX_PATH} CMAKE_PREFIX_PATH=/home/psd/psd_ws/install/controller_manager:/home/psd/psd_ws/install/hardware_interface_testing:/home/psd/psd_ws/install/controller_interface:/home/psd/psd_ws/install/hardware_interface:/home/psd/psd_ws/install/ros2_control_test_assets:/home/psd/psd_ws/install/realtime_tools:/home/psd/psd_ws/install/controller_manager_msgs:/home/psd/psd_ws/install/control_msgs:/opt/ros/humble LD_LIBRARY_PATH=/home/psd/psd_ws/install/controller_manager/lib:/home/psd/psd_ws/install/hardware_interface_testing/lib:/home/psd/psd_ws/install/controller_interface/lib:/home/psd/psd_ws/install/hardware_interface/lib:/home/psd/psd_ws/install/realtime_tools/lib:/home/psd/psd_ws/install/controller_manager_msgs/lib:/home/psd/psd_ws/install/control_msgs/lib:${LD_LIBRARY_PATH} PYTHONPATH=/home/psd/psd_ws/install/controller_manager/local/lib/python3.10/dist-packages:/home/psd/psd_ws/install/controller_manager_msgs/local/lib/python3.10/dist-packages:/home/psd/psd_ws/install/control_msgs/local/lib/python3.10/dist-packages:${PYTHONPATH} /usr/bin/cmake --install /home/psd/psd_ws/build/tricycle_controller
