[0.049s] Invoking command in '/home/psd/psd_ws/build/psd_vehicle_controller': CMAKE_PREFIX_PATH=/home/psd/psd_ws/install/psd_vehicle_description:/home/psd/psd_ws/install/ros_components_description:/home/psd/psd_ws/install/psd_vehicle_bringup:/home/psd/psd_ws/install/psd_vehicle_controller:/home/psd/psd_ws/install/psd_vehicle_interfaces:/home/psd/psd_ws/install/psd_vehicle_hardware_interfaces:/home/psd/psd_ws/install/psd_vehicle_gazebo:/home/psd/psd_ws/install/psd_gazebo_worlds:/home/psd/psd_ws/install/ign_ros2_control_demos:/home/psd/psd_ws/install/ign_ros2_control:/home/psd/psd_ws/install/core:/opt/ros/humble /usr/bin/cmake --build /home/psd/psd_ws/build/psd_vehicle_controller -- -j20 -l20
[0.096s] Invoked command in '/home/psd/psd_ws/build/psd_vehicle_controller' returned '0': CMAKE_PREFIX_PATH=/home/psd/psd_ws/install/psd_vehicle_description:/home/psd/psd_ws/install/ros_components_description:/home/psd/psd_ws/install/psd_vehicle_bringup:/home/psd/psd_ws/install/psd_vehicle_controller:/home/psd/psd_ws/install/psd_vehicle_interfaces:/home/psd/psd_ws/install/psd_vehicle_hardware_interfaces:/home/psd/psd_ws/install/psd_vehicle_gazebo:/home/psd/psd_ws/install/psd_gazebo_worlds:/home/psd/psd_ws/install/ign_ros2_control_demos:/home/psd/psd_ws/install/ign_ros2_control:/home/psd/psd_ws/install/core:/opt/ros/humble /usr/bin/cmake --build /home/psd/psd_ws/build/psd_vehicle_controller -- -j20 -l20
[0.108s] Invoking command in '/home/psd/psd_ws/build/psd_vehicle_controller': CMAKE_PREFIX_PATH=/home/psd/psd_ws/install/psd_vehicle_description:/home/psd/psd_ws/install/ros_components_description:/home/psd/psd_ws/install/psd_vehicle_bringup:/home/psd/psd_ws/install/psd_vehicle_controller:/home/psd/psd_ws/install/psd_vehicle_interfaces:/home/psd/psd_ws/install/psd_vehicle_hardware_interfaces:/home/psd/psd_ws/install/psd_vehicle_gazebo:/home/psd/psd_ws/install/psd_gazebo_worlds:/home/psd/psd_ws/install/ign_ros2_control_demos:/home/psd/psd_ws/install/ign_ros2_control:/home/psd/psd_ws/install/core:/opt/ros/humble /usr/bin/cmake --install /home/psd/psd_ws/build/psd_vehicle_controller
[0.113s] -- Install configuration: ""
[0.113s] -- Up-to-date: /home/psd/psd_ws/install/psd_vehicle_controller/share/psd_vehicle_controller/launch
[0.113s] -- Up-to-date: /home/psd/psd_ws/install/psd_vehicle_controller/share/psd_vehicle_controller/launch/controller.launch.py
[0.113s] -- Up-to-date: /home/psd/psd_ws/install/psd_vehicle_controller/share/psd_vehicle_controller/config
[0.113s] -- Up-to-date: /home/psd/psd_ws/install/psd_vehicle_controller/share/psd_vehicle_controller/config/diff_drive_controller.yaml
[0.113s] -- Up-to-date: /home/psd/psd_ws/install/psd_vehicle_controller/share/ament_index/resource_index/package_run_dependencies/psd_vehicle_controller
[0.113s] -- Up-to-date: /home/psd/psd_ws/install/psd_vehicle_controller/share/ament_index/resource_index/parent_prefix_path/psd_vehicle_controller
[0.113s] -- Up-to-date: /home/psd/psd_ws/install/psd_vehicle_controller/share/psd_vehicle_controller/environment/ament_prefix_path.sh
[0.113s] -- Up-to-date: /home/psd/psd_ws/install/psd_vehicle_controller/share/psd_vehicle_controller/environment/ament_prefix_path.dsv
[0.113s] -- Up-to-date: /home/psd/psd_ws/install/psd_vehicle_controller/share/psd_vehicle_controller/environment/path.sh
[0.113s] -- Up-to-date: /home/psd/psd_ws/install/psd_vehicle_controller/share/psd_vehicle_controller/environment/path.dsv
[0.113s] -- Up-to-date: /home/psd/psd_ws/install/psd_vehicle_controller/share/psd_vehicle_controller/local_setup.bash
[0.113s] -- Up-to-date: /home/psd/psd_ws/install/psd_vehicle_controller/share/psd_vehicle_controller/local_setup.sh
[0.113s] -- Up-to-date: /home/psd/psd_ws/install/psd_vehicle_controller/share/psd_vehicle_controller/local_setup.zsh
[0.113s] -- Up-to-date: /home/psd/psd_ws/install/psd_vehicle_controller/share/psd_vehicle_controller/local_setup.dsv
[0.113s] -- Installing: /home/psd/psd_ws/install/psd_vehicle_controller/share/psd_vehicle_controller/package.dsv
[0.114s] -- Up-to-date: /home/psd/psd_ws/install/psd_vehicle_controller/share/ament_index/resource_index/packages/psd_vehicle_controller
[0.114s] -- Up-to-date: /home/psd/psd_ws/install/psd_vehicle_controller/share/psd_vehicle_controller/cmake/psd_vehicle_controllerConfig.cmake
[0.114s] -- Up-to-date: /home/psd/psd_ws/install/psd_vehicle_controller/share/psd_vehicle_controller/cmake/psd_vehicle_controllerConfig-version.cmake
[0.114s] -- Up-to-date: /home/psd/psd_ws/install/psd_vehicle_controller/share/psd_vehicle_controller/package.xml
[0.114s] Invoked command in '/home/psd/psd_ws/build/psd_vehicle_controller' returned '0': CMAKE_PREFIX_PATH=/home/psd/psd_ws/install/psd_vehicle_description:/home/psd/psd_ws/install/ros_components_description:/home/psd/psd_ws/install/psd_vehicle_bringup:/home/psd/psd_ws/install/psd_vehicle_controller:/home/psd/psd_ws/install/psd_vehicle_interfaces:/home/psd/psd_ws/install/psd_vehicle_hardware_interfaces:/home/psd/psd_ws/install/psd_vehicle_gazebo:/home/psd/psd_ws/install/psd_gazebo_worlds:/home/psd/psd_ws/install/ign_ros2_control_demos:/home/psd/psd_ws/install/ign_ros2_control:/home/psd/psd_ws/install/core:/opt/ros/humble /usr/bin/cmake --install /home/psd/psd_ws/build/psd_vehicle_controller
