[0.006s] Invoking command in '/home/ubuntu/psd_ws/build/psd_gazebo_worlds': CMAKE_PREFIX_PATH=${CMAKE_PREFIX_PATH}:/opt/ros/jazzy /usr/bin/cmake /home/ubuntu/psd_ws/src/psd_gazebo_worlds -DAMENT_CMAKE_SYMLINK_INSTALL=1 -DCMAKE_INSTALL_PREFIX=/home/ubuntu/psd_ws/install/psd_gazebo_worlds
[0.041s] -- The C compiler identification is GNU 13.2.0
[0.077s] -- The CXX compiler identification is GNU 13.2.0
[0.086s] -- Detecting C compiler ABI info
[0.144s] -- Detecting C compiler ABI info - done
[0.150s] -- Check for working C compiler: /usr/bin/cc - skipped
[0.150s] -- Detecting C compile features
[0.150s] -- Detecting C compile features - done
[0.157s] -- Detecting CXX compiler ABI info
[0.219s] -- Detecting CXX compiler ABI info - done
[0.230s] -- Check for working CXX compiler: /usr/bin/c++ - skipped
[0.230s] -- Detecting CXX compile features
[0.231s] -- Detecting CXX compile features - done
[0.240s] -- Found ament_cmake: 2.5.0 (/opt/ros/jazzy/share/ament_cmake/cmake)
[0.356s] -- Found Python3: /usr/bin/python3 (found version "3.12.3") found components: Interpreter 
[0.404s] -- Override CMake install command with custom implementation using symlinks instead of copying resources
[0.476s] -- Found rclcpp: 28.1.2 (/opt/ros/jazzy/share/rclcpp/cmake)
[0.530s] -- Found rosidl_generator_c: 4.6.2 (/opt/ros/jazzy/share/rosidl_generator_c/cmake)
[0.551s] -- Found rosidl_generator_cpp: 4.6.2 (/opt/ros/jazzy/share/rosidl_generator_cpp/cmake)
[0.572s] -- Using all available rosidl_typesupport_c: rosidl_typesupport_fastrtps_c;rosidl_typesupport_introspection_c
[0.595s] -- Using all available rosidl_typesupport_cpp: rosidl_typesupport_fastrtps_cpp;rosidl_typesupport_introspection_cpp
[0.683s] -- Found rmw_implementation_cmake: 7.3.1 (/opt/ros/jazzy/share/rmw_implementation_cmake/cmake)
[0.688s] -- Found rmw_fastrtps_cpp: 8.4.0 (/opt/ros/jazzy/share/rmw_fastrtps_cpp/cmake)
[0.759s] -- Found OpenSSL: /usr/lib/x86_64-linux-gnu/libcrypto.so (found version "3.0.13")  
[0.772s] -- Found FastRTPS: /opt/ros/jazzy/include (Required is at least version "2.13") 
[0.787s] -- Using RMW implementation 'rmw_fastrtps_cpp' as default
[0.916s] -- Configuring done (0.9s)
[0.918s] -- Generating done (0.0s)
[0.919s] -- Build files have been written to: /home/ubuntu/psd_ws/build/psd_gazebo_worlds
[0.924s] Invoked command in '/home/ubuntu/psd_ws/build/psd_gazebo_worlds' returned '0': CMAKE_PREFIX_PATH=${CMAKE_PREFIX_PATH}:/opt/ros/jazzy /usr/bin/cmake /home/ubuntu/psd_ws/src/psd_gazebo_worlds -DAMENT_CMAKE_SYMLINK_INSTALL=1 -DCMAKE_INSTALL_PREFIX=/home/ubuntu/psd_ws/install/psd_gazebo_worlds
[0.925s] Invoking command in '/home/ubuntu/psd_ws/build/psd_gazebo_worlds': CMAKE_PREFIX_PATH=${CMAKE_PREFIX_PATH}:/opt/ros/jazzy /usr/bin/cmake --build /home/ubuntu/psd_ws/build/psd_gazebo_worlds -- -j20 -l20
[0.952s] Invoked command in '/home/ubuntu/psd_ws/build/psd_gazebo_worlds' returned '0': CMAKE_PREFIX_PATH=${CMAKE_PREFIX_PATH}:/opt/ros/jazzy /usr/bin/cmake --build /home/ubuntu/psd_ws/build/psd_gazebo_worlds -- -j20 -l20
[0.967s] Invoking command in '/home/ubuntu/psd_ws/build/psd_gazebo_worlds': CMAKE_PREFIX_PATH=${CMAKE_PREFIX_PATH}:/opt/ros/jazzy /usr/bin/cmake --install /home/ubuntu/psd_ws/build/psd_gazebo_worlds
[0.972s] -- Install configuration: ""
[0.972s] -- Execute custom install script
[0.973s] -- Symlinking: /home/ubuntu/psd_ws/install/psd_gazebo_worlds/share/psd_gazebo_worlds/worlds//models/cone/meshes/cone.dae
[0.979s] -- Symlinking: /home/ubuntu/psd_ws/install/psd_gazebo_worlds/share/psd_gazebo_worlds/worlds//models/cone/meshes/cone.stl
[0.985s] -- Symlinking: /home/ubuntu/psd_ws/install/psd_gazebo_worlds/share/psd_gazebo_worlds/worlds//models/cone/model.config
[0.990s] -- Symlinking: /home/ubuntu/psd_ws/install/psd_gazebo_worlds/share/psd_gazebo_worlds/worlds//models/cone/model.sdf
[0.995s] -- Symlinking: /home/ubuntu/psd_ws/install/psd_gazebo_worlds/share/psd_gazebo_worlds/worlds//random.sdf
[1.001s] -- Symlinking: /home/ubuntu/psd_ws/install/psd_gazebo_worlds/share/psd_gazebo_worlds/worlds//track.sdf
[1.007s] -- Symlinking: /home/ubuntu/psd_ws/install/psd_gazebo_worlds/share/psd_gazebo_worlds/worlds//track_creator.py
[1.012s] -- Symlinking: /home/ubuntu/psd_ws/install/psd_gazebo_worlds/share/ament_index/resource_index/package_run_dependencies/psd_gazebo_worlds
[1.017s] -- Symlinking: /home/ubuntu/psd_ws/install/psd_gazebo_worlds/share/ament_index/resource_index/parent_prefix_path/psd_gazebo_worlds
[1.023s] -- Symlinking: /home/ubuntu/psd_ws/install/psd_gazebo_worlds/share/psd_gazebo_worlds/environment/ament_prefix_path.sh
[1.028s] -- Symlinking: /home/ubuntu/psd_ws/install/psd_gazebo_worlds/share/psd_gazebo_worlds/environment/ament_prefix_path.dsv
[1.034s] -- Symlinking: /home/ubuntu/psd_ws/install/psd_gazebo_worlds/share/psd_gazebo_worlds/environment/path.sh
[1.040s] -- Symlinking: /home/ubuntu/psd_ws/install/psd_gazebo_worlds/share/psd_gazebo_worlds/environment/path.dsv
[1.047s] -- Symlinking: /home/ubuntu/psd_ws/install/psd_gazebo_worlds/share/psd_gazebo_worlds/local_setup.bash
[1.052s] -- Symlinking: /home/ubuntu/psd_ws/install/psd_gazebo_worlds/share/psd_gazebo_worlds/local_setup.sh
[1.058s] -- Symlinking: /home/ubuntu/psd_ws/install/psd_gazebo_worlds/share/psd_gazebo_worlds/local_setup.zsh
[1.064s] -- Symlinking: /home/ubuntu/psd_ws/install/psd_gazebo_worlds/share/psd_gazebo_worlds/local_setup.dsv
[1.069s] -- Symlinking: /home/ubuntu/psd_ws/install/psd_gazebo_worlds/share/psd_gazebo_worlds/package.dsv
[1.075s] -- Symlinking: /home/ubuntu/psd_ws/install/psd_gazebo_worlds/share/ament_index/resource_index/packages/psd_gazebo_worlds
[1.081s] -- Symlinking: /home/ubuntu/psd_ws/install/psd_gazebo_worlds/share/psd_gazebo_worlds/cmake/psd_gazebo_worldsConfig.cmake
[1.087s] -- Symlinking: /home/ubuntu/psd_ws/install/psd_gazebo_worlds/share/psd_gazebo_worlds/cmake/psd_gazebo_worldsConfig-version.cmake
[1.093s] -- Symlinking: /home/ubuntu/psd_ws/install/psd_gazebo_worlds/share/psd_gazebo_worlds/package.xml
[1.100s] Invoked command in '/home/ubuntu/psd_ws/build/psd_gazebo_worlds' returned '0': CMAKE_PREFIX_PATH=${CMAKE_PREFIX_PATH}:/opt/ros/jazzy /usr/bin/cmake --install /home/ubuntu/psd_ws/build/psd_gazebo_worlds
