[  8%] Built target ackermann_steering_controller_parameters
[ 33%] Built target gmock
[ 50%] Built target ackermann_steering_controller
[ 66%] Built target test_load_ackermann_steering_controller
[100%] Built target test_ackermann_steering_controller
[100%] Built target test_ackermann_steering_controller_preceeding
-- Install configuration: ""
-- Up-to-date: /home/psd/psd_ws/install/ackermann_steering_controller/include/ackermann_steering_controller_parameters
-- Up-to-date: /home/psd/psd_ws/install/ackermann_steering_controller/include/ackermann_steering_controller_parameters/ackermann_steering_controller_parameters.hpp
-- Up-to-date: /home/psd/psd_ws/install/ackermann_steering_controller/share/ackermann_steering_controller/ackermann_steering_controller.xml
-- Up-to-date: /home/psd/psd_ws/install/ackermann_steering_controller/include/ackermann_steering_controller
-- Up-to-date: /home/psd/psd_ws/install/ackermann_steering_controller/include/ackermann_steering_controller/ackermann_steering_controller
-- Up-to-date: /home/psd/psd_ws/install/ackermann_steering_controller/include/ackermann_steering_controller/ackermann_steering_controller/visibility_control.h
-- Up-to-date: /home/psd/psd_ws/install/ackermann_steering_controller/include/ackermann_steering_controller/ackermann_steering_controller/ackermann_steering_controller.hpp
-- Up-to-date: /home/psd/psd_ws/install/ackermann_steering_controller/lib/libackermann_steering_controller.so
-- Up-to-date: /home/psd/psd_ws/install/ackermann_steering_controller/share/ackermann_steering_controller/environment/library_path.sh
-- Up-to-date: /home/psd/psd_ws/install/ackermann_steering_controller/share/ackermann_steering_controller/environment/library_path.dsv
-- Up-to-date: /home/psd/psd_ws/install/ackermann_steering_controller/share/ament_index/resource_index/package_run_dependencies/ackermann_steering_controller
-- Up-to-date: /home/psd/psd_ws/install/ackermann_steering_controller/share/ament_index/resource_index/parent_prefix_path/ackermann_steering_controller
-- Up-to-date: /home/psd/psd_ws/install/ackermann_steering_controller/share/ackermann_steering_controller/environment/ament_prefix_path.sh
-- Up-to-date: /home/psd/psd_ws/install/ackermann_steering_controller/share/ackermann_steering_controller/environment/ament_prefix_path.dsv
-- Up-to-date: /home/psd/psd_ws/install/ackermann_steering_controller/share/ackermann_steering_controller/environment/path.sh
-- Up-to-date: /home/psd/psd_ws/install/ackermann_steering_controller/share/ackermann_steering_controller/environment/path.dsv
-- Up-to-date: /home/psd/psd_ws/install/ackermann_steering_controller/share/ackermann_steering_controller/local_setup.bash
-- Up-to-date: /home/psd/psd_ws/install/ackermann_steering_controller/share/ackermann_steering_controller/local_setup.sh
-- Up-to-date: /home/psd/psd_ws/install/ackermann_steering_controller/share/ackermann_steering_controller/local_setup.zsh
-- Up-to-date: /home/psd/psd_ws/install/ackermann_steering_controller/share/ackermann_steering_controller/local_setup.dsv
-- Installing: /home/psd/psd_ws/install/ackermann_steering_controller/share/ackermann_steering_controller/package.dsv
-- Up-to-date: /home/psd/psd_ws/install/ackermann_steering_controller/share/ament_index/resource_index/packages/ackermann_steering_controller
-- Up-to-date: /home/psd/psd_ws/install/ackermann_steering_controller/share/ament_index/resource_index/controller_interface__pluginlib__plugin/ackermann_steering_controller
-- Up-to-date: /home/psd/psd_ws/install/ackermann_steering_controller/share/ackermann_steering_controller/cmake/export_ackermann_steering_controllerExport.cmake
-- Up-to-date: /home/psd/psd_ws/install/ackermann_steering_controller/share/ackermann_steering_controller/cmake/export_ackermann_steering_controllerExport-noconfig.cmake
-- Up-to-date: /home/psd/psd_ws/install/ackermann_steering_controller/share/ackermann_steering_controller/cmake/ament_cmake_export_targets-extras.cmake
-- Up-to-date: /home/psd/psd_ws/install/ackermann_steering_controller/share/ackermann_steering_controller/cmake/ament_cmake_export_dependencies-extras.cmake
-- Up-to-date: /home/psd/psd_ws/install/ackermann_steering_controller/share/ackermann_steering_controller/cmake/ackermann_steering_controllerConfig.cmake
-- Up-to-date: /home/psd/psd_ws/install/ackermann_steering_controller/share/ackermann_steering_controller/cmake/ackermann_steering_controllerConfig-version.cmake
-- Up-to-date: /home/psd/psd_ws/install/ackermann_steering_controller/share/ackermann_steering_controller/package.xml
