[0.056s] Invoking command in '/home/psd/psd_ws/build/psd_vehicle_controller': AMENT_PREFIX_PATH=/home/psd/psd_ws/install/psd_vehicle_description:/home/psd/psd_ws/install/ros_components_description:${AMENT_PREFIX_PATH} CMAKE_PREFIX_PATH=/home/psd/psd_ws/install/psd_vehicle_description:/home/psd/psd_ws/install/ros_components_description:/opt/ros/humble GAZEBO_MODEL_PATH=/home/psd/psd_ws/install/ros_components_description/share GZ_SIM_RESOURCE_PATH=/home/psd/psd_ws/install/ros_components_description/share IGN_GAZEBO_RESOURCE_PATH=/home/psd/psd_ws/install/ros_components_description/share /usr/bin/cmake --build /home/psd/psd_ws/build/psd_vehicle_controller -- -j20 -l20
[0.069s] -- Found ament_cmake: 1.3.8 (/opt/ros/humble/share/ament_cmake/cmake)
[0.189s] -- Configuring done
[0.190s] -- Generating done
[0.191s] -- Build files have been written to: /home/psd/psd_ws/build/psd_vehicle_controller
[0.204s] Invoked command in '/home/psd/psd_ws/build/psd_vehicle_controller' returned '0': AMENT_PREFIX_PATH=/home/psd/psd_ws/install/psd_vehicle_description:/home/psd/psd_ws/install/ros_components_description:${AMENT_PREFIX_PATH} CMAKE_PREFIX_PATH=/home/psd/psd_ws/install/psd_vehicle_description:/home/psd/psd_ws/install/ros_components_description:/opt/ros/humble GAZEBO_MODEL_PATH=/home/psd/psd_ws/install/ros_components_description/share GZ_SIM_RESOURCE_PATH=/home/psd/psd_ws/install/ros_components_description/share IGN_GAZEBO_RESOURCE_PATH=/home/psd/psd_ws/install/ros_components_description/share /usr/bin/cmake --build /home/psd/psd_ws/build/psd_vehicle_controller -- -j20 -l20
[0.217s] Invoking command in '/home/psd/psd_ws/build/psd_vehicle_controller': AMENT_PREFIX_PATH=/home/psd/psd_ws/install/psd_vehicle_description:/home/psd/psd_ws/install/ros_components_description:${AMENT_PREFIX_PATH} CMAKE_PREFIX_PATH=/home/psd/psd_ws/install/psd_vehicle_description:/home/psd/psd_ws/install/ros_components_description:/opt/ros/humble GAZEBO_MODEL_PATH=/home/psd/psd_ws/install/ros_components_description/share GZ_SIM_RESOURCE_PATH=/home/psd/psd_ws/install/ros_components_description/share IGN_GAZEBO_RESOURCE_PATH=/home/psd/psd_ws/install/ros_components_description/share /usr/bin/cmake --install /home/psd/psd_ws/build/psd_vehicle_controller
[0.221s] -- Install configuration: ""
[0.221s] -- Up-to-date: /home/psd/psd_ws/install/psd_vehicle_controller/share/psd_vehicle_controller/launch
[0.221s] -- Up-to-date: /home/psd/psd_ws/install/psd_vehicle_controller/share/psd_vehicle_controller/launch/controller.launch.py
[0.221s] -- Up-to-date: /home/psd/psd_ws/install/psd_vehicle_controller/share/psd_vehicle_controller/config
[0.222s] -- Up-to-date: /home/psd/psd_ws/install/psd_vehicle_controller/share/psd_vehicle_controller/config/diff_drive_controller.yaml
[0.222s] -- Up-to-date: /home/psd/psd_ws/install/psd_vehicle_controller/share/ament_index/resource_index/package_run_dependencies/psd_vehicle_controller
[0.222s] -- Up-to-date: /home/psd/psd_ws/install/psd_vehicle_controller/share/ament_index/resource_index/parent_prefix_path/psd_vehicle_controller
[0.222s] -- Installing: /home/psd/psd_ws/install/psd_vehicle_controller/share/psd_vehicle_controller/environment/ament_prefix_path.sh
[0.222s] -- Installing: /home/psd/psd_ws/install/psd_vehicle_controller/share/psd_vehicle_controller/environment/ament_prefix_path.dsv
[0.222s] -- Installing: /home/psd/psd_ws/install/psd_vehicle_controller/share/psd_vehicle_controller/environment/path.sh
[0.222s] -- Installing: /home/psd/psd_ws/install/psd_vehicle_controller/share/psd_vehicle_controller/environment/path.dsv
[0.222s] -- Up-to-date: /home/psd/psd_ws/install/psd_vehicle_controller/share/psd_vehicle_controller/local_setup.bash
[0.223s] -- Up-to-date: /home/psd/psd_ws/install/psd_vehicle_controller/share/psd_vehicle_controller/local_setup.sh
[0.223s] -- Up-to-date: /home/psd/psd_ws/install/psd_vehicle_controller/share/psd_vehicle_controller/local_setup.zsh
[0.223s] -- Installing: /home/psd/psd_ws/install/psd_vehicle_controller/share/psd_vehicle_controller/local_setup.dsv
[0.223s] -- Installing: /home/psd/psd_ws/install/psd_vehicle_controller/share/psd_vehicle_controller/package.dsv
[0.223s] -- Up-to-date: /home/psd/psd_ws/install/psd_vehicle_controller/share/ament_index/resource_index/packages/psd_vehicle_controller
[0.223s] -- Up-to-date: /home/psd/psd_ws/install/psd_vehicle_controller/share/psd_vehicle_controller/cmake/psd_vehicle_controllerConfig.cmake
[0.223s] -- Up-to-date: /home/psd/psd_ws/install/psd_vehicle_controller/share/psd_vehicle_controller/cmake/psd_vehicle_controllerConfig-version.cmake
[0.223s] -- Up-to-date: /home/psd/psd_ws/install/psd_vehicle_controller/share/psd_vehicle_controller/package.xml
[0.224s] Invoked command in '/home/psd/psd_ws/build/psd_vehicle_controller' returned '0': AMENT_PREFIX_PATH=/home/psd/psd_ws/install/psd_vehicle_description:/home/psd/psd_ws/install/ros_components_description:${AMENT_PREFIX_PATH} CMAKE_PREFIX_PATH=/home/psd/psd_ws/install/psd_vehicle_description:/home/psd/psd_ws/install/ros_components_description:/opt/ros/humble GAZEBO_MODEL_PATH=/home/psd/psd_ws/install/ros_components_description/share GZ_SIM_RESOURCE_PATH=/home/psd/psd_ws/install/ros_components_description/share IGN_GAZEBO_RESOURCE_PATH=/home/psd/psd_ws/install/ros_components_description/share /usr/bin/cmake --install /home/psd/psd_ws/build/psd_vehicle_controller
