[0.133s] Invoking command in '/psd_ws/build/core': CMAKE_PREFIX_PATH=${CMAKE_PREFIX_PATH}:/opt/ros/humble /usr/bin/cmake --build /psd_ws/build/core -- -j20 -l20
[0.155s] Invoked command in '/psd_ws/build/core' returned '0': CMAKE_PREFIX_PATH=${CMAKE_PREFIX_PATH}:/opt/ros/humble /usr/bin/cmake --build /psd_ws/build/core -- -j20 -l20
[0.177s] Invoking command in '/psd_ws/build/core': CMAKE_PREFIX_PATH=${CMAKE_PREFIX_PATH}:/opt/ros/humble /usr/bin/cmake --install /psd_ws/build/core
[0.190s] -- Install configuration: ""
[0.191s] -- Up-to-date: /psd_ws/install/core/share/ament_index/resource_index/package_run_dependencies/core
[0.191s] -- Up-to-date: /psd_ws/install/core/share/ament_index/resource_index/parent_prefix_path/core
[0.191s] -- Up-to-date: /psd_ws/install/core/share/core/environment/ament_prefix_path.sh
[0.191s] -- Up-to-date: /psd_ws/install/core/share/core/environment/ament_prefix_path.dsv
[0.191s] -- Up-to-date: /psd_ws/install/core/share/core/environment/path.sh
[0.191s] -- Up-to-date: /psd_ws/install/core/share/core/environment/path.dsv
[0.191s] -- Up-to-date: /psd_ws/install/core/share/core/local_setup.bash
[0.191s] -- Up-to-date: /psd_ws/install/core/share/core/local_setup.sh
[0.191s] -- Up-to-date: /psd_ws/install/core/share/core/local_setup.zsh
[0.191s] -- Up-to-date: /psd_ws/install/core/share/core/local_setup.dsv
[0.191s] -- Installing: /psd_ws/install/core/share/core/package.dsv
[0.191s] -- Up-to-date: /psd_ws/install/core/share/ament_index/resource_index/packages/core
[0.192s] -- Up-to-date: /psd_ws/install/core/share/core/cmake/coreConfig.cmake
[0.192s] -- Up-to-date: /psd_ws/install/core/share/core/cmake/coreConfig-version.cmake
[0.192s] -- Up-to-date: /psd_ws/install/core/share/core/package.xml
[0.224s] Invoked command in '/psd_ws/build/core' returned '0': CMAKE_PREFIX_PATH=${CMAKE_PREFIX_PATH}:/opt/ros/humble /usr/bin/cmake --install /psd_ws/build/core
