[0.176s] Invoking command in '/home/psd/psd_ws/build/gripper_controllers': AMENT_PREFIX_PATH=/home/psd/psd_ws/install/controller_manager:/home/psd/psd_ws/install/hardware_interface_testing:/home/psd/psd_ws/install/controller_interface:/home/psd/psd_ws/install/hardware_interface:/home/psd/psd_ws/install/ros2_control_test_assets:/home/psd/psd_ws/install/realtime_tools:/home/psd/psd_ws/install/controller_manager_msgs:/home/psd/psd_ws/install/control_msgs:${AMENT_PREFIX_PATH} CMAKE_PREFIX_PATH=/home/psd/psd_ws/install/controller_manager:/home/psd/psd_ws/install/hardware_interface_testing:/home/psd/psd_ws/install/controller_interface:/home/psd/psd_ws/install/hardware_interface:/home/psd/psd_ws/install/ros2_control_test_assets:/home/psd/psd_ws/install/realtime_tools:/home/psd/psd_ws/install/controller_manager_msgs:/home/psd/psd_ws/install/control_msgs:/opt/ros/humble LD_LIBRARY_PATH=/home/psd/psd_ws/install/controller_manager/lib:/home/psd/psd_ws/install/hardware_interface_testing/lib:/home/psd/psd_ws/install/controller_interface/lib:/home/psd/psd_ws/install/hardware_interface/lib:/home/psd/psd_ws/install/realtime_tools/lib:/home/psd/psd_ws/install/controller_manager_msgs/lib:/home/psd/psd_ws/install/control_msgs/lib:${LD_LIBRARY_PATH} PYTHONPATH=/home/psd/psd_ws/install/controller_manager/local/lib/python3.10/dist-packages:/home/psd/psd_ws/install/controller_manager_msgs/local/lib/python3.10/dist-packages:/home/psd/psd_ws/install/control_msgs/local/lib/python3.10/dist-packages:${PYTHONPATH} /usr/bin/cmake --build /home/psd/psd_ws/build/gripper_controllers -- -j20 -l20
[0.229s] [35m[1mConsolidate compiler generated dependencies of target gmock_main[0m
[0.231s] [35m[1mConsolidate compiler generated dependencies of target gmock[0m
[0.239s] [  8%] Built target gripper_action_controller_parameters
[0.245s] [ 25%] Built target gmock_main
[0.250s] [ 50%] Built target gmock
[0.256s] [35m[1mConsolidate compiler generated dependencies of target gripper_action_controller[0m
[0.270s] [35m[1mConsolidate compiler generated dependencies of target test_load_gripper_action_controllers[0m
[0.279s] [ 66%] Built target gripper_action_controller
[0.295s] [35m[1mConsolidate compiler generated dependencies of target test_gripper_controllers[0m
[0.302s] [ 83%] Built target test_load_gripper_action_controllers
[0.315s] [100%] Built target test_gripper_controllers
[0.333s] Invoked command in '/home/psd/psd_ws/build/gripper_controllers' returned '0': AMENT_PREFIX_PATH=/home/psd/psd_ws/install/controller_manager:/home/psd/psd_ws/install/hardware_interface_testing:/home/psd/psd_ws/install/controller_interface:/home/psd/psd_ws/install/hardware_interface:/home/psd/psd_ws/install/ros2_control_test_assets:/home/psd/psd_ws/install/realtime_tools:/home/psd/psd_ws/install/controller_manager_msgs:/home/psd/psd_ws/install/control_msgs:${AMENT_PREFIX_PATH} CMAKE_PREFIX_PATH=/home/psd/psd_ws/install/controller_manager:/home/psd/psd_ws/install/hardware_interface_testing:/home/psd/psd_ws/install/controller_interface:/home/psd/psd_ws/install/hardware_interface:/home/psd/psd_ws/install/ros2_control_test_assets:/home/psd/psd_ws/install/realtime_tools:/home/psd/psd_ws/install/controller_manager_msgs:/home/psd/psd_ws/install/control_msgs:/opt/ros/humble LD_LIBRARY_PATH=/home/psd/psd_ws/install/controller_manager/lib:/home/psd/psd_ws/install/hardware_interface_testing/lib:/home/psd/psd_ws/install/controller_interface/lib:/home/psd/psd_ws/install/hardware_interface/lib:/home/psd/psd_ws/install/realtime_tools/lib:/home/psd/psd_ws/install/controller_manager_msgs/lib:/home/psd/psd_ws/install/control_msgs/lib:${LD_LIBRARY_PATH} PYTHONPATH=/home/psd/psd_ws/install/controller_manager/local/lib/python3.10/dist-packages:/home/psd/psd_ws/install/controller_manager_msgs/local/lib/python3.10/dist-packages:/home/psd/psd_ws/install/control_msgs/local/lib/python3.10/dist-packages:${PYTHONPATH} /usr/bin/cmake --build /home/psd/psd_ws/build/gripper_controllers -- -j20 -l20
[0.421s] Invoking command in '/home/psd/psd_ws/build/gripper_controllers': AMENT_PREFIX_PATH=/home/psd/psd_ws/install/controller_manager:/home/psd/psd_ws/install/hardware_interface_testing:/home/psd/psd_ws/install/controller_interface:/home/psd/psd_ws/install/hardware_interface:/home/psd/psd_ws/install/ros2_control_test_assets:/home/psd/psd_ws/install/realtime_tools:/home/psd/psd_ws/install/controller_manager_msgs:/home/psd/psd_ws/install/control_msgs:${AMENT_PREFIX_PATH} CMAKE_PREFIX_PATH=/home/psd/psd_ws/install/controller_manager:/home/psd/psd_ws/install/hardware_interface_testing:/home/psd/psd_ws/install/controller_interface:/home/psd/psd_ws/install/hardware_interface:/home/psd/psd_ws/install/ros2_control_test_assets:/home/psd/psd_ws/install/realtime_tools:/home/psd/psd_ws/install/controller_manager_msgs:/home/psd/psd_ws/install/control_msgs:/opt/ros/humble LD_LIBRARY_PATH=/home/psd/psd_ws/install/controller_manager/lib:/home/psd/psd_ws/install/hardware_interface_testing/lib:/home/psd/psd_ws/install/controller_interface/lib:/home/psd/psd_ws/install/hardware_interface/lib:/home/psd/psd_ws/install/realtime_tools/lib:/home/psd/psd_ws/install/controller_manager_msgs/lib:/home/psd/psd_ws/install/control_msgs/lib:${LD_LIBRARY_PATH} PYTHONPATH=/home/psd/psd_ws/install/controller_manager/local/lib/python3.10/dist-packages:/home/psd/psd_ws/install/controller_manager_msgs/local/lib/python3.10/dist-packages:/home/psd/psd_ws/install/control_msgs/local/lib/python3.10/dist-packages:${PYTHONPATH} /usr/bin/cmake --install /home/psd/psd_ws/build/gripper_controllers
[0.425s] -- Install configuration: ""
[0.427s] -- Up-to-date: /home/psd/psd_ws/install/gripper_controllers/include/gripper_action_controller_parameters
[0.427s] -- Up-to-date: /home/psd/psd_ws/install/gripper_controllers/include/gripper_action_controller_parameters/gripper_action_controller_parameters.hpp
[0.427s] -- Up-to-date: /home/psd/psd_ws/install/gripper_controllers/share/gripper_controllers/ros_control_plugins.xml
[0.430s] -- Up-to-date: /home/psd/psd_ws/install/gripper_controllers/include/gripper_action_controller
[0.430s] -- Up-to-date: /home/psd/psd_ws/install/gripper_controllers/include/gripper_action_controller/gripper_controllers
[0.430s] -- Up-to-date: /home/psd/psd_ws/install/gripper_controllers/include/gripper_action_controller/gripper_controllers/gripper_action_controller_impl.hpp
[0.430s] -- Up-to-date: /home/psd/psd_ws/install/gripper_controllers/include/gripper_action_controller/gripper_controllers/visibility_control.hpp
[0.430s] -- Up-to-date: /home/psd/psd_ws/install/gripper_controllers/include/gripper_action_controller/gripper_controllers/gripper_action_controller.hpp
[0.430s] -- Up-to-date: /home/psd/psd_ws/install/gripper_controllers/include/gripper_action_controller/gripper_controllers/hardware_interface_adapter.hpp
[0.430s] -- Up-to-date: /home/psd/psd_ws/install/gripper_controllers/lib/libgripper_action_controller.so
[0.431s] -- Up-to-date: /home/psd/psd_ws/install/gripper_controllers/share/gripper_controllers/environment/library_path.sh
[0.431s] -- Up-to-date: /home/psd/psd_ws/install/gripper_controllers/share/gripper_controllers/environment/library_path.dsv
[0.431s] -- Up-to-date: /home/psd/psd_ws/install/gripper_controllers/share/ament_index/resource_index/package_run_dependencies/gripper_controllers
[0.431s] -- Up-to-date: /home/psd/psd_ws/install/gripper_controllers/share/ament_index/resource_index/parent_prefix_path/gripper_controllers
[0.432s] -- Up-to-date: /home/psd/psd_ws/install/gripper_controllers/share/gripper_controllers/environment/ament_prefix_path.sh
[0.432s] -- Up-to-date: /home/psd/psd_ws/install/gripper_controllers/share/gripper_controllers/environment/ament_prefix_path.dsv
[0.432s] -- Up-to-date: /home/psd/psd_ws/install/gripper_controllers/share/gripper_controllers/environment/path.sh
[0.433s] -- Up-to-date: /home/psd/psd_ws/install/gripper_controllers/share/gripper_controllers/environment/path.dsv
[0.433s] -- Up-to-date: /home/psd/psd_ws/install/gripper_controllers/share/gripper_controllers/local_setup.bash
[0.433s] -- Up-to-date: /home/psd/psd_ws/install/gripper_controllers/share/gripper_controllers/local_setup.sh
[0.433s] -- Up-to-date: /home/psd/psd_ws/install/gripper_controllers/share/gripper_controllers/local_setup.zsh
[0.433s] -- Up-to-date: /home/psd/psd_ws/install/gripper_controllers/share/gripper_controllers/local_setup.dsv
[0.433s] -- Installing: /home/psd/psd_ws/install/gripper_controllers/share/gripper_controllers/package.dsv
[0.434s] -- Up-to-date: /home/psd/psd_ws/install/gripper_controllers/share/ament_index/resource_index/packages/gripper_controllers
[0.434s] -- Up-to-date: /home/psd/psd_ws/install/gripper_controllers/share/ament_index/resource_index/controller_interface__pluginlib__plugin/gripper_controllers
[0.434s] -- Up-to-date: /home/psd/psd_ws/install/gripper_controllers/share/gripper_controllers/cmake/export_gripper_action_controllerExport.cmake
[0.434s] -- Up-to-date: /home/psd/psd_ws/install/gripper_controllers/share/gripper_controllers/cmake/export_gripper_action_controllerExport-noconfig.cmake
[0.434s] -- Up-to-date: /home/psd/psd_ws/install/gripper_controllers/share/gripper_controllers/cmake/ament_cmake_export_targets-extras.cmake
[0.434s] -- Up-to-date: /home/psd/psd_ws/install/gripper_controllers/share/gripper_controllers/cmake/ament_cmake_export_dependencies-extras.cmake
[0.434s] -- Up-to-date: /home/psd/psd_ws/install/gripper_controllers/share/gripper_controllers/cmake/gripper_controllersConfig.cmake
[0.434s] -- Up-to-date: /home/psd/psd_ws/install/gripper_controllers/share/gripper_controllers/cmake/gripper_controllersConfig-version.cmake
[0.434s] -- Up-to-date: /home/psd/psd_ws/install/gripper_controllers/share/gripper_controllers/package.xml
[0.491s] Invoked command in '/home/psd/psd_ws/build/gripper_controllers' returned '0': AMENT_PREFIX_PATH=/home/psd/psd_ws/install/controller_manager:/home/psd/psd_ws/install/hardware_interface_testing:/home/psd/psd_ws/install/controller_interface:/home/psd/psd_ws/install/hardware_interface:/home/psd/psd_ws/install/ros2_control_test_assets:/home/psd/psd_ws/install/realtime_tools:/home/psd/psd_ws/install/controller_manager_msgs:/home/psd/psd_ws/install/control_msgs:${AMENT_PREFIX_PATH} CMAKE_PREFIX_PATH=/home/psd/psd_ws/install/controller_manager:/home/psd/psd_ws/install/hardware_interface_testing:/home/psd/psd_ws/install/controller_interface:/home/psd/psd_ws/install/hardware_interface:/home/psd/psd_ws/install/ros2_control_test_assets:/home/psd/psd_ws/install/realtime_tools:/home/psd/psd_ws/install/controller_manager_msgs:/home/psd/psd_ws/install/control_msgs:/opt/ros/humble LD_LIBRARY_PATH=/home/psd/psd_ws/install/controller_manager/lib:/home/psd/psd_ws/install/hardware_interface_testing/lib:/home/psd/psd_ws/install/controller_interface/lib:/home/psd/psd_ws/install/hardware_interface/lib:/home/psd/psd_ws/install/realtime_tools/lib:/home/psd/psd_ws/install/controller_manager_msgs/lib:/home/psd/psd_ws/install/control_msgs/lib:${LD_LIBRARY_PATH} PYTHONPATH=/home/psd/psd_ws/install/controller_manager/local/lib/python3.10/dist-packages:/home/psd/psd_ws/install/controller_manager_msgs/local/lib/python3.10/dist-packages:/home/psd/psd_ws/install/control_msgs/local/lib/python3.10/dist-packages:${PYTHONPATH} /usr/bin/cmake --install /home/psd/psd_ws/build/gripper_controllers
