[ 22%] Built target gmock_main
[ 77%] Built target kinematics_interface_kdl
[ 77%] Built target gmock
[100%] Built target test_kinematics_interface_kdl
-- Install configuration: ""
-- Execute custom install script
-- Up-to-date symlink: /home/psd/psd_ws/install/kinematics_interface_kdl/share/kinematics_interface_kdl//kinematics_interface_kdl.xml
-- Up-to-date symlink: /home/psd/psd_ws/install/kinematics_interface_kdl/include/kinematics_interface_kdl/kinematics_interface_kdl/kinematics_interface_kdl.hpp
-- Up-to-date symlink: /home/psd/psd_ws/install/kinematics_interface_kdl/share/kinematics_interface_kdl/environment/library_path.sh
-- Up-to-date symlink: /home/psd/psd_ws/install/kinematics_interface_kdl/share/kinematics_interface_kdl/environment/library_path.dsv
-- Up-to-date symlink: /home/psd/psd_ws/install/kinematics_interface_kdl/share/ament_index/resource_index/package_run_dependencies/kinematics_interface_kdl
-- Up-to-date symlink: /home/psd/psd_ws/install/kinematics_interface_kdl/share/ament_index/resource_index/parent_prefix_path/kinematics_interface_kdl
-- Up-to-date symlink: /home/psd/psd_ws/install/kinematics_interface_kdl/share/kinematics_interface_kdl/environment/ament_prefix_path.sh
-- Up-to-date symlink: /home/psd/psd_ws/install/kinematics_interface_kdl/share/kinematics_interface_kdl/environment/ament_prefix_path.dsv
-- Up-to-date symlink: /home/psd/psd_ws/install/kinematics_interface_kdl/share/kinematics_interface_kdl/environment/path.sh
-- Up-to-date symlink: /home/psd/psd_ws/install/kinematics_interface_kdl/share/kinematics_interface_kdl/environment/path.dsv
-- Up-to-date symlink: /home/psd/psd_ws/install/kinematics_interface_kdl/share/kinematics_interface_kdl/local_setup.bash
-- Up-to-date symlink: /home/psd/psd_ws/install/kinematics_interface_kdl/share/kinematics_interface_kdl/local_setup.sh
-- Up-to-date symlink: /home/psd/psd_ws/install/kinematics_interface_kdl/share/kinematics_interface_kdl/local_setup.zsh
-- Up-to-date symlink: /home/psd/psd_ws/install/kinematics_interface_kdl/share/kinematics_interface_kdl/local_setup.dsv
-- Symlinking: /home/psd/psd_ws/install/kinematics_interface_kdl/share/kinematics_interface_kdl/package.dsv
-- Up-to-date symlink: /home/psd/psd_ws/install/kinematics_interface_kdl/share/ament_index/resource_index/packages/kinematics_interface_kdl
-- Up-to-date symlink: /home/psd/psd_ws/install/kinematics_interface_kdl/share/ament_index/resource_index/kinematics_interface__pluginlib__plugin/kinematics_interface_kdl
-- Up-to-date symlink: /home/psd/psd_ws/install/kinematics_interface_kdl/share/kinematics_interface_kdl/cmake/ament_cmake_export_targets-extras.cmake
-- Up-to-date symlink: /home/psd/psd_ws/install/kinematics_interface_kdl/share/kinematics_interface_kdl/cmake/ament_cmake_export_dependencies-extras.cmake
-- Up-to-date symlink: /home/psd/psd_ws/install/kinematics_interface_kdl/share/kinematics_interface_kdl/cmake/kinematics_interface_kdlConfig.cmake
-- Up-to-date symlink: /home/psd/psd_ws/install/kinematics_interface_kdl/share/kinematics_interface_kdl/cmake/kinematics_interface_kdlConfig-version.cmake
-- Up-to-date symlink: /home/psd/psd_ws/install/kinematics_interface_kdl/share/kinematics_interface_kdl/package.xml
-- Up-to-date: /home/psd/psd_ws/install/kinematics_interface_kdl/lib/libkinematics_interface_kdl.so
-- Up-to-date: /home/psd/psd_ws/install/kinematics_interface_kdl/share/kinematics_interface_kdl/cmake/export_kinematics_interface_kdlExport.cmake
-- Up-to-date: /home/psd/psd_ws/install/kinematics_interface_kdl/share/kinematics_interface_kdl/cmake/export_kinematics_interface_kdlExport-noconfig.cmake
