[0.012s] Invoking command in '/home/psd/psd_ws/build/controller_manager': AMENT_PREFIX_PATH=/home/psd/psd_ws/install/hardware_interface_testing:/home/psd/psd_ws/install/controller_interface:/home/psd/psd_ws/install/hardware_interface:/home/psd/psd_ws/install/ros2_control_test_assets:/home/psd/psd_ws/install/realtime_tools:/home/psd/psd_ws/install/controller_manager_msgs:/home/psd/psd_ws/install/control_msgs:${AMENT_PREFIX_PATH} CMAKE_PREFIX_PATH=/home/psd/psd_ws/install/hardware_interface_testing:/home/psd/psd_ws/install/controller_interface:/home/psd/psd_ws/install/hardware_interface:/home/psd/psd_ws/install/ros2_control_test_assets:/home/psd/psd_ws/install/realtime_tools:/home/psd/psd_ws/install/controller_manager_msgs:/home/psd/psd_ws/install/control_msgs:/opt/ros/humble LD_LIBRARY_PATH=/home/psd/psd_ws/install/hardware_interface_testing/lib:/home/psd/psd_ws/install/controller_interface/lib:/home/psd/psd_ws/install/hardware_interface/lib:/home/psd/psd_ws/install/realtime_tools/lib:/home/psd/psd_ws/install/controller_manager_msgs/lib:/home/psd/psd_ws/install/control_msgs/lib:${LD_LIBRARY_PATH} PYTHONPATH=/home/psd/psd_ws/install/controller_manager_msgs/local/lib/python3.10/dist-packages:/home/psd/psd_ws/install/control_msgs/local/lib/python3.10/dist-packages:${PYTHONPATH} /usr/bin/cmake --build /home/psd/psd_ws/build/controller_manager -- -j20 -l20
[0.049s] [  5%] Built target gmock_main
[0.050s] [ 14%] Built target gmock
[0.052s] [ 20%] Built target controller_manager
[0.052s] [ 20%] Built target ament_cmake_python_symlink_controller_manager_setup
[0.052s] [ 20%] Built target ament_cmake_python_symlink_controller_manager
[0.072s] [ 25%] Built target test_chainable_controller
[0.072s] [ 31%] Built target test_controller
[0.075s] [ 37%] Built target ros2_control_node
[0.078s] [ 48%] Built target test_controller_failed_init
[0.078s] [ 48%] Built target test_controller_with_interfaces
[0.078s] [ 54%] Built target test_controller_manager_urdf_passing
[0.094s] [ 60%] Built target test_hardware_management_srvs
[0.097s] [ 65%] Built target test_spawner_unspawner
[0.099s] [ 71%] Built target test_controller_manager
[0.101s] [ 77%] Built target test_release_interfaces
[0.101s] [ 82%] Built target test_controller_manager_with_namespace.cpp
[0.101s] [ 91%] Built target test_controller_manager_srvs
[0.101s] [ 94%] Built target test_controllers_chaining_with_controller_manager
[0.102s] [100%] Built target test_load_controller
[0.195s] running install_scripts
[0.196s] /usr/lib/python3/dist-packages/setuptools/command/install.py:34: SetuptoolsDeprecationWarning: setup.py install is deprecated. Use build and pip and other standards-based tools.
[0.196s]   warnings.warn(
[0.196s] running egg_info
[0.196s] writing controller_manager.egg-info/PKG-INFO
[0.196s] writing dependency_links to controller_manager.egg-info/dependency_links.txt
[0.197s] writing entry points to controller_manager.egg-info/entry_points.txt
[0.197s] writing top-level names to controller_manager.egg-info/top_level.txt
[0.197s] reading manifest file 'controller_manager.egg-info/SOURCES.txt'
[0.197s] writing manifest file 'controller_manager.egg-info/SOURCES.txt'
[0.209s] running egg_info
[0.210s] writing controller_manager.egg-info/PKG-INFO
[0.210s] writing dependency_links to controller_manager.egg-info/dependency_links.txt
[0.210s] writing entry points to controller_manager.egg-info/entry_points.txt
[0.210s] writing top-level names to controller_manager.egg-info/top_level.txt
[0.211s] reading manifest file 'controller_manager.egg-info/SOURCES.txt'
[0.212s] writing manifest file 'controller_manager.egg-info/SOURCES.txt'
[0.212s] Installing hardware_spawner script to scripts
[0.212s] Installing spawner script to scripts
[0.212s] Installing unspawner script to scripts
[0.213s] [100%] Built target ament_cmake_python_build_controller_manager_egg
[0.229s] [100%] Built target ament_cmake_python_build_controller_manager_scripts
[0.237s] Invoked command in '/home/psd/psd_ws/build/controller_manager' returned '0': AMENT_PREFIX_PATH=/home/psd/psd_ws/install/hardware_interface_testing:/home/psd/psd_ws/install/controller_interface:/home/psd/psd_ws/install/hardware_interface:/home/psd/psd_ws/install/ros2_control_test_assets:/home/psd/psd_ws/install/realtime_tools:/home/psd/psd_ws/install/controller_manager_msgs:/home/psd/psd_ws/install/control_msgs:${AMENT_PREFIX_PATH} CMAKE_PREFIX_PATH=/home/psd/psd_ws/install/hardware_interface_testing:/home/psd/psd_ws/install/controller_interface:/home/psd/psd_ws/install/hardware_interface:/home/psd/psd_ws/install/ros2_control_test_assets:/home/psd/psd_ws/install/realtime_tools:/home/psd/psd_ws/install/controller_manager_msgs:/home/psd/psd_ws/install/control_msgs:/opt/ros/humble LD_LIBRARY_PATH=/home/psd/psd_ws/install/hardware_interface_testing/lib:/home/psd/psd_ws/install/controller_interface/lib:/home/psd/psd_ws/install/hardware_interface/lib:/home/psd/psd_ws/install/realtime_tools/lib:/home/psd/psd_ws/install/controller_manager_msgs/lib:/home/psd/psd_ws/install/control_msgs/lib:${LD_LIBRARY_PATH} PYTHONPATH=/home/psd/psd_ws/install/controller_manager_msgs/local/lib/python3.10/dist-packages:/home/psd/psd_ws/install/control_msgs/local/lib/python3.10/dist-packages:${PYTHONPATH} /usr/bin/cmake --build /home/psd/psd_ws/build/controller_manager -- -j20 -l20
[0.277s] Invoking command in '/home/psd/psd_ws/build/controller_manager': AMENT_PREFIX_PATH=/home/psd/psd_ws/install/hardware_interface_testing:/home/psd/psd_ws/install/controller_interface:/home/psd/psd_ws/install/hardware_interface:/home/psd/psd_ws/install/ros2_control_test_assets:/home/psd/psd_ws/install/realtime_tools:/home/psd/psd_ws/install/controller_manager_msgs:/home/psd/psd_ws/install/control_msgs:${AMENT_PREFIX_PATH} CMAKE_PREFIX_PATH=/home/psd/psd_ws/install/hardware_interface_testing:/home/psd/psd_ws/install/controller_interface:/home/psd/psd_ws/install/hardware_interface:/home/psd/psd_ws/install/ros2_control_test_assets:/home/psd/psd_ws/install/realtime_tools:/home/psd/psd_ws/install/controller_manager_msgs:/home/psd/psd_ws/install/control_msgs:/opt/ros/humble LD_LIBRARY_PATH=/home/psd/psd_ws/install/hardware_interface_testing/lib:/home/psd/psd_ws/install/controller_interface/lib:/home/psd/psd_ws/install/hardware_interface/lib:/home/psd/psd_ws/install/realtime_tools/lib:/home/psd/psd_ws/install/controller_manager_msgs/lib:/home/psd/psd_ws/install/control_msgs/lib:${LD_LIBRARY_PATH} PYTHONPATH=/home/psd/psd_ws/install/controller_manager_msgs/local/lib/python3.10/dist-packages:/home/psd/psd_ws/install/control_msgs/local/lib/python3.10/dist-packages:${PYTHONPATH} /usr/bin/cmake --install /home/psd/psd_ws/build/controller_manager
[0.281s] -- Install configuration: ""
[0.282s] -- Execute custom install script
[0.282s] -- Up-to-date symlink: /home/psd/psd_ws/install/controller_manager/lib/libcontroller_manager.so
[0.282s] -- Up-to-date symlink: /home/psd/psd_ws/install/controller_manager/lib/controller_manager/ros2_control_node
[0.282s] -- Up-to-date symlink: /home/psd/psd_ws/install/controller_manager/include/controller_manager/controller_manager.hpp
[0.282s] -- Up-to-date symlink: /home/psd/psd_ws/install/controller_manager/include/controller_manager/controller_spec.hpp
[0.282s] -- Up-to-date symlink: /home/psd/psd_ws/install/controller_manager/include/controller_manager/visibility_control.h
[0.282s] -- Up-to-date symlink: /home/psd/psd_ws/install/controller_manager/share/controller_manager/test/test_controller/test_controller.xml
[0.282s] -- Up-to-date symlink: /home/psd/psd_ws/install/controller_manager/lib/libtest_controller.so
[0.282s] -- Up-to-date symlink: /home/psd/psd_ws/install/controller_manager/share/controller_manager/test/test_controller_failed_init/test_controller_failed_init.xml
[0.283s] -- Up-to-date symlink: /home/psd/psd_ws/install/controller_manager/lib/libtest_controller_failed_init.so
[0.283s] -- Up-to-date symlink: /home/psd/psd_ws/install/controller_manager/share/controller_manager/test/test_chainable_controller/test_chainable_controller.xml
[0.283s] -- Up-to-date symlink: /home/psd/psd_ws/install/controller_manager/lib/libtest_chainable_controller.so
[0.283s] -- Up-to-date symlink: /home/psd/psd_ws/install/controller_manager/share/controller_manager/test/test_controller_with_interfaces/test_controller_with_interfaces.xml
[0.283s] -- Up-to-date symlink: /home/psd/psd_ws/install/controller_manager/lib/libtest_controller_with_interfaces.so
[0.283s] -- Up-to-date symlink: /home/psd/psd_ws/install/controller_manager/share/controller_manager/environment/pythonpath.sh
[0.283s] -- Up-to-date symlink: /home/psd/psd_ws/install/controller_manager/share/controller_manager/environment/pythonpath.dsv
[0.283s] -- Up-to-date symlink: /home/psd/psd_ws/install/controller_manager/local/lib/python3.10/dist-packages/controller_manager-2.40.0-py3.10.egg-info/PKG-INFO
[0.283s] -- Up-to-date symlink: /home/psd/psd_ws/install/controller_manager/local/lib/python3.10/dist-packages/controller_manager-2.40.0-py3.10.egg-info/SOURCES.txt
[0.284s] -- Up-to-date symlink: /home/psd/psd_ws/install/controller_manager/local/lib/python3.10/dist-packages/controller_manager-2.40.0-py3.10.egg-info/dependency_links.txt
[0.284s] -- Up-to-date symlink: /home/psd/psd_ws/install/controller_manager/local/lib/python3.10/dist-packages/controller_manager-2.40.0-py3.10.egg-info/entry_points.txt
[0.284s] -- Up-to-date symlink: /home/psd/psd_ws/install/controller_manager/local/lib/python3.10/dist-packages/controller_manager-2.40.0-py3.10.egg-info/top_level.txt
[0.284s] -- Up-to-date symlink: /home/psd/psd_ws/install/controller_manager/lib/controller_manager//hardware_spawner
[0.284s] -- Up-to-date symlink: /home/psd/psd_ws/install/controller_manager/lib/controller_manager//spawner
[0.284s] -- Up-to-date symlink: /home/psd/psd_ws/install/controller_manager/lib/controller_manager//unspawner
[0.284s] -- Up-to-date symlink: /home/psd/psd_ws/install/controller_manager/local/lib/python3.10/dist-packages/controller_manager/__init__.py
[0.284s] -- Up-to-date symlink: /home/psd/psd_ws/install/controller_manager/local/lib/python3.10/dist-packages/controller_manager/controller_manager_services.py
[0.284s] -- Up-to-date symlink: /home/psd/psd_ws/install/controller_manager/local/lib/python3.10/dist-packages/controller_manager/hardware_spawner.py
[0.284s] -- Up-to-date symlink: /home/psd/psd_ws/install/controller_manager/local/lib/python3.10/dist-packages/controller_manager/launch_utils.py
[0.284s] -- Up-to-date symlink: /home/psd/psd_ws/install/controller_manager/local/lib/python3.10/dist-packages/controller_manager/spawner.py
[0.284s] -- Up-to-date symlink: /home/psd/psd_ws/install/controller_manager/local/lib/python3.10/dist-packages/controller_manager/unspawner.py
[0.284s] -- Up-to-date symlink: /home/psd/psd_ws/install/controller_manager/share/controller_manager/environment/library_path.sh
[0.284s] -- Up-to-date symlink: /home/psd/psd_ws/install/controller_manager/share/controller_manager/environment/library_path.dsv
[0.284s] -- Up-to-date symlink: /home/psd/psd_ws/install/controller_manager/share/ament_index/resource_index/package_run_dependencies/controller_manager
[0.285s] -- Up-to-date symlink: /home/psd/psd_ws/install/controller_manager/share/ament_index/resource_index/parent_prefix_path/controller_manager
[0.285s] -- Up-to-date symlink: /home/psd/psd_ws/install/controller_manager/share/controller_manager/environment/ament_prefix_path.sh
[0.285s] -- Up-to-date symlink: /home/psd/psd_ws/install/controller_manager/share/controller_manager/environment/ament_prefix_path.dsv
[0.285s] -- Up-to-date symlink: /home/psd/psd_ws/install/controller_manager/share/controller_manager/environment/path.sh
[0.285s] -- Up-to-date symlink: /home/psd/psd_ws/install/controller_manager/share/controller_manager/environment/path.dsv
[0.285s] -- Up-to-date symlink: /home/psd/psd_ws/install/controller_manager/share/controller_manager/local_setup.bash
[0.285s] -- Up-to-date symlink: /home/psd/psd_ws/install/controller_manager/share/controller_manager/local_setup.sh
[0.285s] -- Up-to-date symlink: /home/psd/psd_ws/install/controller_manager/share/controller_manager/local_setup.zsh
[0.285s] -- Up-to-date symlink: /home/psd/psd_ws/install/controller_manager/share/controller_manager/local_setup.dsv
[0.285s] -- Symlinking: /home/psd/psd_ws/install/controller_manager/share/controller_manager/package.dsv
[0.291s] -- Up-to-date symlink: /home/psd/psd_ws/install/controller_manager/share/ament_index/resource_index/packages/controller_manager
[0.291s] -- Up-to-date symlink: /home/psd/psd_ws/install/controller_manager/share/ament_index/resource_index/controller_interface__pluginlib__plugin/controller_manager
[0.291s] -- Up-to-date symlink: /home/psd/psd_ws/install/controller_manager/share/controller_manager/cmake/ament_cmake_export_libraries-extras.cmake
[0.291s] -- Up-to-date symlink: /home/psd/psd_ws/install/controller_manager/share/controller_manager/cmake/ament_cmake_export_include_directories-extras.cmake
[0.292s] -- Up-to-date symlink: /home/psd/psd_ws/install/controller_manager/share/controller_manager/cmake/ament_cmake_export_dependencies-extras.cmake
[0.292s] -- Up-to-date symlink: /home/psd/psd_ws/install/controller_manager/share/controller_manager/cmake/controller_managerConfig.cmake
[0.292s] -- Up-to-date symlink: /home/psd/psd_ws/install/controller_manager/share/controller_manager/cmake/controller_managerConfig-version.cmake
[0.292s] -- Up-to-date symlink: /home/psd/psd_ws/install/controller_manager/share/controller_manager/package.xml
[0.311s] Listing '/home/psd/psd_ws/install/controller_manager/local/lib/python3.10/dist-packages/controller_manager'...
[0.315s] Invoked command in '/home/psd/psd_ws/build/controller_manager' returned '0': AMENT_PREFIX_PATH=/home/psd/psd_ws/install/hardware_interface_testing:/home/psd/psd_ws/install/controller_interface:/home/psd/psd_ws/install/hardware_interface:/home/psd/psd_ws/install/ros2_control_test_assets:/home/psd/psd_ws/install/realtime_tools:/home/psd/psd_ws/install/controller_manager_msgs:/home/psd/psd_ws/install/control_msgs:${AMENT_PREFIX_PATH} CMAKE_PREFIX_PATH=/home/psd/psd_ws/install/hardware_interface_testing:/home/psd/psd_ws/install/controller_interface:/home/psd/psd_ws/install/hardware_interface:/home/psd/psd_ws/install/ros2_control_test_assets:/home/psd/psd_ws/install/realtime_tools:/home/psd/psd_ws/install/controller_manager_msgs:/home/psd/psd_ws/install/control_msgs:/opt/ros/humble LD_LIBRARY_PATH=/home/psd/psd_ws/install/hardware_interface_testing/lib:/home/psd/psd_ws/install/controller_interface/lib:/home/psd/psd_ws/install/hardware_interface/lib:/home/psd/psd_ws/install/realtime_tools/lib:/home/psd/psd_ws/install/controller_manager_msgs/lib:/home/psd/psd_ws/install/control_msgs/lib:${LD_LIBRARY_PATH} PYTHONPATH=/home/psd/psd_ws/install/controller_manager_msgs/local/lib/python3.10/dist-packages:/home/psd/psd_ws/install/control_msgs/local/lib/python3.10/dist-packages:${PYTHONPATH} /usr/bin/cmake --install /home/psd/psd_ws/build/controller_manager
