-- Found ament_cmake: 1.3.8 (/opt/ros/humble/share/ament_cmake/cmake)
-- Override CMake install command with custom implementation using symlinks instead of copying resources
-- Found hardware_interface: 2.40.0 (/home/psd/psd_ws/install/hardware_interface/share/hardware_interface/cmake)
-- Found rosidl_generator_c: 3.1.5 (/opt/ros/humble/share/rosidl_generator_c/cmake)
-- Found rosidl_adapter: 3.1.5 (/opt/ros/humble/share/rosidl_adapter/cmake)
-- Found rosidl_generator_cpp: 3.1.5 (/opt/ros/humble/share/rosidl_generator_cpp/cmake)
-- Using all available rosidl_typesupport_c: rosidl_typesupport_fastrtps_c;rosidl_typesupport_introspection_c
-- Using all available rosidl_typesupport_cpp: rosidl_typesupport_fastrtps_cpp;rosidl_typesupport_introspection_cpp
-- Found rmw_implementation_cmake: 6.1.1 (/opt/ros/humble/share/rmw_implementation_cmake/cmake)
-- Found rmw_fastrtps_cpp: 6.2.6 (/opt/ros/humble/share/rmw_fastrtps_cpp/cmake)
-- Found TinyXML2 via Config file: TinyXML2_DIR-NOTFOUND
-- Found TinyXML2 via Config file: TinyXML2_DIR-NOTFOUND
-- Found TinyXML2 via Config file: TinyXML2_DIR-NOTFOUND
-- Found TinyXML2 via Config file: TinyXML2_DIR-NOTFOUND
-- Using RMW implementation 'rmw_fastrtps_cpp' as default
-- Found ament_cmake_gmock: 1.3.8 (/opt/ros/humble/share/ament_cmake_gmock/cmake)
-- Found gmock sources under '/opt/ros/humble/src/gmock_vendor': C++ tests using 'Google Mock' will be built
-- Found ament_cmake_gtest: 1.3.8 (/opt/ros/humble/share/ament_cmake_gtest/cmake)
-- Found gtest sources under '/opt/ros/humble/src/gtest_vendor': C++ tests using 'Google Test' will be built
-- Configuring done
-- Generating done
-- Build files have been written to: /home/psd/psd_ws/build/controller_interface
[35m[1mConsolidate compiler generated dependencies of target gmock_main[0m
[35m[1mConsolidate compiler generated dependencies of target gmock[0m
[35m[1mConsolidate compiler generated dependencies of target controller_interface[0m
[ 19%] Built target gmock_main
[ 23%] Built target gmock
[ 42%] Built target controller_interface
[35m[1mConsolidate compiler generated dependencies of target test_imu_sensor[0m
[35m[1mConsolidate compiler generated dependencies of target test_force_torque_sensor[0m
[35m[1mConsolidate compiler generated dependencies of target test_semantic_component_interface[0m
[35m[1mConsolidate compiler generated dependencies of target test_controller_interface[0m
[35m[1mConsolidate compiler generated dependencies of target test_chainable_controller_interface[0m
[35m[1mConsolidate compiler generated dependencies of target test_controller_with_options[0m
[ 71%] Built target test_force_torque_sensor
[ 71%] Built target test_imu_sensor
[ 71%] Built target test_semantic_component_interface
[ 80%] Built target test_controller_interface
[ 90%] Built target test_chainable_controller_interface
[100%] Built target test_controller_with_options
-- Install configuration: ""
-- Execute custom install script
-- Up-to-date symlink: /home/psd/psd_ws/install/controller_interface/include/controller_interface/chainable_controller_interface.hpp
-- Up-to-date symlink: /home/psd/psd_ws/install/controller_interface/include/controller_interface/controller_interface.hpp
-- Up-to-date symlink: /home/psd/psd_ws/install/controller_interface/include/controller_interface/controller_interface_base.hpp
-- Up-to-date symlink: /home/psd/psd_ws/install/controller_interface/include/controller_interface/helpers.hpp
-- Up-to-date symlink: /home/psd/psd_ws/install/controller_interface/include/controller_interface/visibility_control.h
-- Up-to-date symlink: /home/psd/psd_ws/install/controller_interface/include/semantic_components/force_torque_sensor.hpp
-- Up-to-date symlink: /home/psd/psd_ws/install/controller_interface/include/semantic_components/imu_sensor.hpp
-- Up-to-date symlink: /home/psd/psd_ws/install/controller_interface/include/semantic_components/range_sensor.hpp
-- Up-to-date symlink: /home/psd/psd_ws/install/controller_interface/include/semantic_components/semantic_component_interface.hpp
-- Up-to-date symlink: /home/psd/psd_ws/install/controller_interface/lib/libcontroller_interface.so
-- Up-to-date symlink: /home/psd/psd_ws/install/controller_interface/share/controller_interface/environment/library_path.sh
-- Up-to-date symlink: /home/psd/psd_ws/install/controller_interface/share/controller_interface/environment/library_path.dsv
-- Up-to-date symlink: /home/psd/psd_ws/install/controller_interface/share/ament_index/resource_index/package_run_dependencies/controller_interface
-- Up-to-date symlink: /home/psd/psd_ws/install/controller_interface/share/ament_index/resource_index/parent_prefix_path/controller_interface
-- Up-to-date symlink: /home/psd/psd_ws/install/controller_interface/share/controller_interface/environment/ament_prefix_path.sh
-- Up-to-date symlink: /home/psd/psd_ws/install/controller_interface/share/controller_interface/environment/ament_prefix_path.dsv
-- Up-to-date symlink: /home/psd/psd_ws/install/controller_interface/share/controller_interface/environment/path.sh
-- Up-to-date symlink: /home/psd/psd_ws/install/controller_interface/share/controller_interface/environment/path.dsv
-- Up-to-date symlink: /home/psd/psd_ws/install/controller_interface/share/controller_interface/local_setup.bash
-- Up-to-date symlink: /home/psd/psd_ws/install/controller_interface/share/controller_interface/local_setup.sh
-- Up-to-date symlink: /home/psd/psd_ws/install/controller_interface/share/controller_interface/local_setup.zsh
-- Up-to-date symlink: /home/psd/psd_ws/install/controller_interface/share/controller_interface/local_setup.dsv
-- Symlinking: /home/psd/psd_ws/install/controller_interface/share/controller_interface/package.dsv
-- Up-to-date symlink: /home/psd/psd_ws/install/controller_interface/share/ament_index/resource_index/packages/controller_interface
-- Up-to-date symlink: /home/psd/psd_ws/install/controller_interface/share/controller_interface/cmake/ament_cmake_export_dependencies-extras.cmake
-- Up-to-date symlink: /home/psd/psd_ws/install/controller_interface/share/controller_interface/cmake/ament_cmake_export_include_directories-extras.cmake
-- Up-to-date symlink: /home/psd/psd_ws/install/controller_interface/share/controller_interface/cmake/ament_cmake_export_libraries-extras.cmake
-- Up-to-date symlink: /home/psd/psd_ws/install/controller_interface/share/controller_interface/cmake/controller_interfaceConfig.cmake
-- Up-to-date symlink: /home/psd/psd_ws/install/controller_interface/share/controller_interface/cmake/controller_interfaceConfig-version.cmake
-- Up-to-date symlink: /home/psd/psd_ws/install/controller_interface/share/controller_interface/package.xml
