-- Found ament_cmake: 1.3.8 (/opt/ros/humble/share/ament_cmake/cmake)
-- Override CMake install command with custom implementation using symlinks instead of copying resources
-- Found rclcpp: 16.0.8 (/opt/ros/humble/share/rclcpp/cmake)
-- Found rosidl_generator_c: 3.1.5 (/opt/ros/humble/share/rosidl_generator_c/cmake)
-- Found rosidl_adapter: 3.1.5 (/opt/ros/humble/share/rosidl_adapter/cmake)
-- Found rosidl_generator_cpp: 3.1.5 (/opt/ros/humble/share/rosidl_generator_cpp/cmake)
-- Using all available rosidl_typesupport_c: rosidl_typesupport_fastrtps_c;rosidl_typesupport_introspection_c
-- Using all available rosidl_typesupport_cpp: rosidl_typesupport_fastrtps_cpp;rosidl_typesupport_introspection_cpp
-- Found rmw_implementation_cmake: 6.1.1 (/opt/ros/humble/share/rmw_implementation_cmake/cmake)
-- Found rmw_fastrtps_cpp: 6.2.6 (/opt/ros/humble/share/rmw_fastrtps_cpp/cmake)
-- Using RMW implementation 'rmw_fastrtps_cpp' as default
-- Found rclcpp_action: 16.0.8 (/opt/ros/humble/share/rclcpp_action/cmake)
-- Found ament_cmake_gmock: 1.3.8 (/opt/ros/humble/share/ament_cmake_gmock/cmake)
-- Found test_msgs: 1.2.1 (/opt/ros/humble/share/test_msgs/cmake)
-- Found gmock sources under '/opt/ros/humble/src/gmock_vendor': C++ tests using 'Google Mock' will be built
-- Found ament_cmake_gtest: 1.3.8 (/opt/ros/humble/share/ament_cmake_gtest/cmake)
-- Found gtest sources under '/opt/ros/humble/src/gtest_vendor': C++ tests using 'Google Test' will be built
-- Configuring done
-- Generating done
-- Build files have been written to: /home/psd/psd_ws/build/realtime_tools
[35m[1mConsolidate compiler generated dependencies of target realtime_tools[0m
[35m[1mConsolidate compiler generated dependencies of target gmock[0m
[35m[1mConsolidate compiler generated dependencies of target thread_priority[0m
[35m[1mConsolidate compiler generated dependencies of target gmock_main[0m
[  9%] Built target realtime_tools
[ 19%] Built target thread_priority
[ 33%] Built target gmock
[ 42%] Built target gmock_main
[35m[1mConsolidate compiler generated dependencies of target realtime_clock_tests[0m
[35m[1mConsolidate compiler generated dependencies of target realtime_buffer_tests[0m
[35m[1mConsolidate compiler generated dependencies of target realtime_publisher_tests[0m
[35m[1mConsolidate compiler generated dependencies of target realtime_server_goal_handle_tests[0m
[35m[1mConsolidate compiler generated dependencies of target realtime_box_tests[0m
[35m[1mConsolidate compiler generated dependencies of target realtime_publisher_tests_non_polling[0m
[ 52%] Built target realtime_buffer_tests
[ 61%] Built target realtime_clock_tests
[ 71%] Built target realtime_box_tests
[ 80%] Built target realtime_publisher_tests
[ 90%] Built target realtime_publisher_tests_non_polling
[100%] Built target realtime_server_goal_handle_tests
-- Install configuration: ""
-- Execute custom install script
-- Up-to-date symlink: /home/psd/psd_ws/install/realtime_tools/include/realtime_tools/realtime_tools/realtime_box.h
-- Up-to-date symlink: /home/psd/psd_ws/install/realtime_tools/include/realtime_tools/realtime_tools/realtime_buffer.h
-- Up-to-date symlink: /home/psd/psd_ws/install/realtime_tools/include/realtime_tools/realtime_tools/realtime_clock.h
-- Up-to-date symlink: /home/psd/psd_ws/install/realtime_tools/include/realtime_tools/realtime_tools/realtime_publisher.h
-- Up-to-date symlink: /home/psd/psd_ws/install/realtime_tools/include/realtime_tools/realtime_tools/realtime_server_goal_handle.h
-- Up-to-date symlink: /home/psd/psd_ws/install/realtime_tools/include/realtime_tools/realtime_tools/thread_priority.hpp
-- Up-to-date symlink: /home/psd/psd_ws/install/realtime_tools/share/realtime_tools/environment/library_path.sh
-- Up-to-date symlink: /home/psd/psd_ws/install/realtime_tools/share/realtime_tools/environment/library_path.dsv
-- Up-to-date symlink: /home/psd/psd_ws/install/realtime_tools/share/ament_index/resource_index/package_run_dependencies/realtime_tools
-- Up-to-date symlink: /home/psd/psd_ws/install/realtime_tools/share/ament_index/resource_index/parent_prefix_path/realtime_tools
-- Up-to-date symlink: /home/psd/psd_ws/install/realtime_tools/share/realtime_tools/environment/ament_prefix_path.sh
-- Up-to-date symlink: /home/psd/psd_ws/install/realtime_tools/share/realtime_tools/environment/ament_prefix_path.dsv
-- Up-to-date symlink: /home/psd/psd_ws/install/realtime_tools/share/realtime_tools/environment/path.sh
-- Up-to-date symlink: /home/psd/psd_ws/install/realtime_tools/share/realtime_tools/environment/path.dsv
-- Up-to-date symlink: /home/psd/psd_ws/install/realtime_tools/share/realtime_tools/local_setup.bash
-- Up-to-date symlink: /home/psd/psd_ws/install/realtime_tools/share/realtime_tools/local_setup.sh
-- Up-to-date symlink: /home/psd/psd_ws/install/realtime_tools/share/realtime_tools/local_setup.zsh
-- Up-to-date symlink: /home/psd/psd_ws/install/realtime_tools/share/realtime_tools/local_setup.dsv
-- Symlinking: /home/psd/psd_ws/install/realtime_tools/share/realtime_tools/package.dsv
-- Up-to-date symlink: /home/psd/psd_ws/install/realtime_tools/share/ament_index/resource_index/packages/realtime_tools
-- Up-to-date symlink: /home/psd/psd_ws/install/realtime_tools/share/realtime_tools/cmake/ament_cmake_export_targets-extras.cmake
-- Up-to-date symlink: /home/psd/psd_ws/install/realtime_tools/share/realtime_tools/cmake/ament_cmake_export_dependencies-extras.cmake
-- Up-to-date symlink: /home/psd/psd_ws/install/realtime_tools/share/realtime_tools/cmake/realtime_toolsConfig.cmake
-- Up-to-date symlink: /home/psd/psd_ws/install/realtime_tools/share/realtime_tools/cmake/realtime_toolsConfig-version.cmake
-- Up-to-date symlink: /home/psd/psd_ws/install/realtime_tools/share/realtime_tools/package.xml
-- Up-to-date: /home/psd/psd_ws/install/realtime_tools/lib/librealtime_tools.so
-- Up-to-date: /home/psd/psd_ws/install/realtime_tools/lib/libthread_priority.so
-- Up-to-date: /home/psd/psd_ws/install/realtime_tools/share/realtime_tools/cmake/export_realtime_toolsExport.cmake
-- Up-to-date: /home/psd/psd_ws/install/realtime_tools/share/realtime_tools/cmake/export_realtime_toolsExport-noconfig.cmake
