[0.051s] Invoking command in '/home/psd/psd_ws/build/psd_vehicle_interfaces': CMAKE_PREFIX_PATH=/opt/ros/humble /usr/bin/cmake --build /home/psd/psd_ws/build/psd_vehicle_interfaces -- -j20 -l20
[0.070s] -- Found ament_cmake: 1.3.8 (/opt/ros/humble/share/ament_cmake/cmake)
[0.159s] -- Found geometry_msgs: 4.2.3 (/opt/ros/humble/share/geometry_msgs/cmake)
[0.176s] -- Found rosidl_generator_c: 3.1.5 (/opt/ros/humble/share/rosidl_generator_c/cmake)
[0.177s] -- Found rosidl_adapter: 3.1.5 (/opt/ros/humble/share/rosidl_adapter/cmake)
[0.181s] -- Found rosidl_generator_cpp: 3.1.5 (/opt/ros/humble/share/rosidl_generator_cpp/cmake)
[0.188s] -- Using all available rosidl_typesupport_c: rosidl_typesupport_fastrtps_c;rosidl_typesupport_introspection_c
[0.198s] -- Using all available rosidl_typesupport_cpp: rosidl_typesupport_fastrtps_cpp;rosidl_typesupport_introspection_cpp
[0.283s] -- Found rosidl_default_generators: 1.2.0 (/opt/ros/humble/share/rosidl_default_generators/cmake)
[0.479s] -- Found ament_cmake_ros: 0.10.0 (/opt/ros/humble/share/ament_cmake_ros/cmake)
[0.751s] -- Using all available rosidl_typesupport_c: rosidl_typesupport_fastrtps_c;rosidl_typesupport_introspection_c
[0.852s] -- Using all available rosidl_typesupport_cpp: rosidl_typesupport_fastrtps_cpp;rosidl_typesupport_introspection_cpp
[0.868s] -- Found python_cmake_module: 0.10.0 (/opt/ros/humble/share/python_cmake_module/cmake)
[0.883s] -- Using PYTHON_EXECUTABLE: /usr/bin/python3
[0.883s] -- Using PYTHON_INCLUDE_DIRS: /usr/include/python3.10
[0.883s] -- Using PYTHON_LIBRARIES: /usr/lib/x86_64-linux-gnu/libpython3.10.so
[0.903s] -- Found ament_lint_auto: 0.12.10 (/opt/ros/humble/share/ament_lint_auto/cmake)
[0.908s] -- Added test 'lint_cmake' to check CMake code style
[0.908s] -- Added test 'xmllint' to check XML markup files
[0.909s] -- Configuring done
[0.930s] -- Generating done
[0.931s] -- Build files have been written to: /home/psd/psd_ws/build/psd_vehicle_interfaces
[0.950s] [35m[1mConsolidate compiler generated dependencies of target psd_vehicle_interfaces__rosidl_generator_c[0m
[0.954s] [  3%] Built target psd_vehicle_interfaces__cpp
[0.957s] [  6%] [32mBuilding C object CMakeFiles/psd_vehicle_interfaces__rosidl_generator_c.dir/rosidl_generator_c/psd_vehicle_interfaces/msg/detail/obstacle_info__functions.c.o[0m
[0.960s] [35m[1mConsolidate compiler generated dependencies of target psd_vehicle_interfaces__rosidl_typesupport_cpp[0m
[0.960s] [  6%] Built target ament_cmake_python_copy_psd_vehicle_interfaces
[0.962s] [35m[1mConsolidate compiler generated dependencies of target psd_vehicle_interfaces__rosidl_typesupport_introspection_cpp[0m
[0.962s] [35m[1mConsolidate compiler generated dependencies of target psd_vehicle_interfaces__rosidl_typesupport_fastrtps_cpp[0m
[0.968s] [  9%] [32mBuilding CXX object CMakeFiles/psd_vehicle_interfaces__rosidl_typesupport_cpp.dir/rosidl_typesupport_cpp/psd_vehicle_interfaces/msg/obstacle_info__type_support.cpp.o[0m
[0.971s] [ 12%] [32mBuilding CXX object CMakeFiles/psd_vehicle_interfaces__rosidl_typesupport_introspection_cpp.dir/rosidl_typesupport_introspection_cpp/psd_vehicle_interfaces/msg/detail/obstacle_info__type_support.cpp.o[0m
[0.971s] [ 16%] [32mBuilding CXX object CMakeFiles/psd_vehicle_interfaces__rosidl_typesupport_fastrtps_cpp.dir/rosidl_typesupport_fastrtps_cpp/psd_vehicle_interfaces/msg/detail/dds_fastrtps/obstacle_info__type_support.cpp.o[0m
[0.994s] [ 19%] [32m[1mLinking C shared library libpsd_vehicle_interfaces__rosidl_generator_c.so[0m
[1.031s] [ 22%] Built target psd_vehicle_interfaces__rosidl_generator_c
[1.041s] [35m[1mConsolidate compiler generated dependencies of target psd_vehicle_interfaces__rosidl_typesupport_c[0m
[1.041s] [35m[1mConsolidate compiler generated dependencies of target psd_vehicle_interfaces__rosidl_typesupport_fastrtps_c[0m
[1.042s] [35m[1mConsolidate compiler generated dependencies of target psd_vehicle_interfaces__rosidl_typesupport_introspection_c[0m
[1.052s] [ 25%] [32mBuilding CXX object CMakeFiles/psd_vehicle_interfaces__rosidl_typesupport_c.dir/rosidl_typesupport_c/psd_vehicle_interfaces/msg/obstacle_info__type_support.cpp.o[0m
[1.052s] [ 29%] [32mBuilding C object CMakeFiles/psd_vehicle_interfaces__rosidl_typesupport_introspection_c.dir/rosidl_typesupport_introspection_c/psd_vehicle_interfaces/msg/detail/obstacle_info__type_support.c.o[0m
[1.053s] [ 32%] [32mBuilding CXX object CMakeFiles/psd_vehicle_interfaces__rosidl_typesupport_fastrtps_c.dir/rosidl_typesupport_fastrtps_c/psd_vehicle_interfaces/msg/detail/obstacle_info__type_support_c.cpp.o[0m
[1.076s] [ 35%] [32m[1mLinking CXX shared library libpsd_vehicle_interfaces__rosidl_typesupport_c.so[0m
[1.081s] [ 38%] [32m[1mLinking C shared library libpsd_vehicle_interfaces__rosidl_typesupport_introspection_c.so[0m
[1.113s] [ 41%] Built target psd_vehicle_interfaces__rosidl_typesupport_introspection_c
[1.118s] [ 45%] Built target psd_vehicle_interfaces__rosidl_typesupport_c
[1.137s] running egg_info
[1.137s] writing psd_vehicle_interfaces.egg-info/PKG-INFO
[1.138s] writing dependency_links to psd_vehicle_interfaces.egg-info/dependency_links.txt
[1.138s] writing top-level names to psd_vehicle_interfaces.egg-info/top_level.txt
[1.140s] reading manifest file 'psd_vehicle_interfaces.egg-info/SOURCES.txt'
[1.140s] writing manifest file 'psd_vehicle_interfaces.egg-info/SOURCES.txt'
[1.160s] [ 45%] Built target ament_cmake_python_build_psd_vehicle_interfaces_egg
[1.177s] [ 48%] [32m[1mLinking CXX shared library libpsd_vehicle_interfaces__rosidl_typesupport_cpp.so[0m
[1.203s] [ 51%] Built target psd_vehicle_interfaces__rosidl_typesupport_cpp
[1.260s] [ 54%] [32m[1mLinking CXX shared library libpsd_vehicle_interfaces__rosidl_typesupport_introspection_cpp.so[0m
[1.265s] [ 58%] [32m[1mLinking CXX shared library libpsd_vehicle_interfaces__rosidl_typesupport_fastrtps_cpp.so[0m
[1.295s] [ 61%] [32m[1mLinking CXX shared library libpsd_vehicle_interfaces__rosidl_typesupport_fastrtps_c.so[0m
[1.303s] [ 64%] Built target psd_vehicle_interfaces__rosidl_typesupport_introspection_cpp
[1.317s] [ 67%] Built target psd_vehicle_interfaces__rosidl_typesupport_fastrtps_cpp
[1.346s] [ 70%] Built target psd_vehicle_interfaces__rosidl_typesupport_fastrtps_c
[1.358s] [ 70%] Built target psd_vehicle_interfaces
[1.370s] [ 74%] Built target psd_vehicle_interfaces__py
[1.376s] [35m[1mConsolidate compiler generated dependencies of target psd_vehicle_interfaces__rosidl_generator_py[0m
[1.383s] [ 77%] [32mBuilding C object CMakeFiles/psd_vehicle_interfaces__rosidl_generator_py.dir/rosidl_generator_py/psd_vehicle_interfaces/msg/_obstacle_info_s.c.o[0m
[1.450s] [ 80%] [32m[1mLinking C shared library rosidl_generator_py/psd_vehicle_interfaces/libpsd_vehicle_interfaces__rosidl_generator_py.so[0m
[1.476s] [ 80%] Built target psd_vehicle_interfaces__rosidl_generator_py
[1.482s] [35m[1mConsolidate compiler generated dependencies of target psd_vehicle_interfaces__rosidl_typesupport_fastrtps_c__pyext[0m
[1.484s] [35m[1mConsolidate compiler generated dependencies of target psd_vehicle_interfaces__rosidl_typesupport_introspection_c__pyext[0m
[1.484s] [35m[1mConsolidate compiler generated dependencies of target psd_vehicle_interfaces__rosidl_typesupport_c__pyext[0m
[1.491s] [ 87%] [32mBuilding C object CMakeFiles/psd_vehicle_interfaces__rosidl_typesupport_fastrtps_c__pyext.dir/rosidl_generator_py/psd_vehicle_interfaces/_psd_vehicle_interfaces_s.ep.rosidl_typesupport_fastrtps_c.c.o[0m
[1.492s] [ 87%] [32mBuilding C object CMakeFiles/psd_vehicle_interfaces__rosidl_typesupport_introspection_c__pyext.dir/rosidl_generator_py/psd_vehicle_interfaces/_psd_vehicle_interfaces_s.ep.rosidl_typesupport_introspection_c.c.o[0m
[1.492s] [ 90%] [32mBuilding C object CMakeFiles/psd_vehicle_interfaces__rosidl_typesupport_c__pyext.dir/rosidl_generator_py/psd_vehicle_interfaces/_psd_vehicle_interfaces_s.ep.rosidl_typesupport_c.c.o[0m
[1.559s] [ 96%] [32m[1mLinking C shared library rosidl_generator_py/psd_vehicle_interfaces/psd_vehicle_interfaces_s__rosidl_typesupport_introspection_c.cpython-310-x86_64-linux-gnu.so[0m
[1.559s] [ 96%] [32m[1mLinking C shared library rosidl_generator_py/psd_vehicle_interfaces/psd_vehicle_interfaces_s__rosidl_typesupport_fastrtps_c.cpython-310-x86_64-linux-gnu.so[0m
[1.559s] [100%] [32m[1mLinking C shared library rosidl_generator_py/psd_vehicle_interfaces/psd_vehicle_interfaces_s__rosidl_typesupport_c.cpython-310-x86_64-linux-gnu.so[0m
[1.583s] [100%] Built target psd_vehicle_interfaces__rosidl_typesupport_introspection_c__pyext
[1.583s] [100%] Built target psd_vehicle_interfaces__rosidl_typesupport_fastrtps_c__pyext
[1.584s] [100%] Built target psd_vehicle_interfaces__rosidl_typesupport_c__pyext
