[0.059s] Invoking command in '/home/psd/psd_ws/build/psd_vehicle_hardware_interfaces': CMAKE_PREFIX_PATH=${CMAKE_PREFIX_PATH}:/opt/ros/humble /usr/bin/cmake --build /home/psd/psd_ws/build/psd_vehicle_hardware_interfaces -- -j20 -l20
[0.102s] [100%] Built target psd_vehicle_hardware_interfaces
[0.152s] Invoked command in '/home/psd/psd_ws/build/psd_vehicle_hardware_interfaces' returned '0': CMAKE_PREFIX_PATH=${CMAKE_PREFIX_PATH}:/opt/ros/humble /usr/bin/cmake --build /home/psd/psd_ws/build/psd_vehicle_hardware_interfaces -- -j20 -l20
[0.251s] Invoking command in '/home/psd/psd_ws/build/psd_vehicle_hardware_interfaces': CMAKE_PREFIX_PATH=${CMAKE_PREFIX_PATH}:/opt/ros/humble /usr/bin/cmake --install /home/psd/psd_ws/build/psd_vehicle_hardware_interfaces
[0.328s] -- Install configuration: ""
[0.328s] -- Up-to-date: /home/psd/psd_ws/install/psd_vehicle_hardware_interfaces/share/psd_vehicle_hardware_interfaces/psd_vehicle_hardware_interfaces.xml
[0.328s] -- Up-to-date: /home/psd/psd_ws/install/psd_vehicle_hardware_interfaces/include
[0.328s] -- Up-to-date: /home/psd/psd_ws/install/psd_vehicle_hardware_interfaces/include/psd_vehicle_hardware_interfaces
[0.328s] -- Up-to-date: /home/psd/psd_ws/install/psd_vehicle_hardware_interfaces/include/psd_vehicle_hardware_interfaces/visibility_control.hpp
[0.328s] -- Up-to-date: /home/psd/psd_ws/install/psd_vehicle_hardware_interfaces/include/psd_vehicle_hardware_interfaces/psd_vehicle_imu_sensor.hpp
[0.328s] -- Up-to-date: /home/psd/psd_ws/install/psd_vehicle_hardware_interfaces/include/psd_vehicle_hardware_interfaces/psd_vehicle_system.hpp
[0.328s] -- Up-to-date: /home/psd/psd_ws/install/psd_vehicle_hardware_interfaces/share/psd_vehicle_hardware_interfaces/launch
[0.328s] -- Up-to-date: /home/psd/psd_ws/install/psd_vehicle_hardware_interfaces/share/psd_vehicle_hardware_interfaces/launch/example_diff_drive.launch.py
[0.328s] -- Up-to-date: /home/psd/psd_ws/install/psd_vehicle_hardware_interfaces/share/psd_vehicle_hardware_interfaces/config
[0.328s] -- Up-to-date: /home/psd/psd_ws/install/psd_vehicle_hardware_interfaces/share/psd_vehicle_hardware_interfaces/config/example_diff_drive_controller.yaml
[0.328s] -- Up-to-date: /home/psd/psd_ws/install/psd_vehicle_hardware_interfaces/share/psd_vehicle_hardware_interfaces/urdf
[0.328s] -- Up-to-date: /home/psd/psd_ws/install/psd_vehicle_hardware_interfaces/share/psd_vehicle_hardware_interfaces/urdf/ros2_control.urdf.xacro
[0.328s] -- Up-to-date: /home/psd/psd_ws/install/psd_vehicle_hardware_interfaces/lib/libpsd_vehicle_hardware_interfaces.so
[0.328s] -- Up-to-date: /home/psd/psd_ws/install/psd_vehicle_hardware_interfaces/share/psd_vehicle_hardware_interfaces/environment/library_path.sh
[0.329s] -- Up-to-date: /home/psd/psd_ws/install/psd_vehicle_hardware_interfaces/share/psd_vehicle_hardware_interfaces/environment/library_path.dsv
[0.329s] -- Up-to-date: /home/psd/psd_ws/install/psd_vehicle_hardware_interfaces/share/ament_index/resource_index/package_run_dependencies/psd_vehicle_hardware_interfaces
[0.329s] -- Up-to-date: /home/psd/psd_ws/install/psd_vehicle_hardware_interfaces/share/ament_index/resource_index/parent_prefix_path/psd_vehicle_hardware_interfaces
[0.329s] -- Up-to-date: /home/psd/psd_ws/install/psd_vehicle_hardware_interfaces/share/psd_vehicle_hardware_interfaces/environment/ament_prefix_path.sh
[0.329s] -- Up-to-date: /home/psd/psd_ws/install/psd_vehicle_hardware_interfaces/share/psd_vehicle_hardware_interfaces/environment/ament_prefix_path.dsv
[0.329s] -- Up-to-date: /home/psd/psd_ws/install/psd_vehicle_hardware_interfaces/share/psd_vehicle_hardware_interfaces/environment/path.sh
[0.329s] -- Up-to-date: /home/psd/psd_ws/install/psd_vehicle_hardware_interfaces/share/psd_vehicle_hardware_interfaces/environment/path.dsv
[0.329s] -- Up-to-date: /home/psd/psd_ws/install/psd_vehicle_hardware_interfaces/share/psd_vehicle_hardware_interfaces/local_setup.bash
[0.329s] -- Up-to-date: /home/psd/psd_ws/install/psd_vehicle_hardware_interfaces/share/psd_vehicle_hardware_interfaces/local_setup.sh
[0.329s] -- Up-to-date: /home/psd/psd_ws/install/psd_vehicle_hardware_interfaces/share/psd_vehicle_hardware_interfaces/local_setup.zsh
[0.329s] -- Up-to-date: /home/psd/psd_ws/install/psd_vehicle_hardware_interfaces/share/psd_vehicle_hardware_interfaces/local_setup.dsv
[0.329s] -- Installing: /home/psd/psd_ws/install/psd_vehicle_hardware_interfaces/share/psd_vehicle_hardware_interfaces/package.dsv
[0.329s] -- Up-to-date: /home/psd/psd_ws/install/psd_vehicle_hardware_interfaces/share/ament_index/resource_index/packages/psd_vehicle_hardware_interfaces
[0.329s] -- Up-to-date: /home/psd/psd_ws/install/psd_vehicle_hardware_interfaces/share/ament_index/resource_index/hardware_interface__pluginlib__plugin/psd_vehicle_hardware_interfaces
[0.329s] -- Up-to-date: /home/psd/psd_ws/install/psd_vehicle_hardware_interfaces/share/psd_vehicle_hardware_interfaces/cmake/ament_cmake_export_include_directories-extras.cmake
[0.330s] -- Up-to-date: /home/psd/psd_ws/install/psd_vehicle_hardware_interfaces/share/psd_vehicle_hardware_interfaces/cmake/ament_cmake_export_libraries-extras.cmake
[0.330s] -- Up-to-date: /home/psd/psd_ws/install/psd_vehicle_hardware_interfaces/share/psd_vehicle_hardware_interfaces/cmake/ament_cmake_export_dependencies-extras.cmake
[0.330s] -- Up-to-date: /home/psd/psd_ws/install/psd_vehicle_hardware_interfaces/share/psd_vehicle_hardware_interfaces/cmake/psd_vehicle_hardware_interfacesConfig.cmake
[0.330s] -- Up-to-date: /home/psd/psd_ws/install/psd_vehicle_hardware_interfaces/share/psd_vehicle_hardware_interfaces/cmake/psd_vehicle_hardware_interfacesConfig-version.cmake
[0.330s] -- Up-to-date: /home/psd/psd_ws/install/psd_vehicle_hardware_interfaces/share/psd_vehicle_hardware_interfaces/package.xml
[0.361s] Invoked command in '/home/psd/psd_ws/build/psd_vehicle_hardware_interfaces' returned '0': CMAKE_PREFIX_PATH=${CMAKE_PREFIX_PATH}:/opt/ros/humble /usr/bin/cmake --install /home/psd/psd_ws/build/psd_vehicle_hardware_interfaces
