[0.035s] Invoking command in '/psd_ws/build/psd_vehicle_description': CMAKE_PREFIX_PATH=${CMAKE_PREFIX_PATH}:/opt/ros/humble /usr/bin/cmake /psd_ws/src/psd_vehicle_description -DCMAKE_INSTALL_PREFIX=/psd_ws/install/psd_vehicle_description
[0.064s] -- The C compiler identification is GNU 11.4.0
[0.100s] -- The CXX compiler identification is GNU 11.4.0
[0.105s] -- Detecting C compiler ABI info
[0.145s] -- Detecting C compiler ABI info - done
[0.149s] -- Check for working C compiler: /usr/bin/cc - skipped
[0.150s] -- Detecting C compile features
[0.150s] -- Detecting C compile features - done
[0.152s] -- Detecting CXX compiler ABI info
[0.197s] -- Detecting CXX compiler ABI info - done
[0.202s] -- Check for working CXX compiler: /usr/bin/c++ - skipped
[0.202s] -- Detecting CXX compile features
[0.202s] -- Detecting CXX compile features - done
[0.203s] -- Found ament_cmake: 1.3.8 (/opt/ros/humble/share/ament_cmake/cmake)
[0.298s] -- Found Python3: /usr/bin/python3 (found version "3.10.12") found components: Interpreter 
[0.355s] -- Found ament_lint_auto: 0.12.10 (/opt/ros/humble/share/ament_lint_auto/cmake)
[0.404s] -- Added test 'flake8' to check Python code syntax and style conventions
[0.404s] -- Added test 'lint_cmake' to check CMake code style
[0.405s] -- Added test 'pep257' to check Python code against some of the docstring style conventions in PEP 257
[0.406s] -- Added test 'xmllint' to check XML markup files
[0.406s] -- Configuring done
[0.408s] -- Generating done
[0.409s] -- Build files have been written to: /psd_ws/build/psd_vehicle_description
[0.412s] Invoked command in '/psd_ws/build/psd_vehicle_description' returned '0': CMAKE_PREFIX_PATH=${CMAKE_PREFIX_PATH}:/opt/ros/humble /usr/bin/cmake /psd_ws/src/psd_vehicle_description -DCMAKE_INSTALL_PREFIX=/psd_ws/install/psd_vehicle_description
[0.415s] Invoking command in '/psd_ws/build/psd_vehicle_description': CMAKE_PREFIX_PATH=${CMAKE_PREFIX_PATH}:/opt/ros/humble /usr/bin/cmake --build /psd_ws/build/psd_vehicle_description -- -j20 -l20
[0.435s] Invoked command in '/psd_ws/build/psd_vehicle_description' returned '0': CMAKE_PREFIX_PATH=${CMAKE_PREFIX_PATH}:/opt/ros/humble /usr/bin/cmake --build /psd_ws/build/psd_vehicle_description -- -j20 -l20
[0.454s] Invoking command in '/psd_ws/build/psd_vehicle_description': CMAKE_PREFIX_PATH=${CMAKE_PREFIX_PATH}:/opt/ros/humble /usr/bin/cmake --install /psd_ws/build/psd_vehicle_description
[0.457s] -- Install configuration: ""
[0.457s] -- Installing: /psd_ws/install/psd_vehicle_description/share/psd_vehicle_description/src
[0.458s] -- Installing: /psd_ws/install/psd_vehicle_description/share/psd_vehicle_description/src/description
[0.458s] -- Installing: /psd_ws/install/psd_vehicle_description/share/psd_vehicle_description/src/description/psd_vehicle.xacro
[0.458s] -- Installing: /psd_ws/install/psd_vehicle_description/share/psd_vehicle_description/src/description/psd_vehicle.trans
[0.458s] -- Installing: /psd_ws/install/psd_vehicle_description/share/psd_vehicle_description/src/description/psd_vehicle.gazebo
[0.458s] -- Installing: /psd_ws/install/psd_vehicle_description/share/psd_vehicle_description/src/description/materials.xacro
[0.458s] -- Installing: /psd_ws/install/psd_vehicle_description/share/psd_vehicle_description/src/description/meshes
[0.458s] -- Installing: /psd_ws/install/psd_vehicle_description/share/psd_vehicle_description/src/description/meshes/link_FL_1.stl
[0.458s] -- Installing: /psd_ws/install/psd_vehicle_description/share/psd_vehicle_description/src/description/meshes/link_RR_1.stl
[0.458s] -- Installing: /psd_ws/install/psd_vehicle_description/share/psd_vehicle_description/src/description/meshes/perno_FL_1.stl
[0.459s] -- Installing: /psd_ws/install/psd_vehicle_description/share/psd_vehicle_description/src/description/meshes/perno_FR_1.stl
[0.459s] -- Installing: /psd_ws/install/psd_vehicle_description/share/psd_vehicle_description/src/description/meshes/tyre_FL_1.stl
[0.459s] -- Installing: /psd_ws/install/psd_vehicle_description/share/psd_vehicle_description/src/description/meshes/tyre_FR_1.stl
[0.459s] -- Installing: /psd_ws/install/psd_vehicle_description/share/psd_vehicle_description/src/description/meshes/base_link.stl
[0.459s] -- Installing: /psd_ws/install/psd_vehicle_description/share/psd_vehicle_description/src/description/meshes/tyre_RL_1.stl
[0.459s] -- Installing: /psd_ws/install/psd_vehicle_description/share/psd_vehicle_description/src/description/meshes/link_RL_1.stl
[0.459s] -- Installing: /psd_ws/install/psd_vehicle_description/share/psd_vehicle_description/src/description/meshes/tyre_RR_1.stl
[0.459s] -- Installing: /psd_ws/install/psd_vehicle_description/share/psd_vehicle_description/src/description/meshes/link_FR_1.stl
[0.459s] -- Installing: /psd_ws/install/psd_vehicle_description/share/psd_vehicle_description/launch
[0.459s] -- Installing: /psd_ws/install/psd_vehicle_description/share/psd_vehicle_description/launch/display.launch.py
[0.460s] -- Installing: /psd_ws/install/psd_vehicle_description/share/psd_vehicle_description/rviz
[0.460s] -- Installing: /psd_ws/install/psd_vehicle_description/share/psd_vehicle_description/rviz/urdf.rviz
[0.461s] -- Installing: /psd_ws/install/psd_vehicle_description/share/ament_index/resource_index/package_run_dependencies/psd_vehicle_description
[0.461s] -- Installing: /psd_ws/install/psd_vehicle_description/share/ament_index/resource_index/parent_prefix_path/psd_vehicle_description
[0.461s] -- Installing: /psd_ws/install/psd_vehicle_description/share/psd_vehicle_description/environment/ament_prefix_path.sh
[0.461s] -- Installing: /psd_ws/install/psd_vehicle_description/share/psd_vehicle_description/environment/ament_prefix_path.dsv
[0.462s] -- Installing: /psd_ws/install/psd_vehicle_description/share/psd_vehicle_description/environment/path.sh
[0.464s] -- Installing: /psd_ws/install/psd_vehicle_description/share/psd_vehicle_description/environment/path.dsv
[0.464s] -- Installing: /psd_ws/install/psd_vehicle_description/share/psd_vehicle_description/local_setup.bash
[0.465s] -- Installing: /psd_ws/install/psd_vehicle_description/share/psd_vehicle_description/local_setup.sh
[0.465s] -- Installing: /psd_ws/install/psd_vehicle_description/share/psd_vehicle_description/local_setup.zsh
[0.465s] -- Installing: /psd_ws/install/psd_vehicle_description/share/psd_vehicle_description/local_setup.dsv
[0.466s] -- Installing: /psd_ws/install/psd_vehicle_description/share/psd_vehicle_description/package.dsv
[0.466s] -- Installing: /psd_ws/install/psd_vehicle_description/share/ament_index/resource_index/packages/psd_vehicle_description
[0.466s] -- Installing: /psd_ws/install/psd_vehicle_description/share/psd_vehicle_description/cmake/psd_vehicle_descriptionConfig.cmake
[0.466s] -- Installing: /psd_ws/install/psd_vehicle_description/share/psd_vehicle_description/cmake/psd_vehicle_descriptionConfig-version.cmake
[0.466s] -- Installing: /psd_ws/install/psd_vehicle_description/share/psd_vehicle_description/package.xml
[0.469s] Invoked command in '/psd_ws/build/psd_vehicle_description' returned '0': CMAKE_PREFIX_PATH=${CMAKE_PREFIX_PATH}:/opt/ros/humble /usr/bin/cmake --install /psd_ws/build/psd_vehicle_description
