[35m[1mConsolidate compiler generated dependencies of target psd_vehicle_interfaces__rosidl_generator_c[0m
[  9%] Built target psd_vehicle_interfaces__rosidl_generator_c
[ 12%] Built target psd_vehicle_interfaces__cpp
[ 12%] Built target ament_cmake_python_copy_psd_vehicle_interfaces
[35m[1mConsolidate compiler generated dependencies of target psd_vehicle_interfaces__rosidl_typesupport_c[0m
[35m[1mConsolidate compiler generated dependencies of target psd_vehicle_interfaces__rosidl_typesupport_fastrtps_c[0m
[35m[1mConsolidate compiler generated dependencies of target psd_vehicle_interfaces__rosidl_typesupport_introspection_c[0m
[35m[1mConsolidate compiler generated dependencies of target psd_vehicle_interfaces__rosidl_typesupport_introspection_cpp[0m
[35m[1mConsolidate compiler generated dependencies of target psd_vehicle_interfaces__rosidl_typesupport_fastrtps_cpp[0m
[35m[1mConsolidate compiler generated dependencies of target psd_vehicle_interfaces__rosidl_typesupport_cpp[0m
[ 22%] Built target psd_vehicle_interfaces__rosidl_typesupport_c
[ 32%] Built target psd_vehicle_interfaces__rosidl_typesupport_introspection_c
[ 41%] Built target psd_vehicle_interfaces__rosidl_typesupport_introspection_cpp
[ 51%] Built target psd_vehicle_interfaces__rosidl_typesupport_fastrtps_c
[ 61%] Built target psd_vehicle_interfaces__rosidl_typesupport_fastrtps_cpp
[ 70%] Built target psd_vehicle_interfaces__rosidl_typesupport_cpp
[ 70%] Built target psd_vehicle_interfaces
[ 74%] Built target psd_vehicle_interfaces__py
[35m[1mConsolidate compiler generated dependencies of target psd_vehicle_interfaces__rosidl_generator_py[0m
[ 80%] Built target psd_vehicle_interfaces__rosidl_generator_py
[35m[1mConsolidate compiler generated dependencies of target psd_vehicle_interfaces__rosidl_typesupport_c__pyext[0m
[35m[1mConsolidate compiler generated dependencies of target psd_vehicle_interfaces__rosidl_typesupport_introspection_c__pyext[0m
[35m[1mConsolidate compiler generated dependencies of target psd_vehicle_interfaces__rosidl_typesupport_fastrtps_c__pyext[0m
[ 87%] Built target psd_vehicle_interfaces__rosidl_typesupport_c__pyext
[ 93%] Built target psd_vehicle_interfaces__rosidl_typesupport_introspection_c__pyext
[100%] Built target psd_vehicle_interfaces__rosidl_typesupport_fastrtps_c__pyext
running egg_info
writing psd_vehicle_interfaces.egg-info/PKG-INFO
writing dependency_links to psd_vehicle_interfaces.egg-info/dependency_links.txt
writing top-level names to psd_vehicle_interfaces.egg-info/top_level.txt
reading manifest file 'psd_vehicle_interfaces.egg-info/SOURCES.txt'
writing manifest file 'psd_vehicle_interfaces.egg-info/SOURCES.txt'
[100%] Built target ament_cmake_python_build_psd_vehicle_interfaces_egg
-- Install configuration: ""
-- Up-to-date: /home/psd/psd_ws/install/psd_vehicle_interfaces/share/ament_index/resource_index/rosidl_interfaces/psd_vehicle_interfaces
-- Up-to-date: /home/psd/psd_ws/install/psd_vehicle_interfaces/include/psd_vehicle_interfaces/psd_vehicle_interfaces
-- Up-to-date: /home/psd/psd_ws/install/psd_vehicle_interfaces/include/psd_vehicle_interfaces/psd_vehicle_interfaces/msg
-- Up-to-date: /home/psd/psd_ws/install/psd_vehicle_interfaces/include/psd_vehicle_interfaces/psd_vehicle_interfaces/msg/detail
-- Up-to-date: /home/psd/psd_ws/install/psd_vehicle_interfaces/include/psd_vehicle_interfaces/psd_vehicle_interfaces/msg/detail/obstacle_info__functions.c
-- Up-to-date: /home/psd/psd_ws/install/psd_vehicle_interfaces/include/psd_vehicle_interfaces/psd_vehicle_interfaces/msg/detail/obstacle_info__struct.h
-- Up-to-date: /home/psd/psd_ws/install/psd_vehicle_interfaces/include/psd_vehicle_interfaces/psd_vehicle_interfaces/msg/detail/obstacle_info__functions.h
-- Up-to-date: /home/psd/psd_ws/install/psd_vehicle_interfaces/include/psd_vehicle_interfaces/psd_vehicle_interfaces/msg/detail/obstacle_info__type_support.h
-- Up-to-date: /home/psd/psd_ws/install/psd_vehicle_interfaces/include/psd_vehicle_interfaces/psd_vehicle_interfaces/msg/obstacle_info.h
-- Up-to-date: /home/psd/psd_ws/install/psd_vehicle_interfaces/include/psd_vehicle_interfaces/psd_vehicle_interfaces/msg/rosidl_generator_c__visibility_control.h
-- Installing: /home/psd/psd_ws/install/psd_vehicle_interfaces/share/psd_vehicle_interfaces/environment/library_path.sh
-- Installing: /home/psd/psd_ws/install/psd_vehicle_interfaces/share/psd_vehicle_interfaces/environment/library_path.dsv
-- Installing: /home/psd/psd_ws/install/psd_vehicle_interfaces/lib/libpsd_vehicle_interfaces__rosidl_generator_c.so
-- Set runtime path of "/home/psd/psd_ws/install/psd_vehicle_interfaces/lib/libpsd_vehicle_interfaces__rosidl_generator_c.so" to ""
-- Up-to-date: /home/psd/psd_ws/install/psd_vehicle_interfaces/include/psd_vehicle_interfaces/psd_vehicle_interfaces
-- Up-to-date: /home/psd/psd_ws/install/psd_vehicle_interfaces/include/psd_vehicle_interfaces/psd_vehicle_interfaces/msg
-- Up-to-date: /home/psd/psd_ws/install/psd_vehicle_interfaces/include/psd_vehicle_interfaces/psd_vehicle_interfaces/msg/detail
-- Up-to-date: /home/psd/psd_ws/install/psd_vehicle_interfaces/include/psd_vehicle_interfaces/psd_vehicle_interfaces/msg/detail/obstacle_info__rosidl_typesupport_fastrtps_c.h
-- Up-to-date: /home/psd/psd_ws/install/psd_vehicle_interfaces/include/psd_vehicle_interfaces/psd_vehicle_interfaces/msg/rosidl_typesupport_fastrtps_c__visibility_control.h
-- Installing: /home/psd/psd_ws/install/psd_vehicle_interfaces/lib/libpsd_vehicle_interfaces__rosidl_typesupport_fastrtps_c.so
-- Set runtime path of "/home/psd/psd_ws/install/psd_vehicle_interfaces/lib/libpsd_vehicle_interfaces__rosidl_typesupport_fastrtps_c.so" to ""
-- Up-to-date: /home/psd/psd_ws/install/psd_vehicle_interfaces/include/psd_vehicle_interfaces/psd_vehicle_interfaces
-- Up-to-date: /home/psd/psd_ws/install/psd_vehicle_interfaces/include/psd_vehicle_interfaces/psd_vehicle_interfaces/msg
-- Up-to-date: /home/psd/psd_ws/install/psd_vehicle_interfaces/include/psd_vehicle_interfaces/psd_vehicle_interfaces/msg/detail
-- Up-to-date: /home/psd/psd_ws/install/psd_vehicle_interfaces/include/psd_vehicle_interfaces/psd_vehicle_interfaces/msg/detail/obstacle_info__builder.hpp
-- Up-to-date: /home/psd/psd_ws/install/psd_vehicle_interfaces/include/psd_vehicle_interfaces/psd_vehicle_interfaces/msg/detail/obstacle_info__traits.hpp
-- Up-to-date: /home/psd/psd_ws/install/psd_vehicle_interfaces/include/psd_vehicle_interfaces/psd_vehicle_interfaces/msg/detail/obstacle_info__struct.hpp
-- Up-to-date: /home/psd/psd_ws/install/psd_vehicle_interfaces/include/psd_vehicle_interfaces/psd_vehicle_interfaces/msg/obstacle_info.hpp
-- Up-to-date: /home/psd/psd_ws/install/psd_vehicle_interfaces/include/psd_vehicle_interfaces/psd_vehicle_interfaces
-- Up-to-date: /home/psd/psd_ws/install/psd_vehicle_interfaces/include/psd_vehicle_interfaces/psd_vehicle_interfaces/msg
-- Up-to-date: /home/psd/psd_ws/install/psd_vehicle_interfaces/include/psd_vehicle_interfaces/psd_vehicle_interfaces/msg/detail
-- Up-to-date: /home/psd/psd_ws/install/psd_vehicle_interfaces/include/psd_vehicle_interfaces/psd_vehicle_interfaces/msg/detail/obstacle_info__rosidl_typesupport_fastrtps_cpp.hpp
-- Installing: /home/psd/psd_ws/install/psd_vehicle_interfaces/include/psd_vehicle_interfaces/psd_vehicle_interfaces/msg/detail/dds_fastrtps
-- Up-to-date: /home/psd/psd_ws/install/psd_vehicle_interfaces/include/psd_vehicle_interfaces/psd_vehicle_interfaces/msg/rosidl_typesupport_fastrtps_cpp__visibility_control.h
-- Installing: /home/psd/psd_ws/install/psd_vehicle_interfaces/lib/libpsd_vehicle_interfaces__rosidl_typesupport_fastrtps_cpp.so
-- Set runtime path of "/home/psd/psd_ws/install/psd_vehicle_interfaces/lib/libpsd_vehicle_interfaces__rosidl_typesupport_fastrtps_cpp.so" to ""
-- Up-to-date: /home/psd/psd_ws/install/psd_vehicle_interfaces/include/psd_vehicle_interfaces/psd_vehicle_interfaces
-- Up-to-date: /home/psd/psd_ws/install/psd_vehicle_interfaces/include/psd_vehicle_interfaces/psd_vehicle_interfaces/msg
-- Up-to-date: /home/psd/psd_ws/install/psd_vehicle_interfaces/include/psd_vehicle_interfaces/psd_vehicle_interfaces/msg/detail
-- Up-to-date: /home/psd/psd_ws/install/psd_vehicle_interfaces/include/psd_vehicle_interfaces/psd_vehicle_interfaces/msg/detail/obstacle_info__rosidl_typesupport_introspection_c.h
-- Up-to-date: /home/psd/psd_ws/install/psd_vehicle_interfaces/include/psd_vehicle_interfaces/psd_vehicle_interfaces/msg/detail/obstacle_info__type_support.c
-- Up-to-date: /home/psd/psd_ws/install/psd_vehicle_interfaces/include/psd_vehicle_interfaces/psd_vehicle_interfaces/msg/rosidl_typesupport_introspection_c__visibility_control.h
-- Installing: /home/psd/psd_ws/install/psd_vehicle_interfaces/lib/libpsd_vehicle_interfaces__rosidl_typesupport_introspection_c.so
-- Set runtime path of "/home/psd/psd_ws/install/psd_vehicle_interfaces/lib/libpsd_vehicle_interfaces__rosidl_typesupport_introspection_c.so" to ""
-- Installing: /home/psd/psd_ws/install/psd_vehicle_interfaces/lib/libpsd_vehicle_interfaces__rosidl_typesupport_c.so
-- Set runtime path of "/home/psd/psd_ws/install/psd_vehicle_interfaces/lib/libpsd_vehicle_interfaces__rosidl_typesupport_c.so" to ""
-- Up-to-date: /home/psd/psd_ws/install/psd_vehicle_interfaces/include/psd_vehicle_interfaces/psd_vehicle_interfaces
-- Up-to-date: /home/psd/psd_ws/install/psd_vehicle_interfaces/include/psd_vehicle_interfaces/psd_vehicle_interfaces/msg
-- Up-to-date: /home/psd/psd_ws/install/psd_vehicle_interfaces/include/psd_vehicle_interfaces/psd_vehicle_interfaces/msg/detail
-- Up-to-date: /home/psd/psd_ws/install/psd_vehicle_interfaces/include/psd_vehicle_interfaces/psd_vehicle_interfaces/msg/detail/obstacle_info__type_support.cpp
-- Up-to-date: /home/psd/psd_ws/install/psd_vehicle_interfaces/include/psd_vehicle_interfaces/psd_vehicle_interfaces/msg/detail/obstacle_info__rosidl_typesupport_introspection_cpp.hpp
-- Installing: /home/psd/psd_ws/install/psd_vehicle_interfaces/lib/libpsd_vehicle_interfaces__rosidl_typesupport_introspection_cpp.so
-- Set runtime path of "/home/psd/psd_ws/install/psd_vehicle_interfaces/lib/libpsd_vehicle_interfaces__rosidl_typesupport_introspection_cpp.so" to ""
-- Installing: /home/psd/psd_ws/install/psd_vehicle_interfaces/lib/libpsd_vehicle_interfaces__rosidl_typesupport_cpp.so
-- Set runtime path of "/home/psd/psd_ws/install/psd_vehicle_interfaces/lib/libpsd_vehicle_interfaces__rosidl_typesupport_cpp.so" to ""
-- Up-to-date: /home/psd/psd_ws/install/psd_vehicle_interfaces/share/psd_vehicle_interfaces/environment/pythonpath.sh
-- Installing: /home/psd/psd_ws/install/psd_vehicle_interfaces/share/psd_vehicle_interfaces/environment/pythonpath.dsv
-- Up-to-date: /home/psd/psd_ws/install/psd_vehicle_interfaces/local/lib/python3.10/dist-packages/psd_vehicle_interfaces-0.0.0-py3.10.egg-info
-- Installing: /home/psd/psd_ws/install/psd_vehicle_interfaces/local/lib/python3.10/dist-packages/psd_vehicle_interfaces-0.0.0-py3.10.egg-info/SOURCES.txt
-- Installing: /home/psd/psd_ws/install/psd_vehicle_interfaces/local/lib/python3.10/dist-packages/psd_vehicle_interfaces-0.0.0-py3.10.egg-info/PKG-INFO
-- Installing: /home/psd/psd_ws/install/psd_vehicle_interfaces/local/lib/python3.10/dist-packages/psd_vehicle_interfaces-0.0.0-py3.10.egg-info/top_level.txt
-- Installing: /home/psd/psd_ws/install/psd_vehicle_interfaces/local/lib/python3.10/dist-packages/psd_vehicle_interfaces-0.0.0-py3.10.egg-info/dependency_links.txt
-- Up-to-date: /home/psd/psd_ws/install/psd_vehicle_interfaces/local/lib/python3.10/dist-packages/psd_vehicle_interfaces
-- Installing: /home/psd/psd_ws/install/psd_vehicle_interfaces/local/lib/python3.10/dist-packages/psd_vehicle_interfaces/psd_vehicle_interfaces_s__rosidl_typesupport_c.cpython-310-x86_64-linux-gnu.so
-- Installing: /home/psd/psd_ws/install/psd_vehicle_interfaces/local/lib/python3.10/dist-packages/psd_vehicle_interfaces/psd_vehicle_interfaces_s__rosidl_typesupport_introspection_c.cpython-310-x86_64-linux-gnu.so
-- Up-to-date: /home/psd/psd_ws/install/psd_vehicle_interfaces/local/lib/python3.10/dist-packages/psd_vehicle_interfaces/msg
-- Up-to-date: /home/psd/psd_ws/install/psd_vehicle_interfaces/local/lib/python3.10/dist-packages/psd_vehicle_interfaces/msg/_obstacle_info.py
-- Up-to-date: /home/psd/psd_ws/install/psd_vehicle_interfaces/local/lib/python3.10/dist-packages/psd_vehicle_interfaces/msg/_obstacle_info_s.c
-- Up-to-date: /home/psd/psd_ws/install/psd_vehicle_interfaces/local/lib/python3.10/dist-packages/psd_vehicle_interfaces/msg/__init__.py
-- Up-to-date: /home/psd/psd_ws/install/psd_vehicle_interfaces/local/lib/python3.10/dist-packages/psd_vehicle_interfaces/_psd_vehicle_interfaces_s.ep.rosidl_typesupport_fastrtps_c.c
-- Installing: /home/psd/psd_ws/install/psd_vehicle_interfaces/local/lib/python3.10/dist-packages/psd_vehicle_interfaces/libpsd_vehicle_interfaces__rosidl_generator_py.so
-- Up-to-date: /home/psd/psd_ws/install/psd_vehicle_interfaces/local/lib/python3.10/dist-packages/psd_vehicle_interfaces/_psd_vehicle_interfaces_s.ep.rosidl_typesupport_introspection_c.c
-- Up-to-date: /home/psd/psd_ws/install/psd_vehicle_interfaces/local/lib/python3.10/dist-packages/psd_vehicle_interfaces/_psd_vehicle_interfaces_s.ep.rosidl_typesupport_c.c
-- Installing: /home/psd/psd_ws/install/psd_vehicle_interfaces/local/lib/python3.10/dist-packages/psd_vehicle_interfaces/psd_vehicle_interfaces_s__rosidl_typesupport_fastrtps_c.cpython-310-x86_64-linux-gnu.so
-- Installing: /home/psd/psd_ws/install/psd_vehicle_interfaces/local/lib/python3.10/dist-packages/psd_vehicle_interfaces/__init__.py
Listing '/home/psd/psd_ws/install/psd_vehicle_interfaces/local/lib/python3.10/dist-packages/psd_vehicle_interfaces'...
Compiling '/home/psd/psd_ws/install/psd_vehicle_interfaces/local/lib/python3.10/dist-packages/psd_vehicle_interfaces/__init__.py'...
Listing '/home/psd/psd_ws/install/psd_vehicle_interfaces/local/lib/python3.10/dist-packages/psd_vehicle_interfaces/msg'...
Compiling '/home/psd/psd_ws/install/psd_vehicle_interfaces/local/lib/python3.10/dist-packages/psd_vehicle_interfaces/msg/__init__.py'...
Compiling '/home/psd/psd_ws/install/psd_vehicle_interfaces/local/lib/python3.10/dist-packages/psd_vehicle_interfaces/msg/_obstacle_info.py'...
-- Installing: /home/psd/psd_ws/install/psd_vehicle_interfaces/local/lib/python3.10/dist-packages/psd_vehicle_interfaces/psd_vehicle_interfaces_s__rosidl_typesupport_fastrtps_c.cpython-310-x86_64-linux-gnu.so
-- Set runtime path of "/home/psd/psd_ws/install/psd_vehicle_interfaces/local/lib/python3.10/dist-packages/psd_vehicle_interfaces/psd_vehicle_interfaces_s__rosidl_typesupport_fastrtps_c.cpython-310-x86_64-linux-gnu.so" to ""
-- Installing: /home/psd/psd_ws/install/psd_vehicle_interfaces/local/lib/python3.10/dist-packages/psd_vehicle_interfaces/psd_vehicle_interfaces_s__rosidl_typesupport_introspection_c.cpython-310-x86_64-linux-gnu.so
-- Set runtime path of "/home/psd/psd_ws/install/psd_vehicle_interfaces/local/lib/python3.10/dist-packages/psd_vehicle_interfaces/psd_vehicle_interfaces_s__rosidl_typesupport_introspection_c.cpython-310-x86_64-linux-gnu.so" to ""
-- Installing: /home/psd/psd_ws/install/psd_vehicle_interfaces/local/lib/python3.10/dist-packages/psd_vehicle_interfaces/psd_vehicle_interfaces_s__rosidl_typesupport_c.cpython-310-x86_64-linux-gnu.so
-- Set runtime path of "/home/psd/psd_ws/install/psd_vehicle_interfaces/local/lib/python3.10/dist-packages/psd_vehicle_interfaces/psd_vehicle_interfaces_s__rosidl_typesupport_c.cpython-310-x86_64-linux-gnu.so" to ""
-- Installing: /home/psd/psd_ws/install/psd_vehicle_interfaces/lib/libpsd_vehicle_interfaces__rosidl_generator_py.so
-- Set runtime path of "/home/psd/psd_ws/install/psd_vehicle_interfaces/lib/libpsd_vehicle_interfaces__rosidl_generator_py.so" to ""
-- Up-to-date: /home/psd/psd_ws/install/psd_vehicle_interfaces/share/psd_vehicle_interfaces/msg/ObstacleInfo.idl
-- Up-to-date: /home/psd/psd_ws/install/psd_vehicle_interfaces/share/psd_vehicle_interfaces/msg/ObstacleInfo.msg
-- Up-to-date: /home/psd/psd_ws/install/psd_vehicle_interfaces/share/ament_index/resource_index/package_run_dependencies/psd_vehicle_interfaces
-- Up-to-date: /home/psd/psd_ws/install/psd_vehicle_interfaces/share/ament_index/resource_index/parent_prefix_path/psd_vehicle_interfaces
-- Installing: /home/psd/psd_ws/install/psd_vehicle_interfaces/share/psd_vehicle_interfaces/environment/ament_prefix_path.sh
-- Installing: /home/psd/psd_ws/install/psd_vehicle_interfaces/share/psd_vehicle_interfaces/environment/ament_prefix_path.dsv
-- Installing: /home/psd/psd_ws/install/psd_vehicle_interfaces/share/psd_vehicle_interfaces/environment/path.sh
-- Installing: /home/psd/psd_ws/install/psd_vehicle_interfaces/share/psd_vehicle_interfaces/environment/path.dsv
-- Up-to-date: /home/psd/psd_ws/install/psd_vehicle_interfaces/share/psd_vehicle_interfaces/local_setup.bash
-- Up-to-date: /home/psd/psd_ws/install/psd_vehicle_interfaces/share/psd_vehicle_interfaces/local_setup.sh
-- Up-to-date: /home/psd/psd_ws/install/psd_vehicle_interfaces/share/psd_vehicle_interfaces/local_setup.zsh
-- Installing: /home/psd/psd_ws/install/psd_vehicle_interfaces/share/psd_vehicle_interfaces/local_setup.dsv
-- Installing: /home/psd/psd_ws/install/psd_vehicle_interfaces/share/psd_vehicle_interfaces/package.dsv
-- Up-to-date: /home/psd/psd_ws/install/psd_vehicle_interfaces/share/ament_index/resource_index/packages/psd_vehicle_interfaces
-- Up-to-date: /home/psd/psd_ws/install/psd_vehicle_interfaces/share/psd_vehicle_interfaces/cmake/export_psd_vehicle_interfaces__rosidl_generator_cExport.cmake
-- Up-to-date: /home/psd/psd_ws/install/psd_vehicle_interfaces/share/psd_vehicle_interfaces/cmake/export_psd_vehicle_interfaces__rosidl_generator_cExport-noconfig.cmake
-- Up-to-date: /home/psd/psd_ws/install/psd_vehicle_interfaces/share/psd_vehicle_interfaces/cmake/export_psd_vehicle_interfaces__rosidl_typesupport_fastrtps_cExport.cmake
-- Up-to-date: /home/psd/psd_ws/install/psd_vehicle_interfaces/share/psd_vehicle_interfaces/cmake/export_psd_vehicle_interfaces__rosidl_typesupport_fastrtps_cExport-noconfig.cmake
-- Up-to-date: /home/psd/psd_ws/install/psd_vehicle_interfaces/share/psd_vehicle_interfaces/cmake/export_psd_vehicle_interfaces__rosidl_generator_cppExport.cmake
-- Up-to-date: /home/psd/psd_ws/install/psd_vehicle_interfaces/share/psd_vehicle_interfaces/cmake/export_psd_vehicle_interfaces__rosidl_typesupport_fastrtps_cppExport.cmake
-- Up-to-date: /home/psd/psd_ws/install/psd_vehicle_interfaces/share/psd_vehicle_interfaces/cmake/export_psd_vehicle_interfaces__rosidl_typesupport_fastrtps_cppExport-noconfig.cmake
-- Up-to-date: /home/psd/psd_ws/install/psd_vehicle_interfaces/share/psd_vehicle_interfaces/cmake/psd_vehicle_interfaces__rosidl_typesupport_introspection_cExport.cmake
-- Up-to-date: /home/psd/psd_ws/install/psd_vehicle_interfaces/share/psd_vehicle_interfaces/cmake/psd_vehicle_interfaces__rosidl_typesupport_introspection_cExport-noconfig.cmake
-- Up-to-date: /home/psd/psd_ws/install/psd_vehicle_interfaces/share/psd_vehicle_interfaces/cmake/psd_vehicle_interfaces__rosidl_typesupport_cExport.cmake
-- Up-to-date: /home/psd/psd_ws/install/psd_vehicle_interfaces/share/psd_vehicle_interfaces/cmake/psd_vehicle_interfaces__rosidl_typesupport_cExport-noconfig.cmake
-- Up-to-date: /home/psd/psd_ws/install/psd_vehicle_interfaces/share/psd_vehicle_interfaces/cmake/psd_vehicle_interfaces__rosidl_typesupport_introspection_cppExport.cmake
-- Up-to-date: /home/psd/psd_ws/install/psd_vehicle_interfaces/share/psd_vehicle_interfaces/cmake/psd_vehicle_interfaces__rosidl_typesupport_introspection_cppExport-noconfig.cmake
-- Up-to-date: /home/psd/psd_ws/install/psd_vehicle_interfaces/share/psd_vehicle_interfaces/cmake/psd_vehicle_interfaces__rosidl_typesupport_cppExport.cmake
-- Up-to-date: /home/psd/psd_ws/install/psd_vehicle_interfaces/share/psd_vehicle_interfaces/cmake/psd_vehicle_interfaces__rosidl_typesupport_cppExport-noconfig.cmake
-- Up-to-date: /home/psd/psd_ws/install/psd_vehicle_interfaces/share/psd_vehicle_interfaces/cmake/export_psd_vehicle_interfaces__rosidl_generator_pyExport.cmake
-- Up-to-date: /home/psd/psd_ws/install/psd_vehicle_interfaces/share/psd_vehicle_interfaces/cmake/export_psd_vehicle_interfaces__rosidl_generator_pyExport-noconfig.cmake
-- Up-to-date: /home/psd/psd_ws/install/psd_vehicle_interfaces/share/psd_vehicle_interfaces/cmake/rosidl_cmake-extras.cmake
-- Up-to-date: /home/psd/psd_ws/install/psd_vehicle_interfaces/share/psd_vehicle_interfaces/cmake/ament_cmake_export_dependencies-extras.cmake
-- Up-to-date: /home/psd/psd_ws/install/psd_vehicle_interfaces/share/psd_vehicle_interfaces/cmake/ament_cmake_export_include_directories-extras.cmake
-- Up-to-date: /home/psd/psd_ws/install/psd_vehicle_interfaces/share/psd_vehicle_interfaces/cmake/ament_cmake_export_libraries-extras.cmake
-- Up-to-date: /home/psd/psd_ws/install/psd_vehicle_interfaces/share/psd_vehicle_interfaces/cmake/ament_cmake_export_targets-extras.cmake
-- Up-to-date: /home/psd/psd_ws/install/psd_vehicle_interfaces/share/psd_vehicle_interfaces/cmake/rosidl_cmake_export_typesupport_targets-extras.cmake
-- Up-to-date: /home/psd/psd_ws/install/psd_vehicle_interfaces/share/psd_vehicle_interfaces/cmake/rosidl_cmake_export_typesupport_libraries-extras.cmake
-- Up-to-date: /home/psd/psd_ws/install/psd_vehicle_interfaces/share/psd_vehicle_interfaces/cmake/psd_vehicle_interfacesConfig.cmake
-- Up-to-date: /home/psd/psd_ws/install/psd_vehicle_interfaces/share/psd_vehicle_interfaces/cmake/psd_vehicle_interfacesConfig-version.cmake
-- Up-to-date: /home/psd/psd_ws/install/psd_vehicle_interfaces/share/psd_vehicle_interfaces/package.xml
