[0.046s] Invoking command in '/home/psd/psd_ws/build/admittance_controller': AMENT_PREFIX_PATH=/home/psd/psd_ws/install/joint_trajectory_controller:/home/psd/psd_ws/install/controller_manager:/home/psd/psd_ws/install/hardware_interface_testing:/home/psd/psd_ws/install/controller_interface:/home/psd/psd_ws/install/kinematics_interface_kdl:/home/psd/psd_ws/install/hardware_interface:/home/psd/psd_ws/install/control_toolbox:/home/psd/psd_ws/install/ros2_control_test_assets:/home/psd/psd_ws/install/realtime_tools:/home/psd/psd_ws/install/kinematics_interface:/home/psd/psd_ws/install/controller_manager_msgs:/home/psd/psd_ws/install/control_msgs:${AMENT_PREFIX_PATH} CMAKE_PREFIX_PATH=/home/psd/psd_ws/install/joint_trajectory_controller:/home/psd/psd_ws/install/controller_manager:/home/psd/psd_ws/install/hardware_interface_testing:/home/psd/psd_ws/install/controller_interface:/home/psd/psd_ws/install/kinematics_interface_kdl:/home/psd/psd_ws/install/hardware_interface:/home/psd/psd_ws/install/control_toolbox:/home/psd/psd_ws/install/ros2_control_test_assets:/home/psd/psd_ws/install/realtime_tools:/home/psd/psd_ws/install/kinematics_interface:/home/psd/psd_ws/install/controller_manager_msgs:/home/psd/psd_ws/install/control_msgs:/opt/ros/humble LD_LIBRARY_PATH=/home/psd/psd_ws/install/joint_trajectory_controller/lib:/home/psd/psd_ws/install/controller_manager/lib:/home/psd/psd_ws/install/hardware_interface_testing/lib:/home/psd/psd_ws/install/controller_interface/lib:/home/psd/psd_ws/install/kinematics_interface_kdl/lib:/home/psd/psd_ws/install/hardware_interface/lib:/home/psd/psd_ws/install/control_toolbox/lib:/home/psd/psd_ws/install/realtime_tools/lib:/home/psd/psd_ws/install/kinematics_interface/lib:/home/psd/psd_ws/install/controller_manager_msgs/lib:/home/psd/psd_ws/install/control_msgs/lib:${LD_LIBRARY_PATH} PYTHONPATH=/home/psd/psd_ws/install/controller_manager/local/lib/python3.10/dist-packages:/home/psd/psd_ws/install/controller_manager_msgs/local/lib/python3.10/dist-packages:/home/psd/psd_ws/install/control_msgs/local/lib/python3.10/dist-packages:${PYTHONPATH} /usr/bin/cmake /home/psd/psd_ws/src/ros-controls/ros2_controllers/admittance_controller -DAMENT_CMAKE_SYMLINK_INSTALL=1 -DCMAKE_INSTALL_PREFIX=/home/psd/psd_ws/install/admittance_controller
[0.138s] -- The CXX compiler identification is GNU 11.4.0
[0.149s] -- Detecting CXX compiler ABI info
[0.256s] -- Detecting CXX compiler ABI info - done
[0.272s] -- Check for working CXX compiler: /usr/bin/c++ - skipped
[0.272s] -- Detecting CXX compile features
[0.273s] -- Detecting CXX compile features - done
[0.280s] -- Found ament_cmake: 1.3.8 (/opt/ros/humble/share/ament_cmake/cmake)
[0.532s] -- Found Python3: /usr/bin/python3 (found version "3.10.12") found components: Interpreter 
[0.608s] -- Override CMake install command with custom implementation using symlinks instead of copying resources
[0.692s] -- Found backward_ros: 1.0.2 (/opt/ros/humble/share/backward_ros/cmake)
[0.707s] -- Found libdw: /usr/lib/x86_64-linux-gnu/libdw.so  
[0.716s] -- Could NOT find libbfd (missing: LIBBFD_LIBRARY LIBBFD_INCLUDE_DIR) 
[0.716s] -- BACKWARD_HAS_UNWIND=1
[0.716s] -- BACKWARD_HAS_BACKTRACE=0
[0.716s] -- BACKWARD_HAS_BACKTRACE_SYMBOL=0
[0.716s] -- BACKWARD_HAS_DW=1
[0.716s] -- BACKWARD_HAS_BFD=0
[0.717s] -- Found Backward: /opt/ros/humble/share/backward_ros/cmake  
[0.722s] -- Found angles: 1.15.0 (/opt/ros/humble/share/angles/cmake)
[0.727s] -- Found control_msgs: 4.4.0 (/home/psd/psd_ws/install/control_msgs/share/control_msgs/cmake)
[0.807s] -- Found rosidl_generator_c: 3.1.5 (/opt/ros/humble/share/rosidl_generator_c/cmake)
[0.823s] -- Found rosidl_adapter: 3.1.5 (/opt/ros/humble/share/rosidl_adapter/cmake)
[0.841s] -- Found rosidl_generator_cpp: 3.1.5 (/opt/ros/humble/share/rosidl_generator_cpp/cmake)
[0.869s] -- Using all available rosidl_typesupport_c: rosidl_typesupport_fastrtps_c;rosidl_typesupport_introspection_c
[0.907s] -- Using all available rosidl_typesupport_cpp: rosidl_typesupport_fastrtps_cpp;rosidl_typesupport_introspection_cpp
[1.658s] -- Found control_toolbox: 3.2.0 (/home/psd/psd_ws/install/control_toolbox/share/control_toolbox/cmake)
[1.780s] -- Found rmw_implementation_cmake: 6.1.1 (/opt/ros/humble/share/rmw_implementation_cmake/cmake)
[1.787s] -- Found rmw_fastrtps_cpp: 6.2.6 (/opt/ros/humble/share/rmw_fastrtps_cpp/cmake)
[1.960s] -- Found OpenSSL: /usr/lib/x86_64-linux-gnu/libcrypto.so (found version "3.0.2")  
[2.007s] -- Found FastRTPS: /opt/ros/humble/include  
[2.104s] -- Using RMW implementation 'rmw_fastrtps_cpp' as default
[2.132s] -- Looking for C++ include pthread.h
[2.332s] -- Looking for C++ include pthread.h - found
[2.332s] -- Performing Test CMAKE_HAVE_LIBC_PTHREAD
[2.499s] -- Performing Test CMAKE_HAVE_LIBC_PTHREAD - Success
[2.501s] -- Found Threads: TRUE  
[2.841s] -- Found parameter_traits: 0.3.8 (/opt/ros/humble/share/parameter_traits/cmake)
[2.899s] -- Found rclcpp_lifecycle: 16.0.8 (/opt/ros/humble/share/rclcpp_lifecycle/cmake)
[3.047s] -- Found controller_interface: 2.40.0 (/home/psd/psd_ws/install/controller_interface/share/controller_interface/cmake)
[3.429s] -- Found joint_trajectory_controller: 2.33.0 (/home/psd/psd_ws/install/joint_trajectory_controller/share/joint_trajectory_controller/cmake)
[3.939s] -- Found kinematics_interface: 1.0.0 (/home/psd/psd_ws/install/kinematics_interface/share/kinematics_interface/cmake)
[3.952s] -- Found tf2: 0.25.6 (/opt/ros/humble/share/tf2/cmake)
[3.965s] -- Found tf2_eigen: 0.25.6 (/opt/ros/humble/share/tf2_eigen/cmake)
[4.253s] -- Found tf2_geometry_msgs: 0.25.6 (/opt/ros/humble/share/tf2_geometry_msgs/cmake)
[4.275s] -- Found eigen3_cmake_module: 0.1.1 (/opt/ros/humble/share/eigen3_cmake_module/cmake)
[4.277s] -- Found Eigen3: TRUE (found version "3.4.0") 
[4.277s] -- Ensuring Eigen3 include directory is part of orocos-kdl CMake target
[4.290s] -- Found tf2_kdl: 0.25.6 (/opt/ros/humble/share/tf2_kdl/cmake)
[4.783s] -- Found ament_cmake_gmock: 1.3.8 (/opt/ros/humble/share/ament_cmake_gmock/cmake)
[4.785s] -- Found controller_manager: 2.40.0 (/home/psd/psd_ws/install/controller_manager/share/controller_manager/cmake)
[5.319s] -- Found ros2_control_test_assets: 2.40.0 (/home/psd/psd_ws/install/ros2_control_test_assets/share/ros2_control_test_assets/cmake)
[5.322s] -- Found kinematics_interface_kdl: 1.0.0 (/home/psd/psd_ws/install/kinematics_interface_kdl/share/kinematics_interface_kdl/cmake)
[5.364s] -- Found gmock sources under '/opt/ros/humble/src/gmock_vendor': C++ tests using 'Google Mock' will be built
[5.484s] -- The C compiler identification is GNU 11.4.0
[5.532s] -- Detecting C compiler ABI info
[5.953s] -- Detecting C compiler ABI info - done
[5.965s] -- Check for working C compiler: /usr/bin/cc - skipped
[5.965s] -- Detecting C compile features
[5.966s] -- Detecting C compile features - done
[5.994s] -- Found ament_cmake_gtest: 1.3.8 (/opt/ros/humble/share/ament_cmake_gtest/cmake)
[5.996s] -- Found gtest sources under '/opt/ros/humble/src/gtest_vendor': C++ tests using 'Google Test' will be built
[7.573s] -- Found gmock sources under '/opt/ros/humble/src/gmock_vendor': C++ tests using 'Google Mock' will be built
[7.574s] -- Found ament_cmake_gtest: 1.3.8 (/opt/ros/humble/share/ament_cmake_gtest/cmake)
[7.576s] -- Found gtest sources under '/opt/ros/humble/src/gtest_vendor': C++ tests using 'Google Test' will be built
[8.434s] -- Configuring done
[8.677s] -- Generating done
[8.697s] -- Build files have been written to: /home/psd/psd_ws/build/admittance_controller
[8.741s] Invoked command in '/home/psd/psd_ws/build/admittance_controller' returned '0': AMENT_PREFIX_PATH=/home/psd/psd_ws/install/joint_trajectory_controller:/home/psd/psd_ws/install/controller_manager:/home/psd/psd_ws/install/hardware_interface_testing:/home/psd/psd_ws/install/controller_interface:/home/psd/psd_ws/install/kinematics_interface_kdl:/home/psd/psd_ws/install/hardware_interface:/home/psd/psd_ws/install/control_toolbox:/home/psd/psd_ws/install/ros2_control_test_assets:/home/psd/psd_ws/install/realtime_tools:/home/psd/psd_ws/install/kinematics_interface:/home/psd/psd_ws/install/controller_manager_msgs:/home/psd/psd_ws/install/control_msgs:${AMENT_PREFIX_PATH} CMAKE_PREFIX_PATH=/home/psd/psd_ws/install/joint_trajectory_controller:/home/psd/psd_ws/install/controller_manager:/home/psd/psd_ws/install/hardware_interface_testing:/home/psd/psd_ws/install/controller_interface:/home/psd/psd_ws/install/kinematics_interface_kdl:/home/psd/psd_ws/install/hardware_interface:/home/psd/psd_ws/install/control_toolbox:/home/psd/psd_ws/install/ros2_control_test_assets:/home/psd/psd_ws/install/realtime_tools:/home/psd/psd_ws/install/kinematics_interface:/home/psd/psd_ws/install/controller_manager_msgs:/home/psd/psd_ws/install/control_msgs:/opt/ros/humble LD_LIBRARY_PATH=/home/psd/psd_ws/install/joint_trajectory_controller/lib:/home/psd/psd_ws/install/controller_manager/lib:/home/psd/psd_ws/install/hardware_interface_testing/lib:/home/psd/psd_ws/install/controller_interface/lib:/home/psd/psd_ws/install/kinematics_interface_kdl/lib:/home/psd/psd_ws/install/hardware_interface/lib:/home/psd/psd_ws/install/control_toolbox/lib:/home/psd/psd_ws/install/realtime_tools/lib:/home/psd/psd_ws/install/kinematics_interface/lib:/home/psd/psd_ws/install/controller_manager_msgs/lib:/home/psd/psd_ws/install/control_msgs/lib:${LD_LIBRARY_PATH} PYTHONPATH=/home/psd/psd_ws/install/controller_manager/local/lib/python3.10/dist-packages:/home/psd/psd_ws/install/controller_manager_msgs/local/lib/python3.10/dist-packages:/home/psd/psd_ws/install/control_msgs/local/lib/python3.10/dist-packages:${PYTHONPATH} /usr/bin/cmake /home/psd/psd_ws/src/ros-controls/ros2_controllers/admittance_controller -DAMENT_CMAKE_SYMLINK_INSTALL=1 -DCMAKE_INSTALL_PREFIX=/home/psd/psd_ws/install/admittance_controller
[8.752s] Invoking command in '/home/psd/psd_ws/build/admittance_controller': AMENT_PREFIX_PATH=/home/psd/psd_ws/install/joint_trajectory_controller:/home/psd/psd_ws/install/controller_manager:/home/psd/psd_ws/install/hardware_interface_testing:/home/psd/psd_ws/install/controller_interface:/home/psd/psd_ws/install/kinematics_interface_kdl:/home/psd/psd_ws/install/hardware_interface:/home/psd/psd_ws/install/control_toolbox:/home/psd/psd_ws/install/ros2_control_test_assets:/home/psd/psd_ws/install/realtime_tools:/home/psd/psd_ws/install/kinematics_interface:/home/psd/psd_ws/install/controller_manager_msgs:/home/psd/psd_ws/install/control_msgs:${AMENT_PREFIX_PATH} CMAKE_PREFIX_PATH=/home/psd/psd_ws/install/joint_trajectory_controller:/home/psd/psd_ws/install/controller_manager:/home/psd/psd_ws/install/hardware_interface_testing:/home/psd/psd_ws/install/controller_interface:/home/psd/psd_ws/install/kinematics_interface_kdl:/home/psd/psd_ws/install/hardware_interface:/home/psd/psd_ws/install/control_toolbox:/home/psd/psd_ws/install/ros2_control_test_assets:/home/psd/psd_ws/install/realtime_tools:/home/psd/psd_ws/install/kinematics_interface:/home/psd/psd_ws/install/controller_manager_msgs:/home/psd/psd_ws/install/control_msgs:/opt/ros/humble LD_LIBRARY_PATH=/home/psd/psd_ws/install/joint_trajectory_controller/lib:/home/psd/psd_ws/install/controller_manager/lib:/home/psd/psd_ws/install/hardware_interface_testing/lib:/home/psd/psd_ws/install/controller_interface/lib:/home/psd/psd_ws/install/kinematics_interface_kdl/lib:/home/psd/psd_ws/install/hardware_interface/lib:/home/psd/psd_ws/install/control_toolbox/lib:/home/psd/psd_ws/install/realtime_tools/lib:/home/psd/psd_ws/install/kinematics_interface/lib:/home/psd/psd_ws/install/controller_manager_msgs/lib:/home/psd/psd_ws/install/control_msgs/lib:${LD_LIBRARY_PATH} PYTHONPATH=/home/psd/psd_ws/install/controller_manager/local/lib/python3.10/dist-packages:/home/psd/psd_ws/install/controller_manager_msgs/local/lib/python3.10/dist-packages:/home/psd/psd_ws/install/control_msgs/local/lib/python3.10/dist-packages:${PYTHONPATH} /usr/bin/cmake --build /home/psd/psd_ws/build/admittance_controller -- -j20 -l20
[8.874s] [ 10%] [34m[1mRunning `/opt/ros/humble/bin/generate_parameter_library_cpp /home/psd/psd_ws/build/admittance_controller/admittance_controller_parameters/include//admittance_controller_parameters.hpp /home/psd/psd_ws/src/ros-controls/ros2_controllers/admittance_controller/src/admittance_controller_parameters.yaml `[0m
[9.031s] [ 20%] [32mBuilding CXX object gmock/CMakeFiles/gmock.dir/src/gmock-all.cc.o[0m
[9.039s] [ 30%] [32mBuilding CXX object gmock/CMakeFiles/gmock.dir/opt/ros/humble/src/gtest_vendor/src/gtest-all.cc.o[0m
[10.888s] [ 30%] Built target admittance_controller_parameters
[11.011s] [ 40%] [32mBuilding CXX object CMakeFiles/admittance_controller.dir/src/admittance_controller.cpp.o[0m
[14.229s] [ 50%] [32m[1mLinking CXX static library libgmock.a[0m
[14.310s] [ 50%] Built target gmock
[14.337s] [ 60%] [32mBuilding CXX object CMakeFiles/test_load_admittance_controller.dir/test/test_load_admittance_controller.cpp.o[0m
[18.494s] [ 70%] [32m[1mLinking CXX executable test_load_admittance_controller[0m
[19.095s] [ 70%] Built target test_load_admittance_controller
[25.653s] [ 80%] [32m[1mLinking CXX shared library libadmittance_controller.so[0m
[26.174s] [ 80%] Built target admittance_controller
[26.188s] [ 90%] [32mBuilding CXX object CMakeFiles/test_admittance_controller.dir/test/test_admittance_controller.cpp.o[0m
[35.384s] [100%] [32m[1mLinking CXX executable test_admittance_controller[0m
[36.075s] [100%] Built target test_admittance_controller
[36.086s] Invoked command in '/home/psd/psd_ws/build/admittance_controller' returned '0': AMENT_PREFIX_PATH=/home/psd/psd_ws/install/joint_trajectory_controller:/home/psd/psd_ws/install/controller_manager:/home/psd/psd_ws/install/hardware_interface_testing:/home/psd/psd_ws/install/controller_interface:/home/psd/psd_ws/install/kinematics_interface_kdl:/home/psd/psd_ws/install/hardware_interface:/home/psd/psd_ws/install/control_toolbox:/home/psd/psd_ws/install/ros2_control_test_assets:/home/psd/psd_ws/install/realtime_tools:/home/psd/psd_ws/install/kinematics_interface:/home/psd/psd_ws/install/controller_manager_msgs:/home/psd/psd_ws/install/control_msgs:${AMENT_PREFIX_PATH} CMAKE_PREFIX_PATH=/home/psd/psd_ws/install/joint_trajectory_controller:/home/psd/psd_ws/install/controller_manager:/home/psd/psd_ws/install/hardware_interface_testing:/home/psd/psd_ws/install/controller_interface:/home/psd/psd_ws/install/kinematics_interface_kdl:/home/psd/psd_ws/install/hardware_interface:/home/psd/psd_ws/install/control_toolbox:/home/psd/psd_ws/install/ros2_control_test_assets:/home/psd/psd_ws/install/realtime_tools:/home/psd/psd_ws/install/kinematics_interface:/home/psd/psd_ws/install/controller_manager_msgs:/home/psd/psd_ws/install/control_msgs:/opt/ros/humble LD_LIBRARY_PATH=/home/psd/psd_ws/install/joint_trajectory_controller/lib:/home/psd/psd_ws/install/controller_manager/lib:/home/psd/psd_ws/install/hardware_interface_testing/lib:/home/psd/psd_ws/install/controller_interface/lib:/home/psd/psd_ws/install/kinematics_interface_kdl/lib:/home/psd/psd_ws/install/hardware_interface/lib:/home/psd/psd_ws/install/control_toolbox/lib:/home/psd/psd_ws/install/realtime_tools/lib:/home/psd/psd_ws/install/kinematics_interface/lib:/home/psd/psd_ws/install/controller_manager_msgs/lib:/home/psd/psd_ws/install/control_msgs/lib:${LD_LIBRARY_PATH} PYTHONPATH=/home/psd/psd_ws/install/controller_manager/local/lib/python3.10/dist-packages:/home/psd/psd_ws/install/controller_manager_msgs/local/lib/python3.10/dist-packages:/home/psd/psd_ws/install/control_msgs/local/lib/python3.10/dist-packages:${PYTHONPATH} /usr/bin/cmake --build /home/psd/psd_ws/build/admittance_controller -- -j20 -l20
[36.106s] Invoking command in '/home/psd/psd_ws/build/admittance_controller': AMENT_PREFIX_PATH=/home/psd/psd_ws/install/joint_trajectory_controller:/home/psd/psd_ws/install/controller_manager:/home/psd/psd_ws/install/hardware_interface_testing:/home/psd/psd_ws/install/controller_interface:/home/psd/psd_ws/install/kinematics_interface_kdl:/home/psd/psd_ws/install/hardware_interface:/home/psd/psd_ws/install/control_toolbox:/home/psd/psd_ws/install/ros2_control_test_assets:/home/psd/psd_ws/install/realtime_tools:/home/psd/psd_ws/install/kinematics_interface:/home/psd/psd_ws/install/controller_manager_msgs:/home/psd/psd_ws/install/control_msgs:${AMENT_PREFIX_PATH} CMAKE_PREFIX_PATH=/home/psd/psd_ws/install/joint_trajectory_controller:/home/psd/psd_ws/install/controller_manager:/home/psd/psd_ws/install/hardware_interface_testing:/home/psd/psd_ws/install/controller_interface:/home/psd/psd_ws/install/kinematics_interface_kdl:/home/psd/psd_ws/install/hardware_interface:/home/psd/psd_ws/install/control_toolbox:/home/psd/psd_ws/install/ros2_control_test_assets:/home/psd/psd_ws/install/realtime_tools:/home/psd/psd_ws/install/kinematics_interface:/home/psd/psd_ws/install/controller_manager_msgs:/home/psd/psd_ws/install/control_msgs:/opt/ros/humble LD_LIBRARY_PATH=/home/psd/psd_ws/install/joint_trajectory_controller/lib:/home/psd/psd_ws/install/controller_manager/lib:/home/psd/psd_ws/install/hardware_interface_testing/lib:/home/psd/psd_ws/install/controller_interface/lib:/home/psd/psd_ws/install/kinematics_interface_kdl/lib:/home/psd/psd_ws/install/hardware_interface/lib:/home/psd/psd_ws/install/control_toolbox/lib:/home/psd/psd_ws/install/realtime_tools/lib:/home/psd/psd_ws/install/kinematics_interface/lib:/home/psd/psd_ws/install/controller_manager_msgs/lib:/home/psd/psd_ws/install/control_msgs/lib:${LD_LIBRARY_PATH} PYTHONPATH=/home/psd/psd_ws/install/controller_manager/local/lib/python3.10/dist-packages:/home/psd/psd_ws/install/controller_manager_msgs/local/lib/python3.10/dist-packages:/home/psd/psd_ws/install/control_msgs/local/lib/python3.10/dist-packages:${PYTHONPATH} /usr/bin/cmake --install /home/psd/psd_ws/build/admittance_controller
[36.112s] -- Install configuration: ""
[36.112s] -- Execute custom install script
[36.112s] -- Symlinking: /home/psd/psd_ws/install/admittance_controller/include/admittance_controller_parameters/admittance_controller_parameters.hpp
[36.118s] -- Symlinking: /home/psd/psd_ws/install/admittance_controller/share/admittance_controller//admittance_controller.xml
[36.124s] -- Symlinking: /home/psd/psd_ws/install/admittance_controller/include/admittance_controller/admittance_controller/admittance_controller.hpp
[36.129s] -- Symlinking: /home/psd/psd_ws/install/admittance_controller/include/admittance_controller/admittance_controller/admittance_rule.hpp
[36.135s] -- Symlinking: /home/psd/psd_ws/install/admittance_controller/include/admittance_controller/admittance_controller/admittance_rule_impl.hpp
[36.140s] -- Symlinking: /home/psd/psd_ws/install/admittance_controller/include/admittance_controller/admittance_controller/visibility_control.h
[36.145s] -- Symlinking: /home/psd/psd_ws/install/admittance_controller/share/admittance_controller/environment/library_path.sh
[36.151s] -- Symlinking: /home/psd/psd_ws/install/admittance_controller/share/admittance_controller/environment/library_path.dsv
[36.157s] -- Symlinking: /home/psd/psd_ws/install/admittance_controller/share/ament_index/resource_index/package_run_dependencies/admittance_controller
[36.162s] -- Symlinking: /home/psd/psd_ws/install/admittance_controller/share/ament_index/resource_index/parent_prefix_path/admittance_controller
[36.167s] -- Symlinking: /home/psd/psd_ws/install/admittance_controller/share/admittance_controller/environment/ament_prefix_path.sh
[36.172s] -- Symlinking: /home/psd/psd_ws/install/admittance_controller/share/admittance_controller/environment/ament_prefix_path.dsv
[36.177s] -- Symlinking: /home/psd/psd_ws/install/admittance_controller/share/admittance_controller/environment/path.sh
[36.182s] -- Symlinking: /home/psd/psd_ws/install/admittance_controller/share/admittance_controller/environment/path.dsv
[36.187s] -- Symlinking: /home/psd/psd_ws/install/admittance_controller/share/admittance_controller/local_setup.bash
[36.192s] -- Symlinking: /home/psd/psd_ws/install/admittance_controller/share/admittance_controller/local_setup.sh
[36.197s] -- Symlinking: /home/psd/psd_ws/install/admittance_controller/share/admittance_controller/local_setup.zsh
[36.203s] -- Symlinking: /home/psd/psd_ws/install/admittance_controller/share/admittance_controller/local_setup.dsv
[36.207s] -- Symlinking: /home/psd/psd_ws/install/admittance_controller/share/admittance_controller/package.dsv
[36.213s] -- Symlinking: /home/psd/psd_ws/install/admittance_controller/share/ament_index/resource_index/packages/admittance_controller
[36.218s] -- Symlinking: /home/psd/psd_ws/install/admittance_controller/share/ament_index/resource_index/controller_interface__pluginlib__plugin/admittance_controller
[36.224s] -- Symlinking: /home/psd/psd_ws/install/admittance_controller/share/admittance_controller/cmake/ament_cmake_export_targets-extras.cmake
[36.229s] -- Symlinking: /home/psd/psd_ws/install/admittance_controller/share/admittance_controller/cmake/ament_cmake_export_dependencies-extras.cmake
[36.234s] -- Symlinking: /home/psd/psd_ws/install/admittance_controller/share/admittance_controller/cmake/admittance_controllerConfig.cmake
[36.239s] -- Symlinking: /home/psd/psd_ws/install/admittance_controller/share/admittance_controller/cmake/admittance_controllerConfig-version.cmake
[36.244s] -- Symlinking: /home/psd/psd_ws/install/admittance_controller/share/admittance_controller/package.xml
[36.249s] -- Installing: /home/psd/psd_ws/install/admittance_controller/lib/libadmittance_controller.so
[36.256s] -- Set runtime path of "/home/psd/psd_ws/install/admittance_controller/lib/libadmittance_controller.so" to ""
[36.256s] -- Installing: /home/psd/psd_ws/install/admittance_controller/share/admittance_controller/cmake/export_admittance_controllerExport.cmake
[36.256s] -- Installing: /home/psd/psd_ws/install/admittance_controller/share/admittance_controller/cmake/export_admittance_controllerExport-noconfig.cmake
[36.258s] Invoked command in '/home/psd/psd_ws/build/admittance_controller' returned '0': AMENT_PREFIX_PATH=/home/psd/psd_ws/install/joint_trajectory_controller:/home/psd/psd_ws/install/controller_manager:/home/psd/psd_ws/install/hardware_interface_testing:/home/psd/psd_ws/install/controller_interface:/home/psd/psd_ws/install/kinematics_interface_kdl:/home/psd/psd_ws/install/hardware_interface:/home/psd/psd_ws/install/control_toolbox:/home/psd/psd_ws/install/ros2_control_test_assets:/home/psd/psd_ws/install/realtime_tools:/home/psd/psd_ws/install/kinematics_interface:/home/psd/psd_ws/install/controller_manager_msgs:/home/psd/psd_ws/install/control_msgs:${AMENT_PREFIX_PATH} CMAKE_PREFIX_PATH=/home/psd/psd_ws/install/joint_trajectory_controller:/home/psd/psd_ws/install/controller_manager:/home/psd/psd_ws/install/hardware_interface_testing:/home/psd/psd_ws/install/controller_interface:/home/psd/psd_ws/install/kinematics_interface_kdl:/home/psd/psd_ws/install/hardware_interface:/home/psd/psd_ws/install/control_toolbox:/home/psd/psd_ws/install/ros2_control_test_assets:/home/psd/psd_ws/install/realtime_tools:/home/psd/psd_ws/install/kinematics_interface:/home/psd/psd_ws/install/controller_manager_msgs:/home/psd/psd_ws/install/control_msgs:/opt/ros/humble LD_LIBRARY_PATH=/home/psd/psd_ws/install/joint_trajectory_controller/lib:/home/psd/psd_ws/install/controller_manager/lib:/home/psd/psd_ws/install/hardware_interface_testing/lib:/home/psd/psd_ws/install/controller_interface/lib:/home/psd/psd_ws/install/kinematics_interface_kdl/lib:/home/psd/psd_ws/install/hardware_interface/lib:/home/psd/psd_ws/install/control_toolbox/lib:/home/psd/psd_ws/install/realtime_tools/lib:/home/psd/psd_ws/install/kinematics_interface/lib:/home/psd/psd_ws/install/controller_manager_msgs/lib:/home/psd/psd_ws/install/control_msgs/lib:${LD_LIBRARY_PATH} PYTHONPATH=/home/psd/psd_ws/install/controller_manager/local/lib/python3.10/dist-packages:/home/psd/psd_ws/install/controller_manager_msgs/local/lib/python3.10/dist-packages:/home/psd/psd_ws/install/control_msgs/local/lib/python3.10/dist-packages:${PYTHONPATH} /usr/bin/cmake --install /home/psd/psd_ws/build/admittance_controller
