-- Install configuration: ""
-- Up-to-date: /psd_ws/install/psd_vehicle_bringup/share/psd_vehicle_bringup/launch
-- Up-to-date: /psd_ws/install/psd_vehicle_bringup/share/psd_vehicle_bringup/launch/bringup.launch.py
-- Up-to-date: /psd_ws/install/psd_vehicle_bringup/share/psd_vehicle_bringup/config
-- Up-to-date: /psd_ws/install/psd_vehicle_bringup/share/psd_vehicle_bringup/config/ekf.yaml
-- Up-to-date: /psd_ws/install/psd_vehicle_bringup/share/psd_vehicle_bringup/config/laser_filter.yaml
-- Up-to-date: /psd_ws/install/psd_vehicle_bringup/share/ament_index/resource_index/package_run_dependencies/psd_vehicle_bringup
-- Up-to-date: /psd_ws/install/psd_vehicle_bringup/share/ament_index/resource_index/parent_prefix_path/psd_vehicle_bringup
-- Up-to-date: /psd_ws/install/psd_vehicle_bringup/share/psd_vehicle_bringup/environment/ament_prefix_path.sh
-- Up-to-date: /psd_ws/install/psd_vehicle_bringup/share/psd_vehicle_bringup/environment/ament_prefix_path.dsv
-- Up-to-date: /psd_ws/install/psd_vehicle_bringup/share/psd_vehicle_bringup/environment/path.sh
-- Up-to-date: /psd_ws/install/psd_vehicle_bringup/share/psd_vehicle_bringup/environment/path.dsv
-- Up-to-date: /psd_ws/install/psd_vehicle_bringup/share/psd_vehicle_bringup/local_setup.bash
-- Up-to-date: /psd_ws/install/psd_vehicle_bringup/share/psd_vehicle_bringup/local_setup.sh
-- Up-to-date: /psd_ws/install/psd_vehicle_bringup/share/psd_vehicle_bringup/local_setup.zsh
-- Up-to-date: /psd_ws/install/psd_vehicle_bringup/share/psd_vehicle_bringup/local_setup.dsv
-- Installing: /psd_ws/install/psd_vehicle_bringup/share/psd_vehicle_bringup/package.dsv
-- Up-to-date: /psd_ws/install/psd_vehicle_bringup/share/ament_index/resource_index/packages/psd_vehicle_bringup
-- Up-to-date: /psd_ws/install/psd_vehicle_bringup/share/psd_vehicle_bringup/cmake/psd_vehicle_bringupConfig.cmake
-- Up-to-date: /psd_ws/install/psd_vehicle_bringup/share/psd_vehicle_bringup/cmake/psd_vehicle_bringupConfig-version.cmake
-- Up-to-date: /psd_ws/install/psd_vehicle_bringup/share/psd_vehicle_bringup/package.xml
