-- Found ament_cmake: 1.3.8 (/opt/ros/humble/share/ament_cmake/cmake)
-- Override CMake install command with custom implementation using symlinks instead of copying resources
-- Found hardware_interface: 2.40.0 (/home/psd/psd_ws/install/hardware_interface/share/hardware_interface/cmake)
-- Found rosidl_generator_c: 3.1.5 (/opt/ros/humble/share/rosidl_generator_c/cmake)
-- Found rosidl_adapter: 3.1.5 (/opt/ros/humble/share/rosidl_adapter/cmake)
-- Found rosidl_generator_cpp: 3.1.5 (/opt/ros/humble/share/rosidl_generator_cpp/cmake)
-- Using all available rosidl_typesupport_c: rosidl_typesupport_fastrtps_c;rosidl_typesupport_introspection_c
-- Using all available rosidl_typesupport_cpp: rosidl_typesupport_fastrtps_cpp;rosidl_typesupport_introspection_cpp
-- Found rmw_implementation_cmake: 6.1.1 (/opt/ros/humble/share/rmw_implementation_cmake/cmake)
-- Found rmw_fastrtps_cpp: 6.2.6 (/opt/ros/humble/share/rmw_fastrtps_cpp/cmake)
-- Found TinyXML2 via Config file: TinyXML2_DIR-NOTFOUND
-- Found TinyXML2 via Config file: TinyXML2_DIR-NOTFOUND
-- Found TinyXML2 via Config file: TinyXML2_DIR-NOTFOUND
-- Found TinyXML2 via Config file: TinyXML2_DIR-NOTFOUND
-- Using RMW implementation 'rmw_fastrtps_cpp' as default
-- Found ament_cmake_pytest: 1.3.8 (/opt/ros/humble/share/ament_cmake_pytest/cmake)
-- Configuring done
-- Generating done
-- Build files have been written to: /home/psd/psd_ws/build/ros2_control_demo_example_11
[35m[1mConsolidate compiler generated dependencies of target ros2_control_demo_example_11[0m
[ 50%] [32m[1mLinking CXX shared library libros2_control_demo_example_11.so[0m
[100%] Built target ros2_control_demo_example_11
-- Install configuration: ""
-- Execute custom install script
-- Up-to-date symlink: /home/psd/psd_ws/install/ros2_control_demo_example_11/share/ros2_control_demo_example_11//ros2_control_demo_example_11.xml
-- Up-to-date symlink: /home/psd/psd_ws/install/ros2_control_demo_example_11/include/ros2_control_demo_example_11/ros2_control_demo_example_11/carlikebot_system.hpp
-- Up-to-date symlink: /home/psd/psd_ws/install/ros2_control_demo_example_11/include/ros2_control_demo_example_11/ros2_control_demo_example_11/visibility_control.h
-- Up-to-date symlink: /home/psd/psd_ws/install/ros2_control_demo_example_11/share/ros2_control_demo_example_11/launch/view_robot.launch.py
-- Up-to-date symlink: /home/psd/psd_ws/install/ros2_control_demo_example_11/share/ros2_control_demo_example_11/ros2_control/carlikebot.ros2_control.xacro
-- Up-to-date symlink: /home/psd/psd_ws/install/ros2_control_demo_example_11/share/ros2_control_demo_example_11/urdf/carlikebot.urdf.xacro
-- Up-to-date symlink: /home/psd/psd_ws/install/ros2_control_demo_example_11/share/ros2_control_demo_example_11/launch/carlikebot.launch.py
-- Up-to-date symlink: /home/psd/psd_ws/install/ros2_control_demo_example_11/share/ros2_control_demo_example_11/config/carlikebot_controllers.yaml
-- Up-to-date symlink: /home/psd/psd_ws/install/ros2_control_demo_example_11/share/ros2_control_demo_example_11/environment/library_path.sh
-- Up-to-date symlink: /home/psd/psd_ws/install/ros2_control_demo_example_11/share/ros2_control_demo_example_11/environment/library_path.dsv
-- Up-to-date symlink: /home/psd/psd_ws/install/ros2_control_demo_example_11/share/ament_index/resource_index/package_run_dependencies/ros2_control_demo_example_11
-- Up-to-date symlink: /home/psd/psd_ws/install/ros2_control_demo_example_11/share/ament_index/resource_index/parent_prefix_path/ros2_control_demo_example_11
-- Up-to-date symlink: /home/psd/psd_ws/install/ros2_control_demo_example_11/share/ros2_control_demo_example_11/environment/ament_prefix_path.sh
-- Up-to-date symlink: /home/psd/psd_ws/install/ros2_control_demo_example_11/share/ros2_control_demo_example_11/environment/ament_prefix_path.dsv
-- Up-to-date symlink: /home/psd/psd_ws/install/ros2_control_demo_example_11/share/ros2_control_demo_example_11/environment/path.sh
-- Up-to-date symlink: /home/psd/psd_ws/install/ros2_control_demo_example_11/share/ros2_control_demo_example_11/environment/path.dsv
-- Up-to-date symlink: /home/psd/psd_ws/install/ros2_control_demo_example_11/share/ros2_control_demo_example_11/local_setup.bash
-- Up-to-date symlink: /home/psd/psd_ws/install/ros2_control_demo_example_11/share/ros2_control_demo_example_11/local_setup.sh
-- Up-to-date symlink: /home/psd/psd_ws/install/ros2_control_demo_example_11/share/ros2_control_demo_example_11/local_setup.zsh
-- Up-to-date symlink: /home/psd/psd_ws/install/ros2_control_demo_example_11/share/ros2_control_demo_example_11/local_setup.dsv
-- Symlinking: /home/psd/psd_ws/install/ros2_control_demo_example_11/share/ros2_control_demo_example_11/package.dsv
-- Up-to-date symlink: /home/psd/psd_ws/install/ros2_control_demo_example_11/share/ament_index/resource_index/packages/ros2_control_demo_example_11
-- Up-to-date symlink: /home/psd/psd_ws/install/ros2_control_demo_example_11/share/ament_index/resource_index/hardware_interface__pluginlib__plugin/ros2_control_demo_example_11
-- Up-to-date symlink: /home/psd/psd_ws/install/ros2_control_demo_example_11/share/ros2_control_demo_example_11/cmake/ament_cmake_export_targets-extras.cmake
-- Up-to-date symlink: /home/psd/psd_ws/install/ros2_control_demo_example_11/share/ros2_control_demo_example_11/cmake/ament_cmake_export_dependencies-extras.cmake
-- Up-to-date symlink: /home/psd/psd_ws/install/ros2_control_demo_example_11/share/ros2_control_demo_example_11/cmake/ros2_control_demo_example_11Config.cmake
-- Up-to-date symlink: /home/psd/psd_ws/install/ros2_control_demo_example_11/share/ros2_control_demo_example_11/cmake/ros2_control_demo_example_11Config-version.cmake
-- Up-to-date symlink: /home/psd/psd_ws/install/ros2_control_demo_example_11/share/ros2_control_demo_example_11/package.xml
-- Installing: /home/psd/psd_ws/install/ros2_control_demo_example_11/lib/libros2_control_demo_example_11.so
-- Set runtime path of "/home/psd/psd_ws/install/ros2_control_demo_example_11/lib/libros2_control_demo_example_11.so" to ""
-- Up-to-date: /home/psd/psd_ws/install/ros2_control_demo_example_11/share/ros2_control_demo_example_11/cmake/export_ros2_control_demo_example_11Export.cmake
-- Up-to-date: /home/psd/psd_ws/install/ros2_control_demo_example_11/share/ros2_control_demo_example_11/cmake/export_ros2_control_demo_example_11Export-noconfig.cmake
