[0.560s] Invoking command in '/home/edo/psd_startup/ros2_ws/src/gui_control': PYTHONPATH=/home/edo/psd_startup/ros2_ws/build/gui_control/prefix_override:/home/edo/psd_startup/ros2_ws/install/gui_control/lib/python3.10/site-packages:${PYTHONPATH} /usr/bin/python3 setup.py egg_info --egg-base ../../build/gui_control build --build-base /home/edo/psd_startup/ros2_ws/build/gui_control/build install --record /home/edo/psd_startup/ros2_ws/build/gui_control/install.log --single-version-externally-managed
[0.684s] running egg_info
[0.684s] writing ../../build/gui_control/gui_control.egg-info/PKG-INFO
[0.684s] writing dependency_links to ../../build/gui_control/gui_control.egg-info/dependency_links.txt
[0.684s] writing entry points to ../../build/gui_control/gui_control.egg-info/entry_points.txt
[0.684s] writing requirements to ../../build/gui_control/gui_control.egg-info/requires.txt
[0.684s] writing top-level names to ../../build/gui_control/gui_control.egg-info/top_level.txt
[0.685s] reading manifest file '../../build/gui_control/gui_control.egg-info/SOURCES.txt'
[0.686s] writing manifest file '../../build/gui_control/gui_control.egg-info/SOURCES.txt'
[0.686s] running build
[0.686s] running build_py
[0.686s] running install
[0.686s] /usr/lib/python3/dist-packages/setuptools/command/install.py:34: SetuptoolsDeprecationWarning: setup.py install is deprecated. Use build and pip and other standards-based tools.
[0.686s]   warnings.warn(
[0.687s] running install_lib
[0.687s] running install_data
[0.687s] running install_egg_info
[0.688s] removing '/home/edo/psd_startup/ros2_ws/install/gui_control/lib/python3.10/site-packages/gui_control-0.0.0-py3.10.egg-info' (and everything under it)
[0.689s] Copying ../../build/gui_control/gui_control.egg-info to /home/edo/psd_startup/ros2_ws/install/gui_control/lib/python3.10/site-packages/gui_control-0.0.0-py3.10.egg-info
[0.689s] running install_scripts
[0.700s] Installing gui_control script to /home/edo/psd_startup/ros2_ws/install/gui_control/lib/gui_control
[0.700s] writing list of installed files to '/home/edo/psd_startup/ros2_ws/build/gui_control/install.log'
[0.741s] Invoked command in '/home/edo/psd_startup/ros2_ws/src/gui_control' returned '0': PYTHONPATH=/home/edo/psd_startup/ros2_ws/build/gui_control/prefix_override:/home/edo/psd_startup/ros2_ws/install/gui_control/lib/python3.10/site-packages:${PYTHONPATH} /usr/bin/python3 setup.py egg_info --egg-base ../../build/gui_control build --build-base /home/edo/psd_startup/ros2_ws/build/gui_control/build install --record /home/edo/psd_startup/ros2_ws/build/gui_control/install.log --single-version-externally-managed
