[  8%] Built target bicycle_steering_controller_parameters
[ 33%] Built target gmock
[ 50%] Built target test_load_bicycle_steering_controller
[ 66%] Built target bicycle_steering_controller
[ 83%] Built target test_bicycle_steering_controller
[100%] Built target test_bicycle_steering_controller_preceeding
-- Install configuration: ""
-- Execute custom install script
-- Up-to-date symlink: /home/psd/psd_ws/install/bicycle_steering_controller/include/bicycle_steering_controller_parameters/bicycle_steering_controller_parameters.hpp
-- Up-to-date symlink: /home/psd/psd_ws/install/bicycle_steering_controller/share/bicycle_steering_controller//bicycle_steering_controller.xml
-- Up-to-date symlink: /home/psd/psd_ws/install/bicycle_steering_controller/include/bicycle_steering_controller/bicycle_steering_controller/bicycle_steering_controller.hpp
-- Up-to-date symlink: /home/psd/psd_ws/install/bicycle_steering_controller/include/bicycle_steering_controller/bicycle_steering_controller/visibility_control.h
-- Up-to-date symlink: /home/psd/psd_ws/install/bicycle_steering_controller/share/bicycle_steering_controller/environment/library_path.sh
-- Up-to-date symlink: /home/psd/psd_ws/install/bicycle_steering_controller/share/bicycle_steering_controller/environment/library_path.dsv
-- Up-to-date symlink: /home/psd/psd_ws/install/bicycle_steering_controller/share/ament_index/resource_index/package_run_dependencies/bicycle_steering_controller
-- Up-to-date symlink: /home/psd/psd_ws/install/bicycle_steering_controller/share/ament_index/resource_index/parent_prefix_path/bicycle_steering_controller
-- Up-to-date symlink: /home/psd/psd_ws/install/bicycle_steering_controller/share/bicycle_steering_controller/environment/ament_prefix_path.sh
-- Up-to-date symlink: /home/psd/psd_ws/install/bicycle_steering_controller/share/bicycle_steering_controller/environment/ament_prefix_path.dsv
-- Up-to-date symlink: /home/psd/psd_ws/install/bicycle_steering_controller/share/bicycle_steering_controller/environment/path.sh
-- Up-to-date symlink: /home/psd/psd_ws/install/bicycle_steering_controller/share/bicycle_steering_controller/environment/path.dsv
-- Up-to-date symlink: /home/psd/psd_ws/install/bicycle_steering_controller/share/bicycle_steering_controller/local_setup.bash
-- Up-to-date symlink: /home/psd/psd_ws/install/bicycle_steering_controller/share/bicycle_steering_controller/local_setup.sh
-- Up-to-date symlink: /home/psd/psd_ws/install/bicycle_steering_controller/share/bicycle_steering_controller/local_setup.zsh
-- Up-to-date symlink: /home/psd/psd_ws/install/bicycle_steering_controller/share/bicycle_steering_controller/local_setup.dsv
-- Symlinking: /home/psd/psd_ws/install/bicycle_steering_controller/share/bicycle_steering_controller/package.dsv
-- Up-to-date symlink: /home/psd/psd_ws/install/bicycle_steering_controller/share/ament_index/resource_index/packages/bicycle_steering_controller
-- Up-to-date symlink: /home/psd/psd_ws/install/bicycle_steering_controller/share/ament_index/resource_index/controller_interface__pluginlib__plugin/bicycle_steering_controller
-- Up-to-date symlink: /home/psd/psd_ws/install/bicycle_steering_controller/share/bicycle_steering_controller/cmake/ament_cmake_export_targets-extras.cmake
-- Up-to-date symlink: /home/psd/psd_ws/install/bicycle_steering_controller/share/bicycle_steering_controller/cmake/ament_cmake_export_dependencies-extras.cmake
-- Up-to-date symlink: /home/psd/psd_ws/install/bicycle_steering_controller/share/bicycle_steering_controller/cmake/bicycle_steering_controllerConfig.cmake
-- Up-to-date symlink: /home/psd/psd_ws/install/bicycle_steering_controller/share/bicycle_steering_controller/cmake/bicycle_steering_controllerConfig-version.cmake
-- Up-to-date symlink: /home/psd/psd_ws/install/bicycle_steering_controller/share/bicycle_steering_controller/package.xml
-- Up-to-date: /home/psd/psd_ws/install/bicycle_steering_controller/lib/libbicycle_steering_controller.so
-- Up-to-date: /home/psd/psd_ws/install/bicycle_steering_controller/share/bicycle_steering_controller/cmake/export_bicycle_steering_controllerExport.cmake
-- Up-to-date: /home/psd/psd_ws/install/bicycle_steering_controller/share/bicycle_steering_controller/cmake/export_bicycle_steering_controllerExport-noconfig.cmake
