[0.021s] Invoking command in '/psd_ws/build/psd_vehicle_description': CMAKE_PREFIX_PATH=/opt/ros/humble /usr/bin/cmake /psd_ws/src/psd_vehicle_description -DCMAKE_INSTALL_PREFIX=/psd_ws/install/psd_vehicle_description
[0.050s] -- The C compiler identification is GNU 11.4.0
[0.081s] -- The CXX compiler identification is GNU 11.4.0
[0.086s] -- Detecting C compiler ABI info
[0.124s] -- Detecting C compiler ABI info - done
[0.128s] -- Check for working C compiler: /usr/bin/cc - skipped
[0.128s] -- Detecting C compile features
[0.129s] -- Detecting C compile features - done
[0.130s] -- Detecting CXX compiler ABI info
[0.175s] -- Detecting CXX compiler ABI info - done
[0.179s] -- Check for working CXX compiler: /usr/bin/c++ - skipped
[0.179s] -- Detecting CXX compile features
[0.180s] -- Detecting CXX compile features - done
[0.181s] -- Found ament_cmake: 1.3.8 (/opt/ros/humble/share/ament_cmake/cmake)
[0.265s] -- Found Python3: /usr/bin/python3 (found version "3.10.12") found components: Interpreter 
[0.318s] -- Found ament_lint_auto: 0.12.10 (/opt/ros/humble/share/ament_lint_auto/cmake)
[0.362s] -- Added test 'flake8' to check Python code syntax and style conventions
[0.362s] -- Added test 'lint_cmake' to check CMake code style
[0.362s] -- Added test 'pep257' to check Python code against some of the docstring style conventions in PEP 257
[0.364s] -- Added test 'xmllint' to check XML markup files
[0.364s] -- Configuring done
[0.366s] -- Generating done
[0.366s] -- Build files have been written to: /psd_ws/build/psd_vehicle_description
[0.369s] Invoked command in '/psd_ws/build/psd_vehicle_description' returned '0': CMAKE_PREFIX_PATH=/opt/ros/humble /usr/bin/cmake /psd_ws/src/psd_vehicle_description -DCMAKE_INSTALL_PREFIX=/psd_ws/install/psd_vehicle_description
[0.370s] Invoking command in '/psd_ws/build/psd_vehicle_description': CMAKE_PREFIX_PATH=/opt/ros/humble /usr/bin/cmake --build /psd_ws/build/psd_vehicle_description -- -j20 -l20
[0.390s] Invoked command in '/psd_ws/build/psd_vehicle_description' returned '0': CMAKE_PREFIX_PATH=/opt/ros/humble /usr/bin/cmake --build /psd_ws/build/psd_vehicle_description -- -j20 -l20
[0.405s] Invoking command in '/psd_ws/build/psd_vehicle_description': CMAKE_PREFIX_PATH=/opt/ros/humble /usr/bin/cmake --install /psd_ws/build/psd_vehicle_description
[0.409s] -- Install configuration: ""
[0.409s] -- Installing: /psd_ws/install/psd_vehicle_description/share/psd_vehicle_description/src
[0.409s] -- Installing: /psd_ws/install/psd_vehicle_description/share/psd_vehicle_description/src/description
[0.409s] -- Installing: /psd_ws/install/psd_vehicle_description/share/psd_vehicle_description/src/description/psd_vehicle.trans
[0.409s] -- Installing: /psd_ws/install/psd_vehicle_description/share/psd_vehicle_description/src/description/meshes
[0.409s] -- Installing: /psd_ws/install/psd_vehicle_description/share/psd_vehicle_description/src/description/meshes/link_RR_1.stl
[0.409s] -- Installing: /psd_ws/install/psd_vehicle_description/share/psd_vehicle_description/src/description/meshes/link_FR_1.stl
[0.409s] -- Installing: /psd_ws/install/psd_vehicle_description/share/psd_vehicle_description/src/description/meshes/tyre_RL_1.stl
[0.409s] -- Installing: /psd_ws/install/psd_vehicle_description/share/psd_vehicle_description/src/description/meshes/perno_FR_1.stl
[0.409s] -- Installing: /psd_ws/install/psd_vehicle_description/share/psd_vehicle_description/src/description/meshes/tyre_RR_1.stl
[0.409s] -- Installing: /psd_ws/install/psd_vehicle_description/share/psd_vehicle_description/src/description/meshes/link_RL_1.stl
[0.409s] -- Installing: /psd_ws/install/psd_vehicle_description/share/psd_vehicle_description/src/description/meshes/base_link.stl
[0.409s] -- Installing: /psd_ws/install/psd_vehicle_description/share/psd_vehicle_description/src/description/meshes/link_FL_1.stl
[0.410s] -- Installing: /psd_ws/install/psd_vehicle_description/share/psd_vehicle_description/src/description/meshes/tyre_FR_1.stl
[0.410s] -- Installing: /psd_ws/install/psd_vehicle_description/share/psd_vehicle_description/src/description/meshes/tyre_FL_1.stl
[0.410s] -- Installing: /psd_ws/install/psd_vehicle_description/share/psd_vehicle_description/src/description/meshes/perno_FL_1.stl
[0.410s] -- Installing: /psd_ws/install/psd_vehicle_description/share/psd_vehicle_description/src/description/materials.xacro
[0.410s] -- Installing: /psd_ws/install/psd_vehicle_description/share/psd_vehicle_description/src/description/psd_vehicle.xacro
[0.410s] -- Installing: /psd_ws/install/psd_vehicle_description/share/psd_vehicle_description/src/description/psd_vehicle.gazebo
[0.410s] -- Installing: /psd_ws/install/psd_vehicle_description/share/psd_vehicle_description/launch
[0.410s] -- Installing: /psd_ws/install/psd_vehicle_description/share/psd_vehicle_description/launch/rsp.launch.py
[0.410s] -- Installing: /psd_ws/install/psd_vehicle_description/share/psd_vehicle_description/launch/gazebo.launch.py
[0.410s] -- Installing: /psd_ws/install/psd_vehicle_description/share/psd_vehicle_description/launch/display.launch.py
[0.410s] -- Installing: /psd_ws/install/psd_vehicle_description/share/psd_vehicle_description/rviz
[0.410s] -- Installing: /psd_ws/install/psd_vehicle_description/share/psd_vehicle_description/rviz/urdf.rviz
[0.410s] -- Installing: /psd_ws/install/psd_vehicle_description/share/psd_vehicle_description/rviz/urdf_config.rviz
[0.410s] -- Installing: /psd_ws/install/psd_vehicle_description/share/psd_vehicle_description/config
[0.410s] -- Installing: /psd_ws/install/psd_vehicle_description/share/psd_vehicle_description/config/empty.yaml
[0.410s] -- Installing: /psd_ws/install/psd_vehicle_description/share/ament_index/resource_index/package_run_dependencies/psd_vehicle_description
[0.410s] -- Installing: /psd_ws/install/psd_vehicle_description/share/ament_index/resource_index/parent_prefix_path/psd_vehicle_description
[0.410s] -- Installing: /psd_ws/install/psd_vehicle_description/share/psd_vehicle_description/environment/ament_prefix_path.sh
[0.410s] -- Installing: /psd_ws/install/psd_vehicle_description/share/psd_vehicle_description/environment/ament_prefix_path.dsv
[0.410s] -- Installing: /psd_ws/install/psd_vehicle_description/share/psd_vehicle_description/environment/path.sh
[0.410s] -- Installing: /psd_ws/install/psd_vehicle_description/share/psd_vehicle_description/environment/path.dsv
[0.411s] -- Installing: /psd_ws/install/psd_vehicle_description/share/psd_vehicle_description/local_setup.bash
[0.411s] -- Installing: /psd_ws/install/psd_vehicle_description/share/psd_vehicle_description/local_setup.sh
[0.411s] -- Installing: /psd_ws/install/psd_vehicle_description/share/psd_vehicle_description/local_setup.zsh
[0.411s] -- Installing: /psd_ws/install/psd_vehicle_description/share/psd_vehicle_description/local_setup.dsv
[0.411s] -- Installing: /psd_ws/install/psd_vehicle_description/share/psd_vehicle_description/package.dsv
[0.411s] -- Installing: /psd_ws/install/psd_vehicle_description/share/ament_index/resource_index/packages/psd_vehicle_description
[0.411s] -- Installing: /psd_ws/install/psd_vehicle_description/share/psd_vehicle_description/cmake/psd_vehicle_descriptionConfig.cmake
[0.411s] -- Installing: /psd_ws/install/psd_vehicle_description/share/psd_vehicle_description/cmake/psd_vehicle_descriptionConfig-version.cmake
[0.411s] -- Installing: /psd_ws/install/psd_vehicle_description/share/psd_vehicle_description/package.xml
[0.413s] Invoked command in '/psd_ws/build/psd_vehicle_description' returned '0': CMAKE_PREFIX_PATH=/opt/ros/humble /usr/bin/cmake --install /psd_ws/build/psd_vehicle_description
