[0.006s] Invoking command in '/home/ubuntu/psd_ws/build/gz_ros2_control_demos': AMENT_PREFIX_PATH=/home/ubuntu/psd_ws/install/gz_ros2_control:${AMENT_PREFIX_PATH} CMAKE_PREFIX_PATH=/home/ubuntu/psd_ws/install/gz_ros2_control:/opt/ros/jazzy/opt/gz_sim_vendor:/opt/ros/jazzy/opt/gz_sensors_vendor:/opt/ros/jazzy/opt/gz_physics_vendor:/opt/ros/jazzy/opt/sdformat_vendor:/opt/ros/jazzy/opt/gz_gui_vendor:/opt/ros/jazzy/opt/gz_transport_vendor:/opt/ros/jazzy/opt/gz_rendering_vendor:/opt/ros/jazzy/opt/gz_plugin_vendor:/opt/ros/jazzy/opt/gz_fuel_tools_vendor:/opt/ros/jazzy/opt/gz_msgs_vendor:/opt/ros/jazzy/opt/gz_common_vendor:/opt/ros/jazzy/opt/gz_math_vendor:/opt/ros/jazzy/opt/gz_utils_vendor:/opt/ros/jazzy/opt/gz_tools_vendor:/opt/ros/jazzy/opt/gz_ogre_next_vendor:/opt/ros/jazzy/opt/gz_dartsim_vendor:/opt/ros/jazzy/opt/gz_cmake_vendor:/opt/ros/jazzy LD_LIBRARY_PATH=/home/ubuntu/psd_ws/install/gz_ros2_control/lib:${LD_LIBRARY_PATH} /usr/bin/cmake /home/ubuntu/psd_ws/src/gz_ros2_control/gz_ros2_control_demos -DAMENT_CMAKE_SYMLINK_INSTALL=1 -DCMAKE_INSTALL_PREFIX=/home/ubuntu/psd_ws/install/gz_ros2_control_demos
[0.040s] -- The C compiler identification is GNU 13.2.0
[0.074s] -- The CXX compiler identification is GNU 13.2.0
[0.083s] -- Detecting C compiler ABI info
[0.137s] -- Detecting C compiler ABI info - done
[0.145s] -- Check for working C compiler: /usr/bin/cc - skipped
[0.145s] -- Detecting C compile features
[0.145s] -- Detecting C compile features - done
[0.151s] -- Detecting CXX compiler ABI info
[0.208s] -- Detecting CXX compiler ABI info - done
[0.213s] -- Check for working CXX compiler: /usr/bin/c++ - skipped
[0.213s] -- Detecting CXX compile features
[0.214s] -- Detecting CXX compile features - done
[0.218s] -- Found ament_cmake: 2.5.0 (/opt/ros/jazzy/share/ament_cmake/cmake)
[0.314s] -- Found Python3: /usr/bin/python3 (found version "3.12.3") found components: Interpreter 
[0.359s] -- Override CMake install command with custom implementation using symlinks instead of copying resources
[0.423s] -- Found control_msgs: 5.1.0 (/opt/ros/jazzy/share/control_msgs/cmake)
[0.477s] -- Found rosidl_generator_c: 4.6.2 (/opt/ros/jazzy/share/rosidl_generator_c/cmake)
[0.495s] -- Found rosidl_generator_cpp: 4.6.2 (/opt/ros/jazzy/share/rosidl_generator_cpp/cmake)
[0.514s] -- Using all available rosidl_typesupport_c: rosidl_typesupport_fastrtps_c;rosidl_typesupport_introspection_c
[0.534s] -- Using all available rosidl_typesupport_cpp: rosidl_typesupport_fastrtps_cpp;rosidl_typesupport_introspection_cpp
[0.680s] -- Found rclcpp: 28.1.2 (/opt/ros/jazzy/share/rclcpp/cmake)
[0.732s] -- Found rmw_implementation_cmake: 7.3.1 (/opt/ros/jazzy/share/rmw_implementation_cmake/cmake)
[0.737s] -- Found rmw_fastrtps_cpp: 8.4.0 (/opt/ros/jazzy/share/rmw_fastrtps_cpp/cmake)
[0.803s] -- Found OpenSSL: /usr/lib/x86_64-linux-gnu/libcrypto.so (found version "3.0.13")  
[0.814s] -- Found FastRTPS: /opt/ros/jazzy/include (Required is at least version "2.13") 
[0.828s] -- Using RMW implementation 'rmw_fastrtps_cpp' as default
[0.892s] -- Found rclcpp_action: 28.1.2 (/opt/ros/jazzy/share/rclcpp_action/cmake)
[0.910s] -- Found ament_cmake_gtest: 2.5.0 (/opt/ros/jazzy/share/ament_cmake_gtest/cmake)
[0.914s] -- Found ament_lint_auto: 0.17.0 (/opt/ros/jazzy/share/ament_lint_auto/cmake)
[1.008s] -- Added test 'copyright' to check source files copyright and LICENSE
[1.019s] -- Added test 'cppcheck' to perform static code analysis on C / C++ code
[1.019s] -- Configured cppcheck include dirs: 
[1.019s] -- Configured cppcheck exclude dirs and/or files: 
[1.020s] -- Added test 'cpplint' to check C / C++ code against the Google style
[1.020s] -- Configured cpplint exclude dirs and/or files: 
[1.021s] -- Added test 'flake8' to check Python code syntax and style conventions
[1.021s] -- Configured 'flake8' exclude dirs and/or files: 
[1.022s] -- Added test 'lint_cmake' to check CMake code style
[1.022s] -- Added test 'pep257' to check Python code against some of the docstring style conventions in PEP 257
[1.024s] -- Added test 'uncrustify' to check C / C++ code style
[1.024s] -- Configured uncrustify additional arguments: 
[1.024s] -- Added test 'xmllint' to check XML markup files
[1.026s] -- Configuring done (1.0s)
[1.043s] -- Generating done (0.0s)
[1.044s] -- Build files have been written to: /home/ubuntu/psd_ws/build/gz_ros2_control_demos
[1.050s] Invoked command in '/home/ubuntu/psd_ws/build/gz_ros2_control_demos' returned '0': AMENT_PREFIX_PATH=/home/ubuntu/psd_ws/install/gz_ros2_control:${AMENT_PREFIX_PATH} CMAKE_PREFIX_PATH=/home/ubuntu/psd_ws/install/gz_ros2_control:/opt/ros/jazzy/opt/gz_sim_vendor:/opt/ros/jazzy/opt/gz_sensors_vendor:/opt/ros/jazzy/opt/gz_physics_vendor:/opt/ros/jazzy/opt/sdformat_vendor:/opt/ros/jazzy/opt/gz_gui_vendor:/opt/ros/jazzy/opt/gz_transport_vendor:/opt/ros/jazzy/opt/gz_rendering_vendor:/opt/ros/jazzy/opt/gz_plugin_vendor:/opt/ros/jazzy/opt/gz_fuel_tools_vendor:/opt/ros/jazzy/opt/gz_msgs_vendor:/opt/ros/jazzy/opt/gz_common_vendor:/opt/ros/jazzy/opt/gz_math_vendor:/opt/ros/jazzy/opt/gz_utils_vendor:/opt/ros/jazzy/opt/gz_tools_vendor:/opt/ros/jazzy/opt/gz_ogre_next_vendor:/opt/ros/jazzy/opt/gz_dartsim_vendor:/opt/ros/jazzy/opt/gz_cmake_vendor:/opt/ros/jazzy LD_LIBRARY_PATH=/home/ubuntu/psd_ws/install/gz_ros2_control/lib:${LD_LIBRARY_PATH} /usr/bin/cmake /home/ubuntu/psd_ws/src/gz_ros2_control/gz_ros2_control_demos -DAMENT_CMAKE_SYMLINK_INSTALL=1 -DCMAKE_INSTALL_PREFIX=/home/ubuntu/psd_ws/install/gz_ros2_control_demos
[1.050s] Invoking command in '/home/ubuntu/psd_ws/build/gz_ros2_control_demos': AMENT_PREFIX_PATH=/home/ubuntu/psd_ws/install/gz_ros2_control:${AMENT_PREFIX_PATH} CMAKE_PREFIX_PATH=/home/ubuntu/psd_ws/install/gz_ros2_control:/opt/ros/jazzy/opt/gz_sim_vendor:/opt/ros/jazzy/opt/gz_sensors_vendor:/opt/ros/jazzy/opt/gz_physics_vendor:/opt/ros/jazzy/opt/sdformat_vendor:/opt/ros/jazzy/opt/gz_gui_vendor:/opt/ros/jazzy/opt/gz_transport_vendor:/opt/ros/jazzy/opt/gz_rendering_vendor:/opt/ros/jazzy/opt/gz_plugin_vendor:/opt/ros/jazzy/opt/gz_fuel_tools_vendor:/opt/ros/jazzy/opt/gz_msgs_vendor:/opt/ros/jazzy/opt/gz_common_vendor:/opt/ros/jazzy/opt/gz_math_vendor:/opt/ros/jazzy/opt/gz_utils_vendor:/opt/ros/jazzy/opt/gz_tools_vendor:/opt/ros/jazzy/opt/gz_ogre_next_vendor:/opt/ros/jazzy/opt/gz_dartsim_vendor:/opt/ros/jazzy/opt/gz_cmake_vendor:/opt/ros/jazzy LD_LIBRARY_PATH=/home/ubuntu/psd_ws/install/gz_ros2_control/lib:${LD_LIBRARY_PATH} /usr/bin/cmake --build /home/ubuntu/psd_ws/build/gz_ros2_control_demos -- -j20 -l20
[1.084s] [ 25%] [32mBuilding CXX object CMakeFiles/example_position.dir/examples/example_position.cpp.o[0m
[1.084s] [ 25%] [32mBuilding CXX object CMakeFiles/example_velocity.dir/examples/example_velocity.cpp.o[0m
[1.084s] [ 25%] [32mBuilding CXX object CMakeFiles/example_diff_drive.dir/examples/example_diff_drive.cpp.o[0m
[1.084s] [ 33%] [32mBuilding CXX object CMakeFiles/example_effort.dir/examples/example_effort.cpp.o[0m
[1.085s] [ 41%] [32mBuilding CXX object CMakeFiles/example_tricycle_drive.dir/examples/example_tricycle_drive.cpp.o[0m
[1.091s] [ 50%] [32mBuilding CXX object CMakeFiles/example_gripper.dir/examples/example_gripper.cpp.o[0m
[4.176s] [ 58%] [32m[1mLinking CXX executable example_diff_drive[0m
[4.177s] [ 66%] [32m[1mLinking CXX executable example_tricycle_drive[0m
[4.184s] [ 75%] [32m[1mLinking CXX executable example_effort[0m
[4.232s] [ 83%] [32m[1mLinking CXX executable example_gripper[0m
[4.298s] [ 83%] Built target example_tricycle_drive
[4.300s] [ 83%] Built target example_diff_drive
[4.327s] [ 83%] Built target example_effort
[4.343s] [ 83%] Built target example_gripper
[4.381s] [ 91%] [32m[1mLinking CXX executable example_velocity[0m
[4.477s] [ 91%] Built target example_velocity
[5.440s] [100%] [32m[1mLinking CXX executable example_position[0m
[5.556s] [100%] Built target example_position
[5.566s] Invoked command in '/home/ubuntu/psd_ws/build/gz_ros2_control_demos' returned '0': AMENT_PREFIX_PATH=/home/ubuntu/psd_ws/install/gz_ros2_control:${AMENT_PREFIX_PATH} CMAKE_PREFIX_PATH=/home/ubuntu/psd_ws/install/gz_ros2_control:/opt/ros/jazzy/opt/gz_sim_vendor:/opt/ros/jazzy/opt/gz_sensors_vendor:/opt/ros/jazzy/opt/gz_physics_vendor:/opt/ros/jazzy/opt/sdformat_vendor:/opt/ros/jazzy/opt/gz_gui_vendor:/opt/ros/jazzy/opt/gz_transport_vendor:/opt/ros/jazzy/opt/gz_rendering_vendor:/opt/ros/jazzy/opt/gz_plugin_vendor:/opt/ros/jazzy/opt/gz_fuel_tools_vendor:/opt/ros/jazzy/opt/gz_msgs_vendor:/opt/ros/jazzy/opt/gz_common_vendor:/opt/ros/jazzy/opt/gz_math_vendor:/opt/ros/jazzy/opt/gz_utils_vendor:/opt/ros/jazzy/opt/gz_tools_vendor:/opt/ros/jazzy/opt/gz_ogre_next_vendor:/opt/ros/jazzy/opt/gz_dartsim_vendor:/opt/ros/jazzy/opt/gz_cmake_vendor:/opt/ros/jazzy LD_LIBRARY_PATH=/home/ubuntu/psd_ws/install/gz_ros2_control/lib:${LD_LIBRARY_PATH} /usr/bin/cmake --build /home/ubuntu/psd_ws/build/gz_ros2_control_demos -- -j20 -l20
[5.592s] Invoking command in '/home/ubuntu/psd_ws/build/gz_ros2_control_demos': AMENT_PREFIX_PATH=/home/ubuntu/psd_ws/install/gz_ros2_control:${AMENT_PREFIX_PATH} CMAKE_PREFIX_PATH=/home/ubuntu/psd_ws/install/gz_ros2_control:/opt/ros/jazzy/opt/gz_sim_vendor:/opt/ros/jazzy/opt/gz_sensors_vendor:/opt/ros/jazzy/opt/gz_physics_vendor:/opt/ros/jazzy/opt/sdformat_vendor:/opt/ros/jazzy/opt/gz_gui_vendor:/opt/ros/jazzy/opt/gz_transport_vendor:/opt/ros/jazzy/opt/gz_rendering_vendor:/opt/ros/jazzy/opt/gz_plugin_vendor:/opt/ros/jazzy/opt/gz_fuel_tools_vendor:/opt/ros/jazzy/opt/gz_msgs_vendor:/opt/ros/jazzy/opt/gz_common_vendor:/opt/ros/jazzy/opt/gz_math_vendor:/opt/ros/jazzy/opt/gz_utils_vendor:/opt/ros/jazzy/opt/gz_tools_vendor:/opt/ros/jazzy/opt/gz_ogre_next_vendor:/opt/ros/jazzy/opt/gz_dartsim_vendor:/opt/ros/jazzy/opt/gz_cmake_vendor:/opt/ros/jazzy LD_LIBRARY_PATH=/home/ubuntu/psd_ws/install/gz_ros2_control/lib:${LD_LIBRARY_PATH} /usr/bin/cmake --install /home/ubuntu/psd_ws/build/gz_ros2_control_demos
[5.599s] -- Install configuration: ""
[5.600s] -- Execute custom install script
[5.600s] -- Symlinking: /home/ubuntu/psd_ws/install/gz_ros2_control_demos/share/gz_ros2_control_demos//launch/cart_example_effort.launch.py
[5.607s] -- Symlinking: /home/ubuntu/psd_ws/install/gz_ros2_control_demos/share/gz_ros2_control_demos//launch/cart_example_position.launch.py
[5.613s] -- Symlinking: /home/ubuntu/psd_ws/install/gz_ros2_control_demos/share/gz_ros2_control_demos//launch/cart_example_velocity.launch.py
[5.618s] -- Symlinking: /home/ubuntu/psd_ws/install/gz_ros2_control_demos/share/gz_ros2_control_demos//launch/diff_drive_example.launch.py
[5.623s] -- Symlinking: /home/ubuntu/psd_ws/install/gz_ros2_control_demos/share/gz_ros2_control_demos//launch/gripper_mimic_joint_example_effort.launch.py
[5.628s] -- Symlinking: /home/ubuntu/psd_ws/install/gz_ros2_control_demos/share/gz_ros2_control_demos//launch/gripper_mimic_joint_example_effort.launch.xml
[5.633s] -- Symlinking: /home/ubuntu/psd_ws/install/gz_ros2_control_demos/share/gz_ros2_control_demos//launch/gripper_mimic_joint_example_position.launch.py
[5.638s] -- Symlinking: /home/ubuntu/psd_ws/install/gz_ros2_control_demos/share/gz_ros2_control_demos//launch/gripper_mimic_joint_example_position.launch.xml
[5.643s] -- Symlinking: /home/ubuntu/psd_ws/install/gz_ros2_control_demos/share/gz_ros2_control_demos//launch/pendulum_example_effort.launch.py
[5.648s] -- Symlinking: /home/ubuntu/psd_ws/install/gz_ros2_control_demos/share/gz_ros2_control_demos//launch/pendulum_example_position.launch.py
[5.653s] -- Symlinking: /home/ubuntu/psd_ws/install/gz_ros2_control_demos/share/gz_ros2_control_demos//launch/tricycle_drive_example.launch.py
[5.658s] -- Symlinking: /home/ubuntu/psd_ws/install/gz_ros2_control_demos/share/gz_ros2_control_demos//config/cart_controller_effort.yaml
[5.663s] -- Symlinking: /home/ubuntu/psd_ws/install/gz_ros2_control_demos/share/gz_ros2_control_demos//config/cart_controller_position.yaml
[5.668s] -- Symlinking: /home/ubuntu/psd_ws/install/gz_ros2_control_demos/share/gz_ros2_control_demos//config/cart_controller_velocity.yaml
[5.673s] -- Symlinking: /home/ubuntu/psd_ws/install/gz_ros2_control_demos/share/gz_ros2_control_demos//config/diff_drive_controller_velocity.yaml
[5.678s] -- Symlinking: /home/ubuntu/psd_ws/install/gz_ros2_control_demos/share/gz_ros2_control_demos//config/gripper_controller_effort.yaml
[5.683s] -- Symlinking: /home/ubuntu/psd_ws/install/gz_ros2_control_demos/share/gz_ros2_control_demos//config/gripper_controller_position.yaml
[5.688s] -- Symlinking: /home/ubuntu/psd_ws/install/gz_ros2_control_demos/share/gz_ros2_control_demos//config/tricycle_drive_controller.yaml
[5.693s] -- Symlinking: /home/ubuntu/psd_ws/install/gz_ros2_control_demos/share/gz_ros2_control_demos//urdf/test_cart_effort.xacro.urdf
[5.698s] -- Symlinking: /home/ubuntu/psd_ws/install/gz_ros2_control_demos/share/gz_ros2_control_demos//urdf/test_cart_position.xacro.urdf
[5.703s] -- Symlinking: /home/ubuntu/psd_ws/install/gz_ros2_control_demos/share/gz_ros2_control_demos//urdf/test_cart_velocity.xacro.urdf
[5.708s] -- Symlinking: /home/ubuntu/psd_ws/install/gz_ros2_control_demos/share/gz_ros2_control_demos//urdf/test_diff_drive.xacro.urdf
[5.713s] -- Symlinking: /home/ubuntu/psd_ws/install/gz_ros2_control_demos/share/gz_ros2_control_demos//urdf/test_gripper_mimic_joint_effort.xacro.urdf
[5.718s] -- Symlinking: /home/ubuntu/psd_ws/install/gz_ros2_control_demos/share/gz_ros2_control_demos//urdf/test_gripper_mimic_joint_position.xacro.urdf
[5.723s] -- Symlinking: /home/ubuntu/psd_ws/install/gz_ros2_control_demos/share/gz_ros2_control_demos//urdf/test_pendulum_effort.xacro.urdf
[5.728s] -- Symlinking: /home/ubuntu/psd_ws/install/gz_ros2_control_demos/share/gz_ros2_control_demos//urdf/test_pendulum_position.xacro.urdf
[5.733s] -- Symlinking: /home/ubuntu/psd_ws/install/gz_ros2_control_demos/share/gz_ros2_control_demos//urdf/test_tricycle_drive.xacro.urdf
[5.738s] -- Symlinking: /home/ubuntu/psd_ws/install/gz_ros2_control_demos/lib/gz_ros2_control_demos/example_position
[5.743s] -- Symlinking: /home/ubuntu/psd_ws/install/gz_ros2_control_demos/lib/gz_ros2_control_demos/example_velocity
[5.748s] -- Symlinking: /home/ubuntu/psd_ws/install/gz_ros2_control_demos/lib/gz_ros2_control_demos/example_effort
[5.752s] -- Symlinking: /home/ubuntu/psd_ws/install/gz_ros2_control_demos/lib/gz_ros2_control_demos/example_diff_drive
[5.757s] -- Symlinking: /home/ubuntu/psd_ws/install/gz_ros2_control_demos/lib/gz_ros2_control_demos/example_tricycle_drive
[5.763s] -- Symlinking: /home/ubuntu/psd_ws/install/gz_ros2_control_demos/lib/gz_ros2_control_demos/example_gripper
[5.767s] -- Symlinking: /home/ubuntu/psd_ws/install/gz_ros2_control_demos/share/ament_index/resource_index/package_run_dependencies/gz_ros2_control_demos
[5.772s] -- Symlinking: /home/ubuntu/psd_ws/install/gz_ros2_control_demos/share/ament_index/resource_index/parent_prefix_path/gz_ros2_control_demos
[5.777s] -- Symlinking: /home/ubuntu/psd_ws/install/gz_ros2_control_demos/share/gz_ros2_control_demos/environment/ament_prefix_path.sh
[5.782s] -- Symlinking: /home/ubuntu/psd_ws/install/gz_ros2_control_demos/share/gz_ros2_control_demos/environment/ament_prefix_path.dsv
[5.787s] -- Symlinking: /home/ubuntu/psd_ws/install/gz_ros2_control_demos/share/gz_ros2_control_demos/environment/path.sh
[5.793s] -- Symlinking: /home/ubuntu/psd_ws/install/gz_ros2_control_demos/share/gz_ros2_control_demos/environment/path.dsv
[5.797s] -- Symlinking: /home/ubuntu/psd_ws/install/gz_ros2_control_demos/share/gz_ros2_control_demos/local_setup.bash
[5.803s] -- Symlinking: /home/ubuntu/psd_ws/install/gz_ros2_control_demos/share/gz_ros2_control_demos/local_setup.sh
[5.808s] -- Symlinking: /home/ubuntu/psd_ws/install/gz_ros2_control_demos/share/gz_ros2_control_demos/local_setup.zsh
[5.813s] -- Symlinking: /home/ubuntu/psd_ws/install/gz_ros2_control_demos/share/gz_ros2_control_demos/local_setup.dsv
[5.818s] -- Symlinking: /home/ubuntu/psd_ws/install/gz_ros2_control_demos/share/gz_ros2_control_demos/package.dsv
[5.823s] -- Symlinking: /home/ubuntu/psd_ws/install/gz_ros2_control_demos/share/ament_index/resource_index/packages/gz_ros2_control_demos
[5.828s] -- Symlinking: /home/ubuntu/psd_ws/install/gz_ros2_control_demos/share/gz_ros2_control_demos/cmake/gz_ros2_control_demosConfig.cmake
[5.833s] -- Symlinking: /home/ubuntu/psd_ws/install/gz_ros2_control_demos/share/gz_ros2_control_demos/cmake/gz_ros2_control_demosConfig-version.cmake
[5.837s] -- Symlinking: /home/ubuntu/psd_ws/install/gz_ros2_control_demos/share/gz_ros2_control_demos/package.xml
[5.843s] Invoked command in '/home/ubuntu/psd_ws/build/gz_ros2_control_demos' returned '0': AMENT_PREFIX_PATH=/home/ubuntu/psd_ws/install/gz_ros2_control:${AMENT_PREFIX_PATH} CMAKE_PREFIX_PATH=/home/ubuntu/psd_ws/install/gz_ros2_control:/opt/ros/jazzy/opt/gz_sim_vendor:/opt/ros/jazzy/opt/gz_sensors_vendor:/opt/ros/jazzy/opt/gz_physics_vendor:/opt/ros/jazzy/opt/sdformat_vendor:/opt/ros/jazzy/opt/gz_gui_vendor:/opt/ros/jazzy/opt/gz_transport_vendor:/opt/ros/jazzy/opt/gz_rendering_vendor:/opt/ros/jazzy/opt/gz_plugin_vendor:/opt/ros/jazzy/opt/gz_fuel_tools_vendor:/opt/ros/jazzy/opt/gz_msgs_vendor:/opt/ros/jazzy/opt/gz_common_vendor:/opt/ros/jazzy/opt/gz_math_vendor:/opt/ros/jazzy/opt/gz_utils_vendor:/opt/ros/jazzy/opt/gz_tools_vendor:/opt/ros/jazzy/opt/gz_ogre_next_vendor:/opt/ros/jazzy/opt/gz_dartsim_vendor:/opt/ros/jazzy/opt/gz_cmake_vendor:/opt/ros/jazzy LD_LIBRARY_PATH=/home/ubuntu/psd_ws/install/gz_ros2_control/lib:${LD_LIBRARY_PATH} /usr/bin/cmake --install /home/ubuntu/psd_ws/build/gz_ros2_control_demos
