[0.212s] Invoking command in '/home/psd/psd_ws/build/ros_components_description': CMAKE_PREFIX_PATH=${CMAKE_PREFIX_PATH}:/home/psd/psd_ws/install/rqt_joint_trajectory_controller:/home/psd/psd_ws/install/rqt_controller_manager:/home/psd/psd_ws/install/ros2controlcli:/home/psd/psd_ws/install/ros2_controllers_test_nodes:/opt/ros/humble /usr/bin/cmake --build /home/psd/psd_ws/build/ros_components_description -- -j20 -l20
[0.258s] Invoked command in '/home/psd/psd_ws/build/ros_components_description' returned '0': CMAKE_PREFIX_PATH=${CMAKE_PREFIX_PATH}:/home/psd/psd_ws/install/rqt_joint_trajectory_controller:/home/psd/psd_ws/install/rqt_controller_manager:/home/psd/psd_ws/install/ros2controlcli:/home/psd/psd_ws/install/ros2_controllers_test_nodes:/opt/ros/humble /usr/bin/cmake --build /home/psd/psd_ws/build/ros_components_description -- -j20 -l20
[0.313s] Invoking command in '/home/psd/psd_ws/build/ros_components_description': CMAKE_PREFIX_PATH=${CMAKE_PREFIX_PATH}:/home/psd/psd_ws/install/rqt_joint_trajectory_controller:/home/psd/psd_ws/install/rqt_controller_manager:/home/psd/psd_ws/install/ros2controlcli:/home/psd/psd_ws/install/ros2_controllers_test_nodes:/opt/ros/humble /usr/bin/cmake --install /home/psd/psd_ws/build/ros_components_description
[0.328s] -- Install configuration: ""
[0.328s] -- Up-to-date: /home/psd/psd_ws/install/ros_components_description/share/ros_components_description/meshes
[0.328s] -- Up-to-date: /home/psd/psd_ws/install/ros_components_description/share/ros_components_description/meshes/zed2i.stl
[0.328s] -- Up-to-date: /home/psd/psd_ws/install/ros_components_description/share/ros_components_description/meshes/slamtec_rplidar_s1.dae
[0.328s] -- Up-to-date: /home/psd/psd_ws/install/ros_components_description/share/ros_components_description/meshes/slamtec_rplidar_s3.dae
[0.329s] -- Up-to-date: /home/psd/psd_ws/install/ros_components_description/share/ros_components_description/meshes/zed.stl
[0.329s] -- Up-to-date: /home/psd/psd_ws/install/ros_components_description/share/ros_components_description/meshes/zed2.stl
[0.329s] -- Up-to-date: /home/psd/psd_ws/install/ros_components_description/share/ros_components_description/meshes/zedxm.stl
[0.329s] -- Up-to-date: /home/psd/psd_ws/install/ros_components_description/share/ros_components_description/meshes/slamtec_rplidar_s2.dae
[0.329s] -- Up-to-date: /home/psd/psd_ws/install/ros_components_description/share/ros_components_description/meshes/slamtec_rplidar_a2m8.dae
[0.329s] -- Up-to-date: /home/psd/psd_ws/install/ros_components_description/share/ros_components_description/meshes/ouster_os1_32.dae
[0.329s] -- Up-to-date: /home/psd/psd_ws/install/ros_components_description/share/ros_components_description/meshes/slamtec_rplidar_ax.dae
[0.329s] -- Up-to-date: /home/psd/psd_ws/install/ros_components_description/share/ros_components_description/meshes/zedx.stl
[0.329s] -- Up-to-date: /home/psd/psd_ws/install/ros_components_description/share/ros_components_description/meshes/velodyne_puck.dae
[0.329s] -- Up-to-date: /home/psd/psd_ws/install/ros_components_description/share/ros_components_description/meshes/orbbec_astra.dae
[0.329s] -- Up-to-date: /home/psd/psd_ws/install/ros_components_description/share/ros_components_description/meshes/intel_realsense_d435.dae
[0.329s] -- Up-to-date: /home/psd/psd_ws/install/ros_components_description/share/ros_components_description/meshes/zedm.stl
[0.330s] -- Up-to-date: /home/psd/psd_ws/install/ros_components_description/share/ros_components_description/urdf
[0.330s] -- Up-to-date: /home/psd/psd_ws/install/ros_components_description/share/ros_components_description/urdf/stereolabs_zed.urdf.xacro
[0.330s] -- Up-to-date: /home/psd/psd_ws/install/ros_components_description/share/ros_components_description/urdf/slamtec_rplidar_s1.urdf.xacro
[0.330s] -- Up-to-date: /home/psd/psd_ws/install/ros_components_description/share/ros_components_description/urdf/slamtec_rplidar_s2.urdf.xacro
[0.330s] -- Up-to-date: /home/psd/psd_ws/install/ros_components_description/share/ros_components_description/urdf/intel_realsense_d435.urdf.xacro
[0.330s] -- Up-to-date: /home/psd/psd_ws/install/ros_components_description/share/ros_components_description/urdf/orbbec_astra.urdf.xacro
[0.331s] -- Up-to-date: /home/psd/psd_ws/install/ros_components_description/share/ros_components_description/urdf/velodyne_puck.urdf.xacro
[0.331s] -- Up-to-date: /home/psd/psd_ws/install/ros_components_description/share/ros_components_description/urdf/slamtec_rplidar_a2.urdf.xacro
[0.331s] -- Up-to-date: /home/psd/psd_ws/install/ros_components_description/share/ros_components_description/urdf/ouster_os1_32.urdf.xacro
[0.331s] -- Up-to-date: /home/psd/psd_ws/install/ros_components_description/share/ros_components_description/urdf/slamtec_rplidar_a3.urdf.xacro
[0.331s] -- Up-to-date: /home/psd/psd_ws/install/ros_components_description/share/ros_components_description/urdf/slamtec_rplidar_s3.urdf.xacro
[0.331s] -- Up-to-date: /home/psd/psd_ws/install/ros_components_description/share/ros_components_description/environment/ros_components_description.sh
[0.331s] -- Up-to-date: /home/psd/psd_ws/install/ros_components_description/share/ament_index/resource_index/package_run_dependencies/ros_components_description
[0.331s] -- Up-to-date: /home/psd/psd_ws/install/ros_components_description/share/ament_index/resource_index/parent_prefix_path/ros_components_description
[0.332s] -- Up-to-date: /home/psd/psd_ws/install/ros_components_description/share/ros_components_description/environment/ament_prefix_path.sh
[0.332s] -- Up-to-date: /home/psd/psd_ws/install/ros_components_description/share/ros_components_description/environment/ament_prefix_path.dsv
[0.332s] -- Up-to-date: /home/psd/psd_ws/install/ros_components_description/share/ros_components_description/environment/path.sh
[0.332s] -- Up-to-date: /home/psd/psd_ws/install/ros_components_description/share/ros_components_description/environment/path.dsv
[0.332s] -- Up-to-date: /home/psd/psd_ws/install/ros_components_description/share/ros_components_description/local_setup.bash
[0.332s] -- Up-to-date: /home/psd/psd_ws/install/ros_components_description/share/ros_components_description/local_setup.sh
[0.332s] -- Up-to-date: /home/psd/psd_ws/install/ros_components_description/share/ros_components_description/local_setup.zsh
[0.332s] -- Up-to-date: /home/psd/psd_ws/install/ros_components_description/share/ros_components_description/local_setup.dsv
[0.332s] -- Installing: /home/psd/psd_ws/install/ros_components_description/share/ros_components_description/package.dsv
[0.332s] -- Up-to-date: /home/psd/psd_ws/install/ros_components_description/share/ament_index/resource_index/packages/ros_components_description
[0.332s] -- Up-to-date: /home/psd/psd_ws/install/ros_components_description/share/ros_components_description/cmake/ros_components_descriptionConfig.cmake
[0.332s] -- Up-to-date: /home/psd/psd_ws/install/ros_components_description/share/ros_components_description/cmake/ros_components_descriptionConfig-version.cmake
[0.332s] -- Up-to-date: /home/psd/psd_ws/install/ros_components_description/share/ros_components_description/package.xml
[0.340s] Invoked command in '/home/psd/psd_ws/build/ros_components_description' returned '0': CMAKE_PREFIX_PATH=${CMAKE_PREFIX_PATH}:/home/psd/psd_ws/install/rqt_joint_trajectory_controller:/home/psd/psd_ws/install/rqt_controller_manager:/home/psd/psd_ws/install/ros2controlcli:/home/psd/psd_ws/install/ros2_controllers_test_nodes:/opt/ros/humble /usr/bin/cmake --install /home/psd/psd_ws/build/ros_components_description
