[0.586s] DEBUG:colcon:Command line arguments: ['/usr/bin/colcon', 'build']
[0.586s] DEBUG:colcon:Parsed command line arguments: Namespace(log_base=None, log_level=None, verb_name='build', build_base='build', install_base='install', merge_install=False, symlink_install=False, test_result_base=None, continue_on_error=False, executor='parallel', parallel_workers=20, event_handlers=None, ignore_user_meta=False, metas=['./colcon.meta'], base_paths=['.'], packages_ignore=None, packages_ignore_regex=None, paths=None, packages_up_to=None, packages_up_to_regex=None, packages_above=None, packages_above_and_dependencies=None, packages_above_depth=None, packages_select_by_dep=None, packages_skip_by_dep=None, packages_skip_up_to=None, packages_select_build_failed=False, packages_skip_build_finished=False, packages_select_test_failures=False, packages_skip_test_passed=False, packages_select=None, packages_skip=None, packages_select_regex=None, packages_skip_regex=None, packages_start=None, packages_end=None, cmake_args=None, cmake_target=None, cmake_target_skip_unavailable=False, cmake_clean_cache=False, cmake_clean_first=False, cmake_force_configure=False, ament_cmake_args=None, catkin_cmake_args=None, catkin_skip_building_tests=False, mixin_files=None, mixin=None, verb_parser=<colcon_mixin.mixin.mixin_argument.MixinArgumentDecorator object at 0x7f808ab28df0>, verb_extension=<colcon_core.verb.build.BuildVerb object at 0x7f808ab28370>, main=<bound method BuildVerb.main of <colcon_core.verb.build.BuildVerb object at 0x7f808ab28370>>, mixin_verb=('build',))
[0.611s] Level 1:colcon.colcon_core.package_discovery:discover_packages(colcon_meta) check parameters
[0.611s] Level 1:colcon.colcon_core.package_discovery:discover_packages(recursive) check parameters
[0.611s] Level 1:colcon.colcon_core.package_discovery:discover_packages(ignore) check parameters
[0.611s] Level 1:colcon.colcon_core.package_discovery:discover_packages(path) check parameters
[0.611s] Level 1:colcon.colcon_core.package_discovery:discover_packages(colcon_meta) discover
[0.611s] Level 1:colcon.colcon_core.package_discovery:discover_packages(recursive) discover
[0.611s] INFO:colcon.colcon_core.package_discovery:Crawling recursively for packages in '/home/psd/psd_ws'
[0.611s] Level 1:colcon.colcon_core.package_identification:_identify(.) by extensions ['ignore', 'ignore_ament_install']
[0.611s] Level 1:colcon.colcon_core.package_identification:_identify(.) by extension 'ignore'
[0.611s] Level 1:colcon.colcon_core.package_identification:_identify(.) by extension 'ignore_ament_install'
[0.612s] Level 1:colcon.colcon_core.package_identification:_identify(.) by extensions ['colcon_pkg']
[0.612s] Level 1:colcon.colcon_core.package_identification:_identify(.) by extension 'colcon_pkg'
[0.612s] Level 1:colcon.colcon_core.package_identification:_identify(.) by extensions ['colcon_meta']
[0.612s] Level 1:colcon.colcon_core.package_identification:_identify(.) by extension 'colcon_meta'
[0.612s] Level 1:colcon.colcon_core.package_identification:_identify(.) by extensions ['ros']
[0.612s] Level 1:colcon.colcon_core.package_identification:_identify(.) by extension 'ros'
[0.619s] Level 1:colcon.colcon_core.package_identification:_identify(.) by extensions ['cmake', 'python']
[0.619s] Level 1:colcon.colcon_core.package_identification:_identify(.) by extension 'cmake'
[0.619s] Level 1:colcon.colcon_core.package_identification:_identify(.) by extension 'python'
[0.619s] Level 1:colcon.colcon_core.package_identification:_identify(.) by extensions ['python_setup_py']
[0.619s] Level 1:colcon.colcon_core.package_identification:_identify(.) by extension 'python_setup_py'
[0.619s] Level 1:colcon.colcon_core.package_identification:_identify(build) by extensions ['ignore', 'ignore_ament_install']
[0.619s] Level 1:colcon.colcon_core.package_identification:_identify(build) by extension 'ignore'
[0.619s] Level 1:colcon.colcon_core.package_identification:_identify(build) ignored
[0.619s] Level 1:colcon.colcon_core.package_identification:_identify(install) by extensions ['ignore', 'ignore_ament_install']
[0.619s] Level 1:colcon.colcon_core.package_identification:_identify(install) by extension 'ignore'
[0.619s] Level 1:colcon.colcon_core.package_identification:_identify(install) ignored
[0.620s] Level 1:colcon.colcon_core.package_identification:_identify(log) by extensions ['ignore', 'ignore_ament_install']
[0.620s] Level 1:colcon.colcon_core.package_identification:_identify(log) by extension 'ignore'
[0.620s] Level 1:colcon.colcon_core.package_identification:_identify(log) ignored
[0.620s] Level 1:colcon.colcon_core.package_identification:_identify(src) by extensions ['ignore', 'ignore_ament_install']
[0.620s] Level 1:colcon.colcon_core.package_identification:_identify(src) by extension 'ignore'
[0.620s] Level 1:colcon.colcon_core.package_identification:_identify(src) by extension 'ignore_ament_install'
[0.620s] Level 1:colcon.colcon_core.package_identification:_identify(src) by extensions ['colcon_pkg']
[0.620s] Level 1:colcon.colcon_core.package_identification:_identify(src) by extension 'colcon_pkg'
[0.620s] Level 1:colcon.colcon_core.package_identification:_identify(src) by extensions ['colcon_meta']
[0.620s] Level 1:colcon.colcon_core.package_identification:_identify(src) by extension 'colcon_meta'
[0.620s] Level 1:colcon.colcon_core.package_identification:_identify(src) by extensions ['ros']
[0.620s] Level 1:colcon.colcon_core.package_identification:_identify(src) by extension 'ros'
[0.620s] Level 1:colcon.colcon_core.package_identification:_identify(src) by extensions ['cmake', 'python']
[0.620s] Level 1:colcon.colcon_core.package_identification:_identify(src) by extension 'cmake'
[0.620s] Level 1:colcon.colcon_core.package_identification:_identify(src) by extension 'python'
[0.620s] Level 1:colcon.colcon_core.package_identification:_identify(src) by extensions ['python_setup_py']
[0.620s] Level 1:colcon.colcon_core.package_identification:_identify(src) by extension 'python_setup_py'
[0.620s] Level 1:colcon.colcon_core.package_identification:_identify(src/core) by extensions ['ignore', 'ignore_ament_install']
[0.620s] Level 1:colcon.colcon_core.package_identification:_identify(src/core) by extension 'ignore'
[0.620s] Level 1:colcon.colcon_core.package_identification:_identify(src/core) by extension 'ignore_ament_install'
[0.620s] Level 1:colcon.colcon_core.package_identification:_identify(src/core) by extensions ['colcon_pkg']
[0.620s] Level 1:colcon.colcon_core.package_identification:_identify(src/core) by extension 'colcon_pkg'
[0.620s] Level 1:colcon.colcon_core.package_identification:_identify(src/core) by extensions ['colcon_meta']
[0.620s] Level 1:colcon.colcon_core.package_identification:_identify(src/core) by extension 'colcon_meta'
[0.620s] Level 1:colcon.colcon_core.package_identification:_identify(src/core) by extensions ['ros']
[0.620s] Level 1:colcon.colcon_core.package_identification:_identify(src/core) by extension 'ros'
[0.622s] DEBUG:colcon.colcon_core.package_identification:Package 'src/core' with type 'ros.ament_cmake' and name 'core'
[0.622s] Level 1:colcon.colcon_core.package_identification:_identify(src/gazebosim) by extensions ['ignore', 'ignore_ament_install']
[0.622s] Level 1:colcon.colcon_core.package_identification:_identify(src/gazebosim) by extension 'ignore'
[0.622s] Level 1:colcon.colcon_core.package_identification:_identify(src/gazebosim) by extension 'ignore_ament_install'
[0.622s] Level 1:colcon.colcon_core.package_identification:_identify(src/gazebosim) by extensions ['colcon_pkg']
[0.622s] Level 1:colcon.colcon_core.package_identification:_identify(src/gazebosim) by extension 'colcon_pkg'
[0.622s] Level 1:colcon.colcon_core.package_identification:_identify(src/gazebosim) by extensions ['colcon_meta']
[0.622s] Level 1:colcon.colcon_core.package_identification:_identify(src/gazebosim) by extension 'colcon_meta'
[0.622s] Level 1:colcon.colcon_core.package_identification:_identify(src/gazebosim) by extensions ['ros']
[0.622s] Level 1:colcon.colcon_core.package_identification:_identify(src/gazebosim) by extension 'ros'
[0.622s] Level 1:colcon.colcon_core.package_identification:_identify(src/gazebosim) by extensions ['cmake', 'python']
[0.622s] Level 1:colcon.colcon_core.package_identification:_identify(src/gazebosim) by extension 'cmake'
[0.622s] Level 1:colcon.colcon_core.package_identification:_identify(src/gazebosim) by extension 'python'
[0.622s] Level 1:colcon.colcon_core.package_identification:_identify(src/gazebosim) by extensions ['python_setup_py']
[0.622s] Level 1:colcon.colcon_core.package_identification:_identify(src/gazebosim) by extension 'python_setup_py'
[0.622s] Level 1:colcon.colcon_core.package_identification:_identify(src/gazebosim/gz_ros2_control) by extensions ['ignore', 'ignore_ament_install']
[0.622s] Level 1:colcon.colcon_core.package_identification:_identify(src/gazebosim/gz_ros2_control) by extension 'ignore'
[0.622s] Level 1:colcon.colcon_core.package_identification:_identify(src/gazebosim/gz_ros2_control) by extension 'ignore_ament_install'
[0.622s] Level 1:colcon.colcon_core.package_identification:_identify(src/gazebosim/gz_ros2_control) by extensions ['colcon_pkg']
[0.622s] Level 1:colcon.colcon_core.package_identification:_identify(src/gazebosim/gz_ros2_control) by extension 'colcon_pkg'
[0.622s] Level 1:colcon.colcon_core.package_identification:_identify(src/gazebosim/gz_ros2_control) by extensions ['colcon_meta']
[0.622s] Level 1:colcon.colcon_core.package_identification:_identify(src/gazebosim/gz_ros2_control) by extension 'colcon_meta'
[0.622s] Level 1:colcon.colcon_core.package_identification:_identify(src/gazebosim/gz_ros2_control) by extensions ['ros']
[0.622s] Level 1:colcon.colcon_core.package_identification:_identify(src/gazebosim/gz_ros2_control) by extension 'ros'
[0.622s] Level 1:colcon.colcon_core.package_identification:_identify(src/gazebosim/gz_ros2_control) by extensions ['cmake', 'python']
[0.622s] Level 1:colcon.colcon_core.package_identification:_identify(src/gazebosim/gz_ros2_control) by extension 'cmake'
[0.623s] Level 1:colcon.colcon_core.package_identification:_identify(src/gazebosim/gz_ros2_control) by extension 'python'
[0.623s] Level 1:colcon.colcon_core.package_identification:_identify(src/gazebosim/gz_ros2_control) by extensions ['python_setup_py']
[0.623s] Level 1:colcon.colcon_core.package_identification:_identify(src/gazebosim/gz_ros2_control) by extension 'python_setup_py'
[0.623s] Level 1:colcon.colcon_core.package_identification:_identify(src/gazebosim/gz_ros2_control/Dockerfile) by extensions ['ignore', 'ignore_ament_install']
[0.623s] Level 1:colcon.colcon_core.package_identification:_identify(src/gazebosim/gz_ros2_control/Dockerfile) by extension 'ignore'
[0.623s] Level 1:colcon.colcon_core.package_identification:_identify(src/gazebosim/gz_ros2_control/Dockerfile) by extension 'ignore_ament_install'
[0.623s] Level 1:colcon.colcon_core.package_identification:_identify(src/gazebosim/gz_ros2_control/Dockerfile) by extensions ['colcon_pkg']
[0.623s] Level 1:colcon.colcon_core.package_identification:_identify(src/gazebosim/gz_ros2_control/Dockerfile) by extension 'colcon_pkg'
[0.623s] Level 1:colcon.colcon_core.package_identification:_identify(src/gazebosim/gz_ros2_control/Dockerfile) by extensions ['colcon_meta']
[0.623s] Level 1:colcon.colcon_core.package_identification:_identify(src/gazebosim/gz_ros2_control/Dockerfile) by extension 'colcon_meta'
[0.623s] Level 1:colcon.colcon_core.package_identification:_identify(src/gazebosim/gz_ros2_control/Dockerfile) by extensions ['ros']
[0.623s] Level 1:colcon.colcon_core.package_identification:_identify(src/gazebosim/gz_ros2_control/Dockerfile) by extension 'ros'
[0.623s] Level 1:colcon.colcon_core.package_identification:_identify(src/gazebosim/gz_ros2_control/Dockerfile) by extensions ['cmake', 'python']
[0.623s] Level 1:colcon.colcon_core.package_identification:_identify(src/gazebosim/gz_ros2_control/Dockerfile) by extension 'cmake'
[0.623s] Level 1:colcon.colcon_core.package_identification:_identify(src/gazebosim/gz_ros2_control/Dockerfile) by extension 'python'
[0.623s] Level 1:colcon.colcon_core.package_identification:_identify(src/gazebosim/gz_ros2_control/Dockerfile) by extensions ['python_setup_py']
[0.623s] Level 1:colcon.colcon_core.package_identification:_identify(src/gazebosim/gz_ros2_control/Dockerfile) by extension 'python_setup_py'
[0.623s] Level 1:colcon.colcon_core.package_identification:_identify(src/gazebosim/gz_ros2_control/ign_ros2_control) by extensions ['ignore', 'ignore_ament_install']
[0.623s] Level 1:colcon.colcon_core.package_identification:_identify(src/gazebosim/gz_ros2_control/ign_ros2_control) by extension 'ignore'
[0.623s] Level 1:colcon.colcon_core.package_identification:_identify(src/gazebosim/gz_ros2_control/ign_ros2_control) by extension 'ignore_ament_install'
[0.623s] Level 1:colcon.colcon_core.package_identification:_identify(src/gazebosim/gz_ros2_control/ign_ros2_control) by extensions ['colcon_pkg']
[0.623s] Level 1:colcon.colcon_core.package_identification:_identify(src/gazebosim/gz_ros2_control/ign_ros2_control) by extension 'colcon_pkg'
[0.623s] Level 1:colcon.colcon_core.package_identification:_identify(src/gazebosim/gz_ros2_control/ign_ros2_control) by extensions ['colcon_meta']
[0.623s] Level 1:colcon.colcon_core.package_identification:_identify(src/gazebosim/gz_ros2_control/ign_ros2_control) by extension 'colcon_meta'
[0.623s] Level 1:colcon.colcon_core.package_identification:_identify(src/gazebosim/gz_ros2_control/ign_ros2_control) by extensions ['ros']
[0.623s] Level 1:colcon.colcon_core.package_identification:_identify(src/gazebosim/gz_ros2_control/ign_ros2_control) by extension 'ros'
[0.627s] DEBUG:colcon.colcon_core.package_identification:Package 'src/gazebosim/gz_ros2_control/ign_ros2_control' with type 'ros.ament_cmake' and name 'ign_ros2_control'
[0.627s] Level 1:colcon.colcon_core.package_identification:_identify(src/gazebosim/gz_ros2_control/ign_ros2_control_demos) by extensions ['ignore', 'ignore_ament_install']
[0.627s] Level 1:colcon.colcon_core.package_identification:_identify(src/gazebosim/gz_ros2_control/ign_ros2_control_demos) by extension 'ignore'
[0.627s] Level 1:colcon.colcon_core.package_identification:_identify(src/gazebosim/gz_ros2_control/ign_ros2_control_demos) by extension 'ignore_ament_install'
[0.627s] Level 1:colcon.colcon_core.package_identification:_identify(src/gazebosim/gz_ros2_control/ign_ros2_control_demos) by extensions ['colcon_pkg']
[0.627s] Level 1:colcon.colcon_core.package_identification:_identify(src/gazebosim/gz_ros2_control/ign_ros2_control_demos) by extension 'colcon_pkg'
[0.627s] Level 1:colcon.colcon_core.package_identification:_identify(src/gazebosim/gz_ros2_control/ign_ros2_control_demos) by extensions ['colcon_meta']
[0.627s] Level 1:colcon.colcon_core.package_identification:_identify(src/gazebosim/gz_ros2_control/ign_ros2_control_demos) by extension 'colcon_meta'
[0.627s] Level 1:colcon.colcon_core.package_identification:_identify(src/gazebosim/gz_ros2_control/ign_ros2_control_demos) by extensions ['ros']
[0.627s] Level 1:colcon.colcon_core.package_identification:_identify(src/gazebosim/gz_ros2_control/ign_ros2_control_demos) by extension 'ros'
[0.628s] DEBUG:colcon.colcon_core.package_identification:Package 'src/gazebosim/gz_ros2_control/ign_ros2_control_demos' with type 'ros.ament_cmake' and name 'ign_ros2_control_demos'
[0.628s] Level 1:colcon.colcon_core.package_identification:_identify(src/psd_gazebo_worlds) by extensions ['ignore', 'ignore_ament_install']
[0.628s] Level 1:colcon.colcon_core.package_identification:_identify(src/psd_gazebo_worlds) by extension 'ignore'
[0.628s] Level 1:colcon.colcon_core.package_identification:_identify(src/psd_gazebo_worlds) by extension 'ignore_ament_install'
[0.628s] Level 1:colcon.colcon_core.package_identification:_identify(src/psd_gazebo_worlds) by extensions ['colcon_pkg']
[0.628s] Level 1:colcon.colcon_core.package_identification:_identify(src/psd_gazebo_worlds) by extension 'colcon_pkg'
[0.628s] Level 1:colcon.colcon_core.package_identification:_identify(src/psd_gazebo_worlds) by extensions ['colcon_meta']
[0.628s] Level 1:colcon.colcon_core.package_identification:_identify(src/psd_gazebo_worlds) by extension 'colcon_meta'
[0.628s] Level 1:colcon.colcon_core.package_identification:_identify(src/psd_gazebo_worlds) by extensions ['ros']
[0.628s] Level 1:colcon.colcon_core.package_identification:_identify(src/psd_gazebo_worlds) by extension 'ros'
[0.629s] DEBUG:colcon.colcon_core.package_identification:Package 'src/psd_gazebo_worlds' with type 'ros.ament_cmake' and name 'psd_gazebo_worlds'
[0.629s] Level 1:colcon.colcon_core.package_identification:_identify(src/psd_vehicle_hardware_interfaces) by extensions ['ignore', 'ignore_ament_install']
[0.629s] Level 1:colcon.colcon_core.package_identification:_identify(src/psd_vehicle_hardware_interfaces) by extension 'ignore'
[0.629s] Level 1:colcon.colcon_core.package_identification:_identify(src/psd_vehicle_hardware_interfaces) by extension 'ignore_ament_install'
[0.629s] Level 1:colcon.colcon_core.package_identification:_identify(src/psd_vehicle_hardware_interfaces) by extensions ['colcon_pkg']
[0.629s] Level 1:colcon.colcon_core.package_identification:_identify(src/psd_vehicle_hardware_interfaces) by extension 'colcon_pkg'
[0.629s] Level 1:colcon.colcon_core.package_identification:_identify(src/psd_vehicle_hardware_interfaces) by extensions ['colcon_meta']
[0.629s] Level 1:colcon.colcon_core.package_identification:_identify(src/psd_vehicle_hardware_interfaces) by extension 'colcon_meta'
[0.629s] Level 1:colcon.colcon_core.package_identification:_identify(src/psd_vehicle_hardware_interfaces) by extensions ['ros']
[0.629s] Level 1:colcon.colcon_core.package_identification:_identify(src/psd_vehicle_hardware_interfaces) by extension 'ros'
[0.630s] DEBUG:colcon.colcon_core.package_identification:Package 'src/psd_vehicle_hardware_interfaces' with type 'ros.ament_cmake' and name 'psd_vehicle_hardware_interfaces'
[0.630s] Level 1:colcon.colcon_core.package_identification:_identify(src/psd_vehicle_interfaces) by extensions ['ignore', 'ignore_ament_install']
[0.630s] Level 1:colcon.colcon_core.package_identification:_identify(src/psd_vehicle_interfaces) by extension 'ignore'
[0.630s] Level 1:colcon.colcon_core.package_identification:_identify(src/psd_vehicle_interfaces) by extension 'ignore_ament_install'
[0.630s] Level 1:colcon.colcon_core.package_identification:_identify(src/psd_vehicle_interfaces) by extensions ['colcon_pkg']
[0.630s] Level 1:colcon.colcon_core.package_identification:_identify(src/psd_vehicle_interfaces) by extension 'colcon_pkg'
[0.630s] Level 1:colcon.colcon_core.package_identification:_identify(src/psd_vehicle_interfaces) by extensions ['colcon_meta']
[0.630s] Level 1:colcon.colcon_core.package_identification:_identify(src/psd_vehicle_interfaces) by extension 'colcon_meta'
[0.630s] Level 1:colcon.colcon_core.package_identification:_identify(src/psd_vehicle_interfaces) by extensions ['ros']
[0.630s] Level 1:colcon.colcon_core.package_identification:_identify(src/psd_vehicle_interfaces) by extension 'ros'
[0.630s] DEBUG:colcon.colcon_core.package_identification:Package 'src/psd_vehicle_interfaces' with type 'ros.ament_cmake' and name 'psd_vehicle_interfaces'
[0.630s] Level 1:colcon.colcon_core.package_identification:_identify(src/psd_vehicle_ros) by extensions ['ignore', 'ignore_ament_install']
[0.630s] Level 1:colcon.colcon_core.package_identification:_identify(src/psd_vehicle_ros) by extension 'ignore'
[0.630s] Level 1:colcon.colcon_core.package_identification:_identify(src/psd_vehicle_ros) by extension 'ignore_ament_install'
[0.630s] Level 1:colcon.colcon_core.package_identification:_identify(src/psd_vehicle_ros) by extensions ['colcon_pkg']
[0.630s] Level 1:colcon.colcon_core.package_identification:_identify(src/psd_vehicle_ros) by extension 'colcon_pkg'
[0.630s] Level 1:colcon.colcon_core.package_identification:_identify(src/psd_vehicle_ros) by extensions ['colcon_meta']
[0.630s] Level 1:colcon.colcon_core.package_identification:_identify(src/psd_vehicle_ros) by extension 'colcon_meta'
[0.630s] Level 1:colcon.colcon_core.package_identification:_identify(src/psd_vehicle_ros) by extensions ['ros']
[0.630s] Level 1:colcon.colcon_core.package_identification:_identify(src/psd_vehicle_ros) by extension 'ros'
[0.631s] Level 1:colcon.colcon_core.package_identification:_identify(src/psd_vehicle_ros) by extensions ['cmake', 'python']
[0.631s] Level 1:colcon.colcon_core.package_identification:_identify(src/psd_vehicle_ros) by extension 'cmake'
[0.631s] Level 1:colcon.colcon_core.package_identification:_identify(src/psd_vehicle_ros) by extension 'python'
[0.631s] Level 1:colcon.colcon_core.package_identification:_identify(src/psd_vehicle_ros) by extensions ['python_setup_py']
[0.631s] Level 1:colcon.colcon_core.package_identification:_identify(src/psd_vehicle_ros) by extension 'python_setup_py'
[0.631s] Level 1:colcon.colcon_core.package_identification:_identify(src/psd_vehicle_ros/psd_vehicle_bringup) by extensions ['ignore', 'ignore_ament_install']
[0.631s] Level 1:colcon.colcon_core.package_identification:_identify(src/psd_vehicle_ros/psd_vehicle_bringup) by extension 'ignore'
[0.631s] Level 1:colcon.colcon_core.package_identification:_identify(src/psd_vehicle_ros/psd_vehicle_bringup) by extension 'ignore_ament_install'
[0.631s] Level 1:colcon.colcon_core.package_identification:_identify(src/psd_vehicle_ros/psd_vehicle_bringup) by extensions ['colcon_pkg']
[0.631s] Level 1:colcon.colcon_core.package_identification:_identify(src/psd_vehicle_ros/psd_vehicle_bringup) by extension 'colcon_pkg'
[0.631s] Level 1:colcon.colcon_core.package_identification:_identify(src/psd_vehicle_ros/psd_vehicle_bringup) by extensions ['colcon_meta']
[0.631s] Level 1:colcon.colcon_core.package_identification:_identify(src/psd_vehicle_ros/psd_vehicle_bringup) by extension 'colcon_meta'
[0.631s] Level 1:colcon.colcon_core.package_identification:_identify(src/psd_vehicle_ros/psd_vehicle_bringup) by extensions ['ros']
[0.631s] Level 1:colcon.colcon_core.package_identification:_identify(src/psd_vehicle_ros/psd_vehicle_bringup) by extension 'ros'
[0.631s] DEBUG:colcon.colcon_core.package_identification:Package 'src/psd_vehicle_ros/psd_vehicle_bringup' with type 'ros.ament_cmake' and name 'psd_vehicle_bringup'
[0.631s] Level 1:colcon.colcon_core.package_identification:_identify(src/psd_vehicle_ros/psd_vehicle_controller) by extensions ['ignore', 'ignore_ament_install']
[0.631s] Level 1:colcon.colcon_core.package_identification:_identify(src/psd_vehicle_ros/psd_vehicle_controller) by extension 'ignore'
[0.631s] Level 1:colcon.colcon_core.package_identification:_identify(src/psd_vehicle_ros/psd_vehicle_controller) by extension 'ignore_ament_install'
[0.631s] Level 1:colcon.colcon_core.package_identification:_identify(src/psd_vehicle_ros/psd_vehicle_controller) by extensions ['colcon_pkg']
[0.631s] Level 1:colcon.colcon_core.package_identification:_identify(src/psd_vehicle_ros/psd_vehicle_controller) by extension 'colcon_pkg'
[0.631s] Level 1:colcon.colcon_core.package_identification:_identify(src/psd_vehicle_ros/psd_vehicle_controller) by extensions ['colcon_meta']
[0.631s] Level 1:colcon.colcon_core.package_identification:_identify(src/psd_vehicle_ros/psd_vehicle_controller) by extension 'colcon_meta'
[0.632s] Level 1:colcon.colcon_core.package_identification:_identify(src/psd_vehicle_ros/psd_vehicle_controller) by extensions ['ros']
[0.632s] Level 1:colcon.colcon_core.package_identification:_identify(src/psd_vehicle_ros/psd_vehicle_controller) by extension 'ros'
[0.632s] DEBUG:colcon.colcon_core.package_identification:Package 'src/psd_vehicle_ros/psd_vehicle_controller' with type 'ros.ament_cmake' and name 'psd_vehicle_controller'
[0.632s] Level 1:colcon.colcon_core.package_identification:_identify(src/psd_vehicle_ros/psd_vehicle_description) by extensions ['ignore', 'ignore_ament_install']
[0.632s] Level 1:colcon.colcon_core.package_identification:_identify(src/psd_vehicle_ros/psd_vehicle_description) by extension 'ignore'
[0.632s] Level 1:colcon.colcon_core.package_identification:_identify(src/psd_vehicle_ros/psd_vehicle_description) by extension 'ignore_ament_install'
[0.632s] Level 1:colcon.colcon_core.package_identification:_identify(src/psd_vehicle_ros/psd_vehicle_description) by extensions ['colcon_pkg']
[0.632s] Level 1:colcon.colcon_core.package_identification:_identify(src/psd_vehicle_ros/psd_vehicle_description) by extension 'colcon_pkg'
[0.632s] Level 1:colcon.colcon_core.package_identification:_identify(src/psd_vehicle_ros/psd_vehicle_description) by extensions ['colcon_meta']
[0.632s] Level 1:colcon.colcon_core.package_identification:_identify(src/psd_vehicle_ros/psd_vehicle_description) by extension 'colcon_meta'
[0.632s] Level 1:colcon.colcon_core.package_identification:_identify(src/psd_vehicle_ros/psd_vehicle_description) by extensions ['ros']
[0.632s] Level 1:colcon.colcon_core.package_identification:_identify(src/psd_vehicle_ros/psd_vehicle_description) by extension 'ros'
[0.632s] DEBUG:colcon.colcon_core.package_identification:Package 'src/psd_vehicle_ros/psd_vehicle_description' with type 'ros.ament_cmake' and name 'psd_vehicle_description'
[0.633s] Level 1:colcon.colcon_core.package_identification:_identify(src/psd_vehicle_ros/psd_vehicle_gazebo) by extensions ['ignore', 'ignore_ament_install']
[0.633s] Level 1:colcon.colcon_core.package_identification:_identify(src/psd_vehicle_ros/psd_vehicle_gazebo) by extension 'ignore'
[0.633s] Level 1:colcon.colcon_core.package_identification:_identify(src/psd_vehicle_ros/psd_vehicle_gazebo) by extension 'ignore_ament_install'
[0.633s] Level 1:colcon.colcon_core.package_identification:_identify(src/psd_vehicle_ros/psd_vehicle_gazebo) by extensions ['colcon_pkg']
[0.633s] Level 1:colcon.colcon_core.package_identification:_identify(src/psd_vehicle_ros/psd_vehicle_gazebo) by extension 'colcon_pkg'
[0.633s] Level 1:colcon.colcon_core.package_identification:_identify(src/psd_vehicle_ros/psd_vehicle_gazebo) by extensions ['colcon_meta']
[0.633s] Level 1:colcon.colcon_core.package_identification:_identify(src/psd_vehicle_ros/psd_vehicle_gazebo) by extension 'colcon_meta'
[0.633s] Level 1:colcon.colcon_core.package_identification:_identify(src/psd_vehicle_ros/psd_vehicle_gazebo) by extensions ['ros']
[0.633s] Level 1:colcon.colcon_core.package_identification:_identify(src/psd_vehicle_ros/psd_vehicle_gazebo) by extension 'ros'
[0.633s] DEBUG:colcon.colcon_core.package_identification:Package 'src/psd_vehicle_ros/psd_vehicle_gazebo' with type 'ros.ament_cmake' and name 'psd_vehicle_gazebo'
[0.633s] Level 1:colcon.colcon_core.package_identification:_identify(src/ros_components_description) by extensions ['ignore', 'ignore_ament_install']
[0.633s] Level 1:colcon.colcon_core.package_identification:_identify(src/ros_components_description) by extension 'ignore'
[0.633s] Level 1:colcon.colcon_core.package_identification:_identify(src/ros_components_description) by extension 'ignore_ament_install'
[0.633s] Level 1:colcon.colcon_core.package_identification:_identify(src/ros_components_description) by extensions ['colcon_pkg']
[0.633s] Level 1:colcon.colcon_core.package_identification:_identify(src/ros_components_description) by extension 'colcon_pkg'
[0.633s] Level 1:colcon.colcon_core.package_identification:_identify(src/ros_components_description) by extensions ['colcon_meta']
[0.633s] Level 1:colcon.colcon_core.package_identification:_identify(src/ros_components_description) by extension 'colcon_meta'
[0.633s] Level 1:colcon.colcon_core.package_identification:_identify(src/ros_components_description) by extensions ['ros']
[0.633s] Level 1:colcon.colcon_core.package_identification:_identify(src/ros_components_description) by extension 'ros'
[0.645s] DEBUG:colcon.colcon_core.package_identification:Package 'src/ros_components_description' with type 'ros.ament_cmake' and name 'ros_components_description'
[0.645s] Level 1:colcon.colcon_core.package_discovery:discover_packages(recursive) using defaults
[0.645s] Level 1:colcon.colcon_core.package_discovery:discover_packages(ignore) discover
[0.645s] Level 1:colcon.colcon_core.package_discovery:discover_packages(ignore) using defaults
[0.645s] Level 1:colcon.colcon_core.package_discovery:discover_packages(path) discover
[0.645s] Level 1:colcon.colcon_core.package_discovery:discover_packages(path) using defaults
[0.687s] Level 5:colcon.colcon_core.verb:set package 'core' build argument 'cmake_args' from command line to 'None'
[0.687s] Level 5:colcon.colcon_core.verb:set package 'core' build argument 'cmake_target' from command line to 'None'
[0.687s] Level 5:colcon.colcon_core.verb:set package 'core' build argument 'cmake_target_skip_unavailable' from command line to 'False'
[0.687s] Level 5:colcon.colcon_core.verb:set package 'core' build argument 'cmake_clean_cache' from command line to 'False'
[0.687s] Level 5:colcon.colcon_core.verb:set package 'core' build argument 'cmake_clean_first' from command line to 'False'
[0.687s] Level 5:colcon.colcon_core.verb:set package 'core' build argument 'cmake_force_configure' from command line to 'False'
[0.687s] Level 5:colcon.colcon_core.verb:set package 'core' build argument 'ament_cmake_args' from command line to 'None'
[0.687s] Level 5:colcon.colcon_core.verb:set package 'core' build argument 'catkin_cmake_args' from command line to 'None'
[0.687s] Level 5:colcon.colcon_core.verb:set package 'core' build argument 'catkin_skip_building_tests' from command line to 'False'
[0.687s] DEBUG:colcon.colcon_core.verb:Building package 'core' with the following arguments: {'ament_cmake_args': None, 'build_base': '/home/psd/psd_ws/build/core', 'catkin_cmake_args': None, 'catkin_skip_building_tests': False, 'cmake_args': None, 'cmake_clean_cache': False, 'cmake_clean_first': False, 'cmake_force_configure': False, 'cmake_target': None, 'cmake_target_skip_unavailable': False, 'install_base': '/home/psd/psd_ws/install/core', 'merge_install': False, 'path': '/home/psd/psd_ws/src/core', 'symlink_install': False, 'test_result_base': None}
[0.694s] Level 5:colcon.colcon_core.verb:set package 'ign_ros2_control' build argument 'cmake_args' from command line to 'None'
[0.694s] Level 5:colcon.colcon_core.verb:set package 'ign_ros2_control' build argument 'cmake_target' from command line to 'None'
[0.694s] Level 5:colcon.colcon_core.verb:set package 'ign_ros2_control' build argument 'cmake_target_skip_unavailable' from command line to 'False'
[0.694s] Level 5:colcon.colcon_core.verb:set package 'ign_ros2_control' build argument 'cmake_clean_cache' from command line to 'False'
[0.694s] Level 5:colcon.colcon_core.verb:set package 'ign_ros2_control' build argument 'cmake_clean_first' from command line to 'False'
[0.694s] Level 5:colcon.colcon_core.verb:set package 'ign_ros2_control' build argument 'cmake_force_configure' from command line to 'False'
[0.694s] Level 5:colcon.colcon_core.verb:set package 'ign_ros2_control' build argument 'ament_cmake_args' from command line to 'None'
[0.694s] Level 5:colcon.colcon_core.verb:set package 'ign_ros2_control' build argument 'catkin_cmake_args' from command line to 'None'
[0.694s] Level 5:colcon.colcon_core.verb:set package 'ign_ros2_control' build argument 'catkin_skip_building_tests' from command line to 'False'
[0.694s] DEBUG:colcon.colcon_core.verb:Building package 'ign_ros2_control' with the following arguments: {'ament_cmake_args': None, 'build_base': '/home/psd/psd_ws/build/ign_ros2_control', 'catkin_cmake_args': None, 'catkin_skip_building_tests': False, 'cmake_args': None, 'cmake_clean_cache': False, 'cmake_clean_first': False, 'cmake_force_configure': False, 'cmake_target': None, 'cmake_target_skip_unavailable': False, 'install_base': '/home/psd/psd_ws/install/ign_ros2_control', 'merge_install': False, 'path': '/home/psd/psd_ws/src/gazebosim/gz_ros2_control/ign_ros2_control', 'symlink_install': False, 'test_result_base': None}
[0.700s] Level 5:colcon.colcon_core.verb:set package 'psd_gazebo_worlds' build argument 'cmake_args' from command line to 'None'
[0.700s] Level 5:colcon.colcon_core.verb:set package 'psd_gazebo_worlds' build argument 'cmake_target' from command line to 'None'
[0.700s] Level 5:colcon.colcon_core.verb:set package 'psd_gazebo_worlds' build argument 'cmake_target_skip_unavailable' from command line to 'False'
[0.700s] Level 5:colcon.colcon_core.verb:set package 'psd_gazebo_worlds' build argument 'cmake_clean_cache' from command line to 'False'
[0.700s] Level 5:colcon.colcon_core.verb:set package 'psd_gazebo_worlds' build argument 'cmake_clean_first' from command line to 'False'
[0.700s] Level 5:colcon.colcon_core.verb:set package 'psd_gazebo_worlds' build argument 'cmake_force_configure' from command line to 'False'
[0.700s] Level 5:colcon.colcon_core.verb:set package 'psd_gazebo_worlds' build argument 'ament_cmake_args' from command line to 'None'
[0.700s] Level 5:colcon.colcon_core.verb:set package 'psd_gazebo_worlds' build argument 'catkin_cmake_args' from command line to 'None'
[0.700s] Level 5:colcon.colcon_core.verb:set package 'psd_gazebo_worlds' build argument 'catkin_skip_building_tests' from command line to 'False'
[0.700s] DEBUG:colcon.colcon_core.verb:Building package 'psd_gazebo_worlds' with the following arguments: {'ament_cmake_args': None, 'build_base': '/home/psd/psd_ws/build/psd_gazebo_worlds', 'catkin_cmake_args': None, 'catkin_skip_building_tests': False, 'cmake_args': None, 'cmake_clean_cache': False, 'cmake_clean_first': False, 'cmake_force_configure': False, 'cmake_target': None, 'cmake_target_skip_unavailable': False, 'install_base': '/home/psd/psd_ws/install/psd_gazebo_worlds', 'merge_install': False, 'path': '/home/psd/psd_ws/src/psd_gazebo_worlds', 'symlink_install': False, 'test_result_base': None}
[0.707s] Level 5:colcon.colcon_core.verb:set package 'psd_vehicle_gazebo' build argument 'cmake_args' from command line to 'None'
[0.707s] Level 5:colcon.colcon_core.verb:set package 'psd_vehicle_gazebo' build argument 'cmake_target' from command line to 'None'
[0.707s] Level 5:colcon.colcon_core.verb:set package 'psd_vehicle_gazebo' build argument 'cmake_target_skip_unavailable' from command line to 'False'
[0.707s] Level 5:colcon.colcon_core.verb:set package 'psd_vehicle_gazebo' build argument 'cmake_clean_cache' from command line to 'False'
[0.707s] Level 5:colcon.colcon_core.verb:set package 'psd_vehicle_gazebo' build argument 'cmake_clean_first' from command line to 'False'
[0.707s] Level 5:colcon.colcon_core.verb:set package 'psd_vehicle_gazebo' build argument 'cmake_force_configure' from command line to 'False'
[0.707s] Level 5:colcon.colcon_core.verb:set package 'psd_vehicle_gazebo' build argument 'ament_cmake_args' from command line to 'None'
[0.707s] Level 5:colcon.colcon_core.verb:set package 'psd_vehicle_gazebo' build argument 'catkin_cmake_args' from command line to 'None'
[0.707s] Level 5:colcon.colcon_core.verb:set package 'psd_vehicle_gazebo' build argument 'catkin_skip_building_tests' from command line to 'False'
[0.707s] DEBUG:colcon.colcon_core.verb:Building package 'psd_vehicle_gazebo' with the following arguments: {'ament_cmake_args': None, 'build_base': '/home/psd/psd_ws/build/psd_vehicle_gazebo', 'catkin_cmake_args': None, 'catkin_skip_building_tests': False, 'cmake_args': None, 'cmake_clean_cache': False, 'cmake_clean_first': False, 'cmake_force_configure': False, 'cmake_target': None, 'cmake_target_skip_unavailable': False, 'install_base': '/home/psd/psd_ws/install/psd_vehicle_gazebo', 'merge_install': False, 'path': '/home/psd/psd_ws/src/psd_vehicle_ros/psd_vehicle_gazebo', 'symlink_install': False, 'test_result_base': None}
[0.714s] Level 5:colcon.colcon_core.verb:set package 'psd_vehicle_hardware_interfaces' build argument 'cmake_args' from command line to 'None'
[0.714s] Level 5:colcon.colcon_core.verb:set package 'psd_vehicle_hardware_interfaces' build argument 'cmake_target' from command line to 'None'
[0.714s] Level 5:colcon.colcon_core.verb:set package 'psd_vehicle_hardware_interfaces' build argument 'cmake_target_skip_unavailable' from command line to 'False'
[0.714s] Level 5:colcon.colcon_core.verb:set package 'psd_vehicle_hardware_interfaces' build argument 'cmake_clean_cache' from command line to 'False'
[0.714s] Level 5:colcon.colcon_core.verb:set package 'psd_vehicle_hardware_interfaces' build argument 'cmake_clean_first' from command line to 'False'
[0.714s] Level 5:colcon.colcon_core.verb:set package 'psd_vehicle_hardware_interfaces' build argument 'cmake_force_configure' from command line to 'False'
[0.714s] Level 5:colcon.colcon_core.verb:set package 'psd_vehicle_hardware_interfaces' build argument 'ament_cmake_args' from command line to 'None'
[0.714s] Level 5:colcon.colcon_core.verb:set package 'psd_vehicle_hardware_interfaces' build argument 'catkin_cmake_args' from command line to 'None'
[0.714s] Level 5:colcon.colcon_core.verb:set package 'psd_vehicle_hardware_interfaces' build argument 'catkin_skip_building_tests' from command line to 'False'
[0.714s] DEBUG:colcon.colcon_core.verb:Building package 'psd_vehicle_hardware_interfaces' with the following arguments: {'ament_cmake_args': None, 'build_base': '/home/psd/psd_ws/build/psd_vehicle_hardware_interfaces', 'catkin_cmake_args': None, 'catkin_skip_building_tests': False, 'cmake_args': None, 'cmake_clean_cache': False, 'cmake_clean_first': False, 'cmake_force_configure': False, 'cmake_target': None, 'cmake_target_skip_unavailable': False, 'install_base': '/home/psd/psd_ws/install/psd_vehicle_hardware_interfaces', 'merge_install': False, 'path': '/home/psd/psd_ws/src/psd_vehicle_hardware_interfaces', 'symlink_install': False, 'test_result_base': None}
[0.720s] Level 5:colcon.colcon_core.verb:set package 'psd_vehicle_interfaces' build argument 'cmake_args' from command line to 'None'
[0.720s] Level 5:colcon.colcon_core.verb:set package 'psd_vehicle_interfaces' build argument 'cmake_target' from command line to 'None'
[0.720s] Level 5:colcon.colcon_core.verb:set package 'psd_vehicle_interfaces' build argument 'cmake_target_skip_unavailable' from command line to 'False'
[0.720s] Level 5:colcon.colcon_core.verb:set package 'psd_vehicle_interfaces' build argument 'cmake_clean_cache' from command line to 'False'
[0.720s] Level 5:colcon.colcon_core.verb:set package 'psd_vehicle_interfaces' build argument 'cmake_clean_first' from command line to 'False'
[0.720s] Level 5:colcon.colcon_core.verb:set package 'psd_vehicle_interfaces' build argument 'cmake_force_configure' from command line to 'False'
[0.720s] Level 5:colcon.colcon_core.verb:set package 'psd_vehicle_interfaces' build argument 'ament_cmake_args' from command line to 'None'
[0.720s] Level 5:colcon.colcon_core.verb:set package 'psd_vehicle_interfaces' build argument 'catkin_cmake_args' from command line to 'None'
[0.720s] Level 5:colcon.colcon_core.verb:set package 'psd_vehicle_interfaces' build argument 'catkin_skip_building_tests' from command line to 'False'
[0.720s] DEBUG:colcon.colcon_core.verb:Building package 'psd_vehicle_interfaces' with the following arguments: {'ament_cmake_args': None, 'build_base': '/home/psd/psd_ws/build/psd_vehicle_interfaces', 'catkin_cmake_args': None, 'catkin_skip_building_tests': False, 'cmake_args': None, 'cmake_clean_cache': False, 'cmake_clean_first': False, 'cmake_force_configure': False, 'cmake_target': None, 'cmake_target_skip_unavailable': False, 'install_base': '/home/psd/psd_ws/install/psd_vehicle_interfaces', 'merge_install': False, 'path': '/home/psd/psd_ws/src/psd_vehicle_interfaces', 'symlink_install': False, 'test_result_base': None}
[0.727s] Level 5:colcon.colcon_core.verb:set package 'ros_components_description' build argument 'cmake_args' from command line to 'None'
[0.727s] Level 5:colcon.colcon_core.verb:set package 'ros_components_description' build argument 'cmake_target' from command line to 'None'
[0.727s] Level 5:colcon.colcon_core.verb:set package 'ros_components_description' build argument 'cmake_target_skip_unavailable' from command line to 'False'
[0.727s] Level 5:colcon.colcon_core.verb:set package 'ros_components_description' build argument 'cmake_clean_cache' from command line to 'False'
[0.727s] Level 5:colcon.colcon_core.verb:set package 'ros_components_description' build argument 'cmake_clean_first' from command line to 'False'
[0.727s] Level 5:colcon.colcon_core.verb:set package 'ros_components_description' build argument 'cmake_force_configure' from command line to 'False'
[0.727s] Level 5:colcon.colcon_core.verb:set package 'ros_components_description' build argument 'ament_cmake_args' from command line to 'None'
[0.727s] Level 5:colcon.colcon_core.verb:set package 'ros_components_description' build argument 'catkin_cmake_args' from command line to 'None'
[0.727s] Level 5:colcon.colcon_core.verb:set package 'ros_components_description' build argument 'catkin_skip_building_tests' from command line to 'False'
[0.727s] DEBUG:colcon.colcon_core.verb:Building package 'ros_components_description' with the following arguments: {'ament_cmake_args': None, 'build_base': '/home/psd/psd_ws/build/ros_components_description', 'catkin_cmake_args': None, 'catkin_skip_building_tests': False, 'cmake_args': None, 'cmake_clean_cache': False, 'cmake_clean_first': False, 'cmake_force_configure': False, 'cmake_target': None, 'cmake_target_skip_unavailable': False, 'install_base': '/home/psd/psd_ws/install/ros_components_description', 'merge_install': False, 'path': '/home/psd/psd_ws/src/ros_components_description', 'symlink_install': False, 'test_result_base': None}
[0.733s] Level 5:colcon.colcon_core.verb:set package 'ign_ros2_control_demos' build argument 'cmake_args' from command line to 'None'
[0.733s] Level 5:colcon.colcon_core.verb:set package 'ign_ros2_control_demos' build argument 'cmake_target' from command line to 'None'
[0.733s] Level 5:colcon.colcon_core.verb:set package 'ign_ros2_control_demos' build argument 'cmake_target_skip_unavailable' from command line to 'False'
[0.733s] Level 5:colcon.colcon_core.verb:set package 'ign_ros2_control_demos' build argument 'cmake_clean_cache' from command line to 'False'
[0.733s] Level 5:colcon.colcon_core.verb:set package 'ign_ros2_control_demos' build argument 'cmake_clean_first' from command line to 'False'
[0.733s] Level 5:colcon.colcon_core.verb:set package 'ign_ros2_control_demos' build argument 'cmake_force_configure' from command line to 'False'
[0.733s] Level 5:colcon.colcon_core.verb:set package 'ign_ros2_control_demos' build argument 'ament_cmake_args' from command line to 'None'
[0.734s] Level 5:colcon.colcon_core.verb:set package 'ign_ros2_control_demos' build argument 'catkin_cmake_args' from command line to 'None'
[0.734s] Level 5:colcon.colcon_core.verb:set package 'ign_ros2_control_demos' build argument 'catkin_skip_building_tests' from command line to 'False'
[0.734s] DEBUG:colcon.colcon_core.verb:Building package 'ign_ros2_control_demos' with the following arguments: {'ament_cmake_args': None, 'build_base': '/home/psd/psd_ws/build/ign_ros2_control_demos', 'catkin_cmake_args': None, 'catkin_skip_building_tests': False, 'cmake_args': None, 'cmake_clean_cache': False, 'cmake_clean_first': False, 'cmake_force_configure': False, 'cmake_target': None, 'cmake_target_skip_unavailable': False, 'install_base': '/home/psd/psd_ws/install/ign_ros2_control_demos', 'merge_install': False, 'path': '/home/psd/psd_ws/src/gazebosim/gz_ros2_control/ign_ros2_control_demos', 'symlink_install': False, 'test_result_base': None}
[0.740s] Level 5:colcon.colcon_core.verb:set package 'psd_vehicle_description' build argument 'cmake_args' from command line to 'None'
[0.740s] Level 5:colcon.colcon_core.verb:set package 'psd_vehicle_description' build argument 'cmake_target' from command line to 'None'
[0.740s] Level 5:colcon.colcon_core.verb:set package 'psd_vehicle_description' build argument 'cmake_target_skip_unavailable' from command line to 'False'
[0.740s] Level 5:colcon.colcon_core.verb:set package 'psd_vehicle_description' build argument 'cmake_clean_cache' from command line to 'False'
[0.740s] Level 5:colcon.colcon_core.verb:set package 'psd_vehicle_description' build argument 'cmake_clean_first' from command line to 'False'
[0.740s] Level 5:colcon.colcon_core.verb:set package 'psd_vehicle_description' build argument 'cmake_force_configure' from command line to 'False'
[0.740s] Level 5:colcon.colcon_core.verb:set package 'psd_vehicle_description' build argument 'ament_cmake_args' from command line to 'None'
[0.740s] Level 5:colcon.colcon_core.verb:set package 'psd_vehicle_description' build argument 'catkin_cmake_args' from command line to 'None'
[0.740s] Level 5:colcon.colcon_core.verb:set package 'psd_vehicle_description' build argument 'catkin_skip_building_tests' from command line to 'False'
[0.740s] DEBUG:colcon.colcon_core.verb:Building package 'psd_vehicle_description' with the following arguments: {'ament_cmake_args': None, 'build_base': '/home/psd/psd_ws/build/psd_vehicle_description', 'catkin_cmake_args': None, 'catkin_skip_building_tests': False, 'cmake_args': None, 'cmake_clean_cache': False, 'cmake_clean_first': False, 'cmake_force_configure': False, 'cmake_target': None, 'cmake_target_skip_unavailable': False, 'install_base': '/home/psd/psd_ws/install/psd_vehicle_description', 'merge_install': False, 'path': '/home/psd/psd_ws/src/psd_vehicle_ros/psd_vehicle_description', 'symlink_install': False, 'test_result_base': None}
[0.747s] Level 5:colcon.colcon_core.verb:set package 'psd_vehicle_controller' build argument 'cmake_args' from command line to 'None'
[0.747s] Level 5:colcon.colcon_core.verb:set package 'psd_vehicle_controller' build argument 'cmake_target' from command line to 'None'
[0.747s] Level 5:colcon.colcon_core.verb:set package 'psd_vehicle_controller' build argument 'cmake_target_skip_unavailable' from command line to 'False'
[0.747s] Level 5:colcon.colcon_core.verb:set package 'psd_vehicle_controller' build argument 'cmake_clean_cache' from command line to 'False'
[0.747s] Level 5:colcon.colcon_core.verb:set package 'psd_vehicle_controller' build argument 'cmake_clean_first' from command line to 'False'
[0.747s] Level 5:colcon.colcon_core.verb:set package 'psd_vehicle_controller' build argument 'cmake_force_configure' from command line to 'False'
[0.747s] Level 5:colcon.colcon_core.verb:set package 'psd_vehicle_controller' build argument 'ament_cmake_args' from command line to 'None'
[0.747s] Level 5:colcon.colcon_core.verb:set package 'psd_vehicle_controller' build argument 'catkin_cmake_args' from command line to 'None'
[0.747s] Level 5:colcon.colcon_core.verb:set package 'psd_vehicle_controller' build argument 'catkin_skip_building_tests' from command line to 'False'
[0.747s] DEBUG:colcon.colcon_core.verb:Building package 'psd_vehicle_controller' with the following arguments: {'ament_cmake_args': None, 'build_base': '/home/psd/psd_ws/build/psd_vehicle_controller', 'catkin_cmake_args': None, 'catkin_skip_building_tests': False, 'cmake_args': None, 'cmake_clean_cache': False, 'cmake_clean_first': False, 'cmake_force_configure': False, 'cmake_target': None, 'cmake_target_skip_unavailable': False, 'install_base': '/home/psd/psd_ws/install/psd_vehicle_controller', 'merge_install': False, 'path': '/home/psd/psd_ws/src/psd_vehicle_ros/psd_vehicle_controller', 'symlink_install': False, 'test_result_base': None}
[0.753s] Level 5:colcon.colcon_core.verb:set package 'psd_vehicle_bringup' build argument 'cmake_args' from command line to 'None'
[0.753s] Level 5:colcon.colcon_core.verb:set package 'psd_vehicle_bringup' build argument 'cmake_target' from command line to 'None'
[0.753s] Level 5:colcon.colcon_core.verb:set package 'psd_vehicle_bringup' build argument 'cmake_target_skip_unavailable' from command line to 'False'
[0.753s] Level 5:colcon.colcon_core.verb:set package 'psd_vehicle_bringup' build argument 'cmake_clean_cache' from command line to 'False'
[0.753s] Level 5:colcon.colcon_core.verb:set package 'psd_vehicle_bringup' build argument 'cmake_clean_first' from command line to 'False'
[0.753s] Level 5:colcon.colcon_core.verb:set package 'psd_vehicle_bringup' build argument 'cmake_force_configure' from command line to 'False'
[0.753s] Level 5:colcon.colcon_core.verb:set package 'psd_vehicle_bringup' build argument 'ament_cmake_args' from command line to 'None'
[0.753s] Level 5:colcon.colcon_core.verb:set package 'psd_vehicle_bringup' build argument 'catkin_cmake_args' from command line to 'None'
[0.753s] Level 5:colcon.colcon_core.verb:set package 'psd_vehicle_bringup' build argument 'catkin_skip_building_tests' from command line to 'False'
[0.753s] DEBUG:colcon.colcon_core.verb:Building package 'psd_vehicle_bringup' with the following arguments: {'ament_cmake_args': None, 'build_base': '/home/psd/psd_ws/build/psd_vehicle_bringup', 'catkin_cmake_args': None, 'catkin_skip_building_tests': False, 'cmake_args': None, 'cmake_clean_cache': False, 'cmake_clean_first': False, 'cmake_force_configure': False, 'cmake_target': None, 'cmake_target_skip_unavailable': False, 'install_base': '/home/psd/psd_ws/install/psd_vehicle_bringup', 'merge_install': False, 'path': '/home/psd/psd_ws/src/psd_vehicle_ros/psd_vehicle_bringup', 'symlink_install': False, 'test_result_base': None}
[0.760s] INFO:colcon.colcon_core.executor:Executing jobs using 'parallel' executor
[0.767s] DEBUG:colcon.colcon_parallel_executor.executor.parallel:run_until_complete
[0.767s] INFO:colcon.colcon_ros.task.ament_cmake.build:Building ROS package in '/home/psd/psd_ws/src/ros_components_description' with build type 'ament_cmake'
[0.767s] INFO:colcon.colcon_cmake.task.cmake.build:Building CMake package in '/home/psd/psd_ws/src/ros_components_description'
[0.777s] INFO:colcon.colcon_core.plugin_system:Skipping extension 'colcon_core.shell.bat': Not used on non-Windows systems
[0.777s] INFO:colcon.colcon_core.shell:Skip shell extension 'powershell' for command environment: Not usable outside of PowerShell
[0.777s] DEBUG:colcon.colcon_core.shell:Skip shell extension 'dsv' for command environment
[0.793s] INFO:colcon.colcon_ros.task.ament_cmake.build:Building ROS package in '/home/psd/psd_ws/src/gazebosim/gz_ros2_control/ign_ros2_control' with build type 'ament_cmake'
[0.793s] INFO:colcon.colcon_cmake.task.cmake.build:Building CMake package in '/home/psd/psd_ws/src/gazebosim/gz_ros2_control/ign_ros2_control'
[0.801s] INFO:colcon.colcon_core.shell:Skip shell extension 'powershell' for command environment: Not usable outside of PowerShell
[0.801s] DEBUG:colcon.colcon_core.shell:Skip shell extension 'dsv' for command environment
[0.816s] INFO:colcon.colcon_ros.task.ament_cmake.build:Building ROS package in '/home/psd/psd_ws/src/core' with build type 'ament_cmake'
[0.817s] INFO:colcon.colcon_cmake.task.cmake.build:Building CMake package in '/home/psd/psd_ws/src/core'
[0.831s] INFO:colcon.colcon_core.shell:Skip shell extension 'powershell' for command environment: Not usable outside of PowerShell
[0.831s] DEBUG:colcon.colcon_core.shell:Skip shell extension 'dsv' for command environment
[0.847s] INFO:colcon.colcon_ros.task.ament_cmake.build:Building ROS package in '/home/psd/psd_ws/src/psd_gazebo_worlds' with build type 'ament_cmake'
[0.847s] INFO:colcon.colcon_cmake.task.cmake.build:Building CMake package in '/home/psd/psd_ws/src/psd_gazebo_worlds'
[0.856s] INFO:colcon.colcon_core.shell:Skip shell extension 'powershell' for command environment: Not usable outside of PowerShell
[0.856s] DEBUG:colcon.colcon_core.shell:Skip shell extension 'dsv' for command environment
[0.873s] INFO:colcon.colcon_ros.task.ament_cmake.build:Building ROS package in '/home/psd/psd_ws/src/psd_vehicle_ros/psd_vehicle_gazebo' with build type 'ament_cmake'
[0.873s] INFO:colcon.colcon_cmake.task.cmake.build:Building CMake package in '/home/psd/psd_ws/src/psd_vehicle_ros/psd_vehicle_gazebo'
[0.881s] INFO:colcon.colcon_core.shell:Skip shell extension 'powershell' for command environment: Not usable outside of PowerShell
[0.881s] DEBUG:colcon.colcon_core.shell:Skip shell extension 'dsv' for command environment
[0.897s] INFO:colcon.colcon_ros.task.ament_cmake.build:Building ROS package in '/home/psd/psd_ws/src/psd_vehicle_hardware_interfaces' with build type 'ament_cmake'
[0.897s] INFO:colcon.colcon_cmake.task.cmake.build:Building CMake package in '/home/psd/psd_ws/src/psd_vehicle_hardware_interfaces'
[0.905s] INFO:colcon.colcon_core.shell:Skip shell extension 'powershell' for command environment: Not usable outside of PowerShell
[0.905s] DEBUG:colcon.colcon_core.shell:Skip shell extension 'dsv' for command environment
[0.919s] INFO:colcon.colcon_ros.task.ament_cmake.build:Building ROS package in '/home/psd/psd_ws/src/psd_vehicle_interfaces' with build type 'ament_cmake'
[0.920s] INFO:colcon.colcon_cmake.task.cmake.build:Building CMake package in '/home/psd/psd_ws/src/psd_vehicle_interfaces'
[0.927s] INFO:colcon.colcon_core.shell:Skip shell extension 'powershell' for command environment: Not usable outside of PowerShell
[0.927s] DEBUG:colcon.colcon_core.shell:Skip shell extension 'dsv' for command environment
[0.946s] DEBUG:colcon.colcon_core.event_handler.log_command:Invoking command in '/home/psd/psd_ws/build/ros_components_description': CMAKE_PREFIX_PATH=/opt/ros/humble /usr/bin/cmake --build /home/psd/psd_ws/build/ros_components_description -- -j20 -l20
[0.952s] DEBUG:colcon.colcon_core.event_handler.log_command:Invoking command in '/home/psd/psd_ws/build/ign_ros2_control': CMAKE_PREFIX_PATH=/opt/ros/humble /usr/bin/cmake --build /home/psd/psd_ws/build/ign_ros2_control -- -j20 -l20
[0.953s] DEBUG:colcon.colcon_core.event_handler.log_command:Invoking command in '/home/psd/psd_ws/build/core': CMAKE_PREFIX_PATH=/opt/ros/humble /usr/bin/cmake --build /home/psd/psd_ws/build/core -- -j20 -l20
[0.955s] DEBUG:colcon.colcon_core.event_handler.log_command:Invoking command in '/home/psd/psd_ws/build/psd_gazebo_worlds': CMAKE_PREFIX_PATH=/opt/ros/humble /usr/bin/cmake --build /home/psd/psd_ws/build/psd_gazebo_worlds -- -j20 -l20
[0.958s] DEBUG:colcon.colcon_core.event_handler.log_command:Invoking command in '/home/psd/psd_ws/build/psd_vehicle_gazebo': CMAKE_PREFIX_PATH=/opt/ros/humble /usr/bin/cmake --build /home/psd/psd_ws/build/psd_vehicle_gazebo -- -j20 -l20
[0.961s] DEBUG:colcon.colcon_core.event_handler.log_command:Invoking command in '/home/psd/psd_ws/build/psd_vehicle_hardware_interfaces': CMAKE_PREFIX_PATH=/opt/ros/humble /usr/bin/cmake --build /home/psd/psd_ws/build/psd_vehicle_hardware_interfaces -- -j20 -l20
[0.971s] DEBUG:colcon.colcon_core.event_handler.log_command:Invoking command in '/home/psd/psd_ws/build/psd_vehicle_interfaces': CMAKE_PREFIX_PATH=/opt/ros/humble /usr/bin/cmake --build /home/psd/psd_ws/build/psd_vehicle_interfaces -- -j20 -l20
[1.127s] DEBUG:colcon.colcon_core.event_handler.log_command:Invoked command in '/home/psd/psd_ws/build/psd_vehicle_gazebo' returned '0': CMAKE_PREFIX_PATH=/opt/ros/humble /usr/bin/cmake --build /home/psd/psd_ws/build/psd_vehicle_gazebo -- -j20 -l20
[1.137s] DEBUG:colcon.colcon_core.event_handler.log_command:Invoked command in '/home/psd/psd_ws/build/core' returned '0': CMAKE_PREFIX_PATH=/opt/ros/humble /usr/bin/cmake --build /home/psd/psd_ws/build/core -- -j20 -l20
[1.141s] DEBUG:colcon.colcon_core.event_handler.log_command:Invoked command in '/home/psd/psd_ws/build/ros_components_description' returned '0': CMAKE_PREFIX_PATH=/opt/ros/humble /usr/bin/cmake --build /home/psd/psd_ws/build/ros_components_description -- -j20 -l20
[1.150s] DEBUG:colcon.colcon_core.event_handler.log_command:Invoking command in '/home/psd/psd_ws/build/psd_vehicle_gazebo': CMAKE_PREFIX_PATH=/opt/ros/humble /usr/bin/cmake --install /home/psd/psd_ws/build/psd_vehicle_gazebo
[1.153s] DEBUG:colcon.colcon_core.event_handler.log_command:Invoking command in '/home/psd/psd_ws/build/core': CMAKE_PREFIX_PATH=/opt/ros/humble /usr/bin/cmake --install /home/psd/psd_ws/build/core
[1.162s] Level 1:colcon.colcon_core.environment:create_environment_scripts_only(psd_vehicle_gazebo)
[1.163s] DEBUG:colcon.colcon_core.event_handler.log_command:Invoked command in '/home/psd/psd_ws/build/psd_vehicle_gazebo' returned '0': CMAKE_PREFIX_PATH=/opt/ros/humble /usr/bin/cmake --install /home/psd/psd_ws/build/psd_vehicle_gazebo
[1.174s] Level 1:colcon.colcon_core.environment:checking '/home/psd/psd_ws/install/psd_vehicle_gazebo' for CMake module files
[1.174s] Level 1:colcon.colcon_core.environment:checking '/home/psd/psd_ws/install/psd_vehicle_gazebo' for CMake config files
[1.175s] Level 1:colcon.colcon_core.shell:create_environment_hook('psd_vehicle_gazebo', 'cmake_prefix_path')
[1.183s] INFO:colcon.colcon_core.shell:Creating environment hook '/home/psd/psd_ws/install/psd_vehicle_gazebo/share/psd_vehicle_gazebo/hook/cmake_prefix_path.ps1'
[1.184s] INFO:colcon.colcon_core.shell:Creating environment descriptor '/home/psd/psd_ws/install/psd_vehicle_gazebo/share/psd_vehicle_gazebo/hook/cmake_prefix_path.dsv'
[1.184s] INFO:colcon.colcon_core.shell:Creating environment hook '/home/psd/psd_ws/install/psd_vehicle_gazebo/share/psd_vehicle_gazebo/hook/cmake_prefix_path.sh'
[1.184s] Level 1:colcon.colcon_core.environment:checking '/home/psd/psd_ws/install/psd_vehicle_gazebo/bin'
[1.185s] Level 1:colcon.colcon_core.environment:checking '/home/psd/psd_ws/install/psd_vehicle_gazebo/lib/pkgconfig/psd_vehicle_gazebo.pc'
[1.186s] Level 1:colcon.colcon_core.environment:checking '/home/psd/psd_ws/install/psd_vehicle_gazebo/lib/python3.10/site-packages'
[1.186s] Level 1:colcon.colcon_core.environment:checking '/home/psd/psd_ws/install/psd_vehicle_gazebo/bin'
[1.194s] INFO:colcon.colcon_core.shell:Creating package script '/home/psd/psd_ws/install/psd_vehicle_gazebo/share/psd_vehicle_gazebo/package.ps1'
[1.195s] INFO:colcon.colcon_core.shell:Creating package descriptor '/home/psd/psd_ws/install/psd_vehicle_gazebo/share/psd_vehicle_gazebo/package.dsv'
[1.195s] INFO:colcon.colcon_core.shell:Creating package script '/home/psd/psd_ws/install/psd_vehicle_gazebo/share/psd_vehicle_gazebo/package.sh'
[1.195s] INFO:colcon.colcon_core.shell:Creating package script '/home/psd/psd_ws/install/psd_vehicle_gazebo/share/psd_vehicle_gazebo/package.bash'
[1.196s] INFO:colcon.colcon_core.shell:Creating package script '/home/psd/psd_ws/install/psd_vehicle_gazebo/share/psd_vehicle_gazebo/package.zsh'
[1.196s] Level 1:colcon.colcon_core.environment:create_file_with_runtime_dependencies(/home/psd/psd_ws/install/psd_vehicle_gazebo/share/colcon-core/packages/psd_vehicle_gazebo)
[1.199s] Level 1:colcon.colcon_core.environment:create_environment_scripts_only(core)
[1.202s] DEBUG:colcon.colcon_core.event_handler.log_command:Invoking command in '/home/psd/psd_ws/build/ros_components_description': CMAKE_PREFIX_PATH=/opt/ros/humble /usr/bin/cmake --install /home/psd/psd_ws/build/ros_components_description
[1.203s] DEBUG:colcon.colcon_core.event_handler.log_command:Invoked command in '/home/psd/psd_ws/build/core' returned '0': CMAKE_PREFIX_PATH=/opt/ros/humble /usr/bin/cmake --install /home/psd/psd_ws/build/core
[1.214s] Level 1:colcon.colcon_core.environment:checking '/home/psd/psd_ws/install/core' for CMake module files
[1.215s] Level 1:colcon.colcon_core.environment:checking '/home/psd/psd_ws/install/core' for CMake config files
[1.215s] Level 1:colcon.colcon_core.shell:create_environment_hook('core', 'cmake_prefix_path')
[1.223s] INFO:colcon.colcon_core.shell:Creating environment hook '/home/psd/psd_ws/install/core/share/core/hook/cmake_prefix_path.ps1'
[1.223s] INFO:colcon.colcon_core.shell:Creating environment descriptor '/home/psd/psd_ws/install/core/share/core/hook/cmake_prefix_path.dsv'
[1.223s] INFO:colcon.colcon_core.shell:Creating environment hook '/home/psd/psd_ws/install/core/share/core/hook/cmake_prefix_path.sh'
[1.224s] Level 1:colcon.colcon_core.environment:checking '/home/psd/psd_ws/install/core/bin'
[1.224s] Level 1:colcon.colcon_core.environment:checking '/home/psd/psd_ws/install/core/lib/pkgconfig/core.pc'
[1.224s] Level 1:colcon.colcon_core.environment:checking '/home/psd/psd_ws/install/core/lib/python3.10/site-packages'
[1.224s] Level 1:colcon.colcon_core.environment:checking '/home/psd/psd_ws/install/core/bin'
[1.232s] INFO:colcon.colcon_core.shell:Creating package script '/home/psd/psd_ws/install/core/share/core/package.ps1'
[1.232s] INFO:colcon.colcon_core.shell:Creating package descriptor '/home/psd/psd_ws/install/core/share/core/package.dsv'
[1.233s] INFO:colcon.colcon_core.shell:Creating package script '/home/psd/psd_ws/install/core/share/core/package.sh'
[1.233s] INFO:colcon.colcon_core.shell:Creating package script '/home/psd/psd_ws/install/core/share/core/package.bash'
[1.233s] INFO:colcon.colcon_core.shell:Creating package script '/home/psd/psd_ws/install/core/share/core/package.zsh'
[1.233s] Level 1:colcon.colcon_core.environment:create_file_with_runtime_dependencies(/home/psd/psd_ws/install/core/share/colcon-core/packages/core)
[1.250s] Level 1:colcon.colcon_core.environment:create_environment_scripts_only(psd_vehicle_gazebo)
[1.259s] Level 1:colcon.colcon_core.environment:checking '/home/psd/psd_ws/install/psd_vehicle_gazebo' for CMake module files
[1.259s] Level 1:colcon.colcon_core.environment:checking '/home/psd/psd_ws/install/psd_vehicle_gazebo' for CMake config files
[1.259s] Level 1:colcon.colcon_core.shell:create_environment_hook('psd_vehicle_gazebo', 'cmake_prefix_path')
[1.267s] INFO:colcon.colcon_core.shell:Creating environment hook '/home/psd/psd_ws/install/psd_vehicle_gazebo/share/psd_vehicle_gazebo/hook/cmake_prefix_path.ps1'
[1.267s] INFO:colcon.colcon_core.shell:Creating environment descriptor '/home/psd/psd_ws/install/psd_vehicle_gazebo/share/psd_vehicle_gazebo/hook/cmake_prefix_path.dsv'
[1.267s] INFO:colcon.colcon_core.shell:Creating environment hook '/home/psd/psd_ws/install/psd_vehicle_gazebo/share/psd_vehicle_gazebo/hook/cmake_prefix_path.sh'
[1.267s] Level 1:colcon.colcon_core.environment:checking '/home/psd/psd_ws/install/psd_vehicle_gazebo/bin'
[1.268s] Level 1:colcon.colcon_core.environment:checking '/home/psd/psd_ws/install/psd_vehicle_gazebo/lib/pkgconfig/psd_vehicle_gazebo.pc'
[1.268s] Level 1:colcon.colcon_core.environment:checking '/home/psd/psd_ws/install/psd_vehicle_gazebo/lib/python3.10/site-packages'
[1.268s] Level 1:colcon.colcon_core.environment:checking '/home/psd/psd_ws/install/psd_vehicle_gazebo/bin'
[1.277s] INFO:colcon.colcon_core.shell:Creating package script '/home/psd/psd_ws/install/psd_vehicle_gazebo/share/psd_vehicle_gazebo/package.ps1'
[1.277s] INFO:colcon.colcon_core.shell:Creating package descriptor '/home/psd/psd_ws/install/psd_vehicle_gazebo/share/psd_vehicle_gazebo/package.dsv'
[1.277s] INFO:colcon.colcon_core.shell:Creating package script '/home/psd/psd_ws/install/psd_vehicle_gazebo/share/psd_vehicle_gazebo/package.sh'
[1.277s] INFO:colcon.colcon_core.shell:Creating package script '/home/psd/psd_ws/install/psd_vehicle_gazebo/share/psd_vehicle_gazebo/package.bash'
[1.278s] INFO:colcon.colcon_core.shell:Creating package script '/home/psd/psd_ws/install/psd_vehicle_gazebo/share/psd_vehicle_gazebo/package.zsh'
[1.278s] Level 1:colcon.colcon_core.environment:create_file_with_runtime_dependencies(/home/psd/psd_ws/install/psd_vehicle_gazebo/share/colcon-core/packages/psd_vehicle_gazebo)
[1.279s] Level 1:colcon.colcon_core.environment:create_environment_scripts_only(ros_components_description)
[1.279s] DEBUG:colcon.colcon_core.event_handler.log_command:Invoked command in '/home/psd/psd_ws/build/ros_components_description' returned '0': CMAKE_PREFIX_PATH=/opt/ros/humble /usr/bin/cmake --install /home/psd/psd_ws/build/ros_components_description
[1.288s] Level 1:colcon.colcon_core.environment:checking '/home/psd/psd_ws/install/ros_components_description' for CMake module files
[1.288s] Level 1:colcon.colcon_core.environment:checking '/home/psd/psd_ws/install/ros_components_description' for CMake config files
[1.288s] Level 1:colcon.colcon_core.shell:create_environment_hook('ros_components_description', 'cmake_prefix_path')
[1.296s] INFO:colcon.colcon_core.shell:Creating environment hook '/home/psd/psd_ws/install/ros_components_description/share/ros_components_description/hook/cmake_prefix_path.ps1'
[1.296s] INFO:colcon.colcon_core.shell:Creating environment descriptor '/home/psd/psd_ws/install/ros_components_description/share/ros_components_description/hook/cmake_prefix_path.dsv'
[1.296s] INFO:colcon.colcon_core.shell:Creating environment hook '/home/psd/psd_ws/install/ros_components_description/share/ros_components_description/hook/cmake_prefix_path.sh'
[1.296s] Level 1:colcon.colcon_core.environment:checking '/home/psd/psd_ws/install/ros_components_description/bin'
[1.297s] Level 1:colcon.colcon_core.environment:checking '/home/psd/psd_ws/install/ros_components_description/lib/pkgconfig/ros_components_description.pc'
[1.297s] Level 1:colcon.colcon_core.environment:checking '/home/psd/psd_ws/install/ros_components_description/lib/python3.10/site-packages'
[1.297s] Level 1:colcon.colcon_core.environment:checking '/home/psd/psd_ws/install/ros_components_description/bin'
[1.305s] INFO:colcon.colcon_core.shell:Creating package script '/home/psd/psd_ws/install/ros_components_description/share/ros_components_description/package.ps1'
[1.305s] INFO:colcon.colcon_core.shell:Creating package descriptor '/home/psd/psd_ws/install/ros_components_description/share/ros_components_description/package.dsv'
[1.305s] INFO:colcon.colcon_core.shell:Creating package script '/home/psd/psd_ws/install/ros_components_description/share/ros_components_description/package.sh'
[1.306s] INFO:colcon.colcon_core.shell:Creating package script '/home/psd/psd_ws/install/ros_components_description/share/ros_components_description/package.bash'
[1.306s] INFO:colcon.colcon_core.shell:Creating package script '/home/psd/psd_ws/install/ros_components_description/share/ros_components_description/package.zsh'
[1.306s] Level 1:colcon.colcon_core.environment:create_file_with_runtime_dependencies(/home/psd/psd_ws/install/ros_components_description/share/colcon-core/packages/ros_components_description)
[1.316s] Level 1:colcon.colcon_core.environment:create_environment_scripts_only(core)
[1.324s] Level 1:colcon.colcon_core.environment:checking '/home/psd/psd_ws/install/core' for CMake module files
[1.324s] Level 1:colcon.colcon_core.environment:checking '/home/psd/psd_ws/install/core' for CMake config files
[1.325s] Level 1:colcon.colcon_core.shell:create_environment_hook('core', 'cmake_prefix_path')
[1.332s] INFO:colcon.colcon_core.shell:Creating environment hook '/home/psd/psd_ws/install/core/share/core/hook/cmake_prefix_path.ps1'
[1.333s] INFO:colcon.colcon_core.shell:Creating environment descriptor '/home/psd/psd_ws/install/core/share/core/hook/cmake_prefix_path.dsv'
[1.333s] INFO:colcon.colcon_core.shell:Creating environment hook '/home/psd/psd_ws/install/core/share/core/hook/cmake_prefix_path.sh'
[1.333s] Level 1:colcon.colcon_core.environment:checking '/home/psd/psd_ws/install/core/bin'
[1.333s] Level 1:colcon.colcon_core.environment:checking '/home/psd/psd_ws/install/core/lib/pkgconfig/core.pc'
[1.333s] Level 1:colcon.colcon_core.environment:checking '/home/psd/psd_ws/install/core/lib/python3.10/site-packages'
[1.334s] Level 1:colcon.colcon_core.environment:checking '/home/psd/psd_ws/install/core/bin'
[1.341s] INFO:colcon.colcon_core.shell:Creating package script '/home/psd/psd_ws/install/core/share/core/package.ps1'
[1.342s] INFO:colcon.colcon_core.shell:Creating package descriptor '/home/psd/psd_ws/install/core/share/core/package.dsv'
[1.342s] INFO:colcon.colcon_core.shell:Creating package script '/home/psd/psd_ws/install/core/share/core/package.sh'
[1.342s] INFO:colcon.colcon_core.shell:Creating package script '/home/psd/psd_ws/install/core/share/core/package.bash'
[1.342s] INFO:colcon.colcon_core.shell:Creating package script '/home/psd/psd_ws/install/core/share/core/package.zsh'
[1.342s] Level 1:colcon.colcon_core.environment:create_file_with_runtime_dependencies(/home/psd/psd_ws/install/core/share/colcon-core/packages/core)
[1.352s] Level 1:colcon.colcon_core.environment:create_environment_scripts_only(ros_components_description)
[1.360s] Level 1:colcon.colcon_core.environment:checking '/home/psd/psd_ws/install/ros_components_description' for CMake module files
[1.360s] Level 1:colcon.colcon_core.environment:checking '/home/psd/psd_ws/install/ros_components_description' for CMake config files
[1.360s] Level 1:colcon.colcon_core.shell:create_environment_hook('ros_components_description', 'cmake_prefix_path')
[1.369s] INFO:colcon.colcon_core.shell:Creating environment hook '/home/psd/psd_ws/install/ros_components_description/share/ros_components_description/hook/cmake_prefix_path.ps1'
[1.369s] INFO:colcon.colcon_core.shell:Creating environment descriptor '/home/psd/psd_ws/install/ros_components_description/share/ros_components_description/hook/cmake_prefix_path.dsv'
[1.369s] INFO:colcon.colcon_core.shell:Creating environment hook '/home/psd/psd_ws/install/ros_components_description/share/ros_components_description/hook/cmake_prefix_path.sh'
[1.369s] Level 1:colcon.colcon_core.environment:checking '/home/psd/psd_ws/install/ros_components_description/bin'
[1.370s] Level 1:colcon.colcon_core.environment:checking '/home/psd/psd_ws/install/ros_components_description/lib/pkgconfig/ros_components_description.pc'
[1.370s] Level 1:colcon.colcon_core.environment:checking '/home/psd/psd_ws/install/ros_components_description/lib/python3.10/site-packages'
[1.370s] Level 1:colcon.colcon_core.environment:checking '/home/psd/psd_ws/install/ros_components_description/bin'
[1.379s] INFO:colcon.colcon_core.shell:Creating package script '/home/psd/psd_ws/install/ros_components_description/share/ros_components_description/package.ps1'
[1.379s] INFO:colcon.colcon_core.shell:Creating package descriptor '/home/psd/psd_ws/install/ros_components_description/share/ros_components_description/package.dsv'
[1.379s] INFO:colcon.colcon_core.shell:Creating package script '/home/psd/psd_ws/install/ros_components_description/share/ros_components_description/package.sh'
[1.380s] INFO:colcon.colcon_core.shell:Creating package script '/home/psd/psd_ws/install/ros_components_description/share/ros_components_description/package.bash'
[1.380s] INFO:colcon.colcon_core.shell:Creating package script '/home/psd/psd_ws/install/ros_components_description/share/ros_components_description/package.zsh'
[1.380s] Level 1:colcon.colcon_core.environment:create_file_with_runtime_dependencies(/home/psd/psd_ws/install/ros_components_description/share/colcon-core/packages/ros_components_description)
[1.380s] INFO:colcon.colcon_ros.task.ament_cmake.build:Building ROS package in '/home/psd/psd_ws/src/psd_vehicle_ros/psd_vehicle_description' with build type 'ament_cmake'
[1.380s] INFO:colcon.colcon_cmake.task.cmake.build:Building CMake package in '/home/psd/psd_ws/src/psd_vehicle_ros/psd_vehicle_description'
[1.390s] INFO:colcon.colcon_core.shell:Skip shell extension 'powershell' for command environment: Not usable outside of PowerShell
[1.390s] DEBUG:colcon.colcon_core.shell:Skip shell extension 'dsv' for command environment
[1.415s] DEBUG:colcon.colcon_core.event_handler.log_command:Invoking command in '/home/psd/psd_ws/build/psd_vehicle_description': AMENT_PREFIX_PATH=/home/psd/psd_ws/install/ros_components_description:${AMENT_PREFIX_PATH} CMAKE_PREFIX_PATH=/home/psd/psd_ws/install/ros_components_description:/opt/ros/humble GAZEBO_MODEL_PATH=/home/psd/psd_ws/install/ros_components_description/share GZ_SIM_RESOURCE_PATH=/home/psd/psd_ws/install/ros_components_description/share IGN_GAZEBO_RESOURCE_PATH=/home/psd/psd_ws/install/ros_components_description/share /usr/bin/cmake --build /home/psd/psd_ws/build/psd_vehicle_description -- -j20 -l20
[1.424s] DEBUG:colcon.colcon_core.event_handler.log_command:Invoked command in '/home/psd/psd_ws/build/psd_gazebo_worlds' returned '0': CMAKE_PREFIX_PATH=/opt/ros/humble /usr/bin/cmake --build /home/psd/psd_ws/build/psd_gazebo_worlds -- -j20 -l20
[1.438s] DEBUG:colcon.colcon_core.event_handler.log_command:Invoking command in '/home/psd/psd_ws/build/psd_gazebo_worlds': CMAKE_PREFIX_PATH=/opt/ros/humble /usr/bin/cmake --install /home/psd/psd_ws/build/psd_gazebo_worlds
[1.444s] DEBUG:colcon.colcon_core.event_handler.log_command:Invoked command in '/home/psd/psd_ws/build/psd_gazebo_worlds' returned '1': CMAKE_PREFIX_PATH=/opt/ros/humble /usr/bin/cmake --install /home/psd/psd_ws/build/psd_gazebo_worlds
[1.464s] Level 1:colcon.colcon_core.environment:create_environment_scripts_only(psd_gazebo_worlds)
[1.474s] Level 1:colcon.colcon_core.environment:checking '/home/psd/psd_ws/install/psd_gazebo_worlds' for CMake module files
[1.474s] Level 1:colcon.colcon_core.environment:checking '/home/psd/psd_ws/install/psd_gazebo_worlds' for CMake config files
[1.474s] Level 1:colcon.colcon_core.shell:create_environment_hook('psd_gazebo_worlds', 'cmake_prefix_path')
[1.482s] INFO:colcon.colcon_core.shell:Creating environment hook '/home/psd/psd_ws/install/psd_gazebo_worlds/share/psd_gazebo_worlds/hook/cmake_prefix_path.ps1'
[1.482s] INFO:colcon.colcon_core.shell:Creating environment descriptor '/home/psd/psd_ws/install/psd_gazebo_worlds/share/psd_gazebo_worlds/hook/cmake_prefix_path.dsv'
[1.482s] INFO:colcon.colcon_core.shell:Creating environment hook '/home/psd/psd_ws/install/psd_gazebo_worlds/share/psd_gazebo_worlds/hook/cmake_prefix_path.sh'
[1.483s] Level 1:colcon.colcon_core.environment:checking '/home/psd/psd_ws/install/psd_gazebo_worlds/bin'
[1.483s] Level 1:colcon.colcon_core.environment:checking '/home/psd/psd_ws/install/psd_gazebo_worlds/lib/pkgconfig/psd_gazebo_worlds.pc'
[1.483s] Level 1:colcon.colcon_core.environment:checking '/home/psd/psd_ws/install/psd_gazebo_worlds/lib/python3.10/site-packages'
[1.483s] Level 1:colcon.colcon_core.environment:checking '/home/psd/psd_ws/install/psd_gazebo_worlds/bin'
[1.491s] INFO:colcon.colcon_core.shell:Creating package script '/home/psd/psd_ws/install/psd_gazebo_worlds/share/psd_gazebo_worlds/package.ps1'
[1.491s] INFO:colcon.colcon_core.shell:Creating package descriptor '/home/psd/psd_ws/install/psd_gazebo_worlds/share/psd_gazebo_worlds/package.dsv'
[1.491s] INFO:colcon.colcon_core.shell:Creating package script '/home/psd/psd_ws/install/psd_gazebo_worlds/share/psd_gazebo_worlds/package.sh'
[1.492s] INFO:colcon.colcon_core.shell:Creating package script '/home/psd/psd_ws/install/psd_gazebo_worlds/share/psd_gazebo_worlds/package.bash'
[1.492s] INFO:colcon.colcon_core.shell:Creating package script '/home/psd/psd_ws/install/psd_gazebo_worlds/share/psd_gazebo_worlds/package.zsh'
[1.492s] Level 1:colcon.colcon_core.environment:create_file_with_runtime_dependencies(/home/psd/psd_ws/install/psd_gazebo_worlds/share/colcon-core/packages/psd_gazebo_worlds)
[11.771s] DEBUG:colcon.colcon_parallel_executor.executor.parallel:closing loop
[11.772s] DEBUG:colcon.colcon_parallel_executor.executor.parallel:loop closed
[11.772s] DEBUG:colcon.colcon_parallel_executor.executor.parallel:run_until_complete finished with '1'
[11.772s] DEBUG:colcon.colcon_core.event_reactor:joining thread
[11.784s] INFO:colcon.colcon_core.plugin_system:Skipping extension 'colcon_notification.desktop_notification.notify_send': Could not find 'notify-send'
[11.784s] INFO:colcon.colcon_core.plugin_system:Skipping extension 'colcon_notification.desktop_notification.terminal_notifier': Not used on non-Darwin systems
[11.784s] INFO:colcon.colcon_core.plugin_system:Skipping extension 'colcon_notification.desktop_notification.win32': Not used on non-Windows systems
[11.784s] INFO:colcon.colcon_notification.desktop_notification:Sending desktop notification using 'notify2'
[11.784s] DEBUG:colcon.colcon_notification.desktop_notification.notify2:Failed to initialize notify2: org.freedesktop.DBus.Error.NotSupported: Unable to autolaunch a dbus-daemon without a $DISPLAY for X11
[11.785s] DEBUG:colcon.colcon_core.event_reactor:joined thread
[11.792s] INFO:colcon.colcon_core.shell:Creating prefix script '/home/psd/psd_ws/install/local_setup.ps1'
[11.792s] INFO:colcon.colcon_core.shell:Creating prefix util module '/home/psd/psd_ws/install/_local_setup_util_ps1.py'
[11.793s] INFO:colcon.colcon_core.shell:Creating prefix chain script '/home/psd/psd_ws/install/setup.ps1'
[11.800s] INFO:colcon.colcon_core.shell:Creating prefix script '/home/psd/psd_ws/install/local_setup.sh'
[11.800s] INFO:colcon.colcon_core.shell:Creating prefix util module '/home/psd/psd_ws/install/_local_setup_util_sh.py'
[11.801s] INFO:colcon.colcon_core.shell:Creating prefix chain script '/home/psd/psd_ws/install/setup.sh'
[11.808s] INFO:colcon.colcon_core.shell:Creating prefix script '/home/psd/psd_ws/install/local_setup.bash'
[11.808s] INFO:colcon.colcon_core.shell:Creating prefix chain script '/home/psd/psd_ws/install/setup.bash'
[11.815s] INFO:colcon.colcon_core.shell:Creating prefix script '/home/psd/psd_ws/install/local_setup.zsh'
[11.815s] INFO:colcon.colcon_core.shell:Creating prefix chain script '/home/psd/psd_ws/install/setup.zsh'
