[0.055s] DEBUG:colcon:Command line arguments: ['/usr/bin/colcon', 'build', '--symlink-install']
[0.055s] DEBUG:colcon:Parsed command line arguments: Namespace(log_base=None, log_level=None, verb_name='build', build_base='build', install_base='install', merge_install=False, symlink_install=True, test_result_base=None, continue_on_error=False, executor='parallel', parallel_workers=20, event_handlers=None, ignore_user_meta=False, metas=['./colcon.meta'], base_paths=['.'], packages_ignore=None, packages_ignore_regex=None, paths=None, packages_up_to=None, packages_up_to_regex=None, packages_above=None, packages_above_and_dependencies=None, packages_above_depth=None, packages_select_by_dep=None, packages_skip_by_dep=None, packages_skip_up_to=None, packages_select_build_failed=False, packages_skip_build_finished=False, packages_select_test_failures=False, packages_skip_test_passed=False, packages_select=None, packages_skip=None, packages_select_regex=None, packages_skip_regex=None, packages_start=None, packages_end=None, cmake_args=None, cmake_target=None, cmake_target_skip_unavailable=False, cmake_clean_cache=False, cmake_clean_first=False, cmake_force_configure=False, ament_cmake_args=None, catkin_cmake_args=None, catkin_skip_building_tests=False, mixin_files=None, mixin=None, verb_parser=<colcon_mixin.mixin.mixin_argument.MixinArgumentDecorator object at 0x729c0a586720>, verb_extension=<colcon_core.verb.build.BuildVerb object at 0x729c0a5862d0>, main=<bound method BuildVerb.main of <colcon_core.verb.build.BuildVerb object at 0x729c0a5862d0>>, mixin_verb=('build',))
[0.076s] Level 1:colcon.colcon_core.package_discovery:discover_packages(colcon_meta) check parameters
[0.076s] Level 1:colcon.colcon_core.package_discovery:discover_packages(recursive) check parameters
[0.076s] Level 1:colcon.colcon_core.package_discovery:discover_packages(ignore) check parameters
[0.076s] Level 1:colcon.colcon_core.package_discovery:discover_packages(path) check parameters
[0.076s] Level 1:colcon.colcon_core.package_discovery:discover_packages(colcon_meta) discover
[0.076s] Level 1:colcon.colcon_core.package_discovery:discover_packages(recursive) discover
[0.076s] INFO:colcon.colcon_core.package_discovery:Crawling recursively for packages in '/home/ubuntu/psd_ws'
[0.076s] Level 1:colcon.colcon_core.package_identification:_identify(.) by extensions ['ignore', 'ignore_ament_install']
[0.076s] Level 1:colcon.colcon_core.package_identification:_identify(.) by extension 'ignore'
[0.076s] Level 1:colcon.colcon_core.package_identification:_identify(.) by extension 'ignore_ament_install'
[0.076s] Level 1:colcon.colcon_core.package_identification:_identify(.) by extensions ['colcon_pkg']
[0.076s] Level 1:colcon.colcon_core.package_identification:_identify(.) by extension 'colcon_pkg'
[0.076s] Level 1:colcon.colcon_core.package_identification:_identify(.) by extensions ['colcon_meta']
[0.076s] Level 1:colcon.colcon_core.package_identification:_identify(.) by extension 'colcon_meta'
[0.076s] Level 1:colcon.colcon_core.package_identification:_identify(.) by extensions ['ros']
[0.076s] Level 1:colcon.colcon_core.package_identification:_identify(.) by extension 'ros'
[0.091s] Level 1:colcon.colcon_core.package_identification:_identify(.) by extensions ['cmake', 'python']
[0.091s] Level 1:colcon.colcon_core.package_identification:_identify(.) by extension 'cmake'
[0.091s] Level 1:colcon.colcon_core.package_identification:_identify(.) by extension 'python'
[0.091s] Level 1:colcon.colcon_core.package_identification:_identify(.) by extensions ['python_setup_py']
[0.091s] Level 1:colcon.colcon_core.package_identification:_identify(.) by extension 'python_setup_py'
[0.091s] Level 1:colcon.colcon_core.package_identification:_identify(build) by extensions ['ignore', 'ignore_ament_install']
[0.091s] Level 1:colcon.colcon_core.package_identification:_identify(build) by extension 'ignore'
[0.091s] Level 1:colcon.colcon_core.package_identification:_identify(build) ignored
[0.091s] Level 1:colcon.colcon_core.package_identification:_identify(deps) by extensions ['ignore', 'ignore_ament_install']
[0.091s] Level 1:colcon.colcon_core.package_identification:_identify(deps) by extension 'ignore'
[0.091s] Level 1:colcon.colcon_core.package_identification:_identify(deps) ignored
[0.091s] Level 1:colcon.colcon_core.package_identification:_identify(install) by extensions ['ignore', 'ignore_ament_install']
[0.091s] Level 1:colcon.colcon_core.package_identification:_identify(install) by extension 'ignore'
[0.091s] Level 1:colcon.colcon_core.package_identification:_identify(install) ignored
[0.091s] Level 1:colcon.colcon_core.package_identification:_identify(log) by extensions ['ignore', 'ignore_ament_install']
[0.091s] Level 1:colcon.colcon_core.package_identification:_identify(log) by extension 'ignore'
[0.091s] Level 1:colcon.colcon_core.package_identification:_identify(log) ignored
[0.091s] Level 1:colcon.colcon_core.package_identification:_identify(src) by extensions ['ignore', 'ignore_ament_install']
[0.091s] Level 1:colcon.colcon_core.package_identification:_identify(src) by extension 'ignore'
[0.091s] Level 1:colcon.colcon_core.package_identification:_identify(src) by extension 'ignore_ament_install'
[0.091s] Level 1:colcon.colcon_core.package_identification:_identify(src) by extensions ['colcon_pkg']
[0.091s] Level 1:colcon.colcon_core.package_identification:_identify(src) by extension 'colcon_pkg'
[0.092s] Level 1:colcon.colcon_core.package_identification:_identify(src) by extensions ['colcon_meta']
[0.092s] Level 1:colcon.colcon_core.package_identification:_identify(src) by extension 'colcon_meta'
[0.092s] Level 1:colcon.colcon_core.package_identification:_identify(src) by extensions ['ros']
[0.092s] Level 1:colcon.colcon_core.package_identification:_identify(src) by extension 'ros'
[0.092s] Level 1:colcon.colcon_core.package_identification:_identify(src) by extensions ['cmake', 'python']
[0.092s] Level 1:colcon.colcon_core.package_identification:_identify(src) by extension 'cmake'
[0.092s] Level 1:colcon.colcon_core.package_identification:_identify(src) by extension 'python'
[0.092s] Level 1:colcon.colcon_core.package_identification:_identify(src) by extensions ['python_setup_py']
[0.092s] Level 1:colcon.colcon_core.package_identification:_identify(src) by extension 'python_setup_py'
[0.092s] Level 1:colcon.colcon_core.package_identification:_identify(src/gz_ros2_control) by extensions ['ignore', 'ignore_ament_install']
[0.092s] Level 1:colcon.colcon_core.package_identification:_identify(src/gz_ros2_control) by extension 'ignore'
[0.092s] Level 1:colcon.colcon_core.package_identification:_identify(src/gz_ros2_control) by extension 'ignore_ament_install'
[0.092s] Level 1:colcon.colcon_core.package_identification:_identify(src/gz_ros2_control) by extensions ['colcon_pkg']
[0.092s] Level 1:colcon.colcon_core.package_identification:_identify(src/gz_ros2_control) by extension 'colcon_pkg'
[0.092s] Level 1:colcon.colcon_core.package_identification:_identify(src/gz_ros2_control) by extensions ['colcon_meta']
[0.092s] Level 1:colcon.colcon_core.package_identification:_identify(src/gz_ros2_control) by extension 'colcon_meta'
[0.092s] Level 1:colcon.colcon_core.package_identification:_identify(src/gz_ros2_control) by extensions ['ros']
[0.092s] Level 1:colcon.colcon_core.package_identification:_identify(src/gz_ros2_control) by extension 'ros'
[0.092s] Level 1:colcon.colcon_core.package_identification:_identify(src/gz_ros2_control) by extensions ['cmake', 'python']
[0.092s] Level 1:colcon.colcon_core.package_identification:_identify(src/gz_ros2_control) by extension 'cmake'
[0.092s] Level 1:colcon.colcon_core.package_identification:_identify(src/gz_ros2_control) by extension 'python'
[0.092s] Level 1:colcon.colcon_core.package_identification:_identify(src/gz_ros2_control) by extensions ['python_setup_py']
[0.092s] Level 1:colcon.colcon_core.package_identification:_identify(src/gz_ros2_control) by extension 'python_setup_py'
[0.092s] Level 1:colcon.colcon_core.package_identification:_identify(src/gz_ros2_control/Dockerfile) by extensions ['ignore', 'ignore_ament_install']
[0.092s] Level 1:colcon.colcon_core.package_identification:_identify(src/gz_ros2_control/Dockerfile) by extension 'ignore'
[0.092s] Level 1:colcon.colcon_core.package_identification:_identify(src/gz_ros2_control/Dockerfile) by extension 'ignore_ament_install'
[0.092s] Level 1:colcon.colcon_core.package_identification:_identify(src/gz_ros2_control/Dockerfile) by extensions ['colcon_pkg']
[0.092s] Level 1:colcon.colcon_core.package_identification:_identify(src/gz_ros2_control/Dockerfile) by extension 'colcon_pkg'
[0.092s] Level 1:colcon.colcon_core.package_identification:_identify(src/gz_ros2_control/Dockerfile) by extensions ['colcon_meta']
[0.092s] Level 1:colcon.colcon_core.package_identification:_identify(src/gz_ros2_control/Dockerfile) by extension 'colcon_meta'
[0.092s] Level 1:colcon.colcon_core.package_identification:_identify(src/gz_ros2_control/Dockerfile) by extensions ['ros']
[0.092s] Level 1:colcon.colcon_core.package_identification:_identify(src/gz_ros2_control/Dockerfile) by extension 'ros'
[0.092s] Level 1:colcon.colcon_core.package_identification:_identify(src/gz_ros2_control/Dockerfile) by extensions ['cmake', 'python']
[0.092s] Level 1:colcon.colcon_core.package_identification:_identify(src/gz_ros2_control/Dockerfile) by extension 'cmake'
[0.092s] Level 1:colcon.colcon_core.package_identification:_identify(src/gz_ros2_control/Dockerfile) by extension 'python'
[0.092s] Level 1:colcon.colcon_core.package_identification:_identify(src/gz_ros2_control/Dockerfile) by extensions ['python_setup_py']
[0.092s] Level 1:colcon.colcon_core.package_identification:_identify(src/gz_ros2_control/Dockerfile) by extension 'python_setup_py'
[0.092s] Level 1:colcon.colcon_core.package_identification:_identify(src/gz_ros2_control/doc) by extensions ['ignore', 'ignore_ament_install']
[0.092s] Level 1:colcon.colcon_core.package_identification:_identify(src/gz_ros2_control/doc) by extension 'ignore'
[0.092s] Level 1:colcon.colcon_core.package_identification:_identify(src/gz_ros2_control/doc) by extension 'ignore_ament_install'
[0.092s] Level 1:colcon.colcon_core.package_identification:_identify(src/gz_ros2_control/doc) by extensions ['colcon_pkg']
[0.092s] Level 1:colcon.colcon_core.package_identification:_identify(src/gz_ros2_control/doc) by extension 'colcon_pkg'
[0.092s] Level 1:colcon.colcon_core.package_identification:_identify(src/gz_ros2_control/doc) by extensions ['colcon_meta']
[0.092s] Level 1:colcon.colcon_core.package_identification:_identify(src/gz_ros2_control/doc) by extension 'colcon_meta'
[0.092s] Level 1:colcon.colcon_core.package_identification:_identify(src/gz_ros2_control/doc) by extensions ['ros']
[0.092s] Level 1:colcon.colcon_core.package_identification:_identify(src/gz_ros2_control/doc) by extension 'ros'
[0.093s] Level 1:colcon.colcon_core.package_identification:_identify(src/gz_ros2_control/doc) by extensions ['cmake', 'python']
[0.093s] Level 1:colcon.colcon_core.package_identification:_identify(src/gz_ros2_control/doc) by extension 'cmake'
[0.093s] Level 1:colcon.colcon_core.package_identification:_identify(src/gz_ros2_control/doc) by extension 'python'
[0.093s] Level 1:colcon.colcon_core.package_identification:_identify(src/gz_ros2_control/doc) by extensions ['python_setup_py']
[0.093s] Level 1:colcon.colcon_core.package_identification:_identify(src/gz_ros2_control/doc) by extension 'python_setup_py'
[0.093s] Level 1:colcon.colcon_core.package_identification:_identify(src/gz_ros2_control/doc/img) by extensions ['ignore', 'ignore_ament_install']
[0.093s] Level 1:colcon.colcon_core.package_identification:_identify(src/gz_ros2_control/doc/img) by extension 'ignore'
[0.093s] Level 1:colcon.colcon_core.package_identification:_identify(src/gz_ros2_control/doc/img) by extension 'ignore_ament_install'
[0.093s] Level 1:colcon.colcon_core.package_identification:_identify(src/gz_ros2_control/doc/img) by extensions ['colcon_pkg']
[0.093s] Level 1:colcon.colcon_core.package_identification:_identify(src/gz_ros2_control/doc/img) by extension 'colcon_pkg'
[0.093s] Level 1:colcon.colcon_core.package_identification:_identify(src/gz_ros2_control/doc/img) by extensions ['colcon_meta']
[0.093s] Level 1:colcon.colcon_core.package_identification:_identify(src/gz_ros2_control/doc/img) by extension 'colcon_meta'
[0.093s] Level 1:colcon.colcon_core.package_identification:_identify(src/gz_ros2_control/doc/img) by extensions ['ros']
[0.093s] Level 1:colcon.colcon_core.package_identification:_identify(src/gz_ros2_control/doc/img) by extension 'ros'
[0.093s] Level 1:colcon.colcon_core.package_identification:_identify(src/gz_ros2_control/doc/img) by extensions ['cmake', 'python']
[0.093s] Level 1:colcon.colcon_core.package_identification:_identify(src/gz_ros2_control/doc/img) by extension 'cmake'
[0.093s] Level 1:colcon.colcon_core.package_identification:_identify(src/gz_ros2_control/doc/img) by extension 'python'
[0.093s] Level 1:colcon.colcon_core.package_identification:_identify(src/gz_ros2_control/doc/img) by extensions ['python_setup_py']
[0.093s] Level 1:colcon.colcon_core.package_identification:_identify(src/gz_ros2_control/doc/img) by extension 'python_setup_py'
[0.093s] Level 1:colcon.colcon_core.package_identification:_identify(src/gz_ros2_control/gz_ros2_control) by extensions ['ignore', 'ignore_ament_install']
[0.093s] Level 1:colcon.colcon_core.package_identification:_identify(src/gz_ros2_control/gz_ros2_control) by extension 'ignore'
[0.093s] Level 1:colcon.colcon_core.package_identification:_identify(src/gz_ros2_control/gz_ros2_control) by extension 'ignore_ament_install'
[0.093s] Level 1:colcon.colcon_core.package_identification:_identify(src/gz_ros2_control/gz_ros2_control) by extensions ['colcon_pkg']
[0.093s] Level 1:colcon.colcon_core.package_identification:_identify(src/gz_ros2_control/gz_ros2_control) by extension 'colcon_pkg'
[0.093s] Level 1:colcon.colcon_core.package_identification:_identify(src/gz_ros2_control/gz_ros2_control) by extensions ['colcon_meta']
[0.093s] Level 1:colcon.colcon_core.package_identification:_identify(src/gz_ros2_control/gz_ros2_control) by extension 'colcon_meta'
[0.093s] Level 1:colcon.colcon_core.package_identification:_identify(src/gz_ros2_control/gz_ros2_control) by extensions ['ros']
[0.093s] Level 1:colcon.colcon_core.package_identification:_identify(src/gz_ros2_control/gz_ros2_control) by extension 'ros'
[0.095s] DEBUG:colcon.colcon_core.package_identification:Package 'src/gz_ros2_control/gz_ros2_control' with type 'ros.ament_cmake' and name 'gz_ros2_control'
[0.095s] Level 1:colcon.colcon_core.package_identification:_identify(src/gz_ros2_control/gz_ros2_control_demos) by extensions ['ignore', 'ignore_ament_install']
[0.095s] Level 1:colcon.colcon_core.package_identification:_identify(src/gz_ros2_control/gz_ros2_control_demos) by extension 'ignore'
[0.095s] Level 1:colcon.colcon_core.package_identification:_identify(src/gz_ros2_control/gz_ros2_control_demos) by extension 'ignore_ament_install'
[0.095s] Level 1:colcon.colcon_core.package_identification:_identify(src/gz_ros2_control/gz_ros2_control_demos) by extensions ['colcon_pkg']
[0.095s] Level 1:colcon.colcon_core.package_identification:_identify(src/gz_ros2_control/gz_ros2_control_demos) by extension 'colcon_pkg'
[0.095s] Level 1:colcon.colcon_core.package_identification:_identify(src/gz_ros2_control/gz_ros2_control_demos) by extensions ['colcon_meta']
[0.095s] Level 1:colcon.colcon_core.package_identification:_identify(src/gz_ros2_control/gz_ros2_control_demos) by extension 'colcon_meta'
[0.095s] Level 1:colcon.colcon_core.package_identification:_identify(src/gz_ros2_control/gz_ros2_control_demos) by extensions ['ros']
[0.095s] Level 1:colcon.colcon_core.package_identification:_identify(src/gz_ros2_control/gz_ros2_control_demos) by extension 'ros'
[0.095s] DEBUG:colcon.colcon_core.package_identification:Package 'src/gz_ros2_control/gz_ros2_control_demos' with type 'ros.ament_cmake' and name 'gz_ros2_control_demos'
[0.095s] Level 1:colcon.colcon_core.package_identification:_identify(src/gz_ros2_control/gz_ros2_control_tests) by extensions ['ignore', 'ignore_ament_install']
[0.095s] Level 1:colcon.colcon_core.package_identification:_identify(src/gz_ros2_control/gz_ros2_control_tests) by extension 'ignore'
[0.095s] Level 1:colcon.colcon_core.package_identification:_identify(src/gz_ros2_control/gz_ros2_control_tests) by extension 'ignore_ament_install'
[0.095s] Level 1:colcon.colcon_core.package_identification:_identify(src/gz_ros2_control/gz_ros2_control_tests) by extensions ['colcon_pkg']
[0.095s] Level 1:colcon.colcon_core.package_identification:_identify(src/gz_ros2_control/gz_ros2_control_tests) by extension 'colcon_pkg'
[0.095s] Level 1:colcon.colcon_core.package_identification:_identify(src/gz_ros2_control/gz_ros2_control_tests) by extensions ['colcon_meta']
[0.096s] Level 1:colcon.colcon_core.package_identification:_identify(src/gz_ros2_control/gz_ros2_control_tests) by extension 'colcon_meta'
[0.096s] Level 1:colcon.colcon_core.package_identification:_identify(src/gz_ros2_control/gz_ros2_control_tests) by extensions ['ros']
[0.096s] Level 1:colcon.colcon_core.package_identification:_identify(src/gz_ros2_control/gz_ros2_control_tests) by extension 'ros'
[0.096s] DEBUG:colcon.colcon_core.package_identification:Package 'src/gz_ros2_control/gz_ros2_control_tests' with type 'ros.ament_cmake' and name 'gz_ros2_control_tests'
[0.096s] Level 1:colcon.colcon_core.package_identification:_identify(src/psd_gazebo_worlds) by extensions ['ignore', 'ignore_ament_install']
[0.096s] Level 1:colcon.colcon_core.package_identification:_identify(src/psd_gazebo_worlds) by extension 'ignore'
[0.096s] Level 1:colcon.colcon_core.package_identification:_identify(src/psd_gazebo_worlds) by extension 'ignore_ament_install'
[0.096s] Level 1:colcon.colcon_core.package_identification:_identify(src/psd_gazebo_worlds) by extensions ['colcon_pkg']
[0.096s] Level 1:colcon.colcon_core.package_identification:_identify(src/psd_gazebo_worlds) by extension 'colcon_pkg'
[0.096s] Level 1:colcon.colcon_core.package_identification:_identify(src/psd_gazebo_worlds) by extensions ['colcon_meta']
[0.096s] Level 1:colcon.colcon_core.package_identification:_identify(src/psd_gazebo_worlds) by extension 'colcon_meta'
[0.096s] Level 1:colcon.colcon_core.package_identification:_identify(src/psd_gazebo_worlds) by extensions ['ros']
[0.096s] Level 1:colcon.colcon_core.package_identification:_identify(src/psd_gazebo_worlds) by extension 'ros'
[0.096s] DEBUG:colcon.colcon_core.package_identification:Package 'src/psd_gazebo_worlds' with type 'ros.ament_cmake' and name 'psd_gazebo_worlds'
[0.096s] Level 1:colcon.colcon_core.package_identification:_identify(src/psd_vehicle_bringup) by extensions ['ignore', 'ignore_ament_install']
[0.096s] Level 1:colcon.colcon_core.package_identification:_identify(src/psd_vehicle_bringup) by extension 'ignore'
[0.096s] Level 1:colcon.colcon_core.package_identification:_identify(src/psd_vehicle_bringup) by extension 'ignore_ament_install'
[0.096s] Level 1:colcon.colcon_core.package_identification:_identify(src/psd_vehicle_bringup) by extensions ['colcon_pkg']
[0.096s] Level 1:colcon.colcon_core.package_identification:_identify(src/psd_vehicle_bringup) by extension 'colcon_pkg'
[0.096s] Level 1:colcon.colcon_core.package_identification:_identify(src/psd_vehicle_bringup) by extensions ['colcon_meta']
[0.096s] Level 1:colcon.colcon_core.package_identification:_identify(src/psd_vehicle_bringup) by extension 'colcon_meta'
[0.096s] Level 1:colcon.colcon_core.package_identification:_identify(src/psd_vehicle_bringup) by extensions ['ros']
[0.096s] Level 1:colcon.colcon_core.package_identification:_identify(src/psd_vehicle_bringup) by extension 'ros'
[0.097s] DEBUG:colcon.colcon_core.package_identification:Package 'src/psd_vehicle_bringup' with type 'ros.ament_cmake' and name 'psd_vehicle_bringup'
[0.097s] Level 1:colcon.colcon_core.package_identification:_identify(src/psd_vehicle_description) by extensions ['ignore', 'ignore_ament_install']
[0.097s] Level 1:colcon.colcon_core.package_identification:_identify(src/psd_vehicle_description) by extension 'ignore'
[0.097s] Level 1:colcon.colcon_core.package_identification:_identify(src/psd_vehicle_description) by extension 'ignore_ament_install'
[0.097s] Level 1:colcon.colcon_core.package_identification:_identify(src/psd_vehicle_description) by extensions ['colcon_pkg']
[0.097s] Level 1:colcon.colcon_core.package_identification:_identify(src/psd_vehicle_description) by extension 'colcon_pkg'
[0.097s] Level 1:colcon.colcon_core.package_identification:_identify(src/psd_vehicle_description) by extensions ['colcon_meta']
[0.097s] Level 1:colcon.colcon_core.package_identification:_identify(src/psd_vehicle_description) by extension 'colcon_meta'
[0.097s] Level 1:colcon.colcon_core.package_identification:_identify(src/psd_vehicle_description) by extensions ['ros']
[0.097s] Level 1:colcon.colcon_core.package_identification:_identify(src/psd_vehicle_description) by extension 'ros'
[0.097s] DEBUG:colcon.colcon_core.package_identification:Package 'src/psd_vehicle_description' with type 'ros.ament_cmake' and name 'psd_vehicle_description'
[0.097s] Level 1:colcon.colcon_core.package_discovery:discover_packages(recursive) using defaults
[0.097s] Level 1:colcon.colcon_core.package_discovery:discover_packages(ignore) discover
[0.097s] Level 1:colcon.colcon_core.package_discovery:discover_packages(ignore) using defaults
[0.097s] Level 1:colcon.colcon_core.package_discovery:discover_packages(path) discover
[0.097s] Level 1:colcon.colcon_core.package_discovery:discover_packages(path) using defaults
[0.108s] Level 5:colcon.colcon_core.verb:set package 'gz_ros2_control' build argument 'cmake_args' from command line to 'None'
[0.108s] Level 5:colcon.colcon_core.verb:set package 'gz_ros2_control' build argument 'cmake_target' from command line to 'None'
[0.108s] Level 5:colcon.colcon_core.verb:set package 'gz_ros2_control' build argument 'cmake_target_skip_unavailable' from command line to 'False'
[0.108s] Level 5:colcon.colcon_core.verb:set package 'gz_ros2_control' build argument 'cmake_clean_cache' from command line to 'False'
[0.108s] Level 5:colcon.colcon_core.verb:set package 'gz_ros2_control' build argument 'cmake_clean_first' from command line to 'False'
[0.108s] Level 5:colcon.colcon_core.verb:set package 'gz_ros2_control' build argument 'cmake_force_configure' from command line to 'False'
[0.108s] Level 5:colcon.colcon_core.verb:set package 'gz_ros2_control' build argument 'ament_cmake_args' from command line to 'None'
[0.108s] Level 5:colcon.colcon_core.verb:set package 'gz_ros2_control' build argument 'catkin_cmake_args' from command line to 'None'
[0.108s] Level 5:colcon.colcon_core.verb:set package 'gz_ros2_control' build argument 'catkin_skip_building_tests' from command line to 'False'
[0.108s] DEBUG:colcon.colcon_core.verb:Building package 'gz_ros2_control' with the following arguments: {'ament_cmake_args': None, 'build_base': '/home/ubuntu/psd_ws/build/gz_ros2_control', 'catkin_cmake_args': None, 'catkin_skip_building_tests': False, 'cmake_args': None, 'cmake_clean_cache': False, 'cmake_clean_first': False, 'cmake_force_configure': False, 'cmake_target': None, 'cmake_target_skip_unavailable': False, 'install_base': '/home/ubuntu/psd_ws/install/gz_ros2_control', 'merge_install': False, 'path': '/home/ubuntu/psd_ws/src/gz_ros2_control/gz_ros2_control', 'symlink_install': True, 'test_result_base': None}
[0.108s] Level 5:colcon.colcon_core.verb:set package 'psd_gazebo_worlds' build argument 'cmake_args' from command line to 'None'
[0.108s] Level 5:colcon.colcon_core.verb:set package 'psd_gazebo_worlds' build argument 'cmake_target' from command line to 'None'
[0.108s] Level 5:colcon.colcon_core.verb:set package 'psd_gazebo_worlds' build argument 'cmake_target_skip_unavailable' from command line to 'False'
[0.108s] Level 5:colcon.colcon_core.verb:set package 'psd_gazebo_worlds' build argument 'cmake_clean_cache' from command line to 'False'
[0.108s] Level 5:colcon.colcon_core.verb:set package 'psd_gazebo_worlds' build argument 'cmake_clean_first' from command line to 'False'
[0.108s] Level 5:colcon.colcon_core.verb:set package 'psd_gazebo_worlds' build argument 'cmake_force_configure' from command line to 'False'
[0.108s] Level 5:colcon.colcon_core.verb:set package 'psd_gazebo_worlds' build argument 'ament_cmake_args' from command line to 'None'
[0.108s] Level 5:colcon.colcon_core.verb:set package 'psd_gazebo_worlds' build argument 'catkin_cmake_args' from command line to 'None'
[0.108s] Level 5:colcon.colcon_core.verb:set package 'psd_gazebo_worlds' build argument 'catkin_skip_building_tests' from command line to 'False'
[0.108s] DEBUG:colcon.colcon_core.verb:Building package 'psd_gazebo_worlds' with the following arguments: {'ament_cmake_args': None, 'build_base': '/home/ubuntu/psd_ws/build/psd_gazebo_worlds', 'catkin_cmake_args': None, 'catkin_skip_building_tests': False, 'cmake_args': None, 'cmake_clean_cache': False, 'cmake_clean_first': False, 'cmake_force_configure': False, 'cmake_target': None, 'cmake_target_skip_unavailable': False, 'install_base': '/home/ubuntu/psd_ws/install/psd_gazebo_worlds', 'merge_install': False, 'path': '/home/ubuntu/psd_ws/src/psd_gazebo_worlds', 'symlink_install': True, 'test_result_base': None}
[0.108s] Level 5:colcon.colcon_core.verb:set package 'psd_vehicle_description' build argument 'cmake_args' from command line to 'None'
[0.108s] Level 5:colcon.colcon_core.verb:set package 'psd_vehicle_description' build argument 'cmake_target' from command line to 'None'
[0.108s] Level 5:colcon.colcon_core.verb:set package 'psd_vehicle_description' build argument 'cmake_target_skip_unavailable' from command line to 'False'
[0.108s] Level 5:colcon.colcon_core.verb:set package 'psd_vehicle_description' build argument 'cmake_clean_cache' from command line to 'False'
[0.108s] Level 5:colcon.colcon_core.verb:set package 'psd_vehicle_description' build argument 'cmake_clean_first' from command line to 'False'
[0.108s] Level 5:colcon.colcon_core.verb:set package 'psd_vehicle_description' build argument 'cmake_force_configure' from command line to 'False'
[0.108s] Level 5:colcon.colcon_core.verb:set package 'psd_vehicle_description' build argument 'ament_cmake_args' from command line to 'None'
[0.108s] Level 5:colcon.colcon_core.verb:set package 'psd_vehicle_description' build argument 'catkin_cmake_args' from command line to 'None'
[0.108s] Level 5:colcon.colcon_core.verb:set package 'psd_vehicle_description' build argument 'catkin_skip_building_tests' from command line to 'False'
[0.108s] DEBUG:colcon.colcon_core.verb:Building package 'psd_vehicle_description' with the following arguments: {'ament_cmake_args': None, 'build_base': '/home/ubuntu/psd_ws/build/psd_vehicle_description', 'catkin_cmake_args': None, 'catkin_skip_building_tests': False, 'cmake_args': None, 'cmake_clean_cache': False, 'cmake_clean_first': False, 'cmake_force_configure': False, 'cmake_target': None, 'cmake_target_skip_unavailable': False, 'install_base': '/home/ubuntu/psd_ws/install/psd_vehicle_description', 'merge_install': False, 'path': '/home/ubuntu/psd_ws/src/psd_vehicle_description', 'symlink_install': True, 'test_result_base': None}
[0.108s] Level 5:colcon.colcon_core.verb:set package 'gz_ros2_control_demos' build argument 'cmake_args' from command line to 'None'
[0.108s] Level 5:colcon.colcon_core.verb:set package 'gz_ros2_control_demos' build argument 'cmake_target' from command line to 'None'
[0.108s] Level 5:colcon.colcon_core.verb:set package 'gz_ros2_control_demos' build argument 'cmake_target_skip_unavailable' from command line to 'False'
[0.108s] Level 5:colcon.colcon_core.verb:set package 'gz_ros2_control_demos' build argument 'cmake_clean_cache' from command line to 'False'
[0.108s] Level 5:colcon.colcon_core.verb:set package 'gz_ros2_control_demos' build argument 'cmake_clean_first' from command line to 'False'
[0.108s] Level 5:colcon.colcon_core.verb:set package 'gz_ros2_control_demos' build argument 'cmake_force_configure' from command line to 'False'
[0.108s] Level 5:colcon.colcon_core.verb:set package 'gz_ros2_control_demos' build argument 'ament_cmake_args' from command line to 'None'
[0.108s] Level 5:colcon.colcon_core.verb:set package 'gz_ros2_control_demos' build argument 'catkin_cmake_args' from command line to 'None'
[0.108s] Level 5:colcon.colcon_core.verb:set package 'gz_ros2_control_demos' build argument 'catkin_skip_building_tests' from command line to 'False'
[0.108s] DEBUG:colcon.colcon_core.verb:Building package 'gz_ros2_control_demos' with the following arguments: {'ament_cmake_args': None, 'build_base': '/home/ubuntu/psd_ws/build/gz_ros2_control_demos', 'catkin_cmake_args': None, 'catkin_skip_building_tests': False, 'cmake_args': None, 'cmake_clean_cache': False, 'cmake_clean_first': False, 'cmake_force_configure': False, 'cmake_target': None, 'cmake_target_skip_unavailable': False, 'install_base': '/home/ubuntu/psd_ws/install/gz_ros2_control_demos', 'merge_install': False, 'path': '/home/ubuntu/psd_ws/src/gz_ros2_control/gz_ros2_control_demos', 'symlink_install': True, 'test_result_base': None}
[0.108s] Level 5:colcon.colcon_core.verb:set package 'gz_ros2_control_tests' build argument 'cmake_args' from command line to 'None'
[0.108s] Level 5:colcon.colcon_core.verb:set package 'gz_ros2_control_tests' build argument 'cmake_target' from command line to 'None'
[0.108s] Level 5:colcon.colcon_core.verb:set package 'gz_ros2_control_tests' build argument 'cmake_target_skip_unavailable' from command line to 'False'
[0.108s] Level 5:colcon.colcon_core.verb:set package 'gz_ros2_control_tests' build argument 'cmake_clean_cache' from command line to 'False'
[0.108s] Level 5:colcon.colcon_core.verb:set package 'gz_ros2_control_tests' build argument 'cmake_clean_first' from command line to 'False'
[0.108s] Level 5:colcon.colcon_core.verb:set package 'gz_ros2_control_tests' build argument 'cmake_force_configure' from command line to 'False'
[0.108s] Level 5:colcon.colcon_core.verb:set package 'gz_ros2_control_tests' build argument 'ament_cmake_args' from command line to 'None'
[0.109s] Level 5:colcon.colcon_core.verb:set package 'gz_ros2_control_tests' build argument 'catkin_cmake_args' from command line to 'None'
[0.109s] Level 5:colcon.colcon_core.verb:set package 'gz_ros2_control_tests' build argument 'catkin_skip_building_tests' from command line to 'False'
[0.109s] DEBUG:colcon.colcon_core.verb:Building package 'gz_ros2_control_tests' with the following arguments: {'ament_cmake_args': None, 'build_base': '/home/ubuntu/psd_ws/build/gz_ros2_control_tests', 'catkin_cmake_args': None, 'catkin_skip_building_tests': False, 'cmake_args': None, 'cmake_clean_cache': False, 'cmake_clean_first': False, 'cmake_force_configure': False, 'cmake_target': None, 'cmake_target_skip_unavailable': False, 'install_base': '/home/ubuntu/psd_ws/install/gz_ros2_control_tests', 'merge_install': False, 'path': '/home/ubuntu/psd_ws/src/gz_ros2_control/gz_ros2_control_tests', 'symlink_install': True, 'test_result_base': None}
[0.109s] Level 5:colcon.colcon_core.verb:set package 'psd_vehicle_bringup' build argument 'cmake_args' from command line to 'None'
[0.109s] Level 5:colcon.colcon_core.verb:set package 'psd_vehicle_bringup' build argument 'cmake_target' from command line to 'None'
[0.109s] Level 5:colcon.colcon_core.verb:set package 'psd_vehicle_bringup' build argument 'cmake_target_skip_unavailable' from command line to 'False'
[0.109s] Level 5:colcon.colcon_core.verb:set package 'psd_vehicle_bringup' build argument 'cmake_clean_cache' from command line to 'False'
[0.109s] Level 5:colcon.colcon_core.verb:set package 'psd_vehicle_bringup' build argument 'cmake_clean_first' from command line to 'False'
[0.109s] Level 5:colcon.colcon_core.verb:set package 'psd_vehicle_bringup' build argument 'cmake_force_configure' from command line to 'False'
[0.109s] Level 5:colcon.colcon_core.verb:set package 'psd_vehicle_bringup' build argument 'ament_cmake_args' from command line to 'None'
[0.109s] Level 5:colcon.colcon_core.verb:set package 'psd_vehicle_bringup' build argument 'catkin_cmake_args' from command line to 'None'
[0.109s] Level 5:colcon.colcon_core.verb:set package 'psd_vehicle_bringup' build argument 'catkin_skip_building_tests' from command line to 'False'
[0.109s] DEBUG:colcon.colcon_core.verb:Building package 'psd_vehicle_bringup' with the following arguments: {'ament_cmake_args': None, 'build_base': '/home/ubuntu/psd_ws/build/psd_vehicle_bringup', 'catkin_cmake_args': None, 'catkin_skip_building_tests': False, 'cmake_args': None, 'cmake_clean_cache': False, 'cmake_clean_first': False, 'cmake_force_configure': False, 'cmake_target': None, 'cmake_target_skip_unavailable': False, 'install_base': '/home/ubuntu/psd_ws/install/psd_vehicle_bringup', 'merge_install': False, 'path': '/home/ubuntu/psd_ws/src/psd_vehicle_bringup', 'symlink_install': True, 'test_result_base': None}
[0.109s] INFO:colcon.colcon_core.executor:Executing jobs using 'parallel' executor
[0.109s] DEBUG:colcon.colcon_parallel_executor.executor.parallel:run_until_complete
[0.110s] INFO:colcon.colcon_ros.task.ament_cmake.build:Building ROS package in '/home/ubuntu/psd_ws/src/gz_ros2_control/gz_ros2_control' with build type 'ament_cmake'
[0.110s] INFO:colcon.colcon_cmake.task.cmake.build:Building CMake package in '/home/ubuntu/psd_ws/src/gz_ros2_control/gz_ros2_control'
[0.111s] INFO:colcon.colcon_core.plugin_system:Skipping extension 'colcon_core.shell.bat': Not used on non-Windows systems
[0.111s] INFO:colcon.colcon_core.shell:Skip shell extension 'powershell' for command environment: Not usable outside of PowerShell
[0.111s] DEBUG:colcon.colcon_core.shell:Skip shell extension 'dsv' for command environment
[0.111s] WARNING:colcon.colcon_ros.prefix_path.ament:The path '/home/ubuntu/psd_ws/install/psd_vehicle_bringup' in the environment variable AMENT_PREFIX_PATH doesn't exist
[0.111s] WARNING:colcon.colcon_ros.prefix_path.ament:The path '/home/ubuntu/psd_ws/install/psd_vehicle_description' in the environment variable AMENT_PREFIX_PATH doesn't exist
[0.111s] WARNING:colcon.colcon_ros.prefix_path.ament:The path '/home/ubuntu/psd_ws/install/psd_gazebo_worlds' in the environment variable AMENT_PREFIX_PATH doesn't exist
[0.111s] WARNING:colcon.colcon_ros.prefix_path.ament:The path '/home/ubuntu/psd_ws/install/gz_ros2_control_tests' in the environment variable AMENT_PREFIX_PATH doesn't exist
[0.111s] WARNING:colcon.colcon_ros.prefix_path.ament:The path '/home/ubuntu/psd_ws/install/gz_ros2_control_demos' in the environment variable AMENT_PREFIX_PATH doesn't exist
[0.111s] WARNING:colcon.colcon_ros.prefix_path.ament:The path '/home/ubuntu/psd_ws/install/gz_ros2_control' in the environment variable AMENT_PREFIX_PATH doesn't exist
[0.111s] WARNING:colcon.colcon_ros.prefix_path.catkin:The path '/home/ubuntu/psd_ws/install/psd_vehicle_bringup' in the environment variable CMAKE_PREFIX_PATH doesn't exist
[0.111s] WARNING:colcon.colcon_ros.prefix_path.catkin:The path '/home/ubuntu/psd_ws/install/psd_vehicle_description' in the environment variable CMAKE_PREFIX_PATH doesn't exist
[0.111s] WARNING:colcon.colcon_ros.prefix_path.catkin:The path '/home/ubuntu/psd_ws/install/psd_gazebo_worlds' in the environment variable CMAKE_PREFIX_PATH doesn't exist
[0.111s] WARNING:colcon.colcon_ros.prefix_path.catkin:The path '/home/ubuntu/psd_ws/install/gz_ros2_control_tests' in the environment variable CMAKE_PREFIX_PATH doesn't exist
[0.111s] WARNING:colcon.colcon_ros.prefix_path.catkin:The path '/home/ubuntu/psd_ws/install/gz_ros2_control_demos' in the environment variable CMAKE_PREFIX_PATH doesn't exist
[0.111s] WARNING:colcon.colcon_ros.prefix_path.catkin:The path '/home/ubuntu/psd_ws/install/gz_ros2_control' in the environment variable CMAKE_PREFIX_PATH doesn't exist
[0.114s] INFO:colcon.colcon_ros.task.ament_cmake.build:Building ROS package in '/home/ubuntu/psd_ws/src/psd_vehicle_description' with build type 'ament_cmake'
[0.114s] INFO:colcon.colcon_cmake.task.cmake.build:Building CMake package in '/home/ubuntu/psd_ws/src/psd_vehicle_description'
[0.114s] INFO:colcon.colcon_core.shell:Skip shell extension 'powershell' for command environment: Not usable outside of PowerShell
[0.114s] DEBUG:colcon.colcon_core.shell:Skip shell extension 'dsv' for command environment
[0.116s] INFO:colcon.colcon_ros.task.ament_cmake.build:Building ROS package in '/home/ubuntu/psd_ws/src/psd_gazebo_worlds' with build type 'ament_cmake'
[0.116s] INFO:colcon.colcon_cmake.task.cmake.build:Building CMake package in '/home/ubuntu/psd_ws/src/psd_gazebo_worlds'
[0.116s] INFO:colcon.colcon_core.shell:Skip shell extension 'powershell' for command environment: Not usable outside of PowerShell
[0.116s] DEBUG:colcon.colcon_core.shell:Skip shell extension 'dsv' for command environment
[0.120s] DEBUG:colcon.colcon_core.event_handler.log_command:Invoking command in '/home/ubuntu/psd_ws/build/gz_ros2_control': CMAKE_PREFIX_PATH=${CMAKE_PREFIX_PATH}:/opt/ros/jazzy /usr/bin/cmake /home/ubuntu/psd_ws/src/gz_ros2_control/gz_ros2_control -DAMENT_CMAKE_SYMLINK_INSTALL=1 -DCMAKE_INSTALL_PREFIX=/home/ubuntu/psd_ws/install/gz_ros2_control
[0.120s] DEBUG:colcon.colcon_core.event_handler.log_command:Invoking command in '/home/ubuntu/psd_ws/build/psd_vehicle_description': CMAKE_PREFIX_PATH=${CMAKE_PREFIX_PATH}:/opt/ros/jazzy /usr/bin/cmake /home/ubuntu/psd_ws/src/psd_vehicle_description -DAMENT_CMAKE_SYMLINK_INSTALL=1 -DCMAKE_INSTALL_PREFIX=/home/ubuntu/psd_ws/install/psd_vehicle_description
[0.122s] DEBUG:colcon.colcon_core.event_handler.log_command:Invoking command in '/home/ubuntu/psd_ws/build/psd_gazebo_worlds': CMAKE_PREFIX_PATH=${CMAKE_PREFIX_PATH}:/opt/ros/jazzy /usr/bin/cmake /home/ubuntu/psd_ws/src/psd_gazebo_worlds -DAMENT_CMAKE_SYMLINK_INSTALL=1 -DCMAKE_INSTALL_PREFIX=/home/ubuntu/psd_ws/install/psd_gazebo_worlds
[0.637s] DEBUG:colcon.colcon_core.event_handler.log_command:Invoked command in '/home/ubuntu/psd_ws/build/psd_vehicle_description' returned '0': CMAKE_PREFIX_PATH=${CMAKE_PREFIX_PATH}:/opt/ros/jazzy /usr/bin/cmake /home/ubuntu/psd_ws/src/psd_vehicle_description -DAMENT_CMAKE_SYMLINK_INSTALL=1 -DCMAKE_INSTALL_PREFIX=/home/ubuntu/psd_ws/install/psd_vehicle_description
[0.637s] DEBUG:colcon.colcon_core.event_handler.log_command:Invoking command in '/home/ubuntu/psd_ws/build/psd_vehicle_description': CMAKE_PREFIX_PATH=${CMAKE_PREFIX_PATH}:/opt/ros/jazzy /usr/bin/cmake --build /home/ubuntu/psd_ws/build/psd_vehicle_description -- -j20 -l20
[0.668s] DEBUG:colcon.colcon_core.event_handler.log_command:Invoked command in '/home/ubuntu/psd_ws/build/psd_vehicle_description' returned '0': CMAKE_PREFIX_PATH=${CMAKE_PREFIX_PATH}:/opt/ros/jazzy /usr/bin/cmake --build /home/ubuntu/psd_ws/build/psd_vehicle_description -- -j20 -l20
[0.695s] DEBUG:colcon.colcon_core.event_handler.log_command:Invoking command in '/home/ubuntu/psd_ws/build/psd_vehicle_description': CMAKE_PREFIX_PATH=${CMAKE_PREFIX_PATH}:/opt/ros/jazzy /usr/bin/cmake --install /home/ubuntu/psd_ws/build/psd_vehicle_description
[1.043s] Level 1:colcon.colcon_core.environment:create_environment_scripts_only(psd_vehicle_description)
[1.043s] DEBUG:colcon.colcon_core.event_handler.log_command:Invoked command in '/home/ubuntu/psd_ws/build/psd_vehicle_description' returned '0': CMAKE_PREFIX_PATH=${CMAKE_PREFIX_PATH}:/opt/ros/jazzy /usr/bin/cmake --install /home/ubuntu/psd_ws/build/psd_vehicle_description
[1.046s] Level 1:colcon.colcon_core.environment:checking '/home/ubuntu/psd_ws/install/psd_vehicle_description' for CMake module files
[1.046s] Level 1:colcon.colcon_core.environment:checking '/home/ubuntu/psd_ws/install/psd_vehicle_description' for CMake config files
[1.046s] Level 1:colcon.colcon_core.shell:create_environment_hook('psd_vehicle_description', 'cmake_prefix_path')
[1.046s] INFO:colcon.colcon_core.shell:Creating environment hook '/home/ubuntu/psd_ws/install/psd_vehicle_description/share/psd_vehicle_description/hook/cmake_prefix_path.ps1'
[1.047s] INFO:colcon.colcon_core.shell:Creating environment descriptor '/home/ubuntu/psd_ws/install/psd_vehicle_description/share/psd_vehicle_description/hook/cmake_prefix_path.dsv'
[1.047s] INFO:colcon.colcon_core.shell:Creating environment hook '/home/ubuntu/psd_ws/install/psd_vehicle_description/share/psd_vehicle_description/hook/cmake_prefix_path.sh'
[1.047s] Level 1:colcon.colcon_core.environment:checking '/home/ubuntu/psd_ws/install/psd_vehicle_description/bin'
[1.047s] Level 1:colcon.colcon_core.environment:checking '/home/ubuntu/psd_ws/install/psd_vehicle_description/lib/pkgconfig/psd_vehicle_description.pc'
[1.049s] Level 1:colcon.colcon_core.environment:checking '/home/ubuntu/psd_ws/install/psd_vehicle_description/lib/python3.12/site-packages'
[1.049s] Level 1:colcon.colcon_core.environment:checking '/home/ubuntu/psd_ws/install/psd_vehicle_description/bin'
[1.049s] INFO:colcon.colcon_core.shell:Creating package script '/home/ubuntu/psd_ws/install/psd_vehicle_description/share/psd_vehicle_description/package.ps1'
[1.049s] INFO:colcon.colcon_core.shell:Creating package descriptor '/home/ubuntu/psd_ws/install/psd_vehicle_description/share/psd_vehicle_description/package.dsv'
[1.049s] INFO:colcon.colcon_core.shell:Creating package script '/home/ubuntu/psd_ws/install/psd_vehicle_description/share/psd_vehicle_description/package.sh'
[1.050s] INFO:colcon.colcon_core.shell:Creating package script '/home/ubuntu/psd_ws/install/psd_vehicle_description/share/psd_vehicle_description/package.bash'
[1.050s] INFO:colcon.colcon_core.shell:Creating package script '/home/ubuntu/psd_ws/install/psd_vehicle_description/share/psd_vehicle_description/package.zsh'
[1.050s] Level 1:colcon.colcon_core.environment:create_file_with_runtime_dependencies(/home/ubuntu/psd_ws/install/psd_vehicle_description/share/colcon-core/packages/psd_vehicle_description)
[1.063s] DEBUG:colcon.colcon_core.event_handler.log_command:Invoked command in '/home/ubuntu/psd_ws/build/psd_gazebo_worlds' returned '0': CMAKE_PREFIX_PATH=${CMAKE_PREFIX_PATH}:/opt/ros/jazzy /usr/bin/cmake /home/ubuntu/psd_ws/src/psd_gazebo_worlds -DAMENT_CMAKE_SYMLINK_INSTALL=1 -DCMAKE_INSTALL_PREFIX=/home/ubuntu/psd_ws/install/psd_gazebo_worlds
[1.063s] DEBUG:colcon.colcon_core.event_handler.log_command:Invoking command in '/home/ubuntu/psd_ws/build/psd_gazebo_worlds': CMAKE_PREFIX_PATH=${CMAKE_PREFIX_PATH}:/opt/ros/jazzy /usr/bin/cmake --build /home/ubuntu/psd_ws/build/psd_gazebo_worlds -- -j20 -l20
[1.065s] Level 1:colcon.colcon_core.environment:create_environment_scripts_only(psd_vehicle_description)
[1.065s] Level 1:colcon.colcon_core.environment:checking '/home/ubuntu/psd_ws/install/psd_vehicle_description' for CMake module files
[1.065s] Level 1:colcon.colcon_core.environment:checking '/home/ubuntu/psd_ws/install/psd_vehicle_description' for CMake config files
[1.066s] Level 1:colcon.colcon_core.shell:create_environment_hook('psd_vehicle_description', 'cmake_prefix_path')
[1.066s] INFO:colcon.colcon_core.shell:Creating environment hook '/home/ubuntu/psd_ws/install/psd_vehicle_description/share/psd_vehicle_description/hook/cmake_prefix_path.ps1'
[1.066s] INFO:colcon.colcon_core.shell:Creating environment descriptor '/home/ubuntu/psd_ws/install/psd_vehicle_description/share/psd_vehicle_description/hook/cmake_prefix_path.dsv'
[1.066s] INFO:colcon.colcon_core.shell:Creating environment hook '/home/ubuntu/psd_ws/install/psd_vehicle_description/share/psd_vehicle_description/hook/cmake_prefix_path.sh'
[1.066s] Level 1:colcon.colcon_core.environment:checking '/home/ubuntu/psd_ws/install/psd_vehicle_description/bin'
[1.066s] Level 1:colcon.colcon_core.environment:checking '/home/ubuntu/psd_ws/install/psd_vehicle_description/lib/pkgconfig/psd_vehicle_description.pc'
[1.067s] Level 1:colcon.colcon_core.environment:checking '/home/ubuntu/psd_ws/install/psd_vehicle_description/lib/python3.12/site-packages'
[1.067s] Level 1:colcon.colcon_core.environment:checking '/home/ubuntu/psd_ws/install/psd_vehicle_description/bin'
[1.067s] INFO:colcon.colcon_core.shell:Creating package script '/home/ubuntu/psd_ws/install/psd_vehicle_description/share/psd_vehicle_description/package.ps1'
[1.067s] INFO:colcon.colcon_core.shell:Creating package descriptor '/home/ubuntu/psd_ws/install/psd_vehicle_description/share/psd_vehicle_description/package.dsv'
[1.067s] INFO:colcon.colcon_core.shell:Creating package script '/home/ubuntu/psd_ws/install/psd_vehicle_description/share/psd_vehicle_description/package.sh'
[1.067s] INFO:colcon.colcon_core.shell:Creating package script '/home/ubuntu/psd_ws/install/psd_vehicle_description/share/psd_vehicle_description/package.bash'
[1.068s] INFO:colcon.colcon_core.shell:Creating package script '/home/ubuntu/psd_ws/install/psd_vehicle_description/share/psd_vehicle_description/package.zsh'
[1.068s] Level 1:colcon.colcon_core.environment:create_file_with_runtime_dependencies(/home/ubuntu/psd_ws/install/psd_vehicle_description/share/colcon-core/packages/psd_vehicle_description)
[1.068s] INFO:colcon.colcon_ros.task.ament_cmake.build:Building ROS package in '/home/ubuntu/psd_ws/src/psd_vehicle_bringup' with build type 'ament_cmake'
[1.068s] INFO:colcon.colcon_cmake.task.cmake.build:Building CMake package in '/home/ubuntu/psd_ws/src/psd_vehicle_bringup'
[1.068s] INFO:colcon.colcon_core.shell:Skip shell extension 'powershell' for command environment: Not usable outside of PowerShell
[1.068s] DEBUG:colcon.colcon_core.shell:Skip shell extension 'dsv' for command environment
[1.074s] DEBUG:colcon.colcon_core.event_handler.log_command:Invoking command in '/home/ubuntu/psd_ws/build/psd_vehicle_bringup': CMAKE_PREFIX_PATH=/home/ubuntu/psd_ws/install/psd_vehicle_description:/home/ubuntu/psd_ws/install/psd_vehicle_bringup:/home/ubuntu/psd_ws/install/psd_gazebo_worlds:/home/ubuntu/psd_ws/install/gz_ros2_control_tests:/home/ubuntu/psd_ws/install/gz_ros2_control_demos:/home/ubuntu/psd_ws/install/gz_ros2_control:/opt/ros/jazzy/opt/gz_sim_vendor:/opt/ros/jazzy/opt/gz_sensors_vendor:/opt/ros/jazzy/opt/gz_physics_vendor:/opt/ros/jazzy/opt/sdformat_vendor:/opt/ros/jazzy/opt/gz_gui_vendor:/opt/ros/jazzy/opt/gz_transport_vendor:/opt/ros/jazzy/opt/gz_rendering_vendor:/opt/ros/jazzy/opt/gz_plugin_vendor:/opt/ros/jazzy/opt/gz_fuel_tools_vendor:/opt/ros/jazzy/opt/gz_msgs_vendor:/opt/ros/jazzy/opt/gz_common_vendor:/opt/ros/jazzy/opt/gz_math_vendor:/opt/ros/jazzy/opt/gz_utils_vendor:/opt/ros/jazzy/opt/gz_tools_vendor:/opt/ros/jazzy/opt/gz_ogre_next_vendor:/opt/ros/jazzy/opt/gz_dartsim_vendor:/opt/ros/jazzy/opt/gz_cmake_vendor:/opt/ros/jazzy /usr/bin/cmake /home/ubuntu/psd_ws/src/psd_vehicle_bringup -DAMENT_CMAKE_SYMLINK_INSTALL=1 -DCMAKE_INSTALL_PREFIX=/home/ubuntu/psd_ws/install/psd_vehicle_bringup
[1.090s] DEBUG:colcon.colcon_core.event_handler.log_command:Invoked command in '/home/ubuntu/psd_ws/build/psd_gazebo_worlds' returned '0': CMAKE_PREFIX_PATH=${CMAKE_PREFIX_PATH}:/opt/ros/jazzy /usr/bin/cmake --build /home/ubuntu/psd_ws/build/psd_gazebo_worlds -- -j20 -l20
[1.105s] DEBUG:colcon.colcon_core.event_handler.log_command:Invoking command in '/home/ubuntu/psd_ws/build/psd_gazebo_worlds': CMAKE_PREFIX_PATH=${CMAKE_PREFIX_PATH}:/opt/ros/jazzy /usr/bin/cmake --install /home/ubuntu/psd_ws/build/psd_gazebo_worlds
[1.243s] Level 1:colcon.colcon_core.environment:create_environment_scripts_only(psd_gazebo_worlds)
[1.243s] Level 1:colcon.colcon_core.environment:checking '/home/ubuntu/psd_ws/install/psd_gazebo_worlds' for CMake module files
[1.244s] DEBUG:colcon.colcon_core.event_handler.log_command:Invoked command in '/home/ubuntu/psd_ws/build/psd_gazebo_worlds' returned '0': CMAKE_PREFIX_PATH=${CMAKE_PREFIX_PATH}:/opt/ros/jazzy /usr/bin/cmake --install /home/ubuntu/psd_ws/build/psd_gazebo_worlds
[1.244s] Level 1:colcon.colcon_core.environment:checking '/home/ubuntu/psd_ws/install/psd_gazebo_worlds' for CMake config files
[1.244s] Level 1:colcon.colcon_core.shell:create_environment_hook('psd_gazebo_worlds', 'cmake_prefix_path')
[1.244s] INFO:colcon.colcon_core.shell:Creating environment hook '/home/ubuntu/psd_ws/install/psd_gazebo_worlds/share/psd_gazebo_worlds/hook/cmake_prefix_path.ps1'
[1.244s] INFO:colcon.colcon_core.shell:Creating environment descriptor '/home/ubuntu/psd_ws/install/psd_gazebo_worlds/share/psd_gazebo_worlds/hook/cmake_prefix_path.dsv'
[1.245s] INFO:colcon.colcon_core.shell:Creating environment hook '/home/ubuntu/psd_ws/install/psd_gazebo_worlds/share/psd_gazebo_worlds/hook/cmake_prefix_path.sh'
[1.245s] Level 1:colcon.colcon_core.environment:checking '/home/ubuntu/psd_ws/install/psd_gazebo_worlds/bin'
[1.245s] Level 1:colcon.colcon_core.environment:checking '/home/ubuntu/psd_ws/install/psd_gazebo_worlds/lib/pkgconfig/psd_gazebo_worlds.pc'
[1.245s] Level 1:colcon.colcon_core.environment:checking '/home/ubuntu/psd_ws/install/psd_gazebo_worlds/lib/python3.12/site-packages'
[1.245s] Level 1:colcon.colcon_core.environment:checking '/home/ubuntu/psd_ws/install/psd_gazebo_worlds/bin'
[1.245s] INFO:colcon.colcon_core.shell:Creating package script '/home/ubuntu/psd_ws/install/psd_gazebo_worlds/share/psd_gazebo_worlds/package.ps1'
[1.245s] INFO:colcon.colcon_core.shell:Creating package descriptor '/home/ubuntu/psd_ws/install/psd_gazebo_worlds/share/psd_gazebo_worlds/package.dsv'
[1.246s] INFO:colcon.colcon_core.shell:Creating package script '/home/ubuntu/psd_ws/install/psd_gazebo_worlds/share/psd_gazebo_worlds/package.sh'
[1.246s] INFO:colcon.colcon_core.shell:Creating package script '/home/ubuntu/psd_ws/install/psd_gazebo_worlds/share/psd_gazebo_worlds/package.bash'
[1.246s] INFO:colcon.colcon_core.shell:Creating package script '/home/ubuntu/psd_ws/install/psd_gazebo_worlds/share/psd_gazebo_worlds/package.zsh'
[1.246s] Level 1:colcon.colcon_core.environment:create_file_with_runtime_dependencies(/home/ubuntu/psd_ws/install/psd_gazebo_worlds/share/colcon-core/packages/psd_gazebo_worlds)
[1.262s] Level 1:colcon.colcon_core.environment:create_environment_scripts_only(psd_gazebo_worlds)
[1.262s] Level 1:colcon.colcon_core.environment:checking '/home/ubuntu/psd_ws/install/psd_gazebo_worlds' for CMake module files
[1.262s] Level 1:colcon.colcon_core.environment:checking '/home/ubuntu/psd_ws/install/psd_gazebo_worlds' for CMake config files
[1.263s] Level 1:colcon.colcon_core.shell:create_environment_hook('psd_gazebo_worlds', 'cmake_prefix_path')
[1.263s] INFO:colcon.colcon_core.shell:Creating environment hook '/home/ubuntu/psd_ws/install/psd_gazebo_worlds/share/psd_gazebo_worlds/hook/cmake_prefix_path.ps1'
[1.263s] INFO:colcon.colcon_core.shell:Creating environment descriptor '/home/ubuntu/psd_ws/install/psd_gazebo_worlds/share/psd_gazebo_worlds/hook/cmake_prefix_path.dsv'
[1.263s] INFO:colcon.colcon_core.shell:Creating environment hook '/home/ubuntu/psd_ws/install/psd_gazebo_worlds/share/psd_gazebo_worlds/hook/cmake_prefix_path.sh'
[1.264s] Level 1:colcon.colcon_core.environment:checking '/home/ubuntu/psd_ws/install/psd_gazebo_worlds/bin'
[1.264s] Level 1:colcon.colcon_core.environment:checking '/home/ubuntu/psd_ws/install/psd_gazebo_worlds/lib/pkgconfig/psd_gazebo_worlds.pc'
[1.264s] Level 1:colcon.colcon_core.environment:checking '/home/ubuntu/psd_ws/install/psd_gazebo_worlds/lib/python3.12/site-packages'
[1.264s] Level 1:colcon.colcon_core.environment:checking '/home/ubuntu/psd_ws/install/psd_gazebo_worlds/bin'
[1.265s] INFO:colcon.colcon_core.shell:Creating package script '/home/ubuntu/psd_ws/install/psd_gazebo_worlds/share/psd_gazebo_worlds/package.ps1'
[1.265s] INFO:colcon.colcon_core.shell:Creating package descriptor '/home/ubuntu/psd_ws/install/psd_gazebo_worlds/share/psd_gazebo_worlds/package.dsv'
[1.266s] INFO:colcon.colcon_core.shell:Creating package script '/home/ubuntu/psd_ws/install/psd_gazebo_worlds/share/psd_gazebo_worlds/package.sh'
[1.266s] INFO:colcon.colcon_core.shell:Creating package script '/home/ubuntu/psd_ws/install/psd_gazebo_worlds/share/psd_gazebo_worlds/package.bash'
[1.266s] INFO:colcon.colcon_core.shell:Creating package script '/home/ubuntu/psd_ws/install/psd_gazebo_worlds/share/psd_gazebo_worlds/package.zsh'
[1.266s] Level 1:colcon.colcon_core.environment:create_file_with_runtime_dependencies(/home/ubuntu/psd_ws/install/psd_gazebo_worlds/share/colcon-core/packages/psd_gazebo_worlds)
[1.587s] DEBUG:colcon.colcon_core.event_handler.log_command:Invoked command in '/home/ubuntu/psd_ws/build/psd_vehicle_bringup' returned '0': CMAKE_PREFIX_PATH=/home/ubuntu/psd_ws/install/psd_vehicle_description:/home/ubuntu/psd_ws/install/psd_vehicle_bringup:/home/ubuntu/psd_ws/install/psd_gazebo_worlds:/home/ubuntu/psd_ws/install/gz_ros2_control_tests:/home/ubuntu/psd_ws/install/gz_ros2_control_demos:/home/ubuntu/psd_ws/install/gz_ros2_control:/opt/ros/jazzy/opt/gz_sim_vendor:/opt/ros/jazzy/opt/gz_sensors_vendor:/opt/ros/jazzy/opt/gz_physics_vendor:/opt/ros/jazzy/opt/sdformat_vendor:/opt/ros/jazzy/opt/gz_gui_vendor:/opt/ros/jazzy/opt/gz_transport_vendor:/opt/ros/jazzy/opt/gz_rendering_vendor:/opt/ros/jazzy/opt/gz_plugin_vendor:/opt/ros/jazzy/opt/gz_fuel_tools_vendor:/opt/ros/jazzy/opt/gz_msgs_vendor:/opt/ros/jazzy/opt/gz_common_vendor:/opt/ros/jazzy/opt/gz_math_vendor:/opt/ros/jazzy/opt/gz_utils_vendor:/opt/ros/jazzy/opt/gz_tools_vendor:/opt/ros/jazzy/opt/gz_ogre_next_vendor:/opt/ros/jazzy/opt/gz_dartsim_vendor:/opt/ros/jazzy/opt/gz_cmake_vendor:/opt/ros/jazzy /usr/bin/cmake /home/ubuntu/psd_ws/src/psd_vehicle_bringup -DAMENT_CMAKE_SYMLINK_INSTALL=1 -DCMAKE_INSTALL_PREFIX=/home/ubuntu/psd_ws/install/psd_vehicle_bringup
[1.587s] DEBUG:colcon.colcon_core.event_handler.log_command:Invoking command in '/home/ubuntu/psd_ws/build/psd_vehicle_bringup': CMAKE_PREFIX_PATH=/home/ubuntu/psd_ws/install/psd_vehicle_description:/home/ubuntu/psd_ws/install/psd_vehicle_bringup:/home/ubuntu/psd_ws/install/psd_gazebo_worlds:/home/ubuntu/psd_ws/install/gz_ros2_control_tests:/home/ubuntu/psd_ws/install/gz_ros2_control_demos:/home/ubuntu/psd_ws/install/gz_ros2_control:/opt/ros/jazzy/opt/gz_sim_vendor:/opt/ros/jazzy/opt/gz_sensors_vendor:/opt/ros/jazzy/opt/gz_physics_vendor:/opt/ros/jazzy/opt/sdformat_vendor:/opt/ros/jazzy/opt/gz_gui_vendor:/opt/ros/jazzy/opt/gz_transport_vendor:/opt/ros/jazzy/opt/gz_rendering_vendor:/opt/ros/jazzy/opt/gz_plugin_vendor:/opt/ros/jazzy/opt/gz_fuel_tools_vendor:/opt/ros/jazzy/opt/gz_msgs_vendor:/opt/ros/jazzy/opt/gz_common_vendor:/opt/ros/jazzy/opt/gz_math_vendor:/opt/ros/jazzy/opt/gz_utils_vendor:/opt/ros/jazzy/opt/gz_tools_vendor:/opt/ros/jazzy/opt/gz_ogre_next_vendor:/opt/ros/jazzy/opt/gz_dartsim_vendor:/opt/ros/jazzy/opt/gz_cmake_vendor:/opt/ros/jazzy /usr/bin/cmake --build /home/ubuntu/psd_ws/build/psd_vehicle_bringup -- -j20 -l20
[1.613s] DEBUG:colcon.colcon_core.event_handler.log_command:Invoked command in '/home/ubuntu/psd_ws/build/psd_vehicle_bringup' returned '0': CMAKE_PREFIX_PATH=/home/ubuntu/psd_ws/install/psd_vehicle_description:/home/ubuntu/psd_ws/install/psd_vehicle_bringup:/home/ubuntu/psd_ws/install/psd_gazebo_worlds:/home/ubuntu/psd_ws/install/gz_ros2_control_tests:/home/ubuntu/psd_ws/install/gz_ros2_control_demos:/home/ubuntu/psd_ws/install/gz_ros2_control:/opt/ros/jazzy/opt/gz_sim_vendor:/opt/ros/jazzy/opt/gz_sensors_vendor:/opt/ros/jazzy/opt/gz_physics_vendor:/opt/ros/jazzy/opt/sdformat_vendor:/opt/ros/jazzy/opt/gz_gui_vendor:/opt/ros/jazzy/opt/gz_transport_vendor:/opt/ros/jazzy/opt/gz_rendering_vendor:/opt/ros/jazzy/opt/gz_plugin_vendor:/opt/ros/jazzy/opt/gz_fuel_tools_vendor:/opt/ros/jazzy/opt/gz_msgs_vendor:/opt/ros/jazzy/opt/gz_common_vendor:/opt/ros/jazzy/opt/gz_math_vendor:/opt/ros/jazzy/opt/gz_utils_vendor:/opt/ros/jazzy/opt/gz_tools_vendor:/opt/ros/jazzy/opt/gz_ogre_next_vendor:/opt/ros/jazzy/opt/gz_dartsim_vendor:/opt/ros/jazzy/opt/gz_cmake_vendor:/opt/ros/jazzy /usr/bin/cmake --build /home/ubuntu/psd_ws/build/psd_vehicle_bringup -- -j20 -l20
[1.628s] DEBUG:colcon.colcon_core.event_handler.log_command:Invoking command in '/home/ubuntu/psd_ws/build/psd_vehicle_bringup': CMAKE_PREFIX_PATH=/home/ubuntu/psd_ws/install/psd_vehicle_description:/home/ubuntu/psd_ws/install/psd_vehicle_bringup:/home/ubuntu/psd_ws/install/psd_gazebo_worlds:/home/ubuntu/psd_ws/install/gz_ros2_control_tests:/home/ubuntu/psd_ws/install/gz_ros2_control_demos:/home/ubuntu/psd_ws/install/gz_ros2_control:/opt/ros/jazzy/opt/gz_sim_vendor:/opt/ros/jazzy/opt/gz_sensors_vendor:/opt/ros/jazzy/opt/gz_physics_vendor:/opt/ros/jazzy/opt/sdformat_vendor:/opt/ros/jazzy/opt/gz_gui_vendor:/opt/ros/jazzy/opt/gz_transport_vendor:/opt/ros/jazzy/opt/gz_rendering_vendor:/opt/ros/jazzy/opt/gz_plugin_vendor:/opt/ros/jazzy/opt/gz_fuel_tools_vendor:/opt/ros/jazzy/opt/gz_msgs_vendor:/opt/ros/jazzy/opt/gz_common_vendor:/opt/ros/jazzy/opt/gz_math_vendor:/opt/ros/jazzy/opt/gz_utils_vendor:/opt/ros/jazzy/opt/gz_tools_vendor:/opt/ros/jazzy/opt/gz_ogre_next_vendor:/opt/ros/jazzy/opt/gz_dartsim_vendor:/opt/ros/jazzy/opt/gz_cmake_vendor:/opt/ros/jazzy /usr/bin/cmake --install /home/ubuntu/psd_ws/build/psd_vehicle_bringup
[1.733s] Level 1:colcon.colcon_core.environment:create_environment_scripts_only(psd_vehicle_bringup)
[1.733s] Level 1:colcon.colcon_core.environment:checking '/home/ubuntu/psd_ws/install/psd_vehicle_bringup' for CMake module files
[1.734s] DEBUG:colcon.colcon_core.event_handler.log_command:Invoked command in '/home/ubuntu/psd_ws/build/psd_vehicle_bringup' returned '0': CMAKE_PREFIX_PATH=/home/ubuntu/psd_ws/install/psd_vehicle_description:/home/ubuntu/psd_ws/install/psd_vehicle_bringup:/home/ubuntu/psd_ws/install/psd_gazebo_worlds:/home/ubuntu/psd_ws/install/gz_ros2_control_tests:/home/ubuntu/psd_ws/install/gz_ros2_control_demos:/home/ubuntu/psd_ws/install/gz_ros2_control:/opt/ros/jazzy/opt/gz_sim_vendor:/opt/ros/jazzy/opt/gz_sensors_vendor:/opt/ros/jazzy/opt/gz_physics_vendor:/opt/ros/jazzy/opt/sdformat_vendor:/opt/ros/jazzy/opt/gz_gui_vendor:/opt/ros/jazzy/opt/gz_transport_vendor:/opt/ros/jazzy/opt/gz_rendering_vendor:/opt/ros/jazzy/opt/gz_plugin_vendor:/opt/ros/jazzy/opt/gz_fuel_tools_vendor:/opt/ros/jazzy/opt/gz_msgs_vendor:/opt/ros/jazzy/opt/gz_common_vendor:/opt/ros/jazzy/opt/gz_math_vendor:/opt/ros/jazzy/opt/gz_utils_vendor:/opt/ros/jazzy/opt/gz_tools_vendor:/opt/ros/jazzy/opt/gz_ogre_next_vendor:/opt/ros/jazzy/opt/gz_dartsim_vendor:/opt/ros/jazzy/opt/gz_cmake_vendor:/opt/ros/jazzy /usr/bin/cmake --install /home/ubuntu/psd_ws/build/psd_vehicle_bringup
[1.734s] Level 1:colcon.colcon_core.environment:checking '/home/ubuntu/psd_ws/install/psd_vehicle_bringup' for CMake config files
[1.734s] Level 1:colcon.colcon_core.shell:create_environment_hook('psd_vehicle_bringup', 'cmake_prefix_path')
[1.734s] INFO:colcon.colcon_core.shell:Creating environment hook '/home/ubuntu/psd_ws/install/psd_vehicle_bringup/share/psd_vehicle_bringup/hook/cmake_prefix_path.ps1'
[1.735s] INFO:colcon.colcon_core.shell:Creating environment descriptor '/home/ubuntu/psd_ws/install/psd_vehicle_bringup/share/psd_vehicle_bringup/hook/cmake_prefix_path.dsv'
[1.735s] INFO:colcon.colcon_core.shell:Creating environment hook '/home/ubuntu/psd_ws/install/psd_vehicle_bringup/share/psd_vehicle_bringup/hook/cmake_prefix_path.sh'
[1.735s] Level 1:colcon.colcon_core.environment:checking '/home/ubuntu/psd_ws/install/psd_vehicle_bringup/bin'
[1.735s] Level 1:colcon.colcon_core.environment:checking '/home/ubuntu/psd_ws/install/psd_vehicle_bringup/lib/pkgconfig/psd_vehicle_bringup.pc'
[1.735s] Level 1:colcon.colcon_core.environment:checking '/home/ubuntu/psd_ws/install/psd_vehicle_bringup/lib/python3.12/site-packages'
[1.736s] Level 1:colcon.colcon_core.environment:checking '/home/ubuntu/psd_ws/install/psd_vehicle_bringup/bin'
[1.736s] INFO:colcon.colcon_core.shell:Creating package script '/home/ubuntu/psd_ws/install/psd_vehicle_bringup/share/psd_vehicle_bringup/package.ps1'
[1.736s] INFO:colcon.colcon_core.shell:Creating package descriptor '/home/ubuntu/psd_ws/install/psd_vehicle_bringup/share/psd_vehicle_bringup/package.dsv'
[1.736s] INFO:colcon.colcon_core.shell:Creating package script '/home/ubuntu/psd_ws/install/psd_vehicle_bringup/share/psd_vehicle_bringup/package.sh'
[1.736s] INFO:colcon.colcon_core.shell:Creating package script '/home/ubuntu/psd_ws/install/psd_vehicle_bringup/share/psd_vehicle_bringup/package.bash'
[1.736s] INFO:colcon.colcon_core.shell:Creating package script '/home/ubuntu/psd_ws/install/psd_vehicle_bringup/share/psd_vehicle_bringup/package.zsh'
[1.736s] Level 1:colcon.colcon_core.environment:create_file_with_runtime_dependencies(/home/ubuntu/psd_ws/install/psd_vehicle_bringup/share/colcon-core/packages/psd_vehicle_bringup)
[1.752s] Level 1:colcon.colcon_core.environment:create_environment_scripts_only(psd_vehicle_bringup)
[1.752s] Level 1:colcon.colcon_core.environment:checking '/home/ubuntu/psd_ws/install/psd_vehicle_bringup' for CMake module files
[1.753s] Level 1:colcon.colcon_core.environment:checking '/home/ubuntu/psd_ws/install/psd_vehicle_bringup' for CMake config files
[1.753s] Level 1:colcon.colcon_core.shell:create_environment_hook('psd_vehicle_bringup', 'cmake_prefix_path')
[1.753s] INFO:colcon.colcon_core.shell:Creating environment hook '/home/ubuntu/psd_ws/install/psd_vehicle_bringup/share/psd_vehicle_bringup/hook/cmake_prefix_path.ps1'
[1.754s] INFO:colcon.colcon_core.shell:Creating environment descriptor '/home/ubuntu/psd_ws/install/psd_vehicle_bringup/share/psd_vehicle_bringup/hook/cmake_prefix_path.dsv'
[1.754s] INFO:colcon.colcon_core.shell:Creating environment hook '/home/ubuntu/psd_ws/install/psd_vehicle_bringup/share/psd_vehicle_bringup/hook/cmake_prefix_path.sh'
[1.755s] Level 1:colcon.colcon_core.environment:checking '/home/ubuntu/psd_ws/install/psd_vehicle_bringup/bin'
[1.755s] Level 1:colcon.colcon_core.environment:checking '/home/ubuntu/psd_ws/install/psd_vehicle_bringup/lib/pkgconfig/psd_vehicle_bringup.pc'
[1.755s] Level 1:colcon.colcon_core.environment:checking '/home/ubuntu/psd_ws/install/psd_vehicle_bringup/lib/python3.12/site-packages'
[1.755s] Level 1:colcon.colcon_core.environment:checking '/home/ubuntu/psd_ws/install/psd_vehicle_bringup/bin'
[1.756s] INFO:colcon.colcon_core.shell:Creating package script '/home/ubuntu/psd_ws/install/psd_vehicle_bringup/share/psd_vehicle_bringup/package.ps1'
[1.756s] INFO:colcon.colcon_core.shell:Creating package descriptor '/home/ubuntu/psd_ws/install/psd_vehicle_bringup/share/psd_vehicle_bringup/package.dsv'
[1.757s] INFO:colcon.colcon_core.shell:Creating package script '/home/ubuntu/psd_ws/install/psd_vehicle_bringup/share/psd_vehicle_bringup/package.sh'
[1.757s] INFO:colcon.colcon_core.shell:Creating package script '/home/ubuntu/psd_ws/install/psd_vehicle_bringup/share/psd_vehicle_bringup/package.bash'
[1.757s] INFO:colcon.colcon_core.shell:Creating package script '/home/ubuntu/psd_ws/install/psd_vehicle_bringup/share/psd_vehicle_bringup/package.zsh'
[1.758s] Level 1:colcon.colcon_core.environment:create_file_with_runtime_dependencies(/home/ubuntu/psd_ws/install/psd_vehicle_bringup/share/colcon-core/packages/psd_vehicle_bringup)
[2.544s] DEBUG:colcon.colcon_core.event_handler.log_command:Invoked command in '/home/ubuntu/psd_ws/build/gz_ros2_control' returned '0': CMAKE_PREFIX_PATH=${CMAKE_PREFIX_PATH}:/opt/ros/jazzy /usr/bin/cmake /home/ubuntu/psd_ws/src/gz_ros2_control/gz_ros2_control -DAMENT_CMAKE_SYMLINK_INSTALL=1 -DCMAKE_INSTALL_PREFIX=/home/ubuntu/psd_ws/install/gz_ros2_control
[2.544s] DEBUG:colcon.colcon_core.event_handler.log_command:Invoking command in '/home/ubuntu/psd_ws/build/gz_ros2_control': CMAKE_PREFIX_PATH=${CMAKE_PREFIX_PATH}:/opt/ros/jazzy /usr/bin/cmake --build /home/ubuntu/psd_ws/build/gz_ros2_control -- -j20 -l20
[10.150s] DEBUG:colcon.colcon_core.event_handler.log_command:Invoked command in '/home/ubuntu/psd_ws/build/gz_ros2_control' returned '0': CMAKE_PREFIX_PATH=${CMAKE_PREFIX_PATH}:/opt/ros/jazzy /usr/bin/cmake --build /home/ubuntu/psd_ws/build/gz_ros2_control -- -j20 -l20
[10.171s] DEBUG:colcon.colcon_core.event_handler.log_command:Invoking command in '/home/ubuntu/psd_ws/build/gz_ros2_control': CMAKE_PREFIX_PATH=${CMAKE_PREFIX_PATH}:/opt/ros/jazzy /usr/bin/cmake --install /home/ubuntu/psd_ws/build/gz_ros2_control
[10.312s] Level 1:colcon.colcon_core.environment:create_environment_scripts_only(gz_ros2_control)
[10.313s] Level 1:colcon.colcon_core.environment:checking '/home/ubuntu/psd_ws/install/gz_ros2_control' for CMake module files
[10.313s] DEBUG:colcon.colcon_core.event_handler.log_command:Invoked command in '/home/ubuntu/psd_ws/build/gz_ros2_control' returned '0': CMAKE_PREFIX_PATH=${CMAKE_PREFIX_PATH}:/opt/ros/jazzy /usr/bin/cmake --install /home/ubuntu/psd_ws/build/gz_ros2_control
[10.313s] Level 1:colcon.colcon_core.environment:checking '/home/ubuntu/psd_ws/install/gz_ros2_control' for CMake config files
[10.314s] Level 1:colcon.colcon_core.shell:create_environment_hook('gz_ros2_control', 'cmake_prefix_path')
[10.314s] INFO:colcon.colcon_core.shell:Creating environment hook '/home/ubuntu/psd_ws/install/gz_ros2_control/share/gz_ros2_control/hook/cmake_prefix_path.ps1'
[10.314s] INFO:colcon.colcon_core.shell:Creating environment descriptor '/home/ubuntu/psd_ws/install/gz_ros2_control/share/gz_ros2_control/hook/cmake_prefix_path.dsv'
[10.314s] INFO:colcon.colcon_core.shell:Creating environment hook '/home/ubuntu/psd_ws/install/gz_ros2_control/share/gz_ros2_control/hook/cmake_prefix_path.sh'
[10.314s] Level 1:colcon.colcon_core.environment:checking '/home/ubuntu/psd_ws/install/gz_ros2_control/lib'
[10.314s] Level 1:colcon.colcon_core.shell:create_environment_hook('gz_ros2_control', 'ld_library_path_lib')
[10.315s] INFO:colcon.colcon_core.shell:Creating environment hook '/home/ubuntu/psd_ws/install/gz_ros2_control/share/gz_ros2_control/hook/ld_library_path_lib.ps1'
[10.315s] INFO:colcon.colcon_core.shell:Creating environment descriptor '/home/ubuntu/psd_ws/install/gz_ros2_control/share/gz_ros2_control/hook/ld_library_path_lib.dsv'
[10.315s] INFO:colcon.colcon_core.shell:Creating environment hook '/home/ubuntu/psd_ws/install/gz_ros2_control/share/gz_ros2_control/hook/ld_library_path_lib.sh'
[10.315s] Level 1:colcon.colcon_core.environment:checking '/home/ubuntu/psd_ws/install/gz_ros2_control/bin'
[10.315s] Level 1:colcon.colcon_core.environment:checking '/home/ubuntu/psd_ws/install/gz_ros2_control/lib/pkgconfig/gz_ros2_control.pc'
[10.315s] Level 1:colcon.colcon_core.environment:checking '/home/ubuntu/psd_ws/install/gz_ros2_control/lib/python3.12/site-packages'
[10.315s] Level 1:colcon.colcon_core.environment:checking '/home/ubuntu/psd_ws/install/gz_ros2_control/bin'
[10.315s] INFO:colcon.colcon_core.shell:Creating package script '/home/ubuntu/psd_ws/install/gz_ros2_control/share/gz_ros2_control/package.ps1'
[10.316s] INFO:colcon.colcon_core.shell:Creating package descriptor '/home/ubuntu/psd_ws/install/gz_ros2_control/share/gz_ros2_control/package.dsv'
[10.316s] INFO:colcon.colcon_core.shell:Creating package script '/home/ubuntu/psd_ws/install/gz_ros2_control/share/gz_ros2_control/package.sh'
[10.316s] INFO:colcon.colcon_core.shell:Creating package script '/home/ubuntu/psd_ws/install/gz_ros2_control/share/gz_ros2_control/package.bash'
[10.316s] INFO:colcon.colcon_core.shell:Creating package script '/home/ubuntu/psd_ws/install/gz_ros2_control/share/gz_ros2_control/package.zsh'
[10.316s] Level 1:colcon.colcon_core.environment:create_file_with_runtime_dependencies(/home/ubuntu/psd_ws/install/gz_ros2_control/share/colcon-core/packages/gz_ros2_control)
[10.336s] Level 1:colcon.colcon_core.environment:create_environment_scripts_only(gz_ros2_control)
[10.336s] Level 1:colcon.colcon_core.environment:checking '/home/ubuntu/psd_ws/install/gz_ros2_control' for CMake module files
[10.337s] Level 1:colcon.colcon_core.environment:checking '/home/ubuntu/psd_ws/install/gz_ros2_control' for CMake config files
[10.337s] Level 1:colcon.colcon_core.shell:create_environment_hook('gz_ros2_control', 'cmake_prefix_path')
[10.337s] INFO:colcon.colcon_core.shell:Creating environment hook '/home/ubuntu/psd_ws/install/gz_ros2_control/share/gz_ros2_control/hook/cmake_prefix_path.ps1'
[10.337s] INFO:colcon.colcon_core.shell:Creating environment descriptor '/home/ubuntu/psd_ws/install/gz_ros2_control/share/gz_ros2_control/hook/cmake_prefix_path.dsv'
[10.338s] INFO:colcon.colcon_core.shell:Creating environment hook '/home/ubuntu/psd_ws/install/gz_ros2_control/share/gz_ros2_control/hook/cmake_prefix_path.sh'
[10.338s] Level 1:colcon.colcon_core.environment:checking '/home/ubuntu/psd_ws/install/gz_ros2_control/lib'
[10.338s] Level 1:colcon.colcon_core.shell:create_environment_hook('gz_ros2_control', 'ld_library_path_lib')
[10.338s] INFO:colcon.colcon_core.shell:Creating environment hook '/home/ubuntu/psd_ws/install/gz_ros2_control/share/gz_ros2_control/hook/ld_library_path_lib.ps1'
[10.339s] INFO:colcon.colcon_core.shell:Creating environment descriptor '/home/ubuntu/psd_ws/install/gz_ros2_control/share/gz_ros2_control/hook/ld_library_path_lib.dsv'
[10.339s] INFO:colcon.colcon_core.shell:Creating environment hook '/home/ubuntu/psd_ws/install/gz_ros2_control/share/gz_ros2_control/hook/ld_library_path_lib.sh'
[10.339s] Level 1:colcon.colcon_core.environment:checking '/home/ubuntu/psd_ws/install/gz_ros2_control/bin'
[10.339s] Level 1:colcon.colcon_core.environment:checking '/home/ubuntu/psd_ws/install/gz_ros2_control/lib/pkgconfig/gz_ros2_control.pc'
[10.339s] Level 1:colcon.colcon_core.environment:checking '/home/ubuntu/psd_ws/install/gz_ros2_control/lib/python3.12/site-packages'
[10.340s] Level 1:colcon.colcon_core.environment:checking '/home/ubuntu/psd_ws/install/gz_ros2_control/bin'
[10.340s] INFO:colcon.colcon_core.shell:Creating package script '/home/ubuntu/psd_ws/install/gz_ros2_control/share/gz_ros2_control/package.ps1'
[10.340s] INFO:colcon.colcon_core.shell:Creating package descriptor '/home/ubuntu/psd_ws/install/gz_ros2_control/share/gz_ros2_control/package.dsv'
[10.341s] INFO:colcon.colcon_core.shell:Creating package script '/home/ubuntu/psd_ws/install/gz_ros2_control/share/gz_ros2_control/package.sh'
[10.341s] INFO:colcon.colcon_core.shell:Creating package script '/home/ubuntu/psd_ws/install/gz_ros2_control/share/gz_ros2_control/package.bash'
[10.341s] INFO:colcon.colcon_core.shell:Creating package script '/home/ubuntu/psd_ws/install/gz_ros2_control/share/gz_ros2_control/package.zsh'
[10.342s] Level 1:colcon.colcon_core.environment:create_file_with_runtime_dependencies(/home/ubuntu/psd_ws/install/gz_ros2_control/share/colcon-core/packages/gz_ros2_control)
[10.342s] INFO:colcon.colcon_ros.task.ament_cmake.build:Building ROS package in '/home/ubuntu/psd_ws/src/gz_ros2_control/gz_ros2_control_demos' with build type 'ament_cmake'
[10.342s] INFO:colcon.colcon_cmake.task.cmake.build:Building CMake package in '/home/ubuntu/psd_ws/src/gz_ros2_control/gz_ros2_control_demos'
[10.342s] INFO:colcon.colcon_core.shell:Skip shell extension 'powershell' for command environment: Not usable outside of PowerShell
[10.342s] DEBUG:colcon.colcon_core.shell:Skip shell extension 'dsv' for command environment
[10.346s] INFO:colcon.colcon_ros.task.ament_cmake.build:Building ROS package in '/home/ubuntu/psd_ws/src/gz_ros2_control/gz_ros2_control_tests' with build type 'ament_cmake'
[10.346s] INFO:colcon.colcon_cmake.task.cmake.build:Building CMake package in '/home/ubuntu/psd_ws/src/gz_ros2_control/gz_ros2_control_tests'
[10.347s] INFO:colcon.colcon_core.shell:Skip shell extension 'powershell' for command environment: Not usable outside of PowerShell
[10.347s] DEBUG:colcon.colcon_core.shell:Skip shell extension 'dsv' for command environment
[10.351s] DEBUG:colcon.colcon_core.event_handler.log_command:Invoking command in '/home/ubuntu/psd_ws/build/gz_ros2_control_demos': CMAKE_PREFIX_PATH=/home/ubuntu/psd_ws/install/gz_ros2_control:/home/ubuntu/psd_ws/install/psd_vehicle_bringup:/home/ubuntu/psd_ws/install/psd_vehicle_description:/home/ubuntu/psd_ws/install/psd_gazebo_worlds:/home/ubuntu/psd_ws/install/gz_ros2_control_tests:/home/ubuntu/psd_ws/install/gz_ros2_control_demos:/opt/ros/jazzy/opt/gz_sim_vendor:/opt/ros/jazzy/opt/gz_sensors_vendor:/opt/ros/jazzy/opt/gz_physics_vendor:/opt/ros/jazzy/opt/sdformat_vendor:/opt/ros/jazzy/opt/gz_gui_vendor:/opt/ros/jazzy/opt/gz_transport_vendor:/opt/ros/jazzy/opt/gz_rendering_vendor:/opt/ros/jazzy/opt/gz_plugin_vendor:/opt/ros/jazzy/opt/gz_fuel_tools_vendor:/opt/ros/jazzy/opt/gz_msgs_vendor:/opt/ros/jazzy/opt/gz_common_vendor:/opt/ros/jazzy/opt/gz_math_vendor:/opt/ros/jazzy/opt/gz_utils_vendor:/opt/ros/jazzy/opt/gz_tools_vendor:/opt/ros/jazzy/opt/gz_ogre_next_vendor:/opt/ros/jazzy/opt/gz_dartsim_vendor:/opt/ros/jazzy/opt/gz_cmake_vendor:/opt/ros/jazzy /usr/bin/cmake /home/ubuntu/psd_ws/src/gz_ros2_control/gz_ros2_control_demos -DAMENT_CMAKE_SYMLINK_INSTALL=1 -DCMAKE_INSTALL_PREFIX=/home/ubuntu/psd_ws/install/gz_ros2_control_demos
[10.353s] DEBUG:colcon.colcon_core.event_handler.log_command:Invoking command in '/home/ubuntu/psd_ws/build/gz_ros2_control_tests': CMAKE_PREFIX_PATH=/home/ubuntu/psd_ws/install/gz_ros2_control:/home/ubuntu/psd_ws/install/psd_vehicle_bringup:/home/ubuntu/psd_ws/install/psd_vehicle_description:/home/ubuntu/psd_ws/install/psd_gazebo_worlds:/home/ubuntu/psd_ws/install/gz_ros2_control_tests:/home/ubuntu/psd_ws/install/gz_ros2_control_demos:/opt/ros/jazzy/opt/gz_sim_vendor:/opt/ros/jazzy/opt/gz_sensors_vendor:/opt/ros/jazzy/opt/gz_physics_vendor:/opt/ros/jazzy/opt/sdformat_vendor:/opt/ros/jazzy/opt/gz_gui_vendor:/opt/ros/jazzy/opt/gz_transport_vendor:/opt/ros/jazzy/opt/gz_rendering_vendor:/opt/ros/jazzy/opt/gz_plugin_vendor:/opt/ros/jazzy/opt/gz_fuel_tools_vendor:/opt/ros/jazzy/opt/gz_msgs_vendor:/opt/ros/jazzy/opt/gz_common_vendor:/opt/ros/jazzy/opt/gz_math_vendor:/opt/ros/jazzy/opt/gz_utils_vendor:/opt/ros/jazzy/opt/gz_tools_vendor:/opt/ros/jazzy/opt/gz_ogre_next_vendor:/opt/ros/jazzy/opt/gz_dartsim_vendor:/opt/ros/jazzy/opt/gz_cmake_vendor:/opt/ros/jazzy /usr/bin/cmake /home/ubuntu/psd_ws/src/gz_ros2_control/gz_ros2_control_tests -DAMENT_CMAKE_SYMLINK_INSTALL=1 -DCMAKE_INSTALL_PREFIX=/home/ubuntu/psd_ws/install/gz_ros2_control_tests
[11.447s] DEBUG:colcon.colcon_core.event_handler.log_command:Invoked command in '/home/ubuntu/psd_ws/build/gz_ros2_control_demos' returned '0': CMAKE_PREFIX_PATH=/home/ubuntu/psd_ws/install/gz_ros2_control:/home/ubuntu/psd_ws/install/psd_vehicle_bringup:/home/ubuntu/psd_ws/install/psd_vehicle_description:/home/ubuntu/psd_ws/install/psd_gazebo_worlds:/home/ubuntu/psd_ws/install/gz_ros2_control_tests:/home/ubuntu/psd_ws/install/gz_ros2_control_demos:/opt/ros/jazzy/opt/gz_sim_vendor:/opt/ros/jazzy/opt/gz_sensors_vendor:/opt/ros/jazzy/opt/gz_physics_vendor:/opt/ros/jazzy/opt/sdformat_vendor:/opt/ros/jazzy/opt/gz_gui_vendor:/opt/ros/jazzy/opt/gz_transport_vendor:/opt/ros/jazzy/opt/gz_rendering_vendor:/opt/ros/jazzy/opt/gz_plugin_vendor:/opt/ros/jazzy/opt/gz_fuel_tools_vendor:/opt/ros/jazzy/opt/gz_msgs_vendor:/opt/ros/jazzy/opt/gz_common_vendor:/opt/ros/jazzy/opt/gz_math_vendor:/opt/ros/jazzy/opt/gz_utils_vendor:/opt/ros/jazzy/opt/gz_tools_vendor:/opt/ros/jazzy/opt/gz_ogre_next_vendor:/opt/ros/jazzy/opt/gz_dartsim_vendor:/opt/ros/jazzy/opt/gz_cmake_vendor:/opt/ros/jazzy /usr/bin/cmake /home/ubuntu/psd_ws/src/gz_ros2_control/gz_ros2_control_demos -DAMENT_CMAKE_SYMLINK_INSTALL=1 -DCMAKE_INSTALL_PREFIX=/home/ubuntu/psd_ws/install/gz_ros2_control_demos
[11.448s] DEBUG:colcon.colcon_core.event_handler.log_command:Invoking command in '/home/ubuntu/psd_ws/build/gz_ros2_control_demos': CMAKE_PREFIX_PATH=/home/ubuntu/psd_ws/install/gz_ros2_control:/home/ubuntu/psd_ws/install/psd_vehicle_bringup:/home/ubuntu/psd_ws/install/psd_vehicle_description:/home/ubuntu/psd_ws/install/psd_gazebo_worlds:/home/ubuntu/psd_ws/install/gz_ros2_control_tests:/home/ubuntu/psd_ws/install/gz_ros2_control_demos:/opt/ros/jazzy/opt/gz_sim_vendor:/opt/ros/jazzy/opt/gz_sensors_vendor:/opt/ros/jazzy/opt/gz_physics_vendor:/opt/ros/jazzy/opt/sdformat_vendor:/opt/ros/jazzy/opt/gz_gui_vendor:/opt/ros/jazzy/opt/gz_transport_vendor:/opt/ros/jazzy/opt/gz_rendering_vendor:/opt/ros/jazzy/opt/gz_plugin_vendor:/opt/ros/jazzy/opt/gz_fuel_tools_vendor:/opt/ros/jazzy/opt/gz_msgs_vendor:/opt/ros/jazzy/opt/gz_common_vendor:/opt/ros/jazzy/opt/gz_math_vendor:/opt/ros/jazzy/opt/gz_utils_vendor:/opt/ros/jazzy/opt/gz_tools_vendor:/opt/ros/jazzy/opt/gz_ogre_next_vendor:/opt/ros/jazzy/opt/gz_dartsim_vendor:/opt/ros/jazzy/opt/gz_cmake_vendor:/opt/ros/jazzy /usr/bin/cmake --build /home/ubuntu/psd_ws/build/gz_ros2_control_demos -- -j20 -l20
[11.568s] DEBUG:colcon.colcon_core.event_handler.log_command:Invoked command in '/home/ubuntu/psd_ws/build/gz_ros2_control_tests' returned '0': CMAKE_PREFIX_PATH=/home/ubuntu/psd_ws/install/gz_ros2_control:/home/ubuntu/psd_ws/install/psd_vehicle_bringup:/home/ubuntu/psd_ws/install/psd_vehicle_description:/home/ubuntu/psd_ws/install/psd_gazebo_worlds:/home/ubuntu/psd_ws/install/gz_ros2_control_tests:/home/ubuntu/psd_ws/install/gz_ros2_control_demos:/opt/ros/jazzy/opt/gz_sim_vendor:/opt/ros/jazzy/opt/gz_sensors_vendor:/opt/ros/jazzy/opt/gz_physics_vendor:/opt/ros/jazzy/opt/sdformat_vendor:/opt/ros/jazzy/opt/gz_gui_vendor:/opt/ros/jazzy/opt/gz_transport_vendor:/opt/ros/jazzy/opt/gz_rendering_vendor:/opt/ros/jazzy/opt/gz_plugin_vendor:/opt/ros/jazzy/opt/gz_fuel_tools_vendor:/opt/ros/jazzy/opt/gz_msgs_vendor:/opt/ros/jazzy/opt/gz_common_vendor:/opt/ros/jazzy/opt/gz_math_vendor:/opt/ros/jazzy/opt/gz_utils_vendor:/opt/ros/jazzy/opt/gz_tools_vendor:/opt/ros/jazzy/opt/gz_ogre_next_vendor:/opt/ros/jazzy/opt/gz_dartsim_vendor:/opt/ros/jazzy/opt/gz_cmake_vendor:/opt/ros/jazzy /usr/bin/cmake /home/ubuntu/psd_ws/src/gz_ros2_control/gz_ros2_control_tests -DAMENT_CMAKE_SYMLINK_INSTALL=1 -DCMAKE_INSTALL_PREFIX=/home/ubuntu/psd_ws/install/gz_ros2_control_tests
[11.569s] DEBUG:colcon.colcon_core.event_handler.log_command:Invoking command in '/home/ubuntu/psd_ws/build/gz_ros2_control_tests': CMAKE_PREFIX_PATH=/home/ubuntu/psd_ws/install/gz_ros2_control:/home/ubuntu/psd_ws/install/psd_vehicle_bringup:/home/ubuntu/psd_ws/install/psd_vehicle_description:/home/ubuntu/psd_ws/install/psd_gazebo_worlds:/home/ubuntu/psd_ws/install/gz_ros2_control_tests:/home/ubuntu/psd_ws/install/gz_ros2_control_demos:/opt/ros/jazzy/opt/gz_sim_vendor:/opt/ros/jazzy/opt/gz_sensors_vendor:/opt/ros/jazzy/opt/gz_physics_vendor:/opt/ros/jazzy/opt/sdformat_vendor:/opt/ros/jazzy/opt/gz_gui_vendor:/opt/ros/jazzy/opt/gz_transport_vendor:/opt/ros/jazzy/opt/gz_rendering_vendor:/opt/ros/jazzy/opt/gz_plugin_vendor:/opt/ros/jazzy/opt/gz_fuel_tools_vendor:/opt/ros/jazzy/opt/gz_msgs_vendor:/opt/ros/jazzy/opt/gz_common_vendor:/opt/ros/jazzy/opt/gz_math_vendor:/opt/ros/jazzy/opt/gz_utils_vendor:/opt/ros/jazzy/opt/gz_tools_vendor:/opt/ros/jazzy/opt/gz_ogre_next_vendor:/opt/ros/jazzy/opt/gz_dartsim_vendor:/opt/ros/jazzy/opt/gz_cmake_vendor:/opt/ros/jazzy /usr/bin/cmake --build /home/ubuntu/psd_ws/build/gz_ros2_control_tests -- -j20 -l20
[15.441s] DEBUG:colcon.colcon_core.event_handler.log_command:Invoked command in '/home/ubuntu/psd_ws/build/gz_ros2_control_tests' returned '0': CMAKE_PREFIX_PATH=/home/ubuntu/psd_ws/install/gz_ros2_control:/home/ubuntu/psd_ws/install/psd_vehicle_bringup:/home/ubuntu/psd_ws/install/psd_vehicle_description:/home/ubuntu/psd_ws/install/psd_gazebo_worlds:/home/ubuntu/psd_ws/install/gz_ros2_control_tests:/home/ubuntu/psd_ws/install/gz_ros2_control_demos:/opt/ros/jazzy/opt/gz_sim_vendor:/opt/ros/jazzy/opt/gz_sensors_vendor:/opt/ros/jazzy/opt/gz_physics_vendor:/opt/ros/jazzy/opt/sdformat_vendor:/opt/ros/jazzy/opt/gz_gui_vendor:/opt/ros/jazzy/opt/gz_transport_vendor:/opt/ros/jazzy/opt/gz_rendering_vendor:/opt/ros/jazzy/opt/gz_plugin_vendor:/opt/ros/jazzy/opt/gz_fuel_tools_vendor:/opt/ros/jazzy/opt/gz_msgs_vendor:/opt/ros/jazzy/opt/gz_common_vendor:/opt/ros/jazzy/opt/gz_math_vendor:/opt/ros/jazzy/opt/gz_utils_vendor:/opt/ros/jazzy/opt/gz_tools_vendor:/opt/ros/jazzy/opt/gz_ogre_next_vendor:/opt/ros/jazzy/opt/gz_dartsim_vendor:/opt/ros/jazzy/opt/gz_cmake_vendor:/opt/ros/jazzy /usr/bin/cmake --build /home/ubuntu/psd_ws/build/gz_ros2_control_tests -- -j20 -l20
[15.458s] DEBUG:colcon.colcon_core.event_handler.log_command:Invoking command in '/home/ubuntu/psd_ws/build/gz_ros2_control_tests': CMAKE_PREFIX_PATH=/home/ubuntu/psd_ws/install/gz_ros2_control:/home/ubuntu/psd_ws/install/psd_vehicle_bringup:/home/ubuntu/psd_ws/install/psd_vehicle_description:/home/ubuntu/psd_ws/install/psd_gazebo_worlds:/home/ubuntu/psd_ws/install/gz_ros2_control_tests:/home/ubuntu/psd_ws/install/gz_ros2_control_demos:/opt/ros/jazzy/opt/gz_sim_vendor:/opt/ros/jazzy/opt/gz_sensors_vendor:/opt/ros/jazzy/opt/gz_physics_vendor:/opt/ros/jazzy/opt/sdformat_vendor:/opt/ros/jazzy/opt/gz_gui_vendor:/opt/ros/jazzy/opt/gz_transport_vendor:/opt/ros/jazzy/opt/gz_rendering_vendor:/opt/ros/jazzy/opt/gz_plugin_vendor:/opt/ros/jazzy/opt/gz_fuel_tools_vendor:/opt/ros/jazzy/opt/gz_msgs_vendor:/opt/ros/jazzy/opt/gz_common_vendor:/opt/ros/jazzy/opt/gz_math_vendor:/opt/ros/jazzy/opt/gz_utils_vendor:/opt/ros/jazzy/opt/gz_tools_vendor:/opt/ros/jazzy/opt/gz_ogre_next_vendor:/opt/ros/jazzy/opt/gz_dartsim_vendor:/opt/ros/jazzy/opt/gz_cmake_vendor:/opt/ros/jazzy /usr/bin/cmake --install /home/ubuntu/psd_ws/build/gz_ros2_control_tests
[15.574s] Level 1:colcon.colcon_core.environment:create_environment_scripts_only(gz_ros2_control_tests)
[15.574s] Level 1:colcon.colcon_core.environment:checking '/home/ubuntu/psd_ws/install/gz_ros2_control_tests' for CMake module files
[15.575s] DEBUG:colcon.colcon_core.event_handler.log_command:Invoked command in '/home/ubuntu/psd_ws/build/gz_ros2_control_tests' returned '0': CMAKE_PREFIX_PATH=/home/ubuntu/psd_ws/install/gz_ros2_control:/home/ubuntu/psd_ws/install/psd_vehicle_bringup:/home/ubuntu/psd_ws/install/psd_vehicle_description:/home/ubuntu/psd_ws/install/psd_gazebo_worlds:/home/ubuntu/psd_ws/install/gz_ros2_control_tests:/home/ubuntu/psd_ws/install/gz_ros2_control_demos:/opt/ros/jazzy/opt/gz_sim_vendor:/opt/ros/jazzy/opt/gz_sensors_vendor:/opt/ros/jazzy/opt/gz_physics_vendor:/opt/ros/jazzy/opt/sdformat_vendor:/opt/ros/jazzy/opt/gz_gui_vendor:/opt/ros/jazzy/opt/gz_transport_vendor:/opt/ros/jazzy/opt/gz_rendering_vendor:/opt/ros/jazzy/opt/gz_plugin_vendor:/opt/ros/jazzy/opt/gz_fuel_tools_vendor:/opt/ros/jazzy/opt/gz_msgs_vendor:/opt/ros/jazzy/opt/gz_common_vendor:/opt/ros/jazzy/opt/gz_math_vendor:/opt/ros/jazzy/opt/gz_utils_vendor:/opt/ros/jazzy/opt/gz_tools_vendor:/opt/ros/jazzy/opt/gz_ogre_next_vendor:/opt/ros/jazzy/opt/gz_dartsim_vendor:/opt/ros/jazzy/opt/gz_cmake_vendor:/opt/ros/jazzy /usr/bin/cmake --install /home/ubuntu/psd_ws/build/gz_ros2_control_tests
[15.575s] Level 1:colcon.colcon_core.environment:checking '/home/ubuntu/psd_ws/install/gz_ros2_control_tests' for CMake config files
[15.575s] Level 1:colcon.colcon_core.shell:create_environment_hook('gz_ros2_control_tests', 'cmake_prefix_path')
[15.576s] INFO:colcon.colcon_core.shell:Creating environment hook '/home/ubuntu/psd_ws/install/gz_ros2_control_tests/share/gz_ros2_control_tests/hook/cmake_prefix_path.ps1'
[15.576s] INFO:colcon.colcon_core.shell:Creating environment descriptor '/home/ubuntu/psd_ws/install/gz_ros2_control_tests/share/gz_ros2_control_tests/hook/cmake_prefix_path.dsv'
[15.576s] INFO:colcon.colcon_core.shell:Creating environment hook '/home/ubuntu/psd_ws/install/gz_ros2_control_tests/share/gz_ros2_control_tests/hook/cmake_prefix_path.sh'
[15.577s] Level 1:colcon.colcon_core.environment:checking '/home/ubuntu/psd_ws/install/gz_ros2_control_tests/lib'
[15.577s] Level 1:colcon.colcon_core.environment:checking '/home/ubuntu/psd_ws/install/gz_ros2_control_tests/bin'
[15.577s] Level 1:colcon.colcon_core.environment:checking '/home/ubuntu/psd_ws/install/gz_ros2_control_tests/lib/pkgconfig/gz_ros2_control_tests.pc'
[15.577s] Level 1:colcon.colcon_core.environment:checking '/home/ubuntu/psd_ws/install/gz_ros2_control_tests/lib/python3.12/site-packages'
[15.577s] Level 1:colcon.colcon_core.environment:checking '/home/ubuntu/psd_ws/install/gz_ros2_control_tests/bin'
[15.577s] INFO:colcon.colcon_core.shell:Creating package script '/home/ubuntu/psd_ws/install/gz_ros2_control_tests/share/gz_ros2_control_tests/package.ps1'
[15.578s] INFO:colcon.colcon_core.shell:Creating package descriptor '/home/ubuntu/psd_ws/install/gz_ros2_control_tests/share/gz_ros2_control_tests/package.dsv'
[15.578s] INFO:colcon.colcon_core.shell:Creating package script '/home/ubuntu/psd_ws/install/gz_ros2_control_tests/share/gz_ros2_control_tests/package.sh'
[15.578s] INFO:colcon.colcon_core.shell:Creating package script '/home/ubuntu/psd_ws/install/gz_ros2_control_tests/share/gz_ros2_control_tests/package.bash'
[15.579s] INFO:colcon.colcon_core.shell:Creating package script '/home/ubuntu/psd_ws/install/gz_ros2_control_tests/share/gz_ros2_control_tests/package.zsh'
[15.579s] Level 1:colcon.colcon_core.environment:create_file_with_runtime_dependencies(/home/ubuntu/psd_ws/install/gz_ros2_control_tests/share/colcon-core/packages/gz_ros2_control_tests)
[15.595s] Level 1:colcon.colcon_core.environment:create_environment_scripts_only(gz_ros2_control_tests)
[15.595s] Level 1:colcon.colcon_core.environment:checking '/home/ubuntu/psd_ws/install/gz_ros2_control_tests' for CMake module files
[15.596s] Level 1:colcon.colcon_core.environment:checking '/home/ubuntu/psd_ws/install/gz_ros2_control_tests' for CMake config files
[15.596s] Level 1:colcon.colcon_core.shell:create_environment_hook('gz_ros2_control_tests', 'cmake_prefix_path')
[15.596s] INFO:colcon.colcon_core.shell:Creating environment hook '/home/ubuntu/psd_ws/install/gz_ros2_control_tests/share/gz_ros2_control_tests/hook/cmake_prefix_path.ps1'
[15.596s] INFO:colcon.colcon_core.shell:Creating environment descriptor '/home/ubuntu/psd_ws/install/gz_ros2_control_tests/share/gz_ros2_control_tests/hook/cmake_prefix_path.dsv'
[15.597s] INFO:colcon.colcon_core.shell:Creating environment hook '/home/ubuntu/psd_ws/install/gz_ros2_control_tests/share/gz_ros2_control_tests/hook/cmake_prefix_path.sh'
[15.597s] Level 1:colcon.colcon_core.environment:checking '/home/ubuntu/psd_ws/install/gz_ros2_control_tests/lib'
[15.597s] Level 1:colcon.colcon_core.environment:checking '/home/ubuntu/psd_ws/install/gz_ros2_control_tests/bin'
[15.597s] Level 1:colcon.colcon_core.environment:checking '/home/ubuntu/psd_ws/install/gz_ros2_control_tests/lib/pkgconfig/gz_ros2_control_tests.pc'
[15.598s] Level 1:colcon.colcon_core.environment:checking '/home/ubuntu/psd_ws/install/gz_ros2_control_tests/lib/python3.12/site-packages'
[15.598s] Level 1:colcon.colcon_core.environment:checking '/home/ubuntu/psd_ws/install/gz_ros2_control_tests/bin'
[15.598s] INFO:colcon.colcon_core.shell:Creating package script '/home/ubuntu/psd_ws/install/gz_ros2_control_tests/share/gz_ros2_control_tests/package.ps1'
[15.598s] INFO:colcon.colcon_core.shell:Creating package descriptor '/home/ubuntu/psd_ws/install/gz_ros2_control_tests/share/gz_ros2_control_tests/package.dsv'
[15.599s] INFO:colcon.colcon_core.shell:Creating package script '/home/ubuntu/psd_ws/install/gz_ros2_control_tests/share/gz_ros2_control_tests/package.sh'
[15.599s] INFO:colcon.colcon_core.shell:Creating package script '/home/ubuntu/psd_ws/install/gz_ros2_control_tests/share/gz_ros2_control_tests/package.bash'
[15.599s] INFO:colcon.colcon_core.shell:Creating package script '/home/ubuntu/psd_ws/install/gz_ros2_control_tests/share/gz_ros2_control_tests/package.zsh'
[15.599s] Level 1:colcon.colcon_core.environment:create_file_with_runtime_dependencies(/home/ubuntu/psd_ws/install/gz_ros2_control_tests/share/colcon-core/packages/gz_ros2_control_tests)
[15.917s] DEBUG:colcon.colcon_core.event_handler.log_command:Invoked command in '/home/ubuntu/psd_ws/build/gz_ros2_control_demos' returned '0': CMAKE_PREFIX_PATH=/home/ubuntu/psd_ws/install/gz_ros2_control:/home/ubuntu/psd_ws/install/psd_vehicle_bringup:/home/ubuntu/psd_ws/install/psd_vehicle_description:/home/ubuntu/psd_ws/install/psd_gazebo_worlds:/home/ubuntu/psd_ws/install/gz_ros2_control_tests:/home/ubuntu/psd_ws/install/gz_ros2_control_demos:/opt/ros/jazzy/opt/gz_sim_vendor:/opt/ros/jazzy/opt/gz_sensors_vendor:/opt/ros/jazzy/opt/gz_physics_vendor:/opt/ros/jazzy/opt/sdformat_vendor:/opt/ros/jazzy/opt/gz_gui_vendor:/opt/ros/jazzy/opt/gz_transport_vendor:/opt/ros/jazzy/opt/gz_rendering_vendor:/opt/ros/jazzy/opt/gz_plugin_vendor:/opt/ros/jazzy/opt/gz_fuel_tools_vendor:/opt/ros/jazzy/opt/gz_msgs_vendor:/opt/ros/jazzy/opt/gz_common_vendor:/opt/ros/jazzy/opt/gz_math_vendor:/opt/ros/jazzy/opt/gz_utils_vendor:/opt/ros/jazzy/opt/gz_tools_vendor:/opt/ros/jazzy/opt/gz_ogre_next_vendor:/opt/ros/jazzy/opt/gz_dartsim_vendor:/opt/ros/jazzy/opt/gz_cmake_vendor:/opt/ros/jazzy /usr/bin/cmake --build /home/ubuntu/psd_ws/build/gz_ros2_control_demos -- -j20 -l20
[15.947s] DEBUG:colcon.colcon_core.event_handler.log_command:Invoking command in '/home/ubuntu/psd_ws/build/gz_ros2_control_demos': CMAKE_PREFIX_PATH=/home/ubuntu/psd_ws/install/gz_ros2_control:/home/ubuntu/psd_ws/install/psd_vehicle_bringup:/home/ubuntu/psd_ws/install/psd_vehicle_description:/home/ubuntu/psd_ws/install/psd_gazebo_worlds:/home/ubuntu/psd_ws/install/gz_ros2_control_tests:/home/ubuntu/psd_ws/install/gz_ros2_control_demos:/opt/ros/jazzy/opt/gz_sim_vendor:/opt/ros/jazzy/opt/gz_sensors_vendor:/opt/ros/jazzy/opt/gz_physics_vendor:/opt/ros/jazzy/opt/sdformat_vendor:/opt/ros/jazzy/opt/gz_gui_vendor:/opt/ros/jazzy/opt/gz_transport_vendor:/opt/ros/jazzy/opt/gz_rendering_vendor:/opt/ros/jazzy/opt/gz_plugin_vendor:/opt/ros/jazzy/opt/gz_fuel_tools_vendor:/opt/ros/jazzy/opt/gz_msgs_vendor:/opt/ros/jazzy/opt/gz_common_vendor:/opt/ros/jazzy/opt/gz_math_vendor:/opt/ros/jazzy/opt/gz_utils_vendor:/opt/ros/jazzy/opt/gz_tools_vendor:/opt/ros/jazzy/opt/gz_ogre_next_vendor:/opt/ros/jazzy/opt/gz_dartsim_vendor:/opt/ros/jazzy/opt/gz_cmake_vendor:/opt/ros/jazzy /usr/bin/cmake --install /home/ubuntu/psd_ws/build/gz_ros2_control_demos
[16.204s] Level 1:colcon.colcon_core.environment:create_environment_scripts_only(gz_ros2_control_demos)
[16.204s] Level 1:colcon.colcon_core.environment:checking '/home/ubuntu/psd_ws/install/gz_ros2_control_demos' for CMake module files
[16.204s] DEBUG:colcon.colcon_core.event_handler.log_command:Invoked command in '/home/ubuntu/psd_ws/build/gz_ros2_control_demos' returned '0': CMAKE_PREFIX_PATH=/home/ubuntu/psd_ws/install/gz_ros2_control:/home/ubuntu/psd_ws/install/psd_vehicle_bringup:/home/ubuntu/psd_ws/install/psd_vehicle_description:/home/ubuntu/psd_ws/install/psd_gazebo_worlds:/home/ubuntu/psd_ws/install/gz_ros2_control_tests:/home/ubuntu/psd_ws/install/gz_ros2_control_demos:/opt/ros/jazzy/opt/gz_sim_vendor:/opt/ros/jazzy/opt/gz_sensors_vendor:/opt/ros/jazzy/opt/gz_physics_vendor:/opt/ros/jazzy/opt/sdformat_vendor:/opt/ros/jazzy/opt/gz_gui_vendor:/opt/ros/jazzy/opt/gz_transport_vendor:/opt/ros/jazzy/opt/gz_rendering_vendor:/opt/ros/jazzy/opt/gz_plugin_vendor:/opt/ros/jazzy/opt/gz_fuel_tools_vendor:/opt/ros/jazzy/opt/gz_msgs_vendor:/opt/ros/jazzy/opt/gz_common_vendor:/opt/ros/jazzy/opt/gz_math_vendor:/opt/ros/jazzy/opt/gz_utils_vendor:/opt/ros/jazzy/opt/gz_tools_vendor:/opt/ros/jazzy/opt/gz_ogre_next_vendor:/opt/ros/jazzy/opt/gz_dartsim_vendor:/opt/ros/jazzy/opt/gz_cmake_vendor:/opt/ros/jazzy /usr/bin/cmake --install /home/ubuntu/psd_ws/build/gz_ros2_control_demos
[16.205s] Level 1:colcon.colcon_core.environment:checking '/home/ubuntu/psd_ws/install/gz_ros2_control_demos' for CMake config files
[16.205s] Level 1:colcon.colcon_core.shell:create_environment_hook('gz_ros2_control_demos', 'cmake_prefix_path')
[16.205s] INFO:colcon.colcon_core.shell:Creating environment hook '/home/ubuntu/psd_ws/install/gz_ros2_control_demos/share/gz_ros2_control_demos/hook/cmake_prefix_path.ps1'
[16.205s] INFO:colcon.colcon_core.shell:Creating environment descriptor '/home/ubuntu/psd_ws/install/gz_ros2_control_demos/share/gz_ros2_control_demos/hook/cmake_prefix_path.dsv'
[16.205s] INFO:colcon.colcon_core.shell:Creating environment hook '/home/ubuntu/psd_ws/install/gz_ros2_control_demos/share/gz_ros2_control_demos/hook/cmake_prefix_path.sh'
[16.206s] Level 1:colcon.colcon_core.environment:checking '/home/ubuntu/psd_ws/install/gz_ros2_control_demos/lib'
[16.206s] Level 1:colcon.colcon_core.environment:checking '/home/ubuntu/psd_ws/install/gz_ros2_control_demos/bin'
[16.206s] Level 1:colcon.colcon_core.environment:checking '/home/ubuntu/psd_ws/install/gz_ros2_control_demos/lib/pkgconfig/gz_ros2_control_demos.pc'
[16.206s] Level 1:colcon.colcon_core.environment:checking '/home/ubuntu/psd_ws/install/gz_ros2_control_demos/lib/python3.12/site-packages'
[16.206s] Level 1:colcon.colcon_core.environment:checking '/home/ubuntu/psd_ws/install/gz_ros2_control_demos/bin'
[16.206s] INFO:colcon.colcon_core.shell:Creating package script '/home/ubuntu/psd_ws/install/gz_ros2_control_demos/share/gz_ros2_control_demos/package.ps1'
[16.206s] INFO:colcon.colcon_core.shell:Creating package descriptor '/home/ubuntu/psd_ws/install/gz_ros2_control_demos/share/gz_ros2_control_demos/package.dsv'
[16.207s] INFO:colcon.colcon_core.shell:Creating package script '/home/ubuntu/psd_ws/install/gz_ros2_control_demos/share/gz_ros2_control_demos/package.sh'
[16.207s] INFO:colcon.colcon_core.shell:Creating package script '/home/ubuntu/psd_ws/install/gz_ros2_control_demos/share/gz_ros2_control_demos/package.bash'
[16.207s] INFO:colcon.colcon_core.shell:Creating package script '/home/ubuntu/psd_ws/install/gz_ros2_control_demos/share/gz_ros2_control_demos/package.zsh'
[16.207s] Level 1:colcon.colcon_core.environment:create_file_with_runtime_dependencies(/home/ubuntu/psd_ws/install/gz_ros2_control_demos/share/colcon-core/packages/gz_ros2_control_demos)
[16.234s] Level 1:colcon.colcon_core.environment:create_environment_scripts_only(gz_ros2_control_demos)
[16.234s] Level 1:colcon.colcon_core.environment:checking '/home/ubuntu/psd_ws/install/gz_ros2_control_demos' for CMake module files
[16.235s] Level 1:colcon.colcon_core.environment:checking '/home/ubuntu/psd_ws/install/gz_ros2_control_demos' for CMake config files
[16.235s] Level 1:colcon.colcon_core.shell:create_environment_hook('gz_ros2_control_demos', 'cmake_prefix_path')
[16.235s] INFO:colcon.colcon_core.shell:Creating environment hook '/home/ubuntu/psd_ws/install/gz_ros2_control_demos/share/gz_ros2_control_demos/hook/cmake_prefix_path.ps1'
[16.235s] INFO:colcon.colcon_core.shell:Creating environment descriptor '/home/ubuntu/psd_ws/install/gz_ros2_control_demos/share/gz_ros2_control_demos/hook/cmake_prefix_path.dsv'
[16.235s] INFO:colcon.colcon_core.shell:Creating environment hook '/home/ubuntu/psd_ws/install/gz_ros2_control_demos/share/gz_ros2_control_demos/hook/cmake_prefix_path.sh'
[16.235s] Level 1:colcon.colcon_core.environment:checking '/home/ubuntu/psd_ws/install/gz_ros2_control_demos/lib'
[16.235s] Level 1:colcon.colcon_core.environment:checking '/home/ubuntu/psd_ws/install/gz_ros2_control_demos/bin'
[16.235s] Level 1:colcon.colcon_core.environment:checking '/home/ubuntu/psd_ws/install/gz_ros2_control_demos/lib/pkgconfig/gz_ros2_control_demos.pc'
[16.236s] Level 1:colcon.colcon_core.environment:checking '/home/ubuntu/psd_ws/install/gz_ros2_control_demos/lib/python3.12/site-packages'
[16.236s] Level 1:colcon.colcon_core.environment:checking '/home/ubuntu/psd_ws/install/gz_ros2_control_demos/bin'
[16.236s] INFO:colcon.colcon_core.shell:Creating package script '/home/ubuntu/psd_ws/install/gz_ros2_control_demos/share/gz_ros2_control_demos/package.ps1'
[16.236s] INFO:colcon.colcon_core.shell:Creating package descriptor '/home/ubuntu/psd_ws/install/gz_ros2_control_demos/share/gz_ros2_control_demos/package.dsv'
[16.236s] INFO:colcon.colcon_core.shell:Creating package script '/home/ubuntu/psd_ws/install/gz_ros2_control_demos/share/gz_ros2_control_demos/package.sh'
[16.236s] INFO:colcon.colcon_core.shell:Creating package script '/home/ubuntu/psd_ws/install/gz_ros2_control_demos/share/gz_ros2_control_demos/package.bash'
[16.236s] INFO:colcon.colcon_core.shell:Creating package script '/home/ubuntu/psd_ws/install/gz_ros2_control_demos/share/gz_ros2_control_demos/package.zsh'
[16.237s] Level 1:colcon.colcon_core.environment:create_file_with_runtime_dependencies(/home/ubuntu/psd_ws/install/gz_ros2_control_demos/share/colcon-core/packages/gz_ros2_control_demos)
[16.237s] DEBUG:colcon.colcon_parallel_executor.executor.parallel:closing loop
[16.237s] DEBUG:colcon.colcon_parallel_executor.executor.parallel:loop closed
[16.237s] DEBUG:colcon.colcon_parallel_executor.executor.parallel:run_until_complete finished with '0'
[16.237s] DEBUG:colcon.colcon_core.event_reactor:joining thread
[16.240s] INFO:colcon.colcon_core.plugin_system:Skipping extension 'colcon_notification.desktop_notification.notify_send': Could not find 'notify-send'
[16.240s] INFO:colcon.colcon_core.plugin_system:Skipping extension 'colcon_notification.desktop_notification.terminal_notifier': Not used on non-Darwin systems
[16.240s] INFO:colcon.colcon_core.plugin_system:Skipping extension 'colcon_notification.desktop_notification.win32': Not used on non-Windows systems
[16.240s] INFO:colcon.colcon_notification.desktop_notification:Sending desktop notification using 'notify2'
[16.242s] DEBUG:colcon.colcon_notification.desktop_notification.notify2:Failed to initialize notify2: org.freedesktop.DBus.Error.Spawn.ExecFailed: /usr/bin/dbus-launch terminated abnormally without any error message
[16.242s] DEBUG:colcon.colcon_core.event_reactor:joined thread
[16.242s] INFO:colcon.colcon_core.shell:Creating prefix script '/home/ubuntu/psd_ws/install/local_setup.ps1'
[16.242s] INFO:colcon.colcon_core.shell:Creating prefix util module '/home/ubuntu/psd_ws/install/_local_setup_util_ps1.py'
[16.243s] INFO:colcon.colcon_core.shell:Creating prefix chain script '/home/ubuntu/psd_ws/install/setup.ps1'
[16.243s] INFO:colcon.colcon_core.shell:Creating prefix script '/home/ubuntu/psd_ws/install/local_setup.sh'
[16.244s] INFO:colcon.colcon_core.shell:Creating prefix util module '/home/ubuntu/psd_ws/install/_local_setup_util_sh.py'
[16.244s] INFO:colcon.colcon_core.shell:Creating prefix chain script '/home/ubuntu/psd_ws/install/setup.sh'
[16.244s] INFO:colcon.colcon_core.shell:Creating prefix script '/home/ubuntu/psd_ws/install/local_setup.bash'
[16.245s] INFO:colcon.colcon_core.shell:Creating prefix chain script '/home/ubuntu/psd_ws/install/setup.bash'
[16.245s] INFO:colcon.colcon_core.shell:Creating prefix script '/home/ubuntu/psd_ws/install/local_setup.zsh'
[16.245s] INFO:colcon.colcon_core.shell:Creating prefix chain script '/home/ubuntu/psd_ws/install/setup.zsh'
