-- The CXX compiler identification is GNU 11.4.0
-- Detecting CXX compiler ABI info
-- Detecting CXX compiler ABI info - done
-- Check for working CXX compiler: /usr/bin/c++ - skipped
-- Detecting CXX compile features
-- Detecting CXX compile features - done
-- Found ament_cmake: 1.3.8 (/opt/ros/humble/share/ament_cmake/cmake)
-- Found Python3: /usr/bin/python3 (found version "3.10.12") found components: Interpreter 
-- Override CMake install command with custom implementation using symlinks instead of copying resources
-- Found hardware_interface: 2.40.0 (/home/psd/psd_ws/install/hardware_interface/share/hardware_interface/cmake)
-- Found rosidl_generator_c: 3.1.5 (/opt/ros/humble/share/rosidl_generator_c/cmake)
-- Found rosidl_adapter: 3.1.5 (/opt/ros/humble/share/rosidl_adapter/cmake)
-- Found rosidl_generator_cpp: 3.1.5 (/opt/ros/humble/share/rosidl_generator_cpp/cmake)
-- Using all available rosidl_typesupport_c: rosidl_typesupport_fastrtps_c;rosidl_typesupport_introspection_c
-- Using all available rosidl_typesupport_cpp: rosidl_typesupport_fastrtps_cpp;rosidl_typesupport_introspection_cpp
-- Found rmw_implementation_cmake: 6.1.1 (/opt/ros/humble/share/rmw_implementation_cmake/cmake)
-- Found rmw_fastrtps_cpp: 6.2.6 (/opt/ros/humble/share/rmw_fastrtps_cpp/cmake)
-- Found TinyXML2 via Config file: TinyXML2_DIR-NOTFOUND
-- Found OpenSSL: /usr/lib/x86_64-linux-gnu/libcrypto.so (found version "3.0.2")  
-- Found TinyXML2 via Config file: TinyXML2_DIR-NOTFOUND
-- Found FastRTPS: /opt/ros/humble/include  
-- Found TinyXML2 via Config file: TinyXML2_DIR-NOTFOUND
-- Found TinyXML2 via Config file: TinyXML2_DIR-NOTFOUND
-- Using RMW implementation 'rmw_fastrtps_cpp' as default
-- Looking for C++ include pthread.h
-- Looking for C++ include pthread.h - found
-- Performing Test CMAKE_HAVE_LIBC_PTHREAD
-- Performing Test CMAKE_HAVE_LIBC_PTHREAD - Success
-- Found Threads: TRUE  
-- Found ament_cmake_pytest: 1.3.8 (/opt/ros/humble/share/ament_cmake_pytest/cmake)
-- Configuring done
-- Generating done
-- Build files have been written to: /home/psd/psd_ws/build/ros2_control_demo_example_4
[ 50%] [32mBuilding CXX object CMakeFiles/ros2_control_demo_example_4.dir/hardware/rrbot_system_with_sensor.cpp.o[0m
[100%] [32m[1mLinking CXX shared library libros2_control_demo_example_4.so[0m
[100%] Built target ros2_control_demo_example_4
-- Install configuration: ""
-- Execute custom install script
-- Symlinking: /home/psd/psd_ws/install/ros2_control_demo_example_4/share/ros2_control_demo_example_4//ros2_control_demo_example_4.xml
-- Symlinking: /home/psd/psd_ws/install/ros2_control_demo_example_4/include/ros2_control_demo_example_4/ros2_control_demo_example_4/rrbot_system_with_sensor.hpp
-- Symlinking: /home/psd/psd_ws/install/ros2_control_demo_example_4/include/ros2_control_demo_example_4/ros2_control_demo_example_4/visibility_control.h
-- Symlinking: /home/psd/psd_ws/install/ros2_control_demo_example_4/share/ros2_control_demo_example_4/launch/view_robot.launch.py
-- Symlinking: /home/psd/psd_ws/install/ros2_control_demo_example_4/share/ros2_control_demo_example_4/ros2_control/rrbot_system_with_sensor.ros2_control.xacro
-- Symlinking: /home/psd/psd_ws/install/ros2_control_demo_example_4/share/ros2_control_demo_example_4/urdf/rrbot_system_with_sensor.urdf.xacro
-- Symlinking: /home/psd/psd_ws/install/ros2_control_demo_example_4/share/ros2_control_demo_example_4/rviz/rrbot.rviz
-- Symlinking: /home/psd/psd_ws/install/ros2_control_demo_example_4/share/ros2_control_demo_example_4/launch/rrbot_system_with_sensor.launch.py
-- Symlinking: /home/psd/psd_ws/install/ros2_control_demo_example_4/share/ros2_control_demo_example_4/launch/test_forward_position_controller.launch.py
-- Symlinking: /home/psd/psd_ws/install/ros2_control_demo_example_4/share/ros2_control_demo_example_4/config/rrbot_forward_position_publisher.yaml
-- Symlinking: /home/psd/psd_ws/install/ros2_control_demo_example_4/share/ros2_control_demo_example_4/config/rrbot_with_sensor_controllers.yaml
-- Symlinking: /home/psd/psd_ws/install/ros2_control_demo_example_4/share/ros2_control_demo_example_4/environment/library_path.sh
-- Symlinking: /home/psd/psd_ws/install/ros2_control_demo_example_4/share/ros2_control_demo_example_4/environment/library_path.dsv
-- Symlinking: /home/psd/psd_ws/install/ros2_control_demo_example_4/share/ament_index/resource_index/package_run_dependencies/ros2_control_demo_example_4
-- Symlinking: /home/psd/psd_ws/install/ros2_control_demo_example_4/share/ament_index/resource_index/parent_prefix_path/ros2_control_demo_example_4
-- Symlinking: /home/psd/psd_ws/install/ros2_control_demo_example_4/share/ros2_control_demo_example_4/environment/ament_prefix_path.sh
-- Symlinking: /home/psd/psd_ws/install/ros2_control_demo_example_4/share/ros2_control_demo_example_4/environment/ament_prefix_path.dsv
-- Symlinking: /home/psd/psd_ws/install/ros2_control_demo_example_4/share/ros2_control_demo_example_4/environment/path.sh
-- Symlinking: /home/psd/psd_ws/install/ros2_control_demo_example_4/share/ros2_control_demo_example_4/environment/path.dsv
-- Symlinking: /home/psd/psd_ws/install/ros2_control_demo_example_4/share/ros2_control_demo_example_4/local_setup.bash
-- Symlinking: /home/psd/psd_ws/install/ros2_control_demo_example_4/share/ros2_control_demo_example_4/local_setup.sh
-- Symlinking: /home/psd/psd_ws/install/ros2_control_demo_example_4/share/ros2_control_demo_example_4/local_setup.zsh
-- Symlinking: /home/psd/psd_ws/install/ros2_control_demo_example_4/share/ros2_control_demo_example_4/local_setup.dsv
-- Symlinking: /home/psd/psd_ws/install/ros2_control_demo_example_4/share/ros2_control_demo_example_4/package.dsv
-- Symlinking: /home/psd/psd_ws/install/ros2_control_demo_example_4/share/ament_index/resource_index/packages/ros2_control_demo_example_4
-- Symlinking: /home/psd/psd_ws/install/ros2_control_demo_example_4/share/ament_index/resource_index/hardware_interface__pluginlib__plugin/ros2_control_demo_example_4
-- Symlinking: /home/psd/psd_ws/install/ros2_control_demo_example_4/share/ros2_control_demo_example_4/cmake/ament_cmake_export_targets-extras.cmake
-- Symlinking: /home/psd/psd_ws/install/ros2_control_demo_example_4/share/ros2_control_demo_example_4/cmake/ament_cmake_export_dependencies-extras.cmake
-- Symlinking: /home/psd/psd_ws/install/ros2_control_demo_example_4/share/ros2_control_demo_example_4/cmake/ros2_control_demo_example_4Config.cmake
-- Symlinking: /home/psd/psd_ws/install/ros2_control_demo_example_4/share/ros2_control_demo_example_4/cmake/ros2_control_demo_example_4Config-version.cmake
-- Symlinking: /home/psd/psd_ws/install/ros2_control_demo_example_4/share/ros2_control_demo_example_4/package.xml
-- Installing: /home/psd/psd_ws/install/ros2_control_demo_example_4/lib/libros2_control_demo_example_4.so
-- Set runtime path of "/home/psd/psd_ws/install/ros2_control_demo_example_4/lib/libros2_control_demo_example_4.so" to ""
-- Installing: /home/psd/psd_ws/install/ros2_control_demo_example_4/share/ros2_control_demo_example_4/cmake/export_ros2_control_demo_example_4Export.cmake
-- Installing: /home/psd/psd_ws/install/ros2_control_demo_example_4/share/ros2_control_demo_example_4/cmake/export_ros2_control_demo_example_4Export-noconfig.cmake
