[0.009s] Invoking command in '/home/psd/psd_ws/build/transmission_interface': AMENT_PREFIX_PATH=/home/psd/psd_ws/install/hardware_interface:/home/psd/psd_ws/install/control_msgs:${AMENT_PREFIX_PATH} CMAKE_PREFIX_PATH=/home/psd/psd_ws/install/hardware_interface:/home/psd/psd_ws/install/control_msgs:/opt/ros/humble LD_LIBRARY_PATH=/home/psd/psd_ws/install/hardware_interface/lib:/home/psd/psd_ws/install/control_msgs/lib:${LD_LIBRARY_PATH} PYTHONPATH=/home/psd/psd_ws/install/control_msgs/local/lib/python3.10/dist-packages:${PYTHONPATH} /usr/bin/cmake --build /home/psd/psd_ws/build/transmission_interface -- -j20 -l20
[0.050s] [  8%] Built target gmock_main
[0.050s] [ 26%] Built target transmission_interface
[0.051s] [ 39%] Built target gmock
[0.076s] [ 47%] Built target test_simple_transmission_loader
[0.077s] [ 56%] Built target test_four_bar_linkage_transmission_loader
[0.077s] [ 65%] Built target test_simple_transmission
[0.078s] [ 82%] Built target test_differential_transmission
[0.078s] [ 82%] Built target test_utils
[0.079s] [ 91%] Built target test_four_bar_linkage_transmission
[0.079s] [100%] Built target test_differential_transmission_loader
[0.088s] Invoked command in '/home/psd/psd_ws/build/transmission_interface' returned '0': AMENT_PREFIX_PATH=/home/psd/psd_ws/install/hardware_interface:/home/psd/psd_ws/install/control_msgs:${AMENT_PREFIX_PATH} CMAKE_PREFIX_PATH=/home/psd/psd_ws/install/hardware_interface:/home/psd/psd_ws/install/control_msgs:/opt/ros/humble LD_LIBRARY_PATH=/home/psd/psd_ws/install/hardware_interface/lib:/home/psd/psd_ws/install/control_msgs/lib:${LD_LIBRARY_PATH} PYTHONPATH=/home/psd/psd_ws/install/control_msgs/local/lib/python3.10/dist-packages:${PYTHONPATH} /usr/bin/cmake --build /home/psd/psd_ws/build/transmission_interface -- -j20 -l20
[0.124s] Invoking command in '/home/psd/psd_ws/build/transmission_interface': AMENT_PREFIX_PATH=/home/psd/psd_ws/install/hardware_interface:/home/psd/psd_ws/install/control_msgs:${AMENT_PREFIX_PATH} CMAKE_PREFIX_PATH=/home/psd/psd_ws/install/hardware_interface:/home/psd/psd_ws/install/control_msgs:/opt/ros/humble LD_LIBRARY_PATH=/home/psd/psd_ws/install/hardware_interface/lib:/home/psd/psd_ws/install/control_msgs/lib:${LD_LIBRARY_PATH} PYTHONPATH=/home/psd/psd_ws/install/control_msgs/local/lib/python3.10/dist-packages:${PYTHONPATH} /usr/bin/cmake --install /home/psd/psd_ws/build/transmission_interface
[0.130s] -- Install configuration: ""
[0.130s] -- Up-to-date: /home/psd/psd_ws/install/transmission_interface/include
[0.130s] -- Up-to-date: /home/psd/psd_ws/install/transmission_interface/include/transmission_interface
[0.130s] -- Up-to-date: /home/psd/psd_ws/install/transmission_interface/include/transmission_interface/simple_transmission_loader.hpp
[0.130s] -- Up-to-date: /home/psd/psd_ws/install/transmission_interface/include/transmission_interface/four_bar_linkage_transmission.hpp
[0.130s] -- Up-to-date: /home/psd/psd_ws/install/transmission_interface/include/transmission_interface/differential_transmission_loader.hpp
[0.131s] -- Up-to-date: /home/psd/psd_ws/install/transmission_interface/include/transmission_interface/accessor.hpp
[0.131s] -- Up-to-date: /home/psd/psd_ws/install/transmission_interface/include/transmission_interface/differential_transmission.hpp
[0.131s] -- Up-to-date: /home/psd/psd_ws/install/transmission_interface/include/transmission_interface/four_bar_linkage_transmission_loader.hpp
[0.131s] -- Up-to-date: /home/psd/psd_ws/install/transmission_interface/include/transmission_interface/transmission.hpp
[0.131s] -- Up-to-date: /home/psd/psd_ws/install/transmission_interface/include/transmission_interface/visibility_control.h
[0.131s] -- Up-to-date: /home/psd/psd_ws/install/transmission_interface/include/transmission_interface/exception.hpp
[0.131s] -- Up-to-date: /home/psd/psd_ws/install/transmission_interface/include/transmission_interface/transmission_interface_exception.hpp
[0.131s] -- Up-to-date: /home/psd/psd_ws/install/transmission_interface/include/transmission_interface/simple_transmission.hpp
[0.131s] -- Up-to-date: /home/psd/psd_ws/install/transmission_interface/include/transmission_interface/handle.hpp
[0.131s] -- Up-to-date: /home/psd/psd_ws/install/transmission_interface/include/transmission_interface/transmission_loader.hpp
[0.131s] -- Up-to-date: /home/psd/psd_ws/install/transmission_interface/share/transmission_interface/ros2_control_plugins.xml
[0.131s] -- Up-to-date: /home/psd/psd_ws/install/transmission_interface/lib/libtransmission_interface.so
[0.131s] -- Up-to-date: /home/psd/psd_ws/install/transmission_interface/share/transmission_interface/environment/library_path.sh
[0.131s] -- Up-to-date: /home/psd/psd_ws/install/transmission_interface/share/transmission_interface/environment/library_path.dsv
[0.131s] -- Up-to-date: /home/psd/psd_ws/install/transmission_interface/share/ament_index/resource_index/package_run_dependencies/transmission_interface
[0.131s] -- Up-to-date: /home/psd/psd_ws/install/transmission_interface/share/ament_index/resource_index/parent_prefix_path/transmission_interface
[0.131s] -- Up-to-date: /home/psd/psd_ws/install/transmission_interface/share/transmission_interface/environment/ament_prefix_path.sh
[0.131s] -- Up-to-date: /home/psd/psd_ws/install/transmission_interface/share/transmission_interface/environment/ament_prefix_path.dsv
[0.131s] -- Up-to-date: /home/psd/psd_ws/install/transmission_interface/share/transmission_interface/environment/path.sh
[0.131s] -- Up-to-date: /home/psd/psd_ws/install/transmission_interface/share/transmission_interface/environment/path.dsv
[0.131s] -- Up-to-date: /home/psd/psd_ws/install/transmission_interface/share/transmission_interface/local_setup.bash
[0.131s] -- Up-to-date: /home/psd/psd_ws/install/transmission_interface/share/transmission_interface/local_setup.sh
[0.131s] -- Up-to-date: /home/psd/psd_ws/install/transmission_interface/share/transmission_interface/local_setup.zsh
[0.131s] -- Up-to-date: /home/psd/psd_ws/install/transmission_interface/share/transmission_interface/local_setup.dsv
[0.131s] -- Installing: /home/psd/psd_ws/install/transmission_interface/share/transmission_interface/package.dsv
[0.132s] -- Up-to-date: /home/psd/psd_ws/install/transmission_interface/share/ament_index/resource_index/packages/transmission_interface
[0.132s] -- Up-to-date: /home/psd/psd_ws/install/transmission_interface/share/ament_index/resource_index/transmission_interface__pluginlib__plugin/transmission_interface
[0.132s] -- Up-to-date: /home/psd/psd_ws/install/transmission_interface/share/transmission_interface/cmake/ament_cmake_export_include_directories-extras.cmake
[0.132s] -- Up-to-date: /home/psd/psd_ws/install/transmission_interface/share/transmission_interface/cmake/ament_cmake_export_dependencies-extras.cmake
[0.132s] -- Up-to-date: /home/psd/psd_ws/install/transmission_interface/share/transmission_interface/cmake/ament_cmake_export_libraries-extras.cmake
[0.132s] -- Up-to-date: /home/psd/psd_ws/install/transmission_interface/share/transmission_interface/cmake/transmission_interfaceConfig.cmake
[0.132s] -- Up-to-date: /home/psd/psd_ws/install/transmission_interface/share/transmission_interface/cmake/transmission_interfaceConfig-version.cmake
[0.133s] -- Up-to-date: /home/psd/psd_ws/install/transmission_interface/share/transmission_interface/package.xml
[0.138s] Invoked command in '/home/psd/psd_ws/build/transmission_interface' returned '0': AMENT_PREFIX_PATH=/home/psd/psd_ws/install/hardware_interface:/home/psd/psd_ws/install/control_msgs:${AMENT_PREFIX_PATH} CMAKE_PREFIX_PATH=/home/psd/psd_ws/install/hardware_interface:/home/psd/psd_ws/install/control_msgs:/opt/ros/humble LD_LIBRARY_PATH=/home/psd/psd_ws/install/hardware_interface/lib:/home/psd/psd_ws/install/control_msgs/lib:${LD_LIBRARY_PATH} PYTHONPATH=/home/psd/psd_ws/install/control_msgs/local/lib/python3.10/dist-packages:${PYTHONPATH} /usr/bin/cmake --install /home/psd/psd_ws/build/transmission_interface
