[0.026s] Invoking command in '/home/psd/psd_ws/build/admittance_controller': AMENT_PREFIX_PATH=/home/psd/psd_ws/install/joint_trajectory_controller:/home/psd/psd_ws/install/controller_manager:/home/psd/psd_ws/install/hardware_interface_testing:/home/psd/psd_ws/install/controller_interface:/home/psd/psd_ws/install/hardware_interface:/home/psd/psd_ws/install/ros2_control_test_assets:/home/psd/psd_ws/install/realtime_tools:/home/psd/psd_ws/install/controller_manager_msgs:/home/psd/psd_ws/install/control_msgs:${AMENT_PREFIX_PATH} CMAKE_PREFIX_PATH=/home/psd/psd_ws/install/joint_trajectory_controller:/home/psd/psd_ws/install/controller_manager:/home/psd/psd_ws/install/hardware_interface_testing:/home/psd/psd_ws/install/controller_interface:/home/psd/psd_ws/install/hardware_interface:/home/psd/psd_ws/install/ros2_control_test_assets:/home/psd/psd_ws/install/realtime_tools:/home/psd/psd_ws/install/controller_manager_msgs:/home/psd/psd_ws/install/control_msgs:/opt/ros/humble LD_LIBRARY_PATH=/home/psd/psd_ws/install/joint_trajectory_controller/lib:/home/psd/psd_ws/install/controller_manager/lib:/home/psd/psd_ws/install/hardware_interface_testing/lib:/home/psd/psd_ws/install/controller_interface/lib:/home/psd/psd_ws/install/hardware_interface/lib:/home/psd/psd_ws/install/realtime_tools/lib:/home/psd/psd_ws/install/controller_manager_msgs/lib:/home/psd/psd_ws/install/control_msgs/lib:${LD_LIBRARY_PATH} PYTHONPATH=/home/psd/psd_ws/install/controller_manager/local/lib/python3.10/dist-packages:/home/psd/psd_ws/install/controller_manager_msgs/local/lib/python3.10/dist-packages:/home/psd/psd_ws/install/control_msgs/local/lib/python3.10/dist-packages:${PYTHONPATH} /usr/bin/cmake --build /home/psd/psd_ws/build/admittance_controller -- -j20 -l20
[0.070s] [ 10%] Built target admittance_controller_parameters
[0.078s] [ 40%] Built target gmock
[0.096s] [ 60%] Built target admittance_controller
[0.105s] [ 80%] Built target test_load_admittance_controller
[0.123s] [100%] Built target test_admittance_controller
[0.131s] Invoked command in '/home/psd/psd_ws/build/admittance_controller' returned '0': AMENT_PREFIX_PATH=/home/psd/psd_ws/install/joint_trajectory_controller:/home/psd/psd_ws/install/controller_manager:/home/psd/psd_ws/install/hardware_interface_testing:/home/psd/psd_ws/install/controller_interface:/home/psd/psd_ws/install/hardware_interface:/home/psd/psd_ws/install/ros2_control_test_assets:/home/psd/psd_ws/install/realtime_tools:/home/psd/psd_ws/install/controller_manager_msgs:/home/psd/psd_ws/install/control_msgs:${AMENT_PREFIX_PATH} CMAKE_PREFIX_PATH=/home/psd/psd_ws/install/joint_trajectory_controller:/home/psd/psd_ws/install/controller_manager:/home/psd/psd_ws/install/hardware_interface_testing:/home/psd/psd_ws/install/controller_interface:/home/psd/psd_ws/install/hardware_interface:/home/psd/psd_ws/install/ros2_control_test_assets:/home/psd/psd_ws/install/realtime_tools:/home/psd/psd_ws/install/controller_manager_msgs:/home/psd/psd_ws/install/control_msgs:/opt/ros/humble LD_LIBRARY_PATH=/home/psd/psd_ws/install/joint_trajectory_controller/lib:/home/psd/psd_ws/install/controller_manager/lib:/home/psd/psd_ws/install/hardware_interface_testing/lib:/home/psd/psd_ws/install/controller_interface/lib:/home/psd/psd_ws/install/hardware_interface/lib:/home/psd/psd_ws/install/realtime_tools/lib:/home/psd/psd_ws/install/controller_manager_msgs/lib:/home/psd/psd_ws/install/control_msgs/lib:${LD_LIBRARY_PATH} PYTHONPATH=/home/psd/psd_ws/install/controller_manager/local/lib/python3.10/dist-packages:/home/psd/psd_ws/install/controller_manager_msgs/local/lib/python3.10/dist-packages:/home/psd/psd_ws/install/control_msgs/local/lib/python3.10/dist-packages:${PYTHONPATH} /usr/bin/cmake --build /home/psd/psd_ws/build/admittance_controller -- -j20 -l20
[0.154s] Invoking command in '/home/psd/psd_ws/build/admittance_controller': AMENT_PREFIX_PATH=/home/psd/psd_ws/install/joint_trajectory_controller:/home/psd/psd_ws/install/controller_manager:/home/psd/psd_ws/install/hardware_interface_testing:/home/psd/psd_ws/install/controller_interface:/home/psd/psd_ws/install/hardware_interface:/home/psd/psd_ws/install/ros2_control_test_assets:/home/psd/psd_ws/install/realtime_tools:/home/psd/psd_ws/install/controller_manager_msgs:/home/psd/psd_ws/install/control_msgs:${AMENT_PREFIX_PATH} CMAKE_PREFIX_PATH=/home/psd/psd_ws/install/joint_trajectory_controller:/home/psd/psd_ws/install/controller_manager:/home/psd/psd_ws/install/hardware_interface_testing:/home/psd/psd_ws/install/controller_interface:/home/psd/psd_ws/install/hardware_interface:/home/psd/psd_ws/install/ros2_control_test_assets:/home/psd/psd_ws/install/realtime_tools:/home/psd/psd_ws/install/controller_manager_msgs:/home/psd/psd_ws/install/control_msgs:/opt/ros/humble LD_LIBRARY_PATH=/home/psd/psd_ws/install/joint_trajectory_controller/lib:/home/psd/psd_ws/install/controller_manager/lib:/home/psd/psd_ws/install/hardware_interface_testing/lib:/home/psd/psd_ws/install/controller_interface/lib:/home/psd/psd_ws/install/hardware_interface/lib:/home/psd/psd_ws/install/realtime_tools/lib:/home/psd/psd_ws/install/controller_manager_msgs/lib:/home/psd/psd_ws/install/control_msgs/lib:${LD_LIBRARY_PATH} PYTHONPATH=/home/psd/psd_ws/install/controller_manager/local/lib/python3.10/dist-packages:/home/psd/psd_ws/install/controller_manager_msgs/local/lib/python3.10/dist-packages:/home/psd/psd_ws/install/control_msgs/local/lib/python3.10/dist-packages:${PYTHONPATH} /usr/bin/cmake --install /home/psd/psd_ws/build/admittance_controller
[0.163s] -- Install configuration: ""
[0.163s] -- Up-to-date: /home/psd/psd_ws/install/admittance_controller/include/admittance_controller_parameters
[0.163s] -- Up-to-date: /home/psd/psd_ws/install/admittance_controller/include/admittance_controller_parameters/admittance_controller_parameters.hpp
[0.163s] -- Up-to-date: /home/psd/psd_ws/install/admittance_controller/share/admittance_controller/admittance_controller.xml
[0.163s] -- Up-to-date: /home/psd/psd_ws/install/admittance_controller/include/admittance_controller
[0.164s] -- Up-to-date: /home/psd/psd_ws/install/admittance_controller/include/admittance_controller/admittance_controller
[0.164s] -- Up-to-date: /home/psd/psd_ws/install/admittance_controller/include/admittance_controller/admittance_controller/admittance_controller.hpp
[0.164s] -- Up-to-date: /home/psd/psd_ws/install/admittance_controller/include/admittance_controller/admittance_controller/visibility_control.h
[0.164s] -- Up-to-date: /home/psd/psd_ws/install/admittance_controller/include/admittance_controller/admittance_controller/admittance_rule_impl.hpp
[0.164s] -- Up-to-date: /home/psd/psd_ws/install/admittance_controller/include/admittance_controller/admittance_controller/admittance_rule.hpp
[0.164s] -- Up-to-date: /home/psd/psd_ws/install/admittance_controller/lib/libadmittance_controller.so
[0.164s] -- Up-to-date: /home/psd/psd_ws/install/admittance_controller/share/admittance_controller/environment/library_path.sh
[0.164s] -- Up-to-date: /home/psd/psd_ws/install/admittance_controller/share/admittance_controller/environment/library_path.dsv
[0.164s] -- Up-to-date: /home/psd/psd_ws/install/admittance_controller/share/ament_index/resource_index/package_run_dependencies/admittance_controller
[0.164s] -- Up-to-date: /home/psd/psd_ws/install/admittance_controller/share/ament_index/resource_index/parent_prefix_path/admittance_controller
[0.164s] -- Up-to-date: /home/psd/psd_ws/install/admittance_controller/share/admittance_controller/environment/ament_prefix_path.sh
[0.164s] -- Up-to-date: /home/psd/psd_ws/install/admittance_controller/share/admittance_controller/environment/ament_prefix_path.dsv
[0.164s] -- Up-to-date: /home/psd/psd_ws/install/admittance_controller/share/admittance_controller/environment/path.sh
[0.164s] -- Up-to-date: /home/psd/psd_ws/install/admittance_controller/share/admittance_controller/environment/path.dsv
[0.164s] -- Up-to-date: /home/psd/psd_ws/install/admittance_controller/share/admittance_controller/local_setup.bash
[0.164s] -- Up-to-date: /home/psd/psd_ws/install/admittance_controller/share/admittance_controller/local_setup.sh
[0.164s] -- Up-to-date: /home/psd/psd_ws/install/admittance_controller/share/admittance_controller/local_setup.zsh
[0.164s] -- Up-to-date: /home/psd/psd_ws/install/admittance_controller/share/admittance_controller/local_setup.dsv
[0.164s] -- Installing: /home/psd/psd_ws/install/admittance_controller/share/admittance_controller/package.dsv
[0.164s] -- Up-to-date: /home/psd/psd_ws/install/admittance_controller/share/ament_index/resource_index/packages/admittance_controller
[0.164s] -- Up-to-date: /home/psd/psd_ws/install/admittance_controller/share/ament_index/resource_index/controller_interface__pluginlib__plugin/admittance_controller
[0.164s] -- Up-to-date: /home/psd/psd_ws/install/admittance_controller/share/admittance_controller/cmake/export_admittance_controllerExport.cmake
[0.164s] -- Up-to-date: /home/psd/psd_ws/install/admittance_controller/share/admittance_controller/cmake/export_admittance_controllerExport-noconfig.cmake
[0.164s] -- Up-to-date: /home/psd/psd_ws/install/admittance_controller/share/admittance_controller/cmake/ament_cmake_export_targets-extras.cmake
[0.165s] -- Up-to-date: /home/psd/psd_ws/install/admittance_controller/share/admittance_controller/cmake/ament_cmake_export_dependencies-extras.cmake
[0.165s] -- Up-to-date: /home/psd/psd_ws/install/admittance_controller/share/admittance_controller/cmake/admittance_controllerConfig.cmake
[0.165s] -- Up-to-date: /home/psd/psd_ws/install/admittance_controller/share/admittance_controller/cmake/admittance_controllerConfig-version.cmake
[0.165s] -- Up-to-date: /home/psd/psd_ws/install/admittance_controller/share/admittance_controller/package.xml
[0.172s] Invoked command in '/home/psd/psd_ws/build/admittance_controller' returned '0': AMENT_PREFIX_PATH=/home/psd/psd_ws/install/joint_trajectory_controller:/home/psd/psd_ws/install/controller_manager:/home/psd/psd_ws/install/hardware_interface_testing:/home/psd/psd_ws/install/controller_interface:/home/psd/psd_ws/install/hardware_interface:/home/psd/psd_ws/install/ros2_control_test_assets:/home/psd/psd_ws/install/realtime_tools:/home/psd/psd_ws/install/controller_manager_msgs:/home/psd/psd_ws/install/control_msgs:${AMENT_PREFIX_PATH} CMAKE_PREFIX_PATH=/home/psd/psd_ws/install/joint_trajectory_controller:/home/psd/psd_ws/install/controller_manager:/home/psd/psd_ws/install/hardware_interface_testing:/home/psd/psd_ws/install/controller_interface:/home/psd/psd_ws/install/hardware_interface:/home/psd/psd_ws/install/ros2_control_test_assets:/home/psd/psd_ws/install/realtime_tools:/home/psd/psd_ws/install/controller_manager_msgs:/home/psd/psd_ws/install/control_msgs:/opt/ros/humble LD_LIBRARY_PATH=/home/psd/psd_ws/install/joint_trajectory_controller/lib:/home/psd/psd_ws/install/controller_manager/lib:/home/psd/psd_ws/install/hardware_interface_testing/lib:/home/psd/psd_ws/install/controller_interface/lib:/home/psd/psd_ws/install/hardware_interface/lib:/home/psd/psd_ws/install/realtime_tools/lib:/home/psd/psd_ws/install/controller_manager_msgs/lib:/home/psd/psd_ws/install/control_msgs/lib:${LD_LIBRARY_PATH} PYTHONPATH=/home/psd/psd_ws/install/controller_manager/local/lib/python3.10/dist-packages:/home/psd/psd_ws/install/controller_manager_msgs/local/lib/python3.10/dist-packages:/home/psd/psd_ws/install/control_msgs/local/lib/python3.10/dist-packages:${PYTHONPATH} /usr/bin/cmake --install /home/psd/psd_ws/build/admittance_controller
