[  7%] [32mBuilding CXX object gmock/CMakeFiles/gmock.dir/opt/ros/humble/src/gtest_vendor/src/gtest-all.cc.o[0m
[ 15%] [32mBuilding CXX object gmock/CMakeFiles/gmock.dir/src/gmock-all.cc.o[0m
[ 23%] [32mBuilding CXX object gmock/CMakeFiles/gmock_main.dir/src/gmock_main.cc.o[0m
[ 30%] Built target steering_controllers_library_parameters
[ 38%] [32m[1mLinking CXX shared library libsteering_controllers_library.so[0m
[ 46%] [32m[1mLinking CXX static library libgmock_main.a[0m
[ 61%] Built target steering_controllers_library
[ 61%] Built target gmock_main
[ 69%] [32m[1mLinking CXX static library libgmock.a[0m
[ 69%] Built target gmock
[ 76%] [32m[1mLinking CXX executable test_steering_odometry[0m
[ 84%] [32m[1mLinking CXX executable test_steering_controllers_library[0m
[ 92%] Built target test_steering_odometry
[100%] Built target test_steering_controllers_library
-- Install configuration: ""
-- Execute custom install script
-- Up-to-date symlink: /home/psd/psd_ws/install/steering_controllers_library/include/steering_controllers_library_parameters/steering_controllers_library_parameters.hpp
-- Up-to-date symlink: /home/psd/psd_ws/install/steering_controllers_library/include/steering_controllers_library/steering_controllers_library/steering_controllers_library.hpp
-- Up-to-date symlink: /home/psd/psd_ws/install/steering_controllers_library/include/steering_controllers_library/steering_controllers_library/steering_odometry.hpp
-- Up-to-date symlink: /home/psd/psd_ws/install/steering_controllers_library/include/steering_controllers_library/steering_controllers_library/visibility_control.h
-- Up-to-date symlink: /home/psd/psd_ws/install/steering_controllers_library/share/steering_controllers_library/environment/library_path.sh
-- Up-to-date symlink: /home/psd/psd_ws/install/steering_controllers_library/share/steering_controllers_library/environment/library_path.dsv
-- Up-to-date symlink: /home/psd/psd_ws/install/steering_controllers_library/share/ament_index/resource_index/package_run_dependencies/steering_controllers_library
-- Up-to-date symlink: /home/psd/psd_ws/install/steering_controllers_library/share/ament_index/resource_index/parent_prefix_path/steering_controllers_library
-- Up-to-date symlink: /home/psd/psd_ws/install/steering_controllers_library/share/steering_controllers_library/environment/ament_prefix_path.sh
-- Up-to-date symlink: /home/psd/psd_ws/install/steering_controllers_library/share/steering_controllers_library/environment/ament_prefix_path.dsv
-- Up-to-date symlink: /home/psd/psd_ws/install/steering_controllers_library/share/steering_controllers_library/environment/path.sh
-- Up-to-date symlink: /home/psd/psd_ws/install/steering_controllers_library/share/steering_controllers_library/environment/path.dsv
-- Up-to-date symlink: /home/psd/psd_ws/install/steering_controllers_library/share/steering_controllers_library/local_setup.bash
-- Up-to-date symlink: /home/psd/psd_ws/install/steering_controllers_library/share/steering_controllers_library/local_setup.sh
-- Up-to-date symlink: /home/psd/psd_ws/install/steering_controllers_library/share/steering_controllers_library/local_setup.zsh
-- Up-to-date symlink: /home/psd/psd_ws/install/steering_controllers_library/share/steering_controllers_library/local_setup.dsv
-- Symlinking: /home/psd/psd_ws/install/steering_controllers_library/share/steering_controllers_library/package.dsv
-- Up-to-date symlink: /home/psd/psd_ws/install/steering_controllers_library/share/ament_index/resource_index/packages/steering_controllers_library
-- Up-to-date symlink: /home/psd/psd_ws/install/steering_controllers_library/share/steering_controllers_library/cmake/ament_cmake_export_targets-extras.cmake
-- Up-to-date symlink: /home/psd/psd_ws/install/steering_controllers_library/share/steering_controllers_library/cmake/ament_cmake_export_dependencies-extras.cmake
-- Up-to-date symlink: /home/psd/psd_ws/install/steering_controllers_library/share/steering_controllers_library/cmake/steering_controllers_libraryConfig.cmake
-- Up-to-date symlink: /home/psd/psd_ws/install/steering_controllers_library/share/steering_controllers_library/cmake/steering_controllers_libraryConfig-version.cmake
-- Up-to-date symlink: /home/psd/psd_ws/install/steering_controllers_library/share/steering_controllers_library/package.xml
-- Installing: /home/psd/psd_ws/install/steering_controllers_library/lib/libsteering_controllers_library.so
-- Set runtime path of "/home/psd/psd_ws/install/steering_controllers_library/lib/libsteering_controllers_library.so" to ""
-- Up-to-date: /home/psd/psd_ws/install/steering_controllers_library/share/steering_controllers_library/cmake/export_steering_controllers_libraryExport.cmake
-- Up-to-date: /home/psd/psd_ws/install/steering_controllers_library/share/steering_controllers_library/cmake/export_steering_controllers_libraryExport-noconfig.cmake
