[0.203s] Invoking command in '/home/psd/psd_ws/build/steering_controllers_library': AMENT_PREFIX_PATH=/home/psd/psd_ws/install/controller_manager:/home/psd/psd_ws/install/controller_interface:/home/psd/psd_ws/install/hardware_interface:/home/psd/psd_ws/install/ros2_control_test_assets:/home/psd/psd_ws/install/realtime_tools:/home/psd/psd_ws/install/controller_manager_msgs:/home/psd/psd_ws/install/control_msgs:${AMENT_PREFIX_PATH} CMAKE_PREFIX_PATH=/home/psd/psd_ws/install/controller_manager:/home/psd/psd_ws/install/controller_interface:/home/psd/psd_ws/install/hardware_interface:/home/psd/psd_ws/install/ros2_control_test_assets:/home/psd/psd_ws/install/realtime_tools:/home/psd/psd_ws/install/controller_manager_msgs:/home/psd/psd_ws/install/control_msgs:/opt/ros/humble LD_LIBRARY_PATH=/home/psd/psd_ws/install/controller_manager/lib:/home/psd/psd_ws/install/controller_interface/lib:/home/psd/psd_ws/install/hardware_interface/lib:/home/psd/psd_ws/install/realtime_tools/lib:/home/psd/psd_ws/install/controller_manager_msgs/lib:/home/psd/psd_ws/install/control_msgs/lib:${LD_LIBRARY_PATH} PYTHONPATH=/home/psd/psd_ws/install/controller_manager/local/lib/python3.10/dist-packages:/home/psd/psd_ws/install/controller_manager_msgs/local/lib/python3.10/dist-packages:/home/psd/psd_ws/install/control_msgs/local/lib/python3.10/dist-packages:${PYTHONPATH} /usr/bin/cmake --build /home/psd/psd_ws/build/steering_controllers_library -- -j20 -l20
[0.281s] [  7%] [32mBuilding CXX object gmock/CMakeFiles/gmock.dir/opt/ros/humble/src/gtest_vendor/src/gtest-all.cc.o[0m
[0.285s] [ 15%] [32mBuilding CXX object gmock/CMakeFiles/gmock.dir/src/gmock-all.cc.o[0m
[0.290s] [ 23%] [32mBuilding CXX object gmock/CMakeFiles/gmock_main.dir/src/gmock_main.cc.o[0m
[0.302s] [ 30%] Built target steering_controllers_library_parameters
[0.396s] [ 38%] [32m[1mLinking CXX shared library libsteering_controllers_library.so[0m
[3.363s] [ 46%] [32m[1mLinking CXX static library libgmock_main.a[0m
[3.492s] [ 61%] Built target steering_controllers_library
[3.552s] [ 61%] Built target gmock_main
[6.077s] [ 69%] [32m[1mLinking CXX static library libgmock.a[0m
[6.202s] [ 69%] Built target gmock
[6.274s] [ 76%] [32m[1mLinking CXX executable test_steering_odometry[0m
[6.285s] [ 84%] [32m[1mLinking CXX executable test_steering_controllers_library[0m
[9.133s] [ 92%] Built target test_steering_odometry
[9.899s] [100%] Built target test_steering_controllers_library
[9.933s] Invoked command in '/home/psd/psd_ws/build/steering_controllers_library' returned '0': AMENT_PREFIX_PATH=/home/psd/psd_ws/install/controller_manager:/home/psd/psd_ws/install/controller_interface:/home/psd/psd_ws/install/hardware_interface:/home/psd/psd_ws/install/ros2_control_test_assets:/home/psd/psd_ws/install/realtime_tools:/home/psd/psd_ws/install/controller_manager_msgs:/home/psd/psd_ws/install/control_msgs:${AMENT_PREFIX_PATH} CMAKE_PREFIX_PATH=/home/psd/psd_ws/install/controller_manager:/home/psd/psd_ws/install/controller_interface:/home/psd/psd_ws/install/hardware_interface:/home/psd/psd_ws/install/ros2_control_test_assets:/home/psd/psd_ws/install/realtime_tools:/home/psd/psd_ws/install/controller_manager_msgs:/home/psd/psd_ws/install/control_msgs:/opt/ros/humble LD_LIBRARY_PATH=/home/psd/psd_ws/install/controller_manager/lib:/home/psd/psd_ws/install/controller_interface/lib:/home/psd/psd_ws/install/hardware_interface/lib:/home/psd/psd_ws/install/realtime_tools/lib:/home/psd/psd_ws/install/controller_manager_msgs/lib:/home/psd/psd_ws/install/control_msgs/lib:${LD_LIBRARY_PATH} PYTHONPATH=/home/psd/psd_ws/install/controller_manager/local/lib/python3.10/dist-packages:/home/psd/psd_ws/install/controller_manager_msgs/local/lib/python3.10/dist-packages:/home/psd/psd_ws/install/control_msgs/local/lib/python3.10/dist-packages:${PYTHONPATH} /usr/bin/cmake --build /home/psd/psd_ws/build/steering_controllers_library -- -j20 -l20
[10.148s] Invoking command in '/home/psd/psd_ws/build/steering_controllers_library': AMENT_PREFIX_PATH=/home/psd/psd_ws/install/controller_manager:/home/psd/psd_ws/install/controller_interface:/home/psd/psd_ws/install/hardware_interface:/home/psd/psd_ws/install/ros2_control_test_assets:/home/psd/psd_ws/install/realtime_tools:/home/psd/psd_ws/install/controller_manager_msgs:/home/psd/psd_ws/install/control_msgs:${AMENT_PREFIX_PATH} CMAKE_PREFIX_PATH=/home/psd/psd_ws/install/controller_manager:/home/psd/psd_ws/install/controller_interface:/home/psd/psd_ws/install/hardware_interface:/home/psd/psd_ws/install/ros2_control_test_assets:/home/psd/psd_ws/install/realtime_tools:/home/psd/psd_ws/install/controller_manager_msgs:/home/psd/psd_ws/install/control_msgs:/opt/ros/humble LD_LIBRARY_PATH=/home/psd/psd_ws/install/controller_manager/lib:/home/psd/psd_ws/install/controller_interface/lib:/home/psd/psd_ws/install/hardware_interface/lib:/home/psd/psd_ws/install/realtime_tools/lib:/home/psd/psd_ws/install/controller_manager_msgs/lib:/home/psd/psd_ws/install/control_msgs/lib:${LD_LIBRARY_PATH} PYTHONPATH=/home/psd/psd_ws/install/controller_manager/local/lib/python3.10/dist-packages:/home/psd/psd_ws/install/controller_manager_msgs/local/lib/python3.10/dist-packages:/home/psd/psd_ws/install/control_msgs/local/lib/python3.10/dist-packages:${PYTHONPATH} /usr/bin/cmake --install /home/psd/psd_ws/build/steering_controllers_library
[10.505s] -- Install configuration: ""
[10.505s] -- Execute custom install script
[10.505s] -- Up-to-date symlink: /home/psd/psd_ws/install/steering_controllers_library/include/steering_controllers_library_parameters/steering_controllers_library_parameters.hpp
[10.505s] -- Up-to-date symlink: /home/psd/psd_ws/install/steering_controllers_library/include/steering_controllers_library/steering_controllers_library/steering_controllers_library.hpp
[10.505s] -- Up-to-date symlink: /home/psd/psd_ws/install/steering_controllers_library/include/steering_controllers_library/steering_controllers_library/steering_odometry.hpp
[10.506s] -- Up-to-date symlink: /home/psd/psd_ws/install/steering_controllers_library/include/steering_controllers_library/steering_controllers_library/visibility_control.h
[10.506s] -- Up-to-date symlink: /home/psd/psd_ws/install/steering_controllers_library/share/steering_controllers_library/environment/library_path.sh
[10.506s] -- Up-to-date symlink: /home/psd/psd_ws/install/steering_controllers_library/share/steering_controllers_library/environment/library_path.dsv
[10.506s] -- Up-to-date symlink: /home/psd/psd_ws/install/steering_controllers_library/share/ament_index/resource_index/package_run_dependencies/steering_controllers_library
[10.506s] -- Up-to-date symlink: /home/psd/psd_ws/install/steering_controllers_library/share/ament_index/resource_index/parent_prefix_path/steering_controllers_library
[10.506s] -- Up-to-date symlink: /home/psd/psd_ws/install/steering_controllers_library/share/steering_controllers_library/environment/ament_prefix_path.sh
[10.506s] -- Up-to-date symlink: /home/psd/psd_ws/install/steering_controllers_library/share/steering_controllers_library/environment/ament_prefix_path.dsv
[10.506s] -- Up-to-date symlink: /home/psd/psd_ws/install/steering_controllers_library/share/steering_controllers_library/environment/path.sh
[10.506s] -- Up-to-date symlink: /home/psd/psd_ws/install/steering_controllers_library/share/steering_controllers_library/environment/path.dsv
[10.506s] -- Up-to-date symlink: /home/psd/psd_ws/install/steering_controllers_library/share/steering_controllers_library/local_setup.bash
[10.506s] -- Up-to-date symlink: /home/psd/psd_ws/install/steering_controllers_library/share/steering_controllers_library/local_setup.sh
[10.506s] -- Up-to-date symlink: /home/psd/psd_ws/install/steering_controllers_library/share/steering_controllers_library/local_setup.zsh
[10.506s] -- Up-to-date symlink: /home/psd/psd_ws/install/steering_controllers_library/share/steering_controllers_library/local_setup.dsv
[10.506s] -- Symlinking: /home/psd/psd_ws/install/steering_controllers_library/share/steering_controllers_library/package.dsv
[10.506s] -- Up-to-date symlink: /home/psd/psd_ws/install/steering_controllers_library/share/ament_index/resource_index/packages/steering_controllers_library
[10.506s] -- Up-to-date symlink: /home/psd/psd_ws/install/steering_controllers_library/share/steering_controllers_library/cmake/ament_cmake_export_targets-extras.cmake
[10.506s] -- Up-to-date symlink: /home/psd/psd_ws/install/steering_controllers_library/share/steering_controllers_library/cmake/ament_cmake_export_dependencies-extras.cmake
[10.507s] -- Up-to-date symlink: /home/psd/psd_ws/install/steering_controllers_library/share/steering_controllers_library/cmake/steering_controllers_libraryConfig.cmake
[10.507s] -- Up-to-date symlink: /home/psd/psd_ws/install/steering_controllers_library/share/steering_controllers_library/cmake/steering_controllers_libraryConfig-version.cmake
[10.507s] -- Up-to-date symlink: /home/psd/psd_ws/install/steering_controllers_library/share/steering_controllers_library/package.xml
[10.507s] -- Installing: /home/psd/psd_ws/install/steering_controllers_library/lib/libsteering_controllers_library.so
[10.507s] -- Set runtime path of "/home/psd/psd_ws/install/steering_controllers_library/lib/libsteering_controllers_library.so" to ""
[10.507s] -- Up-to-date: /home/psd/psd_ws/install/steering_controllers_library/share/steering_controllers_library/cmake/export_steering_controllers_libraryExport.cmake
[10.507s] -- Up-to-date: /home/psd/psd_ws/install/steering_controllers_library/share/steering_controllers_library/cmake/export_steering_controllers_libraryExport-noconfig.cmake
[10.546s] Invoked command in '/home/psd/psd_ws/build/steering_controllers_library' returned '0': AMENT_PREFIX_PATH=/home/psd/psd_ws/install/controller_manager:/home/psd/psd_ws/install/controller_interface:/home/psd/psd_ws/install/hardware_interface:/home/psd/psd_ws/install/ros2_control_test_assets:/home/psd/psd_ws/install/realtime_tools:/home/psd/psd_ws/install/controller_manager_msgs:/home/psd/psd_ws/install/control_msgs:${AMENT_PREFIX_PATH} CMAKE_PREFIX_PATH=/home/psd/psd_ws/install/controller_manager:/home/psd/psd_ws/install/controller_interface:/home/psd/psd_ws/install/hardware_interface:/home/psd/psd_ws/install/ros2_control_test_assets:/home/psd/psd_ws/install/realtime_tools:/home/psd/psd_ws/install/controller_manager_msgs:/home/psd/psd_ws/install/control_msgs:/opt/ros/humble LD_LIBRARY_PATH=/home/psd/psd_ws/install/controller_manager/lib:/home/psd/psd_ws/install/controller_interface/lib:/home/psd/psd_ws/install/hardware_interface/lib:/home/psd/psd_ws/install/realtime_tools/lib:/home/psd/psd_ws/install/controller_manager_msgs/lib:/home/psd/psd_ws/install/control_msgs/lib:${LD_LIBRARY_PATH} PYTHONPATH=/home/psd/psd_ws/install/controller_manager/local/lib/python3.10/dist-packages:/home/psd/psd_ws/install/controller_manager_msgs/local/lib/python3.10/dist-packages:/home/psd/psd_ws/install/control_msgs/local/lib/python3.10/dist-packages:${PYTHONPATH} /usr/bin/cmake --install /home/psd/psd_ws/build/steering_controllers_library
