[0.056s] DEBUG:colcon:Command line arguments: ['/usr/bin/colcon', 'build', '--symlink-install']
[0.056s] DEBUG:colcon:Parsed command line arguments: Namespace(log_base=None, log_level=None, verb_name='build', build_base='build', install_base='install', merge_install=False, symlink_install=True, test_result_base=None, continue_on_error=False, executor='parallel', parallel_workers=20, event_handlers=None, ignore_user_meta=False, metas=['./colcon.meta'], base_paths=['.'], packages_ignore=None, packages_ignore_regex=None, paths=None, packages_up_to=None, packages_up_to_regex=None, packages_above=None, packages_above_and_dependencies=None, packages_above_depth=None, packages_select_by_dep=None, packages_skip_by_dep=None, packages_skip_up_to=None, packages_select_build_failed=False, packages_skip_build_finished=False, packages_select_test_failures=False, packages_skip_test_passed=False, packages_select=None, packages_skip=None, packages_select_regex=None, packages_skip_regex=None, packages_start=None, packages_end=None, cmake_args=None, cmake_target=None, cmake_target_skip_unavailable=False, cmake_clean_cache=False, cmake_clean_first=False, cmake_force_configure=False, ament_cmake_args=None, catkin_cmake_args=None, catkin_skip_building_tests=False, mixin_files=None, mixin=None, verb_parser=<colcon_mixin.mixin.mixin_argument.MixinArgumentDecorator object at 0x78191f85eb40>, verb_extension=<colcon_core.verb.build.BuildVerb object at 0x78191f85e960>, main=<bound method BuildVerb.main of <colcon_core.verb.build.BuildVerb object at 0x78191f85e960>>, mixin_verb=('build',))
[0.077s] Level 1:colcon.colcon_core.package_discovery:discover_packages(colcon_meta) check parameters
[0.077s] Level 1:colcon.colcon_core.package_discovery:discover_packages(recursive) check parameters
[0.077s] Level 1:colcon.colcon_core.package_discovery:discover_packages(ignore) check parameters
[0.077s] Level 1:colcon.colcon_core.package_discovery:discover_packages(path) check parameters
[0.077s] Level 1:colcon.colcon_core.package_discovery:discover_packages(colcon_meta) discover
[0.077s] Level 1:colcon.colcon_core.package_discovery:discover_packages(recursive) discover
[0.077s] INFO:colcon.colcon_core.package_discovery:Crawling recursively for packages in '/home/ubuntu/psd_ws'
[0.077s] Level 1:colcon.colcon_core.package_identification:_identify(.) by extensions ['ignore', 'ignore_ament_install']
[0.077s] Level 1:colcon.colcon_core.package_identification:_identify(.) by extension 'ignore'
[0.077s] Level 1:colcon.colcon_core.package_identification:_identify(.) by extension 'ignore_ament_install'
[0.077s] Level 1:colcon.colcon_core.package_identification:_identify(.) by extensions ['colcon_pkg']
[0.077s] Level 1:colcon.colcon_core.package_identification:_identify(.) by extension 'colcon_pkg'
[0.077s] Level 1:colcon.colcon_core.package_identification:_identify(.) by extensions ['colcon_meta']
[0.077s] Level 1:colcon.colcon_core.package_identification:_identify(.) by extension 'colcon_meta'
[0.077s] Level 1:colcon.colcon_core.package_identification:_identify(.) by extensions ['ros']
[0.077s] Level 1:colcon.colcon_core.package_identification:_identify(.) by extension 'ros'
[0.092s] Level 1:colcon.colcon_core.package_identification:_identify(.) by extensions ['cmake', 'python']
[0.092s] Level 1:colcon.colcon_core.package_identification:_identify(.) by extension 'cmake'
[0.092s] Level 1:colcon.colcon_core.package_identification:_identify(.) by extension 'python'
[0.092s] Level 1:colcon.colcon_core.package_identification:_identify(.) by extensions ['python_setup_py']
[0.092s] Level 1:colcon.colcon_core.package_identification:_identify(.) by extension 'python_setup_py'
[0.092s] Level 1:colcon.colcon_core.package_identification:_identify(build) by extensions ['ignore', 'ignore_ament_install']
[0.092s] Level 1:colcon.colcon_core.package_identification:_identify(build) by extension 'ignore'
[0.092s] Level 1:colcon.colcon_core.package_identification:_identify(build) ignored
[0.092s] Level 1:colcon.colcon_core.package_identification:_identify(deps) by extensions ['ignore', 'ignore_ament_install']
[0.092s] Level 1:colcon.colcon_core.package_identification:_identify(deps) by extension 'ignore'
[0.092s] Level 1:colcon.colcon_core.package_identification:_identify(deps) ignored
[0.092s] Level 1:colcon.colcon_core.package_identification:_identify(install) by extensions ['ignore', 'ignore_ament_install']
[0.092s] Level 1:colcon.colcon_core.package_identification:_identify(install) by extension 'ignore'
[0.092s] Level 1:colcon.colcon_core.package_identification:_identify(install) ignored
[0.092s] Level 1:colcon.colcon_core.package_identification:_identify(log) by extensions ['ignore', 'ignore_ament_install']
[0.092s] Level 1:colcon.colcon_core.package_identification:_identify(log) by extension 'ignore'
[0.092s] Level 1:colcon.colcon_core.package_identification:_identify(log) ignored
[0.092s] Level 1:colcon.colcon_core.package_identification:_identify(src) by extensions ['ignore', 'ignore_ament_install']
[0.092s] Level 1:colcon.colcon_core.package_identification:_identify(src) by extension 'ignore'
[0.092s] Level 1:colcon.colcon_core.package_identification:_identify(src) by extension 'ignore_ament_install'
[0.092s] Level 1:colcon.colcon_core.package_identification:_identify(src) by extensions ['colcon_pkg']
[0.092s] Level 1:colcon.colcon_core.package_identification:_identify(src) by extension 'colcon_pkg'
[0.092s] Level 1:colcon.colcon_core.package_identification:_identify(src) by extensions ['colcon_meta']
[0.092s] Level 1:colcon.colcon_core.package_identification:_identify(src) by extension 'colcon_meta'
[0.092s] Level 1:colcon.colcon_core.package_identification:_identify(src) by extensions ['ros']
[0.092s] Level 1:colcon.colcon_core.package_identification:_identify(src) by extension 'ros'
[0.092s] Level 1:colcon.colcon_core.package_identification:_identify(src) by extensions ['cmake', 'python']
[0.092s] Level 1:colcon.colcon_core.package_identification:_identify(src) by extension 'cmake'
[0.092s] Level 1:colcon.colcon_core.package_identification:_identify(src) by extension 'python'
[0.092s] Level 1:colcon.colcon_core.package_identification:_identify(src) by extensions ['python_setup_py']
[0.093s] Level 1:colcon.colcon_core.package_identification:_identify(src) by extension 'python_setup_py'
[0.093s] Level 1:colcon.colcon_core.package_identification:_identify(src/gz_ros2_control) by extensions ['ignore', 'ignore_ament_install']
[0.093s] Level 1:colcon.colcon_core.package_identification:_identify(src/gz_ros2_control) by extension 'ignore'
[0.093s] Level 1:colcon.colcon_core.package_identification:_identify(src/gz_ros2_control) by extension 'ignore_ament_install'
[0.093s] Level 1:colcon.colcon_core.package_identification:_identify(src/gz_ros2_control) by extensions ['colcon_pkg']
[0.093s] Level 1:colcon.colcon_core.package_identification:_identify(src/gz_ros2_control) by extension 'colcon_pkg'
[0.093s] Level 1:colcon.colcon_core.package_identification:_identify(src/gz_ros2_control) by extensions ['colcon_meta']
[0.093s] Level 1:colcon.colcon_core.package_identification:_identify(src/gz_ros2_control) by extension 'colcon_meta'
[0.093s] Level 1:colcon.colcon_core.package_identification:_identify(src/gz_ros2_control) by extensions ['ros']
[0.093s] Level 1:colcon.colcon_core.package_identification:_identify(src/gz_ros2_control) by extension 'ros'
[0.093s] Level 1:colcon.colcon_core.package_identification:_identify(src/gz_ros2_control) by extensions ['cmake', 'python']
[0.093s] Level 1:colcon.colcon_core.package_identification:_identify(src/gz_ros2_control) by extension 'cmake'
[0.093s] Level 1:colcon.colcon_core.package_identification:_identify(src/gz_ros2_control) by extension 'python'
[0.093s] Level 1:colcon.colcon_core.package_identification:_identify(src/gz_ros2_control) by extensions ['python_setup_py']
[0.093s] Level 1:colcon.colcon_core.package_identification:_identify(src/gz_ros2_control) by extension 'python_setup_py'
[0.093s] Level 1:colcon.colcon_core.package_identification:_identify(src/gz_ros2_control/Dockerfile) by extensions ['ignore', 'ignore_ament_install']
[0.093s] Level 1:colcon.colcon_core.package_identification:_identify(src/gz_ros2_control/Dockerfile) by extension 'ignore'
[0.093s] Level 1:colcon.colcon_core.package_identification:_identify(src/gz_ros2_control/Dockerfile) by extension 'ignore_ament_install'
[0.093s] Level 1:colcon.colcon_core.package_identification:_identify(src/gz_ros2_control/Dockerfile) by extensions ['colcon_pkg']
[0.093s] Level 1:colcon.colcon_core.package_identification:_identify(src/gz_ros2_control/Dockerfile) by extension 'colcon_pkg'
[0.093s] Level 1:colcon.colcon_core.package_identification:_identify(src/gz_ros2_control/Dockerfile) by extensions ['colcon_meta']
[0.093s] Level 1:colcon.colcon_core.package_identification:_identify(src/gz_ros2_control/Dockerfile) by extension 'colcon_meta'
[0.093s] Level 1:colcon.colcon_core.package_identification:_identify(src/gz_ros2_control/Dockerfile) by extensions ['ros']
[0.093s] Level 1:colcon.colcon_core.package_identification:_identify(src/gz_ros2_control/Dockerfile) by extension 'ros'
[0.093s] Level 1:colcon.colcon_core.package_identification:_identify(src/gz_ros2_control/Dockerfile) by extensions ['cmake', 'python']
[0.093s] Level 1:colcon.colcon_core.package_identification:_identify(src/gz_ros2_control/Dockerfile) by extension 'cmake'
[0.093s] Level 1:colcon.colcon_core.package_identification:_identify(src/gz_ros2_control/Dockerfile) by extension 'python'
[0.093s] Level 1:colcon.colcon_core.package_identification:_identify(src/gz_ros2_control/Dockerfile) by extensions ['python_setup_py']
[0.093s] Level 1:colcon.colcon_core.package_identification:_identify(src/gz_ros2_control/Dockerfile) by extension 'python_setup_py'
[0.093s] Level 1:colcon.colcon_core.package_identification:_identify(src/gz_ros2_control/doc) by extensions ['ignore', 'ignore_ament_install']
[0.093s] Level 1:colcon.colcon_core.package_identification:_identify(src/gz_ros2_control/doc) by extension 'ignore'
[0.093s] Level 1:colcon.colcon_core.package_identification:_identify(src/gz_ros2_control/doc) by extension 'ignore_ament_install'
[0.093s] Level 1:colcon.colcon_core.package_identification:_identify(src/gz_ros2_control/doc) by extensions ['colcon_pkg']
[0.093s] Level 1:colcon.colcon_core.package_identification:_identify(src/gz_ros2_control/doc) by extension 'colcon_pkg'
[0.093s] Level 1:colcon.colcon_core.package_identification:_identify(src/gz_ros2_control/doc) by extensions ['colcon_meta']
[0.093s] Level 1:colcon.colcon_core.package_identification:_identify(src/gz_ros2_control/doc) by extension 'colcon_meta'
[0.093s] Level 1:colcon.colcon_core.package_identification:_identify(src/gz_ros2_control/doc) by extensions ['ros']
[0.093s] Level 1:colcon.colcon_core.package_identification:_identify(src/gz_ros2_control/doc) by extension 'ros'
[0.093s] Level 1:colcon.colcon_core.package_identification:_identify(src/gz_ros2_control/doc) by extensions ['cmake', 'python']
[0.093s] Level 1:colcon.colcon_core.package_identification:_identify(src/gz_ros2_control/doc) by extension 'cmake'
[0.093s] Level 1:colcon.colcon_core.package_identification:_identify(src/gz_ros2_control/doc) by extension 'python'
[0.093s] Level 1:colcon.colcon_core.package_identification:_identify(src/gz_ros2_control/doc) by extensions ['python_setup_py']
[0.093s] Level 1:colcon.colcon_core.package_identification:_identify(src/gz_ros2_control/doc) by extension 'python_setup_py'
[0.093s] Level 1:colcon.colcon_core.package_identification:_identify(src/gz_ros2_control/doc/img) by extensions ['ignore', 'ignore_ament_install']
[0.094s] Level 1:colcon.colcon_core.package_identification:_identify(src/gz_ros2_control/doc/img) by extension 'ignore'
[0.094s] Level 1:colcon.colcon_core.package_identification:_identify(src/gz_ros2_control/doc/img) by extension 'ignore_ament_install'
[0.094s] Level 1:colcon.colcon_core.package_identification:_identify(src/gz_ros2_control/doc/img) by extensions ['colcon_pkg']
[0.094s] Level 1:colcon.colcon_core.package_identification:_identify(src/gz_ros2_control/doc/img) by extension 'colcon_pkg'
[0.094s] Level 1:colcon.colcon_core.package_identification:_identify(src/gz_ros2_control/doc/img) by extensions ['colcon_meta']
[0.094s] Level 1:colcon.colcon_core.package_identification:_identify(src/gz_ros2_control/doc/img) by extension 'colcon_meta'
[0.094s] Level 1:colcon.colcon_core.package_identification:_identify(src/gz_ros2_control/doc/img) by extensions ['ros']
[0.094s] Level 1:colcon.colcon_core.package_identification:_identify(src/gz_ros2_control/doc/img) by extension 'ros'
[0.094s] Level 1:colcon.colcon_core.package_identification:_identify(src/gz_ros2_control/doc/img) by extensions ['cmake', 'python']
[0.094s] Level 1:colcon.colcon_core.package_identification:_identify(src/gz_ros2_control/doc/img) by extension 'cmake'
[0.094s] Level 1:colcon.colcon_core.package_identification:_identify(src/gz_ros2_control/doc/img) by extension 'python'
[0.094s] Level 1:colcon.colcon_core.package_identification:_identify(src/gz_ros2_control/doc/img) by extensions ['python_setup_py']
[0.094s] Level 1:colcon.colcon_core.package_identification:_identify(src/gz_ros2_control/doc/img) by extension 'python_setup_py'
[0.094s] Level 1:colcon.colcon_core.package_identification:_identify(src/gz_ros2_control/gz_ros2_control) by extensions ['ignore', 'ignore_ament_install']
[0.094s] Level 1:colcon.colcon_core.package_identification:_identify(src/gz_ros2_control/gz_ros2_control) by extension 'ignore'
[0.094s] Level 1:colcon.colcon_core.package_identification:_identify(src/gz_ros2_control/gz_ros2_control) by extension 'ignore_ament_install'
[0.094s] Level 1:colcon.colcon_core.package_identification:_identify(src/gz_ros2_control/gz_ros2_control) by extensions ['colcon_pkg']
[0.094s] Level 1:colcon.colcon_core.package_identification:_identify(src/gz_ros2_control/gz_ros2_control) by extension 'colcon_pkg'
[0.094s] Level 1:colcon.colcon_core.package_identification:_identify(src/gz_ros2_control/gz_ros2_control) by extensions ['colcon_meta']
[0.094s] Level 1:colcon.colcon_core.package_identification:_identify(src/gz_ros2_control/gz_ros2_control) by extension 'colcon_meta'
[0.094s] Level 1:colcon.colcon_core.package_identification:_identify(src/gz_ros2_control/gz_ros2_control) by extensions ['ros']
[0.094s] Level 1:colcon.colcon_core.package_identification:_identify(src/gz_ros2_control/gz_ros2_control) by extension 'ros'
[0.095s] DEBUG:colcon.colcon_core.package_identification:Package 'src/gz_ros2_control/gz_ros2_control' with type 'ros.ament_cmake' and name 'gz_ros2_control'
[0.096s] Level 1:colcon.colcon_core.package_identification:_identify(src/gz_ros2_control/gz_ros2_control_demos) by extensions ['ignore', 'ignore_ament_install']
[0.096s] Level 1:colcon.colcon_core.package_identification:_identify(src/gz_ros2_control/gz_ros2_control_demos) by extension 'ignore'
[0.096s] Level 1:colcon.colcon_core.package_identification:_identify(src/gz_ros2_control/gz_ros2_control_demos) by extension 'ignore_ament_install'
[0.096s] Level 1:colcon.colcon_core.package_identification:_identify(src/gz_ros2_control/gz_ros2_control_demos) by extensions ['colcon_pkg']
[0.096s] Level 1:colcon.colcon_core.package_identification:_identify(src/gz_ros2_control/gz_ros2_control_demos) by extension 'colcon_pkg'
[0.096s] Level 1:colcon.colcon_core.package_identification:_identify(src/gz_ros2_control/gz_ros2_control_demos) by extensions ['colcon_meta']
[0.096s] Level 1:colcon.colcon_core.package_identification:_identify(src/gz_ros2_control/gz_ros2_control_demos) by extension 'colcon_meta'
[0.096s] Level 1:colcon.colcon_core.package_identification:_identify(src/gz_ros2_control/gz_ros2_control_demos) by extensions ['ros']
[0.096s] Level 1:colcon.colcon_core.package_identification:_identify(src/gz_ros2_control/gz_ros2_control_demos) by extension 'ros'
[0.096s] DEBUG:colcon.colcon_core.package_identification:Package 'src/gz_ros2_control/gz_ros2_control_demos' with type 'ros.ament_cmake' and name 'gz_ros2_control_demos'
[0.096s] Level 1:colcon.colcon_core.package_identification:_identify(src/gz_ros2_control/gz_ros2_control_tests) by extensions ['ignore', 'ignore_ament_install']
[0.096s] Level 1:colcon.colcon_core.package_identification:_identify(src/gz_ros2_control/gz_ros2_control_tests) by extension 'ignore'
[0.096s] Level 1:colcon.colcon_core.package_identification:_identify(src/gz_ros2_control/gz_ros2_control_tests) by extension 'ignore_ament_install'
[0.096s] Level 1:colcon.colcon_core.package_identification:_identify(src/gz_ros2_control/gz_ros2_control_tests) by extensions ['colcon_pkg']
[0.096s] Level 1:colcon.colcon_core.package_identification:_identify(src/gz_ros2_control/gz_ros2_control_tests) by extension 'colcon_pkg'
[0.096s] Level 1:colcon.colcon_core.package_identification:_identify(src/gz_ros2_control/gz_ros2_control_tests) by extensions ['colcon_meta']
[0.096s] Level 1:colcon.colcon_core.package_identification:_identify(src/gz_ros2_control/gz_ros2_control_tests) by extension 'colcon_meta'
[0.096s] Level 1:colcon.colcon_core.package_identification:_identify(src/gz_ros2_control/gz_ros2_control_tests) by extensions ['ros']
[0.096s] Level 1:colcon.colcon_core.package_identification:_identify(src/gz_ros2_control/gz_ros2_control_tests) by extension 'ros'
[0.097s] DEBUG:colcon.colcon_core.package_identification:Package 'src/gz_ros2_control/gz_ros2_control_tests' with type 'ros.ament_cmake' and name 'gz_ros2_control_tests'
[0.097s] Level 1:colcon.colcon_core.package_identification:_identify(src/psd_gazebo_worlds) by extensions ['ignore', 'ignore_ament_install']
[0.097s] Level 1:colcon.colcon_core.package_identification:_identify(src/psd_gazebo_worlds) by extension 'ignore'
[0.097s] Level 1:colcon.colcon_core.package_identification:_identify(src/psd_gazebo_worlds) by extension 'ignore_ament_install'
[0.097s] Level 1:colcon.colcon_core.package_identification:_identify(src/psd_gazebo_worlds) by extensions ['colcon_pkg']
[0.097s] Level 1:colcon.colcon_core.package_identification:_identify(src/psd_gazebo_worlds) by extension 'colcon_pkg'
[0.097s] Level 1:colcon.colcon_core.package_identification:_identify(src/psd_gazebo_worlds) by extensions ['colcon_meta']
[0.097s] Level 1:colcon.colcon_core.package_identification:_identify(src/psd_gazebo_worlds) by extension 'colcon_meta'
[0.097s] Level 1:colcon.colcon_core.package_identification:_identify(src/psd_gazebo_worlds) by extensions ['ros']
[0.097s] Level 1:colcon.colcon_core.package_identification:_identify(src/psd_gazebo_worlds) by extension 'ros'
[0.097s] DEBUG:colcon.colcon_core.package_identification:Package 'src/psd_gazebo_worlds' with type 'ros.ament_cmake' and name 'psd_gazebo_worlds'
[0.097s] Level 1:colcon.colcon_core.package_identification:_identify(src/psd_vehicle_bringup) by extensions ['ignore', 'ignore_ament_install']
[0.097s] Level 1:colcon.colcon_core.package_identification:_identify(src/psd_vehicle_bringup) by extension 'ignore'
[0.097s] Level 1:colcon.colcon_core.package_identification:_identify(src/psd_vehicle_bringup) by extension 'ignore_ament_install'
[0.097s] Level 1:colcon.colcon_core.package_identification:_identify(src/psd_vehicle_bringup) by extensions ['colcon_pkg']
[0.097s] Level 1:colcon.colcon_core.package_identification:_identify(src/psd_vehicle_bringup) by extension 'colcon_pkg'
[0.097s] Level 1:colcon.colcon_core.package_identification:_identify(src/psd_vehicle_bringup) by extensions ['colcon_meta']
[0.097s] Level 1:colcon.colcon_core.package_identification:_identify(src/psd_vehicle_bringup) by extension 'colcon_meta'
[0.097s] Level 1:colcon.colcon_core.package_identification:_identify(src/psd_vehicle_bringup) by extensions ['ros']
[0.097s] Level 1:colcon.colcon_core.package_identification:_identify(src/psd_vehicle_bringup) by extension 'ros'
[0.098s] DEBUG:colcon.colcon_core.package_identification:Package 'src/psd_vehicle_bringup' with type 'ros.ament_cmake' and name 'psd_vehicle_bringup'
[0.098s] Level 1:colcon.colcon_core.package_identification:_identify(src/psd_vehicle_description) by extensions ['ignore', 'ignore_ament_install']
[0.098s] Level 1:colcon.colcon_core.package_identification:_identify(src/psd_vehicle_description) by extension 'ignore'
[0.098s] Level 1:colcon.colcon_core.package_identification:_identify(src/psd_vehicle_description) by extension 'ignore_ament_install'
[0.098s] Level 1:colcon.colcon_core.package_identification:_identify(src/psd_vehicle_description) by extensions ['colcon_pkg']
[0.098s] Level 1:colcon.colcon_core.package_identification:_identify(src/psd_vehicle_description) by extension 'colcon_pkg'
[0.098s] Level 1:colcon.colcon_core.package_identification:_identify(src/psd_vehicle_description) by extensions ['colcon_meta']
[0.098s] Level 1:colcon.colcon_core.package_identification:_identify(src/psd_vehicle_description) by extension 'colcon_meta'
[0.098s] Level 1:colcon.colcon_core.package_identification:_identify(src/psd_vehicle_description) by extensions ['ros']
[0.098s] Level 1:colcon.colcon_core.package_identification:_identify(src/psd_vehicle_description) by extension 'ros'
[0.098s] DEBUG:colcon.colcon_core.package_identification:Package 'src/psd_vehicle_description' with type 'ros.ament_cmake' and name 'psd_vehicle_description'
[0.098s] Level 1:colcon.colcon_core.package_discovery:discover_packages(recursive) using defaults
[0.098s] Level 1:colcon.colcon_core.package_discovery:discover_packages(ignore) discover
[0.098s] Level 1:colcon.colcon_core.package_discovery:discover_packages(ignore) using defaults
[0.098s] Level 1:colcon.colcon_core.package_discovery:discover_packages(path) discover
[0.098s] Level 1:colcon.colcon_core.package_discovery:discover_packages(path) using defaults
[0.109s] Level 5:colcon.colcon_core.verb:set package 'gz_ros2_control' build argument 'cmake_args' from command line to 'None'
[0.109s] Level 5:colcon.colcon_core.verb:set package 'gz_ros2_control' build argument 'cmake_target' from command line to 'None'
[0.109s] Level 5:colcon.colcon_core.verb:set package 'gz_ros2_control' build argument 'cmake_target_skip_unavailable' from command line to 'False'
[0.109s] Level 5:colcon.colcon_core.verb:set package 'gz_ros2_control' build argument 'cmake_clean_cache' from command line to 'False'
[0.109s] Level 5:colcon.colcon_core.verb:set package 'gz_ros2_control' build argument 'cmake_clean_first' from command line to 'False'
[0.109s] Level 5:colcon.colcon_core.verb:set package 'gz_ros2_control' build argument 'cmake_force_configure' from command line to 'False'
[0.109s] Level 5:colcon.colcon_core.verb:set package 'gz_ros2_control' build argument 'ament_cmake_args' from command line to 'None'
[0.109s] Level 5:colcon.colcon_core.verb:set package 'gz_ros2_control' build argument 'catkin_cmake_args' from command line to 'None'
[0.109s] Level 5:colcon.colcon_core.verb:set package 'gz_ros2_control' build argument 'catkin_skip_building_tests' from command line to 'False'
[0.109s] DEBUG:colcon.colcon_core.verb:Building package 'gz_ros2_control' with the following arguments: {'ament_cmake_args': None, 'build_base': '/home/ubuntu/psd_ws/build/gz_ros2_control', 'catkin_cmake_args': None, 'catkin_skip_building_tests': False, 'cmake_args': None, 'cmake_clean_cache': False, 'cmake_clean_first': False, 'cmake_force_configure': False, 'cmake_target': None, 'cmake_target_skip_unavailable': False, 'install_base': '/home/ubuntu/psd_ws/install/gz_ros2_control', 'merge_install': False, 'path': '/home/ubuntu/psd_ws/src/gz_ros2_control/gz_ros2_control', 'symlink_install': True, 'test_result_base': None}
[0.109s] Level 5:colcon.colcon_core.verb:set package 'psd_gazebo_worlds' build argument 'cmake_args' from command line to 'None'
[0.109s] Level 5:colcon.colcon_core.verb:set package 'psd_gazebo_worlds' build argument 'cmake_target' from command line to 'None'
[0.109s] Level 5:colcon.colcon_core.verb:set package 'psd_gazebo_worlds' build argument 'cmake_target_skip_unavailable' from command line to 'False'
[0.109s] Level 5:colcon.colcon_core.verb:set package 'psd_gazebo_worlds' build argument 'cmake_clean_cache' from command line to 'False'
[0.109s] Level 5:colcon.colcon_core.verb:set package 'psd_gazebo_worlds' build argument 'cmake_clean_first' from command line to 'False'
[0.109s] Level 5:colcon.colcon_core.verb:set package 'psd_gazebo_worlds' build argument 'cmake_force_configure' from command line to 'False'
[0.109s] Level 5:colcon.colcon_core.verb:set package 'psd_gazebo_worlds' build argument 'ament_cmake_args' from command line to 'None'
[0.109s] Level 5:colcon.colcon_core.verb:set package 'psd_gazebo_worlds' build argument 'catkin_cmake_args' from command line to 'None'
[0.109s] Level 5:colcon.colcon_core.verb:set package 'psd_gazebo_worlds' build argument 'catkin_skip_building_tests' from command line to 'False'
[0.109s] DEBUG:colcon.colcon_core.verb:Building package 'psd_gazebo_worlds' with the following arguments: {'ament_cmake_args': None, 'build_base': '/home/ubuntu/psd_ws/build/psd_gazebo_worlds', 'catkin_cmake_args': None, 'catkin_skip_building_tests': False, 'cmake_args': None, 'cmake_clean_cache': False, 'cmake_clean_first': False, 'cmake_force_configure': False, 'cmake_target': None, 'cmake_target_skip_unavailable': False, 'install_base': '/home/ubuntu/psd_ws/install/psd_gazebo_worlds', 'merge_install': False, 'path': '/home/ubuntu/psd_ws/src/psd_gazebo_worlds', 'symlink_install': True, 'test_result_base': None}
[0.109s] Level 5:colcon.colcon_core.verb:set package 'psd_vehicle_description' build argument 'cmake_args' from command line to 'None'
[0.109s] Level 5:colcon.colcon_core.verb:set package 'psd_vehicle_description' build argument 'cmake_target' from command line to 'None'
[0.109s] Level 5:colcon.colcon_core.verb:set package 'psd_vehicle_description' build argument 'cmake_target_skip_unavailable' from command line to 'False'
[0.109s] Level 5:colcon.colcon_core.verb:set package 'psd_vehicle_description' build argument 'cmake_clean_cache' from command line to 'False'
[0.109s] Level 5:colcon.colcon_core.verb:set package 'psd_vehicle_description' build argument 'cmake_clean_first' from command line to 'False'
[0.109s] Level 5:colcon.colcon_core.verb:set package 'psd_vehicle_description' build argument 'cmake_force_configure' from command line to 'False'
[0.109s] Level 5:colcon.colcon_core.verb:set package 'psd_vehicle_description' build argument 'ament_cmake_args' from command line to 'None'
[0.109s] Level 5:colcon.colcon_core.verb:set package 'psd_vehicle_description' build argument 'catkin_cmake_args' from command line to 'None'
[0.109s] Level 5:colcon.colcon_core.verb:set package 'psd_vehicle_description' build argument 'catkin_skip_building_tests' from command line to 'False'
[0.109s] DEBUG:colcon.colcon_core.verb:Building package 'psd_vehicle_description' with the following arguments: {'ament_cmake_args': None, 'build_base': '/home/ubuntu/psd_ws/build/psd_vehicle_description', 'catkin_cmake_args': None, 'catkin_skip_building_tests': False, 'cmake_args': None, 'cmake_clean_cache': False, 'cmake_clean_first': False, 'cmake_force_configure': False, 'cmake_target': None, 'cmake_target_skip_unavailable': False, 'install_base': '/home/ubuntu/psd_ws/install/psd_vehicle_description', 'merge_install': False, 'path': '/home/ubuntu/psd_ws/src/psd_vehicle_description', 'symlink_install': True, 'test_result_base': None}
[0.109s] Level 5:colcon.colcon_core.verb:set package 'gz_ros2_control_demos' build argument 'cmake_args' from command line to 'None'
[0.109s] Level 5:colcon.colcon_core.verb:set package 'gz_ros2_control_demos' build argument 'cmake_target' from command line to 'None'
[0.109s] Level 5:colcon.colcon_core.verb:set package 'gz_ros2_control_demos' build argument 'cmake_target_skip_unavailable' from command line to 'False'
[0.109s] Level 5:colcon.colcon_core.verb:set package 'gz_ros2_control_demos' build argument 'cmake_clean_cache' from command line to 'False'
[0.109s] Level 5:colcon.colcon_core.verb:set package 'gz_ros2_control_demos' build argument 'cmake_clean_first' from command line to 'False'
[0.109s] Level 5:colcon.colcon_core.verb:set package 'gz_ros2_control_demos' build argument 'cmake_force_configure' from command line to 'False'
[0.109s] Level 5:colcon.colcon_core.verb:set package 'gz_ros2_control_demos' build argument 'ament_cmake_args' from command line to 'None'
[0.109s] Level 5:colcon.colcon_core.verb:set package 'gz_ros2_control_demos' build argument 'catkin_cmake_args' from command line to 'None'
[0.109s] Level 5:colcon.colcon_core.verb:set package 'gz_ros2_control_demos' build argument 'catkin_skip_building_tests' from command line to 'False'
[0.109s] DEBUG:colcon.colcon_core.verb:Building package 'gz_ros2_control_demos' with the following arguments: {'ament_cmake_args': None, 'build_base': '/home/ubuntu/psd_ws/build/gz_ros2_control_demos', 'catkin_cmake_args': None, 'catkin_skip_building_tests': False, 'cmake_args': None, 'cmake_clean_cache': False, 'cmake_clean_first': False, 'cmake_force_configure': False, 'cmake_target': None, 'cmake_target_skip_unavailable': False, 'install_base': '/home/ubuntu/psd_ws/install/gz_ros2_control_demos', 'merge_install': False, 'path': '/home/ubuntu/psd_ws/src/gz_ros2_control/gz_ros2_control_demos', 'symlink_install': True, 'test_result_base': None}
[0.110s] Level 5:colcon.colcon_core.verb:set package 'gz_ros2_control_tests' build argument 'cmake_args' from command line to 'None'
[0.110s] Level 5:colcon.colcon_core.verb:set package 'gz_ros2_control_tests' build argument 'cmake_target' from command line to 'None'
[0.110s] Level 5:colcon.colcon_core.verb:set package 'gz_ros2_control_tests' build argument 'cmake_target_skip_unavailable' from command line to 'False'
[0.110s] Level 5:colcon.colcon_core.verb:set package 'gz_ros2_control_tests' build argument 'cmake_clean_cache' from command line to 'False'
[0.110s] Level 5:colcon.colcon_core.verb:set package 'gz_ros2_control_tests' build argument 'cmake_clean_first' from command line to 'False'
[0.110s] Level 5:colcon.colcon_core.verb:set package 'gz_ros2_control_tests' build argument 'cmake_force_configure' from command line to 'False'
[0.110s] Level 5:colcon.colcon_core.verb:set package 'gz_ros2_control_tests' build argument 'ament_cmake_args' from command line to 'None'
[0.110s] Level 5:colcon.colcon_core.verb:set package 'gz_ros2_control_tests' build argument 'catkin_cmake_args' from command line to 'None'
[0.110s] Level 5:colcon.colcon_core.verb:set package 'gz_ros2_control_tests' build argument 'catkin_skip_building_tests' from command line to 'False'
[0.110s] DEBUG:colcon.colcon_core.verb:Building package 'gz_ros2_control_tests' with the following arguments: {'ament_cmake_args': None, 'build_base': '/home/ubuntu/psd_ws/build/gz_ros2_control_tests', 'catkin_cmake_args': None, 'catkin_skip_building_tests': False, 'cmake_args': None, 'cmake_clean_cache': False, 'cmake_clean_first': False, 'cmake_force_configure': False, 'cmake_target': None, 'cmake_target_skip_unavailable': False, 'install_base': '/home/ubuntu/psd_ws/install/gz_ros2_control_tests', 'merge_install': False, 'path': '/home/ubuntu/psd_ws/src/gz_ros2_control/gz_ros2_control_tests', 'symlink_install': True, 'test_result_base': None}
[0.110s] Level 5:colcon.colcon_core.verb:set package 'psd_vehicle_bringup' build argument 'cmake_args' from command line to 'None'
[0.110s] Level 5:colcon.colcon_core.verb:set package 'psd_vehicle_bringup' build argument 'cmake_target' from command line to 'None'
[0.110s] Level 5:colcon.colcon_core.verb:set package 'psd_vehicle_bringup' build argument 'cmake_target_skip_unavailable' from command line to 'False'
[0.110s] Level 5:colcon.colcon_core.verb:set package 'psd_vehicle_bringup' build argument 'cmake_clean_cache' from command line to 'False'
[0.110s] Level 5:colcon.colcon_core.verb:set package 'psd_vehicle_bringup' build argument 'cmake_clean_first' from command line to 'False'
[0.110s] Level 5:colcon.colcon_core.verb:set package 'psd_vehicle_bringup' build argument 'cmake_force_configure' from command line to 'False'
[0.110s] Level 5:colcon.colcon_core.verb:set package 'psd_vehicle_bringup' build argument 'ament_cmake_args' from command line to 'None'
[0.110s] Level 5:colcon.colcon_core.verb:set package 'psd_vehicle_bringup' build argument 'catkin_cmake_args' from command line to 'None'
[0.110s] Level 5:colcon.colcon_core.verb:set package 'psd_vehicle_bringup' build argument 'catkin_skip_building_tests' from command line to 'False'
[0.110s] DEBUG:colcon.colcon_core.verb:Building package 'psd_vehicle_bringup' with the following arguments: {'ament_cmake_args': None, 'build_base': '/home/ubuntu/psd_ws/build/psd_vehicle_bringup', 'catkin_cmake_args': None, 'catkin_skip_building_tests': False, 'cmake_args': None, 'cmake_clean_cache': False, 'cmake_clean_first': False, 'cmake_force_configure': False, 'cmake_target': None, 'cmake_target_skip_unavailable': False, 'install_base': '/home/ubuntu/psd_ws/install/psd_vehicle_bringup', 'merge_install': False, 'path': '/home/ubuntu/psd_ws/src/psd_vehicle_bringup', 'symlink_install': True, 'test_result_base': None}
[0.110s] INFO:colcon.colcon_core.executor:Executing jobs using 'parallel' executor
[0.110s] DEBUG:colcon.colcon_parallel_executor.executor.parallel:run_until_complete
[0.111s] INFO:colcon.colcon_ros.task.ament_cmake.build:Building ROS package in '/home/ubuntu/psd_ws/src/gz_ros2_control/gz_ros2_control' with build type 'ament_cmake'
[0.111s] INFO:colcon.colcon_cmake.task.cmake.build:Building CMake package in '/home/ubuntu/psd_ws/src/gz_ros2_control/gz_ros2_control'
[0.112s] INFO:colcon.colcon_core.plugin_system:Skipping extension 'colcon_core.shell.bat': Not used on non-Windows systems
[0.112s] INFO:colcon.colcon_core.shell:Skip shell extension 'powershell' for command environment: Not usable outside of PowerShell
[0.112s] DEBUG:colcon.colcon_core.shell:Skip shell extension 'dsv' for command environment
[0.115s] INFO:colcon.colcon_ros.task.ament_cmake.build:Building ROS package in '/home/ubuntu/psd_ws/src/psd_vehicle_description' with build type 'ament_cmake'
[0.115s] INFO:colcon.colcon_cmake.task.cmake.build:Building CMake package in '/home/ubuntu/psd_ws/src/psd_vehicle_description'
[0.115s] INFO:colcon.colcon_core.shell:Skip shell extension 'powershell' for command environment: Not usable outside of PowerShell
[0.115s] DEBUG:colcon.colcon_core.shell:Skip shell extension 'dsv' for command environment
[0.118s] INFO:colcon.colcon_ros.task.ament_cmake.build:Building ROS package in '/home/ubuntu/psd_ws/src/psd_gazebo_worlds' with build type 'ament_cmake'
[0.118s] INFO:colcon.colcon_cmake.task.cmake.build:Building CMake package in '/home/ubuntu/psd_ws/src/psd_gazebo_worlds'
[0.118s] INFO:colcon.colcon_core.shell:Skip shell extension 'powershell' for command environment: Not usable outside of PowerShell
[0.118s] DEBUG:colcon.colcon_core.shell:Skip shell extension 'dsv' for command environment
[0.122s] DEBUG:colcon.colcon_core.event_handler.log_command:Invoking command in '/home/ubuntu/psd_ws/build/gz_ros2_control': CMAKE_PREFIX_PATH=${CMAKE_PREFIX_PATH}:/opt/ros/jazzy /usr/bin/cmake --build /home/ubuntu/psd_ws/build/gz_ros2_control -- -j20 -l20
[0.124s] DEBUG:colcon.colcon_core.event_handler.log_command:Invoking command in '/home/ubuntu/psd_ws/build/psd_vehicle_description': CMAKE_PREFIX_PATH=${CMAKE_PREFIX_PATH}:/opt/ros/jazzy /usr/bin/cmake --build /home/ubuntu/psd_ws/build/psd_vehicle_description -- -j20 -l20
[0.126s] DEBUG:colcon.colcon_core.event_handler.log_command:Invoking command in '/home/ubuntu/psd_ws/build/psd_gazebo_worlds': CMAKE_PREFIX_PATH=${CMAKE_PREFIX_PATH}:/opt/ros/jazzy /usr/bin/cmake --build /home/ubuntu/psd_ws/build/psd_gazebo_worlds -- -j20 -l20
[0.149s] DEBUG:colcon.colcon_core.event_handler.log_command:Invoked command in '/home/ubuntu/psd_ws/build/psd_vehicle_description' returned '0': CMAKE_PREFIX_PATH=${CMAKE_PREFIX_PATH}:/opt/ros/jazzy /usr/bin/cmake --build /home/ubuntu/psd_ws/build/psd_vehicle_description -- -j20 -l20
[0.156s] DEBUG:colcon.colcon_core.event_handler.log_command:Invoked command in '/home/ubuntu/psd_ws/build/psd_gazebo_worlds' returned '0': CMAKE_PREFIX_PATH=${CMAKE_PREFIX_PATH}:/opt/ros/jazzy /usr/bin/cmake --build /home/ubuntu/psd_ws/build/psd_gazebo_worlds -- -j20 -l20
[0.169s] DEBUG:colcon.colcon_core.event_handler.log_command:Invoking command in '/home/ubuntu/psd_ws/build/psd_vehicle_description': CMAKE_PREFIX_PATH=${CMAKE_PREFIX_PATH}:/opt/ros/jazzy /usr/bin/cmake --install /home/ubuntu/psd_ws/build/psd_vehicle_description
[0.174s] DEBUG:colcon.colcon_core.event_handler.log_command:Invoking command in '/home/ubuntu/psd_ws/build/psd_gazebo_worlds': CMAKE_PREFIX_PATH=${CMAKE_PREFIX_PATH}:/opt/ros/jazzy /usr/bin/cmake --install /home/ubuntu/psd_ws/build/psd_gazebo_worlds
[0.181s] DEBUG:colcon.colcon_core.event_handler.log_command:Invoked command in '/home/ubuntu/psd_ws/build/gz_ros2_control' returned '0': CMAKE_PREFIX_PATH=${CMAKE_PREFIX_PATH}:/opt/ros/jazzy /usr/bin/cmake --build /home/ubuntu/psd_ws/build/gz_ros2_control -- -j20 -l20
[0.185s] Level 1:colcon.colcon_core.environment:create_environment_scripts_only(psd_vehicle_description)
[0.185s] DEBUG:colcon.colcon_core.event_handler.log_command:Invoked command in '/home/ubuntu/psd_ws/build/psd_vehicle_description' returned '0': CMAKE_PREFIX_PATH=${CMAKE_PREFIX_PATH}:/opt/ros/jazzy /usr/bin/cmake --install /home/ubuntu/psd_ws/build/psd_vehicle_description
[0.187s] Level 1:colcon.colcon_core.environment:checking '/home/ubuntu/psd_ws/install/psd_vehicle_description' for CMake module files
[0.187s] Level 1:colcon.colcon_core.environment:checking '/home/ubuntu/psd_ws/install/psd_vehicle_description' for CMake config files
[0.188s] Level 1:colcon.colcon_core.shell:create_environment_hook('psd_vehicle_description', 'cmake_prefix_path')
[0.188s] INFO:colcon.colcon_core.shell:Creating environment hook '/home/ubuntu/psd_ws/install/psd_vehicle_description/share/psd_vehicle_description/hook/cmake_prefix_path.ps1'
[0.188s] INFO:colcon.colcon_core.shell:Creating environment descriptor '/home/ubuntu/psd_ws/install/psd_vehicle_description/share/psd_vehicle_description/hook/cmake_prefix_path.dsv'
[0.188s] INFO:colcon.colcon_core.shell:Creating environment hook '/home/ubuntu/psd_ws/install/psd_vehicle_description/share/psd_vehicle_description/hook/cmake_prefix_path.sh'
[0.189s] Level 1:colcon.colcon_core.environment:checking '/home/ubuntu/psd_ws/install/psd_vehicle_description/bin'
[0.189s] Level 1:colcon.colcon_core.environment:checking '/home/ubuntu/psd_ws/install/psd_vehicle_description/lib/pkgconfig/psd_vehicle_description.pc'
[0.190s] Level 1:colcon.colcon_core.environment:checking '/home/ubuntu/psd_ws/install/psd_vehicle_description/lib/python3.12/site-packages'
[0.190s] Level 1:colcon.colcon_core.environment:checking '/home/ubuntu/psd_ws/install/psd_vehicle_description/bin'
[0.190s] INFO:colcon.colcon_core.shell:Creating package script '/home/ubuntu/psd_ws/install/psd_vehicle_description/share/psd_vehicle_description/package.ps1'
[0.191s] INFO:colcon.colcon_core.shell:Creating package descriptor '/home/ubuntu/psd_ws/install/psd_vehicle_description/share/psd_vehicle_description/package.dsv'
[0.191s] INFO:colcon.colcon_core.shell:Creating package script '/home/ubuntu/psd_ws/install/psd_vehicle_description/share/psd_vehicle_description/package.sh'
[0.191s] INFO:colcon.colcon_core.shell:Creating package script '/home/ubuntu/psd_ws/install/psd_vehicle_description/share/psd_vehicle_description/package.bash'
[0.191s] INFO:colcon.colcon_core.shell:Creating package script '/home/ubuntu/psd_ws/install/psd_vehicle_description/share/psd_vehicle_description/package.zsh'
[0.192s] Level 1:colcon.colcon_core.environment:create_file_with_runtime_dependencies(/home/ubuntu/psd_ws/install/psd_vehicle_description/share/colcon-core/packages/psd_vehicle_description)
[0.193s] Level 1:colcon.colcon_core.environment:create_environment_scripts_only(psd_gazebo_worlds)
[0.193s] Level 1:colcon.colcon_core.environment:checking '/home/ubuntu/psd_ws/install/psd_gazebo_worlds' for CMake module files
[0.193s] DEBUG:colcon.colcon_core.event_handler.log_command:Invoked command in '/home/ubuntu/psd_ws/build/psd_gazebo_worlds' returned '0': CMAKE_PREFIX_PATH=${CMAKE_PREFIX_PATH}:/opt/ros/jazzy /usr/bin/cmake --install /home/ubuntu/psd_ws/build/psd_gazebo_worlds
[0.193s] Level 1:colcon.colcon_core.environment:checking '/home/ubuntu/psd_ws/install/psd_gazebo_worlds' for CMake config files
[0.194s] Level 1:colcon.colcon_core.shell:create_environment_hook('psd_gazebo_worlds', 'cmake_prefix_path')
[0.194s] INFO:colcon.colcon_core.shell:Creating environment hook '/home/ubuntu/psd_ws/install/psd_gazebo_worlds/share/psd_gazebo_worlds/hook/cmake_prefix_path.ps1'
[0.194s] INFO:colcon.colcon_core.shell:Creating environment descriptor '/home/ubuntu/psd_ws/install/psd_gazebo_worlds/share/psd_gazebo_worlds/hook/cmake_prefix_path.dsv'
[0.195s] INFO:colcon.colcon_core.shell:Creating environment hook '/home/ubuntu/psd_ws/install/psd_gazebo_worlds/share/psd_gazebo_worlds/hook/cmake_prefix_path.sh'
[0.195s] Level 1:colcon.colcon_core.environment:checking '/home/ubuntu/psd_ws/install/psd_gazebo_worlds/bin'
[0.195s] Level 1:colcon.colcon_core.environment:checking '/home/ubuntu/psd_ws/install/psd_gazebo_worlds/lib/pkgconfig/psd_gazebo_worlds.pc'
[0.195s] Level 1:colcon.colcon_core.environment:checking '/home/ubuntu/psd_ws/install/psd_gazebo_worlds/lib/python3.12/site-packages'
[0.196s] Level 1:colcon.colcon_core.environment:checking '/home/ubuntu/psd_ws/install/psd_gazebo_worlds/bin'
[0.196s] INFO:colcon.colcon_core.shell:Creating package script '/home/ubuntu/psd_ws/install/psd_gazebo_worlds/share/psd_gazebo_worlds/package.ps1'
[0.196s] INFO:colcon.colcon_core.shell:Creating package descriptor '/home/ubuntu/psd_ws/install/psd_gazebo_worlds/share/psd_gazebo_worlds/package.dsv'
[0.196s] INFO:colcon.colcon_core.shell:Creating package script '/home/ubuntu/psd_ws/install/psd_gazebo_worlds/share/psd_gazebo_worlds/package.sh'
[0.197s] INFO:colcon.colcon_core.shell:Creating package script '/home/ubuntu/psd_ws/install/psd_gazebo_worlds/share/psd_gazebo_worlds/package.bash'
[0.197s] INFO:colcon.colcon_core.shell:Creating package script '/home/ubuntu/psd_ws/install/psd_gazebo_worlds/share/psd_gazebo_worlds/package.zsh'
[0.197s] Level 1:colcon.colcon_core.environment:create_file_with_runtime_dependencies(/home/ubuntu/psd_ws/install/psd_gazebo_worlds/share/colcon-core/packages/psd_gazebo_worlds)
[0.200s] DEBUG:colcon.colcon_core.event_handler.log_command:Invoking command in '/home/ubuntu/psd_ws/build/gz_ros2_control': CMAKE_PREFIX_PATH=${CMAKE_PREFIX_PATH}:/opt/ros/jazzy /usr/bin/cmake --install /home/ubuntu/psd_ws/build/gz_ros2_control
[0.204s] Level 1:colcon.colcon_core.environment:create_environment_scripts_only(psd_vehicle_description)
[0.204s] Level 1:colcon.colcon_core.environment:checking '/home/ubuntu/psd_ws/install/psd_vehicle_description' for CMake module files
[0.205s] Level 1:colcon.colcon_core.environment:checking '/home/ubuntu/psd_ws/install/psd_vehicle_description' for CMake config files
[0.207s] Level 1:colcon.colcon_core.shell:create_environment_hook('psd_vehicle_description', 'cmake_prefix_path')
[0.207s] INFO:colcon.colcon_core.shell:Creating environment hook '/home/ubuntu/psd_ws/install/psd_vehicle_description/share/psd_vehicle_description/hook/cmake_prefix_path.ps1'
[0.207s] INFO:colcon.colcon_core.shell:Creating environment descriptor '/home/ubuntu/psd_ws/install/psd_vehicle_description/share/psd_vehicle_description/hook/cmake_prefix_path.dsv'
[0.208s] INFO:colcon.colcon_core.shell:Creating environment hook '/home/ubuntu/psd_ws/install/psd_vehicle_description/share/psd_vehicle_description/hook/cmake_prefix_path.sh'
[0.208s] Level 1:colcon.colcon_core.environment:checking '/home/ubuntu/psd_ws/install/psd_vehicle_description/bin'
[0.208s] Level 1:colcon.colcon_core.environment:checking '/home/ubuntu/psd_ws/install/psd_vehicle_description/lib/pkgconfig/psd_vehicle_description.pc'
[0.208s] Level 1:colcon.colcon_core.environment:checking '/home/ubuntu/psd_ws/install/psd_vehicle_description/lib/python3.12/site-packages'
[0.208s] Level 1:colcon.colcon_core.environment:checking '/home/ubuntu/psd_ws/install/psd_vehicle_description/bin'
[0.208s] INFO:colcon.colcon_core.shell:Creating package script '/home/ubuntu/psd_ws/install/psd_vehicle_description/share/psd_vehicle_description/package.ps1'
[0.209s] INFO:colcon.colcon_core.shell:Creating package descriptor '/home/ubuntu/psd_ws/install/psd_vehicle_description/share/psd_vehicle_description/package.dsv'
[0.209s] INFO:colcon.colcon_core.shell:Creating package script '/home/ubuntu/psd_ws/install/psd_vehicle_description/share/psd_vehicle_description/package.sh'
[0.209s] INFO:colcon.colcon_core.shell:Creating package script '/home/ubuntu/psd_ws/install/psd_vehicle_description/share/psd_vehicle_description/package.bash'
[0.209s] INFO:colcon.colcon_core.shell:Creating package script '/home/ubuntu/psd_ws/install/psd_vehicle_description/share/psd_vehicle_description/package.zsh'
[0.210s] Level 1:colcon.colcon_core.environment:create_file_with_runtime_dependencies(/home/ubuntu/psd_ws/install/psd_vehicle_description/share/colcon-core/packages/psd_vehicle_description)
[0.210s] INFO:colcon.colcon_ros.task.ament_cmake.build:Building ROS package in '/home/ubuntu/psd_ws/src/psd_vehicle_bringup' with build type 'ament_cmake'
[0.210s] INFO:colcon.colcon_cmake.task.cmake.build:Building CMake package in '/home/ubuntu/psd_ws/src/psd_vehicle_bringup'
[0.210s] INFO:colcon.colcon_core.shell:Skip shell extension 'powershell' for command environment: Not usable outside of PowerShell
[0.210s] DEBUG:colcon.colcon_core.shell:Skip shell extension 'dsv' for command environment
[0.214s] Level 1:colcon.colcon_core.environment:create_environment_scripts_only(psd_gazebo_worlds)
[0.214s] Level 1:colcon.colcon_core.environment:checking '/home/ubuntu/psd_ws/install/psd_gazebo_worlds' for CMake module files
[0.214s] Level 1:colcon.colcon_core.environment:checking '/home/ubuntu/psd_ws/install/psd_gazebo_worlds' for CMake config files
[0.215s] Level 1:colcon.colcon_core.shell:create_environment_hook('psd_gazebo_worlds', 'cmake_prefix_path')
[0.215s] INFO:colcon.colcon_core.shell:Creating environment hook '/home/ubuntu/psd_ws/install/psd_gazebo_worlds/share/psd_gazebo_worlds/hook/cmake_prefix_path.ps1'
[0.215s] INFO:colcon.colcon_core.shell:Creating environment descriptor '/home/ubuntu/psd_ws/install/psd_gazebo_worlds/share/psd_gazebo_worlds/hook/cmake_prefix_path.dsv'
[0.215s] INFO:colcon.colcon_core.shell:Creating environment hook '/home/ubuntu/psd_ws/install/psd_gazebo_worlds/share/psd_gazebo_worlds/hook/cmake_prefix_path.sh'
[0.215s] Level 1:colcon.colcon_core.environment:checking '/home/ubuntu/psd_ws/install/psd_gazebo_worlds/bin'
[0.215s] Level 1:colcon.colcon_core.environment:checking '/home/ubuntu/psd_ws/install/psd_gazebo_worlds/lib/pkgconfig/psd_gazebo_worlds.pc'
[0.216s] Level 1:colcon.colcon_core.environment:checking '/home/ubuntu/psd_ws/install/psd_gazebo_worlds/lib/python3.12/site-packages'
[0.216s] Level 1:colcon.colcon_core.environment:checking '/home/ubuntu/psd_ws/install/psd_gazebo_worlds/bin'
[0.216s] INFO:colcon.colcon_core.shell:Creating package script '/home/ubuntu/psd_ws/install/psd_gazebo_worlds/share/psd_gazebo_worlds/package.ps1'
[0.216s] INFO:colcon.colcon_core.shell:Creating package descriptor '/home/ubuntu/psd_ws/install/psd_gazebo_worlds/share/psd_gazebo_worlds/package.dsv'
[0.216s] INFO:colcon.colcon_core.shell:Creating package script '/home/ubuntu/psd_ws/install/psd_gazebo_worlds/share/psd_gazebo_worlds/package.sh'
[0.217s] INFO:colcon.colcon_core.shell:Creating package script '/home/ubuntu/psd_ws/install/psd_gazebo_worlds/share/psd_gazebo_worlds/package.bash'
[0.217s] INFO:colcon.colcon_core.shell:Creating package script '/home/ubuntu/psd_ws/install/psd_gazebo_worlds/share/psd_gazebo_worlds/package.zsh'
[0.217s] Level 1:colcon.colcon_core.environment:create_file_with_runtime_dependencies(/home/ubuntu/psd_ws/install/psd_gazebo_worlds/share/colcon-core/packages/psd_gazebo_worlds)
[0.218s] Level 1:colcon.colcon_core.environment:create_environment_scripts_only(gz_ros2_control)
[0.219s] Level 1:colcon.colcon_core.environment:checking '/home/ubuntu/psd_ws/install/gz_ros2_control' for CMake module files
[0.219s] DEBUG:colcon.colcon_core.event_handler.log_command:Invoked command in '/home/ubuntu/psd_ws/build/gz_ros2_control' returned '0': CMAKE_PREFIX_PATH=${CMAKE_PREFIX_PATH}:/opt/ros/jazzy /usr/bin/cmake --install /home/ubuntu/psd_ws/build/gz_ros2_control
[0.219s] Level 1:colcon.colcon_core.environment:checking '/home/ubuntu/psd_ws/install/gz_ros2_control' for CMake config files
[0.220s] Level 1:colcon.colcon_core.shell:create_environment_hook('gz_ros2_control', 'cmake_prefix_path')
[0.220s] INFO:colcon.colcon_core.shell:Creating environment hook '/home/ubuntu/psd_ws/install/gz_ros2_control/share/gz_ros2_control/hook/cmake_prefix_path.ps1'
[0.220s] INFO:colcon.colcon_core.shell:Creating environment descriptor '/home/ubuntu/psd_ws/install/gz_ros2_control/share/gz_ros2_control/hook/cmake_prefix_path.dsv'
[0.221s] INFO:colcon.colcon_core.shell:Creating environment hook '/home/ubuntu/psd_ws/install/gz_ros2_control/share/gz_ros2_control/hook/cmake_prefix_path.sh'
[0.221s] Level 1:colcon.colcon_core.environment:checking '/home/ubuntu/psd_ws/install/gz_ros2_control/lib'
[0.221s] Level 1:colcon.colcon_core.shell:create_environment_hook('gz_ros2_control', 'ld_library_path_lib')
[0.221s] INFO:colcon.colcon_core.shell:Creating environment hook '/home/ubuntu/psd_ws/install/gz_ros2_control/share/gz_ros2_control/hook/ld_library_path_lib.ps1'
[0.221s] INFO:colcon.colcon_core.shell:Creating environment descriptor '/home/ubuntu/psd_ws/install/gz_ros2_control/share/gz_ros2_control/hook/ld_library_path_lib.dsv'
[0.222s] INFO:colcon.colcon_core.shell:Creating environment hook '/home/ubuntu/psd_ws/install/gz_ros2_control/share/gz_ros2_control/hook/ld_library_path_lib.sh'
[0.222s] Level 1:colcon.colcon_core.environment:checking '/home/ubuntu/psd_ws/install/gz_ros2_control/bin'
[0.222s] Level 1:colcon.colcon_core.environment:checking '/home/ubuntu/psd_ws/install/gz_ros2_control/lib/pkgconfig/gz_ros2_control.pc'
[0.222s] Level 1:colcon.colcon_core.environment:checking '/home/ubuntu/psd_ws/install/gz_ros2_control/lib/python3.12/site-packages'
[0.222s] Level 1:colcon.colcon_core.environment:checking '/home/ubuntu/psd_ws/install/gz_ros2_control/bin'
[0.222s] INFO:colcon.colcon_core.shell:Creating package script '/home/ubuntu/psd_ws/install/gz_ros2_control/share/gz_ros2_control/package.ps1'
[0.222s] INFO:colcon.colcon_core.shell:Creating package descriptor '/home/ubuntu/psd_ws/install/gz_ros2_control/share/gz_ros2_control/package.dsv'
[0.223s] INFO:colcon.colcon_core.shell:Creating package script '/home/ubuntu/psd_ws/install/gz_ros2_control/share/gz_ros2_control/package.sh'
[0.223s] INFO:colcon.colcon_core.shell:Creating package script '/home/ubuntu/psd_ws/install/gz_ros2_control/share/gz_ros2_control/package.bash'
[0.223s] INFO:colcon.colcon_core.shell:Creating package script '/home/ubuntu/psd_ws/install/gz_ros2_control/share/gz_ros2_control/package.zsh'
[0.223s] Level 1:colcon.colcon_core.environment:create_file_with_runtime_dependencies(/home/ubuntu/psd_ws/install/gz_ros2_control/share/colcon-core/packages/gz_ros2_control)
[0.225s] DEBUG:colcon.colcon_core.event_handler.log_command:Invoking command in '/home/ubuntu/psd_ws/build/psd_vehicle_bringup': CMAKE_PREFIX_PATH=/home/ubuntu/psd_ws/install/psd_vehicle_description:/home/ubuntu/psd_ws/install/psd_vehicle_bringup:/home/ubuntu/psd_ws/install/psd_gazebo_worlds:/home/ubuntu/psd_ws/install/gz_ros2_control_tests:/home/ubuntu/psd_ws/install/gz_ros2_control_demos:/home/ubuntu/psd_ws/install/gz_ros2_control:/opt/ros/jazzy/opt/gz_sim_vendor:/opt/ros/jazzy/opt/gz_sensors_vendor:/opt/ros/jazzy/opt/gz_physics_vendor:/opt/ros/jazzy/opt/sdformat_vendor:/opt/ros/jazzy/opt/gz_gui_vendor:/opt/ros/jazzy/opt/gz_transport_vendor:/opt/ros/jazzy/opt/gz_rendering_vendor:/opt/ros/jazzy/opt/gz_plugin_vendor:/opt/ros/jazzy/opt/gz_fuel_tools_vendor:/opt/ros/jazzy/opt/gz_msgs_vendor:/opt/ros/jazzy/opt/gz_common_vendor:/opt/ros/jazzy/opt/gz_math_vendor:/opt/ros/jazzy/opt/gz_utils_vendor:/opt/ros/jazzy/opt/gz_tools_vendor:/opt/ros/jazzy/opt/gz_ogre_next_vendor:/opt/ros/jazzy/opt/gz_dartsim_vendor:/opt/ros/jazzy/opt/gz_cmake_vendor:/opt/ros/jazzy /usr/bin/cmake --build /home/ubuntu/psd_ws/build/psd_vehicle_bringup -- -j20 -l20
[0.242s] Level 1:colcon.colcon_core.environment:create_environment_scripts_only(gz_ros2_control)
[0.242s] Level 1:colcon.colcon_core.environment:checking '/home/ubuntu/psd_ws/install/gz_ros2_control' for CMake module files
[0.243s] Level 1:colcon.colcon_core.environment:checking '/home/ubuntu/psd_ws/install/gz_ros2_control' for CMake config files
[0.243s] Level 1:colcon.colcon_core.shell:create_environment_hook('gz_ros2_control', 'cmake_prefix_path')
[0.243s] INFO:colcon.colcon_core.shell:Creating environment hook '/home/ubuntu/psd_ws/install/gz_ros2_control/share/gz_ros2_control/hook/cmake_prefix_path.ps1'
[0.243s] INFO:colcon.colcon_core.shell:Creating environment descriptor '/home/ubuntu/psd_ws/install/gz_ros2_control/share/gz_ros2_control/hook/cmake_prefix_path.dsv'
[0.244s] INFO:colcon.colcon_core.shell:Creating environment hook '/home/ubuntu/psd_ws/install/gz_ros2_control/share/gz_ros2_control/hook/cmake_prefix_path.sh'
[0.244s] Level 1:colcon.colcon_core.environment:checking '/home/ubuntu/psd_ws/install/gz_ros2_control/lib'
[0.244s] Level 1:colcon.colcon_core.shell:create_environment_hook('gz_ros2_control', 'ld_library_path_lib')
[0.244s] INFO:colcon.colcon_core.shell:Creating environment hook '/home/ubuntu/psd_ws/install/gz_ros2_control/share/gz_ros2_control/hook/ld_library_path_lib.ps1'
[0.244s] INFO:colcon.colcon_core.shell:Creating environment descriptor '/home/ubuntu/psd_ws/install/gz_ros2_control/share/gz_ros2_control/hook/ld_library_path_lib.dsv'
[0.245s] INFO:colcon.colcon_core.shell:Creating environment hook '/home/ubuntu/psd_ws/install/gz_ros2_control/share/gz_ros2_control/hook/ld_library_path_lib.sh'
[0.245s] Level 1:colcon.colcon_core.environment:checking '/home/ubuntu/psd_ws/install/gz_ros2_control/bin'
[0.245s] Level 1:colcon.colcon_core.environment:checking '/home/ubuntu/psd_ws/install/gz_ros2_control/lib/pkgconfig/gz_ros2_control.pc'
[0.245s] Level 1:colcon.colcon_core.environment:checking '/home/ubuntu/psd_ws/install/gz_ros2_control/lib/python3.12/site-packages'
[0.245s] Level 1:colcon.colcon_core.environment:checking '/home/ubuntu/psd_ws/install/gz_ros2_control/bin'
[0.245s] INFO:colcon.colcon_core.shell:Creating package script '/home/ubuntu/psd_ws/install/gz_ros2_control/share/gz_ros2_control/package.ps1'
[0.246s] INFO:colcon.colcon_core.shell:Creating package descriptor '/home/ubuntu/psd_ws/install/gz_ros2_control/share/gz_ros2_control/package.dsv'
[0.246s] INFO:colcon.colcon_core.shell:Creating package script '/home/ubuntu/psd_ws/install/gz_ros2_control/share/gz_ros2_control/package.sh'
[0.246s] INFO:colcon.colcon_core.shell:Creating package script '/home/ubuntu/psd_ws/install/gz_ros2_control/share/gz_ros2_control/package.bash'
[0.246s] INFO:colcon.colcon_core.shell:Creating package script '/home/ubuntu/psd_ws/install/gz_ros2_control/share/gz_ros2_control/package.zsh'
[0.246s] Level 1:colcon.colcon_core.environment:create_file_with_runtime_dependencies(/home/ubuntu/psd_ws/install/gz_ros2_control/share/colcon-core/packages/gz_ros2_control)
[0.247s] INFO:colcon.colcon_ros.task.ament_cmake.build:Building ROS package in '/home/ubuntu/psd_ws/src/gz_ros2_control/gz_ros2_control_demos' with build type 'ament_cmake'
[0.247s] INFO:colcon.colcon_cmake.task.cmake.build:Building CMake package in '/home/ubuntu/psd_ws/src/gz_ros2_control/gz_ros2_control_demos'
[0.247s] INFO:colcon.colcon_core.shell:Skip shell extension 'powershell' for command environment: Not usable outside of PowerShell
[0.247s] DEBUG:colcon.colcon_core.shell:Skip shell extension 'dsv' for command environment
[0.250s] INFO:colcon.colcon_ros.task.ament_cmake.build:Building ROS package in '/home/ubuntu/psd_ws/src/gz_ros2_control/gz_ros2_control_tests' with build type 'ament_cmake'
[0.250s] INFO:colcon.colcon_cmake.task.cmake.build:Building CMake package in '/home/ubuntu/psd_ws/src/gz_ros2_control/gz_ros2_control_tests'
[0.250s] INFO:colcon.colcon_core.shell:Skip shell extension 'powershell' for command environment: Not usable outside of PowerShell
[0.250s] DEBUG:colcon.colcon_core.shell:Skip shell extension 'dsv' for command environment
[0.255s] DEBUG:colcon.colcon_core.event_handler.log_command:Invoking command in '/home/ubuntu/psd_ws/build/gz_ros2_control_demos': CMAKE_PREFIX_PATH=/home/ubuntu/psd_ws/install/gz_ros2_control:/home/ubuntu/psd_ws/install/psd_vehicle_bringup:/home/ubuntu/psd_ws/install/psd_vehicle_description:/home/ubuntu/psd_ws/install/psd_gazebo_worlds:/home/ubuntu/psd_ws/install/gz_ros2_control_tests:/home/ubuntu/psd_ws/install/gz_ros2_control_demos:/opt/ros/jazzy/opt/gz_sim_vendor:/opt/ros/jazzy/opt/gz_sensors_vendor:/opt/ros/jazzy/opt/gz_physics_vendor:/opt/ros/jazzy/opt/sdformat_vendor:/opt/ros/jazzy/opt/gz_gui_vendor:/opt/ros/jazzy/opt/gz_transport_vendor:/opt/ros/jazzy/opt/gz_rendering_vendor:/opt/ros/jazzy/opt/gz_plugin_vendor:/opt/ros/jazzy/opt/gz_fuel_tools_vendor:/opt/ros/jazzy/opt/gz_msgs_vendor:/opt/ros/jazzy/opt/gz_common_vendor:/opt/ros/jazzy/opt/gz_math_vendor:/opt/ros/jazzy/opt/gz_utils_vendor:/opt/ros/jazzy/opt/gz_tools_vendor:/opt/ros/jazzy/opt/gz_ogre_next_vendor:/opt/ros/jazzy/opt/gz_dartsim_vendor:/opt/ros/jazzy/opt/gz_cmake_vendor:/opt/ros/jazzy /usr/bin/cmake --build /home/ubuntu/psd_ws/build/gz_ros2_control_demos -- -j20 -l20
[0.255s] DEBUG:colcon.colcon_core.event_handler.log_command:Invoked command in '/home/ubuntu/psd_ws/build/psd_vehicle_bringup' returned '0': CMAKE_PREFIX_PATH=/home/ubuntu/psd_ws/install/psd_vehicle_description:/home/ubuntu/psd_ws/install/psd_vehicle_bringup:/home/ubuntu/psd_ws/install/psd_gazebo_worlds:/home/ubuntu/psd_ws/install/gz_ros2_control_tests:/home/ubuntu/psd_ws/install/gz_ros2_control_demos:/home/ubuntu/psd_ws/install/gz_ros2_control:/opt/ros/jazzy/opt/gz_sim_vendor:/opt/ros/jazzy/opt/gz_sensors_vendor:/opt/ros/jazzy/opt/gz_physics_vendor:/opt/ros/jazzy/opt/sdformat_vendor:/opt/ros/jazzy/opt/gz_gui_vendor:/opt/ros/jazzy/opt/gz_transport_vendor:/opt/ros/jazzy/opt/gz_rendering_vendor:/opt/ros/jazzy/opt/gz_plugin_vendor:/opt/ros/jazzy/opt/gz_fuel_tools_vendor:/opt/ros/jazzy/opt/gz_msgs_vendor:/opt/ros/jazzy/opt/gz_common_vendor:/opt/ros/jazzy/opt/gz_math_vendor:/opt/ros/jazzy/opt/gz_utils_vendor:/opt/ros/jazzy/opt/gz_tools_vendor:/opt/ros/jazzy/opt/gz_ogre_next_vendor:/opt/ros/jazzy/opt/gz_dartsim_vendor:/opt/ros/jazzy/opt/gz_cmake_vendor:/opt/ros/jazzy /usr/bin/cmake --build /home/ubuntu/psd_ws/build/psd_vehicle_bringup -- -j20 -l20
[0.257s] DEBUG:colcon.colcon_core.event_handler.log_command:Invoking command in '/home/ubuntu/psd_ws/build/gz_ros2_control_tests': CMAKE_PREFIX_PATH=/home/ubuntu/psd_ws/install/gz_ros2_control:/home/ubuntu/psd_ws/install/psd_vehicle_bringup:/home/ubuntu/psd_ws/install/psd_vehicle_description:/home/ubuntu/psd_ws/install/psd_gazebo_worlds:/home/ubuntu/psd_ws/install/gz_ros2_control_tests:/home/ubuntu/psd_ws/install/gz_ros2_control_demos:/opt/ros/jazzy/opt/gz_sim_vendor:/opt/ros/jazzy/opt/gz_sensors_vendor:/opt/ros/jazzy/opt/gz_physics_vendor:/opt/ros/jazzy/opt/sdformat_vendor:/opt/ros/jazzy/opt/gz_gui_vendor:/opt/ros/jazzy/opt/gz_transport_vendor:/opt/ros/jazzy/opt/gz_rendering_vendor:/opt/ros/jazzy/opt/gz_plugin_vendor:/opt/ros/jazzy/opt/gz_fuel_tools_vendor:/opt/ros/jazzy/opt/gz_msgs_vendor:/opt/ros/jazzy/opt/gz_common_vendor:/opt/ros/jazzy/opt/gz_math_vendor:/opt/ros/jazzy/opt/gz_utils_vendor:/opt/ros/jazzy/opt/gz_tools_vendor:/opt/ros/jazzy/opt/gz_ogre_next_vendor:/opt/ros/jazzy/opt/gz_dartsim_vendor:/opt/ros/jazzy/opt/gz_cmake_vendor:/opt/ros/jazzy /usr/bin/cmake --build /home/ubuntu/psd_ws/build/gz_ros2_control_tests -- -j20 -l20
[0.269s] DEBUG:colcon.colcon_core.event_handler.log_command:Invoking command in '/home/ubuntu/psd_ws/build/psd_vehicle_bringup': CMAKE_PREFIX_PATH=/home/ubuntu/psd_ws/install/psd_vehicle_description:/home/ubuntu/psd_ws/install/psd_vehicle_bringup:/home/ubuntu/psd_ws/install/psd_gazebo_worlds:/home/ubuntu/psd_ws/install/gz_ros2_control_tests:/home/ubuntu/psd_ws/install/gz_ros2_control_demos:/home/ubuntu/psd_ws/install/gz_ros2_control:/opt/ros/jazzy/opt/gz_sim_vendor:/opt/ros/jazzy/opt/gz_sensors_vendor:/opt/ros/jazzy/opt/gz_physics_vendor:/opt/ros/jazzy/opt/sdformat_vendor:/opt/ros/jazzy/opt/gz_gui_vendor:/opt/ros/jazzy/opt/gz_transport_vendor:/opt/ros/jazzy/opt/gz_rendering_vendor:/opt/ros/jazzy/opt/gz_plugin_vendor:/opt/ros/jazzy/opt/gz_fuel_tools_vendor:/opt/ros/jazzy/opt/gz_msgs_vendor:/opt/ros/jazzy/opt/gz_common_vendor:/opt/ros/jazzy/opt/gz_math_vendor:/opt/ros/jazzy/opt/gz_utils_vendor:/opt/ros/jazzy/opt/gz_tools_vendor:/opt/ros/jazzy/opt/gz_ogre_next_vendor:/opt/ros/jazzy/opt/gz_dartsim_vendor:/opt/ros/jazzy/opt/gz_cmake_vendor:/opt/ros/jazzy /usr/bin/cmake --install /home/ubuntu/psd_ws/build/psd_vehicle_bringup
[0.283s] Level 1:colcon.colcon_core.environment:create_environment_scripts_only(psd_vehicle_bringup)
[0.283s] Level 1:colcon.colcon_core.environment:checking '/home/ubuntu/psd_ws/install/psd_vehicle_bringup' for CMake module files
[0.284s] DEBUG:colcon.colcon_core.event_handler.log_command:Invoked command in '/home/ubuntu/psd_ws/build/psd_vehicle_bringup' returned '0': CMAKE_PREFIX_PATH=/home/ubuntu/psd_ws/install/psd_vehicle_description:/home/ubuntu/psd_ws/install/psd_vehicle_bringup:/home/ubuntu/psd_ws/install/psd_gazebo_worlds:/home/ubuntu/psd_ws/install/gz_ros2_control_tests:/home/ubuntu/psd_ws/install/gz_ros2_control_demos:/home/ubuntu/psd_ws/install/gz_ros2_control:/opt/ros/jazzy/opt/gz_sim_vendor:/opt/ros/jazzy/opt/gz_sensors_vendor:/opt/ros/jazzy/opt/gz_physics_vendor:/opt/ros/jazzy/opt/sdformat_vendor:/opt/ros/jazzy/opt/gz_gui_vendor:/opt/ros/jazzy/opt/gz_transport_vendor:/opt/ros/jazzy/opt/gz_rendering_vendor:/opt/ros/jazzy/opt/gz_plugin_vendor:/opt/ros/jazzy/opt/gz_fuel_tools_vendor:/opt/ros/jazzy/opt/gz_msgs_vendor:/opt/ros/jazzy/opt/gz_common_vendor:/opt/ros/jazzy/opt/gz_math_vendor:/opt/ros/jazzy/opt/gz_utils_vendor:/opt/ros/jazzy/opt/gz_tools_vendor:/opt/ros/jazzy/opt/gz_ogre_next_vendor:/opt/ros/jazzy/opt/gz_dartsim_vendor:/opt/ros/jazzy/opt/gz_cmake_vendor:/opt/ros/jazzy /usr/bin/cmake --install /home/ubuntu/psd_ws/build/psd_vehicle_bringup
[0.284s] Level 1:colcon.colcon_core.environment:checking '/home/ubuntu/psd_ws/install/psd_vehicle_bringup' for CMake config files
[0.285s] Level 1:colcon.colcon_core.shell:create_environment_hook('psd_vehicle_bringup', 'cmake_prefix_path')
[0.285s] INFO:colcon.colcon_core.shell:Creating environment hook '/home/ubuntu/psd_ws/install/psd_vehicle_bringup/share/psd_vehicle_bringup/hook/cmake_prefix_path.ps1'
[0.285s] INFO:colcon.colcon_core.shell:Creating environment descriptor '/home/ubuntu/psd_ws/install/psd_vehicle_bringup/share/psd_vehicle_bringup/hook/cmake_prefix_path.dsv'
[0.286s] INFO:colcon.colcon_core.shell:Creating environment hook '/home/ubuntu/psd_ws/install/psd_vehicle_bringup/share/psd_vehicle_bringup/hook/cmake_prefix_path.sh'
[0.286s] Level 1:colcon.colcon_core.environment:checking '/home/ubuntu/psd_ws/install/psd_vehicle_bringup/bin'
[0.286s] Level 1:colcon.colcon_core.environment:checking '/home/ubuntu/psd_ws/install/psd_vehicle_bringup/lib/pkgconfig/psd_vehicle_bringup.pc'
[0.287s] Level 1:colcon.colcon_core.environment:checking '/home/ubuntu/psd_ws/install/psd_vehicle_bringup/lib/python3.12/site-packages'
[0.287s] Level 1:colcon.colcon_core.environment:checking '/home/ubuntu/psd_ws/install/psd_vehicle_bringup/bin'
[0.287s] INFO:colcon.colcon_core.shell:Creating package script '/home/ubuntu/psd_ws/install/psd_vehicle_bringup/share/psd_vehicle_bringup/package.ps1'
[0.287s] INFO:colcon.colcon_core.shell:Creating package descriptor '/home/ubuntu/psd_ws/install/psd_vehicle_bringup/share/psd_vehicle_bringup/package.dsv'
[0.288s] INFO:colcon.colcon_core.shell:Creating package script '/home/ubuntu/psd_ws/install/psd_vehicle_bringup/share/psd_vehicle_bringup/package.sh'
[0.288s] INFO:colcon.colcon_core.shell:Creating package script '/home/ubuntu/psd_ws/install/psd_vehicle_bringup/share/psd_vehicle_bringup/package.bash'
[0.289s] INFO:colcon.colcon_core.shell:Creating package script '/home/ubuntu/psd_ws/install/psd_vehicle_bringup/share/psd_vehicle_bringup/package.zsh'
[0.289s] Level 1:colcon.colcon_core.environment:create_file_with_runtime_dependencies(/home/ubuntu/psd_ws/install/psd_vehicle_bringup/share/colcon-core/packages/psd_vehicle_bringup)
[0.304s] Level 1:colcon.colcon_core.environment:create_environment_scripts_only(psd_vehicle_bringup)
[0.304s] Level 1:colcon.colcon_core.environment:checking '/home/ubuntu/psd_ws/install/psd_vehicle_bringup' for CMake module files
[0.305s] Level 1:colcon.colcon_core.environment:checking '/home/ubuntu/psd_ws/install/psd_vehicle_bringup' for CMake config files
[0.305s] Level 1:colcon.colcon_core.shell:create_environment_hook('psd_vehicle_bringup', 'cmake_prefix_path')
[0.306s] INFO:colcon.colcon_core.shell:Creating environment hook '/home/ubuntu/psd_ws/install/psd_vehicle_bringup/share/psd_vehicle_bringup/hook/cmake_prefix_path.ps1'
[0.306s] INFO:colcon.colcon_core.shell:Creating environment descriptor '/home/ubuntu/psd_ws/install/psd_vehicle_bringup/share/psd_vehicle_bringup/hook/cmake_prefix_path.dsv'
[0.307s] INFO:colcon.colcon_core.shell:Creating environment hook '/home/ubuntu/psd_ws/install/psd_vehicle_bringup/share/psd_vehicle_bringup/hook/cmake_prefix_path.sh'
[0.307s] Level 1:colcon.colcon_core.environment:checking '/home/ubuntu/psd_ws/install/psd_vehicle_bringup/bin'
[0.307s] Level 1:colcon.colcon_core.environment:checking '/home/ubuntu/psd_ws/install/psd_vehicle_bringup/lib/pkgconfig/psd_vehicle_bringup.pc'
[0.307s] Level 1:colcon.colcon_core.environment:checking '/home/ubuntu/psd_ws/install/psd_vehicle_bringup/lib/python3.12/site-packages'
[0.308s] Level 1:colcon.colcon_core.environment:checking '/home/ubuntu/psd_ws/install/psd_vehicle_bringup/bin'
[0.308s] INFO:colcon.colcon_core.shell:Creating package script '/home/ubuntu/psd_ws/install/psd_vehicle_bringup/share/psd_vehicle_bringup/package.ps1'
[0.308s] INFO:colcon.colcon_core.shell:Creating package descriptor '/home/ubuntu/psd_ws/install/psd_vehicle_bringup/share/psd_vehicle_bringup/package.dsv'
[0.309s] INFO:colcon.colcon_core.shell:Creating package script '/home/ubuntu/psd_ws/install/psd_vehicle_bringup/share/psd_vehicle_bringup/package.sh'
[0.309s] INFO:colcon.colcon_core.shell:Creating package script '/home/ubuntu/psd_ws/install/psd_vehicle_bringup/share/psd_vehicle_bringup/package.bash'
[0.310s] INFO:colcon.colcon_core.shell:Creating package script '/home/ubuntu/psd_ws/install/psd_vehicle_bringup/share/psd_vehicle_bringup/package.zsh'
[0.310s] Level 1:colcon.colcon_core.environment:create_file_with_runtime_dependencies(/home/ubuntu/psd_ws/install/psd_vehicle_bringup/share/colcon-core/packages/psd_vehicle_bringup)
[0.312s] DEBUG:colcon.colcon_core.event_handler.log_command:Invoked command in '/home/ubuntu/psd_ws/build/gz_ros2_control_tests' returned '0': CMAKE_PREFIX_PATH=/home/ubuntu/psd_ws/install/gz_ros2_control:/home/ubuntu/psd_ws/install/psd_vehicle_bringup:/home/ubuntu/psd_ws/install/psd_vehicle_description:/home/ubuntu/psd_ws/install/psd_gazebo_worlds:/home/ubuntu/psd_ws/install/gz_ros2_control_tests:/home/ubuntu/psd_ws/install/gz_ros2_control_demos:/opt/ros/jazzy/opt/gz_sim_vendor:/opt/ros/jazzy/opt/gz_sensors_vendor:/opt/ros/jazzy/opt/gz_physics_vendor:/opt/ros/jazzy/opt/sdformat_vendor:/opt/ros/jazzy/opt/gz_gui_vendor:/opt/ros/jazzy/opt/gz_transport_vendor:/opt/ros/jazzy/opt/gz_rendering_vendor:/opt/ros/jazzy/opt/gz_plugin_vendor:/opt/ros/jazzy/opt/gz_fuel_tools_vendor:/opt/ros/jazzy/opt/gz_msgs_vendor:/opt/ros/jazzy/opt/gz_common_vendor:/opt/ros/jazzy/opt/gz_math_vendor:/opt/ros/jazzy/opt/gz_utils_vendor:/opt/ros/jazzy/opt/gz_tools_vendor:/opt/ros/jazzy/opt/gz_ogre_next_vendor:/opt/ros/jazzy/opt/gz_dartsim_vendor:/opt/ros/jazzy/opt/gz_cmake_vendor:/opt/ros/jazzy /usr/bin/cmake --build /home/ubuntu/psd_ws/build/gz_ros2_control_tests -- -j20 -l20
[0.314s] DEBUG:colcon.colcon_core.event_handler.log_command:Invoked command in '/home/ubuntu/psd_ws/build/gz_ros2_control_demos' returned '0': CMAKE_PREFIX_PATH=/home/ubuntu/psd_ws/install/gz_ros2_control:/home/ubuntu/psd_ws/install/psd_vehicle_bringup:/home/ubuntu/psd_ws/install/psd_vehicle_description:/home/ubuntu/psd_ws/install/psd_gazebo_worlds:/home/ubuntu/psd_ws/install/gz_ros2_control_tests:/home/ubuntu/psd_ws/install/gz_ros2_control_demos:/opt/ros/jazzy/opt/gz_sim_vendor:/opt/ros/jazzy/opt/gz_sensors_vendor:/opt/ros/jazzy/opt/gz_physics_vendor:/opt/ros/jazzy/opt/sdformat_vendor:/opt/ros/jazzy/opt/gz_gui_vendor:/opt/ros/jazzy/opt/gz_transport_vendor:/opt/ros/jazzy/opt/gz_rendering_vendor:/opt/ros/jazzy/opt/gz_plugin_vendor:/opt/ros/jazzy/opt/gz_fuel_tools_vendor:/opt/ros/jazzy/opt/gz_msgs_vendor:/opt/ros/jazzy/opt/gz_common_vendor:/opt/ros/jazzy/opt/gz_math_vendor:/opt/ros/jazzy/opt/gz_utils_vendor:/opt/ros/jazzy/opt/gz_tools_vendor:/opt/ros/jazzy/opt/gz_ogre_next_vendor:/opt/ros/jazzy/opt/gz_dartsim_vendor:/opt/ros/jazzy/opt/gz_cmake_vendor:/opt/ros/jazzy /usr/bin/cmake --build /home/ubuntu/psd_ws/build/gz_ros2_control_demos -- -j20 -l20
[0.329s] DEBUG:colcon.colcon_core.event_handler.log_command:Invoking command in '/home/ubuntu/psd_ws/build/gz_ros2_control_tests': CMAKE_PREFIX_PATH=/home/ubuntu/psd_ws/install/gz_ros2_control:/home/ubuntu/psd_ws/install/psd_vehicle_bringup:/home/ubuntu/psd_ws/install/psd_vehicle_description:/home/ubuntu/psd_ws/install/psd_gazebo_worlds:/home/ubuntu/psd_ws/install/gz_ros2_control_tests:/home/ubuntu/psd_ws/install/gz_ros2_control_demos:/opt/ros/jazzy/opt/gz_sim_vendor:/opt/ros/jazzy/opt/gz_sensors_vendor:/opt/ros/jazzy/opt/gz_physics_vendor:/opt/ros/jazzy/opt/sdformat_vendor:/opt/ros/jazzy/opt/gz_gui_vendor:/opt/ros/jazzy/opt/gz_transport_vendor:/opt/ros/jazzy/opt/gz_rendering_vendor:/opt/ros/jazzy/opt/gz_plugin_vendor:/opt/ros/jazzy/opt/gz_fuel_tools_vendor:/opt/ros/jazzy/opt/gz_msgs_vendor:/opt/ros/jazzy/opt/gz_common_vendor:/opt/ros/jazzy/opt/gz_math_vendor:/opt/ros/jazzy/opt/gz_utils_vendor:/opt/ros/jazzy/opt/gz_tools_vendor:/opt/ros/jazzy/opt/gz_ogre_next_vendor:/opt/ros/jazzy/opt/gz_dartsim_vendor:/opt/ros/jazzy/opt/gz_cmake_vendor:/opt/ros/jazzy /usr/bin/cmake --install /home/ubuntu/psd_ws/build/gz_ros2_control_tests
[0.341s] DEBUG:colcon.colcon_core.event_handler.log_command:Invoking command in '/home/ubuntu/psd_ws/build/gz_ros2_control_demos': CMAKE_PREFIX_PATH=/home/ubuntu/psd_ws/install/gz_ros2_control:/home/ubuntu/psd_ws/install/psd_vehicle_bringup:/home/ubuntu/psd_ws/install/psd_vehicle_description:/home/ubuntu/psd_ws/install/psd_gazebo_worlds:/home/ubuntu/psd_ws/install/gz_ros2_control_tests:/home/ubuntu/psd_ws/install/gz_ros2_control_demos:/opt/ros/jazzy/opt/gz_sim_vendor:/opt/ros/jazzy/opt/gz_sensors_vendor:/opt/ros/jazzy/opt/gz_physics_vendor:/opt/ros/jazzy/opt/sdformat_vendor:/opt/ros/jazzy/opt/gz_gui_vendor:/opt/ros/jazzy/opt/gz_transport_vendor:/opt/ros/jazzy/opt/gz_rendering_vendor:/opt/ros/jazzy/opt/gz_plugin_vendor:/opt/ros/jazzy/opt/gz_fuel_tools_vendor:/opt/ros/jazzy/opt/gz_msgs_vendor:/opt/ros/jazzy/opt/gz_common_vendor:/opt/ros/jazzy/opt/gz_math_vendor:/opt/ros/jazzy/opt/gz_utils_vendor:/opt/ros/jazzy/opt/gz_tools_vendor:/opt/ros/jazzy/opt/gz_ogre_next_vendor:/opt/ros/jazzy/opt/gz_dartsim_vendor:/opt/ros/jazzy/opt/gz_cmake_vendor:/opt/ros/jazzy /usr/bin/cmake --install /home/ubuntu/psd_ws/build/gz_ros2_control_demos
[0.344s] Level 1:colcon.colcon_core.environment:create_environment_scripts_only(gz_ros2_control_tests)
[0.344s] Level 1:colcon.colcon_core.environment:checking '/home/ubuntu/psd_ws/install/gz_ros2_control_tests' for CMake module files
[0.345s] DEBUG:colcon.colcon_core.event_handler.log_command:Invoked command in '/home/ubuntu/psd_ws/build/gz_ros2_control_tests' returned '0': CMAKE_PREFIX_PATH=/home/ubuntu/psd_ws/install/gz_ros2_control:/home/ubuntu/psd_ws/install/psd_vehicle_bringup:/home/ubuntu/psd_ws/install/psd_vehicle_description:/home/ubuntu/psd_ws/install/psd_gazebo_worlds:/home/ubuntu/psd_ws/install/gz_ros2_control_tests:/home/ubuntu/psd_ws/install/gz_ros2_control_demos:/opt/ros/jazzy/opt/gz_sim_vendor:/opt/ros/jazzy/opt/gz_sensors_vendor:/opt/ros/jazzy/opt/gz_physics_vendor:/opt/ros/jazzy/opt/sdformat_vendor:/opt/ros/jazzy/opt/gz_gui_vendor:/opt/ros/jazzy/opt/gz_transport_vendor:/opt/ros/jazzy/opt/gz_rendering_vendor:/opt/ros/jazzy/opt/gz_plugin_vendor:/opt/ros/jazzy/opt/gz_fuel_tools_vendor:/opt/ros/jazzy/opt/gz_msgs_vendor:/opt/ros/jazzy/opt/gz_common_vendor:/opt/ros/jazzy/opt/gz_math_vendor:/opt/ros/jazzy/opt/gz_utils_vendor:/opt/ros/jazzy/opt/gz_tools_vendor:/opt/ros/jazzy/opt/gz_ogre_next_vendor:/opt/ros/jazzy/opt/gz_dartsim_vendor:/opt/ros/jazzy/opt/gz_cmake_vendor:/opt/ros/jazzy /usr/bin/cmake --install /home/ubuntu/psd_ws/build/gz_ros2_control_tests
[0.345s] Level 1:colcon.colcon_core.environment:checking '/home/ubuntu/psd_ws/install/gz_ros2_control_tests' for CMake config files
[0.345s] Level 1:colcon.colcon_core.shell:create_environment_hook('gz_ros2_control_tests', 'cmake_prefix_path')
[0.346s] INFO:colcon.colcon_core.shell:Creating environment hook '/home/ubuntu/psd_ws/install/gz_ros2_control_tests/share/gz_ros2_control_tests/hook/cmake_prefix_path.ps1'
[0.346s] INFO:colcon.colcon_core.shell:Creating environment descriptor '/home/ubuntu/psd_ws/install/gz_ros2_control_tests/share/gz_ros2_control_tests/hook/cmake_prefix_path.dsv'
[0.346s] INFO:colcon.colcon_core.shell:Creating environment hook '/home/ubuntu/psd_ws/install/gz_ros2_control_tests/share/gz_ros2_control_tests/hook/cmake_prefix_path.sh'
[0.347s] Level 1:colcon.colcon_core.environment:checking '/home/ubuntu/psd_ws/install/gz_ros2_control_tests/lib'
[0.348s] Level 1:colcon.colcon_core.environment:checking '/home/ubuntu/psd_ws/install/gz_ros2_control_tests/bin'
[0.348s] Level 1:colcon.colcon_core.environment:checking '/home/ubuntu/psd_ws/install/gz_ros2_control_tests/lib/pkgconfig/gz_ros2_control_tests.pc'
[0.348s] Level 1:colcon.colcon_core.environment:checking '/home/ubuntu/psd_ws/install/gz_ros2_control_tests/lib/python3.12/site-packages'
[0.348s] Level 1:colcon.colcon_core.environment:checking '/home/ubuntu/psd_ws/install/gz_ros2_control_tests/bin'
[0.348s] INFO:colcon.colcon_core.shell:Creating package script '/home/ubuntu/psd_ws/install/gz_ros2_control_tests/share/gz_ros2_control_tests/package.ps1'
[0.349s] INFO:colcon.colcon_core.shell:Creating package descriptor '/home/ubuntu/psd_ws/install/gz_ros2_control_tests/share/gz_ros2_control_tests/package.dsv'
[0.350s] INFO:colcon.colcon_core.shell:Creating package script '/home/ubuntu/psd_ws/install/gz_ros2_control_tests/share/gz_ros2_control_tests/package.sh'
[0.351s] INFO:colcon.colcon_core.shell:Creating package script '/home/ubuntu/psd_ws/install/gz_ros2_control_tests/share/gz_ros2_control_tests/package.bash'
[0.351s] INFO:colcon.colcon_core.shell:Creating package script '/home/ubuntu/psd_ws/install/gz_ros2_control_tests/share/gz_ros2_control_tests/package.zsh'
[0.351s] Level 1:colcon.colcon_core.environment:create_file_with_runtime_dependencies(/home/ubuntu/psd_ws/install/gz_ros2_control_tests/share/colcon-core/packages/gz_ros2_control_tests)
[0.358s] Level 1:colcon.colcon_core.environment:create_environment_scripts_only(gz_ros2_control_demos)
[0.358s] Level 1:colcon.colcon_core.environment:checking '/home/ubuntu/psd_ws/install/gz_ros2_control_demos' for CMake module files
[0.358s] DEBUG:colcon.colcon_core.event_handler.log_command:Invoked command in '/home/ubuntu/psd_ws/build/gz_ros2_control_demos' returned '0': CMAKE_PREFIX_PATH=/home/ubuntu/psd_ws/install/gz_ros2_control:/home/ubuntu/psd_ws/install/psd_vehicle_bringup:/home/ubuntu/psd_ws/install/psd_vehicle_description:/home/ubuntu/psd_ws/install/psd_gazebo_worlds:/home/ubuntu/psd_ws/install/gz_ros2_control_tests:/home/ubuntu/psd_ws/install/gz_ros2_control_demos:/opt/ros/jazzy/opt/gz_sim_vendor:/opt/ros/jazzy/opt/gz_sensors_vendor:/opt/ros/jazzy/opt/gz_physics_vendor:/opt/ros/jazzy/opt/sdformat_vendor:/opt/ros/jazzy/opt/gz_gui_vendor:/opt/ros/jazzy/opt/gz_transport_vendor:/opt/ros/jazzy/opt/gz_rendering_vendor:/opt/ros/jazzy/opt/gz_plugin_vendor:/opt/ros/jazzy/opt/gz_fuel_tools_vendor:/opt/ros/jazzy/opt/gz_msgs_vendor:/opt/ros/jazzy/opt/gz_common_vendor:/opt/ros/jazzy/opt/gz_math_vendor:/opt/ros/jazzy/opt/gz_utils_vendor:/opt/ros/jazzy/opt/gz_tools_vendor:/opt/ros/jazzy/opt/gz_ogre_next_vendor:/opt/ros/jazzy/opt/gz_dartsim_vendor:/opt/ros/jazzy/opt/gz_cmake_vendor:/opt/ros/jazzy /usr/bin/cmake --install /home/ubuntu/psd_ws/build/gz_ros2_control_demos
[0.359s] Level 1:colcon.colcon_core.environment:checking '/home/ubuntu/psd_ws/install/gz_ros2_control_demos' for CMake config files
[0.359s] Level 1:colcon.colcon_core.shell:create_environment_hook('gz_ros2_control_demos', 'cmake_prefix_path')
[0.359s] INFO:colcon.colcon_core.shell:Creating environment hook '/home/ubuntu/psd_ws/install/gz_ros2_control_demos/share/gz_ros2_control_demos/hook/cmake_prefix_path.ps1'
[0.360s] INFO:colcon.colcon_core.shell:Creating environment descriptor '/home/ubuntu/psd_ws/install/gz_ros2_control_demos/share/gz_ros2_control_demos/hook/cmake_prefix_path.dsv'
[0.360s] INFO:colcon.colcon_core.shell:Creating environment hook '/home/ubuntu/psd_ws/install/gz_ros2_control_demos/share/gz_ros2_control_demos/hook/cmake_prefix_path.sh'
[0.360s] Level 1:colcon.colcon_core.environment:checking '/home/ubuntu/psd_ws/install/gz_ros2_control_demos/lib'
[0.360s] Level 1:colcon.colcon_core.environment:checking '/home/ubuntu/psd_ws/install/gz_ros2_control_demos/bin'
[0.361s] Level 1:colcon.colcon_core.environment:checking '/home/ubuntu/psd_ws/install/gz_ros2_control_demos/lib/pkgconfig/gz_ros2_control_demos.pc'
[0.361s] Level 1:colcon.colcon_core.environment:checking '/home/ubuntu/psd_ws/install/gz_ros2_control_demos/lib/python3.12/site-packages'
[0.361s] Level 1:colcon.colcon_core.environment:checking '/home/ubuntu/psd_ws/install/gz_ros2_control_demos/bin'
[0.361s] INFO:colcon.colcon_core.shell:Creating package script '/home/ubuntu/psd_ws/install/gz_ros2_control_demos/share/gz_ros2_control_demos/package.ps1'
[0.361s] INFO:colcon.colcon_core.shell:Creating package descriptor '/home/ubuntu/psd_ws/install/gz_ros2_control_demos/share/gz_ros2_control_demos/package.dsv'
[0.361s] INFO:colcon.colcon_core.shell:Creating package script '/home/ubuntu/psd_ws/install/gz_ros2_control_demos/share/gz_ros2_control_demos/package.sh'
[0.362s] INFO:colcon.colcon_core.shell:Creating package script '/home/ubuntu/psd_ws/install/gz_ros2_control_demos/share/gz_ros2_control_demos/package.bash'
[0.362s] INFO:colcon.colcon_core.shell:Creating package script '/home/ubuntu/psd_ws/install/gz_ros2_control_demos/share/gz_ros2_control_demos/package.zsh'
[0.362s] Level 1:colcon.colcon_core.environment:create_file_with_runtime_dependencies(/home/ubuntu/psd_ws/install/gz_ros2_control_demos/share/colcon-core/packages/gz_ros2_control_demos)
[0.368s] Level 1:colcon.colcon_core.environment:create_environment_scripts_only(gz_ros2_control_tests)
[0.368s] Level 1:colcon.colcon_core.environment:checking '/home/ubuntu/psd_ws/install/gz_ros2_control_tests' for CMake module files
[0.368s] Level 1:colcon.colcon_core.environment:checking '/home/ubuntu/psd_ws/install/gz_ros2_control_tests' for CMake config files
[0.368s] Level 1:colcon.colcon_core.shell:create_environment_hook('gz_ros2_control_tests', 'cmake_prefix_path')
[0.368s] INFO:colcon.colcon_core.shell:Creating environment hook '/home/ubuntu/psd_ws/install/gz_ros2_control_tests/share/gz_ros2_control_tests/hook/cmake_prefix_path.ps1'
[0.369s] INFO:colcon.colcon_core.shell:Creating environment descriptor '/home/ubuntu/psd_ws/install/gz_ros2_control_tests/share/gz_ros2_control_tests/hook/cmake_prefix_path.dsv'
[0.369s] INFO:colcon.colcon_core.shell:Creating environment hook '/home/ubuntu/psd_ws/install/gz_ros2_control_tests/share/gz_ros2_control_tests/hook/cmake_prefix_path.sh'
[0.369s] Level 1:colcon.colcon_core.environment:checking '/home/ubuntu/psd_ws/install/gz_ros2_control_tests/lib'
[0.369s] Level 1:colcon.colcon_core.environment:checking '/home/ubuntu/psd_ws/install/gz_ros2_control_tests/bin'
[0.369s] Level 1:colcon.colcon_core.environment:checking '/home/ubuntu/psd_ws/install/gz_ros2_control_tests/lib/pkgconfig/gz_ros2_control_tests.pc'
[0.369s] Level 1:colcon.colcon_core.environment:checking '/home/ubuntu/psd_ws/install/gz_ros2_control_tests/lib/python3.12/site-packages'
[0.370s] Level 1:colcon.colcon_core.environment:checking '/home/ubuntu/psd_ws/install/gz_ros2_control_tests/bin'
[0.370s] INFO:colcon.colcon_core.shell:Creating package script '/home/ubuntu/psd_ws/install/gz_ros2_control_tests/share/gz_ros2_control_tests/package.ps1'
[0.370s] INFO:colcon.colcon_core.shell:Creating package descriptor '/home/ubuntu/psd_ws/install/gz_ros2_control_tests/share/gz_ros2_control_tests/package.dsv'
[0.370s] INFO:colcon.colcon_core.shell:Creating package script '/home/ubuntu/psd_ws/install/gz_ros2_control_tests/share/gz_ros2_control_tests/package.sh'
[0.370s] INFO:colcon.colcon_core.shell:Creating package script '/home/ubuntu/psd_ws/install/gz_ros2_control_tests/share/gz_ros2_control_tests/package.bash'
[0.371s] INFO:colcon.colcon_core.shell:Creating package script '/home/ubuntu/psd_ws/install/gz_ros2_control_tests/share/gz_ros2_control_tests/package.zsh'
[0.371s] Level 1:colcon.colcon_core.environment:create_file_with_runtime_dependencies(/home/ubuntu/psd_ws/install/gz_ros2_control_tests/share/colcon-core/packages/gz_ros2_control_tests)
[0.387s] Level 1:colcon.colcon_core.environment:create_environment_scripts_only(gz_ros2_control_demos)
[0.387s] Level 1:colcon.colcon_core.environment:checking '/home/ubuntu/psd_ws/install/gz_ros2_control_demos' for CMake module files
[0.388s] Level 1:colcon.colcon_core.environment:checking '/home/ubuntu/psd_ws/install/gz_ros2_control_demos' for CMake config files
[0.388s] Level 1:colcon.colcon_core.shell:create_environment_hook('gz_ros2_control_demos', 'cmake_prefix_path')
[0.388s] INFO:colcon.colcon_core.shell:Creating environment hook '/home/ubuntu/psd_ws/install/gz_ros2_control_demos/share/gz_ros2_control_demos/hook/cmake_prefix_path.ps1'
[0.388s] INFO:colcon.colcon_core.shell:Creating environment descriptor '/home/ubuntu/psd_ws/install/gz_ros2_control_demos/share/gz_ros2_control_demos/hook/cmake_prefix_path.dsv'
[0.389s] INFO:colcon.colcon_core.shell:Creating environment hook '/home/ubuntu/psd_ws/install/gz_ros2_control_demos/share/gz_ros2_control_demos/hook/cmake_prefix_path.sh'
[0.389s] Level 1:colcon.colcon_core.environment:checking '/home/ubuntu/psd_ws/install/gz_ros2_control_demos/lib'
[0.389s] Level 1:colcon.colcon_core.environment:checking '/home/ubuntu/psd_ws/install/gz_ros2_control_demos/bin'
[0.389s] Level 1:colcon.colcon_core.environment:checking '/home/ubuntu/psd_ws/install/gz_ros2_control_demos/lib/pkgconfig/gz_ros2_control_demos.pc'
[0.389s] Level 1:colcon.colcon_core.environment:checking '/home/ubuntu/psd_ws/install/gz_ros2_control_demos/lib/python3.12/site-packages'
[0.390s] Level 1:colcon.colcon_core.environment:checking '/home/ubuntu/psd_ws/install/gz_ros2_control_demos/bin'
[0.390s] INFO:colcon.colcon_core.shell:Creating package script '/home/ubuntu/psd_ws/install/gz_ros2_control_demos/share/gz_ros2_control_demos/package.ps1'
[0.390s] INFO:colcon.colcon_core.shell:Creating package descriptor '/home/ubuntu/psd_ws/install/gz_ros2_control_demos/share/gz_ros2_control_demos/package.dsv'
[0.391s] INFO:colcon.colcon_core.shell:Creating package script '/home/ubuntu/psd_ws/install/gz_ros2_control_demos/share/gz_ros2_control_demos/package.sh'
[0.391s] INFO:colcon.colcon_core.shell:Creating package script '/home/ubuntu/psd_ws/install/gz_ros2_control_demos/share/gz_ros2_control_demos/package.bash'
[0.391s] INFO:colcon.colcon_core.shell:Creating package script '/home/ubuntu/psd_ws/install/gz_ros2_control_demos/share/gz_ros2_control_demos/package.zsh'
[0.392s] Level 1:colcon.colcon_core.environment:create_file_with_runtime_dependencies(/home/ubuntu/psd_ws/install/gz_ros2_control_demos/share/colcon-core/packages/gz_ros2_control_demos)
[0.392s] DEBUG:colcon.colcon_parallel_executor.executor.parallel:closing loop
[0.392s] DEBUG:colcon.colcon_parallel_executor.executor.parallel:loop closed
[0.392s] DEBUG:colcon.colcon_parallel_executor.executor.parallel:run_until_complete finished with '0'
[0.392s] DEBUG:colcon.colcon_core.event_reactor:joining thread
[0.395s] INFO:colcon.colcon_core.plugin_system:Skipping extension 'colcon_notification.desktop_notification.notify_send': Could not find 'notify-send'
[0.395s] INFO:colcon.colcon_core.plugin_system:Skipping extension 'colcon_notification.desktop_notification.terminal_notifier': Not used on non-Darwin systems
[0.395s] INFO:colcon.colcon_core.plugin_system:Skipping extension 'colcon_notification.desktop_notification.win32': Not used on non-Windows systems
[0.395s] INFO:colcon.colcon_notification.desktop_notification:Sending desktop notification using 'notify2'
[0.397s] DEBUG:colcon.colcon_notification.desktop_notification.notify2:Failed to initialize notify2: org.freedesktop.DBus.Error.Spawn.ExecFailed: /usr/bin/dbus-launch terminated abnormally without any error message
[0.397s] DEBUG:colcon.colcon_core.event_reactor:joined thread
[0.397s] INFO:colcon.colcon_core.shell:Creating prefix script '/home/ubuntu/psd_ws/install/local_setup.ps1'
[0.398s] INFO:colcon.colcon_core.shell:Creating prefix util module '/home/ubuntu/psd_ws/install/_local_setup_util_ps1.py'
[0.399s] INFO:colcon.colcon_core.shell:Creating prefix chain script '/home/ubuntu/psd_ws/install/setup.ps1'
[0.400s] INFO:colcon.colcon_core.shell:Creating prefix script '/home/ubuntu/psd_ws/install/local_setup.sh'
[0.401s] INFO:colcon.colcon_core.shell:Creating prefix util module '/home/ubuntu/psd_ws/install/_local_setup_util_sh.py'
[0.401s] INFO:colcon.colcon_core.shell:Creating prefix chain script '/home/ubuntu/psd_ws/install/setup.sh'
[0.402s] INFO:colcon.colcon_core.shell:Creating prefix script '/home/ubuntu/psd_ws/install/local_setup.bash'
[0.402s] INFO:colcon.colcon_core.shell:Creating prefix chain script '/home/ubuntu/psd_ws/install/setup.bash'
[0.402s] INFO:colcon.colcon_core.shell:Creating prefix script '/home/ubuntu/psd_ws/install/local_setup.zsh'
[0.403s] INFO:colcon.colcon_core.shell:Creating prefix chain script '/home/ubuntu/psd_ws/install/setup.zsh'
