running egg_info
writing ../../build/vision/vision.egg-info/PKG-INFO
writing dependency_links to ../../build/vision/vision.egg-info/dependency_links.txt
writing entry points to ../../build/vision/vision.egg-info/entry_points.txt
writing requirements to ../../build/vision/vision.egg-info/requires.txt
writing top-level names to ../../build/vision/vision.egg-info/top_level.txt
reading manifest file '../../build/vision/vision.egg-info/SOURCES.txt'
writing manifest file '../../build/vision/vision.egg-info/SOURCES.txt'
running build
running build_py
/usr/lib/python3/dist-packages/setuptools/command/install.py:34: SetuptoolsDeprecationWarning: setup.py install is deprecated. Use build and pip and other standards-based tools.
  warnings.warn(
running install
running install_lib
running install_data
running install_egg_info
removing '/home/tazio/psd_startup/ros2_ws/install/vision/lib/python3.10/site-packages/vision-0.0.0-py3.10.egg-info' (and everything under it)
Copying ../../build/vision/vision.egg-info to /home/tazio/psd_startup/ros2_ws/install/vision/lib/python3.10/site-packages/vision-0.0.0-py3.10.egg-info
running install_scripts
Installing vision script to /home/tazio/psd_startup/ros2_ws/install/vision/lib/vision
writing list of installed files to '/home/tazio/psd_startup/ros2_ws/build/vision/install.log'
