[0.017s] Invoking command in '/home/psd/psd_ws/build/ros2_control_demo_description': CMAKE_PREFIX_PATH=/opt/ros/humble /usr/bin/cmake /home/psd/psd_ws/src/ros-controls/ros2_control_demos/ros2_control_demo_description -DAMENT_CMAKE_SYMLINK_INSTALL=1 -DCMAKE_INSTALL_PREFIX=/home/psd/psd_ws/install/ros2_control_demo_description
[0.160s] -- The C compiler identification is GNU 11.4.0
[0.160s] -- The CXX compiler identification is GNU 11.4.0
[0.160s] -- Detecting C compiler ABI info
[0.184s] -- Detecting C compiler ABI info - done
[0.191s] -- Check for working C compiler: /usr/bin/cc - skipped
[0.191s] -- Detecting C compile features
[0.192s] -- Detecting C compile features - done
[0.194s] -- Detecting CXX compiler ABI info
[0.242s] -- Detecting CXX compiler ABI info - done
[0.249s] -- Check for working CXX compiler: /usr/bin/c++ - skipped
[0.250s] -- Detecting CXX compile features
[0.250s] -- Detecting CXX compile features - done
[0.253s] -- Found ament_cmake: 1.3.8 (/opt/ros/humble/share/ament_cmake/cmake)
[0.359s] -- Found Python3: /usr/bin/python3 (found version "3.10.12") found components: Interpreter 
[0.398s] -- Override CMake install command with custom implementation using symlinks instead of copying resources
[0.490s] -- Configuring done
[0.492s] -- Generating done
[0.493s] -- Build files have been written to: /home/psd/psd_ws/build/ros2_control_demo_description
[0.497s] Invoked command in '/home/psd/psd_ws/build/ros2_control_demo_description' returned '0': CMAKE_PREFIX_PATH=/opt/ros/humble /usr/bin/cmake /home/psd/psd_ws/src/ros-controls/ros2_control_demos/ros2_control_demo_description -DAMENT_CMAKE_SYMLINK_INSTALL=1 -DCMAKE_INSTALL_PREFIX=/home/psd/psd_ws/install/ros2_control_demo_description
[0.497s] Invoking command in '/home/psd/psd_ws/build/ros2_control_demo_description': CMAKE_PREFIX_PATH=/opt/ros/humble /usr/bin/cmake --build /home/psd/psd_ws/build/ros2_control_demo_description -- -j20 -l20
[0.521s] Invoked command in '/home/psd/psd_ws/build/ros2_control_demo_description' returned '0': CMAKE_PREFIX_PATH=/opt/ros/humble /usr/bin/cmake --build /home/psd/psd_ws/build/ros2_control_demo_description -- -j20 -l20
[0.536s] Invoking command in '/home/psd/psd_ws/build/ros2_control_demo_description': CMAKE_PREFIX_PATH=/opt/ros/humble /usr/bin/cmake --install /home/psd/psd_ws/build/ros2_control_demo_description
[0.540s] -- Install configuration: ""
[0.541s] -- Execute custom install script
[0.541s] -- Symlinking: /home/psd/psd_ws/install/ros2_control_demo_description/share/ros2_control_demo_description/rrbot/urdf/rrbot.materials.xacro
[0.546s] -- Symlinking: /home/psd/psd_ws/install/ros2_control_demo_description/share/ros2_control_demo_description/rrbot/urdf/rrbot_description.urdf.xacro
[0.551s] -- Symlinking: /home/psd/psd_ws/install/ros2_control_demo_description/share/ros2_control_demo_description/rrbot/rviz/rrbot.rviz
[0.556s] -- Symlinking: /home/psd/psd_ws/install/ros2_control_demo_description/share/ros2_control_demo_description/diffbot/urdf/diffbot.materials.xacro
[0.562s] -- Symlinking: /home/psd/psd_ws/install/ros2_control_demo_description/share/ros2_control_demo_description/diffbot/urdf/diffbot_description.urdf.xacro
[0.567s] -- Symlinking: /home/psd/psd_ws/install/ros2_control_demo_description/share/ros2_control_demo_description/diffbot/rviz/diffbot.rviz
[0.573s] -- Symlinking: /home/psd/psd_ws/install/ros2_control_demo_description/share/ros2_control_demo_description/diffbot/rviz/diffbot_view.rviz
[0.578s] -- Symlinking: /home/psd/psd_ws/install/ros2_control_demo_description/share/ros2_control_demo_description/carlikebot/urdf/carlikebot.materials.xacro
[0.583s] -- Symlinking: /home/psd/psd_ws/install/ros2_control_demo_description/share/ros2_control_demo_description/carlikebot/urdf/carlikebot_description.urdf.xacro
[0.588s] -- Symlinking: /home/psd/psd_ws/install/ros2_control_demo_description/share/ros2_control_demo_description/carlikebot/rviz/carlikebot.rviz
[0.592s] -- Symlinking: /home/psd/psd_ws/install/ros2_control_demo_description/share/ros2_control_demo_description/carlikebot/rviz/carlikebot_view.rviz
[0.598s] -- Symlinking: /home/psd/psd_ws/install/ros2_control_demo_description/share/ros2_control_demo_description/r6bot/meshes/collision/link_0.stl
[0.602s] -- Symlinking: /home/psd/psd_ws/install/ros2_control_demo_description/share/ros2_control_demo_description/r6bot/meshes/collision/link_1.stl
[0.607s] -- Symlinking: /home/psd/psd_ws/install/ros2_control_demo_description/share/ros2_control_demo_description/r6bot/meshes/collision/link_2.stl
[0.612s] -- Symlinking: /home/psd/psd_ws/install/ros2_control_demo_description/share/ros2_control_demo_description/r6bot/meshes/collision/link_3.stl
[0.617s] -- Symlinking: /home/psd/psd_ws/install/ros2_control_demo_description/share/ros2_control_demo_description/r6bot/meshes/collision/link_4.stl
[0.623s] -- Symlinking: /home/psd/psd_ws/install/ros2_control_demo_description/share/ros2_control_demo_description/r6bot/meshes/collision/link_5.stl
[0.628s] -- Symlinking: /home/psd/psd_ws/install/ros2_control_demo_description/share/ros2_control_demo_description/r6bot/meshes/collision/link_6.stl
[0.633s] -- Symlinking: /home/psd/psd_ws/install/ros2_control_demo_description/share/ros2_control_demo_description/r6bot/meshes/visual/link_0.dae
[0.638s] -- Symlinking: /home/psd/psd_ws/install/ros2_control_demo_description/share/ros2_control_demo_description/r6bot/meshes/visual/link_1.dae
[0.643s] -- Symlinking: /home/psd/psd_ws/install/ros2_control_demo_description/share/ros2_control_demo_description/r6bot/meshes/visual/link_2.dae
[0.648s] -- Symlinking: /home/psd/psd_ws/install/ros2_control_demo_description/share/ros2_control_demo_description/r6bot/meshes/visual/link_3.dae
[0.653s] -- Symlinking: /home/psd/psd_ws/install/ros2_control_demo_description/share/ros2_control_demo_description/r6bot/meshes/visual/link_4.dae
[0.659s] -- Symlinking: /home/psd/psd_ws/install/ros2_control_demo_description/share/ros2_control_demo_description/r6bot/meshes/visual/link_5.dae
[0.663s] -- Symlinking: /home/psd/psd_ws/install/ros2_control_demo_description/share/ros2_control_demo_description/r6bot/meshes/visual/link_6.dae
[0.669s] -- Symlinking: /home/psd/psd_ws/install/ros2_control_demo_description/share/ros2_control_demo_description/r6bot/srdf/r6bot.srdf
[0.675s] -- Symlinking: /home/psd/psd_ws/install/ros2_control_demo_description/share/ros2_control_demo_description/r6bot/urdf/inc/create_link.xacro
[0.682s] -- Symlinking: /home/psd/psd_ws/install/ros2_control_demo_description/share/ros2_control_demo_description/r6bot/urdf/r6bot_description.urdf.xacro
[0.688s] -- Symlinking: /home/psd/psd_ws/install/ros2_control_demo_description/share/ros2_control_demo_description/r6bot/rviz/view_robot.rviz
[0.695s] -- Symlinking: /home/psd/psd_ws/install/ros2_control_demo_description/share/ament_index/resource_index/package_run_dependencies/ros2_control_demo_description
[0.702s] -- Symlinking: /home/psd/psd_ws/install/ros2_control_demo_description/share/ament_index/resource_index/parent_prefix_path/ros2_control_demo_description
[0.707s] -- Symlinking: /home/psd/psd_ws/install/ros2_control_demo_description/share/ros2_control_demo_description/environment/ament_prefix_path.sh
[0.713s] -- Symlinking: /home/psd/psd_ws/install/ros2_control_demo_description/share/ros2_control_demo_description/environment/ament_prefix_path.dsv
[0.718s] -- Symlinking: /home/psd/psd_ws/install/ros2_control_demo_description/share/ros2_control_demo_description/environment/path.sh
[0.724s] -- Symlinking: /home/psd/psd_ws/install/ros2_control_demo_description/share/ros2_control_demo_description/environment/path.dsv
[0.728s] -- Symlinking: /home/psd/psd_ws/install/ros2_control_demo_description/share/ros2_control_demo_description/local_setup.bash
[0.733s] -- Symlinking: /home/psd/psd_ws/install/ros2_control_demo_description/share/ros2_control_demo_description/local_setup.sh
[0.738s] -- Symlinking: /home/psd/psd_ws/install/ros2_control_demo_description/share/ros2_control_demo_description/local_setup.zsh
[0.744s] -- Symlinking: /home/psd/psd_ws/install/ros2_control_demo_description/share/ros2_control_demo_description/local_setup.dsv
[0.749s] -- Symlinking: /home/psd/psd_ws/install/ros2_control_demo_description/share/ros2_control_demo_description/package.dsv
[0.753s] -- Symlinking: /home/psd/psd_ws/install/ros2_control_demo_description/share/ament_index/resource_index/packages/ros2_control_demo_description
[0.759s] -- Symlinking: /home/psd/psd_ws/install/ros2_control_demo_description/share/ros2_control_demo_description/cmake/ros2_control_demo_descriptionConfig.cmake
[0.764s] -- Symlinking: /home/psd/psd_ws/install/ros2_control_demo_description/share/ros2_control_demo_description/cmake/ros2_control_demo_descriptionConfig-version.cmake
[0.769s] -- Symlinking: /home/psd/psd_ws/install/ros2_control_demo_description/share/ros2_control_demo_description/package.xml
[0.775s] Invoked command in '/home/psd/psd_ws/build/ros2_control_demo_description' returned '0': CMAKE_PREFIX_PATH=/opt/ros/humble /usr/bin/cmake --install /home/psd/psd_ws/build/ros2_control_demo_description
