[0.006s] Invoking command in '/home/ubuntu/psd_ws/build/gz_ros2_control_demos': CMAKE_PREFIX_PATH=/home/ubuntu/psd_ws/install/gz_ros2_control:/home/ubuntu/psd_ws/install/psd_vehicle_bringup:/home/ubuntu/psd_ws/install/psd_vehicle_description:/home/ubuntu/psd_ws/install/psd_gazebo_worlds:/home/ubuntu/psd_ws/install/gz_ros2_control_tests:/home/ubuntu/psd_ws/install/gz_ros2_control_demos:/opt/ros/jazzy/opt/gz_sim_vendor:/opt/ros/jazzy/opt/gz_sensors_vendor:/opt/ros/jazzy/opt/gz_physics_vendor:/opt/ros/jazzy/opt/sdformat_vendor:/opt/ros/jazzy/opt/gz_gui_vendor:/opt/ros/jazzy/opt/gz_transport_vendor:/opt/ros/jazzy/opt/gz_rendering_vendor:/opt/ros/jazzy/opt/gz_plugin_vendor:/opt/ros/jazzy/opt/gz_fuel_tools_vendor:/opt/ros/jazzy/opt/gz_msgs_vendor:/opt/ros/jazzy/opt/gz_common_vendor:/opt/ros/jazzy/opt/gz_math_vendor:/opt/ros/jazzy/opt/gz_utils_vendor:/opt/ros/jazzy/opt/gz_tools_vendor:/opt/ros/jazzy/opt/gz_ogre_next_vendor:/opt/ros/jazzy/opt/gz_dartsim_vendor:/opt/ros/jazzy/opt/gz_cmake_vendor:/opt/ros/jazzy /usr/bin/cmake /home/ubuntu/psd_ws/src/gz_ros2_control/gz_ros2_control_demos -DAMENT_CMAKE_SYMLINK_INSTALL=1 -DCMAKE_INSTALL_PREFIX=/home/ubuntu/psd_ws/install/gz_ros2_control_demos
[0.041s] -- The C compiler identification is GNU 13.2.0
[0.077s] -- The CXX compiler identification is GNU 13.2.0
[0.086s] -- Detecting C compiler ABI info
[0.141s] -- Detecting C compiler ABI info - done
[0.147s] -- Check for working C compiler: /usr/bin/cc - skipped
[0.147s] -- Detecting C compile features
[0.148s] -- Detecting C compile features - done
[0.153s] -- Detecting CXX compiler ABI info
[0.214s] -- Detecting CXX compiler ABI info - done
[0.220s] -- Check for working CXX compiler: /usr/bin/c++ - skipped
[0.220s] -- Detecting CXX compile features
[0.221s] -- Detecting CXX compile features - done
[0.227s] -- Found ament_cmake: 2.5.0 (/opt/ros/jazzy/share/ament_cmake/cmake)
[0.330s] -- Found Python3: /usr/bin/python3 (found version "3.12.3") found components: Interpreter 
[0.377s] -- Override CMake install command with custom implementation using symlinks instead of copying resources
[0.445s] -- Found control_msgs: 5.1.0 (/opt/ros/jazzy/share/control_msgs/cmake)
[0.500s] -- Found rosidl_generator_c: 4.6.2 (/opt/ros/jazzy/share/rosidl_generator_c/cmake)
[0.519s] -- Found rosidl_generator_cpp: 4.6.2 (/opt/ros/jazzy/share/rosidl_generator_cpp/cmake)
[0.539s] -- Using all available rosidl_typesupport_c: rosidl_typesupport_fastrtps_c;rosidl_typesupport_introspection_c
[0.559s] -- Using all available rosidl_typesupport_cpp: rosidl_typesupport_fastrtps_cpp;rosidl_typesupport_introspection_cpp
[0.704s] -- Found rclcpp: 28.1.2 (/opt/ros/jazzy/share/rclcpp/cmake)
[0.754s] -- Found rmw_implementation_cmake: 7.3.1 (/opt/ros/jazzy/share/rmw_implementation_cmake/cmake)
[0.759s] -- Found rmw_fastrtps_cpp: 8.4.0 (/opt/ros/jazzy/share/rmw_fastrtps_cpp/cmake)
[0.825s] -- Found OpenSSL: /usr/lib/x86_64-linux-gnu/libcrypto.so (found version "3.0.13")  
[0.836s] -- Found FastRTPS: /opt/ros/jazzy/include (Required is at least version "2.13") 
[0.850s] -- Using RMW implementation 'rmw_fastrtps_cpp' as default
[0.916s] -- Found rclcpp_action: 28.1.2 (/opt/ros/jazzy/share/rclcpp_action/cmake)
[0.935s] -- Found ament_cmake_gtest: 2.5.0 (/opt/ros/jazzy/share/ament_cmake_gtest/cmake)
[0.939s] -- Found ament_lint_auto: 0.17.0 (/opt/ros/jazzy/share/ament_lint_auto/cmake)
[1.034s] -- Added test 'copyright' to check source files copyright and LICENSE
[1.036s] -- Added test 'cppcheck' to perform static code analysis on C / C++ code
[1.036s] -- Configured cppcheck include dirs: 
[1.036s] -- Configured cppcheck exclude dirs and/or files: 
[1.038s] -- Added test 'cpplint' to check C / C++ code against the Google style
[1.038s] -- Configured cpplint exclude dirs and/or files: 
[1.038s] -- Added test 'flake8' to check Python code syntax and style conventions
[1.038s] -- Configured 'flake8' exclude dirs and/or files: 
[1.039s] -- Added test 'lint_cmake' to check CMake code style
[1.040s] -- Added test 'pep257' to check Python code against some of the docstring style conventions in PEP 257
[1.041s] -- Added test 'uncrustify' to check C / C++ code style
[1.041s] -- Configured uncrustify additional arguments: 
[1.042s] -- Added test 'xmllint' to check XML markup files
[1.043s] -- Configuring done (1.0s)
[1.060s] -- Generating done (0.0s)
[1.062s] -- Build files have been written to: /home/ubuntu/psd_ws/build/gz_ros2_control_demos
[1.068s] Invoked command in '/home/ubuntu/psd_ws/build/gz_ros2_control_demos' returned '0': CMAKE_PREFIX_PATH=/home/ubuntu/psd_ws/install/gz_ros2_control:/home/ubuntu/psd_ws/install/psd_vehicle_bringup:/home/ubuntu/psd_ws/install/psd_vehicle_description:/home/ubuntu/psd_ws/install/psd_gazebo_worlds:/home/ubuntu/psd_ws/install/gz_ros2_control_tests:/home/ubuntu/psd_ws/install/gz_ros2_control_demos:/opt/ros/jazzy/opt/gz_sim_vendor:/opt/ros/jazzy/opt/gz_sensors_vendor:/opt/ros/jazzy/opt/gz_physics_vendor:/opt/ros/jazzy/opt/sdformat_vendor:/opt/ros/jazzy/opt/gz_gui_vendor:/opt/ros/jazzy/opt/gz_transport_vendor:/opt/ros/jazzy/opt/gz_rendering_vendor:/opt/ros/jazzy/opt/gz_plugin_vendor:/opt/ros/jazzy/opt/gz_fuel_tools_vendor:/opt/ros/jazzy/opt/gz_msgs_vendor:/opt/ros/jazzy/opt/gz_common_vendor:/opt/ros/jazzy/opt/gz_math_vendor:/opt/ros/jazzy/opt/gz_utils_vendor:/opt/ros/jazzy/opt/gz_tools_vendor:/opt/ros/jazzy/opt/gz_ogre_next_vendor:/opt/ros/jazzy/opt/gz_dartsim_vendor:/opt/ros/jazzy/opt/gz_cmake_vendor:/opt/ros/jazzy /usr/bin/cmake /home/ubuntu/psd_ws/src/gz_ros2_control/gz_ros2_control_demos -DAMENT_CMAKE_SYMLINK_INSTALL=1 -DCMAKE_INSTALL_PREFIX=/home/ubuntu/psd_ws/install/gz_ros2_control_demos
[1.068s] Invoking command in '/home/ubuntu/psd_ws/build/gz_ros2_control_demos': CMAKE_PREFIX_PATH=/home/ubuntu/psd_ws/install/gz_ros2_control:/home/ubuntu/psd_ws/install/psd_vehicle_bringup:/home/ubuntu/psd_ws/install/psd_vehicle_description:/home/ubuntu/psd_ws/install/psd_gazebo_worlds:/home/ubuntu/psd_ws/install/gz_ros2_control_tests:/home/ubuntu/psd_ws/install/gz_ros2_control_demos:/opt/ros/jazzy/opt/gz_sim_vendor:/opt/ros/jazzy/opt/gz_sensors_vendor:/opt/ros/jazzy/opt/gz_physics_vendor:/opt/ros/jazzy/opt/sdformat_vendor:/opt/ros/jazzy/opt/gz_gui_vendor:/opt/ros/jazzy/opt/gz_transport_vendor:/opt/ros/jazzy/opt/gz_rendering_vendor:/opt/ros/jazzy/opt/gz_plugin_vendor:/opt/ros/jazzy/opt/gz_fuel_tools_vendor:/opt/ros/jazzy/opt/gz_msgs_vendor:/opt/ros/jazzy/opt/gz_common_vendor:/opt/ros/jazzy/opt/gz_math_vendor:/opt/ros/jazzy/opt/gz_utils_vendor:/opt/ros/jazzy/opt/gz_tools_vendor:/opt/ros/jazzy/opt/gz_ogre_next_vendor:/opt/ros/jazzy/opt/gz_dartsim_vendor:/opt/ros/jazzy/opt/gz_cmake_vendor:/opt/ros/jazzy /usr/bin/cmake --build /home/ubuntu/psd_ws/build/gz_ros2_control_demos -- -j20 -l20
[1.103s] [ 25%] [32mBuilding CXX object CMakeFiles/example_diff_drive.dir/examples/example_diff_drive.cpp.o[0m
[1.104s] [ 25%] [32mBuilding CXX object CMakeFiles/example_effort.dir/examples/example_effort.cpp.o[0m
[1.104s] [ 25%] [32mBuilding CXX object CMakeFiles/example_velocity.dir/examples/example_velocity.cpp.o[0m
[1.105s] [ 33%] [32mBuilding CXX object CMakeFiles/example_tricycle_drive.dir/examples/example_tricycle_drive.cpp.o[0m
[1.106s] [ 41%] [32mBuilding CXX object CMakeFiles/example_gripper.dir/examples/example_gripper.cpp.o[0m
[1.106s] [ 50%] [32mBuilding CXX object CMakeFiles/example_position.dir/examples/example_position.cpp.o[0m
[3.975s] [ 58%] [32m[1mLinking CXX executable example_tricycle_drive[0m
[3.993s] [ 66%] [32m[1mLinking CXX executable example_diff_drive[0m
[3.997s] [ 75%] [32m[1mLinking CXX executable example_effort[0m
[4.005s] [ 83%] [32m[1mLinking CXX executable example_velocity[0m
[4.009s] [ 91%] [32m[1mLinking CXX executable example_gripper[0m
[4.093s] [ 91%] Built target example_tricycle_drive
[4.111s] [ 91%] Built target example_diff_drive
[4.113s] [ 91%] Built target example_effort
[4.120s] [ 91%] Built target example_velocity
[4.122s] [ 91%] Built target example_gripper
[4.494s] [100%] [32m[1mLinking CXX executable example_position[0m
[4.609s] [100%] Built target example_position
[4.619s] Invoked command in '/home/ubuntu/psd_ws/build/gz_ros2_control_demos' returned '0': CMAKE_PREFIX_PATH=/home/ubuntu/psd_ws/install/gz_ros2_control:/home/ubuntu/psd_ws/install/psd_vehicle_bringup:/home/ubuntu/psd_ws/install/psd_vehicle_description:/home/ubuntu/psd_ws/install/psd_gazebo_worlds:/home/ubuntu/psd_ws/install/gz_ros2_control_tests:/home/ubuntu/psd_ws/install/gz_ros2_control_demos:/opt/ros/jazzy/opt/gz_sim_vendor:/opt/ros/jazzy/opt/gz_sensors_vendor:/opt/ros/jazzy/opt/gz_physics_vendor:/opt/ros/jazzy/opt/sdformat_vendor:/opt/ros/jazzy/opt/gz_gui_vendor:/opt/ros/jazzy/opt/gz_transport_vendor:/opt/ros/jazzy/opt/gz_rendering_vendor:/opt/ros/jazzy/opt/gz_plugin_vendor:/opt/ros/jazzy/opt/gz_fuel_tools_vendor:/opt/ros/jazzy/opt/gz_msgs_vendor:/opt/ros/jazzy/opt/gz_common_vendor:/opt/ros/jazzy/opt/gz_math_vendor:/opt/ros/jazzy/opt/gz_utils_vendor:/opt/ros/jazzy/opt/gz_tools_vendor:/opt/ros/jazzy/opt/gz_ogre_next_vendor:/opt/ros/jazzy/opt/gz_dartsim_vendor:/opt/ros/jazzy/opt/gz_cmake_vendor:/opt/ros/jazzy /usr/bin/cmake --build /home/ubuntu/psd_ws/build/gz_ros2_control_demos -- -j20 -l20
[4.646s] Invoking command in '/home/ubuntu/psd_ws/build/gz_ros2_control_demos': CMAKE_PREFIX_PATH=/home/ubuntu/psd_ws/install/gz_ros2_control:/home/ubuntu/psd_ws/install/psd_vehicle_bringup:/home/ubuntu/psd_ws/install/psd_vehicle_description:/home/ubuntu/psd_ws/install/psd_gazebo_worlds:/home/ubuntu/psd_ws/install/gz_ros2_control_tests:/home/ubuntu/psd_ws/install/gz_ros2_control_demos:/opt/ros/jazzy/opt/gz_sim_vendor:/opt/ros/jazzy/opt/gz_sensors_vendor:/opt/ros/jazzy/opt/gz_physics_vendor:/opt/ros/jazzy/opt/sdformat_vendor:/opt/ros/jazzy/opt/gz_gui_vendor:/opt/ros/jazzy/opt/gz_transport_vendor:/opt/ros/jazzy/opt/gz_rendering_vendor:/opt/ros/jazzy/opt/gz_plugin_vendor:/opt/ros/jazzy/opt/gz_fuel_tools_vendor:/opt/ros/jazzy/opt/gz_msgs_vendor:/opt/ros/jazzy/opt/gz_common_vendor:/opt/ros/jazzy/opt/gz_math_vendor:/opt/ros/jazzy/opt/gz_utils_vendor:/opt/ros/jazzy/opt/gz_tools_vendor:/opt/ros/jazzy/opt/gz_ogre_next_vendor:/opt/ros/jazzy/opt/gz_dartsim_vendor:/opt/ros/jazzy/opt/gz_cmake_vendor:/opt/ros/jazzy /usr/bin/cmake --install /home/ubuntu/psd_ws/build/gz_ros2_control_demos
[4.650s] -- Install configuration: ""
[4.650s] -- Execute custom install script
[4.651s] -- Symlinking: /home/ubuntu/psd_ws/install/gz_ros2_control_demos/share/gz_ros2_control_demos//launch/cart_example_effort.launch.py
[4.656s] -- Symlinking: /home/ubuntu/psd_ws/install/gz_ros2_control_demos/share/gz_ros2_control_demos//launch/cart_example_position.launch.py
[4.662s] -- Symlinking: /home/ubuntu/psd_ws/install/gz_ros2_control_demos/share/gz_ros2_control_demos//launch/cart_example_velocity.launch.py
[4.667s] -- Symlinking: /home/ubuntu/psd_ws/install/gz_ros2_control_demos/share/gz_ros2_control_demos//launch/diff_drive_example.launch.py
[4.672s] -- Symlinking: /home/ubuntu/psd_ws/install/gz_ros2_control_demos/share/gz_ros2_control_demos//launch/gripper_mimic_joint_example_effort.launch.py
[4.677s] -- Symlinking: /home/ubuntu/psd_ws/install/gz_ros2_control_demos/share/gz_ros2_control_demos//launch/gripper_mimic_joint_example_effort.launch.xml
[4.682s] -- Symlinking: /home/ubuntu/psd_ws/install/gz_ros2_control_demos/share/gz_ros2_control_demos//launch/gripper_mimic_joint_example_position.launch.py
[4.687s] -- Symlinking: /home/ubuntu/psd_ws/install/gz_ros2_control_demos/share/gz_ros2_control_demos//launch/gripper_mimic_joint_example_position.launch.xml
[4.692s] -- Symlinking: /home/ubuntu/psd_ws/install/gz_ros2_control_demos/share/gz_ros2_control_demos//launch/pendulum_example_effort.launch.py
[4.697s] -- Symlinking: /home/ubuntu/psd_ws/install/gz_ros2_control_demos/share/gz_ros2_control_demos//launch/pendulum_example_position.launch.py
[4.703s] -- Symlinking: /home/ubuntu/psd_ws/install/gz_ros2_control_demos/share/gz_ros2_control_demos//launch/tricycle_drive_example.launch.py
[4.708s] -- Symlinking: /home/ubuntu/psd_ws/install/gz_ros2_control_demos/share/gz_ros2_control_demos//config/cart_controller_effort.yaml
[4.713s] -- Symlinking: /home/ubuntu/psd_ws/install/gz_ros2_control_demos/share/gz_ros2_control_demos//config/cart_controller_position.yaml
[4.718s] -- Symlinking: /home/ubuntu/psd_ws/install/gz_ros2_control_demos/share/gz_ros2_control_demos//config/cart_controller_velocity.yaml
[4.724s] -- Symlinking: /home/ubuntu/psd_ws/install/gz_ros2_control_demos/share/gz_ros2_control_demos//config/diff_drive_controller_velocity.yaml
[4.729s] -- Symlinking: /home/ubuntu/psd_ws/install/gz_ros2_control_demos/share/gz_ros2_control_demos//config/gripper_controller_effort.yaml
[4.734s] -- Symlinking: /home/ubuntu/psd_ws/install/gz_ros2_control_demos/share/gz_ros2_control_demos//config/gripper_controller_position.yaml
[4.739s] -- Symlinking: /home/ubuntu/psd_ws/install/gz_ros2_control_demos/share/gz_ros2_control_demos//config/tricycle_drive_controller.yaml
[4.744s] -- Symlinking: /home/ubuntu/psd_ws/install/gz_ros2_control_demos/share/gz_ros2_control_demos//urdf/test_cart_effort.xacro.urdf
[4.749s] -- Symlinking: /home/ubuntu/psd_ws/install/gz_ros2_control_demos/share/gz_ros2_control_demos//urdf/test_cart_position.xacro.urdf
[4.754s] -- Symlinking: /home/ubuntu/psd_ws/install/gz_ros2_control_demos/share/gz_ros2_control_demos//urdf/test_cart_velocity.xacro.urdf
[4.759s] -- Symlinking: /home/ubuntu/psd_ws/install/gz_ros2_control_demos/share/gz_ros2_control_demos//urdf/test_diff_drive.xacro.urdf
[4.764s] -- Symlinking: /home/ubuntu/psd_ws/install/gz_ros2_control_demos/share/gz_ros2_control_demos//urdf/test_gripper_mimic_joint_effort.xacro.urdf
[4.770s] -- Symlinking: /home/ubuntu/psd_ws/install/gz_ros2_control_demos/share/gz_ros2_control_demos//urdf/test_gripper_mimic_joint_position.xacro.urdf
[4.775s] -- Symlinking: /home/ubuntu/psd_ws/install/gz_ros2_control_demos/share/gz_ros2_control_demos//urdf/test_pendulum_effort.xacro.urdf
[4.780s] -- Symlinking: /home/ubuntu/psd_ws/install/gz_ros2_control_demos/share/gz_ros2_control_demos//urdf/test_pendulum_position.xacro.urdf
[4.785s] -- Symlinking: /home/ubuntu/psd_ws/install/gz_ros2_control_demos/share/gz_ros2_control_demos//urdf/test_tricycle_drive.xacro.urdf
[4.790s] -- Symlinking: /home/ubuntu/psd_ws/install/gz_ros2_control_demos/lib/gz_ros2_control_demos/example_position
[4.795s] -- Symlinking: /home/ubuntu/psd_ws/install/gz_ros2_control_demos/lib/gz_ros2_control_demos/example_velocity
[4.800s] -- Symlinking: /home/ubuntu/psd_ws/install/gz_ros2_control_demos/lib/gz_ros2_control_demos/example_effort
[4.805s] -- Symlinking: /home/ubuntu/psd_ws/install/gz_ros2_control_demos/lib/gz_ros2_control_demos/example_diff_drive
[4.810s] -- Symlinking: /home/ubuntu/psd_ws/install/gz_ros2_control_demos/lib/gz_ros2_control_demos/example_tricycle_drive
[4.815s] -- Symlinking: /home/ubuntu/psd_ws/install/gz_ros2_control_demos/lib/gz_ros2_control_demos/example_gripper
[4.820s] -- Symlinking: /home/ubuntu/psd_ws/install/gz_ros2_control_demos/share/ament_index/resource_index/package_run_dependencies/gz_ros2_control_demos
[4.825s] -- Symlinking: /home/ubuntu/psd_ws/install/gz_ros2_control_demos/share/ament_index/resource_index/parent_prefix_path/gz_ros2_control_demos
[4.831s] -- Symlinking: /home/ubuntu/psd_ws/install/gz_ros2_control_demos/share/gz_ros2_control_demos/environment/ament_prefix_path.sh
[4.836s] -- Symlinking: /home/ubuntu/psd_ws/install/gz_ros2_control_demos/share/gz_ros2_control_demos/environment/ament_prefix_path.dsv
[4.841s] -- Symlinking: /home/ubuntu/psd_ws/install/gz_ros2_control_demos/share/gz_ros2_control_demos/environment/path.sh
[4.846s] -- Symlinking: /home/ubuntu/psd_ws/install/gz_ros2_control_demos/share/gz_ros2_control_demos/environment/path.dsv
[4.852s] -- Symlinking: /home/ubuntu/psd_ws/install/gz_ros2_control_demos/share/gz_ros2_control_demos/local_setup.bash
[4.857s] -- Symlinking: /home/ubuntu/psd_ws/install/gz_ros2_control_demos/share/gz_ros2_control_demos/local_setup.sh
[4.862s] -- Symlinking: /home/ubuntu/psd_ws/install/gz_ros2_control_demos/share/gz_ros2_control_demos/local_setup.zsh
[4.867s] -- Symlinking: /home/ubuntu/psd_ws/install/gz_ros2_control_demos/share/gz_ros2_control_demos/local_setup.dsv
[4.872s] -- Symlinking: /home/ubuntu/psd_ws/install/gz_ros2_control_demos/share/gz_ros2_control_demos/package.dsv
[4.877s] -- Symlinking: /home/ubuntu/psd_ws/install/gz_ros2_control_demos/share/ament_index/resource_index/packages/gz_ros2_control_demos
[4.883s] -- Symlinking: /home/ubuntu/psd_ws/install/gz_ros2_control_demos/share/gz_ros2_control_demos/cmake/gz_ros2_control_demosConfig.cmake
[4.887s] -- Symlinking: /home/ubuntu/psd_ws/install/gz_ros2_control_demos/share/gz_ros2_control_demos/cmake/gz_ros2_control_demosConfig-version.cmake
[4.892s] -- Symlinking: /home/ubuntu/psd_ws/install/gz_ros2_control_demos/share/gz_ros2_control_demos/package.xml
[4.899s] Invoked command in '/home/ubuntu/psd_ws/build/gz_ros2_control_demos' returned '0': CMAKE_PREFIX_PATH=/home/ubuntu/psd_ws/install/gz_ros2_control:/home/ubuntu/psd_ws/install/psd_vehicle_bringup:/home/ubuntu/psd_ws/install/psd_vehicle_description:/home/ubuntu/psd_ws/install/psd_gazebo_worlds:/home/ubuntu/psd_ws/install/gz_ros2_control_tests:/home/ubuntu/psd_ws/install/gz_ros2_control_demos:/opt/ros/jazzy/opt/gz_sim_vendor:/opt/ros/jazzy/opt/gz_sensors_vendor:/opt/ros/jazzy/opt/gz_physics_vendor:/opt/ros/jazzy/opt/sdformat_vendor:/opt/ros/jazzy/opt/gz_gui_vendor:/opt/ros/jazzy/opt/gz_transport_vendor:/opt/ros/jazzy/opt/gz_rendering_vendor:/opt/ros/jazzy/opt/gz_plugin_vendor:/opt/ros/jazzy/opt/gz_fuel_tools_vendor:/opt/ros/jazzy/opt/gz_msgs_vendor:/opt/ros/jazzy/opt/gz_common_vendor:/opt/ros/jazzy/opt/gz_math_vendor:/opt/ros/jazzy/opt/gz_utils_vendor:/opt/ros/jazzy/opt/gz_tools_vendor:/opt/ros/jazzy/opt/gz_ogre_next_vendor:/opt/ros/jazzy/opt/gz_dartsim_vendor:/opt/ros/jazzy/opt/gz_cmake_vendor:/opt/ros/jazzy /usr/bin/cmake --install /home/ubuntu/psd_ws/build/gz_ros2_control_demos
