[0.010s] Invoking command in '/home/ubuntu/psd_ws/build/gz_ros2_control': CMAKE_PREFIX_PATH=${CMAKE_PREFIX_PATH}:/opt/ros/jazzy /usr/bin/cmake /home/ubuntu/psd_ws/src/gz_ros2_control/gz_ros2_control -DAMENT_CMAKE_SYMLINK_INSTALL=1 -DCMAKE_INSTALL_PREFIX=/home/ubuntu/psd_ws/install/gz_ros2_control
[0.049s] -- The C compiler identification is GNU 13.2.0
[0.086s] -- The CXX compiler identification is GNU 13.2.0
[0.097s] -- Detecting C compiler ABI info
[0.153s] -- Detecting C compiler ABI info - done
[0.158s] -- Check for working C compiler: /usr/bin/cc - skipped
[0.159s] -- Detecting C compile features
[0.159s] -- Detecting C compile features - done
[0.165s] -- Detecting CXX compiler ABI info
[0.228s] -- Detecting CXX compiler ABI info - done
[0.234s] -- Check for working CXX compiler: /usr/bin/c++ - skipped
[0.234s] -- Detecting CXX compile features
[0.235s] -- Detecting CXX compile features - done
[0.240s] -- Found ament_cmake: 2.5.0 (/opt/ros/jazzy/share/ament_cmake/cmake)
[0.352s] -- Found Python3: /usr/bin/python3 (found version "3.12.3") found components: Interpreter 
[0.401s] -- Override CMake install command with custom implementation using symlinks instead of copying resources
[0.477s] -- Found ament_index_cpp: 1.8.1 (/opt/ros/jazzy/share/ament_index_cpp/cmake)
[0.481s] -- Found controller_manager: 4.11.0 (/opt/ros/jazzy/share/controller_manager/cmake)
[0.573s] -- Found rosidl_generator_c: 4.6.2 (/opt/ros/jazzy/share/rosidl_generator_c/cmake)
[0.593s] -- Found rosidl_generator_cpp: 4.6.2 (/opt/ros/jazzy/share/rosidl_generator_cpp/cmake)
[0.617s] -- Using all available rosidl_typesupport_c: rosidl_typesupport_fastrtps_c;rosidl_typesupport_introspection_c
[0.639s] -- Using all available rosidl_typesupport_cpp: rosidl_typesupport_fastrtps_cpp;rosidl_typesupport_introspection_cpp
[0.846s] -- Found TinyXML2 via Config file: /usr/lib/x86_64-linux-gnu/cmake/tinyxml2
[0.904s] -- Found rmw_implementation_cmake: 7.3.1 (/opt/ros/jazzy/share/rmw_implementation_cmake/cmake)
[0.910s] -- Found rmw_fastrtps_cpp: 8.4.0 (/opt/ros/jazzy/share/rmw_fastrtps_cpp/cmake)
[0.941s] -- Found TinyXML2 via Config file: /usr/lib/x86_64-linux-gnu/cmake/tinyxml2
[0.979s] -- Found OpenSSL: /usr/lib/x86_64-linux-gnu/libcrypto.so (found version "3.0.13")  
[0.981s] -- Found TinyXML2 via Config file: /usr/lib/x86_64-linux-gnu/cmake/tinyxml2
[0.991s] -- Found FastRTPS: /opt/ros/jazzy/include (Required is at least version "2.13") 
[0.994s] -- Found TinyXML2 via Config file: /usr/lib/x86_64-linux-gnu/cmake/tinyxml2
[1.001s] -- Found TinyXML2 via Config file: /usr/lib/x86_64-linux-gnu/cmake/tinyxml2
[1.012s] -- Using RMW implementation 'rmw_fastrtps_cpp' as default
[1.286s] -- Found yaml_cpp_vendor: 9.0.0 (/opt/ros/jazzy/share/yaml_cpp_vendor/cmake)
[1.286s] -- Setting yaml-cpp_DIR to: '/opt/ros/jazzy/share/yaml_cpp_vendor/cmake/../../../opt/yaml_cpp_vendor/share/cmake/yaml-cpp'
[1.291s] -- Found gz_sim_vendor: 0.0.3 (/opt/ros/jazzy/share/gz_sim_vendor/cmake)
[1.383s] -- Looking for gz-sim8 -- found version 8.3.0
[1.390s] -- Searching for dependencies of gz-sim8
[1.393s] -- Looking for sdformat14 -- found version 14.1.1
[1.393s] -- Searching for dependencies of sdformat14
[1.397s] -- Checking for module 'tinyxml2'
[1.408s] --   Found tinyxml2, version 10.0.0
[1.432s] -- Looking for gz-math7 -- found version 7.4.0
[1.432s] -- Searching for dependencies of gz-math7
[1.435s] -- Looking for gz-utils2 -- found version 2.2.0
[1.436s] -- Searching for dependencies of gz-utils2
[1.437s] -- Looking for gz-utils2 -- found version 2.2.0
[1.437s] -- Searching for dependencies of gz-utils2
[1.437s] -- Searching for <gz-utils2> component [cli]
[1.440s] -- Looking for gz-utils2-cli -- found version 2.2.0
[1.440s] -- Searching for dependencies of gz-utils2-cli
[1.444s] -- Looking for gz-plugin2 -- found version 2.0.3
[1.444s] -- Searching for dependencies of gz-plugin2
[1.445s] -- Looking for gz-utils2 -- found version 2.2.0
[1.445s] -- Searching for <gz-plugin2> component [loader]
[1.448s] -- Looking for gz-plugin2-loader -- found version 2.0.3
[1.448s] -- Searching for dependencies of gz-plugin2-loader
[1.448s] -- Searching for <gz-plugin2> component [register]
[1.451s] -- Looking for gz-plugin2-register -- found version 2.0.3
[1.451s] -- Searching for dependencies of gz-plugin2-register
[1.454s] -- Looking for gz-transport13 -- found version 13.2.0
[1.454s] -- Searching for dependencies of gz-transport13
[1.478s] -- Found Protobuf: /usr/lib/x86_64-linux-gnu/libprotobuf.so (found version "3.21.12") 
[1.490s] -- Checking for module 'uuid'
[1.500s] --   Found uuid, version 2.39.3
[1.521s] -- Found UUID: TRUE  
[1.521s] -- Looking for gz-utils2 -- found version 2.2.0
[1.525s] -- Looking for gz-msgs10 -- found version 10.1.2
[1.525s] -- Searching for dependencies of gz-msgs10
[1.543s] -- Looking for gz-utils2 -- found version 2.2.0
[1.543s] -- Looking for gz-math7 -- found version 7.4.0
[1.637s] -- Searching for <gz-transport13> component [log]
[1.640s] -- Looking for gz-transport13-log -- found version 13.2.0
[1.640s] -- Searching for dependencies of gz-transport13-log
[1.641s] -- Searching for <gz-transport13> component [parameters]
[1.644s] -- Looking for gz-transport13-parameters -- found version 13.2.0
[1.644s] -- Searching for dependencies of gz-transport13-parameters
[1.646s] -- Looking for gz-msgs10 -- found version 10.1.2
[1.649s] -- Looking for gz-common5 -- found version 5.5.1
[1.649s] -- Searching for dependencies of gz-common5
[1.649s] -- Looking for gz-utils2 -- found version 2.2.0
[1.650s] -- Looking for dlfcn.h - found
[1.650s] -- Looking for libdl - found
[1.651s] -- Found DL: TRUE  
[1.656s] -- Searching for <gz-common5> component [av]
[1.659s] -- Looking for gz-common5-av -- found version 5.5.1
[1.659s] -- Searching for dependencies of gz-common5-av
[1.663s] -- Checking for module 'libswscale'
[1.673s] --   Found libswscale, version 7.5.100
[1.695s] -- Found SWSCALE: TRUE  
[1.698s] -- Checking for module 'libavdevice >= 56.4.100'
[1.708s] --   Found libavdevice, version 60.3.100
[1.737s] -- Found AVDEVICE: TRUE (Required is at least version "56.4.100") 
[1.742s] -- Checking for module 'libavformat'
[1.753s] --   Found libavformat, version 60.16.100
[1.781s] -- Found AVFORMAT: TRUE  
[1.784s] -- Checking for module 'libavcodec'
[1.795s] --   Found libavcodec, version 60.31.102
[1.818s] -- Found AVCODEC: TRUE  
[1.821s] -- Checking for module 'libavutil'
[1.831s] --   Found libavutil, version 58.29.100
[1.852s] -- Found AVUTIL: TRUE  
[1.853s] -- Searching for <gz-common5> component [events]
[1.856s] -- Looking for gz-common5-events -- found version 5.5.1
[1.857s] -- Searching for dependencies of gz-common5-events
[1.857s] -- Looking for gz-math7 -- found version 7.4.0
[1.857s] -- Searching for <gz-common5> component [graphics]
[1.861s] -- Looking for gz-common5-graphics -- found version 5.5.1
[1.861s] -- Searching for dependencies of gz-common5-graphics
[1.861s] -- Looking for gz-math7 -- found version 7.4.0
[1.869s] -- Found GzAssimp: TRUE (found version "5.3.0") 
[1.870s] -- Searching for <gz-common5> component [io]
[1.873s] -- Looking for gz-common5-io -- found version 5.5.1
[1.873s] -- Searching for dependencies of gz-common5-io
[1.874s] -- Searching for <gz-common5> component [profiler]
[1.877s] -- Looking for gz-common5-profiler -- found version 5.5.1
[1.877s] -- Searching for dependencies of gz-common5-profiler
[1.881s] -- Looking for gz-fuel_tools9 -- found version 9.0.3
[1.881s] -- Searching for dependencies of gz-fuel_tools9
[1.936s] -- Found CURL: /usr/lib/x86_64-linux-gnu/libcurl.so (found version "8.5.0")  
[1.946s] -- Checking for module 'jsoncpp'
[1.956s] --   Found jsoncpp, version 1.9.5
[1.976s] -- Found JSONCPP: TRUE  
[1.991s] -- Checking for module 'yaml-0.1'
[2.000s] --   Found yaml-0.1, version 0.2.5
[2.020s] -- Found YAML: TRUE  
[2.023s] -- Checking for module 'libzip'
[2.032s] --   Found libzip, version 1.7.3
[2.053s] -- Found ZIP: TRUE  
[2.053s] -- Looking for gz-utils2 -- found version 2.2.0
[2.053s] -- Looking for gz-common5 -- found version 5.5.1
[2.053s] -- Searching for dependencies of gz-common5
[2.053s] -- Looking for gz-utils2 -- found version 2.2.0
[2.054s] -- Looking for dlfcn.h - found
[2.054s] -- Looking for libdl - found
[2.059s] -- Searching for <gz-common5> component [testing]
[2.062s] -- Looking for gz-common5-testing -- found version 5.5.1
[2.062s] -- Searching for dependencies of gz-common5-testing
[2.063s] -- Looking for gz-math7 -- found version 7.4.0
[2.063s] -- Looking for gz-msgs10 -- found version 10.1.2
[2.066s] -- Looking for gz-gui8 -- found version 8.1.1
[2.066s] -- Searching for dependencies of gz-gui8
[2.086s] -- Looking for gz-utils2 -- found version 2.2.0
[2.086s] -- Looking for gz-math7 -- found version 7.4.0
[2.086s] -- Looking for gz-common5 -- found version 5.5.1
[2.086s] -- Looking for gz-plugin2 -- found version 2.0.3
[2.087s] -- Looking for gz-transport13 -- found version 13.2.0
[2.098s] -- Looking for gz-rendering8 -- found version 8.1.1
[2.098s] -- Searching for dependencies of gz-rendering8
[2.098s] -- Looking for gz-math7 -- found version 7.4.0
[2.098s] -- Searching for dependencies of gz-math7
[2.098s] -- Looking for gz-utils2 -- found version 2.2.0
[2.098s] -- Searching for <gz-math7> component [eigen3]
[2.098s] -- Looking for gz-math7-eigen3 -- found version 7.4.0
[2.098s] -- Searching for dependencies of gz-math7-eigen3
[2.103s] -- Looking for gz-common5 -- found version 5.5.1
[2.103s] -- Searching for dependencies of gz-common5
[2.103s] -- Looking for gz-utils2 -- found version 2.2.0
[2.103s] -- Looking for dlfcn.h - found
[2.103s] -- Looking for libdl - found
[2.108s] -- Searching for <gz-common5> component [graphics]
[2.108s] -- Searching for <gz-common5> component [events]
[2.108s] -- Searching for <gz-common5> component [geospatial]
[2.112s] -- Looking for gz-common5-geospatial -- found version 5.5.1
[2.112s] -- Searching for dependencies of gz-common5-geospatial
[2.112s] -- Looking for gz-math7 -- found version 7.4.0
[2.112s] -- Looking for gz-common5 -- found version 5.5.1
[2.113s] -- Looking for gz-plugin2 -- found version 2.0.3
[2.113s] -- Searching for dependencies of gz-plugin2
[2.113s] -- Looking for gz-utils2 -- found version 2.2.0
[2.113s] -- Searching for <gz-plugin2> component [all]
[2.116s] -- Looking for all libraries of gz-plugin2 -- found version 2.0.3
[2.116s] -- Looking for gz-plugin2 -- found version 2.0.3
[2.117s] -- Looking for gz-utils2 -- found version 2.2.0
[2.124s] -- Found OpenGL: /usr/lib/x86_64-linux-gnu/libOpenGL.so  found components: OpenGL 
[2.125s] -- Looking for gz-msgs10 -- found version 10.1.2
[2.144s] -- Looking for gz-physics7 -- found version 7.2.0
[2.144s] -- Searching for dependencies of gz-physics7
[2.144s] -- Looking for gz-common5 -- found version 5.5.1
[2.144s] -- Looking for gz-math7 -- found version 7.4.0
[2.144s] -- Looking for gz-plugin2 -- found version 2.0.3
[2.144s] -- Looking for gz-utils2 -- found version 2.2.0
[2.145s] -- Searching for <gz-physics7> component [heightmap]
[2.147s] -- Looking for gz-physics7-heightmap -- found version 7.2.0
[2.148s] -- Searching for dependencies of gz-physics7-heightmap
[2.148s] -- Looking for gz-common5 -- found version 5.5.1
[2.148s] -- Searching for <gz-physics7> component [mesh]
[2.150s] -- Looking for gz-physics7-mesh -- found version 7.2.0
[2.150s] -- Searching for dependencies of gz-physics7-mesh
[2.150s] -- Looking for gz-common5 -- found version 5.5.1
[2.151s] -- Searching for <gz-physics7> component [sdf]
[2.153s] -- Looking for gz-physics7-sdf -- found version 7.2.0
[2.153s] -- Searching for dependencies of gz-physics7-sdf
[2.153s] -- Looking for sdformat14 -- found version 14.1.1
[2.156s] -- Looking for gz-sensors8 -- found version 8.0.1
[2.156s] -- Searching for dependencies of gz-sensors8
[2.173s] -- Looking for gz-math7 -- found version 7.4.0
[2.173s] -- Looking for gz-common5 -- found version 5.5.1
[2.173s] -- Looking for gz-transport13 -- found version 13.2.0
[2.173s] -- Looking for gz-rendering8 -- found version 8.1.1
[2.174s] -- Looking for gz-msgs10 -- found version 10.1.2
[2.174s] -- Looking for sdformat14 -- found version 14.1.1
[2.174s] -- Searching for <gz-sensors8> component [air_pressure]
[2.176s] -- Looking for gz-sensors8-air_pressure -- found version 8.0.1
[2.176s] -- Searching for dependencies of gz-sensors8-air_pressure
[2.177s] -- Searching for <gz-sensors8> component [air_speed]
[2.179s] -- Looking for gz-sensors8-air_speed -- found version 8.0.1
[2.179s] -- Searching for dependencies of gz-sensors8-air_speed
[2.179s] -- Searching for <gz-sensors8> component [altimeter]
[2.181s] -- Looking for gz-sensors8-altimeter -- found version 8.0.1
[2.181s] -- Searching for dependencies of gz-sensors8-altimeter
[2.181s] -- Searching for <gz-sensors8> component [imu]
[2.183s] -- Looking for gz-sensors8-imu -- found version 8.0.1
[2.183s] -- Searching for dependencies of gz-sensors8-imu
[2.184s] -- Searching for <gz-sensors8> component [force_torque]
[2.186s] -- Looking for gz-sensors8-force_torque -- found version 8.0.1
[2.186s] -- Searching for dependencies of gz-sensors8-force_torque
[2.186s] -- Searching for <gz-sensors8> component [logical_camera]
[2.188s] -- Looking for gz-sensors8-logical_camera -- found version 8.0.1
[2.188s] -- Searching for dependencies of gz-sensors8-logical_camera
[2.188s] -- Searching for <gz-sensors8> component [magnetometer]
[2.191s] -- Looking for gz-sensors8-magnetometer -- found version 8.0.1
[2.191s] -- Searching for dependencies of gz-sensors8-magnetometer
[2.191s] -- Searching for <gz-sensors8> component [navsat]
[2.193s] -- Looking for gz-sensors8-navsat -- found version 8.0.1
[2.193s] -- Searching for dependencies of gz-sensors8-navsat
[2.193s] -- Searching for <gz-sensors8> component [dvl]
[2.195s] -- Looking for gz-sensors8-dvl -- found version 8.0.1
[2.195s] -- Searching for dependencies of gz-sensors8-dvl
[2.195s] -- Looking for gz-sensors8 -- found version 8.0.1
[2.196s] -- Searching for dependencies of gz-sensors8
[2.213s] -- Looking for gz-math7 -- found version 7.4.0
[2.213s] -- Looking for gz-common5 -- found version 5.5.1
[2.213s] -- Looking for gz-transport13 -- found version 13.2.0
[2.213s] -- Looking for gz-rendering8 -- found version 8.1.1
[2.214s] -- Looking for gz-msgs10 -- found version 10.1.2
[2.214s] -- Looking for sdformat14 -- found version 14.1.1
[2.214s] -- Searching for <gz-sensors8> component [rendering]
[2.217s] -- Looking for gz-sensors8-rendering -- found version 8.0.1
[2.217s] -- Searching for dependencies of gz-sensors8-rendering
[2.217s] -- Searching for <gz-sensors8> component [rendering]
[2.217s] -- Searching for <gz-sensors8> component [lidar]
[2.219s] -- Looking for gz-sensors8-lidar -- found version 8.0.1
[2.219s] -- Searching for dependencies of gz-sensors8-lidar
[2.220s] -- Looking for gz-sensors8 -- found version 8.0.1
[2.220s] -- Searching for <gz-sensors8> component [gpu_lidar]
[2.222s] -- Looking for gz-sensors8-gpu_lidar -- found version 8.0.1
[2.222s] -- Searching for dependencies of gz-sensors8-gpu_lidar
[2.222s] -- Looking for gz-sensors8 -- found version 8.0.1
[2.222s] -- Searching for <gz-sensors8> component [camera]
[2.225s] -- Looking for gz-sensors8-camera -- found version 8.0.1
[2.225s] -- Searching for dependencies of gz-sensors8-camera
[2.225s] -- Looking for gz-sensors8 -- found version 8.0.1
[2.225s] -- Searching for <gz-sensors8> component [boundingbox_camera]
[2.227s] -- Looking for gz-sensors8-boundingbox_camera -- found version 8.0.1
[2.227s] -- Searching for dependencies of gz-sensors8-boundingbox_camera
[2.228s] -- Searching for <gz-sensors8> component [segmentation_camera]
[2.231s] -- Looking for gz-sensors8-segmentation_camera -- found version 8.0.1
[2.231s] -- Searching for dependencies of gz-sensors8-segmentation_camera
[2.232s] -- Searching for <gz-sensors8> component [depth_camera]
[2.235s] -- Looking for gz-sensors8-depth_camera -- found version 8.0.1
[2.235s] -- Searching for dependencies of gz-sensors8-depth_camera
[2.235s] -- Looking for gz-sensors8 -- found version 8.0.1
[2.236s] -- Searching for <gz-sensors8> component [rgbd_camera]
[2.238s] -- Looking for gz-sensors8-rgbd_camera -- found version 8.0.1
[2.238s] -- Searching for dependencies of gz-sensors8-rgbd_camera
[2.238s] -- Looking for gz-sensors8 -- found version 8.0.1
[2.239s] -- Searching for <gz-sensors8> component [thermal_camera]
[2.241s] -- Looking for gz-sensors8-thermal_camera -- found version 8.0.1
[2.241s] -- Searching for dependencies of gz-sensors8-thermal_camera
[2.241s] -- Looking for gz-sensors8 -- found version 8.0.1
[2.242s] -- Searching for <gz-sensors8> component [wide_angle_camera]
[2.244s] -- Looking for gz-sensors8-wide_angle_camera -- found version 8.0.1
[2.244s] -- Searching for dependencies of gz-sensors8-wide_angle_camera
[2.244s] -- Looking for gz-rendering8 -- found version 8.1.1
[2.245s] -- Looking for gz-math7 -- found version 7.4.0
[2.245s] -- Looking for gz-utils2 -- found version 2.2.0
[2.266s] -- Looking for gz-plugin2 -- found version 2.0.3
[2.274s] -- Found ament_lint_auto: 0.17.0 (/opt/ros/jazzy/share/ament_lint_auto/cmake)
[2.388s] -- Added test 'copyright' to check source files copyright and LICENSE
[2.389s] -- Added test 'cppcheck' to perform static code analysis on C / C++ code
[2.390s] -- Configured cppcheck include dirs: /home/ubuntu/psd_ws/src/gz_ros2_control/gz_ros2_control/include
[2.390s] -- Configured cppcheck exclude dirs and/or files: 
[2.391s] -- Added test 'cpplint' to check C / C++ code against the Google style
[2.391s] -- Configured cpplint exclude dirs and/or files: 
[2.392s] -- Added test 'lint_cmake' to check CMake code style
[2.393s] -- Added test 'uncrustify' to check C / C++ code style
[2.393s] -- Configured uncrustify additional arguments: 
[2.394s] -- Added test 'xmllint' to check XML markup files
[2.397s] -- Configuring done (2.4s)
[2.421s] -- Generating done (0.0s)
[2.423s] -- Build files have been written to: /home/ubuntu/psd_ws/build/gz_ros2_control
[2.434s] Invoked command in '/home/ubuntu/psd_ws/build/gz_ros2_control' returned '0': CMAKE_PREFIX_PATH=${CMAKE_PREFIX_PATH}:/opt/ros/jazzy /usr/bin/cmake /home/ubuntu/psd_ws/src/gz_ros2_control/gz_ros2_control -DAMENT_CMAKE_SYMLINK_INSTALL=1 -DCMAKE_INSTALL_PREFIX=/home/ubuntu/psd_ws/install/gz_ros2_control
[2.434s] Invoking command in '/home/ubuntu/psd_ws/build/gz_ros2_control': CMAKE_PREFIX_PATH=${CMAKE_PREFIX_PATH}:/opt/ros/jazzy /usr/bin/cmake --build /home/ubuntu/psd_ws/build/gz_ros2_control -- -j20 -l20
[2.472s] [ 50%] [32mBuilding CXX object CMakeFiles/gz_hardware_plugins.dir/src/gz_system.cpp.o[0m
[2.472s] [ 50%] [32mBuilding CXX object CMakeFiles/gz_ros2_control-system.dir/src/gz_ros2_control_plugin.cpp.o[0m
[7.855s] [ 75%] [32m[1mLinking CXX shared library libgz_hardware_plugins.so[0m
[8.100s] [ 75%] Built target gz_hardware_plugins
[9.757s] [100%] [32m[1mLinking CXX shared library libgz_ros2_control-system.so[0m
[10.030s] [100%] Built target gz_ros2_control-system
[10.040s] Invoked command in '/home/ubuntu/psd_ws/build/gz_ros2_control' returned '0': CMAKE_PREFIX_PATH=${CMAKE_PREFIX_PATH}:/opt/ros/jazzy /usr/bin/cmake --build /home/ubuntu/psd_ws/build/gz_ros2_control -- -j20 -l20
[10.061s] Invoking command in '/home/ubuntu/psd_ws/build/gz_ros2_control': CMAKE_PREFIX_PATH=${CMAKE_PREFIX_PATH}:/opt/ros/jazzy /usr/bin/cmake --install /home/ubuntu/psd_ws/build/gz_ros2_control
[10.066s] -- Install configuration: ""
[10.066s] -- Execute custom install script
[10.066s] -- Symlinking: /home/ubuntu/psd_ws/install/gz_ros2_control/lib/libgz_hardware_plugins.so
[10.072s] -- Symlinking: /home/ubuntu/psd_ws/install/gz_ros2_control/include/gz_ros2_control/gz_ros2_control_plugin.hpp
[10.077s] -- Symlinking: /home/ubuntu/psd_ws/install/gz_ros2_control/include/gz_ros2_control/gz_system.hpp
[10.082s] -- Symlinking: /home/ubuntu/psd_ws/install/gz_ros2_control/include/gz_ros2_control/gz_system_interface.hpp
[10.088s] -- Symlinking: /home/ubuntu/psd_ws/install/gz_ros2_control/share/gz_ros2_control/environment/library_path.sh
[10.093s] -- Symlinking: /home/ubuntu/psd_ws/install/gz_ros2_control/share/gz_ros2_control/environment/library_path.dsv
[10.098s] -- Symlinking: /home/ubuntu/psd_ws/install/gz_ros2_control/lib/libgz_ros2_control-system.so
[10.104s] -- Symlinking: /home/ubuntu/psd_ws/install/gz_ros2_control/share/gz_ros2_control//gz_hardware_plugins.xml
[10.109s] -- Symlinking: /home/ubuntu/psd_ws/install/gz_ros2_control/share/ament_index/resource_index/package_run_dependencies/gz_ros2_control
[10.114s] -- Symlinking: /home/ubuntu/psd_ws/install/gz_ros2_control/share/ament_index/resource_index/parent_prefix_path/gz_ros2_control
[10.120s] -- Symlinking: /home/ubuntu/psd_ws/install/gz_ros2_control/share/gz_ros2_control/environment/ament_prefix_path.sh
[10.125s] -- Symlinking: /home/ubuntu/psd_ws/install/gz_ros2_control/share/gz_ros2_control/environment/ament_prefix_path.dsv
[10.130s] -- Symlinking: /home/ubuntu/psd_ws/install/gz_ros2_control/share/gz_ros2_control/environment/path.sh
[10.135s] -- Symlinking: /home/ubuntu/psd_ws/install/gz_ros2_control/share/gz_ros2_control/environment/path.dsv
[10.140s] -- Symlinking: /home/ubuntu/psd_ws/install/gz_ros2_control/share/gz_ros2_control/local_setup.bash
[10.146s] -- Symlinking: /home/ubuntu/psd_ws/install/gz_ros2_control/share/gz_ros2_control/local_setup.sh
[10.151s] -- Symlinking: /home/ubuntu/psd_ws/install/gz_ros2_control/share/gz_ros2_control/local_setup.zsh
[10.156s] -- Symlinking: /home/ubuntu/psd_ws/install/gz_ros2_control/share/gz_ros2_control/local_setup.dsv
[10.161s] -- Symlinking: /home/ubuntu/psd_ws/install/gz_ros2_control/share/gz_ros2_control/package.dsv
[10.167s] -- Symlinking: /home/ubuntu/psd_ws/install/gz_ros2_control/share/ament_index/resource_index/packages/gz_ros2_control
[10.172s] -- Symlinking: /home/ubuntu/psd_ws/install/gz_ros2_control/share/ament_index/resource_index/gz_ros2_control__pluginlib__plugin/gz_ros2_control
[10.177s] -- Symlinking: /home/ubuntu/psd_ws/install/gz_ros2_control/share/gz_ros2_control/cmake/ament_cmake_export_include_directories-extras.cmake
[10.182s] -- Symlinking: /home/ubuntu/psd_ws/install/gz_ros2_control/share/gz_ros2_control/cmake/ament_cmake_export_libraries-extras.cmake
[10.187s] -- Symlinking: /home/ubuntu/psd_ws/install/gz_ros2_control/share/gz_ros2_control/cmake/gz_ros2_controlConfig.cmake
[10.192s] -- Symlinking: /home/ubuntu/psd_ws/install/gz_ros2_control/share/gz_ros2_control/cmake/gz_ros2_controlConfig-version.cmake
[10.197s] -- Symlinking: /home/ubuntu/psd_ws/install/gz_ros2_control/share/gz_ros2_control/package.xml
[10.203s] Invoked command in '/home/ubuntu/psd_ws/build/gz_ros2_control' returned '0': CMAKE_PREFIX_PATH=${CMAKE_PREFIX_PATH}:/opt/ros/jazzy /usr/bin/cmake --install /home/ubuntu/psd_ws/build/gz_ros2_control
