[0.162s] Invoking command in '/home/psd/psd_ws/build/joint_limits': CMAKE_PREFIX_PATH=${CMAKE_PREFIX_PATH}:/home/psd/psd_ws/install/rqt_joint_trajectory_controller:/home/psd/psd_ws/install/rqt_controller_manager:/home/psd/psd_ws/install/ros2controlcli:/home/psd/psd_ws/install/ros2_controllers_test_nodes:/opt/ros/humble /usr/bin/cmake /home/psd/psd_ws/src/examples/ros2_control/joint_limits -DCMAKE_INSTALL_PREFIX=/home/psd/psd_ws/install/joint_limits
[0.211s] -- The C compiler identification is GNU 11.4.0
[0.256s] -- The CXX compiler identification is GNU 11.4.0
[0.264s] -- Detecting C compiler ABI info
[0.327s] -- Detecting C compiler ABI info - done
[0.335s] -- Check for working C compiler: /usr/bin/cc - skipped
[0.335s] -- Detecting C compile features
[0.336s] -- Detecting C compile features - done
[0.339s] -- Detecting CXX compiler ABI info
[0.417s] -- Detecting CXX compiler ABI info - done
[0.422s] -- Check for working CXX compiler: /usr/bin/c++ - skipped
[0.423s] -- Detecting CXX compile features
[0.423s] -- Detecting CXX compile features - done
[0.425s] -- Found ament_cmake: 1.3.8 (/opt/ros/humble/share/ament_cmake/cmake)
[0.542s] -- Found Python3: /usr/bin/python3 (found version "3.10.12") found components: Interpreter 
[0.616s] -- Found rclcpp: 16.0.8 (/opt/ros/humble/share/rclcpp/cmake)
[0.653s] -- Found rosidl_generator_c: 3.1.5 (/opt/ros/humble/share/rosidl_generator_c/cmake)
[0.658s] -- Found rosidl_adapter: 3.1.5 (/opt/ros/humble/share/rosidl_adapter/cmake)
[0.665s] -- Found rosidl_generator_cpp: 3.1.5 (/opt/ros/humble/share/rosidl_generator_cpp/cmake)
[0.676s] -- Using all available rosidl_typesupport_c: rosidl_typesupport_fastrtps_c;rosidl_typesupport_introspection_c
[0.692s] -- Using all available rosidl_typesupport_cpp: rosidl_typesupport_fastrtps_cpp;rosidl_typesupport_introspection_cpp
[0.746s] -- Found rmw_implementation_cmake: 6.1.1 (/opt/ros/humble/share/rmw_implementation_cmake/cmake)
[0.750s] -- Found rmw_fastrtps_cpp: 6.2.6 (/opt/ros/humble/share/rmw_fastrtps_cpp/cmake)
[0.844s] -- Found OpenSSL: /usr/lib/x86_64-linux-gnu/libcrypto.so (found version "3.0.2")  
[0.869s] -- Found FastRTPS: /opt/ros/humble/include  
[0.914s] -- Using RMW implementation 'rmw_fastrtps_cpp' as default
[0.923s] -- Looking for pthread.h
[0.986s] -- Looking for pthread.h - found
[0.986s] -- Performing Test CMAKE_HAVE_LIBC_PTHREAD
[1.038s] -- Performing Test CMAKE_HAVE_LIBC_PTHREAD - Success
[1.040s] -- Found Threads: TRUE  
[1.153s] -- Found rclcpp_lifecycle: 16.0.8 (/opt/ros/humble/share/rclcpp_lifecycle/cmake)
[1.182s] -- Found ament_cmake_gtest: 1.3.8 (/opt/ros/humble/share/ament_cmake_gtest/cmake)
[1.184s] -- Found launch_testing_ament_cmake: 1.0.5 (/opt/ros/humble/share/launch_testing_ament_cmake/cmake)
[1.186s] -- Found python_cmake_module: 0.10.0 (/opt/ros/humble/share/python_cmake_module/cmake)
[1.203s] -- Found PythonInterp: /usr/bin/python3 (found suitable version "3.10.12", minimum required is "3.6") 
[1.211s] -- Found PythonLibs: /usr/lib/x86_64-linux-gnu/libpython3.10.so (found suitable version "3.10.12", minimum required is "3.5") 
[1.211s] -- Using PYTHON_EXECUTABLE: /usr/bin/python3
[1.211s] -- Using PYTHON_INCLUDE_DIRS: /usr/include/python3.10
[1.211s] -- Using PYTHON_LIBRARIES: /usr/lib/x86_64-linux-gnu/libpython3.10.so
[1.227s] -- Found PythonExtra: .so  
[1.230s] -- Found gtest sources under '/opt/ros/humble/src/gtest_vendor': C++ tests using 'Google Test' will be built
[1.284s] -- Configuring done
[1.296s] -- Generating done
[1.297s] -- Build files have been written to: /home/psd/psd_ws/build/joint_limits
[1.305s] Invoked command in '/home/psd/psd_ws/build/joint_limits' returned '0': CMAKE_PREFIX_PATH=${CMAKE_PREFIX_PATH}:/home/psd/psd_ws/install/rqt_joint_trajectory_controller:/home/psd/psd_ws/install/rqt_controller_manager:/home/psd/psd_ws/install/ros2controlcli:/home/psd/psd_ws/install/ros2_controllers_test_nodes:/opt/ros/humble /usr/bin/cmake /home/psd/psd_ws/src/examples/ros2_control/joint_limits -DCMAKE_INSTALL_PREFIX=/home/psd/psd_ws/install/joint_limits
[1.306s] Invoking command in '/home/psd/psd_ws/build/joint_limits': CMAKE_PREFIX_PATH=${CMAKE_PREFIX_PATH}:/home/psd/psd_ws/install/rqt_joint_trajectory_controller:/home/psd/psd_ws/install/rqt_controller_manager:/home/psd/psd_ws/install/ros2controlcli:/home/psd/psd_ws/install/ros2_controllers_test_nodes:/opt/ros/humble /usr/bin/cmake --build /home/psd/psd_ws/build/joint_limits -- -j20 -l20
[1.344s] [ 33%] [32mBuilding CXX object gtest/CMakeFiles/gtest_main.dir/src/gtest_main.cc.o[0m
[1.344s] [ 33%] [32mBuilding CXX object gtest/CMakeFiles/gtest.dir/src/gtest-all.cc.o[0m
[1.742s] [ 50%] [32m[1mLinking CXX static library libgtest_main.a[0m
[1.769s] [ 50%] Built target gtest_main
[3.439s] [ 66%] [32m[1mLinking CXX static library libgtest.a[0m
[3.489s] [ 66%] Built target gtest
[3.513s] [ 83%] [32mBuilding CXX object CMakeFiles/joint_limits_rosparam_test.dir/test/joint_limits_rosparam_test.cpp.o[0m
[8.700s] [100%] [32m[1mLinking CXX executable joint_limits_rosparam_test[0m
[9.072s] [100%] Built target joint_limits_rosparam_test
[9.102s] Invoked command in '/home/psd/psd_ws/build/joint_limits' returned '0': CMAKE_PREFIX_PATH=${CMAKE_PREFIX_PATH}:/home/psd/psd_ws/install/rqt_joint_trajectory_controller:/home/psd/psd_ws/install/rqt_controller_manager:/home/psd/psd_ws/install/ros2controlcli:/home/psd/psd_ws/install/ros2_controllers_test_nodes:/opt/ros/humble /usr/bin/cmake --build /home/psd/psd_ws/build/joint_limits -- -j20 -l20
[9.300s] Invoking command in '/home/psd/psd_ws/build/joint_limits': CMAKE_PREFIX_PATH=${CMAKE_PREFIX_PATH}:/home/psd/psd_ws/install/rqt_joint_trajectory_controller:/home/psd/psd_ws/install/rqt_controller_manager:/home/psd/psd_ws/install/ros2controlcli:/home/psd/psd_ws/install/ros2_controllers_test_nodes:/opt/ros/humble /usr/bin/cmake --install /home/psd/psd_ws/build/joint_limits
[9.322s] -- Install configuration: ""
[9.322s] -- Installing: /home/psd/psd_ws/install/joint_limits/include
[9.322s] -- Installing: /home/psd/psd_ws/install/joint_limits/include/joint_limits
[9.323s] -- Installing: /home/psd/psd_ws/install/joint_limits/include/joint_limits/joint_limits.hpp
[9.323s] -- Installing: /home/psd/psd_ws/install/joint_limits/include/joint_limits/joint_limits_rosparam.hpp
[9.323s] -- Installing: /home/psd/psd_ws/install/joint_limits/lib/joint_limits/joint_limits_rosparam_test
[9.330s] -- Set runtime path of "/home/psd/psd_ws/install/joint_limits/lib/joint_limits/joint_limits_rosparam_test" to ""
[9.330s] -- Installing: /home/psd/psd_ws/install/joint_limits/share/joint_limits/test/joint_limits_rosparam.yaml
[9.331s] -- Installing: /home/psd/psd_ws/install/joint_limits/share/ament_index/resource_index/package_run_dependencies/joint_limits
[9.331s] -- Installing: /home/psd/psd_ws/install/joint_limits/share/ament_index/resource_index/parent_prefix_path/joint_limits
[9.332s] -- Installing: /home/psd/psd_ws/install/joint_limits/share/joint_limits/environment/ament_prefix_path.sh
[9.334s] -- Installing: /home/psd/psd_ws/install/joint_limits/share/joint_limits/environment/ament_prefix_path.dsv
[9.334s] -- Installing: /home/psd/psd_ws/install/joint_limits/share/joint_limits/environment/path.sh
[9.334s] -- Installing: /home/psd/psd_ws/install/joint_limits/share/joint_limits/environment/path.dsv
[9.335s] -- Installing: /home/psd/psd_ws/install/joint_limits/share/joint_limits/local_setup.bash
[9.335s] -- Installing: /home/psd/psd_ws/install/joint_limits/share/joint_limits/local_setup.sh
[9.335s] -- Installing: /home/psd/psd_ws/install/joint_limits/share/joint_limits/local_setup.zsh
[9.335s] -- Installing: /home/psd/psd_ws/install/joint_limits/share/joint_limits/local_setup.dsv
[9.335s] -- Installing: /home/psd/psd_ws/install/joint_limits/share/joint_limits/package.dsv
[9.335s] -- Installing: /home/psd/psd_ws/install/joint_limits/share/ament_index/resource_index/packages/joint_limits
[9.335s] -- Installing: /home/psd/psd_ws/install/joint_limits/share/joint_limits/cmake/ament_cmake_export_dependencies-extras.cmake
[9.335s] -- Installing: /home/psd/psd_ws/install/joint_limits/share/joint_limits/cmake/ament_cmake_export_include_directories-extras.cmake
[9.335s] -- Installing: /home/psd/psd_ws/install/joint_limits/share/joint_limits/cmake/joint_limitsConfig.cmake
[9.335s] -- Installing: /home/psd/psd_ws/install/joint_limits/share/joint_limits/cmake/joint_limitsConfig-version.cmake
[9.335s] -- Installing: /home/psd/psd_ws/install/joint_limits/share/joint_limits/package.xml
[9.343s] Invoked command in '/home/psd/psd_ws/build/joint_limits' returned '0': CMAKE_PREFIX_PATH=${CMAKE_PREFIX_PATH}:/home/psd/psd_ws/install/rqt_joint_trajectory_controller:/home/psd/psd_ws/install/rqt_controller_manager:/home/psd/psd_ws/install/ros2controlcli:/home/psd/psd_ws/install/ros2_controllers_test_nodes:/opt/ros/humble /usr/bin/cmake --install /home/psd/psd_ws/build/joint_limits
