[0.153s] Invoking command in '/home/psd/psd_ws/build/joint_limits': CMAKE_PREFIX_PATH=/opt/ros/humble /usr/bin/cmake /home/psd/psd_ws/src/ros-controls/ros2_control/joint_limits -DAMENT_CMAKE_SYMLINK_INSTALL=1 -DCMAKE_INSTALL_PREFIX=/home/psd/psd_ws/install/joint_limits
[0.160s] -- Found ament_cmake: 1.3.8 (/opt/ros/humble/share/ament_cmake/cmake)
[0.252s] -- Override CMake install command with custom implementation using symlinks instead of copying resources
[0.259s] -- Found rclcpp: 16.0.8 (/opt/ros/humble/share/rclcpp/cmake)
[0.285s] -- Found rosidl_generator_c: 3.1.5 (/opt/ros/humble/share/rosidl_generator_c/cmake)
[0.286s] -- Found rosidl_adapter: 3.1.5 (/opt/ros/humble/share/rosidl_adapter/cmake)
[0.290s] -- Found rosidl_generator_cpp: 3.1.5 (/opt/ros/humble/share/rosidl_generator_cpp/cmake)
[0.297s] -- Using all available rosidl_typesupport_c: rosidl_typesupport_fastrtps_c;rosidl_typesupport_introspection_c
[0.307s] -- Using all available rosidl_typesupport_cpp: rosidl_typesupport_fastrtps_cpp;rosidl_typesupport_introspection_cpp
[0.343s] -- Found rmw_implementation_cmake: 6.1.1 (/opt/ros/humble/share/rmw_implementation_cmake/cmake)
[0.344s] -- Found rmw_fastrtps_cpp: 6.2.6 (/opt/ros/humble/share/rmw_fastrtps_cpp/cmake)
[0.436s] -- Using RMW implementation 'rmw_fastrtps_cpp' as default
[0.532s] -- Found rclcpp_lifecycle: 16.0.8 (/opt/ros/humble/share/rclcpp_lifecycle/cmake)
[0.556s] -- Found ament_cmake_gtest: 1.3.8 (/opt/ros/humble/share/ament_cmake_gtest/cmake)
[0.557s] -- Found launch_testing_ament_cmake: 1.0.5 (/opt/ros/humble/share/launch_testing_ament_cmake/cmake)
[0.557s] -- Found python_cmake_module: 0.10.0 (/opt/ros/humble/share/python_cmake_module/cmake)
[0.573s] -- Using PYTHON_EXECUTABLE: /usr/bin/python3
[0.573s] -- Using PYTHON_INCLUDE_DIRS: /usr/include/python3.10
[0.573s] -- Using PYTHON_LIBRARIES: /usr/lib/x86_64-linux-gnu/libpython3.10.so
[0.574s] -- Found gtest sources under '/opt/ros/humble/src/gtest_vendor': C++ tests using 'Google Test' will be built
[0.621s] -- Configuring done
[0.632s] -- Generating done
[0.633s] -- Build files have been written to: /home/psd/psd_ws/build/joint_limits
[0.639s] Invoked command in '/home/psd/psd_ws/build/joint_limits' returned '0': CMAKE_PREFIX_PATH=/opt/ros/humble /usr/bin/cmake /home/psd/psd_ws/src/ros-controls/ros2_control/joint_limits -DAMENT_CMAKE_SYMLINK_INSTALL=1 -DCMAKE_INSTALL_PREFIX=/home/psd/psd_ws/install/joint_limits
[0.640s] Invoking command in '/home/psd/psd_ws/build/joint_limits': CMAKE_PREFIX_PATH=/opt/ros/humble /usr/bin/cmake --build /home/psd/psd_ws/build/joint_limits -- -j20 -l20
[0.669s] [35m[1mConsolidate compiler generated dependencies of target gtest_main[0m
[0.671s] [35m[1mConsolidate compiler generated dependencies of target gtest[0m
[0.679s] [ 16%] [32m[1mLinking CXX static library libgtest_main.a[0m
[0.683s] [ 33%] [32m[1mLinking CXX static library libgtest.a[0m
[0.700s] [ 50%] Built target gtest_main
[0.719s] [ 66%] Built target gtest
[0.726s] [35m[1mConsolidate compiler generated dependencies of target joint_limits_rosparam_test[0m
[0.740s] [ 83%] [32m[1mLinking CXX executable joint_limits_rosparam_test[0m
[0.957s] [100%] Built target joint_limits_rosparam_test
[0.965s] Invoked command in '/home/psd/psd_ws/build/joint_limits' returned '0': CMAKE_PREFIX_PATH=/opt/ros/humble /usr/bin/cmake --build /home/psd/psd_ws/build/joint_limits -- -j20 -l20
[0.981s] Invoking command in '/home/psd/psd_ws/build/joint_limits': CMAKE_PREFIX_PATH=/opt/ros/humble /usr/bin/cmake --install /home/psd/psd_ws/build/joint_limits
[0.986s] -- Install configuration: ""
[0.987s] -- Execute custom install script
[0.987s] -- Up-to-date symlink: /home/psd/psd_ws/install/joint_limits/include/joint_limits/joint_limits.hpp
[0.987s] -- Up-to-date symlink: /home/psd/psd_ws/install/joint_limits/include/joint_limits/joint_limits_rosparam.hpp
[0.987s] -- Up-to-date symlink: /home/psd/psd_ws/install/joint_limits/lib/joint_limits/joint_limits_rosparam_test
[0.988s] -- Up-to-date symlink: /home/psd/psd_ws/install/joint_limits/share/joint_limits/test/joint_limits_rosparam.yaml
[0.988s] -- Up-to-date symlink: /home/psd/psd_ws/install/joint_limits/share/ament_index/resource_index/package_run_dependencies/joint_limits
[0.988s] -- Up-to-date symlink: /home/psd/psd_ws/install/joint_limits/share/ament_index/resource_index/parent_prefix_path/joint_limits
[0.988s] -- Up-to-date symlink: /home/psd/psd_ws/install/joint_limits/share/joint_limits/environment/ament_prefix_path.sh
[0.988s] -- Up-to-date symlink: /home/psd/psd_ws/install/joint_limits/share/joint_limits/environment/ament_prefix_path.dsv
[0.988s] -- Up-to-date symlink: /home/psd/psd_ws/install/joint_limits/share/joint_limits/environment/path.sh
[0.988s] -- Up-to-date symlink: /home/psd/psd_ws/install/joint_limits/share/joint_limits/environment/path.dsv
[0.989s] -- Up-to-date symlink: /home/psd/psd_ws/install/joint_limits/share/joint_limits/local_setup.bash
[0.989s] -- Up-to-date symlink: /home/psd/psd_ws/install/joint_limits/share/joint_limits/local_setup.sh
[0.989s] -- Up-to-date symlink: /home/psd/psd_ws/install/joint_limits/share/joint_limits/local_setup.zsh
[0.989s] -- Up-to-date symlink: /home/psd/psd_ws/install/joint_limits/share/joint_limits/local_setup.dsv
[0.989s] -- Symlinking: /home/psd/psd_ws/install/joint_limits/share/joint_limits/package.dsv
[0.997s] -- Up-to-date symlink: /home/psd/psd_ws/install/joint_limits/share/ament_index/resource_index/packages/joint_limits
[0.997s] -- Up-to-date symlink: /home/psd/psd_ws/install/joint_limits/share/joint_limits/cmake/ament_cmake_export_dependencies-extras.cmake
[0.997s] -- Up-to-date symlink: /home/psd/psd_ws/install/joint_limits/share/joint_limits/cmake/ament_cmake_export_include_directories-extras.cmake
[0.997s] -- Up-to-date symlink: /home/psd/psd_ws/install/joint_limits/share/joint_limits/cmake/joint_limitsConfig.cmake
[0.997s] -- Up-to-date symlink: /home/psd/psd_ws/install/joint_limits/share/joint_limits/cmake/joint_limitsConfig-version.cmake
[0.997s] -- Up-to-date symlink: /home/psd/psd_ws/install/joint_limits/share/joint_limits/package.xml
[0.999s] Invoked command in '/home/psd/psd_ws/build/joint_limits' returned '0': CMAKE_PREFIX_PATH=/opt/ros/humble /usr/bin/cmake --install /home/psd/psd_ws/build/joint_limits
