[0.038s] Invoking command in '/home/psd/psd_ws/build/effort_controllers': AMENT_PREFIX_PATH=/home/psd/psd_ws/install/forward_command_controller:/home/psd/psd_ws/install/controller_manager:/home/psd/psd_ws/install/hardware_interface_testing:/home/psd/psd_ws/install/controller_interface:/home/psd/psd_ws/install/hardware_interface:/home/psd/psd_ws/install/ros2_control_test_assets:/home/psd/psd_ws/install/realtime_tools:/home/psd/psd_ws/install/controller_manager_msgs:/home/psd/psd_ws/install/control_msgs:${AMENT_PREFIX_PATH} CMAKE_PREFIX_PATH=/home/psd/psd_ws/install/forward_command_controller:/home/psd/psd_ws/install/controller_manager:/home/psd/psd_ws/install/hardware_interface_testing:/home/psd/psd_ws/install/controller_interface:/home/psd/psd_ws/install/hardware_interface:/home/psd/psd_ws/install/ros2_control_test_assets:/home/psd/psd_ws/install/realtime_tools:/home/psd/psd_ws/install/controller_manager_msgs:/home/psd/psd_ws/install/control_msgs:/opt/ros/humble LD_LIBRARY_PATH=/home/psd/psd_ws/install/forward_command_controller/lib:/home/psd/psd_ws/install/controller_manager/lib:/home/psd/psd_ws/install/hardware_interface_testing/lib:/home/psd/psd_ws/install/controller_interface/lib:/home/psd/psd_ws/install/hardware_interface/lib:/home/psd/psd_ws/install/realtime_tools/lib:/home/psd/psd_ws/install/controller_manager_msgs/lib:/home/psd/psd_ws/install/control_msgs/lib:${LD_LIBRARY_PATH} PYTHONPATH=/home/psd/psd_ws/install/controller_manager/local/lib/python3.10/dist-packages:/home/psd/psd_ws/install/controller_manager_msgs/local/lib/python3.10/dist-packages:/home/psd/psd_ws/install/control_msgs/local/lib/python3.10/dist-packages:${PYTHONPATH} /usr/bin/cmake --build /home/psd/psd_ws/build/effort_controllers -- -j20 -l20
[0.072s] [35m[1mConsolidate compiler generated dependencies of target gmock_main[0m
[0.072s] [35m[1mConsolidate compiler generated dependencies of target effort_controllers[0m
[0.072s] [35m[1mConsolidate compiler generated dependencies of target gmock[0m
[0.086s] [ 18%] Built target gmock_main
[0.086s] [ 45%] Built target gmock
[0.088s] [ 63%] Built target effort_controllers
[0.110s] [35m[1mConsolidate compiler generated dependencies of target test_joint_group_effort_controller[0m
[0.111s] [35m[1mConsolidate compiler generated dependencies of target test_load_joint_group_effort_controller[0m
[0.126s] [ 81%] Built target test_joint_group_effort_controller
[0.127s] [100%] Built target test_load_joint_group_effort_controller
[0.182s] Invoked command in '/home/psd/psd_ws/build/effort_controllers' returned '0': AMENT_PREFIX_PATH=/home/psd/psd_ws/install/forward_command_controller:/home/psd/psd_ws/install/controller_manager:/home/psd/psd_ws/install/hardware_interface_testing:/home/psd/psd_ws/install/controller_interface:/home/psd/psd_ws/install/hardware_interface:/home/psd/psd_ws/install/ros2_control_test_assets:/home/psd/psd_ws/install/realtime_tools:/home/psd/psd_ws/install/controller_manager_msgs:/home/psd/psd_ws/install/control_msgs:${AMENT_PREFIX_PATH} CMAKE_PREFIX_PATH=/home/psd/psd_ws/install/forward_command_controller:/home/psd/psd_ws/install/controller_manager:/home/psd/psd_ws/install/hardware_interface_testing:/home/psd/psd_ws/install/controller_interface:/home/psd/psd_ws/install/hardware_interface:/home/psd/psd_ws/install/ros2_control_test_assets:/home/psd/psd_ws/install/realtime_tools:/home/psd/psd_ws/install/controller_manager_msgs:/home/psd/psd_ws/install/control_msgs:/opt/ros/humble LD_LIBRARY_PATH=/home/psd/psd_ws/install/forward_command_controller/lib:/home/psd/psd_ws/install/controller_manager/lib:/home/psd/psd_ws/install/hardware_interface_testing/lib:/home/psd/psd_ws/install/controller_interface/lib:/home/psd/psd_ws/install/hardware_interface/lib:/home/psd/psd_ws/install/realtime_tools/lib:/home/psd/psd_ws/install/controller_manager_msgs/lib:/home/psd/psd_ws/install/control_msgs/lib:${LD_LIBRARY_PATH} PYTHONPATH=/home/psd/psd_ws/install/controller_manager/local/lib/python3.10/dist-packages:/home/psd/psd_ws/install/controller_manager_msgs/local/lib/python3.10/dist-packages:/home/psd/psd_ws/install/control_msgs/local/lib/python3.10/dist-packages:${PYTHONPATH} /usr/bin/cmake --build /home/psd/psd_ws/build/effort_controllers -- -j20 -l20
[0.233s] Invoking command in '/home/psd/psd_ws/build/effort_controllers': AMENT_PREFIX_PATH=/home/psd/psd_ws/install/forward_command_controller:/home/psd/psd_ws/install/controller_manager:/home/psd/psd_ws/install/hardware_interface_testing:/home/psd/psd_ws/install/controller_interface:/home/psd/psd_ws/install/hardware_interface:/home/psd/psd_ws/install/ros2_control_test_assets:/home/psd/psd_ws/install/realtime_tools:/home/psd/psd_ws/install/controller_manager_msgs:/home/psd/psd_ws/install/control_msgs:${AMENT_PREFIX_PATH} CMAKE_PREFIX_PATH=/home/psd/psd_ws/install/forward_command_controller:/home/psd/psd_ws/install/controller_manager:/home/psd/psd_ws/install/hardware_interface_testing:/home/psd/psd_ws/install/controller_interface:/home/psd/psd_ws/install/hardware_interface:/home/psd/psd_ws/install/ros2_control_test_assets:/home/psd/psd_ws/install/realtime_tools:/home/psd/psd_ws/install/controller_manager_msgs:/home/psd/psd_ws/install/control_msgs:/opt/ros/humble LD_LIBRARY_PATH=/home/psd/psd_ws/install/forward_command_controller/lib:/home/psd/psd_ws/install/controller_manager/lib:/home/psd/psd_ws/install/hardware_interface_testing/lib:/home/psd/psd_ws/install/controller_interface/lib:/home/psd/psd_ws/install/hardware_interface/lib:/home/psd/psd_ws/install/realtime_tools/lib:/home/psd/psd_ws/install/controller_manager_msgs/lib:/home/psd/psd_ws/install/control_msgs/lib:${LD_LIBRARY_PATH} PYTHONPATH=/home/psd/psd_ws/install/controller_manager/local/lib/python3.10/dist-packages:/home/psd/psd_ws/install/controller_manager_msgs/local/lib/python3.10/dist-packages:/home/psd/psd_ws/install/control_msgs/local/lib/python3.10/dist-packages:${PYTHONPATH} /usr/bin/cmake --install /home/psd/psd_ws/build/effort_controllers
[0.253s] -- Install configuration: ""
[0.254s] -- Up-to-date: /home/psd/psd_ws/install/effort_controllers/share/effort_controllers/effort_controllers_plugins.xml
[0.255s] -- Up-to-date: /home/psd/psd_ws/install/effort_controllers/include/effort_controllers
[0.255s] -- Up-to-date: /home/psd/psd_ws/install/effort_controllers/include/effort_controllers/effort_controllers
[0.255s] -- Up-to-date: /home/psd/psd_ws/install/effort_controllers/include/effort_controllers/effort_controllers/joint_group_effort_controller.hpp
[0.255s] -- Up-to-date: /home/psd/psd_ws/install/effort_controllers/include/effort_controllers/effort_controllers/visibility_control.h
[0.255s] -- Up-to-date: /home/psd/psd_ws/install/effort_controllers/lib/libeffort_controllers.so
[0.256s] -- Up-to-date: /home/psd/psd_ws/install/effort_controllers/share/effort_controllers/environment/library_path.sh
[0.256s] -- Up-to-date: /home/psd/psd_ws/install/effort_controllers/share/effort_controllers/environment/library_path.dsv
[0.256s] -- Up-to-date: /home/psd/psd_ws/install/effort_controllers/share/ament_index/resource_index/package_run_dependencies/effort_controllers
[0.256s] -- Up-to-date: /home/psd/psd_ws/install/effort_controllers/share/ament_index/resource_index/parent_prefix_path/effort_controllers
[0.256s] -- Up-to-date: /home/psd/psd_ws/install/effort_controllers/share/effort_controllers/environment/ament_prefix_path.sh
[0.256s] -- Up-to-date: /home/psd/psd_ws/install/effort_controllers/share/effort_controllers/environment/ament_prefix_path.dsv
[0.256s] -- Up-to-date: /home/psd/psd_ws/install/effort_controllers/share/effort_controllers/environment/path.sh
[0.256s] -- Up-to-date: /home/psd/psd_ws/install/effort_controllers/share/effort_controllers/environment/path.dsv
[0.256s] -- Up-to-date: /home/psd/psd_ws/install/effort_controllers/share/effort_controllers/local_setup.bash
[0.256s] -- Up-to-date: /home/psd/psd_ws/install/effort_controllers/share/effort_controllers/local_setup.sh
[0.257s] -- Up-to-date: /home/psd/psd_ws/install/effort_controllers/share/effort_controllers/local_setup.zsh
[0.257s] -- Up-to-date: /home/psd/psd_ws/install/effort_controllers/share/effort_controllers/local_setup.dsv
[0.257s] -- Installing: /home/psd/psd_ws/install/effort_controllers/share/effort_controllers/package.dsv
[0.257s] -- Up-to-date: /home/psd/psd_ws/install/effort_controllers/share/ament_index/resource_index/packages/effort_controllers
[0.257s] -- Up-to-date: /home/psd/psd_ws/install/effort_controllers/share/ament_index/resource_index/controller_interface__pluginlib__plugin/effort_controllers
[0.257s] -- Up-to-date: /home/psd/psd_ws/install/effort_controllers/share/effort_controllers/cmake/export_effort_controllersExport.cmake
[0.257s] -- Up-to-date: /home/psd/psd_ws/install/effort_controllers/share/effort_controllers/cmake/export_effort_controllersExport-noconfig.cmake
[0.257s] -- Up-to-date: /home/psd/psd_ws/install/effort_controllers/share/effort_controllers/cmake/ament_cmake_export_targets-extras.cmake
[0.257s] -- Up-to-date: /home/psd/psd_ws/install/effort_controllers/share/effort_controllers/cmake/ament_cmake_export_dependencies-extras.cmake
[0.257s] -- Up-to-date: /home/psd/psd_ws/install/effort_controllers/share/effort_controllers/cmake/effort_controllersConfig.cmake
[0.257s] -- Up-to-date: /home/psd/psd_ws/install/effort_controllers/share/effort_controllers/cmake/effort_controllersConfig-version.cmake
[0.257s] -- Up-to-date: /home/psd/psd_ws/install/effort_controllers/share/effort_controllers/package.xml
[0.260s] Invoked command in '/home/psd/psd_ws/build/effort_controllers' returned '0': AMENT_PREFIX_PATH=/home/psd/psd_ws/install/forward_command_controller:/home/psd/psd_ws/install/controller_manager:/home/psd/psd_ws/install/hardware_interface_testing:/home/psd/psd_ws/install/controller_interface:/home/psd/psd_ws/install/hardware_interface:/home/psd/psd_ws/install/ros2_control_test_assets:/home/psd/psd_ws/install/realtime_tools:/home/psd/psd_ws/install/controller_manager_msgs:/home/psd/psd_ws/install/control_msgs:${AMENT_PREFIX_PATH} CMAKE_PREFIX_PATH=/home/psd/psd_ws/install/forward_command_controller:/home/psd/psd_ws/install/controller_manager:/home/psd/psd_ws/install/hardware_interface_testing:/home/psd/psd_ws/install/controller_interface:/home/psd/psd_ws/install/hardware_interface:/home/psd/psd_ws/install/ros2_control_test_assets:/home/psd/psd_ws/install/realtime_tools:/home/psd/psd_ws/install/controller_manager_msgs:/home/psd/psd_ws/install/control_msgs:/opt/ros/humble LD_LIBRARY_PATH=/home/psd/psd_ws/install/forward_command_controller/lib:/home/psd/psd_ws/install/controller_manager/lib:/home/psd/psd_ws/install/hardware_interface_testing/lib:/home/psd/psd_ws/install/controller_interface/lib:/home/psd/psd_ws/install/hardware_interface/lib:/home/psd/psd_ws/install/realtime_tools/lib:/home/psd/psd_ws/install/controller_manager_msgs/lib:/home/psd/psd_ws/install/control_msgs/lib:${LD_LIBRARY_PATH} PYTHONPATH=/home/psd/psd_ws/install/controller_manager/local/lib/python3.10/dist-packages:/home/psd/psd_ws/install/controller_manager_msgs/local/lib/python3.10/dist-packages:/home/psd/psd_ws/install/control_msgs/local/lib/python3.10/dist-packages:${PYTHONPATH} /usr/bin/cmake --install /home/psd/psd_ws/build/effort_controllers
