-- The CXX compiler identification is GNU 11.4.0
-- Detecting CXX compiler ABI info
-- Detecting CXX compiler ABI info - done
-- Check for working CXX compiler: /usr/bin/c++ - skipped
-- Detecting CXX compile features
-- Detecting CXX compile features - done
-- Found ament_cmake: 1.3.8 (/opt/ros/humble/share/ament_cmake/cmake)
-- Found Python3: /usr/bin/python3 (found version "3.10.12") found components: Interpreter 
-- Override CMake install command with custom implementation using symlinks instead of copying resources
-- Found backward_ros: 1.0.2 (/opt/ros/humble/share/backward_ros/cmake)
-- Found libdw: /usr/lib/x86_64-linux-gnu/libdw.so  
-- Could NOT find libbfd (missing: LIBBFD_LIBRARY LIBBFD_INCLUDE_DIR) 
-- BACKWARD_HAS_UNWIND=1
-- BACKWARD_HAS_BACKTRACE=0
-- BACKWARD_HAS_BACKTRACE_SYMBOL=0
-- BACKWARD_HAS_DW=1
-- BACKWARD_HAS_BFD=0
-- Found Backward: /opt/ros/humble/share/backward_ros/cmake  
-- Found forward_command_controller: 2.33.0 (/home/psd/psd_ws/install/forward_command_controller/share/forward_command_controller/cmake)
-- Found rosidl_generator_c: 3.1.5 (/opt/ros/humble/share/rosidl_generator_c/cmake)
-- Found rosidl_adapter: 3.1.5 (/opt/ros/humble/share/rosidl_adapter/cmake)
-- Found rosidl_generator_cpp: 3.1.5 (/opt/ros/humble/share/rosidl_generator_cpp/cmake)
-- Using all available rosidl_typesupport_c: rosidl_typesupport_fastrtps_c;rosidl_typesupport_introspection_c
-- Using all available rosidl_typesupport_cpp: rosidl_typesupport_fastrtps_cpp;rosidl_typesupport_introspection_cpp
-- Found rmw_implementation_cmake: 6.1.1 (/opt/ros/humble/share/rmw_implementation_cmake/cmake)
-- Found rmw_fastrtps_cpp: 6.2.6 (/opt/ros/humble/share/rmw_fastrtps_cpp/cmake)
-- Found TinyXML2 via Config file: TinyXML2_DIR-NOTFOUND
-- Found OpenSSL: /usr/lib/x86_64-linux-gnu/libcrypto.so (found version "3.0.2")  
-- Found TinyXML2 via Config file: TinyXML2_DIR-NOTFOUND
-- Found FastRTPS: /opt/ros/humble/include  
-- Found TinyXML2 via Config file: TinyXML2_DIR-NOTFOUND
-- Found TinyXML2 via Config file: TinyXML2_DIR-NOTFOUND
-- Using RMW implementation 'rmw_fastrtps_cpp' as default
-- Looking for C++ include pthread.h
-- Looking for C++ include pthread.h - found
-- Performing Test CMAKE_HAVE_LIBC_PTHREAD
-- Performing Test CMAKE_HAVE_LIBC_PTHREAD - Success
-- Found Threads: TRUE  
-- Found parameter_traits: 0.3.8 (/opt/ros/humble/share/parameter_traits/cmake)
-- Found ament_cmake_gmock: 1.3.8 (/opt/ros/humble/share/ament_cmake_gmock/cmake)
-- Found controller_manager: 2.40.0 (/home/psd/psd_ws/install/controller_manager/share/controller_manager/cmake)
-- Found ros2_control_test_assets: 2.40.0 (/home/psd/psd_ws/install/ros2_control_test_assets/share/ros2_control_test_assets/cmake)
-- Found gmock sources under '/opt/ros/humble/src/gmock_vendor': C++ tests using 'Google Mock' will be built
-- The C compiler identification is GNU 11.4.0
-- Detecting C compiler ABI info
-- Detecting C compiler ABI info - done
-- Check for working C compiler: /usr/bin/cc - skipped
-- Detecting C compile features
-- Detecting C compile features - done
-- Found ament_cmake_gtest: 1.3.8 (/opt/ros/humble/share/ament_cmake_gtest/cmake)
-- Found gtest sources under '/opt/ros/humble/src/gtest_vendor': C++ tests using 'Google Test' will be built
-- Configuring done
-- Generating done
-- Build files have been written to: /home/psd/psd_ws/build/position_controllers
[  9%] [32mBuilding CXX object gmock/CMakeFiles/gmock.dir/opt/ros/humble/src/gtest_vendor/src/gtest-all.cc.o[0m
[ 18%] [32mBuilding CXX object gmock/CMakeFiles/gmock.dir/src/gmock-all.cc.o[0m
[ 36%] [32mBuilding CXX object gmock/CMakeFiles/gmock_main.dir/src/gmock_main.cc.o[0m
[ 36%] [32mBuilding CXX object CMakeFiles/position_controllers.dir/src/joint_group_position_controller.cpp.o[0m
[ 45%] [32m[1mLinking CXX static library libgmock_main.a[0m
[ 45%] Built target gmock_main
[ 54%] [32m[1mLinking CXX shared library libposition_controllers.so[0m
[ 54%] Built target position_controllers
[ 63%] [32m[1mLinking CXX static library libgmock.a[0m
[ 63%] Built target gmock
[ 72%] [32mBuilding CXX object CMakeFiles/test_load_joint_group_position_controller.dir/test/test_load_joint_group_position_controller.cpp.o[0m
[ 81%] [32mBuilding CXX object CMakeFiles/test_joint_group_position_controller.dir/test/test_joint_group_position_controller.cpp.o[0m
[ 90%] [32m[1mLinking CXX executable test_load_joint_group_position_controller[0m
[ 90%] Built target test_load_joint_group_position_controller
[100%] [32m[1mLinking CXX executable test_joint_group_position_controller[0m
[100%] Built target test_joint_group_position_controller
-- Install configuration: ""
-- Execute custom install script
-- Symlinking: /home/psd/psd_ws/install/position_controllers/share/position_controllers//position_controllers_plugins.xml
-- Symlinking: /home/psd/psd_ws/install/position_controllers/include/position_controllers/position_controllers/joint_group_position_controller.hpp
-- Symlinking: /home/psd/psd_ws/install/position_controllers/include/position_controllers/position_controllers/visibility_control.h
-- Symlinking: /home/psd/psd_ws/install/position_controllers/share/position_controllers/environment/library_path.sh
-- Symlinking: /home/psd/psd_ws/install/position_controllers/share/position_controllers/environment/library_path.dsv
-- Symlinking: /home/psd/psd_ws/install/position_controllers/share/ament_index/resource_index/package_run_dependencies/position_controllers
-- Symlinking: /home/psd/psd_ws/install/position_controllers/share/ament_index/resource_index/parent_prefix_path/position_controllers
-- Symlinking: /home/psd/psd_ws/install/position_controllers/share/position_controllers/environment/ament_prefix_path.sh
-- Symlinking: /home/psd/psd_ws/install/position_controllers/share/position_controllers/environment/ament_prefix_path.dsv
-- Symlinking: /home/psd/psd_ws/install/position_controllers/share/position_controllers/environment/path.sh
-- Symlinking: /home/psd/psd_ws/install/position_controllers/share/position_controllers/environment/path.dsv
-- Symlinking: /home/psd/psd_ws/install/position_controllers/share/position_controllers/local_setup.bash
-- Symlinking: /home/psd/psd_ws/install/position_controllers/share/position_controllers/local_setup.sh
-- Symlinking: /home/psd/psd_ws/install/position_controllers/share/position_controllers/local_setup.zsh
-- Symlinking: /home/psd/psd_ws/install/position_controllers/share/position_controllers/local_setup.dsv
-- Symlinking: /home/psd/psd_ws/install/position_controllers/share/position_controllers/package.dsv
-- Symlinking: /home/psd/psd_ws/install/position_controllers/share/ament_index/resource_index/packages/position_controllers
-- Symlinking: /home/psd/psd_ws/install/position_controllers/share/ament_index/resource_index/controller_interface__pluginlib__plugin/position_controllers
-- Symlinking: /home/psd/psd_ws/install/position_controllers/share/position_controllers/cmake/ament_cmake_export_targets-extras.cmake
-- Symlinking: /home/psd/psd_ws/install/position_controllers/share/position_controllers/cmake/ament_cmake_export_dependencies-extras.cmake
-- Symlinking: /home/psd/psd_ws/install/position_controllers/share/position_controllers/cmake/position_controllersConfig.cmake
-- Symlinking: /home/psd/psd_ws/install/position_controllers/share/position_controllers/cmake/position_controllersConfig-version.cmake
-- Symlinking: /home/psd/psd_ws/install/position_controllers/share/position_controllers/package.xml
-- Installing: /home/psd/psd_ws/install/position_controllers/lib/libposition_controllers.so
-- Set runtime path of "/home/psd/psd_ws/install/position_controllers/lib/libposition_controllers.so" to ""
-- Installing: /home/psd/psd_ws/install/position_controllers/share/position_controllers/cmake/export_position_controllersExport.cmake
-- Installing: /home/psd/psd_ws/install/position_controllers/share/position_controllers/cmake/export_position_controllersExport-noconfig.cmake
