[0.056s] Invoking command in '/home/psd/psd_ws/build/position_controllers': AMENT_PREFIX_PATH=/home/psd/psd_ws/install/forward_command_controller:/home/psd/psd_ws/install/controller_manager:/home/psd/psd_ws/install/hardware_interface_testing:/home/psd/psd_ws/install/controller_interface:/home/psd/psd_ws/install/hardware_interface:/home/psd/psd_ws/install/ros2_control_test_assets:/home/psd/psd_ws/install/realtime_tools:/home/psd/psd_ws/install/controller_manager_msgs:/home/psd/psd_ws/install/control_msgs:${AMENT_PREFIX_PATH} CMAKE_PREFIX_PATH=/home/psd/psd_ws/install/forward_command_controller:/home/psd/psd_ws/install/controller_manager:/home/psd/psd_ws/install/hardware_interface_testing:/home/psd/psd_ws/install/controller_interface:/home/psd/psd_ws/install/hardware_interface:/home/psd/psd_ws/install/ros2_control_test_assets:/home/psd/psd_ws/install/realtime_tools:/home/psd/psd_ws/install/controller_manager_msgs:/home/psd/psd_ws/install/control_msgs:/opt/ros/humble LD_LIBRARY_PATH=/home/psd/psd_ws/install/forward_command_controller/lib:/home/psd/psd_ws/install/controller_manager/lib:/home/psd/psd_ws/install/hardware_interface_testing/lib:/home/psd/psd_ws/install/controller_interface/lib:/home/psd/psd_ws/install/hardware_interface/lib:/home/psd/psd_ws/install/realtime_tools/lib:/home/psd/psd_ws/install/controller_manager_msgs/lib:/home/psd/psd_ws/install/control_msgs/lib:${LD_LIBRARY_PATH} PYTHONPATH=/home/psd/psd_ws/install/controller_manager/local/lib/python3.10/dist-packages:/home/psd/psd_ws/install/controller_manager_msgs/local/lib/python3.10/dist-packages:/home/psd/psd_ws/install/control_msgs/local/lib/python3.10/dist-packages:${PYTHONPATH} /usr/bin/cmake /home/psd/psd_ws/src/ros-controls/ros2_controllers/position_controllers -DAMENT_CMAKE_SYMLINK_INSTALL=1 -DCMAKE_INSTALL_PREFIX=/home/psd/psd_ws/install/position_controllers
[0.147s] -- The CXX compiler identification is GNU 11.4.0
[0.159s] -- Detecting CXX compiler ABI info
[0.276s] -- Detecting CXX compiler ABI info - done
[0.289s] -- Check for working CXX compiler: /usr/bin/c++ - skipped
[0.289s] -- Detecting CXX compile features
[0.294s] -- Detecting CXX compile features - done
[0.296s] -- Found ament_cmake: 1.3.8 (/opt/ros/humble/share/ament_cmake/cmake)
[0.530s] -- Found Python3: /usr/bin/python3 (found version "3.10.12") found components: Interpreter 
[0.624s] -- Override CMake install command with custom implementation using symlinks instead of copying resources
[0.706s] -- Found backward_ros: 1.0.2 (/opt/ros/humble/share/backward_ros/cmake)
[0.721s] -- Found libdw: /usr/lib/x86_64-linux-gnu/libdw.so  
[0.730s] -- Could NOT find libbfd (missing: LIBBFD_LIBRARY LIBBFD_INCLUDE_DIR) 
[0.730s] -- BACKWARD_HAS_UNWIND=1
[0.731s] -- BACKWARD_HAS_BACKTRACE=0
[0.731s] -- BACKWARD_HAS_BACKTRACE_SYMBOL=0
[0.731s] -- BACKWARD_HAS_DW=1
[0.731s] -- BACKWARD_HAS_BFD=0
[0.731s] -- Found Backward: /opt/ros/humble/share/backward_ros/cmake  
[0.732s] -- Found forward_command_controller: 2.33.0 (/home/psd/psd_ws/install/forward_command_controller/share/forward_command_controller/cmake)
[0.818s] -- Found rosidl_generator_c: 3.1.5 (/opt/ros/humble/share/rosidl_generator_c/cmake)
[0.837s] -- Found rosidl_adapter: 3.1.5 (/opt/ros/humble/share/rosidl_adapter/cmake)
[0.856s] -- Found rosidl_generator_cpp: 3.1.5 (/opt/ros/humble/share/rosidl_generator_cpp/cmake)
[0.882s] -- Using all available rosidl_typesupport_c: rosidl_typesupport_fastrtps_c;rosidl_typesupport_introspection_c
[0.920s] -- Using all available rosidl_typesupport_cpp: rosidl_typesupport_fastrtps_cpp;rosidl_typesupport_introspection_cpp
[2.087s] -- Found rmw_implementation_cmake: 6.1.1 (/opt/ros/humble/share/rmw_implementation_cmake/cmake)
[2.093s] -- Found rmw_fastrtps_cpp: 6.2.6 (/opt/ros/humble/share/rmw_fastrtps_cpp/cmake)
[2.176s] -- Found TinyXML2 via Config file: TinyXML2_DIR-NOTFOUND
[2.256s] -- Found OpenSSL: /usr/lib/x86_64-linux-gnu/libcrypto.so (found version "3.0.2")  
[2.260s] -- Found TinyXML2 via Config file: TinyXML2_DIR-NOTFOUND
[2.277s] -- Found FastRTPS: /opt/ros/humble/include  
[2.294s] -- Found TinyXML2 via Config file: TinyXML2_DIR-NOTFOUND
[2.311s] -- Found TinyXML2 via Config file: TinyXML2_DIR-NOTFOUND
[2.324s] -- Using RMW implementation 'rmw_fastrtps_cpp' as default
[2.350s] -- Looking for C++ include pthread.h
[2.537s] -- Looking for C++ include pthread.h - found
[2.538s] -- Performing Test CMAKE_HAVE_LIBC_PTHREAD
[2.733s] -- Performing Test CMAKE_HAVE_LIBC_PTHREAD - Success
[2.733s] -- Found Threads: TRUE  
[3.419s] -- Found parameter_traits: 0.3.8 (/opt/ros/humble/share/parameter_traits/cmake)
[3.788s] -- Found ament_cmake_gmock: 1.3.8 (/opt/ros/humble/share/ament_cmake_gmock/cmake)
[3.789s] -- Found controller_manager: 2.40.0 (/home/psd/psd_ws/install/controller_manager/share/controller_manager/cmake)
[4.235s] -- Found ros2_control_test_assets: 2.40.0 (/home/psd/psd_ws/install/ros2_control_test_assets/share/ros2_control_test_assets/cmake)
[4.242s] -- Found gmock sources under '/opt/ros/humble/src/gmock_vendor': C++ tests using 'Google Mock' will be built
[4.305s] -- The C compiler identification is GNU 11.4.0
[4.316s] -- Detecting C compiler ABI info
[4.473s] -- Detecting C compiler ABI info - done
[4.486s] -- Check for working C compiler: /usr/bin/cc - skipped
[4.487s] -- Detecting C compile features
[4.488s] -- Detecting C compile features - done
[4.501s] -- Found ament_cmake_gtest: 1.3.8 (/opt/ros/humble/share/ament_cmake_gtest/cmake)
[4.503s] -- Found gtest sources under '/opt/ros/humble/src/gtest_vendor': C++ tests using 'Google Test' will be built
[5.212s] -- Configuring done
[5.347s] -- Generating done
[5.351s] -- Build files have been written to: /home/psd/psd_ws/build/position_controllers
[5.376s] Invoked command in '/home/psd/psd_ws/build/position_controllers' returned '0': AMENT_PREFIX_PATH=/home/psd/psd_ws/install/forward_command_controller:/home/psd/psd_ws/install/controller_manager:/home/psd/psd_ws/install/hardware_interface_testing:/home/psd/psd_ws/install/controller_interface:/home/psd/psd_ws/install/hardware_interface:/home/psd/psd_ws/install/ros2_control_test_assets:/home/psd/psd_ws/install/realtime_tools:/home/psd/psd_ws/install/controller_manager_msgs:/home/psd/psd_ws/install/control_msgs:${AMENT_PREFIX_PATH} CMAKE_PREFIX_PATH=/home/psd/psd_ws/install/forward_command_controller:/home/psd/psd_ws/install/controller_manager:/home/psd/psd_ws/install/hardware_interface_testing:/home/psd/psd_ws/install/controller_interface:/home/psd/psd_ws/install/hardware_interface:/home/psd/psd_ws/install/ros2_control_test_assets:/home/psd/psd_ws/install/realtime_tools:/home/psd/psd_ws/install/controller_manager_msgs:/home/psd/psd_ws/install/control_msgs:/opt/ros/humble LD_LIBRARY_PATH=/home/psd/psd_ws/install/forward_command_controller/lib:/home/psd/psd_ws/install/controller_manager/lib:/home/psd/psd_ws/install/hardware_interface_testing/lib:/home/psd/psd_ws/install/controller_interface/lib:/home/psd/psd_ws/install/hardware_interface/lib:/home/psd/psd_ws/install/realtime_tools/lib:/home/psd/psd_ws/install/controller_manager_msgs/lib:/home/psd/psd_ws/install/control_msgs/lib:${LD_LIBRARY_PATH} PYTHONPATH=/home/psd/psd_ws/install/controller_manager/local/lib/python3.10/dist-packages:/home/psd/psd_ws/install/controller_manager_msgs/local/lib/python3.10/dist-packages:/home/psd/psd_ws/install/control_msgs/local/lib/python3.10/dist-packages:${PYTHONPATH} /usr/bin/cmake /home/psd/psd_ws/src/ros-controls/ros2_controllers/position_controllers -DAMENT_CMAKE_SYMLINK_INSTALL=1 -DCMAKE_INSTALL_PREFIX=/home/psd/psd_ws/install/position_controllers
[5.376s] Invoking command in '/home/psd/psd_ws/build/position_controllers': AMENT_PREFIX_PATH=/home/psd/psd_ws/install/forward_command_controller:/home/psd/psd_ws/install/controller_manager:/home/psd/psd_ws/install/hardware_interface_testing:/home/psd/psd_ws/install/controller_interface:/home/psd/psd_ws/install/hardware_interface:/home/psd/psd_ws/install/ros2_control_test_assets:/home/psd/psd_ws/install/realtime_tools:/home/psd/psd_ws/install/controller_manager_msgs:/home/psd/psd_ws/install/control_msgs:${AMENT_PREFIX_PATH} CMAKE_PREFIX_PATH=/home/psd/psd_ws/install/forward_command_controller:/home/psd/psd_ws/install/controller_manager:/home/psd/psd_ws/install/hardware_interface_testing:/home/psd/psd_ws/install/controller_interface:/home/psd/psd_ws/install/hardware_interface:/home/psd/psd_ws/install/ros2_control_test_assets:/home/psd/psd_ws/install/realtime_tools:/home/psd/psd_ws/install/controller_manager_msgs:/home/psd/psd_ws/install/control_msgs:/opt/ros/humble LD_LIBRARY_PATH=/home/psd/psd_ws/install/forward_command_controller/lib:/home/psd/psd_ws/install/controller_manager/lib:/home/psd/psd_ws/install/hardware_interface_testing/lib:/home/psd/psd_ws/install/controller_interface/lib:/home/psd/psd_ws/install/hardware_interface/lib:/home/psd/psd_ws/install/realtime_tools/lib:/home/psd/psd_ws/install/controller_manager_msgs/lib:/home/psd/psd_ws/install/control_msgs/lib:${LD_LIBRARY_PATH} PYTHONPATH=/home/psd/psd_ws/install/controller_manager/local/lib/python3.10/dist-packages:/home/psd/psd_ws/install/controller_manager_msgs/local/lib/python3.10/dist-packages:/home/psd/psd_ws/install/control_msgs/local/lib/python3.10/dist-packages:${PYTHONPATH} /usr/bin/cmake --build /home/psd/psd_ws/build/position_controllers -- -j20 -l20
[6.954s] [  9%] [32mBuilding CXX object gmock/CMakeFiles/gmock.dir/opt/ros/humble/src/gtest_vendor/src/gtest-all.cc.o[0m
[6.954s] [ 18%] [32mBuilding CXX object gmock/CMakeFiles/gmock.dir/src/gmock-all.cc.o[0m
[6.954s] [ 36%] [32mBuilding CXX object gmock/CMakeFiles/gmock_main.dir/src/gmock_main.cc.o[0m
[6.954s] [ 36%] [32mBuilding CXX object CMakeFiles/position_controllers.dir/src/joint_group_position_controller.cpp.o[0m
[8.217s] [ 45%] [32m[1mLinking CXX static library libgmock_main.a[0m
[8.305s] [ 45%] Built target gmock_main
[11.128s] [ 54%] [32m[1mLinking CXX shared library libposition_controllers.so[0m
[11.650s] [ 54%] Built target position_controllers
[12.289s] [ 63%] [32m[1mLinking CXX static library libgmock.a[0m
[12.370s] [ 63%] Built target gmock
[12.395s] [ 72%] [32mBuilding CXX object CMakeFiles/test_load_joint_group_position_controller.dir/test/test_load_joint_group_position_controller.cpp.o[0m
[12.399s] [ 81%] [32mBuilding CXX object CMakeFiles/test_joint_group_position_controller.dir/test/test_joint_group_position_controller.cpp.o[0m
[18.550s] [ 90%] [32m[1mLinking CXX executable test_load_joint_group_position_controller[0m
[20.967s] [ 90%] Built target test_load_joint_group_position_controller
[21.778s] [100%] [32m[1mLinking CXX executable test_joint_group_position_controller[0m
[22.626s] [100%] Built target test_joint_group_position_controller
[22.638s] Invoked command in '/home/psd/psd_ws/build/position_controllers' returned '0': AMENT_PREFIX_PATH=/home/psd/psd_ws/install/forward_command_controller:/home/psd/psd_ws/install/controller_manager:/home/psd/psd_ws/install/hardware_interface_testing:/home/psd/psd_ws/install/controller_interface:/home/psd/psd_ws/install/hardware_interface:/home/psd/psd_ws/install/ros2_control_test_assets:/home/psd/psd_ws/install/realtime_tools:/home/psd/psd_ws/install/controller_manager_msgs:/home/psd/psd_ws/install/control_msgs:${AMENT_PREFIX_PATH} CMAKE_PREFIX_PATH=/home/psd/psd_ws/install/forward_command_controller:/home/psd/psd_ws/install/controller_manager:/home/psd/psd_ws/install/hardware_interface_testing:/home/psd/psd_ws/install/controller_interface:/home/psd/psd_ws/install/hardware_interface:/home/psd/psd_ws/install/ros2_control_test_assets:/home/psd/psd_ws/install/realtime_tools:/home/psd/psd_ws/install/controller_manager_msgs:/home/psd/psd_ws/install/control_msgs:/opt/ros/humble LD_LIBRARY_PATH=/home/psd/psd_ws/install/forward_command_controller/lib:/home/psd/psd_ws/install/controller_manager/lib:/home/psd/psd_ws/install/hardware_interface_testing/lib:/home/psd/psd_ws/install/controller_interface/lib:/home/psd/psd_ws/install/hardware_interface/lib:/home/psd/psd_ws/install/realtime_tools/lib:/home/psd/psd_ws/install/controller_manager_msgs/lib:/home/psd/psd_ws/install/control_msgs/lib:${LD_LIBRARY_PATH} PYTHONPATH=/home/psd/psd_ws/install/controller_manager/local/lib/python3.10/dist-packages:/home/psd/psd_ws/install/controller_manager_msgs/local/lib/python3.10/dist-packages:/home/psd/psd_ws/install/control_msgs/local/lib/python3.10/dist-packages:${PYTHONPATH} /usr/bin/cmake --build /home/psd/psd_ws/build/position_controllers -- -j20 -l20
[22.674s] Invoking command in '/home/psd/psd_ws/build/position_controllers': AMENT_PREFIX_PATH=/home/psd/psd_ws/install/forward_command_controller:/home/psd/psd_ws/install/controller_manager:/home/psd/psd_ws/install/hardware_interface_testing:/home/psd/psd_ws/install/controller_interface:/home/psd/psd_ws/install/hardware_interface:/home/psd/psd_ws/install/ros2_control_test_assets:/home/psd/psd_ws/install/realtime_tools:/home/psd/psd_ws/install/controller_manager_msgs:/home/psd/psd_ws/install/control_msgs:${AMENT_PREFIX_PATH} CMAKE_PREFIX_PATH=/home/psd/psd_ws/install/forward_command_controller:/home/psd/psd_ws/install/controller_manager:/home/psd/psd_ws/install/hardware_interface_testing:/home/psd/psd_ws/install/controller_interface:/home/psd/psd_ws/install/hardware_interface:/home/psd/psd_ws/install/ros2_control_test_assets:/home/psd/psd_ws/install/realtime_tools:/home/psd/psd_ws/install/controller_manager_msgs:/home/psd/psd_ws/install/control_msgs:/opt/ros/humble LD_LIBRARY_PATH=/home/psd/psd_ws/install/forward_command_controller/lib:/home/psd/psd_ws/install/controller_manager/lib:/home/psd/psd_ws/install/hardware_interface_testing/lib:/home/psd/psd_ws/install/controller_interface/lib:/home/psd/psd_ws/install/hardware_interface/lib:/home/psd/psd_ws/install/realtime_tools/lib:/home/psd/psd_ws/install/controller_manager_msgs/lib:/home/psd/psd_ws/install/control_msgs/lib:${LD_LIBRARY_PATH} PYTHONPATH=/home/psd/psd_ws/install/controller_manager/local/lib/python3.10/dist-packages:/home/psd/psd_ws/install/controller_manager_msgs/local/lib/python3.10/dist-packages:/home/psd/psd_ws/install/control_msgs/local/lib/python3.10/dist-packages:${PYTHONPATH} /usr/bin/cmake --install /home/psd/psd_ws/build/position_controllers
[22.684s] -- Install configuration: ""
[22.685s] -- Execute custom install script
[22.685s] -- Symlinking: /home/psd/psd_ws/install/position_controllers/share/position_controllers//position_controllers_plugins.xml
[22.698s] -- Symlinking: /home/psd/psd_ws/install/position_controllers/include/position_controllers/position_controllers/joint_group_position_controller.hpp
[22.710s] -- Symlinking: /home/psd/psd_ws/install/position_controllers/include/position_controllers/position_controllers/visibility_control.h
[22.723s] -- Symlinking: /home/psd/psd_ws/install/position_controllers/share/position_controllers/environment/library_path.sh
[22.737s] -- Symlinking: /home/psd/psd_ws/install/position_controllers/share/position_controllers/environment/library_path.dsv
[22.752s] -- Symlinking: /home/psd/psd_ws/install/position_controllers/share/ament_index/resource_index/package_run_dependencies/position_controllers
[22.766s] -- Symlinking: /home/psd/psd_ws/install/position_controllers/share/ament_index/resource_index/parent_prefix_path/position_controllers
[22.780s] -- Symlinking: /home/psd/psd_ws/install/position_controllers/share/position_controllers/environment/ament_prefix_path.sh
[22.792s] -- Symlinking: /home/psd/psd_ws/install/position_controllers/share/position_controllers/environment/ament_prefix_path.dsv
[22.805s] -- Symlinking: /home/psd/psd_ws/install/position_controllers/share/position_controllers/environment/path.sh
[22.817s] -- Symlinking: /home/psd/psd_ws/install/position_controllers/share/position_controllers/environment/path.dsv
[22.829s] -- Symlinking: /home/psd/psd_ws/install/position_controllers/share/position_controllers/local_setup.bash
[22.839s] -- Symlinking: /home/psd/psd_ws/install/position_controllers/share/position_controllers/local_setup.sh
[22.853s] -- Symlinking: /home/psd/psd_ws/install/position_controllers/share/position_controllers/local_setup.zsh
[22.868s] -- Symlinking: /home/psd/psd_ws/install/position_controllers/share/position_controllers/local_setup.dsv
[22.882s] -- Symlinking: /home/psd/psd_ws/install/position_controllers/share/position_controllers/package.dsv
[22.902s] -- Symlinking: /home/psd/psd_ws/install/position_controllers/share/ament_index/resource_index/packages/position_controllers
[22.918s] -- Symlinking: /home/psd/psd_ws/install/position_controllers/share/ament_index/resource_index/controller_interface__pluginlib__plugin/position_controllers
[22.932s] -- Symlinking: /home/psd/psd_ws/install/position_controllers/share/position_controllers/cmake/ament_cmake_export_targets-extras.cmake
[22.945s] -- Symlinking: /home/psd/psd_ws/install/position_controllers/share/position_controllers/cmake/ament_cmake_export_dependencies-extras.cmake
[22.959s] -- Symlinking: /home/psd/psd_ws/install/position_controllers/share/position_controllers/cmake/position_controllersConfig.cmake
[22.972s] -- Symlinking: /home/psd/psd_ws/install/position_controllers/share/position_controllers/cmake/position_controllersConfig-version.cmake
[22.984s] -- Symlinking: /home/psd/psd_ws/install/position_controllers/share/position_controllers/package.xml
[22.997s] -- Installing: /home/psd/psd_ws/install/position_controllers/lib/libposition_controllers.so
[22.998s] -- Set runtime path of "/home/psd/psd_ws/install/position_controllers/lib/libposition_controllers.so" to ""
[22.998s] -- Installing: /home/psd/psd_ws/install/position_controllers/share/position_controllers/cmake/export_position_controllersExport.cmake
[22.998s] -- Installing: /home/psd/psd_ws/install/position_controllers/share/position_controllers/cmake/export_position_controllersExport-noconfig.cmake
[23.001s] Invoked command in '/home/psd/psd_ws/build/position_controllers' returned '0': AMENT_PREFIX_PATH=/home/psd/psd_ws/install/forward_command_controller:/home/psd/psd_ws/install/controller_manager:/home/psd/psd_ws/install/hardware_interface_testing:/home/psd/psd_ws/install/controller_interface:/home/psd/psd_ws/install/hardware_interface:/home/psd/psd_ws/install/ros2_control_test_assets:/home/psd/psd_ws/install/realtime_tools:/home/psd/psd_ws/install/controller_manager_msgs:/home/psd/psd_ws/install/control_msgs:${AMENT_PREFIX_PATH} CMAKE_PREFIX_PATH=/home/psd/psd_ws/install/forward_command_controller:/home/psd/psd_ws/install/controller_manager:/home/psd/psd_ws/install/hardware_interface_testing:/home/psd/psd_ws/install/controller_interface:/home/psd/psd_ws/install/hardware_interface:/home/psd/psd_ws/install/ros2_control_test_assets:/home/psd/psd_ws/install/realtime_tools:/home/psd/psd_ws/install/controller_manager_msgs:/home/psd/psd_ws/install/control_msgs:/opt/ros/humble LD_LIBRARY_PATH=/home/psd/psd_ws/install/forward_command_controller/lib:/home/psd/psd_ws/install/controller_manager/lib:/home/psd/psd_ws/install/hardware_interface_testing/lib:/home/psd/psd_ws/install/controller_interface/lib:/home/psd/psd_ws/install/hardware_interface/lib:/home/psd/psd_ws/install/realtime_tools/lib:/home/psd/psd_ws/install/controller_manager_msgs/lib:/home/psd/psd_ws/install/control_msgs/lib:${LD_LIBRARY_PATH} PYTHONPATH=/home/psd/psd_ws/install/controller_manager/local/lib/python3.10/dist-packages:/home/psd/psd_ws/install/controller_manager_msgs/local/lib/python3.10/dist-packages:/home/psd/psd_ws/install/control_msgs/local/lib/python3.10/dist-packages:${PYTHONPATH} /usr/bin/cmake --install /home/psd/psd_ws/build/position_controllers
