-- The CXX compiler identification is GNU 11.4.0
-- Detecting CXX compiler ABI info
-- Detecting CXX compiler ABI info - done
-- Check for working CXX compiler: /usr/bin/c++ - skipped
-- Detecting CXX compile features
-- Detecting CXX compile features - done
-- Found ament_cmake: 1.3.8 (/opt/ros/humble/share/ament_cmake/cmake)
-- Found Python3: /usr/bin/python3 (found version "3.10.12") found components: Interpreter 
-- Override CMake install command with custom implementation using symlinks instead of copying resources
-- Found kdl_parser: 2.6.4 (/opt/ros/humble/share/kdl_parser/cmake)
-- Found eigen3_cmake_module: 0.1.1 (/opt/ros/humble/share/eigen3_cmake_module/cmake)
-- Found Eigen3: TRUE (found version "3.4.0") 
-- Ensuring Eigen3 include directory is part of orocos-kdl CMake target
-- Found kinematics_interface: 1.0.0 (/home/psd/psd_ws/install/kinematics_interface/share/kinematics_interface/cmake)
-- Found rosidl_generator_c: 3.1.5 (/opt/ros/humble/share/rosidl_generator_c/cmake)
-- Found rosidl_adapter: 3.1.5 (/opt/ros/humble/share/rosidl_adapter/cmake)
-- Found rosidl_generator_cpp: 3.1.5 (/opt/ros/humble/share/rosidl_generator_cpp/cmake)
-- Using all available rosidl_typesupport_c: rosidl_typesupport_fastrtps_c;rosidl_typesupport_introspection_c
-- Using all available rosidl_typesupport_cpp: rosidl_typesupport_fastrtps_cpp;rosidl_typesupport_introspection_cpp
-- Found rmw_implementation_cmake: 6.1.1 (/opt/ros/humble/share/rmw_implementation_cmake/cmake)
-- Found rmw_fastrtps_cpp: 6.2.6 (/opt/ros/humble/share/rmw_fastrtps_cpp/cmake)
-- Found OpenSSL: /usr/lib/x86_64-linux-gnu/libcrypto.so (found version "3.0.2")  
-- Found FastRTPS: /opt/ros/humble/include  
-- Using RMW implementation 'rmw_fastrtps_cpp' as default
-- Looking for C++ include pthread.h
-- Looking for C++ include pthread.h - found
-- Performing Test CMAKE_HAVE_LIBC_PTHREAD
-- Performing Test CMAKE_HAVE_LIBC_PTHREAD - Success
-- Found Threads: TRUE  
-- Found pluginlib: 5.1.0 (/opt/ros/humble/share/pluginlib/cmake)
-- Found tf2_eigen_kdl: 0.25.6 (/opt/ros/humble/share/tf2_eigen_kdl/cmake)
-- Found ament_cmake_gmock: 1.3.8 (/opt/ros/humble/share/ament_cmake_gmock/cmake)
-- Found ros2_control_test_assets: 2.40.0 (/home/psd/psd_ws/install/ros2_control_test_assets/share/ros2_control_test_assets/cmake)
-- Found gmock sources under '/opt/ros/humble/src/gmock_vendor': C++ tests using 'Google Mock' will be built
-- The C compiler identification is GNU 11.4.0
-- Detecting C compiler ABI info
-- Detecting C compiler ABI info - done
-- Check for working C compiler: /usr/bin/cc - skipped
-- Detecting C compile features
-- Detecting C compile features - done
-- Found ament_cmake_gtest: 1.3.8 (/opt/ros/humble/share/ament_cmake_gtest/cmake)
-- Found gtest sources under '/opt/ros/humble/src/gtest_vendor': C++ tests using 'Google Test' will be built
-- Configuring done
-- Generating done
-- Build files have been written to: /home/psd/psd_ws/build/kinematics_interface_kdl
[ 11%] [32mBuilding CXX object gmock/CMakeFiles/gmock.dir/src/gmock-all.cc.o[0m
[ 22%] [32mBuilding CXX object gmock/CMakeFiles/gmock.dir/opt/ros/humble/src/gtest_vendor/src/gtest-all.cc.o[0m
[ 33%] [32mBuilding CXX object gmock/CMakeFiles/gmock_main.dir/src/gmock_main.cc.o[0m
[ 44%] [32mBuilding CXX object CMakeFiles/kinematics_interface_kdl.dir/src/kinematics_interface_kdl.cpp.o[0m
[ 55%] [32m[1mLinking CXX static library libgmock_main.a[0m
[ 55%] Built target gmock_main
[ 66%] [32m[1mLinking CXX static library libgmock.a[0m
[ 66%] Built target gmock
[ 77%] [32m[1mLinking CXX shared library libkinematics_interface_kdl.so[0m
[ 77%] Built target kinematics_interface_kdl
[ 88%] [32mBuilding CXX object CMakeFiles/test_kinematics_interface_kdl.dir/test/test_kinematics_interface_kdl.cpp.o[0m
[100%] [32m[1mLinking CXX executable test_kinematics_interface_kdl[0m
[100%] Built target test_kinematics_interface_kdl
-- Install configuration: ""
-- Execute custom install script
-- Symlinking: /home/psd/psd_ws/install/kinematics_interface_kdl/share/kinematics_interface_kdl//kinematics_interface_kdl.xml
-- Symlinking: /home/psd/psd_ws/install/kinematics_interface_kdl/include/kinematics_interface_kdl/kinematics_interface_kdl/kinematics_interface_kdl.hpp
-- Symlinking: /home/psd/psd_ws/install/kinematics_interface_kdl/share/kinematics_interface_kdl/environment/library_path.sh
-- Symlinking: /home/psd/psd_ws/install/kinematics_interface_kdl/share/kinematics_interface_kdl/environment/library_path.dsv
-- Symlinking: /home/psd/psd_ws/install/kinematics_interface_kdl/share/ament_index/resource_index/package_run_dependencies/kinematics_interface_kdl
-- Symlinking: /home/psd/psd_ws/install/kinematics_interface_kdl/share/ament_index/resource_index/parent_prefix_path/kinematics_interface_kdl
-- Symlinking: /home/psd/psd_ws/install/kinematics_interface_kdl/share/kinematics_interface_kdl/environment/ament_prefix_path.sh
-- Symlinking: /home/psd/psd_ws/install/kinematics_interface_kdl/share/kinematics_interface_kdl/environment/ament_prefix_path.dsv
-- Symlinking: /home/psd/psd_ws/install/kinematics_interface_kdl/share/kinematics_interface_kdl/environment/path.sh
-- Symlinking: /home/psd/psd_ws/install/kinematics_interface_kdl/share/kinematics_interface_kdl/environment/path.dsv
-- Symlinking: /home/psd/psd_ws/install/kinematics_interface_kdl/share/kinematics_interface_kdl/local_setup.bash
-- Symlinking: /home/psd/psd_ws/install/kinematics_interface_kdl/share/kinematics_interface_kdl/local_setup.sh
-- Symlinking: /home/psd/psd_ws/install/kinematics_interface_kdl/share/kinematics_interface_kdl/local_setup.zsh
-- Symlinking: /home/psd/psd_ws/install/kinematics_interface_kdl/share/kinematics_interface_kdl/local_setup.dsv
-- Symlinking: /home/psd/psd_ws/install/kinematics_interface_kdl/share/kinematics_interface_kdl/package.dsv
-- Symlinking: /home/psd/psd_ws/install/kinematics_interface_kdl/share/ament_index/resource_index/packages/kinematics_interface_kdl
-- Symlinking: /home/psd/psd_ws/install/kinematics_interface_kdl/share/ament_index/resource_index/kinematics_interface__pluginlib__plugin/kinematics_interface_kdl
-- Symlinking: /home/psd/psd_ws/install/kinematics_interface_kdl/share/kinematics_interface_kdl/cmake/ament_cmake_export_targets-extras.cmake
-- Symlinking: /home/psd/psd_ws/install/kinematics_interface_kdl/share/kinematics_interface_kdl/cmake/ament_cmake_export_dependencies-extras.cmake
-- Symlinking: /home/psd/psd_ws/install/kinematics_interface_kdl/share/kinematics_interface_kdl/cmake/kinematics_interface_kdlConfig.cmake
-- Symlinking: /home/psd/psd_ws/install/kinematics_interface_kdl/share/kinematics_interface_kdl/cmake/kinematics_interface_kdlConfig-version.cmake
-- Symlinking: /home/psd/psd_ws/install/kinematics_interface_kdl/share/kinematics_interface_kdl/package.xml
-- Installing: /home/psd/psd_ws/install/kinematics_interface_kdl/lib/libkinematics_interface_kdl.so
-- Set runtime path of "/home/psd/psd_ws/install/kinematics_interface_kdl/lib/libkinematics_interface_kdl.so" to ""
-- Installing: /home/psd/psd_ws/install/kinematics_interface_kdl/share/kinematics_interface_kdl/cmake/export_kinematics_interface_kdlExport.cmake
-- Installing: /home/psd/psd_ws/install/kinematics_interface_kdl/share/kinematics_interface_kdl/cmake/export_kinematics_interface_kdlExport-noconfig.cmake
