-- The C compiler identification is GNU 11.4.0
-- The CXX compiler identification is GNU 11.4.0
-- Detecting C compiler ABI info
-- Detecting C compiler ABI info - done
-- Check for working C compiler: /usr/bin/cc - skipped
-- Detecting C compile features
-- Detecting C compile features - done
-- Detecting CXX compiler ABI info
-- Detecting CXX compiler ABI info - done
-- Check for working CXX compiler: /usr/bin/c++ - skipped
-- Detecting CXX compile features
-- Detecting CXX compile features - done
-- Found ament_cmake: 1.3.8 (/opt/ros/humble/share/ament_cmake/cmake)
-- Found Python3: /usr/bin/python3 (found version "3.10.12") found components: Interpreter 
-- Configuring done
-- Generating done
-- Build files have been written to: /home/psd/psd_ws/build/ros2_control_demos
-- Install configuration: ""
-- Installing: /home/psd/psd_ws/install/ros2_control_demos/share/ament_index/resource_index/package_run_dependencies/ros2_control_demos
-- Installing: /home/psd/psd_ws/install/ros2_control_demos/share/ament_index/resource_index/parent_prefix_path/ros2_control_demos
-- Installing: /home/psd/psd_ws/install/ros2_control_demos/share/ros2_control_demos/environment/ament_prefix_path.sh
-- Installing: /home/psd/psd_ws/install/ros2_control_demos/share/ros2_control_demos/environment/ament_prefix_path.dsv
-- Installing: /home/psd/psd_ws/install/ros2_control_demos/share/ros2_control_demos/environment/path.sh
-- Installing: /home/psd/psd_ws/install/ros2_control_demos/share/ros2_control_demos/environment/path.dsv
-- Installing: /home/psd/psd_ws/install/ros2_control_demos/share/ros2_control_demos/local_setup.bash
-- Installing: /home/psd/psd_ws/install/ros2_control_demos/share/ros2_control_demos/local_setup.sh
-- Installing: /home/psd/psd_ws/install/ros2_control_demos/share/ros2_control_demos/local_setup.zsh
-- Installing: /home/psd/psd_ws/install/ros2_control_demos/share/ros2_control_demos/local_setup.dsv
-- Installing: /home/psd/psd_ws/install/ros2_control_demos/share/ros2_control_demos/package.dsv
-- Installing: /home/psd/psd_ws/install/ros2_control_demos/share/ament_index/resource_index/packages/ros2_control_demos
-- Installing: /home/psd/psd_ws/install/ros2_control_demos/share/ros2_control_demos/cmake/ros2_control_demosConfig.cmake
-- Installing: /home/psd/psd_ws/install/ros2_control_demos/share/ros2_control_demos/cmake/ros2_control_demosConfig-version.cmake
-- Installing: /home/psd/psd_ws/install/ros2_control_demos/share/ros2_control_demos/package.xml
