[100%] Built target ros2_control_demo_example_9
-- Install configuration: ""
-- Execute custom install script
-- Up-to-date symlink: /home/psd/psd_ws/install/ros2_control_demo_example_9/share/ros2_control_demo_example_9//ros2_control_demo_example_9.xml
-- Up-to-date symlink: /home/psd/psd_ws/install/ros2_control_demo_example_9/include/ros2_control_demo_example_9/ros2_control_demo_example_9/rrbot.hpp
-- Up-to-date symlink: /home/psd/psd_ws/install/ros2_control_demo_example_9/include/ros2_control_demo_example_9/ros2_control_demo_example_9/visibility_control.h
-- Up-to-date symlink: /home/psd/psd_ws/install/ros2_control_demo_example_9/share/ros2_control_demo_example_9/launch/view_robot.launch.py
-- Up-to-date symlink: /home/psd/psd_ws/install/ros2_control_demo_example_9/share/ros2_control_demo_example_9/ros2_control/rrbot.ros2_control.xacro
-- Up-to-date symlink: /home/psd/psd_ws/install/ros2_control_demo_example_9/share/ros2_control_demo_example_9/urdf/rrbot.urdf.xacro
-- Up-to-date symlink: /home/psd/psd_ws/install/ros2_control_demo_example_9/share/ros2_control_demo_example_9/gazebo/rrbot.gazebo.xacro
-- Up-to-date symlink: /home/psd/psd_ws/install/ros2_control_demo_example_9/share/ros2_control_demo_example_9/launch/rrbot.launch.py
-- Up-to-date symlink: /home/psd/psd_ws/install/ros2_control_demo_example_9/share/ros2_control_demo_example_9/launch/rrbot_gazebo_classic.launch.py
-- Up-to-date symlink: /home/psd/psd_ws/install/ros2_control_demo_example_9/share/ros2_control_demo_example_9/launch/test_forward_position_controller.launch.py
-- Up-to-date symlink: /home/psd/psd_ws/install/ros2_control_demo_example_9/share/ros2_control_demo_example_9/config/rrbot_controllers.yaml
-- Up-to-date symlink: /home/psd/psd_ws/install/ros2_control_demo_example_9/share/ros2_control_demo_example_9/config/rrbot_forward_position_publisher.yaml
-- Up-to-date symlink: /home/psd/psd_ws/install/ros2_control_demo_example_9/share/ros2_control_demo_example_9/environment/library_path.sh
-- Up-to-date symlink: /home/psd/psd_ws/install/ros2_control_demo_example_9/share/ros2_control_demo_example_9/environment/library_path.dsv
-- Up-to-date symlink: /home/psd/psd_ws/install/ros2_control_demo_example_9/share/ament_index/resource_index/package_run_dependencies/ros2_control_demo_example_9
-- Up-to-date symlink: /home/psd/psd_ws/install/ros2_control_demo_example_9/share/ament_index/resource_index/parent_prefix_path/ros2_control_demo_example_9
-- Up-to-date symlink: /home/psd/psd_ws/install/ros2_control_demo_example_9/share/ros2_control_demo_example_9/environment/ament_prefix_path.sh
-- Up-to-date symlink: /home/psd/psd_ws/install/ros2_control_demo_example_9/share/ros2_control_demo_example_9/environment/ament_prefix_path.dsv
-- Up-to-date symlink: /home/psd/psd_ws/install/ros2_control_demo_example_9/share/ros2_control_demo_example_9/environment/path.sh
-- Up-to-date symlink: /home/psd/psd_ws/install/ros2_control_demo_example_9/share/ros2_control_demo_example_9/environment/path.dsv
-- Up-to-date symlink: /home/psd/psd_ws/install/ros2_control_demo_example_9/share/ros2_control_demo_example_9/local_setup.bash
-- Up-to-date symlink: /home/psd/psd_ws/install/ros2_control_demo_example_9/share/ros2_control_demo_example_9/local_setup.sh
-- Up-to-date symlink: /home/psd/psd_ws/install/ros2_control_demo_example_9/share/ros2_control_demo_example_9/local_setup.zsh
-- Up-to-date symlink: /home/psd/psd_ws/install/ros2_control_demo_example_9/share/ros2_control_demo_example_9/local_setup.dsv
-- Symlinking: /home/psd/psd_ws/install/ros2_control_demo_example_9/share/ros2_control_demo_example_9/package.dsv
-- Up-to-date symlink: /home/psd/psd_ws/install/ros2_control_demo_example_9/share/ament_index/resource_index/packages/ros2_control_demo_example_9
-- Up-to-date symlink: /home/psd/psd_ws/install/ros2_control_demo_example_9/share/ament_index/resource_index/hardware_interface__pluginlib__plugin/ros2_control_demo_example_9
-- Up-to-date symlink: /home/psd/psd_ws/install/ros2_control_demo_example_9/share/ros2_control_demo_example_9/cmake/ament_cmake_export_targets-extras.cmake
-- Up-to-date symlink: /home/psd/psd_ws/install/ros2_control_demo_example_9/share/ros2_control_demo_example_9/cmake/ament_cmake_export_dependencies-extras.cmake
-- Up-to-date symlink: /home/psd/psd_ws/install/ros2_control_demo_example_9/share/ros2_control_demo_example_9/cmake/ros2_control_demo_example_9Config.cmake
-- Up-to-date symlink: /home/psd/psd_ws/install/ros2_control_demo_example_9/share/ros2_control_demo_example_9/cmake/ros2_control_demo_example_9Config-version.cmake
-- Up-to-date symlink: /home/psd/psd_ws/install/ros2_control_demo_example_9/share/ros2_control_demo_example_9/package.xml
-- Up-to-date: /home/psd/psd_ws/install/ros2_control_demo_example_9/lib/libros2_control_demo_example_9.so
-- Up-to-date: /home/psd/psd_ws/install/ros2_control_demo_example_9/share/ros2_control_demo_example_9/cmake/export_ros2_control_demo_example_9Export.cmake
-- Up-to-date: /home/psd/psd_ws/install/ros2_control_demo_example_9/share/ros2_control_demo_example_9/cmake/export_ros2_control_demo_example_9Export-noconfig.cmake
