[0.007s] Invoking command in '/home/ubuntu/psd_ws/build/psd_vehicle_description': CMAKE_PREFIX_PATH=${CMAKE_PREFIX_PATH}:/opt/ros/jazzy /usr/bin/cmake /home/ubuntu/psd_ws/src/psd_vehicle_description -DAMENT_CMAKE_SYMLINK_INSTALL=1 -DCMAKE_INSTALL_PREFIX=/home/ubuntu/psd_ws/install/psd_vehicle_description
[0.045s] -- The C compiler identification is GNU 13.2.0
[0.081s] -- The CXX compiler identification is GNU 13.2.0
[0.092s] -- Detecting C compiler ABI info
[0.150s] -- Detecting C compiler ABI info - done
[0.156s] -- Check for working C compiler: /usr/bin/cc - skipped
[0.156s] -- Detecting C compile features
[0.156s] -- Detecting C compile features - done
[0.162s] -- Detecting CXX compiler ABI info
[0.227s] -- Detecting CXX compiler ABI info - done
[0.233s] -- Check for working CXX compiler: /usr/bin/c++ - skipped
[0.233s] -- Detecting CXX compile features
[0.234s] -- Detecting CXX compile features - done
[0.240s] -- Found ament_cmake: 2.5.0 (/opt/ros/jazzy/share/ament_cmake/cmake)
[0.358s] -- Found Python3: /usr/bin/python3 (found version "3.12.3") found components: Interpreter 
[0.406s] -- Override CMake install command with custom implementation using symlinks instead of copying resources
[0.525s] -- Configuring done (0.5s)
[0.528s] -- Generating done (0.0s)
[0.529s] -- Build files have been written to: /home/ubuntu/psd_ws/build/psd_vehicle_description
[0.533s] Invoked command in '/home/ubuntu/psd_ws/build/psd_vehicle_description' returned '0': CMAKE_PREFIX_PATH=${CMAKE_PREFIX_PATH}:/opt/ros/jazzy /usr/bin/cmake /home/ubuntu/psd_ws/src/psd_vehicle_description -DAMENT_CMAKE_SYMLINK_INSTALL=1 -DCMAKE_INSTALL_PREFIX=/home/ubuntu/psd_ws/install/psd_vehicle_description
[0.533s] Invoking command in '/home/ubuntu/psd_ws/build/psd_vehicle_description': CMAKE_PREFIX_PATH=${CMAKE_PREFIX_PATH}:/opt/ros/jazzy /usr/bin/cmake --build /home/ubuntu/psd_ws/build/psd_vehicle_description -- -j20 -l20
[0.561s] Invoked command in '/home/ubuntu/psd_ws/build/psd_vehicle_description' returned '0': CMAKE_PREFIX_PATH=${CMAKE_PREFIX_PATH}:/opt/ros/jazzy /usr/bin/cmake --build /home/ubuntu/psd_ws/build/psd_vehicle_description -- -j20 -l20
[0.581s] Invoking command in '/home/ubuntu/psd_ws/build/psd_vehicle_description': CMAKE_PREFIX_PATH=${CMAKE_PREFIX_PATH}:/opt/ros/jazzy /usr/bin/cmake --install /home/ubuntu/psd_ws/build/psd_vehicle_description
[0.587s] -- Install configuration: ""
[0.587s] -- Execute custom install script
[0.587s] -- Symlinking: /home/ubuntu/psd_ws/install/psd_vehicle_description/share/psd_vehicle_description/rviz/psd_vehicle.rviz
[0.594s] -- Symlinking: /home/ubuntu/psd_ws/install/psd_vehicle_description/share/psd_vehicle_description/view_psd_vehicle.launch.py
[0.600s] -- Symlinking: /home/ubuntu/psd_ws/install/psd_vehicle_description/share/psd_vehicle_description/meshes/collision/base_link.stl
[0.606s] -- Symlinking: /home/ubuntu/psd_ws/install/psd_vehicle_description/share/psd_vehicle_description/meshes/collision/link_FL_1.stl
[0.612s] -- Symlinking: /home/ubuntu/psd_ws/install/psd_vehicle_description/share/psd_vehicle_description/meshes/collision/link_FR_1.stl
[0.619s] -- Symlinking: /home/ubuntu/psd_ws/install/psd_vehicle_description/share/psd_vehicle_description/meshes/collision/link_RL_1.stl
[0.625s] -- Symlinking: /home/ubuntu/psd_ws/install/psd_vehicle_description/share/psd_vehicle_description/meshes/collision/link_RR_1.stl
[0.631s] -- Symlinking: /home/ubuntu/psd_ws/install/psd_vehicle_description/share/psd_vehicle_description/meshes/collision/perno_FL_1.stl
[0.638s] -- Symlinking: /home/ubuntu/psd_ws/install/psd_vehicle_description/share/psd_vehicle_description/meshes/collision/perno_FR_1.stl
[0.644s] -- Symlinking: /home/ubuntu/psd_ws/install/psd_vehicle_description/share/psd_vehicle_description/meshes/collision/tyre_FL_1.stl
[0.649s] -- Symlinking: /home/ubuntu/psd_ws/install/psd_vehicle_description/share/psd_vehicle_description/meshes/collision/tyre_FR_1.stl
[0.655s] -- Symlinking: /home/ubuntu/psd_ws/install/psd_vehicle_description/share/psd_vehicle_description/meshes/collision/tyre_RL_1.stl
[0.661s] -- Symlinking: /home/ubuntu/psd_ws/install/psd_vehicle_description/share/psd_vehicle_description/meshes/collision/tyre_RR_1.stl
[0.667s] -- Symlinking: /home/ubuntu/psd_ws/install/psd_vehicle_description/share/psd_vehicle_description/meshes/components/camera_mount_bot.dae
[0.673s] -- Symlinking: /home/ubuntu/psd_ws/install/psd_vehicle_description/share/psd_vehicle_description/meshes/components/camera_mount_mid.dae
[0.679s] -- Symlinking: /home/ubuntu/psd_ws/install/psd_vehicle_description/share/psd_vehicle_description/meshes/components/camera_mount_top.dae
[0.685s] -- Symlinking: /home/ubuntu/psd_ws/install/psd_vehicle_description/share/psd_vehicle_description/meshes/obj+mtl/chassis.mtl
[0.691s] -- Symlinking: /home/ubuntu/psd_ws/install/psd_vehicle_description/share/psd_vehicle_description/meshes/obj+mtl/chassis.obj
[0.697s] -- Symlinking: /home/ubuntu/psd_ws/install/psd_vehicle_description/share/psd_vehicle_description/meshes/obj+mtl/steering_hinge.mtl
[0.703s] -- Symlinking: /home/ubuntu/psd_ws/install/psd_vehicle_description/share/psd_vehicle_description/meshes/obj+mtl/steering_hinge.obj
[0.709s] -- Symlinking: /home/ubuntu/psd_ws/install/psd_vehicle_description/share/psd_vehicle_description/meshes/obj+mtl/suspension.mtl
[0.715s] -- Symlinking: /home/ubuntu/psd_ws/install/psd_vehicle_description/share/psd_vehicle_description/meshes/obj+mtl/suspension.obj
[0.721s] -- Symlinking: /home/ubuntu/psd_ws/install/psd_vehicle_description/share/psd_vehicle_description/meshes/obj+mtl/tyre.mtl
[0.727s] -- Symlinking: /home/ubuntu/psd_ws/install/psd_vehicle_description/share/psd_vehicle_description/meshes/obj+mtl/tyre.obj
[0.733s] -- Symlinking: /home/ubuntu/psd_ws/install/psd_vehicle_description/share/psd_vehicle_description/meshes/obj+mtl/wheel.mtl
[0.738s] -- Symlinking: /home/ubuntu/psd_ws/install/psd_vehicle_description/share/psd_vehicle_description/meshes/obj+mtl/wheel.obj
[0.744s] -- Symlinking: /home/ubuntu/psd_ws/install/psd_vehicle_description/share/psd_vehicle_description/meshes/stl/chassis.stl
[0.749s] -- Symlinking: /home/ubuntu/psd_ws/install/psd_vehicle_description/share/psd_vehicle_description/meshes/stl/steering_hinge.stl
[0.754s] -- Symlinking: /home/ubuntu/psd_ws/install/psd_vehicle_description/share/psd_vehicle_description/meshes/stl/suspension.stl
[0.760s] -- Symlinking: /home/ubuntu/psd_ws/install/psd_vehicle_description/share/psd_vehicle_description/meshes/stl/tyre.stl
[0.765s] -- Symlinking: /home/ubuntu/psd_ws/install/psd_vehicle_description/share/psd_vehicle_description/meshes/stl/wheel.stl
[0.771s] -- Symlinking: /home/ubuntu/psd_ws/install/psd_vehicle_description/share/psd_vehicle_description/meshes/visual/base_link.dae
[0.776s] -- Symlinking: /home/ubuntu/psd_ws/install/psd_vehicle_description/share/psd_vehicle_description/meshes/visual/base_link.stl
[0.782s] -- Symlinking: /home/ubuntu/psd_ws/install/psd_vehicle_description/share/psd_vehicle_description/meshes/visual/link_FL_1.stl
[0.787s] -- Symlinking: /home/ubuntu/psd_ws/install/psd_vehicle_description/share/psd_vehicle_description/meshes/visual/link_FR_1.stl
[0.793s] -- Symlinking: /home/ubuntu/psd_ws/install/psd_vehicle_description/share/psd_vehicle_description/meshes/visual/link_RL_1.stl
[0.798s] -- Symlinking: /home/ubuntu/psd_ws/install/psd_vehicle_description/share/psd_vehicle_description/meshes/visual/link_RR_1.stl
[0.804s] -- Symlinking: /home/ubuntu/psd_ws/install/psd_vehicle_description/share/psd_vehicle_description/meshes/visual/link_fl_1.dae
[0.809s] -- Symlinking: /home/ubuntu/psd_ws/install/psd_vehicle_description/share/psd_vehicle_description/meshes/visual/link_fr_1.dae
[0.815s] -- Symlinking: /home/ubuntu/psd_ws/install/psd_vehicle_description/share/psd_vehicle_description/meshes/visual/link_rl_1.dae
[0.821s] -- Symlinking: /home/ubuntu/psd_ws/install/psd_vehicle_description/share/psd_vehicle_description/meshes/visual/link_rr_1.dae
[0.827s] -- Symlinking: /home/ubuntu/psd_ws/install/psd_vehicle_description/share/psd_vehicle_description/meshes/visual/perno_FL_1.stl
[0.833s] -- Symlinking: /home/ubuntu/psd_ws/install/psd_vehicle_description/share/psd_vehicle_description/meshes/visual/perno_FR_1.stl
[0.839s] -- Symlinking: /home/ubuntu/psd_ws/install/psd_vehicle_description/share/psd_vehicle_description/meshes/visual/perno_fl_1.dae
[0.844s] -- Symlinking: /home/ubuntu/psd_ws/install/psd_vehicle_description/share/psd_vehicle_description/meshes/visual/perno_fr_1.dae
[0.850s] -- Symlinking: /home/ubuntu/psd_ws/install/psd_vehicle_description/share/psd_vehicle_description/meshes/visual/tyre_FL_1.stl
[0.856s] -- Symlinking: /home/ubuntu/psd_ws/install/psd_vehicle_description/share/psd_vehicle_description/meshes/visual/tyre_FR_1.stl
[0.861s] -- Symlinking: /home/ubuntu/psd_ws/install/psd_vehicle_description/share/psd_vehicle_description/meshes/visual/tyre_RL_1.stl
[0.867s] -- Symlinking: /home/ubuntu/psd_ws/install/psd_vehicle_description/share/psd_vehicle_description/meshes/visual/tyre_RR_1.stl
[0.873s] -- Symlinking: /home/ubuntu/psd_ws/install/psd_vehicle_description/share/psd_vehicle_description/meshes/visual/tyre_fl_1.dae
[0.879s] -- Symlinking: /home/ubuntu/psd_ws/install/psd_vehicle_description/share/psd_vehicle_description/meshes/visual/tyre_fr_1.dae
[0.884s] -- Symlinking: /home/ubuntu/psd_ws/install/psd_vehicle_description/share/psd_vehicle_description/meshes/visual/tyre_rl_1.dae
[0.890s] -- Symlinking: /home/ubuntu/psd_ws/install/psd_vehicle_description/share/psd_vehicle_description/meshes/visual/tyre_rr_1.dae
[0.896s] -- Symlinking: /home/ubuntu/psd_ws/install/psd_vehicle_description/share/psd_vehicle_description/urdf/components/camera_mount.urdf.xacro
[0.902s] -- Symlinking: /home/ubuntu/psd_ws/install/psd_vehicle_description/share/psd_vehicle_description/urdf/materials.xacro
[0.908s] -- Symlinking: /home/ubuntu/psd_ws/install/psd_vehicle_description/share/psd_vehicle_description/urdf/psd_vehicle.urdf.xacro
[0.914s] -- Symlinking: /home/ubuntu/psd_ws/install/psd_vehicle_description/share/psd_vehicle_description/urdf/psd_vehicle_macro.ros2_control.xacro
[0.921s] -- Symlinking: /home/ubuntu/psd_ws/install/psd_vehicle_description/share/psd_vehicle_description/urdf/psd_vehicle_macro.urdf.xacro
[0.928s] -- Symlinking: /home/ubuntu/psd_ws/install/psd_vehicle_description/share/ament_index/resource_index/package_run_dependencies/psd_vehicle_description
[0.934s] -- Symlinking: /home/ubuntu/psd_ws/install/psd_vehicle_description/share/ament_index/resource_index/parent_prefix_path/psd_vehicle_description
[0.940s] -- Symlinking: /home/ubuntu/psd_ws/install/psd_vehicle_description/share/psd_vehicle_description/environment/ament_prefix_path.sh
[0.945s] -- Symlinking: /home/ubuntu/psd_ws/install/psd_vehicle_description/share/psd_vehicle_description/environment/ament_prefix_path.dsv
[0.951s] -- Symlinking: /home/ubuntu/psd_ws/install/psd_vehicle_description/share/psd_vehicle_description/environment/path.sh
[0.957s] -- Symlinking: /home/ubuntu/psd_ws/install/psd_vehicle_description/share/psd_vehicle_description/environment/path.dsv
[0.962s] -- Symlinking: /home/ubuntu/psd_ws/install/psd_vehicle_description/share/psd_vehicle_description/local_setup.bash
[0.968s] -- Symlinking: /home/ubuntu/psd_ws/install/psd_vehicle_description/share/psd_vehicle_description/local_setup.sh
[0.974s] -- Symlinking: /home/ubuntu/psd_ws/install/psd_vehicle_description/share/psd_vehicle_description/local_setup.zsh
[0.979s] -- Symlinking: /home/ubuntu/psd_ws/install/psd_vehicle_description/share/psd_vehicle_description/local_setup.dsv
[0.984s] -- Symlinking: /home/ubuntu/psd_ws/install/psd_vehicle_description/share/psd_vehicle_description/package.dsv
[0.990s] -- Symlinking: /home/ubuntu/psd_ws/install/psd_vehicle_description/share/ament_index/resource_index/packages/psd_vehicle_description
[0.996s] -- Symlinking: /home/ubuntu/psd_ws/install/psd_vehicle_description/share/psd_vehicle_description/cmake/psd_vehicle_descriptionConfig.cmake
[1.001s] -- Symlinking: /home/ubuntu/psd_ws/install/psd_vehicle_description/share/psd_vehicle_description/cmake/psd_vehicle_descriptionConfig-version.cmake
[1.006s] -- Symlinking: /home/ubuntu/psd_ws/install/psd_vehicle_description/share/psd_vehicle_description/package.xml
[1.013s] Invoked command in '/home/ubuntu/psd_ws/build/psd_vehicle_description' returned '0': CMAKE_PREFIX_PATH=${CMAKE_PREFIX_PATH}:/opt/ros/jazzy /usr/bin/cmake --install /home/ubuntu/psd_ws/build/psd_vehicle_description
