-- The C compiler identification is GNU 11.4.0
-- The CXX compiler identification is GNU 11.4.0
-- Detecting C compiler ABI info
-- Detecting C compiler ABI info - done
-- Check for working C compiler: /usr/bin/cc - skipped
-- Detecting C compile features
-- Detecting C compile features - done
-- Detecting CXX compiler ABI info
-- Detecting CXX compiler ABI info - done
-- Check for working CXX compiler: /usr/bin/c++ - skipped
-- Detecting CXX compile features
-- Detecting CXX compile features - done
-- Found ament_cmake: 1.3.8 (/opt/ros/humble/share/ament_cmake/cmake)
-- Found Python3: /usr/bin/python3 (found version "3.10.12") found components: Interpreter 
-- Override CMake install command with custom implementation using symlinks instead of copying resources
-- Found hardware_interface: 2.40.0 (/home/psd/psd_ws/install/hardware_interface/share/hardware_interface/cmake)
-- Found rosidl_generator_c: 3.1.5 (/opt/ros/humble/share/rosidl_generator_c/cmake)
-- Found rosidl_adapter: 3.1.5 (/opt/ros/humble/share/rosidl_adapter/cmake)
-- Found rosidl_generator_cpp: 3.1.5 (/opt/ros/humble/share/rosidl_generator_cpp/cmake)
-- Using all available rosidl_typesupport_c: rosidl_typesupport_fastrtps_c;rosidl_typesupport_introspection_c
-- Using all available rosidl_typesupport_cpp: rosidl_typesupport_fastrtps_cpp;rosidl_typesupport_introspection_cpp
-- Found rmw_implementation_cmake: 6.1.1 (/opt/ros/humble/share/rmw_implementation_cmake/cmake)
-- Found rmw_fastrtps_cpp: 6.2.6 (/opt/ros/humble/share/rmw_fastrtps_cpp/cmake)
-- Found TinyXML2 via Config file: TinyXML2_DIR-NOTFOUND
-- Found OpenSSL: /usr/lib/x86_64-linux-gnu/libcrypto.so (found version "3.0.2")  
-- Found TinyXML2 via Config file: TinyXML2_DIR-NOTFOUND
-- Found FastRTPS: /opt/ros/humble/include  
-- Found TinyXML2 via Config file: TinyXML2_DIR-NOTFOUND
-- Found TinyXML2 via Config file: TinyXML2_DIR-NOTFOUND
-- Using RMW implementation 'rmw_fastrtps_cpp' as default
-- Looking for pthread.h
-- Looking for pthread.h - found
-- Performing Test CMAKE_HAVE_LIBC_PTHREAD
-- Performing Test CMAKE_HAVE_LIBC_PTHREAD - Success
-- Found Threads: TRUE  
-- Found ament_cmake_gmock: 1.3.8 (/opt/ros/humble/share/ament_cmake_gmock/cmake)
-- Found gmock sources under '/opt/ros/humble/src/gmock_vendor': C++ tests using 'Google Mock' will be built
-- Found ament_cmake_gtest: 1.3.8 (/opt/ros/humble/share/ament_cmake_gtest/cmake)
-- Found gtest sources under '/opt/ros/humble/src/gtest_vendor': C++ tests using 'Google Test' will be built
-- Configuring done
-- Generating done
-- Build files have been written to: /home/psd/psd_ws/build/controller_interface
[  9%] [32mBuilding CXX object gmock/CMakeFiles/gmock.dir/opt/ros/humble/src/gtest_vendor/src/gtest-all.cc.o[0m
[  9%] [32mBuilding CXX object gmock/CMakeFiles/gmock.dir/src/gmock-all.cc.o[0m
[ 14%] [32mBuilding CXX object gmock/CMakeFiles/gmock_main.dir/src/gmock_main.cc.o[0m
[ 19%] [32mBuilding CXX object CMakeFiles/controller_interface.dir/src/controller_interface_base.cpp.o[0m
[ 23%] [32mBuilding CXX object CMakeFiles/controller_interface.dir/src/controller_interface.cpp.o[0m
[ 28%] [32mBuilding CXX object CMakeFiles/controller_interface.dir/src/chainable_controller_interface.cpp.o[0m
[ 33%] [32m[1mLinking CXX static library libgmock_main.a[0m
[ 33%] Built target gmock_main
[ 38%] [32m[1mLinking CXX shared library libcontroller_interface.so[0m
[ 38%] Built target controller_interface
[ 42%] [32m[1mLinking CXX static library libgmock.a[0m
[ 42%] Built target gmock
[ 47%] [32mBuilding CXX object CMakeFiles/test_controller_interface.dir/test/test_controller_interface.cpp.o[0m
[ 52%] [32mBuilding CXX object CMakeFiles/test_controller_with_options.dir/test/test_controller_with_options.cpp.o[0m
[ 57%] [32mBuilding CXX object CMakeFiles/test_force_torque_sensor.dir/test/test_force_torque_sensor.cpp.o[0m
[ 61%] [32mBuilding CXX object CMakeFiles/test_imu_sensor.dir/test/test_imu_sensor.cpp.o[0m
[ 71%] [32mBuilding CXX object CMakeFiles/test_semantic_component_interface.dir/test/test_semantic_component_interface.cpp.o[0m
[ 71%] [32mBuilding CXX object CMakeFiles/test_chainable_controller_interface.dir/test/test_chainable_controller_interface.cpp.o[0m
[ 76%] [32m[1mLinking CXX executable test_force_torque_sensor[0m
[ 80%] [32m[1mLinking CXX executable test_semantic_component_interface[0m
[ 85%] [32m[1mLinking CXX executable test_imu_sensor[0m
[ 85%] Built target test_force_torque_sensor
[ 85%] Built target test_imu_sensor
[ 85%] Built target test_semantic_component_interface
[ 90%] [32m[1mLinking CXX executable test_controller_with_options[0m
[ 90%] Built target test_controller_with_options
[ 95%] [32m[1mLinking CXX executable test_controller_interface[0m
[100%] [32m[1mLinking CXX executable test_chainable_controller_interface[0m
[100%] Built target test_controller_interface
[100%] Built target test_chainable_controller_interface
-- Install configuration: ""
-- Execute custom install script
-- Symlinking: /home/psd/psd_ws/install/controller_interface/include/controller_interface/chainable_controller_interface.hpp
-- Symlinking: /home/psd/psd_ws/install/controller_interface/include/controller_interface/controller_interface.hpp
-- Symlinking: /home/psd/psd_ws/install/controller_interface/include/controller_interface/controller_interface_base.hpp
-- Symlinking: /home/psd/psd_ws/install/controller_interface/include/controller_interface/helpers.hpp
-- Symlinking: /home/psd/psd_ws/install/controller_interface/include/controller_interface/visibility_control.h
-- Symlinking: /home/psd/psd_ws/install/controller_interface/include/semantic_components/force_torque_sensor.hpp
-- Symlinking: /home/psd/psd_ws/install/controller_interface/include/semantic_components/imu_sensor.hpp
-- Symlinking: /home/psd/psd_ws/install/controller_interface/include/semantic_components/range_sensor.hpp
-- Symlinking: /home/psd/psd_ws/install/controller_interface/include/semantic_components/semantic_component_interface.hpp
-- Symlinking: /home/psd/psd_ws/install/controller_interface/lib/libcontroller_interface.so
-- Symlinking: /home/psd/psd_ws/install/controller_interface/share/controller_interface/environment/library_path.sh
-- Symlinking: /home/psd/psd_ws/install/controller_interface/share/controller_interface/environment/library_path.dsv
-- Symlinking: /home/psd/psd_ws/install/controller_interface/share/ament_index/resource_index/package_run_dependencies/controller_interface
-- Symlinking: /home/psd/psd_ws/install/controller_interface/share/ament_index/resource_index/parent_prefix_path/controller_interface
-- Symlinking: /home/psd/psd_ws/install/controller_interface/share/controller_interface/environment/ament_prefix_path.sh
-- Symlinking: /home/psd/psd_ws/install/controller_interface/share/controller_interface/environment/ament_prefix_path.dsv
-- Symlinking: /home/psd/psd_ws/install/controller_interface/share/controller_interface/environment/path.sh
-- Symlinking: /home/psd/psd_ws/install/controller_interface/share/controller_interface/environment/path.dsv
-- Symlinking: /home/psd/psd_ws/install/controller_interface/share/controller_interface/local_setup.bash
-- Symlinking: /home/psd/psd_ws/install/controller_interface/share/controller_interface/local_setup.sh
-- Symlinking: /home/psd/psd_ws/install/controller_interface/share/controller_interface/local_setup.zsh
-- Symlinking: /home/psd/psd_ws/install/controller_interface/share/controller_interface/local_setup.dsv
-- Symlinking: /home/psd/psd_ws/install/controller_interface/share/controller_interface/package.dsv
-- Symlinking: /home/psd/psd_ws/install/controller_interface/share/ament_index/resource_index/packages/controller_interface
-- Symlinking: /home/psd/psd_ws/install/controller_interface/share/controller_interface/cmake/ament_cmake_export_dependencies-extras.cmake
-- Symlinking: /home/psd/psd_ws/install/controller_interface/share/controller_interface/cmake/ament_cmake_export_include_directories-extras.cmake
-- Symlinking: /home/psd/psd_ws/install/controller_interface/share/controller_interface/cmake/ament_cmake_export_libraries-extras.cmake
-- Symlinking: /home/psd/psd_ws/install/controller_interface/share/controller_interface/cmake/controller_interfaceConfig.cmake
-- Symlinking: /home/psd/psd_ws/install/controller_interface/share/controller_interface/cmake/controller_interfaceConfig-version.cmake
-- Symlinking: /home/psd/psd_ws/install/controller_interface/share/controller_interface/package.xml
