[0.006s] Invoking command in '/home/ubuntu/psd_ws/build/gz_ros2_control_demos': CMAKE_PREFIX_PATH=/home/ubuntu/psd_ws/install/gz_ros2_control:/home/ubuntu/psd_ws/install/ros_components_description:/home/ubuntu/psd_ws/install/psd_vehicle_bringup:/home/ubuntu/psd_ws/install/psd_vehicle_description:/home/ubuntu/psd_ws/install/psd_gazebo_worlds:/home/ubuntu/psd_ws/install/gz_ros2_control_tests:/home/ubuntu/psd_ws/install/gz_ros2_control_demos:/opt/ros/jazzy/opt/gz_sim_vendor:/opt/ros/jazzy/opt/gz_sensors_vendor:/opt/ros/jazzy/opt/gz_physics_vendor:/opt/ros/jazzy/opt/sdformat_vendor:/opt/ros/jazzy/opt/gz_gui_vendor:/opt/ros/jazzy/opt/gz_transport_vendor:/opt/ros/jazzy/opt/gz_rendering_vendor:/opt/ros/jazzy/opt/gz_plugin_vendor:/opt/ros/jazzy/opt/gz_fuel_tools_vendor:/opt/ros/jazzy/opt/gz_msgs_vendor:/opt/ros/jazzy/opt/gz_common_vendor:/opt/ros/jazzy/opt/gz_math_vendor:/opt/ros/jazzy/opt/gz_utils_vendor:/opt/ros/jazzy/opt/gz_tools_vendor:/opt/ros/jazzy/opt/gz_ogre_next_vendor:/opt/ros/jazzy/opt/gz_dartsim_vendor:/opt/ros/jazzy/opt/gz_cmake_vendor:/opt/ros/jazzy /usr/bin/cmake /home/ubuntu/psd_ws/src/gz_ros2_control/gz_ros2_control_demos -DAMENT_CMAKE_SYMLINK_INSTALL=1 -DCMAKE_INSTALL_PREFIX=/home/ubuntu/psd_ws/install/gz_ros2_control_demos
[0.041s] -- The C compiler identification is GNU 13.2.0
[0.078s] -- The CXX compiler identification is GNU 13.2.0
[0.088s] -- Detecting C compiler ABI info
[0.146s] -- Detecting C compiler ABI info - done
[0.152s] -- Check for working C compiler: /usr/bin/cc - skipped
[0.152s] -- Detecting C compile features
[0.153s] -- Detecting C compile features - done
[0.160s] -- Detecting CXX compiler ABI info
[0.225s] -- Detecting CXX compiler ABI info - done
[0.232s] -- Check for working CXX compiler: /usr/bin/c++ - skipped
[0.232s] -- Detecting CXX compile features
[0.232s] -- Detecting CXX compile features - done
[0.239s] -- Found ament_cmake: 2.5.0 (/opt/ros/jazzy/share/ament_cmake/cmake)
[0.361s] -- Found Python3: /usr/bin/python3 (found version "3.12.3") found components: Interpreter 
[0.417s] -- Override CMake install command with custom implementation using symlinks instead of copying resources
[0.496s] -- Found control_msgs: 5.1.0 (/opt/ros/jazzy/share/control_msgs/cmake)
[0.566s] -- Found rosidl_generator_c: 4.6.2 (/opt/ros/jazzy/share/rosidl_generator_c/cmake)
[0.589s] -- Found rosidl_generator_cpp: 4.6.2 (/opt/ros/jazzy/share/rosidl_generator_cpp/cmake)
[0.615s] -- Using all available rosidl_typesupport_c: rosidl_typesupport_fastrtps_c;rosidl_typesupport_introspection_c
[0.643s] -- Using all available rosidl_typesupport_cpp: rosidl_typesupport_fastrtps_cpp;rosidl_typesupport_introspection_cpp
[0.837s] -- Found rclcpp: 28.1.2 (/opt/ros/jazzy/share/rclcpp/cmake)
[0.903s] -- Found rmw_implementation_cmake: 7.3.1 (/opt/ros/jazzy/share/rmw_implementation_cmake/cmake)
[0.909s] -- Found rmw_fastrtps_cpp: 8.4.0 (/opt/ros/jazzy/share/rmw_fastrtps_cpp/cmake)
[0.991s] -- Found OpenSSL: /usr/lib/x86_64-linux-gnu/libcrypto.so (found version "3.0.13")  
[1.005s] -- Found FastRTPS: /opt/ros/jazzy/include (Required is at least version "2.13") 
[1.030s] -- Using RMW implementation 'rmw_fastrtps_cpp' as default
[1.103s] -- Found rclcpp_action: 28.1.2 (/opt/ros/jazzy/share/rclcpp_action/cmake)
[1.127s] -- Found ament_cmake_gtest: 2.5.0 (/opt/ros/jazzy/share/ament_cmake_gtest/cmake)
[1.133s] -- Found ament_lint_auto: 0.17.0 (/opt/ros/jazzy/share/ament_lint_auto/cmake)
[1.248s] -- Added test 'copyright' to check source files copyright and LICENSE
[1.250s] -- Added test 'cppcheck' to perform static code analysis on C / C++ code
[1.250s] -- Configured cppcheck include dirs: 
[1.250s] -- Configured cppcheck exclude dirs and/or files: 
[1.252s] -- Added test 'cpplint' to check C / C++ code against the Google style
[1.252s] -- Configured cpplint exclude dirs and/or files: 
[1.253s] -- Added test 'flake8' to check Python code syntax and style conventions
[1.253s] -- Configured 'flake8' exclude dirs and/or files: 
[1.254s] -- Added test 'lint_cmake' to check CMake code style
[1.254s] -- Added test 'pep257' to check Python code against some of the docstring style conventions in PEP 257
[1.256s] -- Added test 'uncrustify' to check C / C++ code style
[1.256s] -- Configured uncrustify additional arguments: 
[1.257s] -- Added test 'xmllint' to check XML markup files
[1.258s] -- Configuring done (1.2s)
[1.280s] -- Generating done (0.0s)
[1.281s] -- Build files have been written to: /home/ubuntu/psd_ws/build/gz_ros2_control_demos
[1.288s] Invoked command in '/home/ubuntu/psd_ws/build/gz_ros2_control_demos' returned '0': CMAKE_PREFIX_PATH=/home/ubuntu/psd_ws/install/gz_ros2_control:/home/ubuntu/psd_ws/install/ros_components_description:/home/ubuntu/psd_ws/install/psd_vehicle_bringup:/home/ubuntu/psd_ws/install/psd_vehicle_description:/home/ubuntu/psd_ws/install/psd_gazebo_worlds:/home/ubuntu/psd_ws/install/gz_ros2_control_tests:/home/ubuntu/psd_ws/install/gz_ros2_control_demos:/opt/ros/jazzy/opt/gz_sim_vendor:/opt/ros/jazzy/opt/gz_sensors_vendor:/opt/ros/jazzy/opt/gz_physics_vendor:/opt/ros/jazzy/opt/sdformat_vendor:/opt/ros/jazzy/opt/gz_gui_vendor:/opt/ros/jazzy/opt/gz_transport_vendor:/opt/ros/jazzy/opt/gz_rendering_vendor:/opt/ros/jazzy/opt/gz_plugin_vendor:/opt/ros/jazzy/opt/gz_fuel_tools_vendor:/opt/ros/jazzy/opt/gz_msgs_vendor:/opt/ros/jazzy/opt/gz_common_vendor:/opt/ros/jazzy/opt/gz_math_vendor:/opt/ros/jazzy/opt/gz_utils_vendor:/opt/ros/jazzy/opt/gz_tools_vendor:/opt/ros/jazzy/opt/gz_ogre_next_vendor:/opt/ros/jazzy/opt/gz_dartsim_vendor:/opt/ros/jazzy/opt/gz_cmake_vendor:/opt/ros/jazzy /usr/bin/cmake /home/ubuntu/psd_ws/src/gz_ros2_control/gz_ros2_control_demos -DAMENT_CMAKE_SYMLINK_INSTALL=1 -DCMAKE_INSTALL_PREFIX=/home/ubuntu/psd_ws/install/gz_ros2_control_demos
[1.289s] Invoking command in '/home/ubuntu/psd_ws/build/gz_ros2_control_demos': CMAKE_PREFIX_PATH=/home/ubuntu/psd_ws/install/gz_ros2_control:/home/ubuntu/psd_ws/install/ros_components_description:/home/ubuntu/psd_ws/install/psd_vehicle_bringup:/home/ubuntu/psd_ws/install/psd_vehicle_description:/home/ubuntu/psd_ws/install/psd_gazebo_worlds:/home/ubuntu/psd_ws/install/gz_ros2_control_tests:/home/ubuntu/psd_ws/install/gz_ros2_control_demos:/opt/ros/jazzy/opt/gz_sim_vendor:/opt/ros/jazzy/opt/gz_sensors_vendor:/opt/ros/jazzy/opt/gz_physics_vendor:/opt/ros/jazzy/opt/sdformat_vendor:/opt/ros/jazzy/opt/gz_gui_vendor:/opt/ros/jazzy/opt/gz_transport_vendor:/opt/ros/jazzy/opt/gz_rendering_vendor:/opt/ros/jazzy/opt/gz_plugin_vendor:/opt/ros/jazzy/opt/gz_fuel_tools_vendor:/opt/ros/jazzy/opt/gz_msgs_vendor:/opt/ros/jazzy/opt/gz_common_vendor:/opt/ros/jazzy/opt/gz_math_vendor:/opt/ros/jazzy/opt/gz_utils_vendor:/opt/ros/jazzy/opt/gz_tools_vendor:/opt/ros/jazzy/opt/gz_ogre_next_vendor:/opt/ros/jazzy/opt/gz_dartsim_vendor:/opt/ros/jazzy/opt/gz_cmake_vendor:/opt/ros/jazzy /usr/bin/cmake --build /home/ubuntu/psd_ws/build/gz_ros2_control_demos -- -j20 -l20
[1.326s] [ 16%] [32mBuilding CXX object CMakeFiles/example_tricycle_drive.dir/examples/example_tricycle_drive.cpp.o[0m
[1.326s] [ 16%] [32mBuilding CXX object CMakeFiles/example_velocity.dir/examples/example_velocity.cpp.o[0m
[1.326s] [ 25%] [32mBuilding CXX object CMakeFiles/example_gripper.dir/examples/example_gripper.cpp.o[0m
[1.326s] [ 33%] [32mBuilding CXX object CMakeFiles/example_diff_drive.dir/examples/example_diff_drive.cpp.o[0m
[1.330s] [ 41%] [32mBuilding CXX object CMakeFiles/example_effort.dir/examples/example_effort.cpp.o[0m
[1.331s] [ 50%] [32mBuilding CXX object CMakeFiles/example_position.dir/examples/example_position.cpp.o[0m
[5.078s] [ 58%] [32m[1mLinking CXX executable example_tricycle_drive[0m
[5.098s] [ 66%] [32m[1mLinking CXX executable example_gripper[0m
[5.118s] [ 75%] [32m[1mLinking CXX executable example_velocity[0m
[5.133s] [ 83%] [32m[1mLinking CXX executable example_effort[0m
[5.152s] [ 91%] [32m[1mLinking CXX executable example_diff_drive[0m
[5.232s] [ 91%] Built target example_tricycle_drive
[5.247s] [ 91%] Built target example_gripper
[5.266s] [ 91%] Built target example_velocity
[5.277s] [ 91%] Built target example_effort
[5.319s] [ 91%] Built target example_diff_drive
[6.797s] [100%] [32m[1mLinking CXX executable example_position[0m
[6.917s] [100%] Built target example_position
[6.926s] Invoked command in '/home/ubuntu/psd_ws/build/gz_ros2_control_demos' returned '0': CMAKE_PREFIX_PATH=/home/ubuntu/psd_ws/install/gz_ros2_control:/home/ubuntu/psd_ws/install/ros_components_description:/home/ubuntu/psd_ws/install/psd_vehicle_bringup:/home/ubuntu/psd_ws/install/psd_vehicle_description:/home/ubuntu/psd_ws/install/psd_gazebo_worlds:/home/ubuntu/psd_ws/install/gz_ros2_control_tests:/home/ubuntu/psd_ws/install/gz_ros2_control_demos:/opt/ros/jazzy/opt/gz_sim_vendor:/opt/ros/jazzy/opt/gz_sensors_vendor:/opt/ros/jazzy/opt/gz_physics_vendor:/opt/ros/jazzy/opt/sdformat_vendor:/opt/ros/jazzy/opt/gz_gui_vendor:/opt/ros/jazzy/opt/gz_transport_vendor:/opt/ros/jazzy/opt/gz_rendering_vendor:/opt/ros/jazzy/opt/gz_plugin_vendor:/opt/ros/jazzy/opt/gz_fuel_tools_vendor:/opt/ros/jazzy/opt/gz_msgs_vendor:/opt/ros/jazzy/opt/gz_common_vendor:/opt/ros/jazzy/opt/gz_math_vendor:/opt/ros/jazzy/opt/gz_utils_vendor:/opt/ros/jazzy/opt/gz_tools_vendor:/opt/ros/jazzy/opt/gz_ogre_next_vendor:/opt/ros/jazzy/opt/gz_dartsim_vendor:/opt/ros/jazzy/opt/gz_cmake_vendor:/opt/ros/jazzy /usr/bin/cmake --build /home/ubuntu/psd_ws/build/gz_ros2_control_demos -- -j20 -l20
[6.952s] Invoking command in '/home/ubuntu/psd_ws/build/gz_ros2_control_demos': CMAKE_PREFIX_PATH=/home/ubuntu/psd_ws/install/gz_ros2_control:/home/ubuntu/psd_ws/install/ros_components_description:/home/ubuntu/psd_ws/install/psd_vehicle_bringup:/home/ubuntu/psd_ws/install/psd_vehicle_description:/home/ubuntu/psd_ws/install/psd_gazebo_worlds:/home/ubuntu/psd_ws/install/gz_ros2_control_tests:/home/ubuntu/psd_ws/install/gz_ros2_control_demos:/opt/ros/jazzy/opt/gz_sim_vendor:/opt/ros/jazzy/opt/gz_sensors_vendor:/opt/ros/jazzy/opt/gz_physics_vendor:/opt/ros/jazzy/opt/sdformat_vendor:/opt/ros/jazzy/opt/gz_gui_vendor:/opt/ros/jazzy/opt/gz_transport_vendor:/opt/ros/jazzy/opt/gz_rendering_vendor:/opt/ros/jazzy/opt/gz_plugin_vendor:/opt/ros/jazzy/opt/gz_fuel_tools_vendor:/opt/ros/jazzy/opt/gz_msgs_vendor:/opt/ros/jazzy/opt/gz_common_vendor:/opt/ros/jazzy/opt/gz_math_vendor:/opt/ros/jazzy/opt/gz_utils_vendor:/opt/ros/jazzy/opt/gz_tools_vendor:/opt/ros/jazzy/opt/gz_ogre_next_vendor:/opt/ros/jazzy/opt/gz_dartsim_vendor:/opt/ros/jazzy/opt/gz_cmake_vendor:/opt/ros/jazzy /usr/bin/cmake --install /home/ubuntu/psd_ws/build/gz_ros2_control_demos
[6.957s] -- Install configuration: ""
[6.957s] -- Execute custom install script
[6.958s] -- Symlinking: /home/ubuntu/psd_ws/install/gz_ros2_control_demos/share/gz_ros2_control_demos//launch/cart_example_effort.launch.py
[6.963s] -- Symlinking: /home/ubuntu/psd_ws/install/gz_ros2_control_demos/share/gz_ros2_control_demos//launch/cart_example_position.launch.py
[6.969s] -- Symlinking: /home/ubuntu/psd_ws/install/gz_ros2_control_demos/share/gz_ros2_control_demos//launch/cart_example_velocity.launch.py
[6.974s] -- Symlinking: /home/ubuntu/psd_ws/install/gz_ros2_control_demos/share/gz_ros2_control_demos//launch/diff_drive_example.launch.py
[6.980s] -- Symlinking: /home/ubuntu/psd_ws/install/gz_ros2_control_demos/share/gz_ros2_control_demos//launch/gripper_mimic_joint_example_effort.launch.py
[6.985s] -- Symlinking: /home/ubuntu/psd_ws/install/gz_ros2_control_demos/share/gz_ros2_control_demos//launch/gripper_mimic_joint_example_effort.launch.xml
[6.990s] -- Symlinking: /home/ubuntu/psd_ws/install/gz_ros2_control_demos/share/gz_ros2_control_demos//launch/gripper_mimic_joint_example_position.launch.py
[6.995s] -- Symlinking: /home/ubuntu/psd_ws/install/gz_ros2_control_demos/share/gz_ros2_control_demos//launch/gripper_mimic_joint_example_position.launch.xml
[7.000s] -- Symlinking: /home/ubuntu/psd_ws/install/gz_ros2_control_demos/share/gz_ros2_control_demos//launch/pendulum_example_effort.launch.py
[7.005s] -- Symlinking: /home/ubuntu/psd_ws/install/gz_ros2_control_demos/share/gz_ros2_control_demos//launch/pendulum_example_position.launch.py
[7.011s] -- Symlinking: /home/ubuntu/psd_ws/install/gz_ros2_control_demos/share/gz_ros2_control_demos//launch/tricycle_drive_example.launch.py
[7.016s] -- Symlinking: /home/ubuntu/psd_ws/install/gz_ros2_control_demos/share/gz_ros2_control_demos//config/cart_controller_effort.yaml
[7.021s] -- Symlinking: /home/ubuntu/psd_ws/install/gz_ros2_control_demos/share/gz_ros2_control_demos//config/cart_controller_position.yaml
[7.025s] -- Symlinking: /home/ubuntu/psd_ws/install/gz_ros2_control_demos/share/gz_ros2_control_demos//config/cart_controller_velocity.yaml
[7.030s] -- Symlinking: /home/ubuntu/psd_ws/install/gz_ros2_control_demos/share/gz_ros2_control_demos//config/diff_drive_controller_velocity.yaml
[7.035s] -- Symlinking: /home/ubuntu/psd_ws/install/gz_ros2_control_demos/share/gz_ros2_control_demos//config/gripper_controller_effort.yaml
[7.041s] -- Symlinking: /home/ubuntu/psd_ws/install/gz_ros2_control_demos/share/gz_ros2_control_demos//config/gripper_controller_position.yaml
[7.046s] -- Symlinking: /home/ubuntu/psd_ws/install/gz_ros2_control_demos/share/gz_ros2_control_demos//config/tricycle_drive_controller.yaml
[7.052s] -- Symlinking: /home/ubuntu/psd_ws/install/gz_ros2_control_demos/share/gz_ros2_control_demos//urdf/test_cart_effort.xacro.urdf
[7.058s] -- Symlinking: /home/ubuntu/psd_ws/install/gz_ros2_control_demos/share/gz_ros2_control_demos//urdf/test_cart_position.xacro.urdf
[7.064s] -- Symlinking: /home/ubuntu/psd_ws/install/gz_ros2_control_demos/share/gz_ros2_control_demos//urdf/test_cart_velocity.xacro.urdf
[7.072s] -- Symlinking: /home/ubuntu/psd_ws/install/gz_ros2_control_demos/share/gz_ros2_control_demos//urdf/test_diff_drive.xacro.urdf
[7.079s] -- Symlinking: /home/ubuntu/psd_ws/install/gz_ros2_control_demos/share/gz_ros2_control_demos//urdf/test_gripper_mimic_joint_effort.xacro.urdf
[7.084s] -- Symlinking: /home/ubuntu/psd_ws/install/gz_ros2_control_demos/share/gz_ros2_control_demos//urdf/test_gripper_mimic_joint_position.xacro.urdf
[7.091s] -- Symlinking: /home/ubuntu/psd_ws/install/gz_ros2_control_demos/share/gz_ros2_control_demos//urdf/test_pendulum_effort.xacro.urdf
[7.096s] -- Symlinking: /home/ubuntu/psd_ws/install/gz_ros2_control_demos/share/gz_ros2_control_demos//urdf/test_pendulum_position.xacro.urdf
[7.103s] -- Symlinking: /home/ubuntu/psd_ws/install/gz_ros2_control_demos/share/gz_ros2_control_demos//urdf/test_tricycle_drive.xacro.urdf
[7.110s] -- Symlinking: /home/ubuntu/psd_ws/install/gz_ros2_control_demos/lib/gz_ros2_control_demos/example_position
[7.117s] -- Symlinking: /home/ubuntu/psd_ws/install/gz_ros2_control_demos/lib/gz_ros2_control_demos/example_velocity
[7.123s] -- Symlinking: /home/ubuntu/psd_ws/install/gz_ros2_control_demos/lib/gz_ros2_control_demos/example_effort
[7.129s] -- Symlinking: /home/ubuntu/psd_ws/install/gz_ros2_control_demos/lib/gz_ros2_control_demos/example_diff_drive
[7.136s] -- Symlinking: /home/ubuntu/psd_ws/install/gz_ros2_control_demos/lib/gz_ros2_control_demos/example_tricycle_drive
[7.141s] -- Symlinking: /home/ubuntu/psd_ws/install/gz_ros2_control_demos/lib/gz_ros2_control_demos/example_gripper
[7.147s] -- Symlinking: /home/ubuntu/psd_ws/install/gz_ros2_control_demos/share/ament_index/resource_index/package_run_dependencies/gz_ros2_control_demos
[7.153s] -- Symlinking: /home/ubuntu/psd_ws/install/gz_ros2_control_demos/share/ament_index/resource_index/parent_prefix_path/gz_ros2_control_demos
[7.159s] -- Symlinking: /home/ubuntu/psd_ws/install/gz_ros2_control_demos/share/gz_ros2_control_demos/environment/ament_prefix_path.sh
[7.165s] -- Symlinking: /home/ubuntu/psd_ws/install/gz_ros2_control_demos/share/gz_ros2_control_demos/environment/ament_prefix_path.dsv
[7.170s] -- Symlinking: /home/ubuntu/psd_ws/install/gz_ros2_control_demos/share/gz_ros2_control_demos/environment/path.sh
[7.175s] -- Symlinking: /home/ubuntu/psd_ws/install/gz_ros2_control_demos/share/gz_ros2_control_demos/environment/path.dsv
[7.181s] -- Symlinking: /home/ubuntu/psd_ws/install/gz_ros2_control_demos/share/gz_ros2_control_demos/local_setup.bash
[7.186s] -- Symlinking: /home/ubuntu/psd_ws/install/gz_ros2_control_demos/share/gz_ros2_control_demos/local_setup.sh
[7.192s] -- Symlinking: /home/ubuntu/psd_ws/install/gz_ros2_control_demos/share/gz_ros2_control_demos/local_setup.zsh
[7.197s] -- Symlinking: /home/ubuntu/psd_ws/install/gz_ros2_control_demos/share/gz_ros2_control_demos/local_setup.dsv
[7.202s] -- Symlinking: /home/ubuntu/psd_ws/install/gz_ros2_control_demos/share/gz_ros2_control_demos/package.dsv
[7.208s] -- Symlinking: /home/ubuntu/psd_ws/install/gz_ros2_control_demos/share/ament_index/resource_index/packages/gz_ros2_control_demos
[7.213s] -- Symlinking: /home/ubuntu/psd_ws/install/gz_ros2_control_demos/share/gz_ros2_control_demos/cmake/gz_ros2_control_demosConfig.cmake
[7.218s] -- Symlinking: /home/ubuntu/psd_ws/install/gz_ros2_control_demos/share/gz_ros2_control_demos/cmake/gz_ros2_control_demosConfig-version.cmake
[7.223s] -- Symlinking: /home/ubuntu/psd_ws/install/gz_ros2_control_demos/share/gz_ros2_control_demos/package.xml
[7.230s] Invoked command in '/home/ubuntu/psd_ws/build/gz_ros2_control_demos' returned '0': CMAKE_PREFIX_PATH=/home/ubuntu/psd_ws/install/gz_ros2_control:/home/ubuntu/psd_ws/install/ros_components_description:/home/ubuntu/psd_ws/install/psd_vehicle_bringup:/home/ubuntu/psd_ws/install/psd_vehicle_description:/home/ubuntu/psd_ws/install/psd_gazebo_worlds:/home/ubuntu/psd_ws/install/gz_ros2_control_tests:/home/ubuntu/psd_ws/install/gz_ros2_control_demos:/opt/ros/jazzy/opt/gz_sim_vendor:/opt/ros/jazzy/opt/gz_sensors_vendor:/opt/ros/jazzy/opt/gz_physics_vendor:/opt/ros/jazzy/opt/sdformat_vendor:/opt/ros/jazzy/opt/gz_gui_vendor:/opt/ros/jazzy/opt/gz_transport_vendor:/opt/ros/jazzy/opt/gz_rendering_vendor:/opt/ros/jazzy/opt/gz_plugin_vendor:/opt/ros/jazzy/opt/gz_fuel_tools_vendor:/opt/ros/jazzy/opt/gz_msgs_vendor:/opt/ros/jazzy/opt/gz_common_vendor:/opt/ros/jazzy/opt/gz_math_vendor:/opt/ros/jazzy/opt/gz_utils_vendor:/opt/ros/jazzy/opt/gz_tools_vendor:/opt/ros/jazzy/opt/gz_ogre_next_vendor:/opt/ros/jazzy/opt/gz_dartsim_vendor:/opt/ros/jazzy/opt/gz_cmake_vendor:/opt/ros/jazzy /usr/bin/cmake --install /home/ubuntu/psd_ws/build/gz_ros2_control_demos
