[0.011s] Invoking command in '/home/psd/psd_ws/build/control_toolbox': AMENT_PREFIX_PATH=/home/psd/psd_ws/install/realtime_tools:/home/psd/psd_ws/install/control_msgs:${AMENT_PREFIX_PATH} CMAKE_PREFIX_PATH=/home/psd/psd_ws/install/realtime_tools:/home/psd/psd_ws/install/control_msgs:/opt/ros/humble LD_LIBRARY_PATH=/home/psd/psd_ws/install/realtime_tools/lib:/home/psd/psd_ws/install/control_msgs/lib:${LD_LIBRARY_PATH} PYTHONPATH=/home/psd/psd_ws/install/control_msgs/local/lib/python3.10/dist-packages:${PYTHONPATH} /usr/bin/cmake --build /home/psd/psd_ws/build/control_toolbox -- -j20 -l20
[0.054s] [  3%] Built target low_pass_filter_parameters
[0.058s] [ 13%] Built target gmock_main
[0.058s] [ 13%] [32m[1mLinking CXX shared library libcontrol_toolbox.so[0m
[0.058s] [ 20%] Built target gtest
[0.058s] [ 27%] Built target gtest_main
[0.059s] [ 37%] Built target gmock
[0.080s] [ 44%] Built target low_pass_filter
[0.112s] [ 58%] Built target test_low_pass_filter
[0.113s] [ 58%] Built target test_load_low_pass_filter
[0.212s] [ 79%] Built target control_toolbox
[0.230s] [ 86%] [32m[1mLinking CXX executable pid_tests[0m
[0.230s] [ 86%] [32m[1mLinking CXX executable pid_parameters_tests[0m
[0.237s] [ 89%] [32m[1mLinking CXX executable pid_publisher_tests[0m
[0.383s] [ 93%] Built target pid_tests
[0.398s] [ 96%] Built target pid_parameters_tests
[0.592s] [100%] Built target pid_publisher_tests
[0.599s] Invoked command in '/home/psd/psd_ws/build/control_toolbox' returned '0': AMENT_PREFIX_PATH=/home/psd/psd_ws/install/realtime_tools:/home/psd/psd_ws/install/control_msgs:${AMENT_PREFIX_PATH} CMAKE_PREFIX_PATH=/home/psd/psd_ws/install/realtime_tools:/home/psd/psd_ws/install/control_msgs:/opt/ros/humble LD_LIBRARY_PATH=/home/psd/psd_ws/install/realtime_tools/lib:/home/psd/psd_ws/install/control_msgs/lib:${LD_LIBRARY_PATH} PYTHONPATH=/home/psd/psd_ws/install/control_msgs/local/lib/python3.10/dist-packages:${PYTHONPATH} /usr/bin/cmake --build /home/psd/psd_ws/build/control_toolbox -- -j20 -l20
[0.628s] Invoking command in '/home/psd/psd_ws/build/control_toolbox': AMENT_PREFIX_PATH=/home/psd/psd_ws/install/realtime_tools:/home/psd/psd_ws/install/control_msgs:${AMENT_PREFIX_PATH} CMAKE_PREFIX_PATH=/home/psd/psd_ws/install/realtime_tools:/home/psd/psd_ws/install/control_msgs:/opt/ros/humble LD_LIBRARY_PATH=/home/psd/psd_ws/install/realtime_tools/lib:/home/psd/psd_ws/install/control_msgs/lib:${LD_LIBRARY_PATH} PYTHONPATH=/home/psd/psd_ws/install/control_msgs/local/lib/python3.10/dist-packages:${PYTHONPATH} /usr/bin/cmake --install /home/psd/psd_ws/build/control_toolbox
[0.633s] -- Install configuration: ""
[0.633s] -- Execute custom install script
[0.634s] -- Up-to-date symlink: /home/psd/psd_ws/install/control_toolbox/include/low_pass_filter_parameters/low_pass_filter_parameters.hpp
[0.634s] -- Up-to-date symlink: /home/psd/psd_ws/install/control_toolbox/share/control_toolbox//control_filters.xml
[0.634s] -- Up-to-date symlink: /home/psd/psd_ws/install/control_toolbox/include/control_toolbox/control_filters/low_pass_filter.hpp
[0.634s] -- Up-to-date symlink: /home/psd/psd_ws/install/control_toolbox/include/control_toolbox/control_toolbox/dither.hpp
[0.634s] -- Up-to-date symlink: /home/psd/psd_ws/install/control_toolbox/include/control_toolbox/control_toolbox/filters.hpp
[0.634s] -- Up-to-date symlink: /home/psd/psd_ws/install/control_toolbox/include/control_toolbox/control_toolbox/limited_proxy.hpp
[0.634s] -- Up-to-date symlink: /home/psd/psd_ws/install/control_toolbox/include/control_toolbox/control_toolbox/pid.hpp
[0.634s] -- Up-to-date symlink: /home/psd/psd_ws/install/control_toolbox/include/control_toolbox/control_toolbox/pid_ros.hpp
[0.634s] -- Up-to-date symlink: /home/psd/psd_ws/install/control_toolbox/include/control_toolbox/control_toolbox/sine_sweep.hpp
[0.634s] -- Up-to-date symlink: /home/psd/psd_ws/install/control_toolbox/include/control_toolbox/control_toolbox/sinusoid.hpp
[0.634s] -- Up-to-date symlink: /home/psd/psd_ws/install/control_toolbox/include/control_toolbox/control_toolbox/visibility_control.hpp
[0.634s] -- Up-to-date symlink: /home/psd/psd_ws/install/control_toolbox/share/control_toolbox/environment/library_path.sh
[0.634s] -- Up-to-date symlink: /home/psd/psd_ws/install/control_toolbox/share/control_toolbox/environment/library_path.dsv
[0.634s] -- Up-to-date symlink: /home/psd/psd_ws/install/control_toolbox/share/ament_index/resource_index/package_run_dependencies/control_toolbox
[0.634s] -- Up-to-date symlink: /home/psd/psd_ws/install/control_toolbox/share/ament_index/resource_index/parent_prefix_path/control_toolbox
[0.634s] -- Up-to-date symlink: /home/psd/psd_ws/install/control_toolbox/share/control_toolbox/environment/ament_prefix_path.sh
[0.634s] -- Up-to-date symlink: /home/psd/psd_ws/install/control_toolbox/share/control_toolbox/environment/ament_prefix_path.dsv
[0.635s] -- Up-to-date symlink: /home/psd/psd_ws/install/control_toolbox/share/control_toolbox/environment/path.sh
[0.635s] -- Up-to-date symlink: /home/psd/psd_ws/install/control_toolbox/share/control_toolbox/environment/path.dsv
[0.635s] -- Up-to-date symlink: /home/psd/psd_ws/install/control_toolbox/share/control_toolbox/local_setup.bash
[0.635s] -- Up-to-date symlink: /home/psd/psd_ws/install/control_toolbox/share/control_toolbox/local_setup.sh
[0.635s] -- Up-to-date symlink: /home/psd/psd_ws/install/control_toolbox/share/control_toolbox/local_setup.zsh
[0.635s] -- Up-to-date symlink: /home/psd/psd_ws/install/control_toolbox/share/control_toolbox/local_setup.dsv
[0.635s] -- Symlinking: /home/psd/psd_ws/install/control_toolbox/share/control_toolbox/package.dsv
[0.640s] -- Up-to-date symlink: /home/psd/psd_ws/install/control_toolbox/share/ament_index/resource_index/packages/control_toolbox
[0.641s] -- Up-to-date symlink: /home/psd/psd_ws/install/control_toolbox/share/ament_index/resource_index/filters__pluginlib__plugin/control_toolbox
[0.641s] -- Up-to-date symlink: /home/psd/psd_ws/install/control_toolbox/share/control_toolbox/cmake/ament_cmake_export_targets-extras.cmake
[0.641s] -- Up-to-date symlink: /home/psd/psd_ws/install/control_toolbox/share/control_toolbox/cmake/ament_cmake_export_dependencies-extras.cmake
[0.641s] -- Up-to-date symlink: /home/psd/psd_ws/install/control_toolbox/share/control_toolbox/cmake/control_toolboxConfig.cmake
[0.641s] -- Up-to-date symlink: /home/psd/psd_ws/install/control_toolbox/share/control_toolbox/cmake/control_toolboxConfig-version.cmake
[0.641s] -- Up-to-date symlink: /home/psd/psd_ws/install/control_toolbox/share/control_toolbox/package.xml
[0.641s] -- Installing: /home/psd/psd_ws/install/control_toolbox/lib/libcontrol_toolbox.so
[0.642s] -- Set runtime path of "/home/psd/psd_ws/install/control_toolbox/lib/libcontrol_toolbox.so" to ""
[0.643s] -- Up-to-date: /home/psd/psd_ws/install/control_toolbox/lib/liblow_pass_filter.so
[0.643s] -- Up-to-date: /home/psd/psd_ws/install/control_toolbox/share/control_toolbox/cmake/export_control_toolboxExport.cmake
[0.643s] -- Up-to-date: /home/psd/psd_ws/install/control_toolbox/share/control_toolbox/cmake/export_control_toolboxExport-noconfig.cmake
[0.644s] Invoked command in '/home/psd/psd_ws/build/control_toolbox' returned '0': AMENT_PREFIX_PATH=/home/psd/psd_ws/install/realtime_tools:/home/psd/psd_ws/install/control_msgs:${AMENT_PREFIX_PATH} CMAKE_PREFIX_PATH=/home/psd/psd_ws/install/realtime_tools:/home/psd/psd_ws/install/control_msgs:/opt/ros/humble LD_LIBRARY_PATH=/home/psd/psd_ws/install/realtime_tools/lib:/home/psd/psd_ws/install/control_msgs/lib:${LD_LIBRARY_PATH} PYTHONPATH=/home/psd/psd_ws/install/control_msgs/local/lib/python3.10/dist-packages:${PYTHONPATH} /usr/bin/cmake --install /home/psd/psd_ws/build/control_toolbox
