-- Install configuration: ""
-- Up-to-date: /psd_ws/install/psd_vehicle_controller/share/psd_vehicle_controller/launch
-- Up-to-date: /psd_ws/install/psd_vehicle_controller/share/psd_vehicle_controller/launch/controller.launch.py
-- Up-to-date: /psd_ws/install/psd_vehicle_controller/share/psd_vehicle_controller/config
-- Up-to-date: /psd_ws/install/psd_vehicle_controller/share/psd_vehicle_controller/config/diff_drive_controller.yaml
-- Up-to-date: /psd_ws/install/psd_vehicle_controller/share/ament_index/resource_index/package_run_dependencies/psd_vehicle_controller
-- Up-to-date: /psd_ws/install/psd_vehicle_controller/share/ament_index/resource_index/parent_prefix_path/psd_vehicle_controller
-- Up-to-date: /psd_ws/install/psd_vehicle_controller/share/psd_vehicle_controller/environment/ament_prefix_path.sh
-- Up-to-date: /psd_ws/install/psd_vehicle_controller/share/psd_vehicle_controller/environment/ament_prefix_path.dsv
-- Up-to-date: /psd_ws/install/psd_vehicle_controller/share/psd_vehicle_controller/environment/path.sh
-- Up-to-date: /psd_ws/install/psd_vehicle_controller/share/psd_vehicle_controller/environment/path.dsv
-- Up-to-date: /psd_ws/install/psd_vehicle_controller/share/psd_vehicle_controller/local_setup.bash
-- Up-to-date: /psd_ws/install/psd_vehicle_controller/share/psd_vehicle_controller/local_setup.sh
-- Up-to-date: /psd_ws/install/psd_vehicle_controller/share/psd_vehicle_controller/local_setup.zsh
-- Up-to-date: /psd_ws/install/psd_vehicle_controller/share/psd_vehicle_controller/local_setup.dsv
-- Installing: /psd_ws/install/psd_vehicle_controller/share/psd_vehicle_controller/package.dsv
-- Up-to-date: /psd_ws/install/psd_vehicle_controller/share/ament_index/resource_index/packages/psd_vehicle_controller
-- Up-to-date: /psd_ws/install/psd_vehicle_controller/share/psd_vehicle_controller/cmake/psd_vehicle_controllerConfig.cmake
-- Up-to-date: /psd_ws/install/psd_vehicle_controller/share/psd_vehicle_controller/cmake/psd_vehicle_controllerConfig-version.cmake
-- Up-to-date: /psd_ws/install/psd_vehicle_controller/share/psd_vehicle_controller/package.xml
