[0.056s] Invoking command in '/home/psd/psd_ws/build/ign_ros2_control_demos': CMAKE_PREFIX_PATH=/home/psd/psd_ws/install/ign_ros2_control:/home/psd/psd_ws/install/psd_vehicle_bringup:/home/psd/psd_ws/install/psd_vehicle_controller:/home/psd/psd_ws/install/psd_vehicle_description:/home/psd/psd_ws/install/ros_components_description:/home/psd/psd_ws/install/psd_vehicle_interfaces:/home/psd/psd_ws/install/psd_vehicle_hardware_interfaces:/home/psd/psd_ws/install/psd_vehicle_gazebo:/home/psd/psd_ws/install/psd_gazebo_worlds:/home/psd/psd_ws/install/ign_ros2_control_demos:/home/psd/psd_ws/install/core:/opt/ros/humble LD_LIBRARY_PATH=/home/psd/psd_ws/install/ign_ros2_control/lib:/home/psd/psd_ws/install/psd_vehicle_interfaces/lib:/home/psd/psd_ws/install/psd_vehicle_hardware_interfaces/lib:/opt/ros/humble/opt/rviz_ogre_vendor/lib:/opt/ros/humble/lib/x86_64-linux-gnu:/opt/ros/humble/lib /usr/bin/cmake --build /home/psd/psd_ws/build/ign_ros2_control_demos -- -j20 -l20
[0.095s] [ 50%] Built target example_velocity
[0.095s] [ 50%] Built target example_effort
[0.095s] [ 50%] Built target example_diff_drive
[0.096s] [ 66%] Built target example_tricycle_drive
[0.096s] [ 83%] Built target example_position
[0.097s] [100%] Built target example_gripper
[0.185s] Invoked command in '/home/psd/psd_ws/build/ign_ros2_control_demos' returned '0': CMAKE_PREFIX_PATH=/home/psd/psd_ws/install/ign_ros2_control:/home/psd/psd_ws/install/psd_vehicle_bringup:/home/psd/psd_ws/install/psd_vehicle_controller:/home/psd/psd_ws/install/psd_vehicle_description:/home/psd/psd_ws/install/ros_components_description:/home/psd/psd_ws/install/psd_vehicle_interfaces:/home/psd/psd_ws/install/psd_vehicle_hardware_interfaces:/home/psd/psd_ws/install/psd_vehicle_gazebo:/home/psd/psd_ws/install/psd_gazebo_worlds:/home/psd/psd_ws/install/ign_ros2_control_demos:/home/psd/psd_ws/install/core:/opt/ros/humble LD_LIBRARY_PATH=/home/psd/psd_ws/install/ign_ros2_control/lib:/home/psd/psd_ws/install/psd_vehicle_interfaces/lib:/home/psd/psd_ws/install/psd_vehicle_hardware_interfaces/lib:/opt/ros/humble/opt/rviz_ogre_vendor/lib:/opt/ros/humble/lib/x86_64-linux-gnu:/opt/ros/humble/lib /usr/bin/cmake --build /home/psd/psd_ws/build/ign_ros2_control_demos -- -j20 -l20
[0.206s] Invoking command in '/home/psd/psd_ws/build/ign_ros2_control_demos': CMAKE_PREFIX_PATH=/home/psd/psd_ws/install/ign_ros2_control:/home/psd/psd_ws/install/psd_vehicle_bringup:/home/psd/psd_ws/install/psd_vehicle_controller:/home/psd/psd_ws/install/psd_vehicle_description:/home/psd/psd_ws/install/ros_components_description:/home/psd/psd_ws/install/psd_vehicle_interfaces:/home/psd/psd_ws/install/psd_vehicle_hardware_interfaces:/home/psd/psd_ws/install/psd_vehicle_gazebo:/home/psd/psd_ws/install/psd_gazebo_worlds:/home/psd/psd_ws/install/ign_ros2_control_demos:/home/psd/psd_ws/install/core:/opt/ros/humble LD_LIBRARY_PATH=/home/psd/psd_ws/install/ign_ros2_control/lib:/home/psd/psd_ws/install/psd_vehicle_interfaces/lib:/home/psd/psd_ws/install/psd_vehicle_hardware_interfaces/lib:/opt/ros/humble/opt/rviz_ogre_vendor/lib:/opt/ros/humble/lib/x86_64-linux-gnu:/opt/ros/humble/lib /usr/bin/cmake --install /home/psd/psd_ws/build/ign_ros2_control_demos
[0.210s] -- Install configuration: ""
[0.210s] -- Up-to-date: /home/psd/psd_ws/install/ign_ros2_control_demos/share/ign_ros2_control_demos//launch
[0.210s] -- Up-to-date: /home/psd/psd_ws/install/ign_ros2_control_demos/share/ign_ros2_control_demos//launch/tricycle_drive_example.launch.py
[0.210s] -- Up-to-date: /home/psd/psd_ws/install/ign_ros2_control_demos/share/ign_ros2_control_demos//launch/gripper_mimic_joint_example.launch.py
[0.211s] -- Up-to-date: /home/psd/psd_ws/install/ign_ros2_control_demos/share/ign_ros2_control_demos//launch/cart_example_velocity.launch.py
[0.211s] -- Up-to-date: /home/psd/psd_ws/install/ign_ros2_control_demos/share/ign_ros2_control_demos//launch/diff_drive_example.launch.py
[0.211s] -- Up-to-date: /home/psd/psd_ws/install/ign_ros2_control_demos/share/ign_ros2_control_demos//launch/cart_example_position.launch.py
[0.211s] -- Up-to-date: /home/psd/psd_ws/install/ign_ros2_control_demos/share/ign_ros2_control_demos//launch/cart_example_effort.launch.py
[0.211s] -- Up-to-date: /home/psd/psd_ws/install/ign_ros2_control_demos/share/ign_ros2_control_demos//config
[0.211s] -- Up-to-date: /home/psd/psd_ws/install/ign_ros2_control_demos/share/ign_ros2_control_demos//config/cartpole_controller_effort.yaml
[0.211s] -- Up-to-date: /home/psd/psd_ws/install/ign_ros2_control_demos/share/ign_ros2_control_demos//config/gripper_controller.yaml
[0.211s] -- Up-to-date: /home/psd/psd_ws/install/ign_ros2_control_demos/share/ign_ros2_control_demos//config/tricycle_drive_controller.yaml
[0.211s] -- Up-to-date: /home/psd/psd_ws/install/ign_ros2_control_demos/share/ign_ros2_control_demos//config/diff_drive_controller_velocity.yaml
[0.211s] -- Up-to-date: /home/psd/psd_ws/install/ign_ros2_control_demos/share/ign_ros2_control_demos//config/cartpole_controller_position.yaml
[0.211s] -- Up-to-date: /home/psd/psd_ws/install/ign_ros2_control_demos/share/ign_ros2_control_demos//config/cartpole_controller_velocity.yaml
[0.211s] -- Up-to-date: /home/psd/psd_ws/install/ign_ros2_control_demos/share/ign_ros2_control_demos//urdf
[0.211s] -- Up-to-date: /home/psd/psd_ws/install/ign_ros2_control_demos/share/ign_ros2_control_demos//urdf/test_tricycle_drive.xacro.urdf
[0.211s] -- Up-to-date: /home/psd/psd_ws/install/ign_ros2_control_demos/share/ign_ros2_control_demos//urdf/test_gripper_mimic_joint.xacro.urdf
[0.211s] -- Up-to-date: /home/psd/psd_ws/install/ign_ros2_control_demos/share/ign_ros2_control_demos//urdf/test_cart_effort.xacro.urdf
[0.212s] -- Up-to-date: /home/psd/psd_ws/install/ign_ros2_control_demos/share/ign_ros2_control_demos//urdf/test_diff_drive.xacro.urdf
[0.212s] -- Up-to-date: /home/psd/psd_ws/install/ign_ros2_control_demos/share/ign_ros2_control_demos//urdf/test_cart_position.xacro.urdf
[0.212s] -- Up-to-date: /home/psd/psd_ws/install/ign_ros2_control_demos/share/ign_ros2_control_demos//urdf/test_cart_velocity.xacro.urdf
[0.212s] -- Up-to-date: /home/psd/psd_ws/install/ign_ros2_control_demos/lib/ign_ros2_control_demos/example_position
[0.212s] -- Up-to-date: /home/psd/psd_ws/install/ign_ros2_control_demos/lib/ign_ros2_control_demos/example_velocity
[0.212s] -- Up-to-date: /home/psd/psd_ws/install/ign_ros2_control_demos/lib/ign_ros2_control_demos/example_effort
[0.212s] -- Up-to-date: /home/psd/psd_ws/install/ign_ros2_control_demos/lib/ign_ros2_control_demos/example_diff_drive
[0.212s] -- Up-to-date: /home/psd/psd_ws/install/ign_ros2_control_demos/lib/ign_ros2_control_demos/example_tricycle_drive
[0.212s] -- Up-to-date: /home/psd/psd_ws/install/ign_ros2_control_demos/lib/ign_ros2_control_demos/example_gripper
[0.212s] -- Up-to-date: /home/psd/psd_ws/install/ign_ros2_control_demos/share/ament_index/resource_index/package_run_dependencies/ign_ros2_control_demos
[0.212s] -- Up-to-date: /home/psd/psd_ws/install/ign_ros2_control_demos/share/ament_index/resource_index/parent_prefix_path/ign_ros2_control_demos
[0.212s] -- Up-to-date: /home/psd/psd_ws/install/ign_ros2_control_demos/share/ign_ros2_control_demos/environment/ament_prefix_path.sh
[0.213s] -- Up-to-date: /home/psd/psd_ws/install/ign_ros2_control_demos/share/ign_ros2_control_demos/environment/ament_prefix_path.dsv
[0.213s] -- Up-to-date: /home/psd/psd_ws/install/ign_ros2_control_demos/share/ign_ros2_control_demos/environment/path.sh
[0.213s] -- Up-to-date: /home/psd/psd_ws/install/ign_ros2_control_demos/share/ign_ros2_control_demos/environment/path.dsv
[0.213s] -- Up-to-date: /home/psd/psd_ws/install/ign_ros2_control_demos/share/ign_ros2_control_demos/local_setup.bash
[0.213s] -- Up-to-date: /home/psd/psd_ws/install/ign_ros2_control_demos/share/ign_ros2_control_demos/local_setup.sh
[0.213s] -- Up-to-date: /home/psd/psd_ws/install/ign_ros2_control_demos/share/ign_ros2_control_demos/local_setup.zsh
[0.213s] -- Up-to-date: /home/psd/psd_ws/install/ign_ros2_control_demos/share/ign_ros2_control_demos/local_setup.dsv
[0.213s] -- Installing: /home/psd/psd_ws/install/ign_ros2_control_demos/share/ign_ros2_control_demos/package.dsv
[0.213s] -- Up-to-date: /home/psd/psd_ws/install/ign_ros2_control_demos/share/ament_index/resource_index/packages/ign_ros2_control_demos
[0.213s] -- Up-to-date: /home/psd/psd_ws/install/ign_ros2_control_demos/share/ign_ros2_control_demos/cmake/ign_ros2_control_demosConfig.cmake
[0.213s] -- Up-to-date: /home/psd/psd_ws/install/ign_ros2_control_demos/share/ign_ros2_control_demos/cmake/ign_ros2_control_demosConfig-version.cmake
[0.213s] -- Up-to-date: /home/psd/psd_ws/install/ign_ros2_control_demos/share/ign_ros2_control_demos/package.xml
[0.213s] Invoked command in '/home/psd/psd_ws/build/ign_ros2_control_demos' returned '0': CMAKE_PREFIX_PATH=/home/psd/psd_ws/install/ign_ros2_control:/home/psd/psd_ws/install/psd_vehicle_bringup:/home/psd/psd_ws/install/psd_vehicle_controller:/home/psd/psd_ws/install/psd_vehicle_description:/home/psd/psd_ws/install/ros_components_description:/home/psd/psd_ws/install/psd_vehicle_interfaces:/home/psd/psd_ws/install/psd_vehicle_hardware_interfaces:/home/psd/psd_ws/install/psd_vehicle_gazebo:/home/psd/psd_ws/install/psd_gazebo_worlds:/home/psd/psd_ws/install/ign_ros2_control_demos:/home/psd/psd_ws/install/core:/opt/ros/humble LD_LIBRARY_PATH=/home/psd/psd_ws/install/ign_ros2_control/lib:/home/psd/psd_ws/install/psd_vehicle_interfaces/lib:/home/psd/psd_ws/install/psd_vehicle_hardware_interfaces/lib:/opt/ros/humble/opt/rviz_ogre_vendor/lib:/opt/ros/humble/lib/x86_64-linux-gnu:/opt/ros/humble/lib /usr/bin/cmake --install /home/psd/psd_ws/build/ign_ros2_control_demos
