-- The C compiler identification is GNU 11.4.0
-- The CXX compiler identification is GNU 11.4.0
-- Detecting C compiler ABI info
-- Detecting C compiler ABI info - done
-- Check for working C compiler: /usr/bin/cc - skipped
-- Detecting C compile features
-- Detecting C compile features - done
-- Detecting CXX compiler ABI info
-- Detecting CXX compiler ABI info - done
-- Check for working CXX compiler: /usr/bin/c++ - skipped
-- Detecting CXX compile features
-- Detecting CXX compile features - done
-- Found ament_cmake: 1.3.8 (/opt/ros/humble/share/ament_cmake/cmake)
-- Found Python3: /usr/bin/python3 (found version "3.10.12") found components: Interpreter 
-- Override CMake install command with custom implementation using symlinks instead of copying resources
-- Configuring done
-- Generating done
-- Build files have been written to: /home/psd/psd_ws/build/psd_vehicle_bringup
-- Install configuration: ""
-- Execute custom install script
-- Symlinking: /home/psd/psd_ws/install/psd_vehicle_bringup/share/psd_vehicle_bringup/config/gazebo_params.yaml
-- Symlinking: /home/psd/psd_ws/install/psd_vehicle_bringup/share/psd_vehicle_bringup/config/joystick.yaml
-- Symlinking: /home/psd/psd_ws/install/psd_vehicle_bringup/share/psd_vehicle_bringup/config/psd_vehicle_controllers.yaml
-- Symlinking: /home/psd/psd_ws/install/psd_vehicle_bringup/share/psd_vehicle_bringup/config/twist_mux.yaml
-- Symlinking: /home/psd/psd_ws/install/psd_vehicle_bringup/share/psd_vehicle_bringup/joystick.launch.py
-- Symlinking: /home/psd/psd_ws/install/psd_vehicle_bringup/share/psd_vehicle_bringup/launch_sim_gazebo.launch.py
-- Symlinking: /home/psd/psd_ws/install/psd_vehicle_bringup/share/psd_vehicle_bringup/psd_vehicle.launch.py
-- Symlinking: /home/psd/psd_ws/install/psd_vehicle_bringup/share/psd_vehicle_bringup/psd_vehicle_ignition.launch.py
-- Symlinking: /home/psd/psd_ws/install/psd_vehicle_bringup/share/psd_vehicle_bringup/rsp.launch.py
-- Symlinking: /home/psd/psd_ws/install/psd_vehicle_bringup/share/ament_index/resource_index/package_run_dependencies/psd_vehicle_bringup
-- Symlinking: /home/psd/psd_ws/install/psd_vehicle_bringup/share/ament_index/resource_index/parent_prefix_path/psd_vehicle_bringup
-- Symlinking: /home/psd/psd_ws/install/psd_vehicle_bringup/share/psd_vehicle_bringup/environment/ament_prefix_path.sh
-- Symlinking: /home/psd/psd_ws/install/psd_vehicle_bringup/share/psd_vehicle_bringup/environment/ament_prefix_path.dsv
-- Symlinking: /home/psd/psd_ws/install/psd_vehicle_bringup/share/psd_vehicle_bringup/environment/path.sh
-- Symlinking: /home/psd/psd_ws/install/psd_vehicle_bringup/share/psd_vehicle_bringup/environment/path.dsv
-- Symlinking: /home/psd/psd_ws/install/psd_vehicle_bringup/share/psd_vehicle_bringup/local_setup.bash
-- Symlinking: /home/psd/psd_ws/install/psd_vehicle_bringup/share/psd_vehicle_bringup/local_setup.sh
-- Symlinking: /home/psd/psd_ws/install/psd_vehicle_bringup/share/psd_vehicle_bringup/local_setup.zsh
-- Symlinking: /home/psd/psd_ws/install/psd_vehicle_bringup/share/psd_vehicle_bringup/local_setup.dsv
-- Symlinking: /home/psd/psd_ws/install/psd_vehicle_bringup/share/psd_vehicle_bringup/package.dsv
-- Symlinking: /home/psd/psd_ws/install/psd_vehicle_bringup/share/ament_index/resource_index/packages/psd_vehicle_bringup
-- Symlinking: /home/psd/psd_ws/install/psd_vehicle_bringup/share/psd_vehicle_bringup/cmake/psd_vehicle_bringupConfig.cmake
-- Symlinking: /home/psd/psd_ws/install/psd_vehicle_bringup/share/psd_vehicle_bringup/cmake/psd_vehicle_bringupConfig-version.cmake
-- Symlinking: /home/psd/psd_ws/install/psd_vehicle_bringup/share/psd_vehicle_bringup/package.xml
