-- Found ament_cmake: 1.3.8 (/opt/ros/humble/share/ament_cmake/cmake)
-- Override CMake install command with custom implementation using symlinks instead of copying resources
-- Found backward_ros: 1.0.2 (/opt/ros/humble/share/backward_ros/cmake)
-- Could NOT find libbfd (missing: LIBBFD_LIBRARY LIBBFD_INCLUDE_DIR) 
-- BACKWARD_HAS_UNWIND=1
-- BACKWARD_HAS_BACKTRACE=0
-- BACKWARD_HAS_BACKTRACE_SYMBOL=0
-- BACKWARD_HAS_DW=1
-- BACKWARD_HAS_BFD=0
-- Found Backward: /opt/ros/humble/share/backward_ros/cmake  
-- Found builtin_interfaces: 1.2.1 (/opt/ros/humble/share/builtin_interfaces/cmake)
-- Found rosidl_generator_c: 3.1.5 (/opt/ros/humble/share/rosidl_generator_c/cmake)
-- Found rosidl_adapter: 3.1.5 (/opt/ros/humble/share/rosidl_adapter/cmake)
-- Found rosidl_generator_cpp: 3.1.5 (/opt/ros/humble/share/rosidl_generator_cpp/cmake)
-- Using all available rosidl_typesupport_c: rosidl_typesupport_fastrtps_c;rosidl_typesupport_introspection_c
-- Using all available rosidl_typesupport_cpp: rosidl_typesupport_fastrtps_cpp;rosidl_typesupport_introspection_cpp
-- Found control_msgs: 4.4.0 (/home/psd/psd_ws/install/control_msgs/share/control_msgs/cmake)
-- Found controller_interface: 2.40.0 (/home/psd/psd_ws/install/controller_interface/share/controller_interface/cmake)
-- Found rmw_implementation_cmake: 6.1.1 (/opt/ros/humble/share/rmw_implementation_cmake/cmake)
-- Found rmw_fastrtps_cpp: 6.2.6 (/opt/ros/humble/share/rmw_fastrtps_cpp/cmake)
-- Found TinyXML2 via Config file: TinyXML2_DIR-NOTFOUND
-- Found TinyXML2 via Config file: TinyXML2_DIR-NOTFOUND
-- Found TinyXML2 via Config file: TinyXML2_DIR-NOTFOUND
-- Found TinyXML2 via Config file: TinyXML2_DIR-NOTFOUND
-- Using RMW implementation 'rmw_fastrtps_cpp' as default
-- Found generate_parameter_library: 0.3.7 (/opt/ros/humble/share/generate_parameter_library/cmake)
-- Found parameter_traits: 0.3.7 (/opt/ros/humble/share/parameter_traits/cmake)
-- Found realtime_tools: 2.5.0 (/home/psd/psd_ws/install/realtime_tools/share/realtime_tools/cmake)
-- Found ament_cmake_gmock: 1.3.8 (/opt/ros/humble/share/ament_cmake_gmock/cmake)
-- Found controller_manager: 2.40.0 (/home/psd/psd_ws/install/controller_manager/share/controller_manager/cmake)
-- Found ros2_control_test_assets: 2.40.0 (/home/psd/psd_ws/install/ros2_control_test_assets/share/ros2_control_test_assets/cmake)
-- Found gmock sources under '/opt/ros/humble/src/gmock_vendor': C++ tests using 'Google Mock' will be built
-- Found ament_cmake_gtest: 1.3.8 (/opt/ros/humble/share/ament_cmake_gtest/cmake)
-- Found gtest sources under '/opt/ros/humble/src/gtest_vendor': C++ tests using 'Google Test' will be built
-- Configuring done
-- Generating done
-- Build files have been written to: /home/psd/psd_ws/build/joint_state_broadcaster
[35m[1mConsolidate compiler generated dependencies of target gmock_main[0m
[35m[1mConsolidate compiler generated dependencies of target gmock[0m
[  8%] Built target joint_state_broadcaster_parameters
[ 16%] [32m[1mLinking CXX static library libgmock_main.a[0m
[35m[1mConsolidate compiler generated dependencies of target joint_state_broadcaster[0m
[ 25%] [32m[1mLinking CXX static library libgmock.a[0m
[ 33%] [32m[1mLinking CXX shared library libjoint_state_broadcaster.so[0m
[ 41%] Built target gmock_main
[ 58%] Built target gmock
[ 66%] Built target joint_state_broadcaster
[35m[1mConsolidate compiler generated dependencies of target test_load_joint_state_broadcaster[0m
[35m[1mConsolidate compiler generated dependencies of target test_joint_state_broadcaster[0m
[ 75%] [32mBuilding CXX object CMakeFiles/test_load_joint_state_broadcaster.dir/test/test_load_joint_state_broadcaster.cpp.o[0m
[ 83%] [32m[1mLinking CXX executable test_joint_state_broadcaster[0m
[ 91%] Built target test_joint_state_broadcaster
[100%] [32m[1mLinking CXX executable test_load_joint_state_broadcaster[0m
[100%] Built target test_load_joint_state_broadcaster
-- Install configuration: ""
-- Execute custom install script
-- Up-to-date symlink: /home/psd/psd_ws/install/joint_state_broadcaster/include/joint_state_broadcaster_parameters/joint_state_broadcaster_parameters.hpp
-- Up-to-date symlink: /home/psd/psd_ws/install/joint_state_broadcaster/share/joint_state_broadcaster//joint_state_plugin.xml
-- Up-to-date symlink: /home/psd/psd_ws/install/joint_state_broadcaster/include/joint_state_broadcaster/joint_state_broadcaster/joint_state_broadcaster.hpp
-- Up-to-date symlink: /home/psd/psd_ws/install/joint_state_broadcaster/include/joint_state_broadcaster/joint_state_broadcaster/visibility_control.h
-- Up-to-date symlink: /home/psd/psd_ws/install/joint_state_broadcaster/share/joint_state_broadcaster/environment/library_path.sh
-- Up-to-date symlink: /home/psd/psd_ws/install/joint_state_broadcaster/share/joint_state_broadcaster/environment/library_path.dsv
-- Up-to-date symlink: /home/psd/psd_ws/install/joint_state_broadcaster/share/ament_index/resource_index/package_run_dependencies/joint_state_broadcaster
-- Up-to-date symlink: /home/psd/psd_ws/install/joint_state_broadcaster/share/ament_index/resource_index/parent_prefix_path/joint_state_broadcaster
-- Up-to-date symlink: /home/psd/psd_ws/install/joint_state_broadcaster/share/joint_state_broadcaster/environment/ament_prefix_path.sh
-- Up-to-date symlink: /home/psd/psd_ws/install/joint_state_broadcaster/share/joint_state_broadcaster/environment/ament_prefix_path.dsv
-- Up-to-date symlink: /home/psd/psd_ws/install/joint_state_broadcaster/share/joint_state_broadcaster/environment/path.sh
-- Up-to-date symlink: /home/psd/psd_ws/install/joint_state_broadcaster/share/joint_state_broadcaster/environment/path.dsv
-- Up-to-date symlink: /home/psd/psd_ws/install/joint_state_broadcaster/share/joint_state_broadcaster/local_setup.bash
-- Up-to-date symlink: /home/psd/psd_ws/install/joint_state_broadcaster/share/joint_state_broadcaster/local_setup.sh
-- Up-to-date symlink: /home/psd/psd_ws/install/joint_state_broadcaster/share/joint_state_broadcaster/local_setup.zsh
-- Up-to-date symlink: /home/psd/psd_ws/install/joint_state_broadcaster/share/joint_state_broadcaster/local_setup.dsv
-- Symlinking: /home/psd/psd_ws/install/joint_state_broadcaster/share/joint_state_broadcaster/package.dsv
-- Up-to-date symlink: /home/psd/psd_ws/install/joint_state_broadcaster/share/ament_index/resource_index/packages/joint_state_broadcaster
-- Up-to-date symlink: /home/psd/psd_ws/install/joint_state_broadcaster/share/ament_index/resource_index/controller_interface__pluginlib__plugin/joint_state_broadcaster
-- Up-to-date symlink: /home/psd/psd_ws/install/joint_state_broadcaster/share/joint_state_broadcaster/cmake/ament_cmake_export_targets-extras.cmake
-- Up-to-date symlink: /home/psd/psd_ws/install/joint_state_broadcaster/share/joint_state_broadcaster/cmake/ament_cmake_export_dependencies-extras.cmake
-- Up-to-date symlink: /home/psd/psd_ws/install/joint_state_broadcaster/share/joint_state_broadcaster/cmake/joint_state_broadcasterConfig.cmake
-- Up-to-date symlink: /home/psd/psd_ws/install/joint_state_broadcaster/share/joint_state_broadcaster/cmake/joint_state_broadcasterConfig-version.cmake
-- Up-to-date symlink: /home/psd/psd_ws/install/joint_state_broadcaster/share/joint_state_broadcaster/package.xml
-- Installing: /home/psd/psd_ws/install/joint_state_broadcaster/lib/libjoint_state_broadcaster.so
-- Set runtime path of "/home/psd/psd_ws/install/joint_state_broadcaster/lib/libjoint_state_broadcaster.so" to ""
-- Up-to-date: /home/psd/psd_ws/install/joint_state_broadcaster/share/joint_state_broadcaster/cmake/export_joint_state_broadcasterExport.cmake
-- Up-to-date: /home/psd/psd_ws/install/joint_state_broadcaster/share/joint_state_broadcaster/cmake/export_joint_state_broadcasterExport-noconfig.cmake
