[0.037s] Invoking command in '/home/psd/psd_ws/build/joint_state_broadcaster': AMENT_PREFIX_PATH=/home/psd/psd_ws/install/controller_manager:/home/psd/psd_ws/install/hardware_interface_testing:/home/psd/psd_ws/install/controller_interface:/home/psd/psd_ws/install/hardware_interface:/home/psd/psd_ws/install/ros2_control_test_assets:/home/psd/psd_ws/install/realtime_tools:/home/psd/psd_ws/install/controller_manager_msgs:/home/psd/psd_ws/install/control_msgs:${AMENT_PREFIX_PATH} CMAKE_PREFIX_PATH=/home/psd/psd_ws/install/controller_manager:/home/psd/psd_ws/install/hardware_interface_testing:/home/psd/psd_ws/install/controller_interface:/home/psd/psd_ws/install/hardware_interface:/home/psd/psd_ws/install/ros2_control_test_assets:/home/psd/psd_ws/install/realtime_tools:/home/psd/psd_ws/install/controller_manager_msgs:/home/psd/psd_ws/install/control_msgs:/opt/ros/humble LD_LIBRARY_PATH=/home/psd/psd_ws/install/controller_manager/lib:/home/psd/psd_ws/install/hardware_interface_testing/lib:/home/psd/psd_ws/install/controller_interface/lib:/home/psd/psd_ws/install/hardware_interface/lib:/home/psd/psd_ws/install/realtime_tools/lib:/home/psd/psd_ws/install/controller_manager_msgs/lib:/home/psd/psd_ws/install/control_msgs/lib:${LD_LIBRARY_PATH} PYTHONPATH=/home/psd/psd_ws/install/controller_manager/local/lib/python3.10/dist-packages:/home/psd/psd_ws/install/controller_manager_msgs/local/lib/python3.10/dist-packages:/home/psd/psd_ws/install/control_msgs/local/lib/python3.10/dist-packages:${PYTHONPATH} /usr/bin/cmake /home/psd/psd_ws/src/ros-controls/ros2_controllers/joint_state_broadcaster -DAMENT_CMAKE_SYMLINK_INSTALL=1 -DCMAKE_INSTALL_PREFIX=/home/psd/psd_ws/install/joint_state_broadcaster
[0.180s] -- Found ament_cmake: 1.3.8 (/opt/ros/humble/share/ament_cmake/cmake)
[0.181s] -- Override CMake install command with custom implementation using symlinks instead of copying resources
[0.181s] -- Found backward_ros: 1.0.2 (/opt/ros/humble/share/backward_ros/cmake)
[0.182s] -- Could NOT find libbfd (missing: LIBBFD_LIBRARY LIBBFD_INCLUDE_DIR) 
[0.182s] -- BACKWARD_HAS_UNWIND=1
[0.182s] -- BACKWARD_HAS_BACKTRACE=0
[0.182s] -- BACKWARD_HAS_BACKTRACE_SYMBOL=0
[0.182s] -- BACKWARD_HAS_DW=1
[0.182s] -- BACKWARD_HAS_BFD=0
[0.182s] -- Found Backward: /opt/ros/humble/share/backward_ros/cmake  
[0.183s] -- Found builtin_interfaces: 1.2.1 (/opt/ros/humble/share/builtin_interfaces/cmake)
[0.183s] -- Found rosidl_generator_c: 3.1.5 (/opt/ros/humble/share/rosidl_generator_c/cmake)
[0.183s] -- Found rosidl_adapter: 3.1.5 (/opt/ros/humble/share/rosidl_adapter/cmake)
[0.183s] -- Found rosidl_generator_cpp: 3.1.5 (/opt/ros/humble/share/rosidl_generator_cpp/cmake)
[0.184s] -- Using all available rosidl_typesupport_c: rosidl_typesupport_fastrtps_c;rosidl_typesupport_introspection_c
[0.184s] -- Using all available rosidl_typesupport_cpp: rosidl_typesupport_fastrtps_cpp;rosidl_typesupport_introspection_cpp
[0.184s] -- Found control_msgs: 4.4.0 (/home/psd/psd_ws/install/control_msgs/share/control_msgs/cmake)
[0.745s] -- Found controller_interface: 2.40.0 (/home/psd/psd_ws/install/controller_interface/share/controller_interface/cmake)
[0.847s] -- Found rmw_implementation_cmake: 6.1.1 (/opt/ros/humble/share/rmw_implementation_cmake/cmake)
[0.849s] -- Found rmw_fastrtps_cpp: 6.2.6 (/opt/ros/humble/share/rmw_fastrtps_cpp/cmake)
[0.882s] -- Found TinyXML2 via Config file: TinyXML2_DIR-NOTFOUND
[0.891s] -- Found TinyXML2 via Config file: TinyXML2_DIR-NOTFOUND
[0.909s] -- Found TinyXML2 via Config file: TinyXML2_DIR-NOTFOUND
[0.917s] -- Found TinyXML2 via Config file: TinyXML2_DIR-NOTFOUND
[0.927s] -- Using RMW implementation 'rmw_fastrtps_cpp' as default
[1.196s] -- Found generate_parameter_library: 0.3.7 (/opt/ros/humble/share/generate_parameter_library/cmake)
[1.196s] -- Found parameter_traits: 0.3.7 (/opt/ros/humble/share/parameter_traits/cmake)
[1.212s] -- Found realtime_tools: 2.5.0 (/home/psd/psd_ws/install/realtime_tools/share/realtime_tools/cmake)
[1.326s] -- Found ament_cmake_gmock: 1.3.8 (/opt/ros/humble/share/ament_cmake_gmock/cmake)
[1.326s] -- Found controller_manager: 2.40.0 (/home/psd/psd_ws/install/controller_manager/share/controller_manager/cmake)
[1.596s] -- Found ros2_control_test_assets: 2.40.0 (/home/psd/psd_ws/install/ros2_control_test_assets/share/ros2_control_test_assets/cmake)
[1.597s] -- Found gmock sources under '/opt/ros/humble/src/gmock_vendor': C++ tests using 'Google Mock' will be built
[1.601s] -- Found ament_cmake_gtest: 1.3.8 (/opt/ros/humble/share/ament_cmake_gtest/cmake)
[1.601s] -- Found gtest sources under '/opt/ros/humble/src/gtest_vendor': C++ tests using 'Google Test' will be built
[2.340s] -- Configuring done
[2.419s] -- Generating done
[2.422s] -- Build files have been written to: /home/psd/psd_ws/build/joint_state_broadcaster
[2.435s] Invoked command in '/home/psd/psd_ws/build/joint_state_broadcaster' returned '0': AMENT_PREFIX_PATH=/home/psd/psd_ws/install/controller_manager:/home/psd/psd_ws/install/hardware_interface_testing:/home/psd/psd_ws/install/controller_interface:/home/psd/psd_ws/install/hardware_interface:/home/psd/psd_ws/install/ros2_control_test_assets:/home/psd/psd_ws/install/realtime_tools:/home/psd/psd_ws/install/controller_manager_msgs:/home/psd/psd_ws/install/control_msgs:${AMENT_PREFIX_PATH} CMAKE_PREFIX_PATH=/home/psd/psd_ws/install/controller_manager:/home/psd/psd_ws/install/hardware_interface_testing:/home/psd/psd_ws/install/controller_interface:/home/psd/psd_ws/install/hardware_interface:/home/psd/psd_ws/install/ros2_control_test_assets:/home/psd/psd_ws/install/realtime_tools:/home/psd/psd_ws/install/controller_manager_msgs:/home/psd/psd_ws/install/control_msgs:/opt/ros/humble LD_LIBRARY_PATH=/home/psd/psd_ws/install/controller_manager/lib:/home/psd/psd_ws/install/hardware_interface_testing/lib:/home/psd/psd_ws/install/controller_interface/lib:/home/psd/psd_ws/install/hardware_interface/lib:/home/psd/psd_ws/install/realtime_tools/lib:/home/psd/psd_ws/install/controller_manager_msgs/lib:/home/psd/psd_ws/install/control_msgs/lib:${LD_LIBRARY_PATH} PYTHONPATH=/home/psd/psd_ws/install/controller_manager/local/lib/python3.10/dist-packages:/home/psd/psd_ws/install/controller_manager_msgs/local/lib/python3.10/dist-packages:/home/psd/psd_ws/install/control_msgs/local/lib/python3.10/dist-packages:${PYTHONPATH} /usr/bin/cmake /home/psd/psd_ws/src/ros-controls/ros2_controllers/joint_state_broadcaster -DAMENT_CMAKE_SYMLINK_INSTALL=1 -DCMAKE_INSTALL_PREFIX=/home/psd/psd_ws/install/joint_state_broadcaster
[2.436s] Invoking command in '/home/psd/psd_ws/build/joint_state_broadcaster': AMENT_PREFIX_PATH=/home/psd/psd_ws/install/controller_manager:/home/psd/psd_ws/install/hardware_interface_testing:/home/psd/psd_ws/install/controller_interface:/home/psd/psd_ws/install/hardware_interface:/home/psd/psd_ws/install/ros2_control_test_assets:/home/psd/psd_ws/install/realtime_tools:/home/psd/psd_ws/install/controller_manager_msgs:/home/psd/psd_ws/install/control_msgs:${AMENT_PREFIX_PATH} CMAKE_PREFIX_PATH=/home/psd/psd_ws/install/controller_manager:/home/psd/psd_ws/install/hardware_interface_testing:/home/psd/psd_ws/install/controller_interface:/home/psd/psd_ws/install/hardware_interface:/home/psd/psd_ws/install/ros2_control_test_assets:/home/psd/psd_ws/install/realtime_tools:/home/psd/psd_ws/install/controller_manager_msgs:/home/psd/psd_ws/install/control_msgs:/opt/ros/humble LD_LIBRARY_PATH=/home/psd/psd_ws/install/controller_manager/lib:/home/psd/psd_ws/install/hardware_interface_testing/lib:/home/psd/psd_ws/install/controller_interface/lib:/home/psd/psd_ws/install/hardware_interface/lib:/home/psd/psd_ws/install/realtime_tools/lib:/home/psd/psd_ws/install/controller_manager_msgs/lib:/home/psd/psd_ws/install/control_msgs/lib:${LD_LIBRARY_PATH} PYTHONPATH=/home/psd/psd_ws/install/controller_manager/local/lib/python3.10/dist-packages:/home/psd/psd_ws/install/controller_manager_msgs/local/lib/python3.10/dist-packages:/home/psd/psd_ws/install/control_msgs/local/lib/python3.10/dist-packages:${PYTHONPATH} /usr/bin/cmake --build /home/psd/psd_ws/build/joint_state_broadcaster -- -j20 -l20
[2.523s] [35m[1mConsolidate compiler generated dependencies of target gmock_main[0m
[2.533s] [35m[1mConsolidate compiler generated dependencies of target gmock[0m
[2.544s] [  8%] Built target joint_state_broadcaster_parameters
[2.578s] [ 16%] [32m[1mLinking CXX static library libgmock_main.a[0m
[2.583s] [35m[1mConsolidate compiler generated dependencies of target joint_state_broadcaster[0m
[2.596s] [ 25%] [32m[1mLinking CXX static library libgmock.a[0m
[2.624s] [ 33%] [32m[1mLinking CXX shared library libjoint_state_broadcaster.so[0m
[2.671s] [ 41%] Built target gmock_main
[2.781s] [ 58%] Built target gmock
[3.073s] [ 66%] Built target joint_state_broadcaster
[3.105s] [35m[1mConsolidate compiler generated dependencies of target test_load_joint_state_broadcaster[0m
[3.124s] [35m[1mConsolidate compiler generated dependencies of target test_joint_state_broadcaster[0m
[3.145s] [ 75%] [32mBuilding CXX object CMakeFiles/test_load_joint_state_broadcaster.dir/test/test_load_joint_state_broadcaster.cpp.o[0m
[3.154s] [ 83%] [32m[1mLinking CXX executable test_joint_state_broadcaster[0m
[4.896s] [ 91%] Built target test_joint_state_broadcaster
[10.126s] [100%] [32m[1mLinking CXX executable test_load_joint_state_broadcaster[0m
[10.958s] [100%] Built target test_load_joint_state_broadcaster
[10.970s] Invoked command in '/home/psd/psd_ws/build/joint_state_broadcaster' returned '0': AMENT_PREFIX_PATH=/home/psd/psd_ws/install/controller_manager:/home/psd/psd_ws/install/hardware_interface_testing:/home/psd/psd_ws/install/controller_interface:/home/psd/psd_ws/install/hardware_interface:/home/psd/psd_ws/install/ros2_control_test_assets:/home/psd/psd_ws/install/realtime_tools:/home/psd/psd_ws/install/controller_manager_msgs:/home/psd/psd_ws/install/control_msgs:${AMENT_PREFIX_PATH} CMAKE_PREFIX_PATH=/home/psd/psd_ws/install/controller_manager:/home/psd/psd_ws/install/hardware_interface_testing:/home/psd/psd_ws/install/controller_interface:/home/psd/psd_ws/install/hardware_interface:/home/psd/psd_ws/install/ros2_control_test_assets:/home/psd/psd_ws/install/realtime_tools:/home/psd/psd_ws/install/controller_manager_msgs:/home/psd/psd_ws/install/control_msgs:/opt/ros/humble LD_LIBRARY_PATH=/home/psd/psd_ws/install/controller_manager/lib:/home/psd/psd_ws/install/hardware_interface_testing/lib:/home/psd/psd_ws/install/controller_interface/lib:/home/psd/psd_ws/install/hardware_interface/lib:/home/psd/psd_ws/install/realtime_tools/lib:/home/psd/psd_ws/install/controller_manager_msgs/lib:/home/psd/psd_ws/install/control_msgs/lib:${LD_LIBRARY_PATH} PYTHONPATH=/home/psd/psd_ws/install/controller_manager/local/lib/python3.10/dist-packages:/home/psd/psd_ws/install/controller_manager_msgs/local/lib/python3.10/dist-packages:/home/psd/psd_ws/install/control_msgs/local/lib/python3.10/dist-packages:${PYTHONPATH} /usr/bin/cmake --build /home/psd/psd_ws/build/joint_state_broadcaster -- -j20 -l20
[10.991s] Invoking command in '/home/psd/psd_ws/build/joint_state_broadcaster': AMENT_PREFIX_PATH=/home/psd/psd_ws/install/controller_manager:/home/psd/psd_ws/install/hardware_interface_testing:/home/psd/psd_ws/install/controller_interface:/home/psd/psd_ws/install/hardware_interface:/home/psd/psd_ws/install/ros2_control_test_assets:/home/psd/psd_ws/install/realtime_tools:/home/psd/psd_ws/install/controller_manager_msgs:/home/psd/psd_ws/install/control_msgs:${AMENT_PREFIX_PATH} CMAKE_PREFIX_PATH=/home/psd/psd_ws/install/controller_manager:/home/psd/psd_ws/install/hardware_interface_testing:/home/psd/psd_ws/install/controller_interface:/home/psd/psd_ws/install/hardware_interface:/home/psd/psd_ws/install/ros2_control_test_assets:/home/psd/psd_ws/install/realtime_tools:/home/psd/psd_ws/install/controller_manager_msgs:/home/psd/psd_ws/install/control_msgs:/opt/ros/humble LD_LIBRARY_PATH=/home/psd/psd_ws/install/controller_manager/lib:/home/psd/psd_ws/install/hardware_interface_testing/lib:/home/psd/psd_ws/install/controller_interface/lib:/home/psd/psd_ws/install/hardware_interface/lib:/home/psd/psd_ws/install/realtime_tools/lib:/home/psd/psd_ws/install/controller_manager_msgs/lib:/home/psd/psd_ws/install/control_msgs/lib:${LD_LIBRARY_PATH} PYTHONPATH=/home/psd/psd_ws/install/controller_manager/local/lib/python3.10/dist-packages:/home/psd/psd_ws/install/controller_manager_msgs/local/lib/python3.10/dist-packages:/home/psd/psd_ws/install/control_msgs/local/lib/python3.10/dist-packages:${PYTHONPATH} /usr/bin/cmake --install /home/psd/psd_ws/build/joint_state_broadcaster
[11.000s] -- Install configuration: ""
[11.000s] -- Execute custom install script
[11.001s] -- Up-to-date symlink: /home/psd/psd_ws/install/joint_state_broadcaster/include/joint_state_broadcaster_parameters/joint_state_broadcaster_parameters.hpp
[11.001s] -- Up-to-date symlink: /home/psd/psd_ws/install/joint_state_broadcaster/share/joint_state_broadcaster//joint_state_plugin.xml
[11.001s] -- Up-to-date symlink: /home/psd/psd_ws/install/joint_state_broadcaster/include/joint_state_broadcaster/joint_state_broadcaster/joint_state_broadcaster.hpp
[11.002s] -- Up-to-date symlink: /home/psd/psd_ws/install/joint_state_broadcaster/include/joint_state_broadcaster/joint_state_broadcaster/visibility_control.h
[11.002s] -- Up-to-date symlink: /home/psd/psd_ws/install/joint_state_broadcaster/share/joint_state_broadcaster/environment/library_path.sh
[11.002s] -- Up-to-date symlink: /home/psd/psd_ws/install/joint_state_broadcaster/share/joint_state_broadcaster/environment/library_path.dsv
[11.002s] -- Up-to-date symlink: /home/psd/psd_ws/install/joint_state_broadcaster/share/ament_index/resource_index/package_run_dependencies/joint_state_broadcaster
[11.002s] -- Up-to-date symlink: /home/psd/psd_ws/install/joint_state_broadcaster/share/ament_index/resource_index/parent_prefix_path/joint_state_broadcaster
[11.003s] -- Up-to-date symlink: /home/psd/psd_ws/install/joint_state_broadcaster/share/joint_state_broadcaster/environment/ament_prefix_path.sh
[11.003s] -- Up-to-date symlink: /home/psd/psd_ws/install/joint_state_broadcaster/share/joint_state_broadcaster/environment/ament_prefix_path.dsv
[11.003s] -- Up-to-date symlink: /home/psd/psd_ws/install/joint_state_broadcaster/share/joint_state_broadcaster/environment/path.sh
[11.003s] -- Up-to-date symlink: /home/psd/psd_ws/install/joint_state_broadcaster/share/joint_state_broadcaster/environment/path.dsv
[11.003s] -- Up-to-date symlink: /home/psd/psd_ws/install/joint_state_broadcaster/share/joint_state_broadcaster/local_setup.bash
[11.003s] -- Up-to-date symlink: /home/psd/psd_ws/install/joint_state_broadcaster/share/joint_state_broadcaster/local_setup.sh
[11.004s] -- Up-to-date symlink: /home/psd/psd_ws/install/joint_state_broadcaster/share/joint_state_broadcaster/local_setup.zsh
[11.004s] -- Up-to-date symlink: /home/psd/psd_ws/install/joint_state_broadcaster/share/joint_state_broadcaster/local_setup.dsv
[11.004s] -- Symlinking: /home/psd/psd_ws/install/joint_state_broadcaster/share/joint_state_broadcaster/package.dsv
[11.014s] -- Up-to-date symlink: /home/psd/psd_ws/install/joint_state_broadcaster/share/ament_index/resource_index/packages/joint_state_broadcaster
[11.014s] -- Up-to-date symlink: /home/psd/psd_ws/install/joint_state_broadcaster/share/ament_index/resource_index/controller_interface__pluginlib__plugin/joint_state_broadcaster
[11.014s] -- Up-to-date symlink: /home/psd/psd_ws/install/joint_state_broadcaster/share/joint_state_broadcaster/cmake/ament_cmake_export_targets-extras.cmake
[11.015s] -- Up-to-date symlink: /home/psd/psd_ws/install/joint_state_broadcaster/share/joint_state_broadcaster/cmake/ament_cmake_export_dependencies-extras.cmake
[11.015s] -- Up-to-date symlink: /home/psd/psd_ws/install/joint_state_broadcaster/share/joint_state_broadcaster/cmake/joint_state_broadcasterConfig.cmake
[11.015s] -- Up-to-date symlink: /home/psd/psd_ws/install/joint_state_broadcaster/share/joint_state_broadcaster/cmake/joint_state_broadcasterConfig-version.cmake
[11.015s] -- Up-to-date symlink: /home/psd/psd_ws/install/joint_state_broadcaster/share/joint_state_broadcaster/package.xml
[11.016s] -- Installing: /home/psd/psd_ws/install/joint_state_broadcaster/lib/libjoint_state_broadcaster.so
[11.020s] -- Set runtime path of "/home/psd/psd_ws/install/joint_state_broadcaster/lib/libjoint_state_broadcaster.so" to ""
[11.020s] -- Up-to-date: /home/psd/psd_ws/install/joint_state_broadcaster/share/joint_state_broadcaster/cmake/export_joint_state_broadcasterExport.cmake
[11.020s] -- Up-to-date: /home/psd/psd_ws/install/joint_state_broadcaster/share/joint_state_broadcaster/cmake/export_joint_state_broadcasterExport-noconfig.cmake
[11.022s] Invoked command in '/home/psd/psd_ws/build/joint_state_broadcaster' returned '0': AMENT_PREFIX_PATH=/home/psd/psd_ws/install/controller_manager:/home/psd/psd_ws/install/hardware_interface_testing:/home/psd/psd_ws/install/controller_interface:/home/psd/psd_ws/install/hardware_interface:/home/psd/psd_ws/install/ros2_control_test_assets:/home/psd/psd_ws/install/realtime_tools:/home/psd/psd_ws/install/controller_manager_msgs:/home/psd/psd_ws/install/control_msgs:${AMENT_PREFIX_PATH} CMAKE_PREFIX_PATH=/home/psd/psd_ws/install/controller_manager:/home/psd/psd_ws/install/hardware_interface_testing:/home/psd/psd_ws/install/controller_interface:/home/psd/psd_ws/install/hardware_interface:/home/psd/psd_ws/install/ros2_control_test_assets:/home/psd/psd_ws/install/realtime_tools:/home/psd/psd_ws/install/controller_manager_msgs:/home/psd/psd_ws/install/control_msgs:/opt/ros/humble LD_LIBRARY_PATH=/home/psd/psd_ws/install/controller_manager/lib:/home/psd/psd_ws/install/hardware_interface_testing/lib:/home/psd/psd_ws/install/controller_interface/lib:/home/psd/psd_ws/install/hardware_interface/lib:/home/psd/psd_ws/install/realtime_tools/lib:/home/psd/psd_ws/install/controller_manager_msgs/lib:/home/psd/psd_ws/install/control_msgs/lib:${LD_LIBRARY_PATH} PYTHONPATH=/home/psd/psd_ws/install/controller_manager/local/lib/python3.10/dist-packages:/home/psd/psd_ws/install/controller_manager_msgs/local/lib/python3.10/dist-packages:/home/psd/psd_ws/install/control_msgs/local/lib/python3.10/dist-packages:${PYTHONPATH} /usr/bin/cmake --install /home/psd/psd_ws/build/joint_state_broadcaster
