[0.010s] Invoking command in '/home/psd/psd_ws/build/controller_interface': AMENT_PREFIX_PATH=/home/psd/psd_ws/install/hardware_interface:/home/psd/psd_ws/install/control_msgs:${AMENT_PREFIX_PATH} CMAKE_PREFIX_PATH=/home/psd/psd_ws/install/hardware_interface:/home/psd/psd_ws/install/control_msgs:/opt/ros/humble LD_LIBRARY_PATH=/home/psd/psd_ws/install/hardware_interface/lib:/home/psd/psd_ws/install/control_msgs/lib:${LD_LIBRARY_PATH} PYTHONPATH=/home/psd/psd_ws/install/control_msgs/local/lib/python3.10/dist-packages:${PYTHONPATH} /usr/bin/cmake --build /home/psd/psd_ws/build/controller_interface -- -j20 -l20
[0.045s] [  9%] Built target gmock_main
[0.050s] [ 28%] Built target controller_interface
[0.051s] [ 42%] Built target gmock
[0.072s] [ 52%] Built target test_imu_sensor
[0.076s] [ 61%] Built target test_force_torque_sensor
[0.078s] [ 71%] Built target test_semantic_component_interface
[0.079s] [ 80%] Built target test_controller_interface
[0.080s] [ 90%] Built target test_controller_with_options
[0.083s] [100%] Built target test_chainable_controller_interface
[0.092s] Invoked command in '/home/psd/psd_ws/build/controller_interface' returned '0': AMENT_PREFIX_PATH=/home/psd/psd_ws/install/hardware_interface:/home/psd/psd_ws/install/control_msgs:${AMENT_PREFIX_PATH} CMAKE_PREFIX_PATH=/home/psd/psd_ws/install/hardware_interface:/home/psd/psd_ws/install/control_msgs:/opt/ros/humble LD_LIBRARY_PATH=/home/psd/psd_ws/install/hardware_interface/lib:/home/psd/psd_ws/install/control_msgs/lib:${LD_LIBRARY_PATH} PYTHONPATH=/home/psd/psd_ws/install/control_msgs/local/lib/python3.10/dist-packages:${PYTHONPATH} /usr/bin/cmake --build /home/psd/psd_ws/build/controller_interface -- -j20 -l20
[0.127s] Invoking command in '/home/psd/psd_ws/build/controller_interface': AMENT_PREFIX_PATH=/home/psd/psd_ws/install/hardware_interface:/home/psd/psd_ws/install/control_msgs:${AMENT_PREFIX_PATH} CMAKE_PREFIX_PATH=/home/psd/psd_ws/install/hardware_interface:/home/psd/psd_ws/install/control_msgs:/opt/ros/humble LD_LIBRARY_PATH=/home/psd/psd_ws/install/hardware_interface/lib:/home/psd/psd_ws/install/control_msgs/lib:${LD_LIBRARY_PATH} PYTHONPATH=/home/psd/psd_ws/install/control_msgs/local/lib/python3.10/dist-packages:${PYTHONPATH} /usr/bin/cmake --install /home/psd/psd_ws/build/controller_interface
[0.132s] -- Install configuration: ""
[0.133s] -- Up-to-date: /home/psd/psd_ws/install/controller_interface/include
[0.133s] -- Up-to-date: /home/psd/psd_ws/install/controller_interface/include/semantic_components
[0.133s] -- Up-to-date: /home/psd/psd_ws/install/controller_interface/include/semantic_components/range_sensor.hpp
[0.133s] -- Up-to-date: /home/psd/psd_ws/install/controller_interface/include/semantic_components/force_torque_sensor.hpp
[0.133s] -- Up-to-date: /home/psd/psd_ws/install/controller_interface/include/semantic_components/semantic_component_interface.hpp
[0.133s] -- Up-to-date: /home/psd/psd_ws/install/controller_interface/include/semantic_components/imu_sensor.hpp
[0.133s] -- Up-to-date: /home/psd/psd_ws/install/controller_interface/include/controller_interface
[0.133s] -- Up-to-date: /home/psd/psd_ws/install/controller_interface/include/controller_interface/controller_interface_base.hpp
[0.133s] -- Up-to-date: /home/psd/psd_ws/install/controller_interface/include/controller_interface/helpers.hpp
[0.133s] -- Up-to-date: /home/psd/psd_ws/install/controller_interface/include/controller_interface/controller_interface.hpp
[0.133s] -- Up-to-date: /home/psd/psd_ws/install/controller_interface/include/controller_interface/visibility_control.h
[0.133s] -- Up-to-date: /home/psd/psd_ws/install/controller_interface/include/controller_interface/chainable_controller_interface.hpp
[0.133s] -- Up-to-date: /home/psd/psd_ws/install/controller_interface/lib/libcontroller_interface.so
[0.133s] -- Up-to-date: /home/psd/psd_ws/install/controller_interface/share/controller_interface/environment/library_path.sh
[0.133s] -- Up-to-date: /home/psd/psd_ws/install/controller_interface/share/controller_interface/environment/library_path.dsv
[0.133s] -- Up-to-date: /home/psd/psd_ws/install/controller_interface/share/ament_index/resource_index/package_run_dependencies/controller_interface
[0.134s] -- Up-to-date: /home/psd/psd_ws/install/controller_interface/share/ament_index/resource_index/parent_prefix_path/controller_interface
[0.134s] -- Up-to-date: /home/psd/psd_ws/install/controller_interface/share/controller_interface/environment/ament_prefix_path.sh
[0.134s] -- Up-to-date: /home/psd/psd_ws/install/controller_interface/share/controller_interface/environment/ament_prefix_path.dsv
[0.134s] -- Up-to-date: /home/psd/psd_ws/install/controller_interface/share/controller_interface/environment/path.sh
[0.134s] -- Up-to-date: /home/psd/psd_ws/install/controller_interface/share/controller_interface/environment/path.dsv
[0.134s] -- Up-to-date: /home/psd/psd_ws/install/controller_interface/share/controller_interface/local_setup.bash
[0.134s] -- Up-to-date: /home/psd/psd_ws/install/controller_interface/share/controller_interface/local_setup.sh
[0.134s] -- Up-to-date: /home/psd/psd_ws/install/controller_interface/share/controller_interface/local_setup.zsh
[0.134s] -- Up-to-date: /home/psd/psd_ws/install/controller_interface/share/controller_interface/local_setup.dsv
[0.134s] -- Installing: /home/psd/psd_ws/install/controller_interface/share/controller_interface/package.dsv
[0.134s] -- Up-to-date: /home/psd/psd_ws/install/controller_interface/share/ament_index/resource_index/packages/controller_interface
[0.134s] -- Up-to-date: /home/psd/psd_ws/install/controller_interface/share/controller_interface/cmake/ament_cmake_export_dependencies-extras.cmake
[0.134s] -- Up-to-date: /home/psd/psd_ws/install/controller_interface/share/controller_interface/cmake/ament_cmake_export_include_directories-extras.cmake
[0.134s] -- Up-to-date: /home/psd/psd_ws/install/controller_interface/share/controller_interface/cmake/ament_cmake_export_libraries-extras.cmake
[0.134s] -- Up-to-date: /home/psd/psd_ws/install/controller_interface/share/controller_interface/cmake/controller_interfaceConfig.cmake
[0.134s] -- Up-to-date: /home/psd/psd_ws/install/controller_interface/share/controller_interface/cmake/controller_interfaceConfig-version.cmake
[0.134s] -- Up-to-date: /home/psd/psd_ws/install/controller_interface/share/controller_interface/package.xml
[0.137s] Invoked command in '/home/psd/psd_ws/build/controller_interface' returned '0': AMENT_PREFIX_PATH=/home/psd/psd_ws/install/hardware_interface:/home/psd/psd_ws/install/control_msgs:${AMENT_PREFIX_PATH} CMAKE_PREFIX_PATH=/home/psd/psd_ws/install/hardware_interface:/home/psd/psd_ws/install/control_msgs:/opt/ros/humble LD_LIBRARY_PATH=/home/psd/psd_ws/install/hardware_interface/lib:/home/psd/psd_ws/install/control_msgs/lib:${LD_LIBRARY_PATH} PYTHONPATH=/home/psd/psd_ws/install/control_msgs/local/lib/python3.10/dist-packages:${PYTHONPATH} /usr/bin/cmake --install /home/psd/psd_ws/build/controller_interface
