[0.220s] Invoking command in '/home/psd/psd_ws/build/core': CMAKE_PREFIX_PATH=${CMAKE_PREFIX_PATH}:/home/psd/psd_ws/install/rqt_joint_trajectory_controller:/home/psd/psd_ws/install/rqt_controller_manager:/home/psd/psd_ws/install/ros2controlcli:/home/psd/psd_ws/install/ros2_controllers_test_nodes:/opt/ros/humble /usr/bin/cmake --build /home/psd/psd_ws/build/core -- -j20 -l20
[0.295s] Invoked command in '/home/psd/psd_ws/build/core' returned '0': CMAKE_PREFIX_PATH=${CMAKE_PREFIX_PATH}:/home/psd/psd_ws/install/rqt_joint_trajectory_controller:/home/psd/psd_ws/install/rqt_controller_manager:/home/psd/psd_ws/install/ros2controlcli:/home/psd/psd_ws/install/ros2_controllers_test_nodes:/opt/ros/humble /usr/bin/cmake --build /home/psd/psd_ws/build/core -- -j20 -l20
[0.359s] Invoking command in '/home/psd/psd_ws/build/core': CMAKE_PREFIX_PATH=${CMAKE_PREFIX_PATH}:/home/psd/psd_ws/install/rqt_joint_trajectory_controller:/home/psd/psd_ws/install/rqt_controller_manager:/home/psd/psd_ws/install/ros2controlcli:/home/psd/psd_ws/install/ros2_controllers_test_nodes:/opt/ros/humble /usr/bin/cmake --install /home/psd/psd_ws/build/core
[0.372s] -- Install configuration: ""
[0.372s] -- Up-to-date: /home/psd/psd_ws/install/core/share/ament_index/resource_index/package_run_dependencies/core
[0.373s] -- Up-to-date: /home/psd/psd_ws/install/core/share/ament_index/resource_index/parent_prefix_path/core
[0.373s] -- Up-to-date: /home/psd/psd_ws/install/core/share/core/environment/ament_prefix_path.sh
[0.373s] -- Up-to-date: /home/psd/psd_ws/install/core/share/core/environment/ament_prefix_path.dsv
[0.373s] -- Up-to-date: /home/psd/psd_ws/install/core/share/core/environment/path.sh
[0.373s] -- Up-to-date: /home/psd/psd_ws/install/core/share/core/environment/path.dsv
[0.373s] -- Up-to-date: /home/psd/psd_ws/install/core/share/core/local_setup.bash
[0.373s] -- Up-to-date: /home/psd/psd_ws/install/core/share/core/local_setup.sh
[0.373s] -- Up-to-date: /home/psd/psd_ws/install/core/share/core/local_setup.zsh
[0.373s] -- Up-to-date: /home/psd/psd_ws/install/core/share/core/local_setup.dsv
[0.373s] -- Installing: /home/psd/psd_ws/install/core/share/core/package.dsv
[0.373s] -- Up-to-date: /home/psd/psd_ws/install/core/share/ament_index/resource_index/packages/core
[0.373s] -- Up-to-date: /home/psd/psd_ws/install/core/share/core/cmake/coreConfig.cmake
[0.373s] -- Up-to-date: /home/psd/psd_ws/install/core/share/core/cmake/coreConfig-version.cmake
[0.373s] -- Up-to-date: /home/psd/psd_ws/install/core/share/core/package.xml
[0.379s] Invoked command in '/home/psd/psd_ws/build/core' returned '0': CMAKE_PREFIX_PATH=${CMAKE_PREFIX_PATH}:/home/psd/psd_ws/install/rqt_joint_trajectory_controller:/home/psd/psd_ws/install/rqt_controller_manager:/home/psd/psd_ws/install/ros2controlcli:/home/psd/psd_ws/install/ros2_controllers_test_nodes:/opt/ros/humble /usr/bin/cmake --install /home/psd/psd_ws/build/core
