[0.005s] Invoking command in '/home/humble/psd_stack_ws/build/sllidar_ros2': CMAKE_PREFIX_PATH=/opt/ros/humble /usr/bin/cmake /home/humble/psd_stack_ws/src/sllidar_ros2 -DAMENT_CMAKE_SYMLINK_INSTALL=1 -DCMAKE_INSTALL_PREFIX=/home/humble/psd_stack_ws/install/sllidar_ros2
[0.014s] -- Found ament_cmake: 1.3.8 (/opt/ros/humble/share/ament_cmake/cmake)
[0.081s] -- Override CMake install command with custom implementation using symlinks instead of copying resources
[0.085s] -- Found rclcpp: 16.0.8 (/opt/ros/humble/share/rclcpp/cmake)
[0.101s] -- Found rosidl_generator_c: 3.1.5 (/opt/ros/humble/share/rosidl_generator_c/cmake)
[0.102s] -- Found rosidl_adapter: 3.1.5 (/opt/ros/humble/share/rosidl_adapter/cmake)
[0.105s] -- Found rosidl_generator_cpp: 3.1.5 (/opt/ros/humble/share/rosidl_generator_cpp/cmake)
[0.112s] -- Using all available rosidl_typesupport_c: rosidl_typesupport_fastrtps_c;rosidl_typesupport_introspection_c
[0.121s] -- Using all available rosidl_typesupport_cpp: rosidl_typesupport_fastrtps_cpp;rosidl_typesupport_introspection_cpp
[0.153s] -- Found rmw_implementation_cmake: 6.1.1 (/opt/ros/humble/share/rmw_implementation_cmake/cmake)
[0.154s] -- Found rmw_fastrtps_cpp: 6.2.6 (/opt/ros/humble/share/rmw_fastrtps_cpp/cmake)
[0.223s] -- Using RMW implementation 'rmw_fastrtps_cpp' as default
[0.314s] -- Found sensor_msgs: 4.2.3 (/opt/ros/humble/share/sensor_msgs/cmake)
[0.384s] -- Found std_srvs: 4.2.3 (/opt/ros/humble/share/std_srvs/cmake)
[0.432s] -- Configuring done
[0.440s] -- Generating done
[0.441s] -- Build files have been written to: /home/humble/psd_stack_ws/build/sllidar_ros2
[0.445s] Invoked command in '/home/humble/psd_stack_ws/build/sllidar_ros2' returned '0': CMAKE_PREFIX_PATH=/opt/ros/humble /usr/bin/cmake /home/humble/psd_stack_ws/src/sllidar_ros2 -DAMENT_CMAKE_SYMLINK_INSTALL=1 -DCMAKE_INSTALL_PREFIX=/home/humble/psd_stack_ws/install/sllidar_ros2
[0.446s] Invoking command in '/home/humble/psd_stack_ws/build/sllidar_ros2': CMAKE_PREFIX_PATH=/opt/ros/humble /usr/bin/cmake --build /home/humble/psd_stack_ws/build/sllidar_ros2 -- -j20 -l20
[0.469s] [35m[1mConsolidate compiler generated dependencies of target sllidar_client[0m
[0.471s] [35m[1mConsolidate compiler generated dependencies of target sllidar_node[0m
[0.478s] [  5%] [32m[1mLinking CXX executable sllidar_client[0m
[0.489s] [ 10%] [32m[1mLinking CXX executable sllidar_node[0m
[0.639s] [ 95%] Built target sllidar_node
[0.699s] [100%] Built target sllidar_client
[0.706s] Invoked command in '/home/humble/psd_stack_ws/build/sllidar_ros2' returned '0': CMAKE_PREFIX_PATH=/opt/ros/humble /usr/bin/cmake --build /home/humble/psd_stack_ws/build/sllidar_ros2 -- -j20 -l20
[0.752s] Invoking command in '/home/humble/psd_stack_ws/build/sllidar_ros2': CMAKE_PREFIX_PATH=/opt/ros/humble /usr/bin/cmake --install /home/humble/psd_stack_ws/build/sllidar_ros2
[0.757s] -- Install configuration: ""
[0.757s] -- Execute custom install script
[0.757s] -- Symlinking: /home/humble/psd_stack_ws/install/sllidar_ros2/share/sllidar_ros2/launch/sllidar_a1_launch.py
[0.762s] -- Symlinking: /home/humble/psd_stack_ws/install/sllidar_ros2/share/sllidar_ros2/launch/sllidar_a2m12_launch .py
[0.767s] -- Symlinking: /home/humble/psd_stack_ws/install/sllidar_ros2/share/sllidar_ros2/launch/sllidar_a2m7_launch.py
[0.773s] -- Symlinking: /home/humble/psd_stack_ws/install/sllidar_ros2/share/sllidar_ros2/launch/sllidar_a2m8_launch.py
[0.777s] -- Symlinking: /home/humble/psd_stack_ws/install/sllidar_ros2/share/sllidar_ros2/launch/sllidar_a3_launch.py
[0.781s] -- Symlinking: /home/humble/psd_stack_ws/install/sllidar_ros2/share/sllidar_ros2/launch/sllidar_c1_launch.py
[0.786s] -- Symlinking: /home/humble/psd_stack_ws/install/sllidar_ros2/share/sllidar_ros2/launch/sllidar_s1_launch.py
[0.790s] -- Symlinking: /home/humble/psd_stack_ws/install/sllidar_ros2/share/sllidar_ros2/launch/sllidar_s1_tcp_launch.py
[0.794s] -- Symlinking: /home/humble/psd_stack_ws/install/sllidar_ros2/share/sllidar_ros2/launch/sllidar_s2_launch.py
[0.798s] -- Symlinking: /home/humble/psd_stack_ws/install/sllidar_ros2/share/sllidar_ros2/launch/sllidar_s2e_launch.py
[0.803s] -- Symlinking: /home/humble/psd_stack_ws/install/sllidar_ros2/share/sllidar_ros2/launch/sllidar_s3_launch.py
[0.807s] -- Symlinking: /home/humble/psd_stack_ws/install/sllidar_ros2/share/sllidar_ros2/launch/sllidar_t1_launch.py
[0.811s] -- Symlinking: /home/humble/psd_stack_ws/install/sllidar_ros2/share/sllidar_ros2/launch/view_sllidar_a1_launch.py
[0.815s] -- Symlinking: /home/humble/psd_stack_ws/install/sllidar_ros2/share/sllidar_ros2/launch/view_sllidar_a2m12_launch.py
[0.819s] -- Symlinking: /home/humble/psd_stack_ws/install/sllidar_ros2/share/sllidar_ros2/launch/view_sllidar_a2m7_launch.py
[0.823s] -- Symlinking: /home/humble/psd_stack_ws/install/sllidar_ros2/share/sllidar_ros2/launch/view_sllidar_a2m8_launch.py
[0.828s] -- Symlinking: /home/humble/psd_stack_ws/install/sllidar_ros2/share/sllidar_ros2/launch/view_sllidar_a3_launch.py
[0.832s] -- Symlinking: /home/humble/psd_stack_ws/install/sllidar_ros2/share/sllidar_ros2/launch/view_sllidar_c1_launch.py
[0.837s] -- Symlinking: /home/humble/psd_stack_ws/install/sllidar_ros2/share/sllidar_ros2/launch/view_sllidar_s1_launch.py
[0.842s] -- Symlinking: /home/humble/psd_stack_ws/install/sllidar_ros2/share/sllidar_ros2/launch/view_sllidar_s1_tcp_launch.py
[0.846s] -- Symlinking: /home/humble/psd_stack_ws/install/sllidar_ros2/share/sllidar_ros2/launch/view_sllidar_s2_launch.py
[0.851s] -- Symlinking: /home/humble/psd_stack_ws/install/sllidar_ros2/share/sllidar_ros2/launch/view_sllidar_s2e_launch.py
[0.856s] -- Symlinking: /home/humble/psd_stack_ws/install/sllidar_ros2/share/sllidar_ros2/launch/view_sllidar_s3_launch.py
[0.860s] -- Symlinking: /home/humble/psd_stack_ws/install/sllidar_ros2/share/sllidar_ros2/launch/view_sllidar_t1_launch.py
[0.864s] -- Symlinking: /home/humble/psd_stack_ws/install/sllidar_ros2/share/sllidar_ros2/rviz/sllidar_ros2.rviz
[0.869s] -- Symlinking: /home/humble/psd_stack_ws/install/sllidar_ros2/lib/sllidar_ros2/sllidar_node
[0.873s] -- Symlinking: /home/humble/psd_stack_ws/install/sllidar_ros2/lib/sllidar_ros2/sllidar_client
[0.878s] -- Symlinking: /home/humble/psd_stack_ws/install/sllidar_ros2/share/ament_index/resource_index/package_run_dependencies/sllidar_ros2
[0.882s] -- Symlinking: /home/humble/psd_stack_ws/install/sllidar_ros2/share/ament_index/resource_index/parent_prefix_path/sllidar_ros2
[0.886s] -- Symlinking: /home/humble/psd_stack_ws/install/sllidar_ros2/share/sllidar_ros2/environment/ament_prefix_path.sh
[0.891s] -- Symlinking: /home/humble/psd_stack_ws/install/sllidar_ros2/share/sllidar_ros2/environment/ament_prefix_path.dsv
[0.895s] -- Symlinking: /home/humble/psd_stack_ws/install/sllidar_ros2/share/sllidar_ros2/environment/path.sh
[0.900s] -- Symlinking: /home/humble/psd_stack_ws/install/sllidar_ros2/share/sllidar_ros2/environment/path.dsv
[0.905s] -- Symlinking: /home/humble/psd_stack_ws/install/sllidar_ros2/share/sllidar_ros2/local_setup.bash
[0.909s] -- Symlinking: /home/humble/psd_stack_ws/install/sllidar_ros2/share/sllidar_ros2/local_setup.sh
[0.913s] -- Symlinking: /home/humble/psd_stack_ws/install/sllidar_ros2/share/sllidar_ros2/local_setup.zsh
[0.918s] -- Symlinking: /home/humble/psd_stack_ws/install/sllidar_ros2/share/sllidar_ros2/local_setup.dsv
[0.922s] -- Symlinking: /home/humble/psd_stack_ws/install/sllidar_ros2/share/sllidar_ros2/package.dsv
[0.927s] -- Symlinking: /home/humble/psd_stack_ws/install/sllidar_ros2/share/ament_index/resource_index/packages/sllidar_ros2
[0.931s] -- Symlinking: /home/humble/psd_stack_ws/install/sllidar_ros2/share/sllidar_ros2/cmake/ament_cmake_export_dependencies-extras.cmake
[0.936s] -- Symlinking: /home/humble/psd_stack_ws/install/sllidar_ros2/share/sllidar_ros2/cmake/ament_cmake_export_include_directories-extras.cmake
[0.941s] -- Symlinking: /home/humble/psd_stack_ws/install/sllidar_ros2/share/sllidar_ros2/cmake/sllidar_ros2Config.cmake
[0.947s] -- Symlinking: /home/humble/psd_stack_ws/install/sllidar_ros2/share/sllidar_ros2/cmake/sllidar_ros2Config-version.cmake
[0.952s] -- Symlinking: /home/humble/psd_stack_ws/install/sllidar_ros2/share/sllidar_ros2/package.xml
[0.958s] Invoked command in '/home/humble/psd_stack_ws/build/sllidar_ros2' returned '0': CMAKE_PREFIX_PATH=/opt/ros/humble /usr/bin/cmake --install /home/humble/psd_stack_ws/build/sllidar_ros2
