[0.026s] Invoking command in '/home/psd/psd_ws/build/psd_vehicle_controller': AMENT_PREFIX_PATH=/home/psd/psd_ws/install/psd_vehicle_description:/home/psd/psd_ws/install/ros_components_description:${AMENT_PREFIX_PATH} CMAKE_PREFIX_PATH=/home/psd/psd_ws/install/psd_vehicle_description:/home/psd/psd_ws/install/ros_components_description:/opt/ros/humble GAZEBO_MODEL_PATH=/home/psd/psd_ws/install/ros_components_description/share GZ_SIM_RESOURCE_PATH=/home/psd/psd_ws/install/ros_components_description/share IGN_GAZEBO_RESOURCE_PATH=/home/psd/psd_ws/install/ros_components_description/share /usr/bin/cmake /home/psd/psd_ws/src/psd_vehicle_ros/psd_vehicle_controller -DCMAKE_INSTALL_PREFIX=/home/psd/psd_ws/install/psd_vehicle_controller
[0.064s] -- The C compiler identification is GNU 11.4.0
[0.103s] -- The CXX compiler identification is GNU 11.4.0
[0.109s] -- Detecting C compiler ABI info
[0.160s] -- Detecting C compiler ABI info - done
[0.167s] -- Check for working C compiler: /usr/bin/cc - skipped
[0.168s] -- Detecting C compile features
[0.168s] -- Detecting C compile features - done
[0.170s] -- Detecting CXX compiler ABI info
[0.226s] -- Detecting CXX compiler ABI info - done
[0.234s] -- Check for working CXX compiler: /usr/bin/c++ - skipped
[0.235s] -- Detecting CXX compile features
[0.235s] -- Detecting CXX compile features - done
[0.237s] -- Found ament_cmake: 1.3.8 (/opt/ros/humble/share/ament_cmake/cmake)
[0.387s] -- Found Python3: /usr/bin/python3 (found version "3.10.12") found components: Interpreter 
[0.562s] -- Configuring done
[0.565s] -- Generating done
[0.565s] -- Build files have been written to: /home/psd/psd_ws/build/psd_vehicle_controller
[0.569s] Invoked command in '/home/psd/psd_ws/build/psd_vehicle_controller' returned '0': AMENT_PREFIX_PATH=/home/psd/psd_ws/install/psd_vehicle_description:/home/psd/psd_ws/install/ros_components_description:${AMENT_PREFIX_PATH} CMAKE_PREFIX_PATH=/home/psd/psd_ws/install/psd_vehicle_description:/home/psd/psd_ws/install/ros_components_description:/opt/ros/humble GAZEBO_MODEL_PATH=/home/psd/psd_ws/install/ros_components_description/share GZ_SIM_RESOURCE_PATH=/home/psd/psd_ws/install/ros_components_description/share IGN_GAZEBO_RESOURCE_PATH=/home/psd/psd_ws/install/ros_components_description/share /usr/bin/cmake /home/psd/psd_ws/src/psd_vehicle_ros/psd_vehicle_controller -DCMAKE_INSTALL_PREFIX=/home/psd/psd_ws/install/psd_vehicle_controller
[0.570s] Invoking command in '/home/psd/psd_ws/build/psd_vehicle_controller': AMENT_PREFIX_PATH=/home/psd/psd_ws/install/psd_vehicle_description:/home/psd/psd_ws/install/ros_components_description:${AMENT_PREFIX_PATH} CMAKE_PREFIX_PATH=/home/psd/psd_ws/install/psd_vehicle_description:/home/psd/psd_ws/install/ros_components_description:/opt/ros/humble GAZEBO_MODEL_PATH=/home/psd/psd_ws/install/ros_components_description/share GZ_SIM_RESOURCE_PATH=/home/psd/psd_ws/install/ros_components_description/share IGN_GAZEBO_RESOURCE_PATH=/home/psd/psd_ws/install/ros_components_description/share /usr/bin/cmake --build /home/psd/psd_ws/build/psd_vehicle_controller -- -j20 -l20
[0.604s] Invoked command in '/home/psd/psd_ws/build/psd_vehicle_controller' returned '0': AMENT_PREFIX_PATH=/home/psd/psd_ws/install/psd_vehicle_description:/home/psd/psd_ws/install/ros_components_description:${AMENT_PREFIX_PATH} CMAKE_PREFIX_PATH=/home/psd/psd_ws/install/psd_vehicle_description:/home/psd/psd_ws/install/ros_components_description:/opt/ros/humble GAZEBO_MODEL_PATH=/home/psd/psd_ws/install/ros_components_description/share GZ_SIM_RESOURCE_PATH=/home/psd/psd_ws/install/ros_components_description/share IGN_GAZEBO_RESOURCE_PATH=/home/psd/psd_ws/install/ros_components_description/share /usr/bin/cmake --build /home/psd/psd_ws/build/psd_vehicle_controller -- -j20 -l20
[0.622s] Invoking command in '/home/psd/psd_ws/build/psd_vehicle_controller': AMENT_PREFIX_PATH=/home/psd/psd_ws/install/psd_vehicle_description:/home/psd/psd_ws/install/ros_components_description:${AMENT_PREFIX_PATH} CMAKE_PREFIX_PATH=/home/psd/psd_ws/install/psd_vehicle_description:/home/psd/psd_ws/install/ros_components_description:/opt/ros/humble GAZEBO_MODEL_PATH=/home/psd/psd_ws/install/ros_components_description/share GZ_SIM_RESOURCE_PATH=/home/psd/psd_ws/install/ros_components_description/share IGN_GAZEBO_RESOURCE_PATH=/home/psd/psd_ws/install/ros_components_description/share /usr/bin/cmake --install /home/psd/psd_ws/build/psd_vehicle_controller
[0.629s] -- Install configuration: ""
[0.630s] -- Installing: /home/psd/psd_ws/install/psd_vehicle_controller/share/psd_vehicle_controller/launch
[0.630s] -- Installing: /home/psd/psd_ws/install/psd_vehicle_controller/share/psd_vehicle_controller/launch/controller.launch.py
[0.630s] -- Installing: /home/psd/psd_ws/install/psd_vehicle_controller/share/psd_vehicle_controller/config
[0.630s] -- Installing: /home/psd/psd_ws/install/psd_vehicle_controller/share/psd_vehicle_controller/config/diff_drive_controller.yaml
[0.630s] -- Installing: /home/psd/psd_ws/install/psd_vehicle_controller/share/ament_index/resource_index/package_run_dependencies/psd_vehicle_controller
[0.630s] -- Installing: /home/psd/psd_ws/install/psd_vehicle_controller/share/ament_index/resource_index/parent_prefix_path/psd_vehicle_controller
[0.630s] -- Installing: /home/psd/psd_ws/install/psd_vehicle_controller/share/psd_vehicle_controller/environment/ament_prefix_path.sh
[0.630s] -- Installing: /home/psd/psd_ws/install/psd_vehicle_controller/share/psd_vehicle_controller/environment/ament_prefix_path.dsv
[0.630s] -- Installing: /home/psd/psd_ws/install/psd_vehicle_controller/share/psd_vehicle_controller/environment/path.sh
[0.630s] -- Installing: /home/psd/psd_ws/install/psd_vehicle_controller/share/psd_vehicle_controller/environment/path.dsv
[0.630s] -- Installing: /home/psd/psd_ws/install/psd_vehicle_controller/share/psd_vehicle_controller/local_setup.bash
[0.631s] -- Installing: /home/psd/psd_ws/install/psd_vehicle_controller/share/psd_vehicle_controller/local_setup.sh
[0.631s] -- Installing: /home/psd/psd_ws/install/psd_vehicle_controller/share/psd_vehicle_controller/local_setup.zsh
[0.631s] -- Installing: /home/psd/psd_ws/install/psd_vehicle_controller/share/psd_vehicle_controller/local_setup.dsv
[0.631s] -- Installing: /home/psd/psd_ws/install/psd_vehicle_controller/share/psd_vehicle_controller/package.dsv
[0.631s] -- Installing: /home/psd/psd_ws/install/psd_vehicle_controller/share/ament_index/resource_index/packages/psd_vehicle_controller
[0.631s] -- Installing: /home/psd/psd_ws/install/psd_vehicle_controller/share/psd_vehicle_controller/cmake/psd_vehicle_controllerConfig.cmake
[0.631s] -- Installing: /home/psd/psd_ws/install/psd_vehicle_controller/share/psd_vehicle_controller/cmake/psd_vehicle_controllerConfig-version.cmake
[0.631s] -- Installing: /home/psd/psd_ws/install/psd_vehicle_controller/share/psd_vehicle_controller/package.xml
[0.633s] Invoked command in '/home/psd/psd_ws/build/psd_vehicle_controller' returned '0': AMENT_PREFIX_PATH=/home/psd/psd_ws/install/psd_vehicle_description:/home/psd/psd_ws/install/ros_components_description:${AMENT_PREFIX_PATH} CMAKE_PREFIX_PATH=/home/psd/psd_ws/install/psd_vehicle_description:/home/psd/psd_ws/install/ros_components_description:/opt/ros/humble GAZEBO_MODEL_PATH=/home/psd/psd_ws/install/ros_components_description/share GZ_SIM_RESOURCE_PATH=/home/psd/psd_ws/install/ros_components_description/share IGN_GAZEBO_RESOURCE_PATH=/home/psd/psd_ws/install/ros_components_description/share /usr/bin/cmake --install /home/psd/psd_ws/build/psd_vehicle_controller
