[0.171s] Invoking command in '/home/psd/psd_ws/build/diff_drive_controller': AMENT_PREFIX_PATH=/home/psd/psd_ws/install/controller_manager:/home/psd/psd_ws/install/hardware_interface_testing:/home/psd/psd_ws/install/controller_interface:/home/psd/psd_ws/install/hardware_interface:/home/psd/psd_ws/install/ros2_control_test_assets:/home/psd/psd_ws/install/realtime_tools:/home/psd/psd_ws/install/controller_manager_msgs:/home/psd/psd_ws/install/control_msgs:${AMENT_PREFIX_PATH} CMAKE_PREFIX_PATH=/home/psd/psd_ws/install/controller_manager:/home/psd/psd_ws/install/hardware_interface_testing:/home/psd/psd_ws/install/controller_interface:/home/psd/psd_ws/install/hardware_interface:/home/psd/psd_ws/install/ros2_control_test_assets:/home/psd/psd_ws/install/realtime_tools:/home/psd/psd_ws/install/controller_manager_msgs:/home/psd/psd_ws/install/control_msgs:/opt/ros/humble LD_LIBRARY_PATH=/home/psd/psd_ws/install/controller_manager/lib:/home/psd/psd_ws/install/hardware_interface_testing/lib:/home/psd/psd_ws/install/controller_interface/lib:/home/psd/psd_ws/install/hardware_interface/lib:/home/psd/psd_ws/install/realtime_tools/lib:/home/psd/psd_ws/install/controller_manager_msgs/lib:/home/psd/psd_ws/install/control_msgs/lib:${LD_LIBRARY_PATH} PYTHONPATH=/home/psd/psd_ws/install/controller_manager/local/lib/python3.10/dist-packages:/home/psd/psd_ws/install/controller_manager_msgs/local/lib/python3.10/dist-packages:/home/psd/psd_ws/install/control_msgs/local/lib/python3.10/dist-packages:${PYTHONPATH} /usr/bin/cmake --build /home/psd/psd_ws/build/diff_drive_controller -- -j20 -l20
[0.211s] [35m[1mConsolidate compiler generated dependencies of target gmock_main[0m
[0.213s] [35m[1mConsolidate compiler generated dependencies of target gmock[0m
[0.221s] [  7%] Built target diff_drive_controller_parameters
[0.231s] [ 21%] Built target gmock_main
[0.232s] [ 42%] Built target gmock
[0.239s] [35m[1mConsolidate compiler generated dependencies of target diff_drive_controller[0m
[0.252s] [35m[1mConsolidate compiler generated dependencies of target test_load_diff_drive_controller[0m
[0.264s] [ 71%] Built target diff_drive_controller
[0.275s] [ 85%] Built target test_load_diff_drive_controller
[0.279s] [35m[1mConsolidate compiler generated dependencies of target test_diff_drive_controller[0m
[0.304s] [100%] Built target test_diff_drive_controller
[0.321s] Invoked command in '/home/psd/psd_ws/build/diff_drive_controller' returned '0': AMENT_PREFIX_PATH=/home/psd/psd_ws/install/controller_manager:/home/psd/psd_ws/install/hardware_interface_testing:/home/psd/psd_ws/install/controller_interface:/home/psd/psd_ws/install/hardware_interface:/home/psd/psd_ws/install/ros2_control_test_assets:/home/psd/psd_ws/install/realtime_tools:/home/psd/psd_ws/install/controller_manager_msgs:/home/psd/psd_ws/install/control_msgs:${AMENT_PREFIX_PATH} CMAKE_PREFIX_PATH=/home/psd/psd_ws/install/controller_manager:/home/psd/psd_ws/install/hardware_interface_testing:/home/psd/psd_ws/install/controller_interface:/home/psd/psd_ws/install/hardware_interface:/home/psd/psd_ws/install/ros2_control_test_assets:/home/psd/psd_ws/install/realtime_tools:/home/psd/psd_ws/install/controller_manager_msgs:/home/psd/psd_ws/install/control_msgs:/opt/ros/humble LD_LIBRARY_PATH=/home/psd/psd_ws/install/controller_manager/lib:/home/psd/psd_ws/install/hardware_interface_testing/lib:/home/psd/psd_ws/install/controller_interface/lib:/home/psd/psd_ws/install/hardware_interface/lib:/home/psd/psd_ws/install/realtime_tools/lib:/home/psd/psd_ws/install/controller_manager_msgs/lib:/home/psd/psd_ws/install/control_msgs/lib:${LD_LIBRARY_PATH} PYTHONPATH=/home/psd/psd_ws/install/controller_manager/local/lib/python3.10/dist-packages:/home/psd/psd_ws/install/controller_manager_msgs/local/lib/python3.10/dist-packages:/home/psd/psd_ws/install/control_msgs/local/lib/python3.10/dist-packages:${PYTHONPATH} /usr/bin/cmake --build /home/psd/psd_ws/build/diff_drive_controller -- -j20 -l20
[0.364s] Invoking command in '/home/psd/psd_ws/build/diff_drive_controller': AMENT_PREFIX_PATH=/home/psd/psd_ws/install/controller_manager:/home/psd/psd_ws/install/hardware_interface_testing:/home/psd/psd_ws/install/controller_interface:/home/psd/psd_ws/install/hardware_interface:/home/psd/psd_ws/install/ros2_control_test_assets:/home/psd/psd_ws/install/realtime_tools:/home/psd/psd_ws/install/controller_manager_msgs:/home/psd/psd_ws/install/control_msgs:${AMENT_PREFIX_PATH} CMAKE_PREFIX_PATH=/home/psd/psd_ws/install/controller_manager:/home/psd/psd_ws/install/hardware_interface_testing:/home/psd/psd_ws/install/controller_interface:/home/psd/psd_ws/install/hardware_interface:/home/psd/psd_ws/install/ros2_control_test_assets:/home/psd/psd_ws/install/realtime_tools:/home/psd/psd_ws/install/controller_manager_msgs:/home/psd/psd_ws/install/control_msgs:/opt/ros/humble LD_LIBRARY_PATH=/home/psd/psd_ws/install/controller_manager/lib:/home/psd/psd_ws/install/hardware_interface_testing/lib:/home/psd/psd_ws/install/controller_interface/lib:/home/psd/psd_ws/install/hardware_interface/lib:/home/psd/psd_ws/install/realtime_tools/lib:/home/psd/psd_ws/install/controller_manager_msgs/lib:/home/psd/psd_ws/install/control_msgs/lib:${LD_LIBRARY_PATH} PYTHONPATH=/home/psd/psd_ws/install/controller_manager/local/lib/python3.10/dist-packages:/home/psd/psd_ws/install/controller_manager_msgs/local/lib/python3.10/dist-packages:/home/psd/psd_ws/install/control_msgs/local/lib/python3.10/dist-packages:${PYTHONPATH} /usr/bin/cmake --install /home/psd/psd_ws/build/diff_drive_controller
[0.381s] -- Install configuration: ""
[0.383s] -- Up-to-date: /home/psd/psd_ws/install/diff_drive_controller/include/diff_drive_controller_parameters
[0.384s] -- Up-to-date: /home/psd/psd_ws/install/diff_drive_controller/include/diff_drive_controller_parameters/diff_drive_controller_parameters.hpp
[0.384s] -- Up-to-date: /home/psd/psd_ws/install/diff_drive_controller/share/diff_drive_controller/diff_drive_plugin.xml
[0.384s] -- Up-to-date: /home/psd/psd_ws/install/diff_drive_controller/include/diff_drive_controller
[0.384s] -- Up-to-date: /home/psd/psd_ws/install/diff_drive_controller/include/diff_drive_controller/diff_drive_controller
[0.385s] -- Up-to-date: /home/psd/psd_ws/install/diff_drive_controller/include/diff_drive_controller/diff_drive_controller/speed_limiter.hpp
[0.385s] -- Up-to-date: /home/psd/psd_ws/install/diff_drive_controller/include/diff_drive_controller/diff_drive_controller/visibility_control.h
[0.385s] -- Up-to-date: /home/psd/psd_ws/install/diff_drive_controller/include/diff_drive_controller/diff_drive_controller/diff_drive_controller.hpp
[0.385s] -- Up-to-date: /home/psd/psd_ws/install/diff_drive_controller/include/diff_drive_controller/diff_drive_controller/odometry.hpp
[0.386s] -- Up-to-date: /home/psd/psd_ws/install/diff_drive_controller/lib/libdiff_drive_controller.so
[0.386s] -- Up-to-date: /home/psd/psd_ws/install/diff_drive_controller/share/diff_drive_controller/environment/library_path.sh
[0.386s] -- Up-to-date: /home/psd/psd_ws/install/diff_drive_controller/share/diff_drive_controller/environment/library_path.dsv
[0.387s] -- Up-to-date: /home/psd/psd_ws/install/diff_drive_controller/share/ament_index/resource_index/package_run_dependencies/diff_drive_controller
[0.387s] -- Up-to-date: /home/psd/psd_ws/install/diff_drive_controller/share/ament_index/resource_index/parent_prefix_path/diff_drive_controller
[0.387s] -- Up-to-date: /home/psd/psd_ws/install/diff_drive_controller/share/diff_drive_controller/environment/ament_prefix_path.sh
[0.387s] -- Up-to-date: /home/psd/psd_ws/install/diff_drive_controller/share/diff_drive_controller/environment/ament_prefix_path.dsv
[0.387s] -- Up-to-date: /home/psd/psd_ws/install/diff_drive_controller/share/diff_drive_controller/environment/path.sh
[0.387s] -- Up-to-date: /home/psd/psd_ws/install/diff_drive_controller/share/diff_drive_controller/environment/path.dsv
[0.387s] -- Up-to-date: /home/psd/psd_ws/install/diff_drive_controller/share/diff_drive_controller/local_setup.bash
[0.387s] -- Up-to-date: /home/psd/psd_ws/install/diff_drive_controller/share/diff_drive_controller/local_setup.sh
[0.387s] -- Up-to-date: /home/psd/psd_ws/install/diff_drive_controller/share/diff_drive_controller/local_setup.zsh
[0.387s] -- Up-to-date: /home/psd/psd_ws/install/diff_drive_controller/share/diff_drive_controller/local_setup.dsv
[0.387s] -- Installing: /home/psd/psd_ws/install/diff_drive_controller/share/diff_drive_controller/package.dsv
[0.387s] -- Up-to-date: /home/psd/psd_ws/install/diff_drive_controller/share/ament_index/resource_index/packages/diff_drive_controller
[0.387s] -- Up-to-date: /home/psd/psd_ws/install/diff_drive_controller/share/ament_index/resource_index/controller_interface__pluginlib__plugin/diff_drive_controller
[0.387s] -- Up-to-date: /home/psd/psd_ws/install/diff_drive_controller/share/diff_drive_controller/cmake/export_diff_drive_controllerExport.cmake
[0.387s] -- Up-to-date: /home/psd/psd_ws/install/diff_drive_controller/share/diff_drive_controller/cmake/export_diff_drive_controllerExport-noconfig.cmake
[0.388s] -- Up-to-date: /home/psd/psd_ws/install/diff_drive_controller/share/diff_drive_controller/cmake/ament_cmake_export_targets-extras.cmake
[0.388s] -- Up-to-date: /home/psd/psd_ws/install/diff_drive_controller/share/diff_drive_controller/cmake/ament_cmake_export_dependencies-extras.cmake
[0.388s] -- Up-to-date: /home/psd/psd_ws/install/diff_drive_controller/share/diff_drive_controller/cmake/diff_drive_controllerConfig.cmake
[0.388s] -- Up-to-date: /home/psd/psd_ws/install/diff_drive_controller/share/diff_drive_controller/cmake/diff_drive_controllerConfig-version.cmake
[0.388s] -- Up-to-date: /home/psd/psd_ws/install/diff_drive_controller/share/diff_drive_controller/package.xml
[0.419s] Invoked command in '/home/psd/psd_ws/build/diff_drive_controller' returned '0': AMENT_PREFIX_PATH=/home/psd/psd_ws/install/controller_manager:/home/psd/psd_ws/install/hardware_interface_testing:/home/psd/psd_ws/install/controller_interface:/home/psd/psd_ws/install/hardware_interface:/home/psd/psd_ws/install/ros2_control_test_assets:/home/psd/psd_ws/install/realtime_tools:/home/psd/psd_ws/install/controller_manager_msgs:/home/psd/psd_ws/install/control_msgs:${AMENT_PREFIX_PATH} CMAKE_PREFIX_PATH=/home/psd/psd_ws/install/controller_manager:/home/psd/psd_ws/install/hardware_interface_testing:/home/psd/psd_ws/install/controller_interface:/home/psd/psd_ws/install/hardware_interface:/home/psd/psd_ws/install/ros2_control_test_assets:/home/psd/psd_ws/install/realtime_tools:/home/psd/psd_ws/install/controller_manager_msgs:/home/psd/psd_ws/install/control_msgs:/opt/ros/humble LD_LIBRARY_PATH=/home/psd/psd_ws/install/controller_manager/lib:/home/psd/psd_ws/install/hardware_interface_testing/lib:/home/psd/psd_ws/install/controller_interface/lib:/home/psd/psd_ws/install/hardware_interface/lib:/home/psd/psd_ws/install/realtime_tools/lib:/home/psd/psd_ws/install/controller_manager_msgs/lib:/home/psd/psd_ws/install/control_msgs/lib:${LD_LIBRARY_PATH} PYTHONPATH=/home/psd/psd_ws/install/controller_manager/local/lib/python3.10/dist-packages:/home/psd/psd_ws/install/controller_manager_msgs/local/lib/python3.10/dist-packages:/home/psd/psd_ws/install/control_msgs/local/lib/python3.10/dist-packages:${PYTHONPATH} /usr/bin/cmake --install /home/psd/psd_ws/build/diff_drive_controller
