[100%] Built target ros2_control_demo_example_10
-- Install configuration: ""
-- Execute custom install script
-- Up-to-date symlink: /home/psd/psd_ws/install/ros2_control_demo_example_10/share/ros2_control_demo_example_10//ros2_control_demo_example_10.xml
-- Up-to-date symlink: /home/psd/psd_ws/install/ros2_control_demo_example_10/share/ros2_control_demo_example_10//ros2_control_demo_example_10.xml
-- Up-to-date symlink: /home/psd/psd_ws/install/ros2_control_demo_example_10/include/ros2_control_demo_example_10/ros2_control_demo_example_10/rrbot.hpp
-- Up-to-date symlink: /home/psd/psd_ws/install/ros2_control_demo_example_10/include/ros2_control_demo_example_10/ros2_control_demo_example_10/visibility_control.h
-- Up-to-date symlink: /home/psd/psd_ws/install/ros2_control_demo_example_10/include/ros2_control_demo_example_10/ros2_control_demo_example_10/gpio_controller.hpp
-- Up-to-date symlink: /home/psd/psd_ws/install/ros2_control_demo_example_10/share/ros2_control_demo_example_10/launch/view_robot.launch.py
-- Up-to-date symlink: /home/psd/psd_ws/install/ros2_control_demo_example_10/share/ros2_control_demo_example_10/ros2_control/rrbot.ros2_control.xacro
-- Up-to-date symlink: /home/psd/psd_ws/install/ros2_control_demo_example_10/share/ros2_control_demo_example_10/urdf/rrbot.urdf.xacro
-- Up-to-date symlink: /home/psd/psd_ws/install/ros2_control_demo_example_10/share/ros2_control_demo_example_10/launch/rrbot.launch.py
-- Up-to-date symlink: /home/psd/psd_ws/install/ros2_control_demo_example_10/share/ros2_control_demo_example_10/launch/test_forward_position_controller.launch.py
-- Up-to-date symlink: /home/psd/psd_ws/install/ros2_control_demo_example_10/share/ros2_control_demo_example_10/config/rrbot_controllers.yaml
-- Up-to-date symlink: /home/psd/psd_ws/install/ros2_control_demo_example_10/share/ros2_control_demo_example_10/config/rrbot_forward_position_publisher.yaml
-- Up-to-date symlink: /home/psd/psd_ws/install/ros2_control_demo_example_10/share/ros2_control_demo_example_10/environment/library_path.sh
-- Up-to-date symlink: /home/psd/psd_ws/install/ros2_control_demo_example_10/share/ros2_control_demo_example_10/environment/library_path.dsv
-- Up-to-date symlink: /home/psd/psd_ws/install/ros2_control_demo_example_10/share/ament_index/resource_index/package_run_dependencies/ros2_control_demo_example_10
-- Up-to-date symlink: /home/psd/psd_ws/install/ros2_control_demo_example_10/share/ament_index/resource_index/parent_prefix_path/ros2_control_demo_example_10
-- Up-to-date symlink: /home/psd/psd_ws/install/ros2_control_demo_example_10/share/ros2_control_demo_example_10/environment/ament_prefix_path.sh
-- Up-to-date symlink: /home/psd/psd_ws/install/ros2_control_demo_example_10/share/ros2_control_demo_example_10/environment/ament_prefix_path.dsv
-- Up-to-date symlink: /home/psd/psd_ws/install/ros2_control_demo_example_10/share/ros2_control_demo_example_10/environment/path.sh
-- Up-to-date symlink: /home/psd/psd_ws/install/ros2_control_demo_example_10/share/ros2_control_demo_example_10/environment/path.dsv
-- Up-to-date symlink: /home/psd/psd_ws/install/ros2_control_demo_example_10/share/ros2_control_demo_example_10/local_setup.bash
-- Up-to-date symlink: /home/psd/psd_ws/install/ros2_control_demo_example_10/share/ros2_control_demo_example_10/local_setup.sh
-- Up-to-date symlink: /home/psd/psd_ws/install/ros2_control_demo_example_10/share/ros2_control_demo_example_10/local_setup.zsh
-- Up-to-date symlink: /home/psd/psd_ws/install/ros2_control_demo_example_10/share/ros2_control_demo_example_10/local_setup.dsv
-- Symlinking: /home/psd/psd_ws/install/ros2_control_demo_example_10/share/ros2_control_demo_example_10/package.dsv
-- Up-to-date symlink: /home/psd/psd_ws/install/ros2_control_demo_example_10/share/ament_index/resource_index/packages/ros2_control_demo_example_10
-- Up-to-date symlink: /home/psd/psd_ws/install/ros2_control_demo_example_10/share/ament_index/resource_index/hardware_interface__pluginlib__plugin/ros2_control_demo_example_10
-- Up-to-date symlink: /home/psd/psd_ws/install/ros2_control_demo_example_10/share/ament_index/resource_index/controller_interface__pluginlib__plugin/ros2_control_demo_example_10
-- Up-to-date symlink: /home/psd/psd_ws/install/ros2_control_demo_example_10/share/ros2_control_demo_example_10/cmake/ament_cmake_export_targets-extras.cmake
-- Up-to-date symlink: /home/psd/psd_ws/install/ros2_control_demo_example_10/share/ros2_control_demo_example_10/cmake/ament_cmake_export_dependencies-extras.cmake
-- Up-to-date symlink: /home/psd/psd_ws/install/ros2_control_demo_example_10/share/ros2_control_demo_example_10/cmake/ros2_control_demo_example_10Config.cmake
-- Up-to-date symlink: /home/psd/psd_ws/install/ros2_control_demo_example_10/share/ros2_control_demo_example_10/cmake/ros2_control_demo_example_10Config-version.cmake
-- Up-to-date symlink: /home/psd/psd_ws/install/ros2_control_demo_example_10/share/ros2_control_demo_example_10/package.xml
-- Up-to-date: /home/psd/psd_ws/install/ros2_control_demo_example_10/lib/libros2_control_demo_example_10.so
-- Up-to-date: /home/psd/psd_ws/install/ros2_control_demo_example_10/share/ros2_control_demo_example_10/cmake/export_ros2_control_demo_example_10Export.cmake
-- Up-to-date: /home/psd/psd_ws/install/ros2_control_demo_example_10/share/ros2_control_demo_example_10/cmake/export_ros2_control_demo_example_10Export-noconfig.cmake
