[0.000000] (-) TimerEvent: {}
[0.000116] (-) JobUnselected: {'identifier': 'ackermann_steering_controller'}
[0.000163] (-) JobUnselected: {'identifier': 'admittance_controller'}
[0.000173] (-) JobUnselected: {'identifier': 'bicycle_steering_controller'}
[0.000180] (-) JobUnselected: {'identifier': 'control_msgs'}
[0.000187] (-) JobUnselected: {'identifier': 'control_toolbox'}
[0.000195] (-) JobUnselected: {'identifier': 'controller_interface'}
[0.000202] (-) JobUnselected: {'identifier': 'controller_manager'}
[0.000209] (-) JobUnselected: {'identifier': 'controller_manager_msgs'}
[0.000216] (-) JobUnselected: {'identifier': 'diff_drive_controller'}
[0.000223] (-) JobUnselected: {'identifier': 'effort_controllers'}
[0.000230] (-) JobUnselected: {'identifier': 'force_torque_sensor_broadcaster'}
[0.000237] (-) JobUnselected: {'identifier': 'forward_command_controller'}
[0.000244] (-) JobUnselected: {'identifier': 'gazebo_ros2_control'}
[0.000251] (-) JobUnselected: {'identifier': 'gazebo_ros2_control_demos'}
[0.000258] (-) JobUnselected: {'identifier': 'gripper_controllers'}
[0.000266] (-) JobUnselected: {'identifier': 'gz_ros2_control_tests'}
[0.000273] (-) JobUnselected: {'identifier': 'hardware_interface'}
[0.000279] (-) JobUnselected: {'identifier': 'hardware_interface_testing'}
[0.000286] (-) JobUnselected: {'identifier': 'ign_ros2_control'}
[0.000293] (-) JobUnselected: {'identifier': 'ign_ros2_control_demos'}
[0.000300] (-) JobUnselected: {'identifier': 'imu_sensor_broadcaster'}
[0.000307] (-) JobUnselected: {'identifier': 'joint_limits'}
[0.000315] (-) JobUnselected: {'identifier': 'joint_state_broadcaster'}
[0.000322] (-) JobUnselected: {'identifier': 'joint_trajectory_controller'}
[0.000329] (-) JobUnselected: {'identifier': 'kinematics_interface'}
[0.000336] (-) JobUnselected: {'identifier': 'kinematics_interface_kdl'}
[0.000343] (-) JobUnselected: {'identifier': 'position_controllers'}
[0.000350] (-) JobUnselected: {'identifier': 'psd_gazebo_worlds'}
[0.000357] (-) JobUnselected: {'identifier': 'psd_vehicle_bringup'}
[0.000364] (-) JobUnselected: {'identifier': 'range_sensor_broadcaster'}
[0.000371] (-) JobUnselected: {'identifier': 'realtime_tools'}
[0.000378] (-) JobUnselected: {'identifier': 'ros2_control'}
[0.000385] (-) JobUnselected: {'identifier': 'ros2_control_demo_description'}
[0.000393] (-) JobUnselected: {'identifier': 'ros2_control_demo_example_1'}
[0.000400] (-) JobUnselected: {'identifier': 'ros2_control_demo_example_10'}
[0.000407] (-) JobUnselected: {'identifier': 'ros2_control_demo_example_11'}
[0.000414] (-) JobUnselected: {'identifier': 'ros2_control_demo_example_12'}
[0.000421] (-) JobUnselected: {'identifier': 'ros2_control_demo_example_14'}
[0.000428] (-) JobUnselected: {'identifier': 'ros2_control_demo_example_2'}
[0.000435] (-) JobUnselected: {'identifier': 'ros2_control_demo_example_3'}
[0.000442] (-) JobUnselected: {'identifier': 'ros2_control_demo_example_4'}
[0.000449] (-) JobUnselected: {'identifier': 'ros2_control_demo_example_5'}
[0.000456] (-) JobUnselected: {'identifier': 'ros2_control_demo_example_6'}
[0.000464] (-) JobUnselected: {'identifier': 'ros2_control_demo_example_7'}
[0.000471] (-) JobUnselected: {'identifier': 'ros2_control_demo_example_8'}
[0.000479] (-) JobUnselected: {'identifier': 'ros2_control_demo_example_9'}
[0.000486] (-) JobUnselected: {'identifier': 'ros2_control_demos'}
[0.000494] (-) JobUnselected: {'identifier': 'ros2_control_test_assets'}
[0.000501] (-) JobUnselected: {'identifier': 'ros2_controllers'}
[0.000508] (-) JobUnselected: {'identifier': 'ros2_controllers_test_nodes'}
[0.000516] (-) JobUnselected: {'identifier': 'ros2controlcli'}
[0.000524] (-) JobUnselected: {'identifier': 'rqt_controller_manager'}
[0.000531] (-) JobUnselected: {'identifier': 'rqt_joint_trajectory_controller'}
[0.000538] (-) JobUnselected: {'identifier': 'steering_controllers_library'}
[0.000546] (-) JobUnselected: {'identifier': 'transmission_interface'}
[0.000553] (-) JobUnselected: {'identifier': 'tricycle_controller'}
[0.000561] (-) JobUnselected: {'identifier': 'tricycle_steering_controller'}
[0.000572] (-) JobUnselected: {'identifier': 'velocity_controllers'}
[0.000582] (psd_vehicle_description) JobQueued: {'identifier': 'psd_vehicle_description', 'dependencies': OrderedDict([('control_msgs', '/home/psd/psd_ws/install/control_msgs'), ('hardware_interface', '/home/psd/psd_ws/install/hardware_interface')])}
[0.000595] (psd_vehicle_description) JobStarted: {'identifier': 'psd_vehicle_description'}
[0.014368] (psd_vehicle_description) JobProgress: {'identifier': 'psd_vehicle_description', 'progress': 'cmake'}
[0.014824] (psd_vehicle_description) JobProgress: {'identifier': 'psd_vehicle_description', 'progress': 'build'}
[0.014866] (psd_vehicle_description) Command: {'cmd': ['/usr/bin/cmake', '--build', '/home/psd/psd_ws/build/psd_vehicle_description', '--', '-j20', '-l20'], 'cwd': '/home/psd/psd_ws/build/psd_vehicle_description', 'env': OrderedDict([('HOSTNAME', 'edo-ThinkPad-P1-Gen-5'), ('SHLVL', '1'), ('LD_LIBRARY_PATH', '/home/psd/psd_ws/install/hardware_interface/lib:/home/psd/psd_ws/install/control_msgs/lib:/home/psd/psd_ws/install/velocity_controllers/lib:/home/psd/psd_ws/install/tricycle_steering_controller/lib:/home/psd/psd_ws/install/tricycle_controller/lib:/home/psd/psd_ws/install/ros2_control_demo_example_8/lib:/home/psd/psd_ws/install/transmission_interface/lib:/home/psd/psd_ws/install/ros2_control_demo_example_11/lib:/home/psd/psd_ws/install/bicycle_steering_controller/lib:/home/psd/psd_ws/install/ackermann_steering_controller/lib:/home/psd/psd_ws/install/steering_controllers_library/lib:/home/psd/psd_ws/install/ros2_control_demo_example_9/lib:/home/psd/psd_ws/install/ros2_control_demo_example_7/lib:/home/psd/psd_ws/install/ros2_control_demo_example_6/lib:/home/psd/psd_ws/install/ros2_control_demo_example_5/lib:/home/psd/psd_ws/install/ros2_control_demo_example_4/lib:/home/psd/psd_ws/install/ros2_control_demo_example_3/lib:/home/psd/psd_ws/install/ros2_control_demo_example_2/lib:/home/psd/psd_ws/install/ros2_control_demo_example_14/lib:/home/psd/psd_ws/install/ros2_control_demo_example_12/lib:/home/psd/psd_ws/install/ros2_control_demo_example_10/lib:/home/psd/psd_ws/install/ros2_control_demo_example_1/lib:/home/psd/psd_ws/install/ign_ros2_control/lib:/home/psd/psd_ws/install/hardware_interface_testing/lib:/home/psd/psd_ws/install/gazebo_ros2_control/lib:/home/psd/psd_ws/install/controller_manager/lib:/home/psd/psd_ws/install/range_sensor_broadcaster/lib:/home/psd/psd_ws/install/position_controllers/lib:/home/psd/psd_ws/install/admittance_controller/lib:/home/psd/psd_ws/install/joint_trajectory_controller/lib:/home/psd/psd_ws/install/joint_state_broadcaster/lib:/home/psd/psd_ws/install/imu_sensor_broadcaster/lib:/home/psd/psd_ws/install/gripper_controllers/lib:/home/psd/psd_ws/install/effort_controllers/lib:/home/psd/psd_ws/install/forward_command_controller/lib:/home/psd/psd_ws/install/force_torque_sensor_broadcaster/lib:/home/psd/psd_ws/install/diff_drive_controller/lib:/home/psd/psd_ws/install/control_toolbox/lib:/home/psd/psd_ws/install/realtime_tools/lib:/home/psd/psd_ws/install/kinematics_interface_kdl/lib:/home/psd/psd_ws/install/kinematics_interface/lib:/home/psd/psd_ws/install/controller_interface/lib:/home/psd/psd_ws/install/controller_manager_msgs/lib:/opt/ros/humble/opt/rviz_ogre_vendor/lib:/opt/ros/humble/lib/x86_64-linux-gnu:/opt/ros/humble/lib'), ('HOME', '/home/psd'), ('OLDPWD', '/home/psd/psd_ws/src'), ('ROS_PYTHON_VERSION', '3'), ('COLCON_PREFIX_PATH', '/home/psd/psd_ws/install'), ('ROS_DISTRO', 'humble'), ('_', '/usr/bin/colcon'), ('ROS_VERSION', '2'), ('TERM', 'xterm'), ('ROS_LOCALHOST_ONLY', '0'), ('PATH', '/opt/ros/humble/bin:/usr/local/sbin:/usr/local/bin:/usr/sbin:/usr/bin:/sbin:/bin'), ('DISPLAY', ':0'), ('LANG', 'C.UTF-8'), ('AMENT_PREFIX_PATH', '/home/psd/psd_ws/install/ros2_controllers:/home/psd/psd_ws/install/ign_ros2_control_demos:/home/psd/psd_ws/install/gazebo_ros2_control_demos:/home/psd/psd_ws/install/velocity_controllers:/home/psd/psd_ws/install/tricycle_steering_controller:/home/psd/psd_ws/install/tricycle_controller:/home/psd/psd_ws/install/ros2_control_demos:/home/psd/psd_ws/install/ros2_control_demo_example_8:/home/psd/psd_ws/install/ros2_control:/home/psd/psd_ws/install/transmission_interface:/home/psd/psd_ws/install/ros2_control_demo_example_11:/home/psd/psd_ws/install/bicycle_steering_controller:/home/psd/psd_ws/install/ackermann_steering_controller:/home/psd/psd_ws/install/steering_controllers_library:/home/psd/psd_ws/install/rqt_joint_trajectory_controller:/home/psd/psd_ws/install/rqt_controller_manager:/home/psd/psd_ws/install/ros2_control_demo_example_9:/home/psd/psd_ws/install/ros2_control_demo_example_7:/home/psd/psd_ws/install/ros2_control_demo_example_6:/home/psd/psd_ws/install/ros2_control_demo_example_5:/home/psd/psd_ws/install/ros2_control_demo_example_4:/home/psd/psd_ws/install/ros2_control_demo_example_3:/home/psd/psd_ws/install/ros2_control_demo_example_2:/home/psd/psd_ws/install/ros2_control_demo_example_14:/home/psd/psd_ws/install/ros2_control_demo_example_12:/home/psd/psd_ws/install/ros2_control_demo_example_10:/home/psd/psd_ws/install/ros2_control_demo_example_1:/home/psd/psd_ws/install/gz_ros2_control_tests:/home/psd/psd_ws/install/ros2controlcli:/home/psd/psd_ws/install/psd_vehicle_bringup:/home/psd/psd_ws/install/ros2_controllers_test_nodes:/home/psd/psd_ws/install/ign_ros2_control:/home/psd/psd_ws/install/hardware_interface_testing:/home/psd/psd_ws/install/gazebo_ros2_control:/home/psd/psd_ws/install/controller_manager:/home/psd/psd_ws/install/ros2_control_test_assets:/home/psd/psd_ws/install/ros2_control_demo_description:/home/psd/psd_ws/install/range_sensor_broadcaster:/home/psd/psd_ws/install/position_controllers:/home/psd/psd_ws/install/admittance_controller:/home/psd/psd_ws/install/joint_trajectory_controller:/home/psd/psd_ws/install/joint_state_broadcaster:/home/psd/psd_ws/install/imu_sensor_broadcaster:/home/psd/psd_ws/install/gripper_controllers:/home/psd/psd_ws/install/effort_controllers:/home/psd/psd_ws/install/forward_command_controller:/home/psd/psd_ws/install/force_torque_sensor_broadcaster:/home/psd/psd_ws/install/diff_drive_controller:/home/psd/psd_ws/install/control_toolbox:/home/psd/psd_ws/install/realtime_tools:/home/psd/psd_ws/install/psd_vehicle_description:/home/psd/psd_ws/install/psd_gazebo_worlds:/home/psd/psd_ws/install/kinematics_interface_kdl:/home/psd/psd_ws/install/kinematics_interface:/home/psd/psd_ws/install/joint_limits:/home/psd/psd_ws/install/controller_interface:/home/psd/psd_ws/install/hardware_interface:/home/psd/psd_ws/install/controller_manager_msgs:/home/psd/psd_ws/install/control_msgs:/opt/ros/humble'), ('PWD', '/home/psd/psd_ws/build/psd_vehicle_description'), ('LC_ALL', 'C.UTF-8'), ('PYTHONPATH', '/home/psd/psd_ws/build/rqt_joint_trajectory_controller:/home/psd/psd_ws/install/rqt_joint_trajectory_controller/lib/python3.10/site-packages:/home/psd/psd_ws/build/rqt_controller_manager:/home/psd/psd_ws/install/rqt_controller_manager/lib/python3.10/site-packages:/home/psd/psd_ws/build/ros2controlcli:/home/psd/psd_ws/install/ros2controlcli/lib/python3.10/site-packages:/home/psd/psd_ws/build/ros2_controllers_test_nodes:/home/psd/psd_ws/install/ros2_controllers_test_nodes/lib/python3.10/site-packages:/home/psd/psd_ws/install/controller_manager/local/lib/python3.10/dist-packages:/home/psd/psd_ws/install/controller_manager_msgs/local/lib/python3.10/dist-packages:/home/psd/psd_ws/install/control_msgs/local/lib/python3.10/dist-packages:/opt/ros/humble/lib/python3.10/site-packages:/opt/ros/humble/local/lib/python3.10/dist-packages'), ('COLCON', '1'), ('CMAKE_PREFIX_PATH', '/home/psd/psd_ws/install/hardware_interface:/home/psd/psd_ws/install/control_msgs:/home/psd/psd_ws/install/ros2_controllers:/home/psd/psd_ws/install/ign_ros2_control_demos:/home/psd/psd_ws/install/gazebo_ros2_control_demos:/home/psd/psd_ws/install/velocity_controllers:/home/psd/psd_ws/install/tricycle_steering_controller:/home/psd/psd_ws/install/tricycle_controller:/home/psd/psd_ws/install/ros2_control_demos:/home/psd/psd_ws/install/ros2_control_demo_example_8:/home/psd/psd_ws/install/ros2_control:/home/psd/psd_ws/install/transmission_interface:/home/psd/psd_ws/install/ros2_control_demo_example_11:/home/psd/psd_ws/install/bicycle_steering_controller:/home/psd/psd_ws/install/ackermann_steering_controller:/home/psd/psd_ws/install/steering_controllers_library:/home/psd/psd_ws/install/ros2_control_demo_example_9:/home/psd/psd_ws/install/ros2_control_demo_example_7:/home/psd/psd_ws/install/ros2_control_demo_example_6:/home/psd/psd_ws/install/ros2_control_demo_example_5:/home/psd/psd_ws/install/ros2_control_demo_example_4:/home/psd/psd_ws/install/ros2_control_demo_example_3:/home/psd/psd_ws/install/ros2_control_demo_example_2:/home/psd/psd_ws/install/ros2_control_demo_example_14:/home/psd/psd_ws/install/ros2_control_demo_example_12:/home/psd/psd_ws/install/ros2_control_demo_example_10:/home/psd/psd_ws/install/ros2_control_demo_example_1:/home/psd/psd_ws/install/gz_ros2_control_tests:/home/psd/psd_ws/install/psd_vehicle_bringup:/home/psd/psd_ws/install/ign_ros2_control:/home/psd/psd_ws/install/hardware_interface_testing:/home/psd/psd_ws/install/gazebo_ros2_control:/home/psd/psd_ws/install/controller_manager:/home/psd/psd_ws/install/ros2_control_test_assets:/home/psd/psd_ws/install/ros2_control_demo_description:/home/psd/psd_ws/install/range_sensor_broadcaster:/home/psd/psd_ws/install/position_controllers:/home/psd/psd_ws/install/admittance_controller:/home/psd/psd_ws/install/joint_trajectory_controller:/home/psd/psd_ws/install/joint_state_broadcaster:/home/psd/psd_ws/install/imu_sensor_broadcaster:/home/psd/psd_ws/install/gripper_controllers:/home/psd/psd_ws/install/effort_controllers:/home/psd/psd_ws/install/forward_command_controller:/home/psd/psd_ws/install/force_torque_sensor_broadcaster:/home/psd/psd_ws/install/diff_drive_controller:/home/psd/psd_ws/install/control_toolbox:/home/psd/psd_ws/install/realtime_tools:/home/psd/psd_ws/install/psd_vehicle_description:/home/psd/psd_ws/install/psd_gazebo_worlds:/home/psd/psd_ws/install/kinematics_interface_kdl:/home/psd/psd_ws/install/kinematics_interface:/home/psd/psd_ws/install/joint_limits:/home/psd/psd_ws/install/controller_interface:/home/psd/psd_ws/install/controller_manager_msgs:/home/psd/psd_ws/install/rqt_joint_trajectory_controller:/home/psd/psd_ws/install/rqt_controller_manager:/home/psd/psd_ws/install/ros2controlcli:/home/psd/psd_ws/install/ros2_controllers_test_nodes:/opt/ros/humble')]), 'shell': False}
[0.047802] (psd_vehicle_description) CommandEnded: {'returncode': 0}
[0.076474] (psd_vehicle_description) JobProgress: {'identifier': 'psd_vehicle_description', 'progress': 'install'}
[0.084927] (psd_vehicle_description) Command: {'cmd': ['/usr/bin/cmake', '--install', '/home/psd/psd_ws/build/psd_vehicle_description'], 'cwd': '/home/psd/psd_ws/build/psd_vehicle_description', 'env': OrderedDict([('HOSTNAME', 'edo-ThinkPad-P1-Gen-5'), ('SHLVL', '1'), ('LD_LIBRARY_PATH', '/home/psd/psd_ws/install/hardware_interface/lib:/home/psd/psd_ws/install/control_msgs/lib:/home/psd/psd_ws/install/velocity_controllers/lib:/home/psd/psd_ws/install/tricycle_steering_controller/lib:/home/psd/psd_ws/install/tricycle_controller/lib:/home/psd/psd_ws/install/ros2_control_demo_example_8/lib:/home/psd/psd_ws/install/transmission_interface/lib:/home/psd/psd_ws/install/ros2_control_demo_example_11/lib:/home/psd/psd_ws/install/bicycle_steering_controller/lib:/home/psd/psd_ws/install/ackermann_steering_controller/lib:/home/psd/psd_ws/install/steering_controllers_library/lib:/home/psd/psd_ws/install/ros2_control_demo_example_9/lib:/home/psd/psd_ws/install/ros2_control_demo_example_7/lib:/home/psd/psd_ws/install/ros2_control_demo_example_6/lib:/home/psd/psd_ws/install/ros2_control_demo_example_5/lib:/home/psd/psd_ws/install/ros2_control_demo_example_4/lib:/home/psd/psd_ws/install/ros2_control_demo_example_3/lib:/home/psd/psd_ws/install/ros2_control_demo_example_2/lib:/home/psd/psd_ws/install/ros2_control_demo_example_14/lib:/home/psd/psd_ws/install/ros2_control_demo_example_12/lib:/home/psd/psd_ws/install/ros2_control_demo_example_10/lib:/home/psd/psd_ws/install/ros2_control_demo_example_1/lib:/home/psd/psd_ws/install/ign_ros2_control/lib:/home/psd/psd_ws/install/hardware_interface_testing/lib:/home/psd/psd_ws/install/gazebo_ros2_control/lib:/home/psd/psd_ws/install/controller_manager/lib:/home/psd/psd_ws/install/range_sensor_broadcaster/lib:/home/psd/psd_ws/install/position_controllers/lib:/home/psd/psd_ws/install/admittance_controller/lib:/home/psd/psd_ws/install/joint_trajectory_controller/lib:/home/psd/psd_ws/install/joint_state_broadcaster/lib:/home/psd/psd_ws/install/imu_sensor_broadcaster/lib:/home/psd/psd_ws/install/gripper_controllers/lib:/home/psd/psd_ws/install/effort_controllers/lib:/home/psd/psd_ws/install/forward_command_controller/lib:/home/psd/psd_ws/install/force_torque_sensor_broadcaster/lib:/home/psd/psd_ws/install/diff_drive_controller/lib:/home/psd/psd_ws/install/control_toolbox/lib:/home/psd/psd_ws/install/realtime_tools/lib:/home/psd/psd_ws/install/kinematics_interface_kdl/lib:/home/psd/psd_ws/install/kinematics_interface/lib:/home/psd/psd_ws/install/controller_interface/lib:/home/psd/psd_ws/install/controller_manager_msgs/lib:/opt/ros/humble/opt/rviz_ogre_vendor/lib:/opt/ros/humble/lib/x86_64-linux-gnu:/opt/ros/humble/lib'), ('HOME', '/home/psd'), ('OLDPWD', '/home/psd/psd_ws/src'), ('ROS_PYTHON_VERSION', '3'), ('COLCON_PREFIX_PATH', '/home/psd/psd_ws/install'), ('ROS_DISTRO', 'humble'), ('_', '/usr/bin/colcon'), ('ROS_VERSION', '2'), ('TERM', 'xterm'), ('ROS_LOCALHOST_ONLY', '0'), ('PATH', '/opt/ros/humble/bin:/usr/local/sbin:/usr/local/bin:/usr/sbin:/usr/bin:/sbin:/bin'), ('DISPLAY', ':0'), ('LANG', 'C.UTF-8'), ('AMENT_PREFIX_PATH', '/home/psd/psd_ws/install/ros2_controllers:/home/psd/psd_ws/install/ign_ros2_control_demos:/home/psd/psd_ws/install/gazebo_ros2_control_demos:/home/psd/psd_ws/install/velocity_controllers:/home/psd/psd_ws/install/tricycle_steering_controller:/home/psd/psd_ws/install/tricycle_controller:/home/psd/psd_ws/install/ros2_control_demos:/home/psd/psd_ws/install/ros2_control_demo_example_8:/home/psd/psd_ws/install/ros2_control:/home/psd/psd_ws/install/transmission_interface:/home/psd/psd_ws/install/ros2_control_demo_example_11:/home/psd/psd_ws/install/bicycle_steering_controller:/home/psd/psd_ws/install/ackermann_steering_controller:/home/psd/psd_ws/install/steering_controllers_library:/home/psd/psd_ws/install/rqt_joint_trajectory_controller:/home/psd/psd_ws/install/rqt_controller_manager:/home/psd/psd_ws/install/ros2_control_demo_example_9:/home/psd/psd_ws/install/ros2_control_demo_example_7:/home/psd/psd_ws/install/ros2_control_demo_example_6:/home/psd/psd_ws/install/ros2_control_demo_example_5:/home/psd/psd_ws/install/ros2_control_demo_example_4:/home/psd/psd_ws/install/ros2_control_demo_example_3:/home/psd/psd_ws/install/ros2_control_demo_example_2:/home/psd/psd_ws/install/ros2_control_demo_example_14:/home/psd/psd_ws/install/ros2_control_demo_example_12:/home/psd/psd_ws/install/ros2_control_demo_example_10:/home/psd/psd_ws/install/ros2_control_demo_example_1:/home/psd/psd_ws/install/gz_ros2_control_tests:/home/psd/psd_ws/install/ros2controlcli:/home/psd/psd_ws/install/psd_vehicle_bringup:/home/psd/psd_ws/install/ros2_controllers_test_nodes:/home/psd/psd_ws/install/ign_ros2_control:/home/psd/psd_ws/install/hardware_interface_testing:/home/psd/psd_ws/install/gazebo_ros2_control:/home/psd/psd_ws/install/controller_manager:/home/psd/psd_ws/install/ros2_control_test_assets:/home/psd/psd_ws/install/ros2_control_demo_description:/home/psd/psd_ws/install/range_sensor_broadcaster:/home/psd/psd_ws/install/position_controllers:/home/psd/psd_ws/install/admittance_controller:/home/psd/psd_ws/install/joint_trajectory_controller:/home/psd/psd_ws/install/joint_state_broadcaster:/home/psd/psd_ws/install/imu_sensor_broadcaster:/home/psd/psd_ws/install/gripper_controllers:/home/psd/psd_ws/install/effort_controllers:/home/psd/psd_ws/install/forward_command_controller:/home/psd/psd_ws/install/force_torque_sensor_broadcaster:/home/psd/psd_ws/install/diff_drive_controller:/home/psd/psd_ws/install/control_toolbox:/home/psd/psd_ws/install/realtime_tools:/home/psd/psd_ws/install/psd_vehicle_description:/home/psd/psd_ws/install/psd_gazebo_worlds:/home/psd/psd_ws/install/kinematics_interface_kdl:/home/psd/psd_ws/install/kinematics_interface:/home/psd/psd_ws/install/joint_limits:/home/psd/psd_ws/install/controller_interface:/home/psd/psd_ws/install/hardware_interface:/home/psd/psd_ws/install/controller_manager_msgs:/home/psd/psd_ws/install/control_msgs:/opt/ros/humble'), ('PWD', '/home/psd/psd_ws/build/psd_vehicle_description'), ('LC_ALL', 'C.UTF-8'), ('PYTHONPATH', '/home/psd/psd_ws/build/rqt_joint_trajectory_controller:/home/psd/psd_ws/install/rqt_joint_trajectory_controller/lib/python3.10/site-packages:/home/psd/psd_ws/build/rqt_controller_manager:/home/psd/psd_ws/install/rqt_controller_manager/lib/python3.10/site-packages:/home/psd/psd_ws/build/ros2controlcli:/home/psd/psd_ws/install/ros2controlcli/lib/python3.10/site-packages:/home/psd/psd_ws/build/ros2_controllers_test_nodes:/home/psd/psd_ws/install/ros2_controllers_test_nodes/lib/python3.10/site-packages:/home/psd/psd_ws/install/controller_manager/local/lib/python3.10/dist-packages:/home/psd/psd_ws/install/controller_manager_msgs/local/lib/python3.10/dist-packages:/home/psd/psd_ws/install/control_msgs/local/lib/python3.10/dist-packages:/opt/ros/humble/lib/python3.10/site-packages:/opt/ros/humble/local/lib/python3.10/dist-packages'), ('COLCON', '1'), ('CMAKE_PREFIX_PATH', '/home/psd/psd_ws/install/hardware_interface:/home/psd/psd_ws/install/control_msgs:/home/psd/psd_ws/install/ros2_controllers:/home/psd/psd_ws/install/ign_ros2_control_demos:/home/psd/psd_ws/install/gazebo_ros2_control_demos:/home/psd/psd_ws/install/velocity_controllers:/home/psd/psd_ws/install/tricycle_steering_controller:/home/psd/psd_ws/install/tricycle_controller:/home/psd/psd_ws/install/ros2_control_demos:/home/psd/psd_ws/install/ros2_control_demo_example_8:/home/psd/psd_ws/install/ros2_control:/home/psd/psd_ws/install/transmission_interface:/home/psd/psd_ws/install/ros2_control_demo_example_11:/home/psd/psd_ws/install/bicycle_steering_controller:/home/psd/psd_ws/install/ackermann_steering_controller:/home/psd/psd_ws/install/steering_controllers_library:/home/psd/psd_ws/install/ros2_control_demo_example_9:/home/psd/psd_ws/install/ros2_control_demo_example_7:/home/psd/psd_ws/install/ros2_control_demo_example_6:/home/psd/psd_ws/install/ros2_control_demo_example_5:/home/psd/psd_ws/install/ros2_control_demo_example_4:/home/psd/psd_ws/install/ros2_control_demo_example_3:/home/psd/psd_ws/install/ros2_control_demo_example_2:/home/psd/psd_ws/install/ros2_control_demo_example_14:/home/psd/psd_ws/install/ros2_control_demo_example_12:/home/psd/psd_ws/install/ros2_control_demo_example_10:/home/psd/psd_ws/install/ros2_control_demo_example_1:/home/psd/psd_ws/install/gz_ros2_control_tests:/home/psd/psd_ws/install/psd_vehicle_bringup:/home/psd/psd_ws/install/ign_ros2_control:/home/psd/psd_ws/install/hardware_interface_testing:/home/psd/psd_ws/install/gazebo_ros2_control:/home/psd/psd_ws/install/controller_manager:/home/psd/psd_ws/install/ros2_control_test_assets:/home/psd/psd_ws/install/ros2_control_demo_description:/home/psd/psd_ws/install/range_sensor_broadcaster:/home/psd/psd_ws/install/position_controllers:/home/psd/psd_ws/install/admittance_controller:/home/psd/psd_ws/install/joint_trajectory_controller:/home/psd/psd_ws/install/joint_state_broadcaster:/home/psd/psd_ws/install/imu_sensor_broadcaster:/home/psd/psd_ws/install/gripper_controllers:/home/psd/psd_ws/install/effort_controllers:/home/psd/psd_ws/install/forward_command_controller:/home/psd/psd_ws/install/force_torque_sensor_broadcaster:/home/psd/psd_ws/install/diff_drive_controller:/home/psd/psd_ws/install/control_toolbox:/home/psd/psd_ws/install/realtime_tools:/home/psd/psd_ws/install/psd_vehicle_description:/home/psd/psd_ws/install/psd_gazebo_worlds:/home/psd/psd_ws/install/kinematics_interface_kdl:/home/psd/psd_ws/install/kinematics_interface:/home/psd/psd_ws/install/joint_limits:/home/psd/psd_ws/install/controller_interface:/home/psd/psd_ws/install/controller_manager_msgs:/home/psd/psd_ws/install/rqt_joint_trajectory_controller:/home/psd/psd_ws/install/rqt_controller_manager:/home/psd/psd_ws/install/ros2controlcli:/home/psd/psd_ws/install/ros2_controllers_test_nodes:/opt/ros/humble')]), 'shell': False}
[0.091407] (psd_vehicle_description) StdoutLine: {'line': b'-- Install configuration: ""\n'}
[0.091683] (psd_vehicle_description) StdoutLine: {'line': b'-- Execute custom install script\n'}
[0.091899] (psd_vehicle_description) StdoutLine: {'line': b'-- Up-to-date symlink: /home/psd/psd_ws/install/psd_vehicle_description/share/psd_vehicle_description/rviz/psd_vehicle.rviz\n'}
[0.092020] (psd_vehicle_description) StdoutLine: {'line': b'-- Up-to-date symlink: /home/psd/psd_ws/install/psd_vehicle_description/share/psd_vehicle_description/view_psd_vehicle.launch.py\n'}
[0.092215] (psd_vehicle_description) StdoutLine: {'line': b'-- Up-to-date symlink: /home/psd/psd_ws/install/psd_vehicle_description/share/psd_vehicle_description/meshes/collision/base_link.stl\n'}
[0.092268] (psd_vehicle_description) StdoutLine: {'line': b'-- Up-to-date symlink: /home/psd/psd_ws/install/psd_vehicle_description/share/psd_vehicle_description/meshes/collision/link_FL_1.stl\n'}
[0.092324] (psd_vehicle_description) StdoutLine: {'line': b'-- Up-to-date symlink: /home/psd/psd_ws/install/psd_vehicle_description/share/psd_vehicle_description/meshes/collision/link_FR_1.stl\n'}
[0.092365] (psd_vehicle_description) StdoutLine: {'line': b'-- Up-to-date symlink: /home/psd/psd_ws/install/psd_vehicle_description/share/psd_vehicle_description/meshes/collision/link_RL_1.stl\n'}
[0.092413] (psd_vehicle_description) StdoutLine: {'line': b'-- Up-to-date symlink: /home/psd/psd_ws/install/psd_vehicle_description/share/psd_vehicle_description/meshes/collision/link_RR_1.stl\n'}
[0.092461] (psd_vehicle_description) StdoutLine: {'line': b'-- Up-to-date symlink: /home/psd/psd_ws/install/psd_vehicle_description/share/psd_vehicle_description/meshes/collision/perno_FL_1.stl\n'}
[0.092508] (psd_vehicle_description) StdoutLine: {'line': b'-- Up-to-date symlink: /home/psd/psd_ws/install/psd_vehicle_description/share/psd_vehicle_description/meshes/collision/perno_FR_1.stl\n'}
[0.092555] (psd_vehicle_description) StdoutLine: {'line': b'-- Up-to-date symlink: /home/psd/psd_ws/install/psd_vehicle_description/share/psd_vehicle_description/meshes/collision/tyre_FL_1.stl\n'}
[0.092602] (psd_vehicle_description) StdoutLine: {'line': b'-- Up-to-date symlink: /home/psd/psd_ws/install/psd_vehicle_description/share/psd_vehicle_description/meshes/collision/tyre_FR_1.stl\n'}
[0.092665] (psd_vehicle_description) StdoutLine: {'line': b'-- Up-to-date symlink: /home/psd/psd_ws/install/psd_vehicle_description/share/psd_vehicle_description/meshes/collision/tyre_RL_1.stl\n'}
[0.092701] (psd_vehicle_description) StdoutLine: {'line': b'-- Up-to-date symlink: /home/psd/psd_ws/install/psd_vehicle_description/share/psd_vehicle_description/meshes/collision/tyre_RR_1.stl\n'}
[0.092744] (psd_vehicle_description) StdoutLine: {'line': b'-- Up-to-date symlink: /home/psd/psd_ws/install/psd_vehicle_description/share/psd_vehicle_description/meshes/components/camera_mount_bot.dae\n'}
[0.092791] (psd_vehicle_description) StdoutLine: {'line': b'-- Up-to-date symlink: /home/psd/psd_ws/install/psd_vehicle_description/share/psd_vehicle_description/meshes/components/camera_mount_mid.dae\n'}
[0.092838] (psd_vehicle_description) StdoutLine: {'line': b'-- Up-to-date symlink: /home/psd/psd_ws/install/psd_vehicle_description/share/psd_vehicle_description/meshes/components/camera_mount_top.dae\n'}
[0.092886] (psd_vehicle_description) StdoutLine: {'line': b'-- Up-to-date symlink: /home/psd/psd_ws/install/psd_vehicle_description/share/psd_vehicle_description/meshes/visual/base_link.dae\n'}
[0.092933] (psd_vehicle_description) StdoutLine: {'line': b'-- Up-to-date symlink: /home/psd/psd_ws/install/psd_vehicle_description/share/psd_vehicle_description/meshes/visual/base_link.stl\n'}
[0.092980] (psd_vehicle_description) StdoutLine: {'line': b'-- Up-to-date symlink: /home/psd/psd_ws/install/psd_vehicle_description/share/psd_vehicle_description/meshes/visual/link_FL_1.stl\n'}
[0.093026] (psd_vehicle_description) StdoutLine: {'line': b'-- Up-to-date symlink: /home/psd/psd_ws/install/psd_vehicle_description/share/psd_vehicle_description/meshes/visual/link_FR_1.stl\n'}
[0.093071] (psd_vehicle_description) StdoutLine: {'line': b'-- Up-to-date symlink: /home/psd/psd_ws/install/psd_vehicle_description/share/psd_vehicle_description/meshes/visual/link_RL_1.stl\n'}
[0.093117] (psd_vehicle_description) StdoutLine: {'line': b'-- Up-to-date symlink: /home/psd/psd_ws/install/psd_vehicle_description/share/psd_vehicle_description/meshes/visual/link_RR_1.stl\n'}
[0.093162] (psd_vehicle_description) StdoutLine: {'line': b'-- Up-to-date symlink: /home/psd/psd_ws/install/psd_vehicle_description/share/psd_vehicle_description/meshes/visual/link_fl_1.dae\n'}
[0.093207] (psd_vehicle_description) StdoutLine: {'line': b'-- Up-to-date symlink: /home/psd/psd_ws/install/psd_vehicle_description/share/psd_vehicle_description/meshes/visual/link_fr_1.dae\n'}
[0.093252] (psd_vehicle_description) StdoutLine: {'line': b'-- Up-to-date symlink: /home/psd/psd_ws/install/psd_vehicle_description/share/psd_vehicle_description/meshes/visual/link_rl_1.dae\n'}
[0.093299] (psd_vehicle_description) StdoutLine: {'line': b'-- Up-to-date symlink: /home/psd/psd_ws/install/psd_vehicle_description/share/psd_vehicle_description/meshes/visual/link_rr_1.dae\n'}
[0.093346] (psd_vehicle_description) StdoutLine: {'line': b'-- Up-to-date symlink: /home/psd/psd_ws/install/psd_vehicle_description/share/psd_vehicle_description/meshes/visual/perno_FL_1.stl\n'}
[0.093394] (psd_vehicle_description) StdoutLine: {'line': b'-- Up-to-date symlink: /home/psd/psd_ws/install/psd_vehicle_description/share/psd_vehicle_description/meshes/visual/perno_FR_1.stl\n'}
[0.093439] (psd_vehicle_description) StdoutLine: {'line': b'-- Up-to-date symlink: /home/psd/psd_ws/install/psd_vehicle_description/share/psd_vehicle_description/meshes/visual/perno_fl_1.dae\n'}
[0.093485] (psd_vehicle_description) StdoutLine: {'line': b'-- Up-to-date symlink: /home/psd/psd_ws/install/psd_vehicle_description/share/psd_vehicle_description/meshes/visual/perno_fr_1.dae\n'}
[0.093531] (psd_vehicle_description) StdoutLine: {'line': b'-- Up-to-date symlink: /home/psd/psd_ws/install/psd_vehicle_description/share/psd_vehicle_description/meshes/visual/tyre_FL_1.stl\n'}
[0.093576] (psd_vehicle_description) StdoutLine: {'line': b'-- Up-to-date symlink: /home/psd/psd_ws/install/psd_vehicle_description/share/psd_vehicle_description/meshes/visual/tyre_FR_1.stl\n'}
[0.093622] (psd_vehicle_description) StdoutLine: {'line': b'-- Up-to-date symlink: /home/psd/psd_ws/install/psd_vehicle_description/share/psd_vehicle_description/meshes/visual/tyre_RL_1.stl\n'}
[0.093667] (psd_vehicle_description) StdoutLine: {'line': b'-- Up-to-date symlink: /home/psd/psd_ws/install/psd_vehicle_description/share/psd_vehicle_description/meshes/visual/tyre_RR_1.stl\n'}
[0.093712] (psd_vehicle_description) StdoutLine: {'line': b'-- Up-to-date symlink: /home/psd/psd_ws/install/psd_vehicle_description/share/psd_vehicle_description/meshes/visual/tyre_fl_1.dae\n'}
[0.093758] (psd_vehicle_description) StdoutLine: {'line': b'-- Up-to-date symlink: /home/psd/psd_ws/install/psd_vehicle_description/share/psd_vehicle_description/meshes/visual/tyre_fr_1.dae\n'}
[0.093804] (psd_vehicle_description) StdoutLine: {'line': b'-- Up-to-date symlink: /home/psd/psd_ws/install/psd_vehicle_description/share/psd_vehicle_description/meshes/visual/tyre_rl_1.dae\n'}
[0.093867] (psd_vehicle_description) StdoutLine: {'line': b'-- Up-to-date symlink: /home/psd/psd_ws/install/psd_vehicle_description/share/psd_vehicle_description/meshes/visual/tyre_rr_1.dae\n'}
[0.094004] (psd_vehicle_description) StdoutLine: {'line': b'-- Up-to-date symlink: /home/psd/psd_ws/install/psd_vehicle_description/share/psd_vehicle_description/urdf/components/camera_mount.urdf.xacro\n'}
[0.094052] (psd_vehicle_description) StdoutLine: {'line': b'-- Up-to-date symlink: /home/psd/psd_ws/install/psd_vehicle_description/share/psd_vehicle_description/urdf/materials.xacro\n'}
[0.094107] (psd_vehicle_description) StdoutLine: {'line': b'-- Up-to-date symlink: /home/psd/psd_ws/install/psd_vehicle_description/share/psd_vehicle_description/urdf/psd_vehicle.urdf.xacro\n'}
[0.094236] (psd_vehicle_description) StdoutLine: {'line': b'-- Up-to-date symlink: /home/psd/psd_ws/install/psd_vehicle_description/share/psd_vehicle_description/urdf/psd_vehicle_macro.ros2_control.xacro\n'}
[0.094311] (psd_vehicle_description) StdoutLine: {'line': b'-- Up-to-date symlink: /home/psd/psd_ws/install/psd_vehicle_description/share/psd_vehicle_description/urdf/psd_vehicle_macro.urdf.xacro\n'}
[0.094365] (psd_vehicle_description) StdoutLine: {'line': b'-- Up-to-date symlink: /home/psd/psd_ws/install/psd_vehicle_description/share/ament_index/resource_index/package_run_dependencies/psd_vehicle_description\n'}
[0.094416] (psd_vehicle_description) StdoutLine: {'line': b'-- Up-to-date symlink: /home/psd/psd_ws/install/psd_vehicle_description/share/ament_index/resource_index/parent_prefix_path/psd_vehicle_description\n'}
[0.094468] (psd_vehicle_description) StdoutLine: {'line': b'-- Up-to-date symlink: /home/psd/psd_ws/install/psd_vehicle_description/share/psd_vehicle_description/environment/ament_prefix_path.sh\n'}
[0.094531] (psd_vehicle_description) StdoutLine: {'line': b'-- Up-to-date symlink: /home/psd/psd_ws/install/psd_vehicle_description/share/psd_vehicle_description/environment/ament_prefix_path.dsv\n'}
[0.094603] (psd_vehicle_description) StdoutLine: {'line': b'-- Up-to-date symlink: /home/psd/psd_ws/install/psd_vehicle_description/share/psd_vehicle_description/environment/path.sh\n'}
[0.094673] (psd_vehicle_description) StdoutLine: {'line': b'-- Up-to-date symlink: /home/psd/psd_ws/install/psd_vehicle_description/share/psd_vehicle_description/environment/path.dsv\n'}
[0.094742] (psd_vehicle_description) StdoutLine: {'line': b'-- Up-to-date symlink: /home/psd/psd_ws/install/psd_vehicle_description/share/psd_vehicle_description/local_setup.bash\n'}
[0.094810] (psd_vehicle_description) StdoutLine: {'line': b'-- Up-to-date symlink: /home/psd/psd_ws/install/psd_vehicle_description/share/psd_vehicle_description/local_setup.sh\n'}
[0.094875] (psd_vehicle_description) StdoutLine: {'line': b'-- Up-to-date symlink: /home/psd/psd_ws/install/psd_vehicle_description/share/psd_vehicle_description/local_setup.zsh\n'}
[0.094940] (psd_vehicle_description) StdoutLine: {'line': b'-- Up-to-date symlink: /home/psd/psd_ws/install/psd_vehicle_description/share/psd_vehicle_description/local_setup.dsv\n'}
[0.094988] (psd_vehicle_description) StdoutLine: {'line': b'-- Symlinking: /home/psd/psd_ws/install/psd_vehicle_description/share/psd_vehicle_description/package.dsv\n'}
[0.099259] (-) TimerEvent: {}
[0.102325] (psd_vehicle_description) StdoutLine: {'line': b'-- Up-to-date symlink: /home/psd/psd_ws/install/psd_vehicle_description/share/ament_index/resource_index/packages/psd_vehicle_description\n'}
[0.102497] (psd_vehicle_description) StdoutLine: {'line': b'-- Up-to-date symlink: /home/psd/psd_ws/install/psd_vehicle_description/share/psd_vehicle_description/cmake/psd_vehicle_descriptionConfig.cmake\n'}
[0.102575] (psd_vehicle_description) StdoutLine: {'line': b'-- Up-to-date symlink: /home/psd/psd_ws/install/psd_vehicle_description/share/psd_vehicle_description/cmake/psd_vehicle_descriptionConfig-version.cmake\n'}
[0.102609] (psd_vehicle_description) StdoutLine: {'line': b'-- Up-to-date symlink: /home/psd/psd_ws/install/psd_vehicle_description/share/psd_vehicle_description/package.xml\n'}
[0.103729] (psd_vehicle_description) CommandEnded: {'returncode': 0}
[0.137433] (psd_vehicle_description) JobEnded: {'identifier': 'psd_vehicle_description', 'rc': 0}
[0.137795] (-) EventReactorShutdown: {}
