[0.017s] Invoking command in '/home/ubuntu/psd_ws/build/ros_components_description': CMAKE_PREFIX_PATH=${CMAKE_PREFIX_PATH}:/opt/ros/jazzy /usr/bin/cmake /home/ubuntu/psd_ws/src/ros_components_description -DAMENT_CMAKE_SYMLINK_INSTALL=1 -DCMAKE_INSTALL_PREFIX=/home/ubuntu/psd_ws/install/ros_components_description
[0.060s] -- The C compiler identification is GNU 13.2.0
[0.105s] -- The CXX compiler identification is GNU 13.2.0
[0.116s] -- Detecting C compiler ABI info
[0.180s] -- Detecting C compiler ABI info - done
[0.190s] -- Check for working C compiler: /usr/bin/cc - skipped
[0.190s] -- Detecting C compile features
[0.190s] -- Detecting C compile features - done
[0.198s] -- Detecting CXX compiler ABI info
[0.297s] -- Detecting CXX compiler ABI info - done
[0.302s] -- Check for working CXX compiler: /usr/bin/c++ - skipped
[0.303s] -- Detecting CXX compile features
[0.303s] -- Detecting CXX compile features - done
[0.307s] -- Found ament_cmake: 2.5.0 (/opt/ros/jazzy/share/ament_cmake/cmake)
[0.421s] -- Found Python3: /usr/bin/python3 (found version "3.12.3") found components: Interpreter 
[0.472s] -- Override CMake install command with custom implementation using symlinks instead of copying resources
[0.506s] -- Found ament_cmake_pytest: 2.5.0 (/opt/ros/jazzy/share/ament_cmake_pytest/cmake)
[0.798s] -- Configuring done (0.8s)
[0.800s] -- Generating done (0.0s)
[0.801s] -- Build files have been written to: /home/ubuntu/psd_ws/build/ros_components_description
[0.804s] Invoked command in '/home/ubuntu/psd_ws/build/ros_components_description' returned '0': CMAKE_PREFIX_PATH=${CMAKE_PREFIX_PATH}:/opt/ros/jazzy /usr/bin/cmake /home/ubuntu/psd_ws/src/ros_components_description -DAMENT_CMAKE_SYMLINK_INSTALL=1 -DCMAKE_INSTALL_PREFIX=/home/ubuntu/psd_ws/install/ros_components_description
[0.805s] Invoking command in '/home/ubuntu/psd_ws/build/ros_components_description': CMAKE_PREFIX_PATH=${CMAKE_PREFIX_PATH}:/opt/ros/jazzy /usr/bin/cmake --build /home/ubuntu/psd_ws/build/ros_components_description -- -j20 -l20
[0.829s] Invoked command in '/home/ubuntu/psd_ws/build/ros_components_description' returned '0': CMAKE_PREFIX_PATH=${CMAKE_PREFIX_PATH}:/opt/ros/jazzy /usr/bin/cmake --build /home/ubuntu/psd_ws/build/ros_components_description -- -j20 -l20
[0.843s] Invoking command in '/home/ubuntu/psd_ws/build/ros_components_description': CMAKE_PREFIX_PATH=${CMAKE_PREFIX_PATH}:/opt/ros/jazzy /usr/bin/cmake --install /home/ubuntu/psd_ws/build/ros_components_description
[0.848s] -- Install configuration: ""
[0.849s] -- Execute custom install script
[0.849s] -- Symlinking: /home/ubuntu/psd_ws/install/ros_components_description/share/ros_components_description/meshes/intel_realsense_d435.dae
[0.854s] -- Symlinking: /home/ubuntu/psd_ws/install/ros_components_description/share/ros_components_description/meshes/orbbec_astra.dae
[0.859s] -- Symlinking: /home/ubuntu/psd_ws/install/ros_components_description/share/ros_components_description/meshes/ouster_os01.dae
[0.864s] -- Symlinking: /home/ubuntu/psd_ws/install/ros_components_description/share/ros_components_description/meshes/slamtec_rplidar_a2m8.dae
[0.869s] -- Symlinking: /home/ubuntu/psd_ws/install/ros_components_description/share/ros_components_description/meshes/slamtec_rplidar_ax.dae
[0.873s] -- Symlinking: /home/ubuntu/psd_ws/install/ros_components_description/share/ros_components_description/meshes/slamtec_rplidar_s1.dae
[0.878s] -- Symlinking: /home/ubuntu/psd_ws/install/ros_components_description/share/ros_components_description/meshes/slamtec_rplidar_s2.dae
[0.883s] -- Symlinking: /home/ubuntu/psd_ws/install/ros_components_description/share/ros_components_description/meshes/slamtec_rplidar_s3.dae
[0.888s] -- Symlinking: /home/ubuntu/psd_ws/install/ros_components_description/share/ros_components_description/meshes/velodyne_puck.dae
[0.893s] -- Symlinking: /home/ubuntu/psd_ws/install/ros_components_description/share/ros_components_description/meshes/zed.stl
[0.898s] -- Symlinking: /home/ubuntu/psd_ws/install/ros_components_description/share/ros_components_description/meshes/zed2.stl
[0.903s] -- Symlinking: /home/ubuntu/psd_ws/install/ros_components_description/share/ros_components_description/meshes/zed2i.stl
[0.908s] -- Symlinking: /home/ubuntu/psd_ws/install/ros_components_description/share/ros_components_description/meshes/zedm.stl
[0.913s] -- Symlinking: /home/ubuntu/psd_ws/install/ros_components_description/share/ros_components_description/meshes/zedx.stl
[0.918s] -- Symlinking: /home/ubuntu/psd_ws/install/ros_components_description/share/ros_components_description/meshes/zedxm.stl
[0.923s] -- Symlinking: /home/ubuntu/psd_ws/install/ros_components_description/share/ros_components_description/urdf/components.urdf.xacro
[0.928s] -- Symlinking: /home/ubuntu/psd_ws/install/ros_components_description/share/ros_components_description/urdf/intel_realsense_d435.urdf.xacro
[0.933s] -- Symlinking: /home/ubuntu/psd_ws/install/ros_components_description/share/ros_components_description/urdf/kinova.urdf.xacro
[0.938s] -- Symlinking: /home/ubuntu/psd_ws/install/ros_components_description/share/ros_components_description/urdf/orbbec_astra.urdf.xacro
[0.944s] -- Symlinking: /home/ubuntu/psd_ws/install/ros_components_description/share/ros_components_description/urdf/ouster.urdf.xacro
[0.949s] -- Symlinking: /home/ubuntu/psd_ws/install/ros_components_description/share/ros_components_description/urdf/robotiq.urdf.xacro
[0.954s] -- Symlinking: /home/ubuntu/psd_ws/install/ros_components_description/share/ros_components_description/urdf/slamtec_rplidar_a2.urdf.xacro
[0.960s] -- Symlinking: /home/ubuntu/psd_ws/install/ros_components_description/share/ros_components_description/urdf/slamtec_rplidar_a3.urdf.xacro
[0.967s] -- Symlinking: /home/ubuntu/psd_ws/install/ros_components_description/share/ros_components_description/urdf/slamtec_rplidar_s1.urdf.xacro
[0.973s] -- Symlinking: /home/ubuntu/psd_ws/install/ros_components_description/share/ros_components_description/urdf/slamtec_rplidar_s2.urdf.xacro
[0.979s] -- Symlinking: /home/ubuntu/psd_ws/install/ros_components_description/share/ros_components_description/urdf/slamtec_rplidar_s3.urdf.xacro
[0.984s] -- Symlinking: /home/ubuntu/psd_ws/install/ros_components_description/share/ros_components_description/urdf/stereolabs_zed.urdf.xacro
[0.989s] -- Symlinking: /home/ubuntu/psd_ws/install/ros_components_description/share/ros_components_description/urdf/ur.urdf.xacro
[0.995s] -- Symlinking: /home/ubuntu/psd_ws/install/ros_components_description/share/ros_components_description/urdf/velodyne_puck.urdf.xacro
[1.000s] -- Symlinking: /home/ubuntu/psd_ws/install/ros_components_description/share/ros_components_description/launch/gz_components.launch.py
[1.006s] -- Symlinking: /home/ubuntu/psd_ws/install/ros_components_description/share/ros_components_description/launch/gz_kinova_6dof.launch.py
[1.011s] -- Symlinking: /home/ubuntu/psd_ws/install/ros_components_description/share/ros_components_description/launch/gz_kinova_7dof.launch.py
[1.016s] -- Symlinking: /home/ubuntu/psd_ws/install/ros_components_description/share/ros_components_description/launch/gz_orbbec_astra.launch.py
[1.021s] -- Symlinking: /home/ubuntu/psd_ws/install/ros_components_description/share/ros_components_description/launch/gz_ouster_os.launch.py
[1.026s] -- Symlinking: /home/ubuntu/psd_ws/install/ros_components_description/share/ros_components_description/launch/gz_robotiq.launch.py
[1.032s] -- Symlinking: /home/ubuntu/psd_ws/install/ros_components_description/share/ros_components_description/launch/gz_slamtec_rplidar.launch.py
[1.039s] -- Symlinking: /home/ubuntu/psd_ws/install/ros_components_description/share/ros_components_description/launch/gz_stereolabs_zed.launch.py
[1.044s] -- Symlinking: /home/ubuntu/psd_ws/install/ros_components_description/share/ros_components_description/launch/gz_ur.launch.py
[1.050s] -- Symlinking: /home/ubuntu/psd_ws/install/ros_components_description/share/ros_components_description/launch/gz_velodyne.launch.py
[1.055s] -- Symlinking: /home/ubuntu/psd_ws/install/ros_components_description/share/ros_components_description/config/gz_kinova_remappings.yaml
[1.061s] -- Symlinking: /home/ubuntu/psd_ws/install/ros_components_description/share/ros_components_description/config/gz_orbbec_astra_remappings.yaml
[1.066s] -- Symlinking: /home/ubuntu/psd_ws/install/ros_components_description/share/ros_components_description/config/gz_ouster_os_remappings.yaml
[1.071s] -- Symlinking: /home/ubuntu/psd_ws/install/ros_components_description/share/ros_components_description/config/gz_slamtec_rplidar_remappings.yaml
[1.077s] -- Symlinking: /home/ubuntu/psd_ws/install/ros_components_description/share/ros_components_description/config/gz_stereolabs_zed_remappings.yaml
[1.082s] -- Symlinking: /home/ubuntu/psd_ws/install/ros_components_description/share/ros_components_description/config/gz_velodyne_remappings.yaml
[1.088s] -- Symlinking: /home/ubuntu/psd_ws/install/ros_components_description/share/ros_components_description/config/kinova_6dof_controllers.yaml
[1.093s] -- Symlinking: /home/ubuntu/psd_ws/install/ros_components_description/share/ros_components_description/config/kinova_7dof_controllers.yaml
[1.098s] -- Symlinking: /home/ubuntu/psd_ws/install/ros_components_description/share/ros_components_description/config/robotiq_controllers.yaml
[1.103s] -- Symlinking: /home/ubuntu/psd_ws/install/ros_components_description/share/ros_components_description/config/ur_controllers.yaml
[1.108s] -- Symlinking: /home/ubuntu/psd_ws/install/ros_components_description/share/ros_components_description/test/component.urdf.xacro
[1.113s] -- Symlinking: /home/ubuntu/psd_ws/install/ros_components_description/share/ros_components_description/test/test_components_xacro.py
[1.118s] -- Symlinking: /home/ubuntu/psd_ws/install/ros_components_description/share/ros_components_description/environment/ros_components_description.sh
[1.123s] -- Symlinking: /home/ubuntu/psd_ws/install/ros_components_description/share/ament_index/resource_index/package_run_dependencies/ros_components_description
[1.128s] -- Symlinking: /home/ubuntu/psd_ws/install/ros_components_description/share/ament_index/resource_index/parent_prefix_path/ros_components_description
[1.134s] -- Symlinking: /home/ubuntu/psd_ws/install/ros_components_description/share/ros_components_description/environment/ament_prefix_path.sh
[1.139s] -- Symlinking: /home/ubuntu/psd_ws/install/ros_components_description/share/ros_components_description/environment/ament_prefix_path.dsv
[1.144s] -- Symlinking: /home/ubuntu/psd_ws/install/ros_components_description/share/ros_components_description/environment/path.sh
[1.150s] -- Symlinking: /home/ubuntu/psd_ws/install/ros_components_description/share/ros_components_description/environment/path.dsv
[1.156s] -- Symlinking: /home/ubuntu/psd_ws/install/ros_components_description/share/ros_components_description/local_setup.bash
[1.161s] -- Symlinking: /home/ubuntu/psd_ws/install/ros_components_description/share/ros_components_description/local_setup.sh
[1.166s] -- Symlinking: /home/ubuntu/psd_ws/install/ros_components_description/share/ros_components_description/local_setup.zsh
[1.171s] -- Symlinking: /home/ubuntu/psd_ws/install/ros_components_description/share/ros_components_description/local_setup.dsv
[1.175s] -- Symlinking: /home/ubuntu/psd_ws/install/ros_components_description/share/ros_components_description/package.dsv
[1.180s] -- Symlinking: /home/ubuntu/psd_ws/install/ros_components_description/share/ament_index/resource_index/packages/ros_components_description
[1.187s] -- Symlinking: /home/ubuntu/psd_ws/install/ros_components_description/share/ros_components_description/cmake/ros_components_descriptionConfig.cmake
[1.192s] -- Symlinking: /home/ubuntu/psd_ws/install/ros_components_description/share/ros_components_description/cmake/ros_components_descriptionConfig-version.cmake
[1.198s] -- Symlinking: /home/ubuntu/psd_ws/install/ros_components_description/share/ros_components_description/package.xml
[1.205s] Invoked command in '/home/ubuntu/psd_ws/build/ros_components_description' returned '0': CMAKE_PREFIX_PATH=${CMAKE_PREFIX_PATH}:/opt/ros/jazzy /usr/bin/cmake --install /home/ubuntu/psd_ws/build/ros_components_description
