[0.040s] Invoking command in '/home/psd/psd_ws/build/joint_state_broadcaster': AMENT_PREFIX_PATH=/home/psd/psd_ws/install/controller_manager:/home/psd/psd_ws/install/hardware_interface_testing:/home/psd/psd_ws/install/controller_interface:/home/psd/psd_ws/install/hardware_interface:/home/psd/psd_ws/install/ros2_control_test_assets:/home/psd/psd_ws/install/realtime_tools:/home/psd/psd_ws/install/controller_manager_msgs:/home/psd/psd_ws/install/control_msgs:${AMENT_PREFIX_PATH} CMAKE_PREFIX_PATH=/home/psd/psd_ws/install/controller_manager:/home/psd/psd_ws/install/hardware_interface_testing:/home/psd/psd_ws/install/controller_interface:/home/psd/psd_ws/install/hardware_interface:/home/psd/psd_ws/install/ros2_control_test_assets:/home/psd/psd_ws/install/realtime_tools:/home/psd/psd_ws/install/controller_manager_msgs:/home/psd/psd_ws/install/control_msgs:/opt/ros/humble LD_LIBRARY_PATH=/home/psd/psd_ws/install/controller_manager/lib:/home/psd/psd_ws/install/hardware_interface_testing/lib:/home/psd/psd_ws/install/controller_interface/lib:/home/psd/psd_ws/install/hardware_interface/lib:/home/psd/psd_ws/install/realtime_tools/lib:/home/psd/psd_ws/install/controller_manager_msgs/lib:/home/psd/psd_ws/install/control_msgs/lib:${LD_LIBRARY_PATH} PYTHONPATH=/home/psd/psd_ws/install/controller_manager/local/lib/python3.10/dist-packages:/home/psd/psd_ws/install/controller_manager_msgs/local/lib/python3.10/dist-packages:/home/psd/psd_ws/install/control_msgs/local/lib/python3.10/dist-packages:${PYTHONPATH} /usr/bin/cmake --build /home/psd/psd_ws/build/joint_state_broadcaster -- -j20 -l20
[0.190s] [35m[1mConsolidate compiler generated dependencies of target gmock_main[0m
[0.191s] [35m[1mConsolidate compiler generated dependencies of target gmock[0m
[0.191s] [  8%] Built target joint_state_broadcaster_parameters
[0.191s] [ 25%] Built target gmock_main
[0.191s] [ 50%] Built target gmock
[0.191s] [35m[1mConsolidate compiler generated dependencies of target joint_state_broadcaster[0m
[0.191s] [ 66%] Built target joint_state_broadcaster
[0.191s] [35m[1mConsolidate compiler generated dependencies of target test_load_joint_state_broadcaster[0m
[0.191s] [35m[1mConsolidate compiler generated dependencies of target test_joint_state_broadcaster[0m
[0.192s] [ 83%] Built target test_load_joint_state_broadcaster
[0.192s] [100%] Built target test_joint_state_broadcaster
[0.195s] Invoked command in '/home/psd/psd_ws/build/joint_state_broadcaster' returned '0': AMENT_PREFIX_PATH=/home/psd/psd_ws/install/controller_manager:/home/psd/psd_ws/install/hardware_interface_testing:/home/psd/psd_ws/install/controller_interface:/home/psd/psd_ws/install/hardware_interface:/home/psd/psd_ws/install/ros2_control_test_assets:/home/psd/psd_ws/install/realtime_tools:/home/psd/psd_ws/install/controller_manager_msgs:/home/psd/psd_ws/install/control_msgs:${AMENT_PREFIX_PATH} CMAKE_PREFIX_PATH=/home/psd/psd_ws/install/controller_manager:/home/psd/psd_ws/install/hardware_interface_testing:/home/psd/psd_ws/install/controller_interface:/home/psd/psd_ws/install/hardware_interface:/home/psd/psd_ws/install/ros2_control_test_assets:/home/psd/psd_ws/install/realtime_tools:/home/psd/psd_ws/install/controller_manager_msgs:/home/psd/psd_ws/install/control_msgs:/opt/ros/humble LD_LIBRARY_PATH=/home/psd/psd_ws/install/controller_manager/lib:/home/psd/psd_ws/install/hardware_interface_testing/lib:/home/psd/psd_ws/install/controller_interface/lib:/home/psd/psd_ws/install/hardware_interface/lib:/home/psd/psd_ws/install/realtime_tools/lib:/home/psd/psd_ws/install/controller_manager_msgs/lib:/home/psd/psd_ws/install/control_msgs/lib:${LD_LIBRARY_PATH} PYTHONPATH=/home/psd/psd_ws/install/controller_manager/local/lib/python3.10/dist-packages:/home/psd/psd_ws/install/controller_manager_msgs/local/lib/python3.10/dist-packages:/home/psd/psd_ws/install/control_msgs/local/lib/python3.10/dist-packages:${PYTHONPATH} /usr/bin/cmake --build /home/psd/psd_ws/build/joint_state_broadcaster -- -j20 -l20
[0.225s] Invoking command in '/home/psd/psd_ws/build/joint_state_broadcaster': AMENT_PREFIX_PATH=/home/psd/psd_ws/install/controller_manager:/home/psd/psd_ws/install/hardware_interface_testing:/home/psd/psd_ws/install/controller_interface:/home/psd/psd_ws/install/hardware_interface:/home/psd/psd_ws/install/ros2_control_test_assets:/home/psd/psd_ws/install/realtime_tools:/home/psd/psd_ws/install/controller_manager_msgs:/home/psd/psd_ws/install/control_msgs:${AMENT_PREFIX_PATH} CMAKE_PREFIX_PATH=/home/psd/psd_ws/install/controller_manager:/home/psd/psd_ws/install/hardware_interface_testing:/home/psd/psd_ws/install/controller_interface:/home/psd/psd_ws/install/hardware_interface:/home/psd/psd_ws/install/ros2_control_test_assets:/home/psd/psd_ws/install/realtime_tools:/home/psd/psd_ws/install/controller_manager_msgs:/home/psd/psd_ws/install/control_msgs:/opt/ros/humble LD_LIBRARY_PATH=/home/psd/psd_ws/install/controller_manager/lib:/home/psd/psd_ws/install/hardware_interface_testing/lib:/home/psd/psd_ws/install/controller_interface/lib:/home/psd/psd_ws/install/hardware_interface/lib:/home/psd/psd_ws/install/realtime_tools/lib:/home/psd/psd_ws/install/controller_manager_msgs/lib:/home/psd/psd_ws/install/control_msgs/lib:${LD_LIBRARY_PATH} PYTHONPATH=/home/psd/psd_ws/install/controller_manager/local/lib/python3.10/dist-packages:/home/psd/psd_ws/install/controller_manager_msgs/local/lib/python3.10/dist-packages:/home/psd/psd_ws/install/control_msgs/local/lib/python3.10/dist-packages:${PYTHONPATH} /usr/bin/cmake --install /home/psd/psd_ws/build/joint_state_broadcaster
[0.233s] -- Install configuration: ""
[0.234s] -- Up-to-date: /home/psd/psd_ws/install/joint_state_broadcaster/include/joint_state_broadcaster_parameters
[0.234s] -- Up-to-date: /home/psd/psd_ws/install/joint_state_broadcaster/include/joint_state_broadcaster_parameters/joint_state_broadcaster_parameters.hpp
[0.235s] -- Up-to-date: /home/psd/psd_ws/install/joint_state_broadcaster/share/joint_state_broadcaster/joint_state_plugin.xml
[0.235s] -- Up-to-date: /home/psd/psd_ws/install/joint_state_broadcaster/include/joint_state_broadcaster
[0.235s] -- Up-to-date: /home/psd/psd_ws/install/joint_state_broadcaster/include/joint_state_broadcaster/joint_state_broadcaster
[0.235s] -- Up-to-date: /home/psd/psd_ws/install/joint_state_broadcaster/include/joint_state_broadcaster/joint_state_broadcaster/joint_state_broadcaster.hpp
[0.235s] -- Up-to-date: /home/psd/psd_ws/install/joint_state_broadcaster/include/joint_state_broadcaster/joint_state_broadcaster/visibility_control.h
[0.236s] -- Up-to-date: /home/psd/psd_ws/install/joint_state_broadcaster/lib/libjoint_state_broadcaster.so
[0.236s] -- Up-to-date: /home/psd/psd_ws/install/joint_state_broadcaster/share/joint_state_broadcaster/environment/library_path.sh
[0.236s] -- Up-to-date: /home/psd/psd_ws/install/joint_state_broadcaster/share/joint_state_broadcaster/environment/library_path.dsv
[0.237s] -- Up-to-date: /home/psd/psd_ws/install/joint_state_broadcaster/share/ament_index/resource_index/package_run_dependencies/joint_state_broadcaster
[0.237s] -- Up-to-date: /home/psd/psd_ws/install/joint_state_broadcaster/share/ament_index/resource_index/parent_prefix_path/joint_state_broadcaster
[0.237s] -- Up-to-date: /home/psd/psd_ws/install/joint_state_broadcaster/share/joint_state_broadcaster/environment/ament_prefix_path.sh
[0.237s] -- Up-to-date: /home/psd/psd_ws/install/joint_state_broadcaster/share/joint_state_broadcaster/environment/ament_prefix_path.dsv
[0.237s] -- Up-to-date: /home/psd/psd_ws/install/joint_state_broadcaster/share/joint_state_broadcaster/environment/path.sh
[0.237s] -- Up-to-date: /home/psd/psd_ws/install/joint_state_broadcaster/share/joint_state_broadcaster/environment/path.dsv
[0.237s] -- Up-to-date: /home/psd/psd_ws/install/joint_state_broadcaster/share/joint_state_broadcaster/local_setup.bash
[0.238s] -- Up-to-date: /home/psd/psd_ws/install/joint_state_broadcaster/share/joint_state_broadcaster/local_setup.sh
[0.238s] -- Up-to-date: /home/psd/psd_ws/install/joint_state_broadcaster/share/joint_state_broadcaster/local_setup.zsh
[0.238s] -- Up-to-date: /home/psd/psd_ws/install/joint_state_broadcaster/share/joint_state_broadcaster/local_setup.dsv
[0.238s] -- Installing: /home/psd/psd_ws/install/joint_state_broadcaster/share/joint_state_broadcaster/package.dsv
[0.238s] -- Up-to-date: /home/psd/psd_ws/install/joint_state_broadcaster/share/ament_index/resource_index/packages/joint_state_broadcaster
[0.238s] -- Up-to-date: /home/psd/psd_ws/install/joint_state_broadcaster/share/ament_index/resource_index/controller_interface__pluginlib__plugin/joint_state_broadcaster
[0.239s] -- Up-to-date: /home/psd/psd_ws/install/joint_state_broadcaster/share/joint_state_broadcaster/cmake/export_joint_state_broadcasterExport.cmake
[0.239s] -- Up-to-date: /home/psd/psd_ws/install/joint_state_broadcaster/share/joint_state_broadcaster/cmake/export_joint_state_broadcasterExport-noconfig.cmake
[0.239s] -- Up-to-date: /home/psd/psd_ws/install/joint_state_broadcaster/share/joint_state_broadcaster/cmake/ament_cmake_export_targets-extras.cmake
[0.239s] -- Up-to-date: /home/psd/psd_ws/install/joint_state_broadcaster/share/joint_state_broadcaster/cmake/ament_cmake_export_dependencies-extras.cmake
[0.239s] -- Up-to-date: /home/psd/psd_ws/install/joint_state_broadcaster/share/joint_state_broadcaster/cmake/joint_state_broadcasterConfig.cmake
[0.239s] -- Up-to-date: /home/psd/psd_ws/install/joint_state_broadcaster/share/joint_state_broadcaster/cmake/joint_state_broadcasterConfig-version.cmake
[0.239s] -- Up-to-date: /home/psd/psd_ws/install/joint_state_broadcaster/share/joint_state_broadcaster/package.xml
[0.246s] Invoked command in '/home/psd/psd_ws/build/joint_state_broadcaster' returned '0': AMENT_PREFIX_PATH=/home/psd/psd_ws/install/controller_manager:/home/psd/psd_ws/install/hardware_interface_testing:/home/psd/psd_ws/install/controller_interface:/home/psd/psd_ws/install/hardware_interface:/home/psd/psd_ws/install/ros2_control_test_assets:/home/psd/psd_ws/install/realtime_tools:/home/psd/psd_ws/install/controller_manager_msgs:/home/psd/psd_ws/install/control_msgs:${AMENT_PREFIX_PATH} CMAKE_PREFIX_PATH=/home/psd/psd_ws/install/controller_manager:/home/psd/psd_ws/install/hardware_interface_testing:/home/psd/psd_ws/install/controller_interface:/home/psd/psd_ws/install/hardware_interface:/home/psd/psd_ws/install/ros2_control_test_assets:/home/psd/psd_ws/install/realtime_tools:/home/psd/psd_ws/install/controller_manager_msgs:/home/psd/psd_ws/install/control_msgs:/opt/ros/humble LD_LIBRARY_PATH=/home/psd/psd_ws/install/controller_manager/lib:/home/psd/psd_ws/install/hardware_interface_testing/lib:/home/psd/psd_ws/install/controller_interface/lib:/home/psd/psd_ws/install/hardware_interface/lib:/home/psd/psd_ws/install/realtime_tools/lib:/home/psd/psd_ws/install/controller_manager_msgs/lib:/home/psd/psd_ws/install/control_msgs/lib:${LD_LIBRARY_PATH} PYTHONPATH=/home/psd/psd_ws/install/controller_manager/local/lib/python3.10/dist-packages:/home/psd/psd_ws/install/controller_manager_msgs/local/lib/python3.10/dist-packages:/home/psd/psd_ws/install/control_msgs/local/lib/python3.10/dist-packages:${PYTHONPATH} /usr/bin/cmake --install /home/psd/psd_ws/build/joint_state_broadcaster
