[0.174s] Invoking command in '/home/psd/psd_ws/build/ign_ros2_control': CMAKE_PREFIX_PATH=/home/psd/psd_ws/install/controller_manager:/home/psd/psd_ws/install/controller_interface:/home/psd/psd_ws/install/hardware_interface:/home/psd/psd_ws/install/ros2_control_test_assets:/home/psd/psd_ws/install/realtime_tools:/home/psd/psd_ws/install/controller_manager_msgs:/home/psd/psd_ws/install/control_msgs:/home/psd/psd_ws/install/ros2_controllers:/home/psd/psd_ws/install/gazebo_ros2_control_demos:/home/psd/psd_ws/install/velocity_controllers:/home/psd/psd_ws/install/tricycle_steering_controller:/home/psd/psd_ws/install/tricycle_controller:/home/psd/psd_ws/install/ros2_control_demos:/home/psd/psd_ws/install/ros2_control_demo_example_8:/home/psd/psd_ws/install/ros2_control:/home/psd/psd_ws/install/transmission_interface:/home/psd/psd_ws/install/ros2_control_demo_example_11:/home/psd/psd_ws/install/bicycle_steering_controller:/home/psd/psd_ws/install/ackermann_steering_controller:/home/psd/psd_ws/install/steering_controllers_library:/home/psd/psd_ws/install/ros2_control_demo_example_9:/home/psd/psd_ws/install/ros2_control_demo_example_7:/home/psd/psd_ws/install/ros2_control_demo_example_6:/home/psd/psd_ws/install/ros2_control_demo_example_5:/home/psd/psd_ws/install/ros2_control_demo_example_4:/home/psd/psd_ws/install/ros2_control_demo_example_3:/home/psd/psd_ws/install/ros2_control_demo_example_2:/home/psd/psd_ws/install/ros2_control_demo_example_14:/home/psd/psd_ws/install/ros2_control_demo_example_10:/home/psd/psd_ws/install/ros2_control_demo_example_1:/home/psd/psd_ws/install/hardware_interface_testing:/home/psd/psd_ws/install/gazebo_ros2_control:/home/psd/psd_ws/install/ros2_control_demo_description:/home/psd/psd_ws/install/range_sensor_broadcaster:/home/psd/psd_ws/install/position_controllers:/home/psd/psd_ws/install/admittance_controller:/home/psd/psd_ws/install/joint_trajectory_controller:/home/psd/psd_ws/install/joint_state_broadcaster:/home/psd/psd_ws/install/imu_sensor_broadcaster:/home/psd/psd_ws/install/gripper_controllers:/home/psd/psd_ws/install/effort_controllers:/home/psd/psd_ws/install/forward_command_controller:/home/psd/psd_ws/install/force_torque_sensor_broadcaster:/home/psd/psd_ws/install/diff_drive_controller:/home/psd/psd_ws/install/joint_limits:/home/psd/psd_ws/install/psd_vehicle_bringup:/home/psd/psd_ws/install/psd_vehicle_controller:/home/psd/psd_ws/install/psd_vehicle_description:/home/psd/psd_ws/install/ros_components_description:/home/psd/psd_ws/install/psd_vehicle_interfaces:/home/psd/psd_ws/install/psd_vehicle_hardware_interfaces:/home/psd/psd_ws/install/psd_vehicle_gazebo:/home/psd/psd_ws/install/psd_gazebo_worlds:/home/psd/psd_ws/install/ign_ros2_control_demos:/home/psd/psd_ws/install/ign_ros2_control:/home/psd/psd_ws/install/core:/home/psd/psd_ws/install/rqt_joint_trajectory_controller:/home/psd/psd_ws/install/rqt_controller_manager:/home/psd/psd_ws/install/ros2controlcli:/home/psd/psd_ws/install/ros2_controllers_test_nodes:/opt/ros/humble LD_LIBRARY_PATH=/home/psd/psd_ws/install/controller_manager/lib:/home/psd/psd_ws/install/controller_interface/lib:/home/psd/psd_ws/install/hardware_interface/lib:/home/psd/psd_ws/install/realtime_tools/lib:/home/psd/psd_ws/install/controller_manager_msgs/lib:/home/psd/psd_ws/install/control_msgs/lib:/home/psd/psd_ws/install/velocity_controllers/lib:/home/psd/psd_ws/install/tricycle_steering_controller/lib:/home/psd/psd_ws/install/tricycle_controller/lib:/home/psd/psd_ws/install/ros2_control_demo_example_8/lib:/home/psd/psd_ws/install/transmission_interface/lib:/home/psd/psd_ws/install/ros2_control_demo_example_11/lib:/home/psd/psd_ws/install/bicycle_steering_controller/lib:/home/psd/psd_ws/install/ackermann_steering_controller/lib:/home/psd/psd_ws/install/steering_controllers_library/lib:/home/psd/psd_ws/install/ros2_control_demo_example_9/lib:/home/psd/psd_ws/install/ros2_control_demo_example_7/lib:/home/psd/psd_ws/install/ros2_control_demo_example_6/lib:/home/psd/psd_ws/install/ros2_control_demo_example_5/lib:/home/psd/psd_ws/install/ros2_control_demo_example_4/lib:/home/psd/psd_ws/install/ros2_control_demo_example_3/lib:/home/psd/psd_ws/install/ros2_control_demo_example_2/lib:/home/psd/psd_ws/install/ros2_control_demo_example_14/lib:/home/psd/psd_ws/install/ros2_control_demo_example_10/lib:/home/psd/psd_ws/install/ros2_control_demo_example_1/lib:/home/psd/psd_ws/install/hardware_interface_testing/lib:/home/psd/psd_ws/install/gazebo_ros2_control/lib:/home/psd/psd_ws/install/range_sensor_broadcaster/lib:/home/psd/psd_ws/install/position_controllers/lib:/home/psd/psd_ws/install/admittance_controller/lib:/home/psd/psd_ws/install/joint_trajectory_controller/lib:/home/psd/psd_ws/install/joint_state_broadcaster/lib:/home/psd/psd_ws/install/imu_sensor_broadcaster/lib:/home/psd/psd_ws/install/gripper_controllers/lib:/home/psd/psd_ws/install/effort_controllers/lib:/home/psd/psd_ws/install/forward_command_controller/lib:/home/psd/psd_ws/install/force_torque_sensor_broadcaster/lib:/home/psd/psd_ws/install/diff_drive_controller/lib:/home/psd/psd_ws/install/psd_vehicle_interfaces/lib:/home/psd/psd_ws/install/psd_vehicle_hardware_interfaces/lib:/home/psd/psd_ws/install/ign_ros2_control/lib:/opt/ros/humble/opt/rviz_ogre_vendor/lib:/opt/ros/humble/lib/x86_64-linux-gnu:/opt/ros/humble/lib /usr/bin/cmake /home/psd/psd_ws/src/gazebosim/gz_ros2_control/ign_ros2_control -DCMAKE_INSTALL_PREFIX=/home/psd/psd_ws/install/ign_ros2_control
[0.237s] -- The C compiler identification is GNU 11.4.0
[0.304s] -- The CXX compiler identification is GNU 11.4.0
[0.312s] -- Detecting C compiler ABI info
[0.387s] -- Detecting C compiler ABI info - done
[0.397s] -- Check for working C compiler: /usr/bin/cc - skipped
[0.397s] -- Detecting C compile features
[0.398s] -- Detecting C compile features - done
[0.402s] -- Detecting CXX compiler ABI info
[0.486s] -- Detecting CXX compiler ABI info - done
[0.496s] -- Check for working CXX compiler: /usr/bin/c++ - skipped
[0.496s] -- Detecting CXX compile features
[0.496s] -- Detecting CXX compile features - done
[0.502s] -- Found ament_cmake: 1.3.8 (/opt/ros/humble/share/ament_cmake/cmake)
[0.652s] -- Found Python3: /usr/bin/python3 (found version "3.10.12") found components: Interpreter 
[0.758s] -- Found ament_index_cpp: 1.4.0 (/opt/ros/humble/share/ament_index_cpp/cmake)
[0.759s] -- Found controller_manager: 2.40.0 (/home/psd/psd_ws/install/controller_manager/share/controller_manager/cmake)
[0.816s] -- Found rosidl_generator_c: 3.1.5 (/opt/ros/humble/share/rosidl_generator_c/cmake)
[0.824s] -- Found rosidl_adapter: 3.1.5 (/opt/ros/humble/share/rosidl_adapter/cmake)
[0.835s] -- Found rosidl_generator_cpp: 3.1.5 (/opt/ros/humble/share/rosidl_generator_cpp/cmake)
[0.852s] -- Using all available rosidl_typesupport_c: rosidl_typesupport_fastrtps_c;rosidl_typesupport_introspection_c
[0.875s] -- Using all available rosidl_typesupport_cpp: rosidl_typesupport_fastrtps_cpp;rosidl_typesupport_introspection_cpp
[1.440s] -- Found rmw_implementation_cmake: 6.1.1 (/opt/ros/humble/share/rmw_implementation_cmake/cmake)
[1.446s] -- Found rmw_fastrtps_cpp: 6.2.6 (/opt/ros/humble/share/rmw_fastrtps_cpp/cmake)
[1.486s] -- Found TinyXML2 via Config file: TinyXML2_DIR-NOTFOUND
[1.548s] -- Found OpenSSL: /usr/lib/x86_64-linux-gnu/libcrypto.so (found version "3.0.2")  
[1.550s] -- Found TinyXML2 via Config file: TinyXML2_DIR-NOTFOUND
[1.563s] -- Found FastRTPS: /opt/ros/humble/include  
[1.571s] -- Found TinyXML2 via Config file: TinyXML2_DIR-NOTFOUND
[1.578s] -- Found TinyXML2 via Config file: TinyXML2_DIR-NOTFOUND
[1.592s] -- Using RMW implementation 'rmw_fastrtps_cpp' as default
[1.613s] -- Looking for pthread.h
[1.682s] -- Looking for pthread.h - found
[1.682s] -- Performing Test CMAKE_HAVE_LIBC_PTHREAD
[1.759s] -- Performing Test CMAKE_HAVE_LIBC_PTHREAD - Success
[1.760s] -- Found Threads: TRUE  
[2.261s] -- Found yaml_cpp_vendor: 8.0.2 (/opt/ros/humble/share/yaml_cpp_vendor/cmake)
[2.276s] -- Looking for ignition-gazebo6 -- found version 6.16.0
[2.287s] -- Searching for dependencies of ignition-gazebo6
[2.293s] -- Looking for sdformat12 -- found version 12.7.2
[2.293s] -- Searching for dependencies of sdformat12
[2.300s] -- Checking for module 'tinyxml2'
[2.322s] --   Found tinyxml2, version 9.0.0
[2.368s] -- Looking for ignition-math6 -- found version 6.15.1
[2.368s] -- Searching for dependencies of ignition-math6
[2.374s] -- Looking for ignition-utils1 -- found version 1.5.1
[2.375s] -- Searching for dependencies of ignition-utils1
[2.381s] -- Looking for ignition-plugin1 -- found version 1.4.0
[2.381s] -- Searching for dependencies of ignition-plugin1
[2.382s] -- Searching for <ignition-plugin1> component [loader]
[2.385s] -- Looking for ignition-plugin1-loader -- found version 1.4.0
[2.386s] -- Searching for dependencies of ignition-plugin1-loader
[2.386s] -- Searching for <ignition-plugin1> component [register]
[2.390s] -- Looking for ignition-plugin1-register -- found version 1.4.0
[2.390s] -- Searching for dependencies of ignition-plugin1-register
[2.394s] -- Looking for ignition-transport11 -- found version 11.4.1
[2.395s] -- Searching for dependencies of ignition-transport11
[2.432s] -- Found Protobuf: /usr/lib/x86_64-linux-gnu/libprotobuf.so (found version "3.12.4") 
[2.452s] -- Config-file not installed for ZeroMQ -- checking for pkg-config
[2.458s] -- Checking for module 'libzmq >= 4'
[2.481s] --   Found libzmq , version 4.3.4
[2.528s] -- Found ZeroMQ: TRUE (Required is at least version "4") 
[2.536s] -- Checking for module 'uuid'
[2.556s] --   Found uuid, version 2.37.2
[2.599s] -- Found UUID: TRUE  
[2.599s] -- Looking for ignition-utils1 -- found version 1.5.1
[2.600s] -- Searching for dependencies of ignition-utils1
[2.600s] -- Searching for <ignition-utils1> component [cli]
[2.605s] -- Looking for ignition-utils1-cli -- found version 1.5.1
[2.606s] -- Searching for dependencies of ignition-utils1-cli
[2.612s] -- Looking for ignition-msgs8 -- found version 8.7.0
[2.612s] -- Searching for dependencies of ignition-msgs8
[2.640s] -- Found Protobuf: /usr/lib/x86_64-linux-gnu/libprotobuf.so (found suitable version "3.12.4", minimum required is "3") 
[2.641s] -- Looking for ignition-math6 -- found version 6.15.1
[2.653s] -- Searching for <ignition-transport11> component [log]
[2.658s] -- Looking for ignition-transport11-log -- found version 11.4.1
[2.659s] -- Searching for dependencies of ignition-transport11-log
[2.660s] -- Searching for <ignition-transport11> component [parameters]
[2.666s] -- Looking for ignition-transport11-parameters -- found version 11.4.1
[2.666s] -- Searching for dependencies of ignition-transport11-parameters
[2.668s] -- Looking for ignition-msgs8 -- found version 8.7.0
[2.674s] -- Looking for ignition-common4 -- found version 4.7.0
[2.674s] -- Searching for dependencies of ignition-common4
[2.675s] -- Looking for dlfcn.h - found
[2.676s] -- Looking for libdl - found
[2.677s] -- Found DL: TRUE  
[2.689s] -- Searching for <ignition-common4> component [profiler]
[2.694s] -- Looking for ignition-common4-profiler -- found version 4.7.0
[2.695s] -- Searching for dependencies of ignition-common4-profiler
[2.696s] -- Searching for <ignition-common4> component [events]
[2.702s] -- Looking for ignition-common4-events -- found version 4.7.0
[2.702s] -- Searching for dependencies of ignition-common4-events
[2.702s] -- Looking for ignition-math6 -- found version 6.15.1
[2.703s] -- Searching for <ignition-common4> component [av]
[2.710s] -- Looking for ignition-common4-av -- found version 4.7.0
[2.710s] -- Searching for dependencies of ignition-common4-av
[2.716s] -- Checking for module 'libswscale'
[2.737s] --   Found libswscale, version 5.9.100
[2.779s] -- Found SWSCALE: TRUE  
[2.785s] -- Checking for module 'libavdevice >= 56.4.100'
[2.807s] --   Found libavdevice , version 58.13.100
[2.856s] -- Found AVDEVICE: TRUE (Required is at least version "56.4.100") 
[2.862s] -- Checking for module 'libavformat'
[2.883s] --   Found libavformat, version 58.76.100
[2.926s] -- Found AVFORMAT: TRUE  
[2.931s] -- Checking for module 'libavcodec'
[2.951s] --   Found libavcodec, version 58.134.100
[2.989s] -- Found AVCODEC: TRUE  
[2.995s] -- Checking for module 'libavutil'
[3.017s] --   Found libavutil, version 56.70.100
[3.058s] -- Found AVUTIL: TRUE  
[3.065s] -- Looking for ignition-fuel_tools7 -- found version 7.3.0
[3.066s] -- Searching for dependencies of ignition-fuel_tools7
[3.191s] -- Found CURL: /usr/lib/x86_64-linux-gnu/libcurl.so (found version "7.81.0")  
[3.206s] -- Checking for module 'jsoncpp'
[3.231s] --   Found jsoncpp, version 1.9.5
[3.285s] -- Found JSONCPP: TRUE  
[3.293s] -- Checking for module 'libzip'
[3.320s] --   Found libzip, version 1.7.3
[3.373s] -- Found ZIP: TRUE  
[3.373s] -- Looking for ignition-common4 -- found version 4.7.0
[3.374s] -- Looking for ignition-math6 -- found version 6.15.1
[3.374s] -- Looking for ignition-msgs8 -- found version 8.7.0
[3.382s] -- Looking for ignition-gui6 -- found version 6.8.0
[3.383s] -- Searching for dependencies of ignition-gui6
[3.424s] -- Looking for ignition-math6 -- found version 6.15.1
[3.425s] -- Looking for ignition-common4 -- found version 4.7.0
[3.425s] -- Looking for ignition-plugin1 -- found version 1.4.0
[3.426s] -- Looking for ignition-transport11 -- found version 11.4.1
[3.430s] -- Looking for ignition-rendering6 -- found version 6.6.3
[3.431s] -- Searching for dependencies of ignition-rendering6
[3.432s] -- Looking for ignition-math6 -- found version 6.15.1
[3.432s] -- Searching for dependencies of ignition-math6
[3.432s] -- Searching for <ignition-math6> component [eigen3]
[3.439s] -- Looking for ignition-math6-eigen3 -- found version 6.15.1
[3.440s] -- Searching for dependencies of ignition-math6-eigen3
[3.455s] -- Looking for ignition-common4 -- found version 4.7.0
[3.455s] -- Searching for dependencies of ignition-common4
[3.455s] -- Looking for dlfcn.h - found
[3.455s] -- Looking for libdl - found
[3.468s] -- Searching for <ignition-common4> component [graphics]
[3.474s] -- Looking for ignition-common4-graphics -- found version 4.7.0
[3.475s] -- Searching for dependencies of ignition-common4-graphics
[3.475s] -- Looking for ignition-math6 -- found version 6.15.1
[3.476s] -- Looking for ignition-utils1 -- found version 1.5.1
[3.477s] -- Searching for <ignition-common4> component [events]
[3.478s] -- Looking for ignition-plugin1 -- found version 1.4.0
[3.478s] -- Searching for dependencies of ignition-plugin1
[3.478s] -- Searching for <ignition-plugin1> component [all]
[3.485s] -- Looking for all libraries of ignition-plugin1 -- found version 1.4.0
[3.486s] -- Looking for ignition-plugin1 -- found version 1.4.0
[3.489s] -- Looking for ignition-msgs8 -- found version 8.7.0
[3.576s] -- Looking for ignition-physics5 -- found version 5.3.2
[3.576s] -- Searching for dependencies of ignition-physics5
[3.576s] -- Looking for ignition-math6 -- found version 6.15.1
[3.577s] -- Looking for ignition-plugin1 -- found version 1.4.0
[3.577s] -- Looking for ignition-utils1 -- found version 1.5.1
[3.579s] -- Searching for <ignition-physics5> component [heightmap]
[3.586s] -- Looking for ignition-physics5-heightmap -- found version 5.3.2
[3.586s] -- Searching for dependencies of ignition-physics5-heightmap
[3.587s] -- Looking for ignition-common4 -- found version 4.7.0
[3.587s] -- Searching for <ignition-physics5> component [mesh]
[3.594s] -- Looking for ignition-physics5-mesh -- found version 5.3.2
[3.594s] -- Searching for dependencies of ignition-physics5-mesh
[3.595s] -- Looking for ignition-common4 -- found version 4.7.0
[3.595s] -- Searching for <ignition-physics5> component [sdf]
[3.602s] -- Looking for ignition-physics5-sdf -- found version 5.3.2
[3.603s] -- Searching for dependencies of ignition-physics5-sdf
[3.603s] -- Looking for sdformat12 -- found version 12.7.2
[3.611s] -- Looking for ignition-sensors6 -- found version 6.8.0
[3.612s] -- Searching for dependencies of ignition-sensors6
[3.646s] -- Found Protobuf: /usr/lib/x86_64-linux-gnu/libprotobuf.so (found version "3.12.4") 
[3.647s] -- Looking for ignition-math6 -- found version 6.15.1
[3.648s] -- Looking for ignition-common4 -- found version 4.7.0
[3.648s] -- Looking for ignition-transport11 -- found version 11.4.1
[3.649s] -- Looking for ignition-rendering6 -- found version 6.6.3
[3.650s] -- Looking for ignition-msgs8 -- found version 8.7.0
[3.651s] -- Looking for sdformat12 -- found version 12.7.2
[3.652s] -- Searching for <ignition-sensors6> component [air_pressure]
[3.659s] -- Looking for ignition-sensors6-air_pressure -- found version 6.8.0
[3.660s] -- Searching for dependencies of ignition-sensors6-air_pressure
[3.671s] -- Searching for <ignition-sensors6> component [altimeter]
[3.672s] -- Looking for ignition-sensors6-altimeter -- found version 6.8.0
[3.672s] -- Searching for dependencies of ignition-sensors6-altimeter
[3.672s] -- Searching for <ignition-sensors6> component [imu]
[3.678s] -- Looking for ignition-sensors6-imu -- found version 6.8.0
[3.679s] -- Searching for dependencies of ignition-sensors6-imu
[3.680s] -- Searching for <ignition-sensors6> component [force_torque]
[3.688s] -- Looking for ignition-sensors6-force_torque -- found version 6.8.0
[3.689s] -- Searching for dependencies of ignition-sensors6-force_torque
[3.690s] -- Searching for <ignition-sensors6> component [logical_camera]
[3.697s] -- Looking for ignition-sensors6-logical_camera -- found version 6.8.0
[3.697s] -- Searching for dependencies of ignition-sensors6-logical_camera
[3.698s] -- Searching for <ignition-sensors6> component [magnetometer]
[3.707s] -- Looking for ignition-sensors6-magnetometer -- found version 6.8.0
[3.708s] -- Searching for dependencies of ignition-sensors6-magnetometer
[3.709s] -- Searching for <ignition-sensors6> component [navsat]
[3.716s] -- Looking for ignition-sensors6-navsat -- found version 6.8.0
[3.717s] -- Searching for dependencies of ignition-sensors6-navsat
[3.718s] -- Searching for <ignition-sensors6> component [rendering]
[3.727s] -- Looking for ignition-sensors6-rendering -- found version 6.8.0
[3.728s] -- Searching for dependencies of ignition-sensors6-rendering
[3.729s] -- Searching for <ignition-sensors6> component [lidar]
[3.737s] -- Looking for ignition-sensors6-lidar -- found version 6.8.0
[3.738s] -- Searching for dependencies of ignition-sensors6-lidar
[3.739s] -- Looking for ignition-sensors6 -- found version 6.8.0
[3.741s] -- Searching for <ignition-sensors6> component [gpu_lidar]
[3.749s] -- Looking for ignition-sensors6-gpu_lidar -- found version 6.8.0
[3.751s] -- Searching for dependencies of ignition-sensors6-gpu_lidar
[3.751s] -- Looking for ignition-sensors6 -- found version 6.8.0
[3.753s] -- Searching for <ignition-sensors6> component [camera]
[3.761s] -- Looking for ignition-sensors6-camera -- found version 6.8.0
[3.762s] -- Searching for dependencies of ignition-sensors6-camera
[3.763s] -- Looking for ignition-sensors6 -- found version 6.8.0
[3.764s] -- Searching for <ignition-sensors6> component [boundingbox_camera]
[3.772s] -- Looking for ignition-sensors6-boundingbox_camera -- found version 6.8.0
[3.773s] -- Searching for dependencies of ignition-sensors6-boundingbox_camera
[3.775s] -- Searching for <ignition-sensors6> component [segmentation_camera]
[3.782s] -- Looking for ignition-sensors6-segmentation_camera -- found version 6.8.0
[3.784s] -- Searching for dependencies of ignition-sensors6-segmentation_camera
[3.785s] -- Searching for <ignition-sensors6> component [depth_camera]
[3.793s] -- Looking for ignition-sensors6-depth_camera -- found version 6.8.0
[3.795s] -- Searching for dependencies of ignition-sensors6-depth_camera
[3.795s] -- Looking for ignition-sensors6 -- found version 6.8.0
[3.797s] -- Searching for <ignition-sensors6> component [rgbd_camera]
[3.806s] -- Looking for ignition-sensors6-rgbd_camera -- found version 6.8.0
[3.808s] -- Searching for dependencies of ignition-sensors6-rgbd_camera
[3.808s] -- Looking for ignition-sensors6 -- found version 6.8.0
[3.810s] -- Searching for <ignition-sensors6> component [thermal_camera]
[3.818s] -- Looking for ignition-sensors6-thermal_camera -- found version 6.8.0
[3.819s] -- Searching for dependencies of ignition-sensors6-thermal_camera
[3.820s] -- Looking for ignition-sensors6 -- found version 6.8.0
[3.823s] -- Looking for ignition-rendering6 -- found version 6.6.3
[3.823s] -- Looking for ignition-math6 -- found version 6.15.1
[3.831s] -- Looking for ignition-utils1 -- found version 1.5.1
[3.874s] -- Compiling against Ignition Fortress
[3.875s] -- Looking for ignition-plugin1 -- found version 1.4.0
[4.723s] -- Found ament_lint_auto: 0.12.10 (/opt/ros/humble/share/ament_lint_auto/cmake)
[4.967s] -- Added test 'copyright' to check source files copyright and LICENSE
[4.971s] -- Added test 'cppcheck' to perform static code analysis on C / C++ code
[4.972s] -- Configured cppcheck include dirs: /home/psd/psd_ws/src/gazebosim/gz_ros2_control/ign_ros2_control/include
[4.972s] -- Configured cppcheck exclude dirs and/or files: 
[4.980s] -- Added test 'cpplint' to check C / C++ code against the Google style
[4.981s] -- Configured cpplint exclude dirs and/or files: 
[4.985s] -- Added test 'lint_cmake' to check CMake code style
[4.989s] -- Added test 'uncrustify' to check C / C++ code style
[4.990s] -- Configured uncrustify additional arguments: 
[4.994s] -- Added test 'xmllint' to check XML markup files
[5.000s] -- Configuring done
[5.109s] -- Generating done
[5.114s] -- Build files have been written to: /home/psd/psd_ws/build/ign_ros2_control
[5.156s] Invoked command in '/home/psd/psd_ws/build/ign_ros2_control' returned '0': CMAKE_PREFIX_PATH=/home/psd/psd_ws/install/controller_manager:/home/psd/psd_ws/install/controller_interface:/home/psd/psd_ws/install/hardware_interface:/home/psd/psd_ws/install/ros2_control_test_assets:/home/psd/psd_ws/install/realtime_tools:/home/psd/psd_ws/install/controller_manager_msgs:/home/psd/psd_ws/install/control_msgs:/home/psd/psd_ws/install/ros2_controllers:/home/psd/psd_ws/install/gazebo_ros2_control_demos:/home/psd/psd_ws/install/velocity_controllers:/home/psd/psd_ws/install/tricycle_steering_controller:/home/psd/psd_ws/install/tricycle_controller:/home/psd/psd_ws/install/ros2_control_demos:/home/psd/psd_ws/install/ros2_control_demo_example_8:/home/psd/psd_ws/install/ros2_control:/home/psd/psd_ws/install/transmission_interface:/home/psd/psd_ws/install/ros2_control_demo_example_11:/home/psd/psd_ws/install/bicycle_steering_controller:/home/psd/psd_ws/install/ackermann_steering_controller:/home/psd/psd_ws/install/steering_controllers_library:/home/psd/psd_ws/install/ros2_control_demo_example_9:/home/psd/psd_ws/install/ros2_control_demo_example_7:/home/psd/psd_ws/install/ros2_control_demo_example_6:/home/psd/psd_ws/install/ros2_control_demo_example_5:/home/psd/psd_ws/install/ros2_control_demo_example_4:/home/psd/psd_ws/install/ros2_control_demo_example_3:/home/psd/psd_ws/install/ros2_control_demo_example_2:/home/psd/psd_ws/install/ros2_control_demo_example_14:/home/psd/psd_ws/install/ros2_control_demo_example_10:/home/psd/psd_ws/install/ros2_control_demo_example_1:/home/psd/psd_ws/install/hardware_interface_testing:/home/psd/psd_ws/install/gazebo_ros2_control:/home/psd/psd_ws/install/ros2_control_demo_description:/home/psd/psd_ws/install/range_sensor_broadcaster:/home/psd/psd_ws/install/position_controllers:/home/psd/psd_ws/install/admittance_controller:/home/psd/psd_ws/install/joint_trajectory_controller:/home/psd/psd_ws/install/joint_state_broadcaster:/home/psd/psd_ws/install/imu_sensor_broadcaster:/home/psd/psd_ws/install/gripper_controllers:/home/psd/psd_ws/install/effort_controllers:/home/psd/psd_ws/install/forward_command_controller:/home/psd/psd_ws/install/force_torque_sensor_broadcaster:/home/psd/psd_ws/install/diff_drive_controller:/home/psd/psd_ws/install/joint_limits:/home/psd/psd_ws/install/psd_vehicle_bringup:/home/psd/psd_ws/install/psd_vehicle_controller:/home/psd/psd_ws/install/psd_vehicle_description:/home/psd/psd_ws/install/ros_components_description:/home/psd/psd_ws/install/psd_vehicle_interfaces:/home/psd/psd_ws/install/psd_vehicle_hardware_interfaces:/home/psd/psd_ws/install/psd_vehicle_gazebo:/home/psd/psd_ws/install/psd_gazebo_worlds:/home/psd/psd_ws/install/ign_ros2_control_demos:/home/psd/psd_ws/install/ign_ros2_control:/home/psd/psd_ws/install/core:/home/psd/psd_ws/install/rqt_joint_trajectory_controller:/home/psd/psd_ws/install/rqt_controller_manager:/home/psd/psd_ws/install/ros2controlcli:/home/psd/psd_ws/install/ros2_controllers_test_nodes:/opt/ros/humble LD_LIBRARY_PATH=/home/psd/psd_ws/install/controller_manager/lib:/home/psd/psd_ws/install/controller_interface/lib:/home/psd/psd_ws/install/hardware_interface/lib:/home/psd/psd_ws/install/realtime_tools/lib:/home/psd/psd_ws/install/controller_manager_msgs/lib:/home/psd/psd_ws/install/control_msgs/lib:/home/psd/psd_ws/install/velocity_controllers/lib:/home/psd/psd_ws/install/tricycle_steering_controller/lib:/home/psd/psd_ws/install/tricycle_controller/lib:/home/psd/psd_ws/install/ros2_control_demo_example_8/lib:/home/psd/psd_ws/install/transmission_interface/lib:/home/psd/psd_ws/install/ros2_control_demo_example_11/lib:/home/psd/psd_ws/install/bicycle_steering_controller/lib:/home/psd/psd_ws/install/ackermann_steering_controller/lib:/home/psd/psd_ws/install/steering_controllers_library/lib:/home/psd/psd_ws/install/ros2_control_demo_example_9/lib:/home/psd/psd_ws/install/ros2_control_demo_example_7/lib:/home/psd/psd_ws/install/ros2_control_demo_example_6/lib:/home/psd/psd_ws/install/ros2_control_demo_example_5/lib:/home/psd/psd_ws/install/ros2_control_demo_example_4/lib:/home/psd/psd_ws/install/ros2_control_demo_example_3/lib:/home/psd/psd_ws/install/ros2_control_demo_example_2/lib:/home/psd/psd_ws/install/ros2_control_demo_example_14/lib:/home/psd/psd_ws/install/ros2_control_demo_example_10/lib:/home/psd/psd_ws/install/ros2_control_demo_example_1/lib:/home/psd/psd_ws/install/hardware_interface_testing/lib:/home/psd/psd_ws/install/gazebo_ros2_control/lib:/home/psd/psd_ws/install/range_sensor_broadcaster/lib:/home/psd/psd_ws/install/position_controllers/lib:/home/psd/psd_ws/install/admittance_controller/lib:/home/psd/psd_ws/install/joint_trajectory_controller/lib:/home/psd/psd_ws/install/joint_state_broadcaster/lib:/home/psd/psd_ws/install/imu_sensor_broadcaster/lib:/home/psd/psd_ws/install/gripper_controllers/lib:/home/psd/psd_ws/install/effort_controllers/lib:/home/psd/psd_ws/install/forward_command_controller/lib:/home/psd/psd_ws/install/force_torque_sensor_broadcaster/lib:/home/psd/psd_ws/install/diff_drive_controller/lib:/home/psd/psd_ws/install/psd_vehicle_interfaces/lib:/home/psd/psd_ws/install/psd_vehicle_hardware_interfaces/lib:/home/psd/psd_ws/install/ign_ros2_control/lib:/opt/ros/humble/opt/rviz_ogre_vendor/lib:/opt/ros/humble/lib/x86_64-linux-gnu:/opt/ros/humble/lib /usr/bin/cmake /home/psd/psd_ws/src/gazebosim/gz_ros2_control/ign_ros2_control -DCMAKE_INSTALL_PREFIX=/home/psd/psd_ws/install/ign_ros2_control
[5.156s] Invoking command in '/home/psd/psd_ws/build/ign_ros2_control': CMAKE_PREFIX_PATH=/home/psd/psd_ws/install/controller_manager:/home/psd/psd_ws/install/controller_interface:/home/psd/psd_ws/install/hardware_interface:/home/psd/psd_ws/install/ros2_control_test_assets:/home/psd/psd_ws/install/realtime_tools:/home/psd/psd_ws/install/controller_manager_msgs:/home/psd/psd_ws/install/control_msgs:/home/psd/psd_ws/install/ros2_controllers:/home/psd/psd_ws/install/gazebo_ros2_control_demos:/home/psd/psd_ws/install/velocity_controllers:/home/psd/psd_ws/install/tricycle_steering_controller:/home/psd/psd_ws/install/tricycle_controller:/home/psd/psd_ws/install/ros2_control_demos:/home/psd/psd_ws/install/ros2_control_demo_example_8:/home/psd/psd_ws/install/ros2_control:/home/psd/psd_ws/install/transmission_interface:/home/psd/psd_ws/install/ros2_control_demo_example_11:/home/psd/psd_ws/install/bicycle_steering_controller:/home/psd/psd_ws/install/ackermann_steering_controller:/home/psd/psd_ws/install/steering_controllers_library:/home/psd/psd_ws/install/ros2_control_demo_example_9:/home/psd/psd_ws/install/ros2_control_demo_example_7:/home/psd/psd_ws/install/ros2_control_demo_example_6:/home/psd/psd_ws/install/ros2_control_demo_example_5:/home/psd/psd_ws/install/ros2_control_demo_example_4:/home/psd/psd_ws/install/ros2_control_demo_example_3:/home/psd/psd_ws/install/ros2_control_demo_example_2:/home/psd/psd_ws/install/ros2_control_demo_example_14:/home/psd/psd_ws/install/ros2_control_demo_example_10:/home/psd/psd_ws/install/ros2_control_demo_example_1:/home/psd/psd_ws/install/hardware_interface_testing:/home/psd/psd_ws/install/gazebo_ros2_control:/home/psd/psd_ws/install/ros2_control_demo_description:/home/psd/psd_ws/install/range_sensor_broadcaster:/home/psd/psd_ws/install/position_controllers:/home/psd/psd_ws/install/admittance_controller:/home/psd/psd_ws/install/joint_trajectory_controller:/home/psd/psd_ws/install/joint_state_broadcaster:/home/psd/psd_ws/install/imu_sensor_broadcaster:/home/psd/psd_ws/install/gripper_controllers:/home/psd/psd_ws/install/effort_controllers:/home/psd/psd_ws/install/forward_command_controller:/home/psd/psd_ws/install/force_torque_sensor_broadcaster:/home/psd/psd_ws/install/diff_drive_controller:/home/psd/psd_ws/install/joint_limits:/home/psd/psd_ws/install/psd_vehicle_bringup:/home/psd/psd_ws/install/psd_vehicle_controller:/home/psd/psd_ws/install/psd_vehicle_description:/home/psd/psd_ws/install/ros_components_description:/home/psd/psd_ws/install/psd_vehicle_interfaces:/home/psd/psd_ws/install/psd_vehicle_hardware_interfaces:/home/psd/psd_ws/install/psd_vehicle_gazebo:/home/psd/psd_ws/install/psd_gazebo_worlds:/home/psd/psd_ws/install/ign_ros2_control_demos:/home/psd/psd_ws/install/ign_ros2_control:/home/psd/psd_ws/install/core:/home/psd/psd_ws/install/rqt_joint_trajectory_controller:/home/psd/psd_ws/install/rqt_controller_manager:/home/psd/psd_ws/install/ros2controlcli:/home/psd/psd_ws/install/ros2_controllers_test_nodes:/opt/ros/humble LD_LIBRARY_PATH=/home/psd/psd_ws/install/controller_manager/lib:/home/psd/psd_ws/install/controller_interface/lib:/home/psd/psd_ws/install/hardware_interface/lib:/home/psd/psd_ws/install/realtime_tools/lib:/home/psd/psd_ws/install/controller_manager_msgs/lib:/home/psd/psd_ws/install/control_msgs/lib:/home/psd/psd_ws/install/velocity_controllers/lib:/home/psd/psd_ws/install/tricycle_steering_controller/lib:/home/psd/psd_ws/install/tricycle_controller/lib:/home/psd/psd_ws/install/ros2_control_demo_example_8/lib:/home/psd/psd_ws/install/transmission_interface/lib:/home/psd/psd_ws/install/ros2_control_demo_example_11/lib:/home/psd/psd_ws/install/bicycle_steering_controller/lib:/home/psd/psd_ws/install/ackermann_steering_controller/lib:/home/psd/psd_ws/install/steering_controllers_library/lib:/home/psd/psd_ws/install/ros2_control_demo_example_9/lib:/home/psd/psd_ws/install/ros2_control_demo_example_7/lib:/home/psd/psd_ws/install/ros2_control_demo_example_6/lib:/home/psd/psd_ws/install/ros2_control_demo_example_5/lib:/home/psd/psd_ws/install/ros2_control_demo_example_4/lib:/home/psd/psd_ws/install/ros2_control_demo_example_3/lib:/home/psd/psd_ws/install/ros2_control_demo_example_2/lib:/home/psd/psd_ws/install/ros2_control_demo_example_14/lib:/home/psd/psd_ws/install/ros2_control_demo_example_10/lib:/home/psd/psd_ws/install/ros2_control_demo_example_1/lib:/home/psd/psd_ws/install/hardware_interface_testing/lib:/home/psd/psd_ws/install/gazebo_ros2_control/lib:/home/psd/psd_ws/install/range_sensor_broadcaster/lib:/home/psd/psd_ws/install/position_controllers/lib:/home/psd/psd_ws/install/admittance_controller/lib:/home/psd/psd_ws/install/joint_trajectory_controller/lib:/home/psd/psd_ws/install/joint_state_broadcaster/lib:/home/psd/psd_ws/install/imu_sensor_broadcaster/lib:/home/psd/psd_ws/install/gripper_controllers/lib:/home/psd/psd_ws/install/effort_controllers/lib:/home/psd/psd_ws/install/forward_command_controller/lib:/home/psd/psd_ws/install/force_torque_sensor_broadcaster/lib:/home/psd/psd_ws/install/diff_drive_controller/lib:/home/psd/psd_ws/install/psd_vehicle_interfaces/lib:/home/psd/psd_ws/install/psd_vehicle_hardware_interfaces/lib:/home/psd/psd_ws/install/ign_ros2_control/lib:/opt/ros/humble/opt/rviz_ogre_vendor/lib:/opt/ros/humble/lib/x86_64-linux-gnu:/opt/ros/humble/lib /usr/bin/cmake --build /home/psd/psd_ws/build/ign_ros2_control -- -j20 -l20
[5.448s] [ 25%] [32mBuilding CXX object CMakeFiles/ign_ros2_control-system.dir/src/ign_ros2_control_plugin.cpp.o[0m
[5.466s] [ 50%] [32mBuilding CXX object CMakeFiles/ign_hardware_plugins.dir/src/ign_system.cpp.o[0m
[53.997s] [ 75%] [32m[1mLinking CXX shared library libign_hardware_plugins.so[0m
[55.952s] [ 75%] Built target ign_hardware_plugins
[56.065s] [100%] [32m[1mLinking CXX shared library libign_ros2_control-system.so[0m
[59.883s] [100%] Built target ign_ros2_control-system
[59.907s] Invoked command in '/home/psd/psd_ws/build/ign_ros2_control' returned '0': CMAKE_PREFIX_PATH=/home/psd/psd_ws/install/controller_manager:/home/psd/psd_ws/install/controller_interface:/home/psd/psd_ws/install/hardware_interface:/home/psd/psd_ws/install/ros2_control_test_assets:/home/psd/psd_ws/install/realtime_tools:/home/psd/psd_ws/install/controller_manager_msgs:/home/psd/psd_ws/install/control_msgs:/home/psd/psd_ws/install/ros2_controllers:/home/psd/psd_ws/install/gazebo_ros2_control_demos:/home/psd/psd_ws/install/velocity_controllers:/home/psd/psd_ws/install/tricycle_steering_controller:/home/psd/psd_ws/install/tricycle_controller:/home/psd/psd_ws/install/ros2_control_demos:/home/psd/psd_ws/install/ros2_control_demo_example_8:/home/psd/psd_ws/install/ros2_control:/home/psd/psd_ws/install/transmission_interface:/home/psd/psd_ws/install/ros2_control_demo_example_11:/home/psd/psd_ws/install/bicycle_steering_controller:/home/psd/psd_ws/install/ackermann_steering_controller:/home/psd/psd_ws/install/steering_controllers_library:/home/psd/psd_ws/install/ros2_control_demo_example_9:/home/psd/psd_ws/install/ros2_control_demo_example_7:/home/psd/psd_ws/install/ros2_control_demo_example_6:/home/psd/psd_ws/install/ros2_control_demo_example_5:/home/psd/psd_ws/install/ros2_control_demo_example_4:/home/psd/psd_ws/install/ros2_control_demo_example_3:/home/psd/psd_ws/install/ros2_control_demo_example_2:/home/psd/psd_ws/install/ros2_control_demo_example_14:/home/psd/psd_ws/install/ros2_control_demo_example_10:/home/psd/psd_ws/install/ros2_control_demo_example_1:/home/psd/psd_ws/install/hardware_interface_testing:/home/psd/psd_ws/install/gazebo_ros2_control:/home/psd/psd_ws/install/ros2_control_demo_description:/home/psd/psd_ws/install/range_sensor_broadcaster:/home/psd/psd_ws/install/position_controllers:/home/psd/psd_ws/install/admittance_controller:/home/psd/psd_ws/install/joint_trajectory_controller:/home/psd/psd_ws/install/joint_state_broadcaster:/home/psd/psd_ws/install/imu_sensor_broadcaster:/home/psd/psd_ws/install/gripper_controllers:/home/psd/psd_ws/install/effort_controllers:/home/psd/psd_ws/install/forward_command_controller:/home/psd/psd_ws/install/force_torque_sensor_broadcaster:/home/psd/psd_ws/install/diff_drive_controller:/home/psd/psd_ws/install/joint_limits:/home/psd/psd_ws/install/psd_vehicle_bringup:/home/psd/psd_ws/install/psd_vehicle_controller:/home/psd/psd_ws/install/psd_vehicle_description:/home/psd/psd_ws/install/ros_components_description:/home/psd/psd_ws/install/psd_vehicle_interfaces:/home/psd/psd_ws/install/psd_vehicle_hardware_interfaces:/home/psd/psd_ws/install/psd_vehicle_gazebo:/home/psd/psd_ws/install/psd_gazebo_worlds:/home/psd/psd_ws/install/ign_ros2_control_demos:/home/psd/psd_ws/install/ign_ros2_control:/home/psd/psd_ws/install/core:/home/psd/psd_ws/install/rqt_joint_trajectory_controller:/home/psd/psd_ws/install/rqt_controller_manager:/home/psd/psd_ws/install/ros2controlcli:/home/psd/psd_ws/install/ros2_controllers_test_nodes:/opt/ros/humble LD_LIBRARY_PATH=/home/psd/psd_ws/install/controller_manager/lib:/home/psd/psd_ws/install/controller_interface/lib:/home/psd/psd_ws/install/hardware_interface/lib:/home/psd/psd_ws/install/realtime_tools/lib:/home/psd/psd_ws/install/controller_manager_msgs/lib:/home/psd/psd_ws/install/control_msgs/lib:/home/psd/psd_ws/install/velocity_controllers/lib:/home/psd/psd_ws/install/tricycle_steering_controller/lib:/home/psd/psd_ws/install/tricycle_controller/lib:/home/psd/psd_ws/install/ros2_control_demo_example_8/lib:/home/psd/psd_ws/install/transmission_interface/lib:/home/psd/psd_ws/install/ros2_control_demo_example_11/lib:/home/psd/psd_ws/install/bicycle_steering_controller/lib:/home/psd/psd_ws/install/ackermann_steering_controller/lib:/home/psd/psd_ws/install/steering_controllers_library/lib:/home/psd/psd_ws/install/ros2_control_demo_example_9/lib:/home/psd/psd_ws/install/ros2_control_demo_example_7/lib:/home/psd/psd_ws/install/ros2_control_demo_example_6/lib:/home/psd/psd_ws/install/ros2_control_demo_example_5/lib:/home/psd/psd_ws/install/ros2_control_demo_example_4/lib:/home/psd/psd_ws/install/ros2_control_demo_example_3/lib:/home/psd/psd_ws/install/ros2_control_demo_example_2/lib:/home/psd/psd_ws/install/ros2_control_demo_example_14/lib:/home/psd/psd_ws/install/ros2_control_demo_example_10/lib:/home/psd/psd_ws/install/ros2_control_demo_example_1/lib:/home/psd/psd_ws/install/hardware_interface_testing/lib:/home/psd/psd_ws/install/gazebo_ros2_control/lib:/home/psd/psd_ws/install/range_sensor_broadcaster/lib:/home/psd/psd_ws/install/position_controllers/lib:/home/psd/psd_ws/install/admittance_controller/lib:/home/psd/psd_ws/install/joint_trajectory_controller/lib:/home/psd/psd_ws/install/joint_state_broadcaster/lib:/home/psd/psd_ws/install/imu_sensor_broadcaster/lib:/home/psd/psd_ws/install/gripper_controllers/lib:/home/psd/psd_ws/install/effort_controllers/lib:/home/psd/psd_ws/install/forward_command_controller/lib:/home/psd/psd_ws/install/force_torque_sensor_broadcaster/lib:/home/psd/psd_ws/install/diff_drive_controller/lib:/home/psd/psd_ws/install/psd_vehicle_interfaces/lib:/home/psd/psd_ws/install/psd_vehicle_hardware_interfaces/lib:/home/psd/psd_ws/install/ign_ros2_control/lib:/opt/ros/humble/opt/rviz_ogre_vendor/lib:/opt/ros/humble/lib/x86_64-linux-gnu:/opt/ros/humble/lib /usr/bin/cmake --build /home/psd/psd_ws/build/ign_ros2_control -- -j20 -l20
[59.999s] Invoking command in '/home/psd/psd_ws/build/ign_ros2_control': CMAKE_PREFIX_PATH=/home/psd/psd_ws/install/controller_manager:/home/psd/psd_ws/install/controller_interface:/home/psd/psd_ws/install/hardware_interface:/home/psd/psd_ws/install/ros2_control_test_assets:/home/psd/psd_ws/install/realtime_tools:/home/psd/psd_ws/install/controller_manager_msgs:/home/psd/psd_ws/install/control_msgs:/home/psd/psd_ws/install/ros2_controllers:/home/psd/psd_ws/install/gazebo_ros2_control_demos:/home/psd/psd_ws/install/velocity_controllers:/home/psd/psd_ws/install/tricycle_steering_controller:/home/psd/psd_ws/install/tricycle_controller:/home/psd/psd_ws/install/ros2_control_demos:/home/psd/psd_ws/install/ros2_control_demo_example_8:/home/psd/psd_ws/install/ros2_control:/home/psd/psd_ws/install/transmission_interface:/home/psd/psd_ws/install/ros2_control_demo_example_11:/home/psd/psd_ws/install/bicycle_steering_controller:/home/psd/psd_ws/install/ackermann_steering_controller:/home/psd/psd_ws/install/steering_controllers_library:/home/psd/psd_ws/install/ros2_control_demo_example_9:/home/psd/psd_ws/install/ros2_control_demo_example_7:/home/psd/psd_ws/install/ros2_control_demo_example_6:/home/psd/psd_ws/install/ros2_control_demo_example_5:/home/psd/psd_ws/install/ros2_control_demo_example_4:/home/psd/psd_ws/install/ros2_control_demo_example_3:/home/psd/psd_ws/install/ros2_control_demo_example_2:/home/psd/psd_ws/install/ros2_control_demo_example_14:/home/psd/psd_ws/install/ros2_control_demo_example_10:/home/psd/psd_ws/install/ros2_control_demo_example_1:/home/psd/psd_ws/install/hardware_interface_testing:/home/psd/psd_ws/install/gazebo_ros2_control:/home/psd/psd_ws/install/ros2_control_demo_description:/home/psd/psd_ws/install/range_sensor_broadcaster:/home/psd/psd_ws/install/position_controllers:/home/psd/psd_ws/install/admittance_controller:/home/psd/psd_ws/install/joint_trajectory_controller:/home/psd/psd_ws/install/joint_state_broadcaster:/home/psd/psd_ws/install/imu_sensor_broadcaster:/home/psd/psd_ws/install/gripper_controllers:/home/psd/psd_ws/install/effort_controllers:/home/psd/psd_ws/install/forward_command_controller:/home/psd/psd_ws/install/force_torque_sensor_broadcaster:/home/psd/psd_ws/install/diff_drive_controller:/home/psd/psd_ws/install/joint_limits:/home/psd/psd_ws/install/psd_vehicle_bringup:/home/psd/psd_ws/install/psd_vehicle_controller:/home/psd/psd_ws/install/psd_vehicle_description:/home/psd/psd_ws/install/ros_components_description:/home/psd/psd_ws/install/psd_vehicle_interfaces:/home/psd/psd_ws/install/psd_vehicle_hardware_interfaces:/home/psd/psd_ws/install/psd_vehicle_gazebo:/home/psd/psd_ws/install/psd_gazebo_worlds:/home/psd/psd_ws/install/ign_ros2_control_demos:/home/psd/psd_ws/install/ign_ros2_control:/home/psd/psd_ws/install/core:/home/psd/psd_ws/install/rqt_joint_trajectory_controller:/home/psd/psd_ws/install/rqt_controller_manager:/home/psd/psd_ws/install/ros2controlcli:/home/psd/psd_ws/install/ros2_controllers_test_nodes:/opt/ros/humble LD_LIBRARY_PATH=/home/psd/psd_ws/install/controller_manager/lib:/home/psd/psd_ws/install/controller_interface/lib:/home/psd/psd_ws/install/hardware_interface/lib:/home/psd/psd_ws/install/realtime_tools/lib:/home/psd/psd_ws/install/controller_manager_msgs/lib:/home/psd/psd_ws/install/control_msgs/lib:/home/psd/psd_ws/install/velocity_controllers/lib:/home/psd/psd_ws/install/tricycle_steering_controller/lib:/home/psd/psd_ws/install/tricycle_controller/lib:/home/psd/psd_ws/install/ros2_control_demo_example_8/lib:/home/psd/psd_ws/install/transmission_interface/lib:/home/psd/psd_ws/install/ros2_control_demo_example_11/lib:/home/psd/psd_ws/install/bicycle_steering_controller/lib:/home/psd/psd_ws/install/ackermann_steering_controller/lib:/home/psd/psd_ws/install/steering_controllers_library/lib:/home/psd/psd_ws/install/ros2_control_demo_example_9/lib:/home/psd/psd_ws/install/ros2_control_demo_example_7/lib:/home/psd/psd_ws/install/ros2_control_demo_example_6/lib:/home/psd/psd_ws/install/ros2_control_demo_example_5/lib:/home/psd/psd_ws/install/ros2_control_demo_example_4/lib:/home/psd/psd_ws/install/ros2_control_demo_example_3/lib:/home/psd/psd_ws/install/ros2_control_demo_example_2/lib:/home/psd/psd_ws/install/ros2_control_demo_example_14/lib:/home/psd/psd_ws/install/ros2_control_demo_example_10/lib:/home/psd/psd_ws/install/ros2_control_demo_example_1/lib:/home/psd/psd_ws/install/hardware_interface_testing/lib:/home/psd/psd_ws/install/gazebo_ros2_control/lib:/home/psd/psd_ws/install/range_sensor_broadcaster/lib:/home/psd/psd_ws/install/position_controllers/lib:/home/psd/psd_ws/install/admittance_controller/lib:/home/psd/psd_ws/install/joint_trajectory_controller/lib:/home/psd/psd_ws/install/joint_state_broadcaster/lib:/home/psd/psd_ws/install/imu_sensor_broadcaster/lib:/home/psd/psd_ws/install/gripper_controllers/lib:/home/psd/psd_ws/install/effort_controllers/lib:/home/psd/psd_ws/install/forward_command_controller/lib:/home/psd/psd_ws/install/force_torque_sensor_broadcaster/lib:/home/psd/psd_ws/install/diff_drive_controller/lib:/home/psd/psd_ws/install/psd_vehicle_interfaces/lib:/home/psd/psd_ws/install/psd_vehicle_hardware_interfaces/lib:/home/psd/psd_ws/install/ign_ros2_control/lib:/opt/ros/humble/opt/rviz_ogre_vendor/lib:/opt/ros/humble/lib/x86_64-linux-gnu:/opt/ros/humble/lib /usr/bin/cmake --install /home/psd/psd_ws/build/ign_ros2_control
[60.015s] -- Install configuration: ""
[60.015s] -- Installing: /home/psd/psd_ws/install/ign_ros2_control/lib/libign_hardware_plugins.so
[60.021s] -- Set runtime path of "/home/psd/psd_ws/install/ign_ros2_control/lib/libign_hardware_plugins.so" to ""
[60.024s] -- Installing: /home/psd/psd_ws/install/ign_ros2_control/share/ign_ros2_control/environment/library_path.sh
[60.024s] -- Installing: /home/psd/psd_ws/install/ign_ros2_control/share/ign_ros2_control/environment/library_path.dsv
[60.024s] -- Installing: /home/psd/psd_ws/install/ign_ros2_control/lib/libign_ros2_control-system.so
[60.031s] -- Set runtime path of "/home/psd/psd_ws/install/ign_ros2_control/lib/libign_ros2_control-system.so" to ""
[60.031s] -- Installing: /home/psd/psd_ws/install/ign_ros2_control/share/ign_ros2_control/ign_hardware_plugins.xml
[60.033s] -- Installing: /home/psd/psd_ws/install/ign_ros2_control/share/ament_index/resource_index/package_run_dependencies/ign_ros2_control
[60.033s] -- Installing: /home/psd/psd_ws/install/ign_ros2_control/share/ament_index/resource_index/parent_prefix_path/ign_ros2_control
[60.035s] -- Installing: /home/psd/psd_ws/install/ign_ros2_control/share/ign_ros2_control/environment/ament_prefix_path.sh
[60.036s] -- Installing: /home/psd/psd_ws/install/ign_ros2_control/share/ign_ros2_control/environment/ament_prefix_path.dsv
[60.036s] -- Installing: /home/psd/psd_ws/install/ign_ros2_control/share/ign_ros2_control/environment/path.sh
[60.036s] -- Installing: /home/psd/psd_ws/install/ign_ros2_control/share/ign_ros2_control/environment/path.dsv
[60.036s] -- Installing: /home/psd/psd_ws/install/ign_ros2_control/share/ign_ros2_control/local_setup.bash
[60.036s] -- Installing: /home/psd/psd_ws/install/ign_ros2_control/share/ign_ros2_control/local_setup.sh
[60.037s] -- Installing: /home/psd/psd_ws/install/ign_ros2_control/share/ign_ros2_control/local_setup.zsh
[60.037s] -- Installing: /home/psd/psd_ws/install/ign_ros2_control/share/ign_ros2_control/local_setup.dsv
[60.039s] -- Installing: /home/psd/psd_ws/install/ign_ros2_control/share/ign_ros2_control/package.dsv
[60.039s] -- Installing: /home/psd/psd_ws/install/ign_ros2_control/share/ament_index/resource_index/packages/ign_ros2_control
[60.039s] -- Installing: /home/psd/psd_ws/install/ign_ros2_control/share/ament_index/resource_index/ign_ros2_control__pluginlib__plugin/ign_ros2_control
[60.039s] -- Installing: /home/psd/psd_ws/install/ign_ros2_control/share/ign_ros2_control/cmake/ament_cmake_export_include_directories-extras.cmake
[60.039s] -- Installing: /home/psd/psd_ws/install/ign_ros2_control/share/ign_ros2_control/cmake/ament_cmake_export_libraries-extras.cmake
[60.041s] -- Installing: /home/psd/psd_ws/install/ign_ros2_control/share/ign_ros2_control/cmake/ign_ros2_controlConfig.cmake
[60.042s] -- Installing: /home/psd/psd_ws/install/ign_ros2_control/share/ign_ros2_control/cmake/ign_ros2_controlConfig-version.cmake
[60.042s] -- Installing: /home/psd/psd_ws/install/ign_ros2_control/share/ign_ros2_control/package.xml
[60.056s] Invoked command in '/home/psd/psd_ws/build/ign_ros2_control' returned '0': CMAKE_PREFIX_PATH=/home/psd/psd_ws/install/controller_manager:/home/psd/psd_ws/install/controller_interface:/home/psd/psd_ws/install/hardware_interface:/home/psd/psd_ws/install/ros2_control_test_assets:/home/psd/psd_ws/install/realtime_tools:/home/psd/psd_ws/install/controller_manager_msgs:/home/psd/psd_ws/install/control_msgs:/home/psd/psd_ws/install/ros2_controllers:/home/psd/psd_ws/install/gazebo_ros2_control_demos:/home/psd/psd_ws/install/velocity_controllers:/home/psd/psd_ws/install/tricycle_steering_controller:/home/psd/psd_ws/install/tricycle_controller:/home/psd/psd_ws/install/ros2_control_demos:/home/psd/psd_ws/install/ros2_control_demo_example_8:/home/psd/psd_ws/install/ros2_control:/home/psd/psd_ws/install/transmission_interface:/home/psd/psd_ws/install/ros2_control_demo_example_11:/home/psd/psd_ws/install/bicycle_steering_controller:/home/psd/psd_ws/install/ackermann_steering_controller:/home/psd/psd_ws/install/steering_controllers_library:/home/psd/psd_ws/install/ros2_control_demo_example_9:/home/psd/psd_ws/install/ros2_control_demo_example_7:/home/psd/psd_ws/install/ros2_control_demo_example_6:/home/psd/psd_ws/install/ros2_control_demo_example_5:/home/psd/psd_ws/install/ros2_control_demo_example_4:/home/psd/psd_ws/install/ros2_control_demo_example_3:/home/psd/psd_ws/install/ros2_control_demo_example_2:/home/psd/psd_ws/install/ros2_control_demo_example_14:/home/psd/psd_ws/install/ros2_control_demo_example_10:/home/psd/psd_ws/install/ros2_control_demo_example_1:/home/psd/psd_ws/install/hardware_interface_testing:/home/psd/psd_ws/install/gazebo_ros2_control:/home/psd/psd_ws/install/ros2_control_demo_description:/home/psd/psd_ws/install/range_sensor_broadcaster:/home/psd/psd_ws/install/position_controllers:/home/psd/psd_ws/install/admittance_controller:/home/psd/psd_ws/install/joint_trajectory_controller:/home/psd/psd_ws/install/joint_state_broadcaster:/home/psd/psd_ws/install/imu_sensor_broadcaster:/home/psd/psd_ws/install/gripper_controllers:/home/psd/psd_ws/install/effort_controllers:/home/psd/psd_ws/install/forward_command_controller:/home/psd/psd_ws/install/force_torque_sensor_broadcaster:/home/psd/psd_ws/install/diff_drive_controller:/home/psd/psd_ws/install/joint_limits:/home/psd/psd_ws/install/psd_vehicle_bringup:/home/psd/psd_ws/install/psd_vehicle_controller:/home/psd/psd_ws/install/psd_vehicle_description:/home/psd/psd_ws/install/ros_components_description:/home/psd/psd_ws/install/psd_vehicle_interfaces:/home/psd/psd_ws/install/psd_vehicle_hardware_interfaces:/home/psd/psd_ws/install/psd_vehicle_gazebo:/home/psd/psd_ws/install/psd_gazebo_worlds:/home/psd/psd_ws/install/ign_ros2_control_demos:/home/psd/psd_ws/install/ign_ros2_control:/home/psd/psd_ws/install/core:/home/psd/psd_ws/install/rqt_joint_trajectory_controller:/home/psd/psd_ws/install/rqt_controller_manager:/home/psd/psd_ws/install/ros2controlcli:/home/psd/psd_ws/install/ros2_controllers_test_nodes:/opt/ros/humble LD_LIBRARY_PATH=/home/psd/psd_ws/install/controller_manager/lib:/home/psd/psd_ws/install/controller_interface/lib:/home/psd/psd_ws/install/hardware_interface/lib:/home/psd/psd_ws/install/realtime_tools/lib:/home/psd/psd_ws/install/controller_manager_msgs/lib:/home/psd/psd_ws/install/control_msgs/lib:/home/psd/psd_ws/install/velocity_controllers/lib:/home/psd/psd_ws/install/tricycle_steering_controller/lib:/home/psd/psd_ws/install/tricycle_controller/lib:/home/psd/psd_ws/install/ros2_control_demo_example_8/lib:/home/psd/psd_ws/install/transmission_interface/lib:/home/psd/psd_ws/install/ros2_control_demo_example_11/lib:/home/psd/psd_ws/install/bicycle_steering_controller/lib:/home/psd/psd_ws/install/ackermann_steering_controller/lib:/home/psd/psd_ws/install/steering_controllers_library/lib:/home/psd/psd_ws/install/ros2_control_demo_example_9/lib:/home/psd/psd_ws/install/ros2_control_demo_example_7/lib:/home/psd/psd_ws/install/ros2_control_demo_example_6/lib:/home/psd/psd_ws/install/ros2_control_demo_example_5/lib:/home/psd/psd_ws/install/ros2_control_demo_example_4/lib:/home/psd/psd_ws/install/ros2_control_demo_example_3/lib:/home/psd/psd_ws/install/ros2_control_demo_example_2/lib:/home/psd/psd_ws/install/ros2_control_demo_example_14/lib:/home/psd/psd_ws/install/ros2_control_demo_example_10/lib:/home/psd/psd_ws/install/ros2_control_demo_example_1/lib:/home/psd/psd_ws/install/hardware_interface_testing/lib:/home/psd/psd_ws/install/gazebo_ros2_control/lib:/home/psd/psd_ws/install/range_sensor_broadcaster/lib:/home/psd/psd_ws/install/position_controllers/lib:/home/psd/psd_ws/install/admittance_controller/lib:/home/psd/psd_ws/install/joint_trajectory_controller/lib:/home/psd/psd_ws/install/joint_state_broadcaster/lib:/home/psd/psd_ws/install/imu_sensor_broadcaster/lib:/home/psd/psd_ws/install/gripper_controllers/lib:/home/psd/psd_ws/install/effort_controllers/lib:/home/psd/psd_ws/install/forward_command_controller/lib:/home/psd/psd_ws/install/force_torque_sensor_broadcaster/lib:/home/psd/psd_ws/install/diff_drive_controller/lib:/home/psd/psd_ws/install/psd_vehicle_interfaces/lib:/home/psd/psd_ws/install/psd_vehicle_hardware_interfaces/lib:/home/psd/psd_ws/install/ign_ros2_control/lib:/opt/ros/humble/opt/rviz_ogre_vendor/lib:/opt/ros/humble/lib/x86_64-linux-gnu:/opt/ros/humble/lib /usr/bin/cmake --install /home/psd/psd_ws/build/ign_ros2_control
