[0.107s] Invoking command in '/psd_ws/build/psd_gazebo_worlds': CMAKE_PREFIX_PATH=${CMAKE_PREFIX_PATH}:/opt/ros/humble /usr/bin/cmake --build /psd_ws/build/psd_gazebo_worlds -- -j20 -l20
[0.130s] Invoked command in '/psd_ws/build/psd_gazebo_worlds' returned '0': CMAKE_PREFIX_PATH=${CMAKE_PREFIX_PATH}:/opt/ros/humble /usr/bin/cmake --build /psd_ws/build/psd_gazebo_worlds -- -j20 -l20
[0.150s] Invoking command in '/psd_ws/build/psd_gazebo_worlds': CMAKE_PREFIX_PATH=${CMAKE_PREFIX_PATH}:/opt/ros/humble /usr/bin/cmake --install /psd_ws/build/psd_gazebo_worlds
[0.157s] -- Install configuration: ""
[0.157s] -- Up-to-date: /psd_ws/install/psd_gazebo_worlds/share/psd_gazebo_worlds
[0.157s] -- Up-to-date: /psd_ws/install/psd_gazebo_worlds/share/psd_gazebo_worlds/worlds/
[0.157s] -- Up-to-date: /psd_ws/install/psd_gazebo_worlds/share/psd_gazebo_worlds/worlds//random.sdf
[0.157s] -- Installing: /psd_ws/install/psd_gazebo_worlds/share/psd_gazebo_worlds/worlds//track.sdf
[0.158s] -- Installing: /psd_ws/install/psd_gazebo_worlds/share/psd_gazebo_worlds/worlds//track_creator.py
[0.158s] -- Up-to-date: /psd_ws/install/psd_gazebo_worlds/share/psd_gazebo_worlds/worlds//models
[0.158s] -- Up-to-date: /psd_ws/install/psd_gazebo_worlds/share/psd_gazebo_worlds/worlds//models/cone
[0.159s] -- Up-to-date: /psd_ws/install/psd_gazebo_worlds/share/psd_gazebo_worlds/worlds//models/cone/model.config
[0.159s] -- Up-to-date: /psd_ws/install/psd_gazebo_worlds/share/psd_gazebo_worlds/worlds//models/cone/meshes
[0.159s] -- Up-to-date: /psd_ws/install/psd_gazebo_worlds/share/psd_gazebo_worlds/worlds//models/cone/meshes/cone.dae
[0.159s] -- Up-to-date: /psd_ws/install/psd_gazebo_worlds/share/psd_gazebo_worlds/worlds//models/cone/meshes/cone.stl
[0.159s] -- Up-to-date: /psd_ws/install/psd_gazebo_worlds/share/psd_gazebo_worlds/worlds//models/cone/model.sdf
[0.160s] -- Up-to-date: /psd_ws/install/psd_gazebo_worlds/share/psd_gazebo_worlds/worlds//models/blue_cone
[0.160s] -- Up-to-date: /psd_ws/install/psd_gazebo_worlds/share/psd_gazebo_worlds/worlds//models/yellow_cone
[0.160s] -- Up-to-date: /psd_ws/install/psd_gazebo_worlds/share/ament_index/resource_index/package_run_dependencies/psd_gazebo_worlds
[0.160s] -- Up-to-date: /psd_ws/install/psd_gazebo_worlds/share/ament_index/resource_index/parent_prefix_path/psd_gazebo_worlds
[0.161s] -- Up-to-date: /psd_ws/install/psd_gazebo_worlds/share/psd_gazebo_worlds/environment/ament_prefix_path.sh
[0.161s] -- Up-to-date: /psd_ws/install/psd_gazebo_worlds/share/psd_gazebo_worlds/environment/ament_prefix_path.dsv
[0.162s] -- Up-to-date: /psd_ws/install/psd_gazebo_worlds/share/psd_gazebo_worlds/environment/path.sh
[0.162s] -- Up-to-date: /psd_ws/install/psd_gazebo_worlds/share/psd_gazebo_worlds/environment/path.dsv
[0.162s] -- Up-to-date: /psd_ws/install/psd_gazebo_worlds/share/psd_gazebo_worlds/local_setup.bash
[0.162s] -- Up-to-date: /psd_ws/install/psd_gazebo_worlds/share/psd_gazebo_worlds/local_setup.sh
[0.162s] -- Up-to-date: /psd_ws/install/psd_gazebo_worlds/share/psd_gazebo_worlds/local_setup.zsh
[0.163s] -- Up-to-date: /psd_ws/install/psd_gazebo_worlds/share/psd_gazebo_worlds/local_setup.dsv
[0.163s] -- Installing: /psd_ws/install/psd_gazebo_worlds/share/psd_gazebo_worlds/package.dsv
[0.163s] -- Up-to-date: /psd_ws/install/psd_gazebo_worlds/share/ament_index/resource_index/packages/psd_gazebo_worlds
[0.163s] -- Up-to-date: /psd_ws/install/psd_gazebo_worlds/share/psd_gazebo_worlds/cmake/psd_gazebo_worldsConfig.cmake
[0.163s] -- Up-to-date: /psd_ws/install/psd_gazebo_worlds/share/psd_gazebo_worlds/cmake/psd_gazebo_worldsConfig-version.cmake
[0.163s] -- Up-to-date: /psd_ws/install/psd_gazebo_worlds/share/psd_gazebo_worlds/package.xml
[0.195s] Invoked command in '/psd_ws/build/psd_gazebo_worlds' returned '0': CMAKE_PREFIX_PATH=${CMAKE_PREFIX_PATH}:/opt/ros/humble /usr/bin/cmake --install /psd_ws/build/psd_gazebo_worlds
