-- Found ament_cmake: 1.3.8 (/opt/ros/humble/share/ament_cmake/cmake)
-- Override CMake install command with custom implementation using symlinks instead of copying resources
-- Found builtin_interfaces: 1.2.1 (/opt/ros/humble/share/builtin_interfaces/cmake)
-- Found rosidl_generator_c: 3.1.5 (/opt/ros/humble/share/rosidl_generator_c/cmake)
-- Found rosidl_adapter: 3.1.5 (/opt/ros/humble/share/rosidl_adapter/cmake)
-- Found rosidl_generator_cpp: 3.1.5 (/opt/ros/humble/share/rosidl_generator_cpp/cmake)
-- Using all available rosidl_typesupport_c: rosidl_typesupport_fastrtps_c;rosidl_typesupport_introspection_c
-- Using all available rosidl_typesupport_cpp: rosidl_typesupport_fastrtps_cpp;rosidl_typesupport_introspection_cpp
-- Found lifecycle_msgs: 1.2.1 (/opt/ros/humble/share/lifecycle_msgs/cmake)
-- Found rosidl_default_generators: 1.2.0 (/opt/ros/humble/share/rosidl_default_generators/cmake)
-- Found ament_cmake_cppcheck: 0.12.10 (/opt/ros/humble/share/ament_cmake_cppcheck/cmake)
-- Found ament_cmake_cpplint: 0.12.10 (/opt/ros/humble/share/ament_cmake_cpplint/cmake)
-- Found ament_cmake_uncrustify: 0.12.10 (/opt/ros/humble/share/ament_cmake_uncrustify/cmake)
-- Found ament_cmake_ros: 0.10.0 (/opt/ros/humble/share/ament_cmake_ros/cmake)
-- Using all available rosidl_typesupport_c: rosidl_typesupport_fastrtps_c;rosidl_typesupport_introspection_c
-- Using all available rosidl_typesupport_cpp: rosidl_typesupport_fastrtps_cpp;rosidl_typesupport_introspection_cpp
-- Found python_cmake_module: 0.10.0 (/opt/ros/humble/share/python_cmake_module/cmake)
-- Using PYTHON_EXECUTABLE: /usr/bin/python3
-- Using PYTHON_INCLUDE_DIRS: /usr/include/python3.10
-- Using PYTHON_LIBRARIES: /usr/lib/x86_64-linux-gnu/libpython3.10.so
-- Found ament_cmake_flake8: 0.12.10 (/opt/ros/humble/share/ament_cmake_flake8/cmake)
-- Found ament_cmake_pep257: 0.12.10 (/opt/ros/humble/share/ament_cmake_pep257/cmake)
-- Configuring done
-- Generating done
-- Build files have been written to: /home/psd/psd_ws/build/controller_manager_msgs
[35m[1mConsolidate compiler generated dependencies of target controller_manager_msgs__rosidl_generator_c[0m
[  0%] Built target controller_manager_msgs__cpp
[  0%] Built target ament_cmake_python_symlink_controller_manager_msgs
[35m[1mConsolidate compiler generated dependencies of target controller_manager_msgs__rosidl_typesupport_introspection_cpp[0m
[35m[1mConsolidate compiler generated dependencies of target controller_manager_msgs__rosidl_typesupport_cpp[0m
[  1%] [32m[1mLinking C shared library libcontroller_manager_msgs__rosidl_generator_c.so[0m
[35m[1mConsolidate compiler generated dependencies of target controller_manager_msgs__rosidl_typesupport_fastrtps_cpp[0m
[  2%] [32m[1mLinking CXX shared library libcontroller_manager_msgs__rosidl_typesupport_introspection_cpp.so[0m
[  3%] [32m[1mLinking CXX shared library libcontroller_manager_msgs__rosidl_typesupport_cpp.so[0m
[  3%] [32m[1mLinking CXX shared library libcontroller_manager_msgs__rosidl_typesupport_fastrtps_cpp.so[0m
[ 14%] Built target controller_manager_msgs__rosidl_generator_c
[35m[1mConsolidate compiler generated dependencies of target controller_manager_msgs__rosidl_typesupport_c[0m
[35m[1mConsolidate compiler generated dependencies of target controller_manager_msgs__rosidl_typesupport_introspection_c[0m
[35m[1mConsolidate compiler generated dependencies of target controller_manager_msgs__rosidl_typesupport_fastrtps_c[0m
[ 15%] [32m[1mLinking CXX shared library libcontroller_manager_msgs__rosidl_typesupport_c.so[0m
[ 26%] Built target controller_manager_msgs__rosidl_typesupport_cpp
[ 27%] [32m[1mLinking C shared library libcontroller_manager_msgs__rosidl_typesupport_introspection_c.so[0m
[ 28%] [32m[1mLinking CXX shared library libcontroller_manager_msgs__rosidl_typesupport_fastrtps_c.so[0m
[ 39%] Built target controller_manager_msgs__rosidl_typesupport_c
[ 50%] Built target controller_manager_msgs__rosidl_typesupport_introspection_c
[ 61%] Built target controller_manager_msgs__rosidl_typesupport_introspection_cpp
[ 73%] Built target controller_manager_msgs__rosidl_typesupport_fastrtps_cpp
[ 84%] Built target controller_manager_msgs__rosidl_typesupport_fastrtps_c
running egg_info
writing controller_manager_msgs.egg-info/PKG-INFO
writing dependency_links to controller_manager_msgs.egg-info/dependency_links.txt
writing top-level names to controller_manager_msgs.egg-info/top_level.txt
reading manifest file 'controller_manager_msgs.egg-info/SOURCES.txt'
writing manifest file 'controller_manager_msgs.egg-info/SOURCES.txt'
[ 84%] Built target controller_manager_msgs
[ 85%] Built target controller_manager_msgs__py
[ 85%] Built target ament_cmake_python_build_controller_manager_msgs_egg
[35m[1mConsolidate compiler generated dependencies of target controller_manager_msgs__rosidl_generator_py[0m
[ 86%] [32m[1mLinking C shared library rosidl_generator_py/controller_manager_msgs/libcontroller_manager_msgs__rosidl_generator_py.so[0m
[ 96%] Built target controller_manager_msgs__rosidl_generator_py
[35m[1mConsolidate compiler generated dependencies of target controller_manager_msgs__rosidl_typesupport_fastrtps_c__pyext[0m
[35m[1mConsolidate compiler generated dependencies of target controller_manager_msgs__rosidl_typesupport_introspection_c__pyext[0m
[35m[1mConsolidate compiler generated dependencies of target controller_manager_msgs__rosidl_typesupport_c__pyext[0m
[ 96%] [32m[1mLinking C shared library rosidl_generator_py/controller_manager_msgs/controller_manager_msgs_s__rosidl_typesupport_fastrtps_c.cpython-310-x86_64-linux-gnu.so[0m
[ 96%] [32m[1mLinking C shared library rosidl_generator_py/controller_manager_msgs/controller_manager_msgs_s__rosidl_typesupport_c.cpython-310-x86_64-linux-gnu.so[0m
[ 97%] [32m[1mLinking C shared library rosidl_generator_py/controller_manager_msgs/controller_manager_msgs_s__rosidl_typesupport_introspection_c.cpython-310-x86_64-linux-gnu.so[0m
[ 98%] Built target controller_manager_msgs__rosidl_typesupport_fastrtps_c__pyext
[ 99%] Built target controller_manager_msgs__rosidl_typesupport_c__pyext
[100%] Built target controller_manager_msgs__rosidl_typesupport_introspection_c__pyext
-- Install configuration: ""
-- Execute custom install script
-- Up-to-date symlink: /home/psd/psd_ws/install/controller_manager_msgs/share/ament_index/resource_index/rosidl_interfaces/controller_manager_msgs
-- Up-to-date symlink: /home/psd/psd_ws/install/controller_manager_msgs/include/controller_manager_msgs/controller_manager_msgs/msg/chain_connection.h
-- Up-to-date symlink: /home/psd/psd_ws/install/controller_manager_msgs/include/controller_manager_msgs/controller_manager_msgs/msg/controller_state.h
-- Up-to-date symlink: /home/psd/psd_ws/install/controller_manager_msgs/include/controller_manager_msgs/controller_manager_msgs/msg/detail/chain_connection__functions.h
-- Up-to-date symlink: /home/psd/psd_ws/install/controller_manager_msgs/include/controller_manager_msgs/controller_manager_msgs/msg/detail/chain_connection__struct.h
-- Up-to-date symlink: /home/psd/psd_ws/install/controller_manager_msgs/include/controller_manager_msgs/controller_manager_msgs/msg/detail/chain_connection__type_support.h
-- Up-to-date symlink: /home/psd/psd_ws/install/controller_manager_msgs/include/controller_manager_msgs/controller_manager_msgs/msg/detail/controller_state__functions.h
-- Up-to-date symlink: /home/psd/psd_ws/install/controller_manager_msgs/include/controller_manager_msgs/controller_manager_msgs/msg/detail/controller_state__struct.h
-- Up-to-date symlink: /home/psd/psd_ws/install/controller_manager_msgs/include/controller_manager_msgs/controller_manager_msgs/msg/detail/controller_state__type_support.h
-- Up-to-date symlink: /home/psd/psd_ws/install/controller_manager_msgs/include/controller_manager_msgs/controller_manager_msgs/msg/detail/hardware_component_state__functions.h
-- Up-to-date symlink: /home/psd/psd_ws/install/controller_manager_msgs/include/controller_manager_msgs/controller_manager_msgs/msg/detail/hardware_component_state__struct.h
-- Up-to-date symlink: /home/psd/psd_ws/install/controller_manager_msgs/include/controller_manager_msgs/controller_manager_msgs/msg/detail/hardware_component_state__type_support.h
-- Up-to-date symlink: /home/psd/psd_ws/install/controller_manager_msgs/include/controller_manager_msgs/controller_manager_msgs/msg/detail/hardware_interface__functions.h
-- Up-to-date symlink: /home/psd/psd_ws/install/controller_manager_msgs/include/controller_manager_msgs/controller_manager_msgs/msg/detail/hardware_interface__struct.h
-- Up-to-date symlink: /home/psd/psd_ws/install/controller_manager_msgs/include/controller_manager_msgs/controller_manager_msgs/msg/detail/hardware_interface__type_support.h
-- Up-to-date symlink: /home/psd/psd_ws/install/controller_manager_msgs/include/controller_manager_msgs/controller_manager_msgs/msg/hardware_component_state.h
-- Up-to-date symlink: /home/psd/psd_ws/install/controller_manager_msgs/include/controller_manager_msgs/controller_manager_msgs/msg/hardware_interface.h
-- Up-to-date symlink: /home/psd/psd_ws/install/controller_manager_msgs/include/controller_manager_msgs/controller_manager_msgs/msg/rosidl_generator_c__visibility_control.h
-- Up-to-date symlink: /home/psd/psd_ws/install/controller_manager_msgs/include/controller_manager_msgs/controller_manager_msgs/srv/configure_controller.h
-- Up-to-date symlink: /home/psd/psd_ws/install/controller_manager_msgs/include/controller_manager_msgs/controller_manager_msgs/srv/detail/configure_controller__functions.h
-- Up-to-date symlink: /home/psd/psd_ws/install/controller_manager_msgs/include/controller_manager_msgs/controller_manager_msgs/srv/detail/configure_controller__struct.h
-- Up-to-date symlink: /home/psd/psd_ws/install/controller_manager_msgs/include/controller_manager_msgs/controller_manager_msgs/srv/detail/configure_controller__type_support.h
-- Up-to-date symlink: /home/psd/psd_ws/install/controller_manager_msgs/include/controller_manager_msgs/controller_manager_msgs/srv/detail/list_controller_types__functions.h
-- Up-to-date symlink: /home/psd/psd_ws/install/controller_manager_msgs/include/controller_manager_msgs/controller_manager_msgs/srv/detail/list_controller_types__struct.h
-- Up-to-date symlink: /home/psd/psd_ws/install/controller_manager_msgs/include/controller_manager_msgs/controller_manager_msgs/srv/detail/list_controller_types__type_support.h
-- Up-to-date symlink: /home/psd/psd_ws/install/controller_manager_msgs/include/controller_manager_msgs/controller_manager_msgs/srv/detail/list_controllers__functions.h
-- Up-to-date symlink: /home/psd/psd_ws/install/controller_manager_msgs/include/controller_manager_msgs/controller_manager_msgs/srv/detail/list_controllers__struct.h
-- Up-to-date symlink: /home/psd/psd_ws/install/controller_manager_msgs/include/controller_manager_msgs/controller_manager_msgs/srv/detail/list_controllers__type_support.h
-- Up-to-date symlink: /home/psd/psd_ws/install/controller_manager_msgs/include/controller_manager_msgs/controller_manager_msgs/srv/detail/list_hardware_components__functions.h
-- Up-to-date symlink: /home/psd/psd_ws/install/controller_manager_msgs/include/controller_manager_msgs/controller_manager_msgs/srv/detail/list_hardware_components__struct.h
-- Up-to-date symlink: /home/psd/psd_ws/install/controller_manager_msgs/include/controller_manager_msgs/controller_manager_msgs/srv/detail/list_hardware_components__type_support.h
-- Up-to-date symlink: /home/psd/psd_ws/install/controller_manager_msgs/include/controller_manager_msgs/controller_manager_msgs/srv/detail/list_hardware_interfaces__functions.h
-- Up-to-date symlink: /home/psd/psd_ws/install/controller_manager_msgs/include/controller_manager_msgs/controller_manager_msgs/srv/detail/list_hardware_interfaces__struct.h
-- Up-to-date symlink: /home/psd/psd_ws/install/controller_manager_msgs/include/controller_manager_msgs/controller_manager_msgs/srv/detail/list_hardware_interfaces__type_support.h
-- Up-to-date symlink: /home/psd/psd_ws/install/controller_manager_msgs/include/controller_manager_msgs/controller_manager_msgs/srv/detail/load_controller__functions.h
-- Up-to-date symlink: /home/psd/psd_ws/install/controller_manager_msgs/include/controller_manager_msgs/controller_manager_msgs/srv/detail/load_controller__struct.h
-- Up-to-date symlink: /home/psd/psd_ws/install/controller_manager_msgs/include/controller_manager_msgs/controller_manager_msgs/srv/detail/load_controller__type_support.h
-- Up-to-date symlink: /home/psd/psd_ws/install/controller_manager_msgs/include/controller_manager_msgs/controller_manager_msgs/srv/detail/reload_controller_libraries__functions.h
-- Up-to-date symlink: /home/psd/psd_ws/install/controller_manager_msgs/include/controller_manager_msgs/controller_manager_msgs/srv/detail/reload_controller_libraries__struct.h
-- Up-to-date symlink: /home/psd/psd_ws/install/controller_manager_msgs/include/controller_manager_msgs/controller_manager_msgs/srv/detail/reload_controller_libraries__type_support.h
-- Up-to-date symlink: /home/psd/psd_ws/install/controller_manager_msgs/include/controller_manager_msgs/controller_manager_msgs/srv/detail/set_hardware_component_state__functions.h
-- Up-to-date symlink: /home/psd/psd_ws/install/controller_manager_msgs/include/controller_manager_msgs/controller_manager_msgs/srv/detail/set_hardware_component_state__struct.h
-- Up-to-date symlink: /home/psd/psd_ws/install/controller_manager_msgs/include/controller_manager_msgs/controller_manager_msgs/srv/detail/set_hardware_component_state__type_support.h
-- Up-to-date symlink: /home/psd/psd_ws/install/controller_manager_msgs/include/controller_manager_msgs/controller_manager_msgs/srv/detail/switch_controller__functions.h
-- Up-to-date symlink: /home/psd/psd_ws/install/controller_manager_msgs/include/controller_manager_msgs/controller_manager_msgs/srv/detail/switch_controller__struct.h
-- Up-to-date symlink: /home/psd/psd_ws/install/controller_manager_msgs/include/controller_manager_msgs/controller_manager_msgs/srv/detail/switch_controller__type_support.h
-- Up-to-date symlink: /home/psd/psd_ws/install/controller_manager_msgs/include/controller_manager_msgs/controller_manager_msgs/srv/detail/unload_controller__functions.h
-- Up-to-date symlink: /home/psd/psd_ws/install/controller_manager_msgs/include/controller_manager_msgs/controller_manager_msgs/srv/detail/unload_controller__struct.h
-- Up-to-date symlink: /home/psd/psd_ws/install/controller_manager_msgs/include/controller_manager_msgs/controller_manager_msgs/srv/detail/unload_controller__type_support.h
-- Up-to-date symlink: /home/psd/psd_ws/install/controller_manager_msgs/include/controller_manager_msgs/controller_manager_msgs/srv/list_controller_types.h
-- Up-to-date symlink: /home/psd/psd_ws/install/controller_manager_msgs/include/controller_manager_msgs/controller_manager_msgs/srv/list_controllers.h
-- Up-to-date symlink: /home/psd/psd_ws/install/controller_manager_msgs/include/controller_manager_msgs/controller_manager_msgs/srv/list_hardware_components.h
-- Up-to-date symlink: /home/psd/psd_ws/install/controller_manager_msgs/include/controller_manager_msgs/controller_manager_msgs/srv/list_hardware_interfaces.h
-- Up-to-date symlink: /home/psd/psd_ws/install/controller_manager_msgs/include/controller_manager_msgs/controller_manager_msgs/srv/load_controller.h
-- Up-to-date symlink: /home/psd/psd_ws/install/controller_manager_msgs/include/controller_manager_msgs/controller_manager_msgs/srv/reload_controller_libraries.h
-- Up-to-date symlink: /home/psd/psd_ws/install/controller_manager_msgs/include/controller_manager_msgs/controller_manager_msgs/srv/set_hardware_component_state.h
-- Up-to-date symlink: /home/psd/psd_ws/install/controller_manager_msgs/include/controller_manager_msgs/controller_manager_msgs/srv/switch_controller.h
-- Up-to-date symlink: /home/psd/psd_ws/install/controller_manager_msgs/include/controller_manager_msgs/controller_manager_msgs/srv/unload_controller.h
-- Up-to-date symlink: /home/psd/psd_ws/install/controller_manager_msgs/share/controller_manager_msgs/environment/library_path.sh
-- Up-to-date symlink: /home/psd/psd_ws/install/controller_manager_msgs/share/controller_manager_msgs/environment/library_path.dsv
-- Up-to-date symlink: /home/psd/psd_ws/install/controller_manager_msgs/include/controller_manager_msgs/controller_manager_msgs/msg/detail/chain_connection__rosidl_typesupport_fastrtps_c.h
-- Up-to-date symlink: /home/psd/psd_ws/install/controller_manager_msgs/include/controller_manager_msgs/controller_manager_msgs/msg/detail/controller_state__rosidl_typesupport_fastrtps_c.h
-- Up-to-date symlink: /home/psd/psd_ws/install/controller_manager_msgs/include/controller_manager_msgs/controller_manager_msgs/msg/detail/hardware_component_state__rosidl_typesupport_fastrtps_c.h
-- Up-to-date symlink: /home/psd/psd_ws/install/controller_manager_msgs/include/controller_manager_msgs/controller_manager_msgs/msg/detail/hardware_interface__rosidl_typesupport_fastrtps_c.h
-- Up-to-date symlink: /home/psd/psd_ws/install/controller_manager_msgs/include/controller_manager_msgs/controller_manager_msgs/msg/rosidl_typesupport_fastrtps_c__visibility_control.h
-- Up-to-date symlink: /home/psd/psd_ws/install/controller_manager_msgs/include/controller_manager_msgs/controller_manager_msgs/srv/detail/configure_controller__rosidl_typesupport_fastrtps_c.h
-- Up-to-date symlink: /home/psd/psd_ws/install/controller_manager_msgs/include/controller_manager_msgs/controller_manager_msgs/srv/detail/list_controller_types__rosidl_typesupport_fastrtps_c.h
-- Up-to-date symlink: /home/psd/psd_ws/install/controller_manager_msgs/include/controller_manager_msgs/controller_manager_msgs/srv/detail/list_controllers__rosidl_typesupport_fastrtps_c.h
-- Up-to-date symlink: /home/psd/psd_ws/install/controller_manager_msgs/include/controller_manager_msgs/controller_manager_msgs/srv/detail/list_hardware_components__rosidl_typesupport_fastrtps_c.h
-- Up-to-date symlink: /home/psd/psd_ws/install/controller_manager_msgs/include/controller_manager_msgs/controller_manager_msgs/srv/detail/list_hardware_interfaces__rosidl_typesupport_fastrtps_c.h
-- Up-to-date symlink: /home/psd/psd_ws/install/controller_manager_msgs/include/controller_manager_msgs/controller_manager_msgs/srv/detail/load_controller__rosidl_typesupport_fastrtps_c.h
-- Up-to-date symlink: /home/psd/psd_ws/install/controller_manager_msgs/include/controller_manager_msgs/controller_manager_msgs/srv/detail/reload_controller_libraries__rosidl_typesupport_fastrtps_c.h
-- Up-to-date symlink: /home/psd/psd_ws/install/controller_manager_msgs/include/controller_manager_msgs/controller_manager_msgs/srv/detail/set_hardware_component_state__rosidl_typesupport_fastrtps_c.h
-- Up-to-date symlink: /home/psd/psd_ws/install/controller_manager_msgs/include/controller_manager_msgs/controller_manager_msgs/srv/detail/switch_controller__rosidl_typesupport_fastrtps_c.h
-- Up-to-date symlink: /home/psd/psd_ws/install/controller_manager_msgs/include/controller_manager_msgs/controller_manager_msgs/srv/detail/unload_controller__rosidl_typesupport_fastrtps_c.h
-- Up-to-date symlink: /home/psd/psd_ws/install/controller_manager_msgs/include/controller_manager_msgs/controller_manager_msgs/msg/chain_connection.hpp
-- Up-to-date symlink: /home/psd/psd_ws/install/controller_manager_msgs/include/controller_manager_msgs/controller_manager_msgs/msg/controller_state.hpp
-- Up-to-date symlink: /home/psd/psd_ws/install/controller_manager_msgs/include/controller_manager_msgs/controller_manager_msgs/msg/detail/chain_connection__builder.hpp
-- Up-to-date symlink: /home/psd/psd_ws/install/controller_manager_msgs/include/controller_manager_msgs/controller_manager_msgs/msg/detail/chain_connection__struct.hpp
-- Up-to-date symlink: /home/psd/psd_ws/install/controller_manager_msgs/include/controller_manager_msgs/controller_manager_msgs/msg/detail/chain_connection__traits.hpp
-- Up-to-date symlink: /home/psd/psd_ws/install/controller_manager_msgs/include/controller_manager_msgs/controller_manager_msgs/msg/detail/controller_state__builder.hpp
-- Up-to-date symlink: /home/psd/psd_ws/install/controller_manager_msgs/include/controller_manager_msgs/controller_manager_msgs/msg/detail/controller_state__struct.hpp
-- Up-to-date symlink: /home/psd/psd_ws/install/controller_manager_msgs/include/controller_manager_msgs/controller_manager_msgs/msg/detail/controller_state__traits.hpp
-- Up-to-date symlink: /home/psd/psd_ws/install/controller_manager_msgs/include/controller_manager_msgs/controller_manager_msgs/msg/detail/hardware_component_state__builder.hpp
-- Up-to-date symlink: /home/psd/psd_ws/install/controller_manager_msgs/include/controller_manager_msgs/controller_manager_msgs/msg/detail/hardware_component_state__struct.hpp
-- Up-to-date symlink: /home/psd/psd_ws/install/controller_manager_msgs/include/controller_manager_msgs/controller_manager_msgs/msg/detail/hardware_component_state__traits.hpp
-- Up-to-date symlink: /home/psd/psd_ws/install/controller_manager_msgs/include/controller_manager_msgs/controller_manager_msgs/msg/detail/hardware_interface__builder.hpp
-- Up-to-date symlink: /home/psd/psd_ws/install/controller_manager_msgs/include/controller_manager_msgs/controller_manager_msgs/msg/detail/hardware_interface__struct.hpp
-- Up-to-date symlink: /home/psd/psd_ws/install/controller_manager_msgs/include/controller_manager_msgs/controller_manager_msgs/msg/detail/hardware_interface__traits.hpp
-- Up-to-date symlink: /home/psd/psd_ws/install/controller_manager_msgs/include/controller_manager_msgs/controller_manager_msgs/msg/hardware_component_state.hpp
-- Up-to-date symlink: /home/psd/psd_ws/install/controller_manager_msgs/include/controller_manager_msgs/controller_manager_msgs/msg/hardware_interface.hpp
-- Up-to-date symlink: /home/psd/psd_ws/install/controller_manager_msgs/include/controller_manager_msgs/controller_manager_msgs/srv/configure_controller.hpp
-- Up-to-date symlink: /home/psd/psd_ws/install/controller_manager_msgs/include/controller_manager_msgs/controller_manager_msgs/srv/detail/configure_controller__builder.hpp
-- Up-to-date symlink: /home/psd/psd_ws/install/controller_manager_msgs/include/controller_manager_msgs/controller_manager_msgs/srv/detail/configure_controller__struct.hpp
-- Up-to-date symlink: /home/psd/psd_ws/install/controller_manager_msgs/include/controller_manager_msgs/controller_manager_msgs/srv/detail/configure_controller__traits.hpp
-- Up-to-date symlink: /home/psd/psd_ws/install/controller_manager_msgs/include/controller_manager_msgs/controller_manager_msgs/srv/detail/list_controller_types__builder.hpp
-- Up-to-date symlink: /home/psd/psd_ws/install/controller_manager_msgs/include/controller_manager_msgs/controller_manager_msgs/srv/detail/list_controller_types__struct.hpp
-- Up-to-date symlink: /home/psd/psd_ws/install/controller_manager_msgs/include/controller_manager_msgs/controller_manager_msgs/srv/detail/list_controller_types__traits.hpp
-- Up-to-date symlink: /home/psd/psd_ws/install/controller_manager_msgs/include/controller_manager_msgs/controller_manager_msgs/srv/detail/list_controllers__builder.hpp
-- Up-to-date symlink: /home/psd/psd_ws/install/controller_manager_msgs/include/controller_manager_msgs/controller_manager_msgs/srv/detail/list_controllers__struct.hpp
-- Up-to-date symlink: /home/psd/psd_ws/install/controller_manager_msgs/include/controller_manager_msgs/controller_manager_msgs/srv/detail/list_controllers__traits.hpp
-- Up-to-date symlink: /home/psd/psd_ws/install/controller_manager_msgs/include/controller_manager_msgs/controller_manager_msgs/srv/detail/list_hardware_components__builder.hpp
-- Up-to-date symlink: /home/psd/psd_ws/install/controller_manager_msgs/include/controller_manager_msgs/controller_manager_msgs/srv/detail/list_hardware_components__struct.hpp
-- Up-to-date symlink: /home/psd/psd_ws/install/controller_manager_msgs/include/controller_manager_msgs/controller_manager_msgs/srv/detail/list_hardware_components__traits.hpp
-- Up-to-date symlink: /home/psd/psd_ws/install/controller_manager_msgs/include/controller_manager_msgs/controller_manager_msgs/srv/detail/list_hardware_interfaces__builder.hpp
-- Up-to-date symlink: /home/psd/psd_ws/install/controller_manager_msgs/include/controller_manager_msgs/controller_manager_msgs/srv/detail/list_hardware_interfaces__struct.hpp
-- Up-to-date symlink: /home/psd/psd_ws/install/controller_manager_msgs/include/controller_manager_msgs/controller_manager_msgs/srv/detail/list_hardware_interfaces__traits.hpp
-- Up-to-date symlink: /home/psd/psd_ws/install/controller_manager_msgs/include/controller_manager_msgs/controller_manager_msgs/srv/detail/load_controller__builder.hpp
-- Up-to-date symlink: /home/psd/psd_ws/install/controller_manager_msgs/include/controller_manager_msgs/controller_manager_msgs/srv/detail/load_controller__struct.hpp
-- Up-to-date symlink: /home/psd/psd_ws/install/controller_manager_msgs/include/controller_manager_msgs/controller_manager_msgs/srv/detail/load_controller__traits.hpp
-- Up-to-date symlink: /home/psd/psd_ws/install/controller_manager_msgs/include/controller_manager_msgs/controller_manager_msgs/srv/detail/reload_controller_libraries__builder.hpp
-- Up-to-date symlink: /home/psd/psd_ws/install/controller_manager_msgs/include/controller_manager_msgs/controller_manager_msgs/srv/detail/reload_controller_libraries__struct.hpp
-- Up-to-date symlink: /home/psd/psd_ws/install/controller_manager_msgs/include/controller_manager_msgs/controller_manager_msgs/srv/detail/reload_controller_libraries__traits.hpp
-- Up-to-date symlink: /home/psd/psd_ws/install/controller_manager_msgs/include/controller_manager_msgs/controller_manager_msgs/srv/detail/set_hardware_component_state__builder.hpp
-- Up-to-date symlink: /home/psd/psd_ws/install/controller_manager_msgs/include/controller_manager_msgs/controller_manager_msgs/srv/detail/set_hardware_component_state__struct.hpp
-- Up-to-date symlink: /home/psd/psd_ws/install/controller_manager_msgs/include/controller_manager_msgs/controller_manager_msgs/srv/detail/set_hardware_component_state__traits.hpp
-- Up-to-date symlink: /home/psd/psd_ws/install/controller_manager_msgs/include/controller_manager_msgs/controller_manager_msgs/srv/detail/switch_controller__builder.hpp
-- Up-to-date symlink: /home/psd/psd_ws/install/controller_manager_msgs/include/controller_manager_msgs/controller_manager_msgs/srv/detail/switch_controller__struct.hpp
-- Up-to-date symlink: /home/psd/psd_ws/install/controller_manager_msgs/include/controller_manager_msgs/controller_manager_msgs/srv/detail/switch_controller__traits.hpp
-- Up-to-date symlink: /home/psd/psd_ws/install/controller_manager_msgs/include/controller_manager_msgs/controller_manager_msgs/srv/detail/unload_controller__builder.hpp
-- Up-to-date symlink: /home/psd/psd_ws/install/controller_manager_msgs/include/controller_manager_msgs/controller_manager_msgs/srv/detail/unload_controller__struct.hpp
-- Up-to-date symlink: /home/psd/psd_ws/install/controller_manager_msgs/include/controller_manager_msgs/controller_manager_msgs/srv/detail/unload_controller__traits.hpp
-- Up-to-date symlink: /home/psd/psd_ws/install/controller_manager_msgs/include/controller_manager_msgs/controller_manager_msgs/srv/list_controller_types.hpp
-- Up-to-date symlink: /home/psd/psd_ws/install/controller_manager_msgs/include/controller_manager_msgs/controller_manager_msgs/srv/list_controllers.hpp
-- Up-to-date symlink: /home/psd/psd_ws/install/controller_manager_msgs/include/controller_manager_msgs/controller_manager_msgs/srv/list_hardware_components.hpp
-- Up-to-date symlink: /home/psd/psd_ws/install/controller_manager_msgs/include/controller_manager_msgs/controller_manager_msgs/srv/list_hardware_interfaces.hpp
-- Up-to-date symlink: /home/psd/psd_ws/install/controller_manager_msgs/include/controller_manager_msgs/controller_manager_msgs/srv/load_controller.hpp
-- Up-to-date symlink: /home/psd/psd_ws/install/controller_manager_msgs/include/controller_manager_msgs/controller_manager_msgs/srv/reload_controller_libraries.hpp
-- Up-to-date symlink: /home/psd/psd_ws/install/controller_manager_msgs/include/controller_manager_msgs/controller_manager_msgs/srv/set_hardware_component_state.hpp
-- Up-to-date symlink: /home/psd/psd_ws/install/controller_manager_msgs/include/controller_manager_msgs/controller_manager_msgs/srv/switch_controller.hpp
-- Up-to-date symlink: /home/psd/psd_ws/install/controller_manager_msgs/include/controller_manager_msgs/controller_manager_msgs/srv/unload_controller.hpp
-- Up-to-date symlink: /home/psd/psd_ws/install/controller_manager_msgs/include/controller_manager_msgs/controller_manager_msgs/msg/detail/chain_connection__rosidl_typesupport_fastrtps_cpp.hpp
-- Up-to-date symlink: /home/psd/psd_ws/install/controller_manager_msgs/include/controller_manager_msgs/controller_manager_msgs/msg/detail/controller_state__rosidl_typesupport_fastrtps_cpp.hpp
-- Up-to-date symlink: /home/psd/psd_ws/install/controller_manager_msgs/include/controller_manager_msgs/controller_manager_msgs/msg/detail/hardware_component_state__rosidl_typesupport_fastrtps_cpp.hpp
-- Up-to-date symlink: /home/psd/psd_ws/install/controller_manager_msgs/include/controller_manager_msgs/controller_manager_msgs/msg/detail/hardware_interface__rosidl_typesupport_fastrtps_cpp.hpp
-- Up-to-date symlink: /home/psd/psd_ws/install/controller_manager_msgs/include/controller_manager_msgs/controller_manager_msgs/msg/rosidl_typesupport_fastrtps_cpp__visibility_control.h
-- Up-to-date symlink: /home/psd/psd_ws/install/controller_manager_msgs/include/controller_manager_msgs/controller_manager_msgs/srv/detail/configure_controller__rosidl_typesupport_fastrtps_cpp.hpp
-- Up-to-date symlink: /home/psd/psd_ws/install/controller_manager_msgs/include/controller_manager_msgs/controller_manager_msgs/srv/detail/list_controller_types__rosidl_typesupport_fastrtps_cpp.hpp
-- Up-to-date symlink: /home/psd/psd_ws/install/controller_manager_msgs/include/controller_manager_msgs/controller_manager_msgs/srv/detail/list_controllers__rosidl_typesupport_fastrtps_cpp.hpp
-- Up-to-date symlink: /home/psd/psd_ws/install/controller_manager_msgs/include/controller_manager_msgs/controller_manager_msgs/srv/detail/list_hardware_components__rosidl_typesupport_fastrtps_cpp.hpp
-- Up-to-date symlink: /home/psd/psd_ws/install/controller_manager_msgs/include/controller_manager_msgs/controller_manager_msgs/srv/detail/list_hardware_interfaces__rosidl_typesupport_fastrtps_cpp.hpp
-- Up-to-date symlink: /home/psd/psd_ws/install/controller_manager_msgs/include/controller_manager_msgs/controller_manager_msgs/srv/detail/load_controller__rosidl_typesupport_fastrtps_cpp.hpp
-- Up-to-date symlink: /home/psd/psd_ws/install/controller_manager_msgs/include/controller_manager_msgs/controller_manager_msgs/srv/detail/reload_controller_libraries__rosidl_typesupport_fastrtps_cpp.hpp
-- Up-to-date symlink: /home/psd/psd_ws/install/controller_manager_msgs/include/controller_manager_msgs/controller_manager_msgs/srv/detail/set_hardware_component_state__rosidl_typesupport_fastrtps_cpp.hpp
-- Up-to-date symlink: /home/psd/psd_ws/install/controller_manager_msgs/include/controller_manager_msgs/controller_manager_msgs/srv/detail/switch_controller__rosidl_typesupport_fastrtps_cpp.hpp
-- Up-to-date symlink: /home/psd/psd_ws/install/controller_manager_msgs/include/controller_manager_msgs/controller_manager_msgs/srv/detail/unload_controller__rosidl_typesupport_fastrtps_cpp.hpp
-- Up-to-date symlink: /home/psd/psd_ws/install/controller_manager_msgs/include/controller_manager_msgs/controller_manager_msgs/msg/detail/chain_connection__rosidl_typesupport_introspection_c.h
-- Up-to-date symlink: /home/psd/psd_ws/install/controller_manager_msgs/include/controller_manager_msgs/controller_manager_msgs/msg/detail/controller_state__rosidl_typesupport_introspection_c.h
-- Up-to-date symlink: /home/psd/psd_ws/install/controller_manager_msgs/include/controller_manager_msgs/controller_manager_msgs/msg/detail/hardware_component_state__rosidl_typesupport_introspection_c.h
-- Up-to-date symlink: /home/psd/psd_ws/install/controller_manager_msgs/include/controller_manager_msgs/controller_manager_msgs/msg/detail/hardware_interface__rosidl_typesupport_introspection_c.h
-- Up-to-date symlink: /home/psd/psd_ws/install/controller_manager_msgs/include/controller_manager_msgs/controller_manager_msgs/msg/rosidl_typesupport_introspection_c__visibility_control.h
-- Up-to-date symlink: /home/psd/psd_ws/install/controller_manager_msgs/include/controller_manager_msgs/controller_manager_msgs/srv/detail/configure_controller__rosidl_typesupport_introspection_c.h
-- Up-to-date symlink: /home/psd/psd_ws/install/controller_manager_msgs/include/controller_manager_msgs/controller_manager_msgs/srv/detail/list_controller_types__rosidl_typesupport_introspection_c.h
-- Up-to-date symlink: /home/psd/psd_ws/install/controller_manager_msgs/include/controller_manager_msgs/controller_manager_msgs/srv/detail/list_controllers__rosidl_typesupport_introspection_c.h
-- Up-to-date symlink: /home/psd/psd_ws/install/controller_manager_msgs/include/controller_manager_msgs/controller_manager_msgs/srv/detail/list_hardware_components__rosidl_typesupport_introspection_c.h
-- Up-to-date symlink: /home/psd/psd_ws/install/controller_manager_msgs/include/controller_manager_msgs/controller_manager_msgs/srv/detail/list_hardware_interfaces__rosidl_typesupport_introspection_c.h
-- Up-to-date symlink: /home/psd/psd_ws/install/controller_manager_msgs/include/controller_manager_msgs/controller_manager_msgs/srv/detail/load_controller__rosidl_typesupport_introspection_c.h
-- Up-to-date symlink: /home/psd/psd_ws/install/controller_manager_msgs/include/controller_manager_msgs/controller_manager_msgs/srv/detail/reload_controller_libraries__rosidl_typesupport_introspection_c.h
-- Up-to-date symlink: /home/psd/psd_ws/install/controller_manager_msgs/include/controller_manager_msgs/controller_manager_msgs/srv/detail/set_hardware_component_state__rosidl_typesupport_introspection_c.h
-- Up-to-date symlink: /home/psd/psd_ws/install/controller_manager_msgs/include/controller_manager_msgs/controller_manager_msgs/srv/detail/switch_controller__rosidl_typesupport_introspection_c.h
-- Up-to-date symlink: /home/psd/psd_ws/install/controller_manager_msgs/include/controller_manager_msgs/controller_manager_msgs/srv/detail/unload_controller__rosidl_typesupport_introspection_c.h
-- Up-to-date symlink: /home/psd/psd_ws/install/controller_manager_msgs/include/controller_manager_msgs/controller_manager_msgs/msg/detail/chain_connection__rosidl_typesupport_introspection_cpp.hpp
-- Up-to-date symlink: /home/psd/psd_ws/install/controller_manager_msgs/include/controller_manager_msgs/controller_manager_msgs/msg/detail/controller_state__rosidl_typesupport_introspection_cpp.hpp
-- Up-to-date symlink: /home/psd/psd_ws/install/controller_manager_msgs/include/controller_manager_msgs/controller_manager_msgs/msg/detail/hardware_component_state__rosidl_typesupport_introspection_cpp.hpp
-- Up-to-date symlink: /home/psd/psd_ws/install/controller_manager_msgs/include/controller_manager_msgs/controller_manager_msgs/msg/detail/hardware_interface__rosidl_typesupport_introspection_cpp.hpp
-- Up-to-date symlink: /home/psd/psd_ws/install/controller_manager_msgs/include/controller_manager_msgs/controller_manager_msgs/srv/detail/configure_controller__rosidl_typesupport_introspection_cpp.hpp
-- Up-to-date symlink: /home/psd/psd_ws/install/controller_manager_msgs/include/controller_manager_msgs/controller_manager_msgs/srv/detail/list_controller_types__rosidl_typesupport_introspection_cpp.hpp
-- Up-to-date symlink: /home/psd/psd_ws/install/controller_manager_msgs/include/controller_manager_msgs/controller_manager_msgs/srv/detail/list_controllers__rosidl_typesupport_introspection_cpp.hpp
-- Up-to-date symlink: /home/psd/psd_ws/install/controller_manager_msgs/include/controller_manager_msgs/controller_manager_msgs/srv/detail/list_hardware_components__rosidl_typesupport_introspection_cpp.hpp
-- Up-to-date symlink: /home/psd/psd_ws/install/controller_manager_msgs/include/controller_manager_msgs/controller_manager_msgs/srv/detail/list_hardware_interfaces__rosidl_typesupport_introspection_cpp.hpp
-- Up-to-date symlink: /home/psd/psd_ws/install/controller_manager_msgs/include/controller_manager_msgs/controller_manager_msgs/srv/detail/load_controller__rosidl_typesupport_introspection_cpp.hpp
-- Up-to-date symlink: /home/psd/psd_ws/install/controller_manager_msgs/include/controller_manager_msgs/controller_manager_msgs/srv/detail/reload_controller_libraries__rosidl_typesupport_introspection_cpp.hpp
-- Up-to-date symlink: /home/psd/psd_ws/install/controller_manager_msgs/include/controller_manager_msgs/controller_manager_msgs/srv/detail/set_hardware_component_state__rosidl_typesupport_introspection_cpp.hpp
-- Up-to-date symlink: /home/psd/psd_ws/install/controller_manager_msgs/include/controller_manager_msgs/controller_manager_msgs/srv/detail/switch_controller__rosidl_typesupport_introspection_cpp.hpp
-- Up-to-date symlink: /home/psd/psd_ws/install/controller_manager_msgs/include/controller_manager_msgs/controller_manager_msgs/srv/detail/unload_controller__rosidl_typesupport_introspection_cpp.hpp
-- Up-to-date symlink: /home/psd/psd_ws/install/controller_manager_msgs/share/controller_manager_msgs/environment/pythonpath.sh
-- Up-to-date symlink: /home/psd/psd_ws/install/controller_manager_msgs/share/controller_manager_msgs/environment/pythonpath.dsv
-- Up-to-date symlink: /home/psd/psd_ws/install/controller_manager_msgs/local/lib/python3.10/dist-packages/controller_manager_msgs-2.40.0-py3.10.egg-info/PKG-INFO
-- Up-to-date symlink: /home/psd/psd_ws/install/controller_manager_msgs/local/lib/python3.10/dist-packages/controller_manager_msgs-2.40.0-py3.10.egg-info/SOURCES.txt
-- Up-to-date symlink: /home/psd/psd_ws/install/controller_manager_msgs/local/lib/python3.10/dist-packages/controller_manager_msgs-2.40.0-py3.10.egg-info/dependency_links.txt
-- Up-to-date symlink: /home/psd/psd_ws/install/controller_manager_msgs/local/lib/python3.10/dist-packages/controller_manager_msgs-2.40.0-py3.10.egg-info/top_level.txt
-- Up-to-date symlink: /home/psd/psd_ws/install/controller_manager_msgs/local/lib/python3.10/dist-packages/controller_manager_msgs/__init__.py
-- Up-to-date symlink: /home/psd/psd_ws/install/controller_manager_msgs/local/lib/python3.10/dist-packages/controller_manager_msgs/_controller_manager_msgs_s.ep.rosidl_typesupport_c.c
-- Up-to-date symlink: /home/psd/psd_ws/install/controller_manager_msgs/local/lib/python3.10/dist-packages/controller_manager_msgs/_controller_manager_msgs_s.ep.rosidl_typesupport_fastrtps_c.c
-- Up-to-date symlink: /home/psd/psd_ws/install/controller_manager_msgs/local/lib/python3.10/dist-packages/controller_manager_msgs/_controller_manager_msgs_s.ep.rosidl_typesupport_introspection_c.c
-- Up-to-date symlink: /home/psd/psd_ws/install/controller_manager_msgs/local/lib/python3.10/dist-packages/controller_manager_msgs/controller_manager_msgs_s__rosidl_typesupport_c.cpython-310-x86_64-linux-gnu.so
-- Up-to-date symlink: /home/psd/psd_ws/install/controller_manager_msgs/local/lib/python3.10/dist-packages/controller_manager_msgs/controller_manager_msgs_s__rosidl_typesupport_fastrtps_c.cpython-310-x86_64-linux-gnu.so
-- Up-to-date symlink: /home/psd/psd_ws/install/controller_manager_msgs/local/lib/python3.10/dist-packages/controller_manager_msgs/controller_manager_msgs_s__rosidl_typesupport_introspection_c.cpython-310-x86_64-linux-gnu.so
-- Up-to-date symlink: /home/psd/psd_ws/install/controller_manager_msgs/local/lib/python3.10/dist-packages/controller_manager_msgs/libcontroller_manager_msgs__rosidl_generator_py.so
-- Up-to-date symlink: /home/psd/psd_ws/install/controller_manager_msgs/local/lib/python3.10/dist-packages/controller_manager_msgs/msg/__init__.py
-- Up-to-date symlink: /home/psd/psd_ws/install/controller_manager_msgs/local/lib/python3.10/dist-packages/controller_manager_msgs/msg/_chain_connection.py
-- Up-to-date symlink: /home/psd/psd_ws/install/controller_manager_msgs/local/lib/python3.10/dist-packages/controller_manager_msgs/msg/_chain_connection_s.c
-- Up-to-date symlink: /home/psd/psd_ws/install/controller_manager_msgs/local/lib/python3.10/dist-packages/controller_manager_msgs/msg/_controller_state.py
-- Up-to-date symlink: /home/psd/psd_ws/install/controller_manager_msgs/local/lib/python3.10/dist-packages/controller_manager_msgs/msg/_controller_state_s.c
-- Up-to-date symlink: /home/psd/psd_ws/install/controller_manager_msgs/local/lib/python3.10/dist-packages/controller_manager_msgs/msg/_hardware_component_state.py
-- Up-to-date symlink: /home/psd/psd_ws/install/controller_manager_msgs/local/lib/python3.10/dist-packages/controller_manager_msgs/msg/_hardware_component_state_s.c
-- Up-to-date symlink: /home/psd/psd_ws/install/controller_manager_msgs/local/lib/python3.10/dist-packages/controller_manager_msgs/msg/_hardware_interface.py
-- Up-to-date symlink: /home/psd/psd_ws/install/controller_manager_msgs/local/lib/python3.10/dist-packages/controller_manager_msgs/msg/_hardware_interface_s.c
-- Up-to-date symlink: /home/psd/psd_ws/install/controller_manager_msgs/local/lib/python3.10/dist-packages/controller_manager_msgs/srv/__init__.py
-- Up-to-date symlink: /home/psd/psd_ws/install/controller_manager_msgs/local/lib/python3.10/dist-packages/controller_manager_msgs/srv/_configure_controller.py
-- Up-to-date symlink: /home/psd/psd_ws/install/controller_manager_msgs/local/lib/python3.10/dist-packages/controller_manager_msgs/srv/_configure_controller_s.c
-- Up-to-date symlink: /home/psd/psd_ws/install/controller_manager_msgs/local/lib/python3.10/dist-packages/controller_manager_msgs/srv/_list_controller_types.py
-- Up-to-date symlink: /home/psd/psd_ws/install/controller_manager_msgs/local/lib/python3.10/dist-packages/controller_manager_msgs/srv/_list_controller_types_s.c
-- Up-to-date symlink: /home/psd/psd_ws/install/controller_manager_msgs/local/lib/python3.10/dist-packages/controller_manager_msgs/srv/_list_controllers.py
-- Up-to-date symlink: /home/psd/psd_ws/install/controller_manager_msgs/local/lib/python3.10/dist-packages/controller_manager_msgs/srv/_list_controllers_s.c
-- Up-to-date symlink: /home/psd/psd_ws/install/controller_manager_msgs/local/lib/python3.10/dist-packages/controller_manager_msgs/srv/_list_hardware_components.py
-- Up-to-date symlink: /home/psd/psd_ws/install/controller_manager_msgs/local/lib/python3.10/dist-packages/controller_manager_msgs/srv/_list_hardware_components_s.c
-- Up-to-date symlink: /home/psd/psd_ws/install/controller_manager_msgs/local/lib/python3.10/dist-packages/controller_manager_msgs/srv/_list_hardware_interfaces.py
-- Up-to-date symlink: /home/psd/psd_ws/install/controller_manager_msgs/local/lib/python3.10/dist-packages/controller_manager_msgs/srv/_list_hardware_interfaces_s.c
-- Up-to-date symlink: /home/psd/psd_ws/install/controller_manager_msgs/local/lib/python3.10/dist-packages/controller_manager_msgs/srv/_load_controller.py
-- Up-to-date symlink: /home/psd/psd_ws/install/controller_manager_msgs/local/lib/python3.10/dist-packages/controller_manager_msgs/srv/_load_controller_s.c
-- Up-to-date symlink: /home/psd/psd_ws/install/controller_manager_msgs/local/lib/python3.10/dist-packages/controller_manager_msgs/srv/_reload_controller_libraries.py
-- Up-to-date symlink: /home/psd/psd_ws/install/controller_manager_msgs/local/lib/python3.10/dist-packages/controller_manager_msgs/srv/_reload_controller_libraries_s.c
-- Up-to-date symlink: /home/psd/psd_ws/install/controller_manager_msgs/local/lib/python3.10/dist-packages/controller_manager_msgs/srv/_set_hardware_component_state.py
-- Up-to-date symlink: /home/psd/psd_ws/install/controller_manager_msgs/local/lib/python3.10/dist-packages/controller_manager_msgs/srv/_set_hardware_component_state_s.c
-- Up-to-date symlink: /home/psd/psd_ws/install/controller_manager_msgs/local/lib/python3.10/dist-packages/controller_manager_msgs/srv/_switch_controller.py
-- Up-to-date symlink: /home/psd/psd_ws/install/controller_manager_msgs/local/lib/python3.10/dist-packages/controller_manager_msgs/srv/_switch_controller_s.c
-- Up-to-date symlink: /home/psd/psd_ws/install/controller_manager_msgs/local/lib/python3.10/dist-packages/controller_manager_msgs/srv/_unload_controller.py
-- Up-to-date symlink: /home/psd/psd_ws/install/controller_manager_msgs/local/lib/python3.10/dist-packages/controller_manager_msgs/srv/_unload_controller_s.c
-- Up-to-date symlink: /home/psd/psd_ws/install/controller_manager_msgs/local/lib/python3.10/dist-packages/controller_manager_msgs/controller_manager_msgs_s__rosidl_typesupport_fastrtps_c.cpython-310-x86_64-linux-gnu.so
-- Up-to-date symlink: /home/psd/psd_ws/install/controller_manager_msgs/local/lib/python3.10/dist-packages/controller_manager_msgs/controller_manager_msgs_s__rosidl_typesupport_introspection_c.cpython-310-x86_64-linux-gnu.so
-- Up-to-date symlink: /home/psd/psd_ws/install/controller_manager_msgs/local/lib/python3.10/dist-packages/controller_manager_msgs/controller_manager_msgs_s__rosidl_typesupport_c.cpython-310-x86_64-linux-gnu.so
-- Up-to-date symlink: /home/psd/psd_ws/install/controller_manager_msgs/share/controller_manager_msgs/msg/ControllerState.idl
-- Up-to-date symlink: /home/psd/psd_ws/install/controller_manager_msgs/share/controller_manager_msgs/msg/ChainConnection.idl
-- Up-to-date symlink: /home/psd/psd_ws/install/controller_manager_msgs/share/controller_manager_msgs/msg/HardwareComponentState.idl
-- Up-to-date symlink: /home/psd/psd_ws/install/controller_manager_msgs/share/controller_manager_msgs/msg/HardwareInterface.idl
-- Up-to-date symlink: /home/psd/psd_ws/install/controller_manager_msgs/share/controller_manager_msgs/srv/ConfigureController.idl
-- Up-to-date symlink: /home/psd/psd_ws/install/controller_manager_msgs/share/controller_manager_msgs/srv/ListControllers.idl
-- Up-to-date symlink: /home/psd/psd_ws/install/controller_manager_msgs/share/controller_manager_msgs/srv/ListControllerTypes.idl
-- Up-to-date symlink: /home/psd/psd_ws/install/controller_manager_msgs/share/controller_manager_msgs/srv/ListHardwareComponents.idl
-- Up-to-date symlink: /home/psd/psd_ws/install/controller_manager_msgs/share/controller_manager_msgs/srv/ListHardwareInterfaces.idl
-- Up-to-date symlink: /home/psd/psd_ws/install/controller_manager_msgs/share/controller_manager_msgs/srv/LoadController.idl
-- Up-to-date symlink: /home/psd/psd_ws/install/controller_manager_msgs/share/controller_manager_msgs/srv/ReloadControllerLibraries.idl
-- Up-to-date symlink: /home/psd/psd_ws/install/controller_manager_msgs/share/controller_manager_msgs/srv/SetHardwareComponentState.idl
-- Up-to-date symlink: /home/psd/psd_ws/install/controller_manager_msgs/share/controller_manager_msgs/srv/SwitchController.idl
-- Up-to-date symlink: /home/psd/psd_ws/install/controller_manager_msgs/share/controller_manager_msgs/srv/UnloadController.idl
-- Up-to-date symlink: /home/psd/psd_ws/install/controller_manager_msgs/share/controller_manager_msgs/msg/ControllerState.msg
-- Up-to-date symlink: /home/psd/psd_ws/install/controller_manager_msgs/share/controller_manager_msgs/msg/ChainConnection.msg
-- Up-to-date symlink: /home/psd/psd_ws/install/controller_manager_msgs/share/controller_manager_msgs/msg/HardwareComponentState.msg
-- Up-to-date symlink: /home/psd/psd_ws/install/controller_manager_msgs/share/controller_manager_msgs/msg/HardwareInterface.msg
-- Up-to-date symlink: /home/psd/psd_ws/install/controller_manager_msgs/share/controller_manager_msgs/srv/ConfigureController.srv
-- Up-to-date symlink: /home/psd/psd_ws/install/controller_manager_msgs/share/controller_manager_msgs/srv/ConfigureController_Request.msg
-- Up-to-date symlink: /home/psd/psd_ws/install/controller_manager_msgs/share/controller_manager_msgs/srv/ConfigureController_Response.msg
-- Up-to-date symlink: /home/psd/psd_ws/install/controller_manager_msgs/share/controller_manager_msgs/srv/ListControllers.srv
-- Up-to-date symlink: /home/psd/psd_ws/install/controller_manager_msgs/share/controller_manager_msgs/srv/ListControllers_Request.msg
-- Up-to-date symlink: /home/psd/psd_ws/install/controller_manager_msgs/share/controller_manager_msgs/srv/ListControllers_Response.msg
-- Up-to-date symlink: /home/psd/psd_ws/install/controller_manager_msgs/share/controller_manager_msgs/srv/ListControllerTypes.srv
-- Up-to-date symlink: /home/psd/psd_ws/install/controller_manager_msgs/share/controller_manager_msgs/srv/ListControllerTypes_Request.msg
-- Up-to-date symlink: /home/psd/psd_ws/install/controller_manager_msgs/share/controller_manager_msgs/srv/ListControllerTypes_Response.msg
-- Up-to-date symlink: /home/psd/psd_ws/install/controller_manager_msgs/share/controller_manager_msgs/srv/ListHardwareComponents.srv
-- Up-to-date symlink: /home/psd/psd_ws/install/controller_manager_msgs/share/controller_manager_msgs/srv/ListHardwareComponents_Request.msg
-- Up-to-date symlink: /home/psd/psd_ws/install/controller_manager_msgs/share/controller_manager_msgs/srv/ListHardwareComponents_Response.msg
-- Up-to-date symlink: /home/psd/psd_ws/install/controller_manager_msgs/share/controller_manager_msgs/srv/ListHardwareInterfaces.srv
-- Up-to-date symlink: /home/psd/psd_ws/install/controller_manager_msgs/share/controller_manager_msgs/srv/ListHardwareInterfaces_Request.msg
-- Up-to-date symlink: /home/psd/psd_ws/install/controller_manager_msgs/share/controller_manager_msgs/srv/ListHardwareInterfaces_Response.msg
-- Up-to-date symlink: /home/psd/psd_ws/install/controller_manager_msgs/share/controller_manager_msgs/srv/LoadController.srv
-- Up-to-date symlink: /home/psd/psd_ws/install/controller_manager_msgs/share/controller_manager_msgs/srv/LoadController_Request.msg
-- Up-to-date symlink: /home/psd/psd_ws/install/controller_manager_msgs/share/controller_manager_msgs/srv/LoadController_Response.msg
-- Up-to-date symlink: /home/psd/psd_ws/install/controller_manager_msgs/share/controller_manager_msgs/srv/ReloadControllerLibraries.srv
-- Up-to-date symlink: /home/psd/psd_ws/install/controller_manager_msgs/share/controller_manager_msgs/srv/ReloadControllerLibraries_Request.msg
-- Up-to-date symlink: /home/psd/psd_ws/install/controller_manager_msgs/share/controller_manager_msgs/srv/ReloadControllerLibraries_Response.msg
-- Up-to-date symlink: /home/psd/psd_ws/install/controller_manager_msgs/share/controller_manager_msgs/srv/SetHardwareComponentState.srv
-- Up-to-date symlink: /home/psd/psd_ws/install/controller_manager_msgs/share/controller_manager_msgs/srv/SetHardwareComponentState_Request.msg
-- Up-to-date symlink: /home/psd/psd_ws/install/controller_manager_msgs/share/controller_manager_msgs/srv/SetHardwareComponentState_Response.msg
-- Up-to-date symlink: /home/psd/psd_ws/install/controller_manager_msgs/share/controller_manager_msgs/srv/SwitchController.srv
-- Up-to-date symlink: /home/psd/psd_ws/install/controller_manager_msgs/share/controller_manager_msgs/srv/SwitchController_Request.msg
-- Up-to-date symlink: /home/psd/psd_ws/install/controller_manager_msgs/share/controller_manager_msgs/srv/SwitchController_Response.msg
-- Up-to-date symlink: /home/psd/psd_ws/install/controller_manager_msgs/share/controller_manager_msgs/srv/UnloadController.srv
-- Up-to-date symlink: /home/psd/psd_ws/install/controller_manager_msgs/share/controller_manager_msgs/srv/UnloadController_Request.msg
-- Up-to-date symlink: /home/psd/psd_ws/install/controller_manager_msgs/share/controller_manager_msgs/srv/UnloadController_Response.msg
-- Up-to-date symlink: /home/psd/psd_ws/install/controller_manager_msgs/share/ament_index/resource_index/package_run_dependencies/controller_manager_msgs
-- Up-to-date symlink: /home/psd/psd_ws/install/controller_manager_msgs/share/ament_index/resource_index/parent_prefix_path/controller_manager_msgs
-- Up-to-date symlink: /home/psd/psd_ws/install/controller_manager_msgs/share/controller_manager_msgs/environment/ament_prefix_path.sh
-- Up-to-date symlink: /home/psd/psd_ws/install/controller_manager_msgs/share/controller_manager_msgs/environment/ament_prefix_path.dsv
-- Up-to-date symlink: /home/psd/psd_ws/install/controller_manager_msgs/share/controller_manager_msgs/environment/path.sh
-- Up-to-date symlink: /home/psd/psd_ws/install/controller_manager_msgs/share/controller_manager_msgs/environment/path.dsv
-- Up-to-date symlink: /home/psd/psd_ws/install/controller_manager_msgs/share/controller_manager_msgs/local_setup.bash
-- Up-to-date symlink: /home/psd/psd_ws/install/controller_manager_msgs/share/controller_manager_msgs/local_setup.sh
-- Up-to-date symlink: /home/psd/psd_ws/install/controller_manager_msgs/share/controller_manager_msgs/local_setup.zsh
-- Up-to-date symlink: /home/psd/psd_ws/install/controller_manager_msgs/share/controller_manager_msgs/local_setup.dsv
-- Symlinking: /home/psd/psd_ws/install/controller_manager_msgs/share/controller_manager_msgs/package.dsv
-- Up-to-date symlink: /home/psd/psd_ws/install/controller_manager_msgs/share/ament_index/resource_index/packages/controller_manager_msgs
-- Up-to-date symlink: /home/psd/psd_ws/install/controller_manager_msgs/share/controller_manager_msgs/cmake/rosidl_cmake-extras.cmake
-- Up-to-date symlink: /home/psd/psd_ws/install/controller_manager_msgs/share/controller_manager_msgs/cmake/ament_cmake_export_dependencies-extras.cmake
-- Up-to-date symlink: /home/psd/psd_ws/install/controller_manager_msgs/share/controller_manager_msgs/cmake/ament_cmake_export_include_directories-extras.cmake
-- Up-to-date symlink: /home/psd/psd_ws/install/controller_manager_msgs/share/controller_manager_msgs/cmake/ament_cmake_export_libraries-extras.cmake
-- Up-to-date symlink: /home/psd/psd_ws/install/controller_manager_msgs/share/controller_manager_msgs/cmake/ament_cmake_export_targets-extras.cmake
-- Up-to-date symlink: /home/psd/psd_ws/install/controller_manager_msgs/share/controller_manager_msgs/cmake/rosidl_cmake_export_typesupport_targets-extras.cmake
-- Up-to-date symlink: /home/psd/psd_ws/install/controller_manager_msgs/share/controller_manager_msgs/cmake/rosidl_cmake_export_typesupport_libraries-extras.cmake
-- Up-to-date symlink: /home/psd/psd_ws/install/controller_manager_msgs/share/controller_manager_msgs/cmake/controller_manager_msgsConfig.cmake
-- Up-to-date symlink: /home/psd/psd_ws/install/controller_manager_msgs/share/controller_manager_msgs/cmake/controller_manager_msgsConfig-version.cmake
-- Up-to-date symlink: /home/psd/psd_ws/install/controller_manager_msgs/share/controller_manager_msgs/package.xml
-- Installing: /home/psd/psd_ws/install/controller_manager_msgs/lib/libcontroller_manager_msgs__rosidl_generator_c.so
-- Set runtime path of "/home/psd/psd_ws/install/controller_manager_msgs/lib/libcontroller_manager_msgs__rosidl_generator_c.so" to ""
-- Installing: /home/psd/psd_ws/install/controller_manager_msgs/lib/libcontroller_manager_msgs__rosidl_typesupport_fastrtps_c.so
-- Set runtime path of "/home/psd/psd_ws/install/controller_manager_msgs/lib/libcontroller_manager_msgs__rosidl_typesupport_fastrtps_c.so" to ""
-- Installing: /home/psd/psd_ws/install/controller_manager_msgs/lib/libcontroller_manager_msgs__rosidl_typesupport_fastrtps_cpp.so
-- Set runtime path of "/home/psd/psd_ws/install/controller_manager_msgs/lib/libcontroller_manager_msgs__rosidl_typesupport_fastrtps_cpp.so" to ""
-- Installing: /home/psd/psd_ws/install/controller_manager_msgs/lib/libcontroller_manager_msgs__rosidl_typesupport_introspection_c.so
-- Set runtime path of "/home/psd/psd_ws/install/controller_manager_msgs/lib/libcontroller_manager_msgs__rosidl_typesupport_introspection_c.so" to ""
-- Installing: /home/psd/psd_ws/install/controller_manager_msgs/lib/libcontroller_manager_msgs__rosidl_typesupport_c.so
-- Set runtime path of "/home/psd/psd_ws/install/controller_manager_msgs/lib/libcontroller_manager_msgs__rosidl_typesupport_c.so" to ""
-- Installing: /home/psd/psd_ws/install/controller_manager_msgs/lib/libcontroller_manager_msgs__rosidl_typesupport_introspection_cpp.so
-- Set runtime path of "/home/psd/psd_ws/install/controller_manager_msgs/lib/libcontroller_manager_msgs__rosidl_typesupport_introspection_cpp.so" to ""
-- Installing: /home/psd/psd_ws/install/controller_manager_msgs/lib/libcontroller_manager_msgs__rosidl_typesupport_cpp.so
-- Set runtime path of "/home/psd/psd_ws/install/controller_manager_msgs/lib/libcontroller_manager_msgs__rosidl_typesupport_cpp.so" to ""
Listing '/home/psd/psd_ws/install/controller_manager_msgs/local/lib/python3.10/dist-packages/controller_manager_msgs'...
Compiling '/home/psd/psd_ws/install/controller_manager_msgs/local/lib/python3.10/dist-packages/controller_manager_msgs/__init__.py'...
Listing '/home/psd/psd_ws/install/controller_manager_msgs/local/lib/python3.10/dist-packages/controller_manager_msgs/msg'...
Listing '/home/psd/psd_ws/install/controller_manager_msgs/local/lib/python3.10/dist-packages/controller_manager_msgs/srv'...
-- Installing: /home/psd/psd_ws/install/controller_manager_msgs/lib/libcontroller_manager_msgs__rosidl_generator_py.so
-- Set runtime path of "/home/psd/psd_ws/install/controller_manager_msgs/lib/libcontroller_manager_msgs__rosidl_generator_py.so" to ""
-- Up-to-date: /home/psd/psd_ws/install/controller_manager_msgs/share/controller_manager_msgs/cmake/export_controller_manager_msgs__rosidl_generator_cExport.cmake
-- Up-to-date: /home/psd/psd_ws/install/controller_manager_msgs/share/controller_manager_msgs/cmake/export_controller_manager_msgs__rosidl_generator_cExport-noconfig.cmake
-- Up-to-date: /home/psd/psd_ws/install/controller_manager_msgs/share/controller_manager_msgs/cmake/export_controller_manager_msgs__rosidl_typesupport_fastrtps_cExport.cmake
-- Up-to-date: /home/psd/psd_ws/install/controller_manager_msgs/share/controller_manager_msgs/cmake/export_controller_manager_msgs__rosidl_typesupport_fastrtps_cExport-noconfig.cmake
-- Up-to-date: /home/psd/psd_ws/install/controller_manager_msgs/share/controller_manager_msgs/cmake/export_controller_manager_msgs__rosidl_generator_cppExport.cmake
-- Up-to-date: /home/psd/psd_ws/install/controller_manager_msgs/share/controller_manager_msgs/cmake/export_controller_manager_msgs__rosidl_typesupport_fastrtps_cppExport.cmake
-- Up-to-date: /home/psd/psd_ws/install/controller_manager_msgs/share/controller_manager_msgs/cmake/export_controller_manager_msgs__rosidl_typesupport_fastrtps_cppExport-noconfig.cmake
-- Up-to-date: /home/psd/psd_ws/install/controller_manager_msgs/share/controller_manager_msgs/cmake/controller_manager_msgs__rosidl_typesupport_introspection_cExport.cmake
-- Up-to-date: /home/psd/psd_ws/install/controller_manager_msgs/share/controller_manager_msgs/cmake/controller_manager_msgs__rosidl_typesupport_introspection_cExport-noconfig.cmake
-- Up-to-date: /home/psd/psd_ws/install/controller_manager_msgs/share/controller_manager_msgs/cmake/controller_manager_msgs__rosidl_typesupport_cExport.cmake
-- Up-to-date: /home/psd/psd_ws/install/controller_manager_msgs/share/controller_manager_msgs/cmake/controller_manager_msgs__rosidl_typesupport_cExport-noconfig.cmake
-- Up-to-date: /home/psd/psd_ws/install/controller_manager_msgs/share/controller_manager_msgs/cmake/controller_manager_msgs__rosidl_typesupport_introspection_cppExport.cmake
-- Up-to-date: /home/psd/psd_ws/install/controller_manager_msgs/share/controller_manager_msgs/cmake/controller_manager_msgs__rosidl_typesupport_introspection_cppExport-noconfig.cmake
-- Up-to-date: /home/psd/psd_ws/install/controller_manager_msgs/share/controller_manager_msgs/cmake/controller_manager_msgs__rosidl_typesupport_cppExport.cmake
-- Up-to-date: /home/psd/psd_ws/install/controller_manager_msgs/share/controller_manager_msgs/cmake/controller_manager_msgs__rosidl_typesupport_cppExport-noconfig.cmake
-- Up-to-date: /home/psd/psd_ws/install/controller_manager_msgs/share/controller_manager_msgs/cmake/export_controller_manager_msgs__rosidl_generator_pyExport.cmake
-- Up-to-date: /home/psd/psd_ws/install/controller_manager_msgs/share/controller_manager_msgs/cmake/export_controller_manager_msgs__rosidl_generator_pyExport-noconfig.cmake
