-- Found action_msgs: 1.2.1 (/opt/ros/humble/share/action_msgs/cmake)
-- Override CMake install command with custom implementation using symlinks instead of copying resources
-- Found rosidl_generator_c: 3.1.5 (/opt/ros/humble/share/rosidl_generator_c/cmake)
-- Found rosidl_adapter: 3.1.5 (/opt/ros/humble/share/rosidl_adapter/cmake)
-- Found rosidl_generator_cpp: 3.1.5 (/opt/ros/humble/share/rosidl_generator_cpp/cmake)
-- Using all available rosidl_typesupport_c: rosidl_typesupport_fastrtps_c;rosidl_typesupport_introspection_c
-- Using all available rosidl_typesupport_cpp: rosidl_typesupport_fastrtps_cpp;rosidl_typesupport_introspection_cpp
-- Found geometry_msgs: 4.2.3 (/opt/ros/humble/share/geometry_msgs/cmake)
-- Found rosidl_default_generators: 1.2.0 (/opt/ros/humble/share/rosidl_default_generators/cmake)
-- Found sensor_msgs: 4.2.3 (/opt/ros/humble/share/sensor_msgs/cmake)
-- Found trajectory_msgs: 4.2.3 (/opt/ros/humble/share/trajectory_msgs/cmake)
-- Found ament_lint_auto: 0.12.10 (/opt/ros/humble/share/ament_lint_auto/cmake)
-- Found ament_cmake_ros: 0.10.0 (/opt/ros/humble/share/ament_cmake_ros/cmake)
-- Using all available rosidl_typesupport_c: rosidl_typesupport_fastrtps_c;rosidl_typesupport_introspection_c
-- Using all available rosidl_typesupport_cpp: rosidl_typesupport_fastrtps_cpp;rosidl_typesupport_introspection_cpp
-- Found python_cmake_module: 0.10.0 (/opt/ros/humble/share/python_cmake_module/cmake)
-- Using PYTHON_EXECUTABLE: /usr/bin/python3
-- Using PYTHON_INCLUDE_DIRS: /usr/include/python3.10
-- Using PYTHON_LIBRARIES: /usr/lib/x86_64-linux-gnu/libpython3.10.so
-- Added test 'copyright' to check source files copyright and LICENSE
-- Added test 'lint_cmake' to check CMake code style
-- Added test 'xmllint' to check XML markup files
-- Configuring done
-- Generating done
-- Build files have been written to: /home/psd/psd_ws/build/control_msgs
[35m[1mConsolidate compiler generated dependencies of target control_msgs__rosidl_generator_c[0m
[  0%] Built target control_msgs__cpp
[  0%] Built target ament_cmake_python_symlink_control_msgs
[35m[1mConsolidate compiler generated dependencies of target control_msgs__rosidl_typesupport_cpp[0m
[35m[1mConsolidate compiler generated dependencies of target control_msgs__rosidl_typesupport_fastrtps_cpp[0m
[  1%] [32m[1mLinking C shared library libcontrol_msgs__rosidl_generator_c.so[0m
[35m[1mConsolidate compiler generated dependencies of target control_msgs__rosidl_typesupport_introspection_cpp[0m
[  1%] [32m[1mLinking CXX shared library libcontrol_msgs__rosidl_typesupport_cpp.so[0m
[  1%] [32m[1mLinking CXX shared library libcontrol_msgs__rosidl_typesupport_fastrtps_cpp.so[0m
[  2%] [32m[1mLinking CXX shared library libcontrol_msgs__rosidl_typesupport_introspection_cpp.so[0m
[ 13%] Built target control_msgs__rosidl_generator_c
[ 25%] Built target control_msgs__rosidl_typesupport_cpp
[35m[1mConsolidate compiler generated dependencies of target control_msgs__rosidl_typesupport_fastrtps_c[0m
[35m[1mConsolidate compiler generated dependencies of target control_msgs__rosidl_typesupport_c[0m
[35m[1mConsolidate compiler generated dependencies of target control_msgs__rosidl_typesupport_introspection_c[0m
[ 25%] [32m[1mLinking CXX shared library libcontrol_msgs__rosidl_typesupport_c.so[0m
[ 25%] [32m[1mLinking C shared library libcontrol_msgs__rosidl_typesupport_introspection_c.so[0m
[ 25%] [32m[1mLinking CXX shared library libcontrol_msgs__rosidl_typesupport_fastrtps_c.so[0m
[ 37%] Built target control_msgs__rosidl_typesupport_fastrtps_cpp
[ 49%] Built target control_msgs__rosidl_typesupport_introspection_c
[ 61%] Built target control_msgs__rosidl_typesupport_c
[ 72%] Built target control_msgs__rosidl_typesupport_introspection_cpp
running egg_info
writing control_msgs.egg-info/PKG-INFO
writing dependency_links to control_msgs.egg-info/dependency_links.txt
writing top-level names to control_msgs.egg-info/top_level.txt
reading manifest file 'control_msgs.egg-info/SOURCES.txt'
writing manifest file 'control_msgs.egg-info/SOURCES.txt'
[ 84%] Built target control_msgs__rosidl_typesupport_fastrtps_c
[ 84%] Built target ament_cmake_python_build_control_msgs_egg
[ 84%] Built target control_msgs
[ 85%] Built target control_msgs__py
[35m[1mConsolidate compiler generated dependencies of target control_msgs__rosidl_generator_py[0m
[ 85%] [32m[1mLinking C shared library rosidl_generator_py/control_msgs/libcontrol_msgs__rosidl_generator_py.so[0m
[ 96%] Built target control_msgs__rosidl_generator_py
[35m[1mConsolidate compiler generated dependencies of target control_msgs__rosidl_typesupport_fastrtps_c__pyext[0m
[35m[1mConsolidate compiler generated dependencies of target control_msgs__rosidl_typesupport_c__pyext[0m
[35m[1mConsolidate compiler generated dependencies of target control_msgs__rosidl_typesupport_introspection_c__pyext[0m
[ 96%] [32m[1mLinking C shared library rosidl_generator_py/control_msgs/control_msgs_s__rosidl_typesupport_fastrtps_c.cpython-310-x86_64-linux-gnu.so[0m
[ 96%] [32m[1mLinking C shared library rosidl_generator_py/control_msgs/control_msgs_s__rosidl_typesupport_c.cpython-310-x86_64-linux-gnu.so[0m
[ 97%] [32m[1mLinking C shared library rosidl_generator_py/control_msgs/control_msgs_s__rosidl_typesupport_introspection_c.cpython-310-x86_64-linux-gnu.so[0m
[ 98%] Built target control_msgs__rosidl_typesupport_fastrtps_c__pyext
[ 99%] Built target control_msgs__rosidl_typesupport_c__pyext
[100%] Built target control_msgs__rosidl_typesupport_introspection_c__pyext
-- Install configuration: ""
-- Execute custom install script
-- Up-to-date symlink: /home/psd/psd_ws/install/control_msgs/share/ament_index/resource_index/rosidl_interfaces/control_msgs
-- Up-to-date symlink: /home/psd/psd_ws/install/control_msgs/include/control_msgs/control_msgs/action/detail/follow_joint_trajectory__functions.h
-- Up-to-date symlink: /home/psd/psd_ws/install/control_msgs/include/control_msgs/control_msgs/action/detail/follow_joint_trajectory__struct.h
-- Up-to-date symlink: /home/psd/psd_ws/install/control_msgs/include/control_msgs/control_msgs/action/detail/follow_joint_trajectory__type_support.h
-- Up-to-date symlink: /home/psd/psd_ws/install/control_msgs/include/control_msgs/control_msgs/action/detail/gripper_command__functions.h
-- Up-to-date symlink: /home/psd/psd_ws/install/control_msgs/include/control_msgs/control_msgs/action/detail/gripper_command__struct.h
-- Up-to-date symlink: /home/psd/psd_ws/install/control_msgs/include/control_msgs/control_msgs/action/detail/gripper_command__type_support.h
-- Up-to-date symlink: /home/psd/psd_ws/install/control_msgs/include/control_msgs/control_msgs/action/detail/joint_trajectory__functions.h
-- Up-to-date symlink: /home/psd/psd_ws/install/control_msgs/include/control_msgs/control_msgs/action/detail/joint_trajectory__struct.h
-- Up-to-date symlink: /home/psd/psd_ws/install/control_msgs/include/control_msgs/control_msgs/action/detail/joint_trajectory__type_support.h
-- Up-to-date symlink: /home/psd/psd_ws/install/control_msgs/include/control_msgs/control_msgs/action/detail/point_head__functions.h
-- Up-to-date symlink: /home/psd/psd_ws/install/control_msgs/include/control_msgs/control_msgs/action/detail/point_head__struct.h
-- Up-to-date symlink: /home/psd/psd_ws/install/control_msgs/include/control_msgs/control_msgs/action/detail/point_head__type_support.h
-- Up-to-date symlink: /home/psd/psd_ws/install/control_msgs/include/control_msgs/control_msgs/action/detail/single_joint_position__functions.h
-- Up-to-date symlink: /home/psd/psd_ws/install/control_msgs/include/control_msgs/control_msgs/action/detail/single_joint_position__struct.h
-- Up-to-date symlink: /home/psd/psd_ws/install/control_msgs/include/control_msgs/control_msgs/action/detail/single_joint_position__type_support.h
-- Up-to-date symlink: /home/psd/psd_ws/install/control_msgs/include/control_msgs/control_msgs/action/follow_joint_trajectory.h
-- Up-to-date symlink: /home/psd/psd_ws/install/control_msgs/include/control_msgs/control_msgs/action/gripper_command.h
-- Up-to-date symlink: /home/psd/psd_ws/install/control_msgs/include/control_msgs/control_msgs/action/joint_trajectory.h
-- Up-to-date symlink: /home/psd/psd_ws/install/control_msgs/include/control_msgs/control_msgs/action/point_head.h
-- Up-to-date symlink: /home/psd/psd_ws/install/control_msgs/include/control_msgs/control_msgs/action/single_joint_position.h
-- Up-to-date symlink: /home/psd/psd_ws/install/control_msgs/include/control_msgs/control_msgs/msg/admittance_controller_state.h
-- Up-to-date symlink: /home/psd/psd_ws/install/control_msgs/include/control_msgs/control_msgs/msg/detail/admittance_controller_state__functions.h
-- Up-to-date symlink: /home/psd/psd_ws/install/control_msgs/include/control_msgs/control_msgs/msg/detail/admittance_controller_state__struct.h
-- Up-to-date symlink: /home/psd/psd_ws/install/control_msgs/include/control_msgs/control_msgs/msg/detail/admittance_controller_state__type_support.h
-- Up-to-date symlink: /home/psd/psd_ws/install/control_msgs/include/control_msgs/control_msgs/msg/detail/dynamic_joint_state__functions.h
-- Up-to-date symlink: /home/psd/psd_ws/install/control_msgs/include/control_msgs/control_msgs/msg/detail/dynamic_joint_state__struct.h
-- Up-to-date symlink: /home/psd/psd_ws/install/control_msgs/include/control_msgs/control_msgs/msg/detail/dynamic_joint_state__type_support.h
-- Up-to-date symlink: /home/psd/psd_ws/install/control_msgs/include/control_msgs/control_msgs/msg/detail/gripper_command__functions.h
-- Up-to-date symlink: /home/psd/psd_ws/install/control_msgs/include/control_msgs/control_msgs/msg/detail/gripper_command__struct.h
-- Up-to-date symlink: /home/psd/psd_ws/install/control_msgs/include/control_msgs/control_msgs/msg/detail/gripper_command__type_support.h
-- Up-to-date symlink: /home/psd/psd_ws/install/control_msgs/include/control_msgs/control_msgs/msg/detail/interface_value__functions.h
-- Up-to-date symlink: /home/psd/psd_ws/install/control_msgs/include/control_msgs/control_msgs/msg/detail/interface_value__struct.h
-- Up-to-date symlink: /home/psd/psd_ws/install/control_msgs/include/control_msgs/control_msgs/msg/detail/interface_value__type_support.h
-- Up-to-date symlink: /home/psd/psd_ws/install/control_msgs/include/control_msgs/control_msgs/msg/detail/joint_component_tolerance__functions.h
-- Up-to-date symlink: /home/psd/psd_ws/install/control_msgs/include/control_msgs/control_msgs/msg/detail/joint_component_tolerance__struct.h
-- Up-to-date symlink: /home/psd/psd_ws/install/control_msgs/include/control_msgs/control_msgs/msg/detail/joint_component_tolerance__type_support.h
-- Up-to-date symlink: /home/psd/psd_ws/install/control_msgs/include/control_msgs/control_msgs/msg/detail/joint_controller_state__functions.h
-- Up-to-date symlink: /home/psd/psd_ws/install/control_msgs/include/control_msgs/control_msgs/msg/detail/joint_controller_state__struct.h
-- Up-to-date symlink: /home/psd/psd_ws/install/control_msgs/include/control_msgs/control_msgs/msg/detail/joint_controller_state__type_support.h
-- Up-to-date symlink: /home/psd/psd_ws/install/control_msgs/include/control_msgs/control_msgs/msg/detail/joint_jog__functions.h
-- Up-to-date symlink: /home/psd/psd_ws/install/control_msgs/include/control_msgs/control_msgs/msg/detail/joint_jog__struct.h
-- Up-to-date symlink: /home/psd/psd_ws/install/control_msgs/include/control_msgs/control_msgs/msg/detail/joint_jog__type_support.h
-- Up-to-date symlink: /home/psd/psd_ws/install/control_msgs/include/control_msgs/control_msgs/msg/detail/joint_tolerance__functions.h
-- Up-to-date symlink: /home/psd/psd_ws/install/control_msgs/include/control_msgs/control_msgs/msg/detail/joint_tolerance__struct.h
-- Up-to-date symlink: /home/psd/psd_ws/install/control_msgs/include/control_msgs/control_msgs/msg/detail/joint_tolerance__type_support.h
-- Up-to-date symlink: /home/psd/psd_ws/install/control_msgs/include/control_msgs/control_msgs/msg/detail/joint_trajectory_controller_state__functions.h
-- Up-to-date symlink: /home/psd/psd_ws/install/control_msgs/include/control_msgs/control_msgs/msg/detail/joint_trajectory_controller_state__struct.h
-- Up-to-date symlink: /home/psd/psd_ws/install/control_msgs/include/control_msgs/control_msgs/msg/detail/joint_trajectory_controller_state__type_support.h
-- Up-to-date symlink: /home/psd/psd_ws/install/control_msgs/include/control_msgs/control_msgs/msg/detail/mecanum_drive_controller_state__functions.h
-- Up-to-date symlink: /home/psd/psd_ws/install/control_msgs/include/control_msgs/control_msgs/msg/detail/mecanum_drive_controller_state__struct.h
-- Up-to-date symlink: /home/psd/psd_ws/install/control_msgs/include/control_msgs/control_msgs/msg/detail/mecanum_drive_controller_state__type_support.h
-- Up-to-date symlink: /home/psd/psd_ws/install/control_msgs/include/control_msgs/control_msgs/msg/detail/pid_state__functions.h
-- Up-to-date symlink: /home/psd/psd_ws/install/control_msgs/include/control_msgs/control_msgs/msg/detail/pid_state__struct.h
-- Up-to-date symlink: /home/psd/psd_ws/install/control_msgs/include/control_msgs/control_msgs/msg/detail/pid_state__type_support.h
-- Up-to-date symlink: /home/psd/psd_ws/install/control_msgs/include/control_msgs/control_msgs/msg/detail/steering_controller_status__functions.h
-- Up-to-date symlink: /home/psd/psd_ws/install/control_msgs/include/control_msgs/control_msgs/msg/detail/steering_controller_status__struct.h
-- Up-to-date symlink: /home/psd/psd_ws/install/control_msgs/include/control_msgs/control_msgs/msg/detail/steering_controller_status__type_support.h
-- Up-to-date symlink: /home/psd/psd_ws/install/control_msgs/include/control_msgs/control_msgs/msg/dynamic_joint_state.h
-- Up-to-date symlink: /home/psd/psd_ws/install/control_msgs/include/control_msgs/control_msgs/msg/gripper_command.h
-- Up-to-date symlink: /home/psd/psd_ws/install/control_msgs/include/control_msgs/control_msgs/msg/interface_value.h
-- Up-to-date symlink: /home/psd/psd_ws/install/control_msgs/include/control_msgs/control_msgs/msg/joint_component_tolerance.h
-- Up-to-date symlink: /home/psd/psd_ws/install/control_msgs/include/control_msgs/control_msgs/msg/joint_controller_state.h
-- Up-to-date symlink: /home/psd/psd_ws/install/control_msgs/include/control_msgs/control_msgs/msg/joint_jog.h
-- Up-to-date symlink: /home/psd/psd_ws/install/control_msgs/include/control_msgs/control_msgs/msg/joint_tolerance.h
-- Up-to-date symlink: /home/psd/psd_ws/install/control_msgs/include/control_msgs/control_msgs/msg/joint_trajectory_controller_state.h
-- Up-to-date symlink: /home/psd/psd_ws/install/control_msgs/include/control_msgs/control_msgs/msg/mecanum_drive_controller_state.h
-- Up-to-date symlink: /home/psd/psd_ws/install/control_msgs/include/control_msgs/control_msgs/msg/pid_state.h
-- Up-to-date symlink: /home/psd/psd_ws/install/control_msgs/include/control_msgs/control_msgs/msg/rosidl_generator_c__visibility_control.h
-- Up-to-date symlink: /home/psd/psd_ws/install/control_msgs/include/control_msgs/control_msgs/msg/steering_controller_status.h
-- Up-to-date symlink: /home/psd/psd_ws/install/control_msgs/include/control_msgs/control_msgs/srv/detail/query_calibration_state__functions.h
-- Up-to-date symlink: /home/psd/psd_ws/install/control_msgs/include/control_msgs/control_msgs/srv/detail/query_calibration_state__struct.h
-- Up-to-date symlink: /home/psd/psd_ws/install/control_msgs/include/control_msgs/control_msgs/srv/detail/query_calibration_state__type_support.h
-- Up-to-date symlink: /home/psd/psd_ws/install/control_msgs/include/control_msgs/control_msgs/srv/detail/query_trajectory_state__functions.h
-- Up-to-date symlink: /home/psd/psd_ws/install/control_msgs/include/control_msgs/control_msgs/srv/detail/query_trajectory_state__struct.h
-- Up-to-date symlink: /home/psd/psd_ws/install/control_msgs/include/control_msgs/control_msgs/srv/detail/query_trajectory_state__type_support.h
-- Up-to-date symlink: /home/psd/psd_ws/install/control_msgs/include/control_msgs/control_msgs/srv/query_calibration_state.h
-- Up-to-date symlink: /home/psd/psd_ws/install/control_msgs/include/control_msgs/control_msgs/srv/query_trajectory_state.h
-- Up-to-date symlink: /home/psd/psd_ws/install/control_msgs/share/control_msgs/environment/library_path.sh
-- Up-to-date symlink: /home/psd/psd_ws/install/control_msgs/share/control_msgs/environment/library_path.dsv
-- Up-to-date symlink: /home/psd/psd_ws/install/control_msgs/include/control_msgs/control_msgs/action/detail/follow_joint_trajectory__rosidl_typesupport_fastrtps_c.h
-- Up-to-date symlink: /home/psd/psd_ws/install/control_msgs/include/control_msgs/control_msgs/action/detail/gripper_command__rosidl_typesupport_fastrtps_c.h
-- Up-to-date symlink: /home/psd/psd_ws/install/control_msgs/include/control_msgs/control_msgs/action/detail/joint_trajectory__rosidl_typesupport_fastrtps_c.h
-- Up-to-date symlink: /home/psd/psd_ws/install/control_msgs/include/control_msgs/control_msgs/action/detail/point_head__rosidl_typesupport_fastrtps_c.h
-- Up-to-date symlink: /home/psd/psd_ws/install/control_msgs/include/control_msgs/control_msgs/action/detail/single_joint_position__rosidl_typesupport_fastrtps_c.h
-- Up-to-date symlink: /home/psd/psd_ws/install/control_msgs/include/control_msgs/control_msgs/msg/detail/admittance_controller_state__rosidl_typesupport_fastrtps_c.h
-- Up-to-date symlink: /home/psd/psd_ws/install/control_msgs/include/control_msgs/control_msgs/msg/detail/dynamic_joint_state__rosidl_typesupport_fastrtps_c.h
-- Up-to-date symlink: /home/psd/psd_ws/install/control_msgs/include/control_msgs/control_msgs/msg/detail/gripper_command__rosidl_typesupport_fastrtps_c.h
-- Up-to-date symlink: /home/psd/psd_ws/install/control_msgs/include/control_msgs/control_msgs/msg/detail/interface_value__rosidl_typesupport_fastrtps_c.h
-- Up-to-date symlink: /home/psd/psd_ws/install/control_msgs/include/control_msgs/control_msgs/msg/detail/joint_component_tolerance__rosidl_typesupport_fastrtps_c.h
-- Up-to-date symlink: /home/psd/psd_ws/install/control_msgs/include/control_msgs/control_msgs/msg/detail/joint_controller_state__rosidl_typesupport_fastrtps_c.h
-- Up-to-date symlink: /home/psd/psd_ws/install/control_msgs/include/control_msgs/control_msgs/msg/detail/joint_jog__rosidl_typesupport_fastrtps_c.h
-- Up-to-date symlink: /home/psd/psd_ws/install/control_msgs/include/control_msgs/control_msgs/msg/detail/joint_tolerance__rosidl_typesupport_fastrtps_c.h
-- Up-to-date symlink: /home/psd/psd_ws/install/control_msgs/include/control_msgs/control_msgs/msg/detail/joint_trajectory_controller_state__rosidl_typesupport_fastrtps_c.h
-- Up-to-date symlink: /home/psd/psd_ws/install/control_msgs/include/control_msgs/control_msgs/msg/detail/mecanum_drive_controller_state__rosidl_typesupport_fastrtps_c.h
-- Up-to-date symlink: /home/psd/psd_ws/install/control_msgs/include/control_msgs/control_msgs/msg/detail/pid_state__rosidl_typesupport_fastrtps_c.h
-- Up-to-date symlink: /home/psd/psd_ws/install/control_msgs/include/control_msgs/control_msgs/msg/detail/steering_controller_status__rosidl_typesupport_fastrtps_c.h
-- Up-to-date symlink: /home/psd/psd_ws/install/control_msgs/include/control_msgs/control_msgs/msg/rosidl_typesupport_fastrtps_c__visibility_control.h
-- Up-to-date symlink: /home/psd/psd_ws/install/control_msgs/include/control_msgs/control_msgs/srv/detail/query_calibration_state__rosidl_typesupport_fastrtps_c.h
-- Up-to-date symlink: /home/psd/psd_ws/install/control_msgs/include/control_msgs/control_msgs/srv/detail/query_trajectory_state__rosidl_typesupport_fastrtps_c.h
-- Up-to-date symlink: /home/psd/psd_ws/install/control_msgs/include/control_msgs/control_msgs/action/detail/follow_joint_trajectory__builder.hpp
-- Up-to-date symlink: /home/psd/psd_ws/install/control_msgs/include/control_msgs/control_msgs/action/detail/follow_joint_trajectory__struct.hpp
-- Up-to-date symlink: /home/psd/psd_ws/install/control_msgs/include/control_msgs/control_msgs/action/detail/follow_joint_trajectory__traits.hpp
-- Up-to-date symlink: /home/psd/psd_ws/install/control_msgs/include/control_msgs/control_msgs/action/detail/gripper_command__builder.hpp
-- Up-to-date symlink: /home/psd/psd_ws/install/control_msgs/include/control_msgs/control_msgs/action/detail/gripper_command__struct.hpp
-- Up-to-date symlink: /home/psd/psd_ws/install/control_msgs/include/control_msgs/control_msgs/action/detail/gripper_command__traits.hpp
-- Up-to-date symlink: /home/psd/psd_ws/install/control_msgs/include/control_msgs/control_msgs/action/detail/joint_trajectory__builder.hpp
-- Up-to-date symlink: /home/psd/psd_ws/install/control_msgs/include/control_msgs/control_msgs/action/detail/joint_trajectory__struct.hpp
-- Up-to-date symlink: /home/psd/psd_ws/install/control_msgs/include/control_msgs/control_msgs/action/detail/joint_trajectory__traits.hpp
-- Up-to-date symlink: /home/psd/psd_ws/install/control_msgs/include/control_msgs/control_msgs/action/detail/point_head__builder.hpp
-- Up-to-date symlink: /home/psd/psd_ws/install/control_msgs/include/control_msgs/control_msgs/action/detail/point_head__struct.hpp
-- Up-to-date symlink: /home/psd/psd_ws/install/control_msgs/include/control_msgs/control_msgs/action/detail/point_head__traits.hpp
-- Up-to-date symlink: /home/psd/psd_ws/install/control_msgs/include/control_msgs/control_msgs/action/detail/single_joint_position__builder.hpp
-- Up-to-date symlink: /home/psd/psd_ws/install/control_msgs/include/control_msgs/control_msgs/action/detail/single_joint_position__struct.hpp
-- Up-to-date symlink: /home/psd/psd_ws/install/control_msgs/include/control_msgs/control_msgs/action/detail/single_joint_position__traits.hpp
-- Up-to-date symlink: /home/psd/psd_ws/install/control_msgs/include/control_msgs/control_msgs/action/follow_joint_trajectory.hpp
-- Up-to-date symlink: /home/psd/psd_ws/install/control_msgs/include/control_msgs/control_msgs/action/gripper_command.hpp
-- Up-to-date symlink: /home/psd/psd_ws/install/control_msgs/include/control_msgs/control_msgs/action/joint_trajectory.hpp
-- Up-to-date symlink: /home/psd/psd_ws/install/control_msgs/include/control_msgs/control_msgs/action/point_head.hpp
-- Up-to-date symlink: /home/psd/psd_ws/install/control_msgs/include/control_msgs/control_msgs/action/single_joint_position.hpp
-- Up-to-date symlink: /home/psd/psd_ws/install/control_msgs/include/control_msgs/control_msgs/msg/admittance_controller_state.hpp
-- Up-to-date symlink: /home/psd/psd_ws/install/control_msgs/include/control_msgs/control_msgs/msg/detail/admittance_controller_state__builder.hpp
-- Up-to-date symlink: /home/psd/psd_ws/install/control_msgs/include/control_msgs/control_msgs/msg/detail/admittance_controller_state__struct.hpp
-- Up-to-date symlink: /home/psd/psd_ws/install/control_msgs/include/control_msgs/control_msgs/msg/detail/admittance_controller_state__traits.hpp
-- Up-to-date symlink: /home/psd/psd_ws/install/control_msgs/include/control_msgs/control_msgs/msg/detail/dynamic_joint_state__builder.hpp
-- Up-to-date symlink: /home/psd/psd_ws/install/control_msgs/include/control_msgs/control_msgs/msg/detail/dynamic_joint_state__struct.hpp
-- Up-to-date symlink: /home/psd/psd_ws/install/control_msgs/include/control_msgs/control_msgs/msg/detail/dynamic_joint_state__traits.hpp
-- Up-to-date symlink: /home/psd/psd_ws/install/control_msgs/include/control_msgs/control_msgs/msg/detail/gripper_command__builder.hpp
-- Up-to-date symlink: /home/psd/psd_ws/install/control_msgs/include/control_msgs/control_msgs/msg/detail/gripper_command__struct.hpp
-- Up-to-date symlink: /home/psd/psd_ws/install/control_msgs/include/control_msgs/control_msgs/msg/detail/gripper_command__traits.hpp
-- Up-to-date symlink: /home/psd/psd_ws/install/control_msgs/include/control_msgs/control_msgs/msg/detail/interface_value__builder.hpp
-- Up-to-date symlink: /home/psd/psd_ws/install/control_msgs/include/control_msgs/control_msgs/msg/detail/interface_value__struct.hpp
-- Up-to-date symlink: /home/psd/psd_ws/install/control_msgs/include/control_msgs/control_msgs/msg/detail/interface_value__traits.hpp
-- Up-to-date symlink: /home/psd/psd_ws/install/control_msgs/include/control_msgs/control_msgs/msg/detail/joint_component_tolerance__builder.hpp
-- Up-to-date symlink: /home/psd/psd_ws/install/control_msgs/include/control_msgs/control_msgs/msg/detail/joint_component_tolerance__struct.hpp
-- Up-to-date symlink: /home/psd/psd_ws/install/control_msgs/include/control_msgs/control_msgs/msg/detail/joint_component_tolerance__traits.hpp
-- Up-to-date symlink: /home/psd/psd_ws/install/control_msgs/include/control_msgs/control_msgs/msg/detail/joint_controller_state__builder.hpp
-- Up-to-date symlink: /home/psd/psd_ws/install/control_msgs/include/control_msgs/control_msgs/msg/detail/joint_controller_state__struct.hpp
-- Up-to-date symlink: /home/psd/psd_ws/install/control_msgs/include/control_msgs/control_msgs/msg/detail/joint_controller_state__traits.hpp
-- Up-to-date symlink: /home/psd/psd_ws/install/control_msgs/include/control_msgs/control_msgs/msg/detail/joint_jog__builder.hpp
-- Up-to-date symlink: /home/psd/psd_ws/install/control_msgs/include/control_msgs/control_msgs/msg/detail/joint_jog__struct.hpp
-- Up-to-date symlink: /home/psd/psd_ws/install/control_msgs/include/control_msgs/control_msgs/msg/detail/joint_jog__traits.hpp
-- Up-to-date symlink: /home/psd/psd_ws/install/control_msgs/include/control_msgs/control_msgs/msg/detail/joint_tolerance__builder.hpp
-- Up-to-date symlink: /home/psd/psd_ws/install/control_msgs/include/control_msgs/control_msgs/msg/detail/joint_tolerance__struct.hpp
-- Up-to-date symlink: /home/psd/psd_ws/install/control_msgs/include/control_msgs/control_msgs/msg/detail/joint_tolerance__traits.hpp
-- Up-to-date symlink: /home/psd/psd_ws/install/control_msgs/include/control_msgs/control_msgs/msg/detail/joint_trajectory_controller_state__builder.hpp
-- Up-to-date symlink: /home/psd/psd_ws/install/control_msgs/include/control_msgs/control_msgs/msg/detail/joint_trajectory_controller_state__struct.hpp
-- Up-to-date symlink: /home/psd/psd_ws/install/control_msgs/include/control_msgs/control_msgs/msg/detail/joint_trajectory_controller_state__traits.hpp
-- Up-to-date symlink: /home/psd/psd_ws/install/control_msgs/include/control_msgs/control_msgs/msg/detail/mecanum_drive_controller_state__builder.hpp
-- Up-to-date symlink: /home/psd/psd_ws/install/control_msgs/include/control_msgs/control_msgs/msg/detail/mecanum_drive_controller_state__struct.hpp
-- Up-to-date symlink: /home/psd/psd_ws/install/control_msgs/include/control_msgs/control_msgs/msg/detail/mecanum_drive_controller_state__traits.hpp
-- Up-to-date symlink: /home/psd/psd_ws/install/control_msgs/include/control_msgs/control_msgs/msg/detail/pid_state__builder.hpp
-- Up-to-date symlink: /home/psd/psd_ws/install/control_msgs/include/control_msgs/control_msgs/msg/detail/pid_state__struct.hpp
-- Up-to-date symlink: /home/psd/psd_ws/install/control_msgs/include/control_msgs/control_msgs/msg/detail/pid_state__traits.hpp
-- Up-to-date symlink: /home/psd/psd_ws/install/control_msgs/include/control_msgs/control_msgs/msg/detail/steering_controller_status__builder.hpp
-- Up-to-date symlink: /home/psd/psd_ws/install/control_msgs/include/control_msgs/control_msgs/msg/detail/steering_controller_status__struct.hpp
-- Up-to-date symlink: /home/psd/psd_ws/install/control_msgs/include/control_msgs/control_msgs/msg/detail/steering_controller_status__traits.hpp
-- Up-to-date symlink: /home/psd/psd_ws/install/control_msgs/include/control_msgs/control_msgs/msg/dynamic_joint_state.hpp
-- Up-to-date symlink: /home/psd/psd_ws/install/control_msgs/include/control_msgs/control_msgs/msg/gripper_command.hpp
-- Up-to-date symlink: /home/psd/psd_ws/install/control_msgs/include/control_msgs/control_msgs/msg/interface_value.hpp
-- Up-to-date symlink: /home/psd/psd_ws/install/control_msgs/include/control_msgs/control_msgs/msg/joint_component_tolerance.hpp
-- Up-to-date symlink: /home/psd/psd_ws/install/control_msgs/include/control_msgs/control_msgs/msg/joint_controller_state.hpp
-- Up-to-date symlink: /home/psd/psd_ws/install/control_msgs/include/control_msgs/control_msgs/msg/joint_jog.hpp
-- Up-to-date symlink: /home/psd/psd_ws/install/control_msgs/include/control_msgs/control_msgs/msg/joint_tolerance.hpp
-- Up-to-date symlink: /home/psd/psd_ws/install/control_msgs/include/control_msgs/control_msgs/msg/joint_trajectory_controller_state.hpp
-- Up-to-date symlink: /home/psd/psd_ws/install/control_msgs/include/control_msgs/control_msgs/msg/mecanum_drive_controller_state.hpp
-- Up-to-date symlink: /home/psd/psd_ws/install/control_msgs/include/control_msgs/control_msgs/msg/pid_state.hpp
-- Up-to-date symlink: /home/psd/psd_ws/install/control_msgs/include/control_msgs/control_msgs/msg/steering_controller_status.hpp
-- Up-to-date symlink: /home/psd/psd_ws/install/control_msgs/include/control_msgs/control_msgs/srv/detail/query_calibration_state__builder.hpp
-- Up-to-date symlink: /home/psd/psd_ws/install/control_msgs/include/control_msgs/control_msgs/srv/detail/query_calibration_state__struct.hpp
-- Up-to-date symlink: /home/psd/psd_ws/install/control_msgs/include/control_msgs/control_msgs/srv/detail/query_calibration_state__traits.hpp
-- Up-to-date symlink: /home/psd/psd_ws/install/control_msgs/include/control_msgs/control_msgs/srv/detail/query_trajectory_state__builder.hpp
-- Up-to-date symlink: /home/psd/psd_ws/install/control_msgs/include/control_msgs/control_msgs/srv/detail/query_trajectory_state__struct.hpp
-- Up-to-date symlink: /home/psd/psd_ws/install/control_msgs/include/control_msgs/control_msgs/srv/detail/query_trajectory_state__traits.hpp
-- Up-to-date symlink: /home/psd/psd_ws/install/control_msgs/include/control_msgs/control_msgs/srv/query_calibration_state.hpp
-- Up-to-date symlink: /home/psd/psd_ws/install/control_msgs/include/control_msgs/control_msgs/srv/query_trajectory_state.hpp
-- Up-to-date symlink: /home/psd/psd_ws/install/control_msgs/include/control_msgs/control_msgs/action/detail/follow_joint_trajectory__rosidl_typesupport_fastrtps_cpp.hpp
-- Up-to-date symlink: /home/psd/psd_ws/install/control_msgs/include/control_msgs/control_msgs/action/detail/gripper_command__rosidl_typesupport_fastrtps_cpp.hpp
-- Up-to-date symlink: /home/psd/psd_ws/install/control_msgs/include/control_msgs/control_msgs/action/detail/joint_trajectory__rosidl_typesupport_fastrtps_cpp.hpp
-- Up-to-date symlink: /home/psd/psd_ws/install/control_msgs/include/control_msgs/control_msgs/action/detail/point_head__rosidl_typesupport_fastrtps_cpp.hpp
-- Up-to-date symlink: /home/psd/psd_ws/install/control_msgs/include/control_msgs/control_msgs/action/detail/single_joint_position__rosidl_typesupport_fastrtps_cpp.hpp
-- Up-to-date symlink: /home/psd/psd_ws/install/control_msgs/include/control_msgs/control_msgs/msg/detail/admittance_controller_state__rosidl_typesupport_fastrtps_cpp.hpp
-- Up-to-date symlink: /home/psd/psd_ws/install/control_msgs/include/control_msgs/control_msgs/msg/detail/dynamic_joint_state__rosidl_typesupport_fastrtps_cpp.hpp
-- Up-to-date symlink: /home/psd/psd_ws/install/control_msgs/include/control_msgs/control_msgs/msg/detail/gripper_command__rosidl_typesupport_fastrtps_cpp.hpp
-- Up-to-date symlink: /home/psd/psd_ws/install/control_msgs/include/control_msgs/control_msgs/msg/detail/interface_value__rosidl_typesupport_fastrtps_cpp.hpp
-- Up-to-date symlink: /home/psd/psd_ws/install/control_msgs/include/control_msgs/control_msgs/msg/detail/joint_component_tolerance__rosidl_typesupport_fastrtps_cpp.hpp
-- Up-to-date symlink: /home/psd/psd_ws/install/control_msgs/include/control_msgs/control_msgs/msg/detail/joint_controller_state__rosidl_typesupport_fastrtps_cpp.hpp
-- Up-to-date symlink: /home/psd/psd_ws/install/control_msgs/include/control_msgs/control_msgs/msg/detail/joint_jog__rosidl_typesupport_fastrtps_cpp.hpp
-- Up-to-date symlink: /home/psd/psd_ws/install/control_msgs/include/control_msgs/control_msgs/msg/detail/joint_tolerance__rosidl_typesupport_fastrtps_cpp.hpp
-- Up-to-date symlink: /home/psd/psd_ws/install/control_msgs/include/control_msgs/control_msgs/msg/detail/joint_trajectory_controller_state__rosidl_typesupport_fastrtps_cpp.hpp
-- Up-to-date symlink: /home/psd/psd_ws/install/control_msgs/include/control_msgs/control_msgs/msg/detail/mecanum_drive_controller_state__rosidl_typesupport_fastrtps_cpp.hpp
-- Up-to-date symlink: /home/psd/psd_ws/install/control_msgs/include/control_msgs/control_msgs/msg/detail/pid_state__rosidl_typesupport_fastrtps_cpp.hpp
-- Up-to-date symlink: /home/psd/psd_ws/install/control_msgs/include/control_msgs/control_msgs/msg/detail/steering_controller_status__rosidl_typesupport_fastrtps_cpp.hpp
-- Up-to-date symlink: /home/psd/psd_ws/install/control_msgs/include/control_msgs/control_msgs/msg/rosidl_typesupport_fastrtps_cpp__visibility_control.h
-- Up-to-date symlink: /home/psd/psd_ws/install/control_msgs/include/control_msgs/control_msgs/srv/detail/query_calibration_state__rosidl_typesupport_fastrtps_cpp.hpp
-- Up-to-date symlink: /home/psd/psd_ws/install/control_msgs/include/control_msgs/control_msgs/srv/detail/query_trajectory_state__rosidl_typesupport_fastrtps_cpp.hpp
-- Up-to-date symlink: /home/psd/psd_ws/install/control_msgs/include/control_msgs/control_msgs/action/detail/follow_joint_trajectory__rosidl_typesupport_introspection_c.h
-- Up-to-date symlink: /home/psd/psd_ws/install/control_msgs/include/control_msgs/control_msgs/action/detail/gripper_command__rosidl_typesupport_introspection_c.h
-- Up-to-date symlink: /home/psd/psd_ws/install/control_msgs/include/control_msgs/control_msgs/action/detail/joint_trajectory__rosidl_typesupport_introspection_c.h
-- Up-to-date symlink: /home/psd/psd_ws/install/control_msgs/include/control_msgs/control_msgs/action/detail/point_head__rosidl_typesupport_introspection_c.h
-- Up-to-date symlink: /home/psd/psd_ws/install/control_msgs/include/control_msgs/control_msgs/action/detail/single_joint_position__rosidl_typesupport_introspection_c.h
-- Up-to-date symlink: /home/psd/psd_ws/install/control_msgs/include/control_msgs/control_msgs/msg/detail/admittance_controller_state__rosidl_typesupport_introspection_c.h
-- Up-to-date symlink: /home/psd/psd_ws/install/control_msgs/include/control_msgs/control_msgs/msg/detail/dynamic_joint_state__rosidl_typesupport_introspection_c.h
-- Up-to-date symlink: /home/psd/psd_ws/install/control_msgs/include/control_msgs/control_msgs/msg/detail/gripper_command__rosidl_typesupport_introspection_c.h
-- Up-to-date symlink: /home/psd/psd_ws/install/control_msgs/include/control_msgs/control_msgs/msg/detail/interface_value__rosidl_typesupport_introspection_c.h
-- Up-to-date symlink: /home/psd/psd_ws/install/control_msgs/include/control_msgs/control_msgs/msg/detail/joint_component_tolerance__rosidl_typesupport_introspection_c.h
-- Up-to-date symlink: /home/psd/psd_ws/install/control_msgs/include/control_msgs/control_msgs/msg/detail/joint_controller_state__rosidl_typesupport_introspection_c.h
-- Up-to-date symlink: /home/psd/psd_ws/install/control_msgs/include/control_msgs/control_msgs/msg/detail/joint_jog__rosidl_typesupport_introspection_c.h
-- Up-to-date symlink: /home/psd/psd_ws/install/control_msgs/include/control_msgs/control_msgs/msg/detail/joint_tolerance__rosidl_typesupport_introspection_c.h
-- Up-to-date symlink: /home/psd/psd_ws/install/control_msgs/include/control_msgs/control_msgs/msg/detail/joint_trajectory_controller_state__rosidl_typesupport_introspection_c.h
-- Up-to-date symlink: /home/psd/psd_ws/install/control_msgs/include/control_msgs/control_msgs/msg/detail/mecanum_drive_controller_state__rosidl_typesupport_introspection_c.h
-- Up-to-date symlink: /home/psd/psd_ws/install/control_msgs/include/control_msgs/control_msgs/msg/detail/pid_state__rosidl_typesupport_introspection_c.h
-- Up-to-date symlink: /home/psd/psd_ws/install/control_msgs/include/control_msgs/control_msgs/msg/detail/steering_controller_status__rosidl_typesupport_introspection_c.h
-- Up-to-date symlink: /home/psd/psd_ws/install/control_msgs/include/control_msgs/control_msgs/msg/rosidl_typesupport_introspection_c__visibility_control.h
-- Up-to-date symlink: /home/psd/psd_ws/install/control_msgs/include/control_msgs/control_msgs/srv/detail/query_calibration_state__rosidl_typesupport_introspection_c.h
-- Up-to-date symlink: /home/psd/psd_ws/install/control_msgs/include/control_msgs/control_msgs/srv/detail/query_trajectory_state__rosidl_typesupport_introspection_c.h
-- Up-to-date symlink: /home/psd/psd_ws/install/control_msgs/include/control_msgs/control_msgs/action/detail/follow_joint_trajectory__rosidl_typesupport_introspection_cpp.hpp
-- Up-to-date symlink: /home/psd/psd_ws/install/control_msgs/include/control_msgs/control_msgs/action/detail/gripper_command__rosidl_typesupport_introspection_cpp.hpp
-- Up-to-date symlink: /home/psd/psd_ws/install/control_msgs/include/control_msgs/control_msgs/action/detail/joint_trajectory__rosidl_typesupport_introspection_cpp.hpp
-- Up-to-date symlink: /home/psd/psd_ws/install/control_msgs/include/control_msgs/control_msgs/action/detail/point_head__rosidl_typesupport_introspection_cpp.hpp
-- Up-to-date symlink: /home/psd/psd_ws/install/control_msgs/include/control_msgs/control_msgs/action/detail/single_joint_position__rosidl_typesupport_introspection_cpp.hpp
-- Up-to-date symlink: /home/psd/psd_ws/install/control_msgs/include/control_msgs/control_msgs/msg/detail/admittance_controller_state__rosidl_typesupport_introspection_cpp.hpp
-- Up-to-date symlink: /home/psd/psd_ws/install/control_msgs/include/control_msgs/control_msgs/msg/detail/dynamic_joint_state__rosidl_typesupport_introspection_cpp.hpp
-- Up-to-date symlink: /home/psd/psd_ws/install/control_msgs/include/control_msgs/control_msgs/msg/detail/gripper_command__rosidl_typesupport_introspection_cpp.hpp
-- Up-to-date symlink: /home/psd/psd_ws/install/control_msgs/include/control_msgs/control_msgs/msg/detail/interface_value__rosidl_typesupport_introspection_cpp.hpp
-- Up-to-date symlink: /home/psd/psd_ws/install/control_msgs/include/control_msgs/control_msgs/msg/detail/joint_component_tolerance__rosidl_typesupport_introspection_cpp.hpp
-- Up-to-date symlink: /home/psd/psd_ws/install/control_msgs/include/control_msgs/control_msgs/msg/detail/joint_controller_state__rosidl_typesupport_introspection_cpp.hpp
-- Up-to-date symlink: /home/psd/psd_ws/install/control_msgs/include/control_msgs/control_msgs/msg/detail/joint_jog__rosidl_typesupport_introspection_cpp.hpp
-- Up-to-date symlink: /home/psd/psd_ws/install/control_msgs/include/control_msgs/control_msgs/msg/detail/joint_tolerance__rosidl_typesupport_introspection_cpp.hpp
-- Up-to-date symlink: /home/psd/psd_ws/install/control_msgs/include/control_msgs/control_msgs/msg/detail/joint_trajectory_controller_state__rosidl_typesupport_introspection_cpp.hpp
-- Up-to-date symlink: /home/psd/psd_ws/install/control_msgs/include/control_msgs/control_msgs/msg/detail/mecanum_drive_controller_state__rosidl_typesupport_introspection_cpp.hpp
-- Up-to-date symlink: /home/psd/psd_ws/install/control_msgs/include/control_msgs/control_msgs/msg/detail/pid_state__rosidl_typesupport_introspection_cpp.hpp
-- Up-to-date symlink: /home/psd/psd_ws/install/control_msgs/include/control_msgs/control_msgs/msg/detail/steering_controller_status__rosidl_typesupport_introspection_cpp.hpp
-- Up-to-date symlink: /home/psd/psd_ws/install/control_msgs/include/control_msgs/control_msgs/srv/detail/query_calibration_state__rosidl_typesupport_introspection_cpp.hpp
-- Up-to-date symlink: /home/psd/psd_ws/install/control_msgs/include/control_msgs/control_msgs/srv/detail/query_trajectory_state__rosidl_typesupport_introspection_cpp.hpp
-- Up-to-date symlink: /home/psd/psd_ws/install/control_msgs/share/control_msgs/environment/pythonpath.sh
-- Up-to-date symlink: /home/psd/psd_ws/install/control_msgs/share/control_msgs/environment/pythonpath.dsv
-- Up-to-date symlink: /home/psd/psd_ws/install/control_msgs/local/lib/python3.10/dist-packages/control_msgs-4.4.0-py3.10.egg-info/PKG-INFO
-- Up-to-date symlink: /home/psd/psd_ws/install/control_msgs/local/lib/python3.10/dist-packages/control_msgs-4.4.0-py3.10.egg-info/SOURCES.txt
-- Up-to-date symlink: /home/psd/psd_ws/install/control_msgs/local/lib/python3.10/dist-packages/control_msgs-4.4.0-py3.10.egg-info/dependency_links.txt
-- Up-to-date symlink: /home/psd/psd_ws/install/control_msgs/local/lib/python3.10/dist-packages/control_msgs-4.4.0-py3.10.egg-info/top_level.txt
-- Up-to-date symlink: /home/psd/psd_ws/install/control_msgs/local/lib/python3.10/dist-packages/control_msgs/__init__.py
-- Up-to-date symlink: /home/psd/psd_ws/install/control_msgs/local/lib/python3.10/dist-packages/control_msgs/_control_msgs_s.ep.rosidl_typesupport_c.c
-- Up-to-date symlink: /home/psd/psd_ws/install/control_msgs/local/lib/python3.10/dist-packages/control_msgs/_control_msgs_s.ep.rosidl_typesupport_fastrtps_c.c
-- Up-to-date symlink: /home/psd/psd_ws/install/control_msgs/local/lib/python3.10/dist-packages/control_msgs/_control_msgs_s.ep.rosidl_typesupport_introspection_c.c
-- Up-to-date symlink: /home/psd/psd_ws/install/control_msgs/local/lib/python3.10/dist-packages/control_msgs/action/__init__.py
-- Up-to-date symlink: /home/psd/psd_ws/install/control_msgs/local/lib/python3.10/dist-packages/control_msgs/action/_follow_joint_trajectory.py
-- Up-to-date symlink: /home/psd/psd_ws/install/control_msgs/local/lib/python3.10/dist-packages/control_msgs/action/_follow_joint_trajectory_s.c
-- Up-to-date symlink: /home/psd/psd_ws/install/control_msgs/local/lib/python3.10/dist-packages/control_msgs/action/_gripper_command.py
-- Up-to-date symlink: /home/psd/psd_ws/install/control_msgs/local/lib/python3.10/dist-packages/control_msgs/action/_gripper_command_s.c
-- Up-to-date symlink: /home/psd/psd_ws/install/control_msgs/local/lib/python3.10/dist-packages/control_msgs/action/_joint_trajectory.py
-- Up-to-date symlink: /home/psd/psd_ws/install/control_msgs/local/lib/python3.10/dist-packages/control_msgs/action/_joint_trajectory_s.c
-- Up-to-date symlink: /home/psd/psd_ws/install/control_msgs/local/lib/python3.10/dist-packages/control_msgs/action/_point_head.py
-- Up-to-date symlink: /home/psd/psd_ws/install/control_msgs/local/lib/python3.10/dist-packages/control_msgs/action/_point_head_s.c
-- Up-to-date symlink: /home/psd/psd_ws/install/control_msgs/local/lib/python3.10/dist-packages/control_msgs/action/_single_joint_position.py
-- Up-to-date symlink: /home/psd/psd_ws/install/control_msgs/local/lib/python3.10/dist-packages/control_msgs/action/_single_joint_position_s.c
-- Up-to-date symlink: /home/psd/psd_ws/install/control_msgs/local/lib/python3.10/dist-packages/control_msgs/control_msgs_s__rosidl_typesupport_c.cpython-310-x86_64-linux-gnu.so
-- Up-to-date symlink: /home/psd/psd_ws/install/control_msgs/local/lib/python3.10/dist-packages/control_msgs/control_msgs_s__rosidl_typesupport_fastrtps_c.cpython-310-x86_64-linux-gnu.so
-- Up-to-date symlink: /home/psd/psd_ws/install/control_msgs/local/lib/python3.10/dist-packages/control_msgs/control_msgs_s__rosidl_typesupport_introspection_c.cpython-310-x86_64-linux-gnu.so
-- Up-to-date symlink: /home/psd/psd_ws/install/control_msgs/local/lib/python3.10/dist-packages/control_msgs/libcontrol_msgs__rosidl_generator_py.so
-- Up-to-date symlink: /home/psd/psd_ws/install/control_msgs/local/lib/python3.10/dist-packages/control_msgs/msg/__init__.py
-- Up-to-date symlink: /home/psd/psd_ws/install/control_msgs/local/lib/python3.10/dist-packages/control_msgs/msg/_admittance_controller_state.py
-- Up-to-date symlink: /home/psd/psd_ws/install/control_msgs/local/lib/python3.10/dist-packages/control_msgs/msg/_admittance_controller_state_s.c
-- Up-to-date symlink: /home/psd/psd_ws/install/control_msgs/local/lib/python3.10/dist-packages/control_msgs/msg/_dynamic_joint_state.py
-- Up-to-date symlink: /home/psd/psd_ws/install/control_msgs/local/lib/python3.10/dist-packages/control_msgs/msg/_dynamic_joint_state_s.c
-- Up-to-date symlink: /home/psd/psd_ws/install/control_msgs/local/lib/python3.10/dist-packages/control_msgs/msg/_gripper_command.py
-- Up-to-date symlink: /home/psd/psd_ws/install/control_msgs/local/lib/python3.10/dist-packages/control_msgs/msg/_gripper_command_s.c
-- Up-to-date symlink: /home/psd/psd_ws/install/control_msgs/local/lib/python3.10/dist-packages/control_msgs/msg/_interface_value.py
-- Up-to-date symlink: /home/psd/psd_ws/install/control_msgs/local/lib/python3.10/dist-packages/control_msgs/msg/_interface_value_s.c
-- Up-to-date symlink: /home/psd/psd_ws/install/control_msgs/local/lib/python3.10/dist-packages/control_msgs/msg/_joint_component_tolerance.py
-- Up-to-date symlink: /home/psd/psd_ws/install/control_msgs/local/lib/python3.10/dist-packages/control_msgs/msg/_joint_component_tolerance_s.c
-- Up-to-date symlink: /home/psd/psd_ws/install/control_msgs/local/lib/python3.10/dist-packages/control_msgs/msg/_joint_controller_state.py
-- Up-to-date symlink: /home/psd/psd_ws/install/control_msgs/local/lib/python3.10/dist-packages/control_msgs/msg/_joint_controller_state_s.c
-- Up-to-date symlink: /home/psd/psd_ws/install/control_msgs/local/lib/python3.10/dist-packages/control_msgs/msg/_joint_jog.py
-- Up-to-date symlink: /home/psd/psd_ws/install/control_msgs/local/lib/python3.10/dist-packages/control_msgs/msg/_joint_jog_s.c
-- Up-to-date symlink: /home/psd/psd_ws/install/control_msgs/local/lib/python3.10/dist-packages/control_msgs/msg/_joint_tolerance.py
-- Up-to-date symlink: /home/psd/psd_ws/install/control_msgs/local/lib/python3.10/dist-packages/control_msgs/msg/_joint_tolerance_s.c
-- Up-to-date symlink: /home/psd/psd_ws/install/control_msgs/local/lib/python3.10/dist-packages/control_msgs/msg/_joint_trajectory_controller_state.py
-- Up-to-date symlink: /home/psd/psd_ws/install/control_msgs/local/lib/python3.10/dist-packages/control_msgs/msg/_joint_trajectory_controller_state_s.c
-- Up-to-date symlink: /home/psd/psd_ws/install/control_msgs/local/lib/python3.10/dist-packages/control_msgs/msg/_mecanum_drive_controller_state.py
-- Up-to-date symlink: /home/psd/psd_ws/install/control_msgs/local/lib/python3.10/dist-packages/control_msgs/msg/_mecanum_drive_controller_state_s.c
-- Up-to-date symlink: /home/psd/psd_ws/install/control_msgs/local/lib/python3.10/dist-packages/control_msgs/msg/_pid_state.py
-- Up-to-date symlink: /home/psd/psd_ws/install/control_msgs/local/lib/python3.10/dist-packages/control_msgs/msg/_pid_state_s.c
-- Up-to-date symlink: /home/psd/psd_ws/install/control_msgs/local/lib/python3.10/dist-packages/control_msgs/msg/_steering_controller_status.py
-- Up-to-date symlink: /home/psd/psd_ws/install/control_msgs/local/lib/python3.10/dist-packages/control_msgs/msg/_steering_controller_status_s.c
-- Up-to-date symlink: /home/psd/psd_ws/install/control_msgs/local/lib/python3.10/dist-packages/control_msgs/srv/__init__.py
-- Up-to-date symlink: /home/psd/psd_ws/install/control_msgs/local/lib/python3.10/dist-packages/control_msgs/srv/_query_calibration_state.py
-- Up-to-date symlink: /home/psd/psd_ws/install/control_msgs/local/lib/python3.10/dist-packages/control_msgs/srv/_query_calibration_state_s.c
-- Up-to-date symlink: /home/psd/psd_ws/install/control_msgs/local/lib/python3.10/dist-packages/control_msgs/srv/_query_trajectory_state.py
-- Up-to-date symlink: /home/psd/psd_ws/install/control_msgs/local/lib/python3.10/dist-packages/control_msgs/srv/_query_trajectory_state_s.c
-- Up-to-date symlink: /home/psd/psd_ws/install/control_msgs/local/lib/python3.10/dist-packages/control_msgs/control_msgs_s__rosidl_typesupport_fastrtps_c.cpython-310-x86_64-linux-gnu.so
-- Up-to-date symlink: /home/psd/psd_ws/install/control_msgs/local/lib/python3.10/dist-packages/control_msgs/control_msgs_s__rosidl_typesupport_introspection_c.cpython-310-x86_64-linux-gnu.so
-- Up-to-date symlink: /home/psd/psd_ws/install/control_msgs/local/lib/python3.10/dist-packages/control_msgs/control_msgs_s__rosidl_typesupport_c.cpython-310-x86_64-linux-gnu.so
-- Up-to-date symlink: /home/psd/psd_ws/install/control_msgs/share/control_msgs/action/FollowJointTrajectory.idl
-- Up-to-date symlink: /home/psd/psd_ws/install/control_msgs/share/control_msgs/action/GripperCommand.idl
-- Up-to-date symlink: /home/psd/psd_ws/install/control_msgs/share/control_msgs/action/JointTrajectory.idl
-- Up-to-date symlink: /home/psd/psd_ws/install/control_msgs/share/control_msgs/action/PointHead.idl
-- Up-to-date symlink: /home/psd/psd_ws/install/control_msgs/share/control_msgs/action/SingleJointPosition.idl
-- Up-to-date symlink: /home/psd/psd_ws/install/control_msgs/share/control_msgs/msg/AdmittanceControllerState.idl
-- Up-to-date symlink: /home/psd/psd_ws/install/control_msgs/share/control_msgs/msg/DynamicJointState.idl
-- Up-to-date symlink: /home/psd/psd_ws/install/control_msgs/share/control_msgs/msg/GripperCommand.idl
-- Up-to-date symlink: /home/psd/psd_ws/install/control_msgs/share/control_msgs/msg/InterfaceValue.idl
-- Up-to-date symlink: /home/psd/psd_ws/install/control_msgs/share/control_msgs/msg/JointComponentTolerance.idl
-- Up-to-date symlink: /home/psd/psd_ws/install/control_msgs/share/control_msgs/msg/JointControllerState.idl
-- Up-to-date symlink: /home/psd/psd_ws/install/control_msgs/share/control_msgs/msg/JointJog.idl
-- Up-to-date symlink: /home/psd/psd_ws/install/control_msgs/share/control_msgs/msg/JointTolerance.idl
-- Up-to-date symlink: /home/psd/psd_ws/install/control_msgs/share/control_msgs/msg/JointTrajectoryControllerState.idl
-- Up-to-date symlink: /home/psd/psd_ws/install/control_msgs/share/control_msgs/msg/MecanumDriveControllerState.idl
-- Up-to-date symlink: /home/psd/psd_ws/install/control_msgs/share/control_msgs/msg/PidState.idl
-- Up-to-date symlink: /home/psd/psd_ws/install/control_msgs/share/control_msgs/msg/SteeringControllerStatus.idl
-- Up-to-date symlink: /home/psd/psd_ws/install/control_msgs/share/control_msgs/srv/QueryCalibrationState.idl
-- Up-to-date symlink: /home/psd/psd_ws/install/control_msgs/share/control_msgs/srv/QueryTrajectoryState.idl
-- Up-to-date symlink: /home/psd/psd_ws/install/control_msgs/share/control_msgs/action/FollowJointTrajectory.action
-- Up-to-date symlink: /home/psd/psd_ws/install/control_msgs/share/control_msgs/action/GripperCommand.action
-- Up-to-date symlink: /home/psd/psd_ws/install/control_msgs/share/control_msgs/action/JointTrajectory.action
-- Up-to-date symlink: /home/psd/psd_ws/install/control_msgs/share/control_msgs/action/PointHead.action
-- Up-to-date symlink: /home/psd/psd_ws/install/control_msgs/share/control_msgs/action/SingleJointPosition.action
-- Up-to-date symlink: /home/psd/psd_ws/install/control_msgs/share/control_msgs/msg/AdmittanceControllerState.msg
-- Up-to-date symlink: /home/psd/psd_ws/install/control_msgs/share/control_msgs/msg/DynamicJointState.msg
-- Up-to-date symlink: /home/psd/psd_ws/install/control_msgs/share/control_msgs/msg/GripperCommand.msg
-- Up-to-date symlink: /home/psd/psd_ws/install/control_msgs/share/control_msgs/msg/InterfaceValue.msg
-- Up-to-date symlink: /home/psd/psd_ws/install/control_msgs/share/control_msgs/msg/JointComponentTolerance.msg
-- Up-to-date symlink: /home/psd/psd_ws/install/control_msgs/share/control_msgs/msg/JointControllerState.msg
-- Up-to-date symlink: /home/psd/psd_ws/install/control_msgs/share/control_msgs/msg/JointJog.msg
-- Up-to-date symlink: /home/psd/psd_ws/install/control_msgs/share/control_msgs/msg/JointTolerance.msg
-- Up-to-date symlink: /home/psd/psd_ws/install/control_msgs/share/control_msgs/msg/JointTrajectoryControllerState.msg
-- Up-to-date symlink: /home/psd/psd_ws/install/control_msgs/share/control_msgs/msg/MecanumDriveControllerState.msg
-- Up-to-date symlink: /home/psd/psd_ws/install/control_msgs/share/control_msgs/msg/PidState.msg
-- Up-to-date symlink: /home/psd/psd_ws/install/control_msgs/share/control_msgs/msg/SteeringControllerStatus.msg
-- Up-to-date symlink: /home/psd/psd_ws/install/control_msgs/share/control_msgs/srv/QueryCalibrationState.srv
-- Up-to-date symlink: /home/psd/psd_ws/install/control_msgs/share/control_msgs/srv/QueryCalibrationState_Request.msg
-- Up-to-date symlink: /home/psd/psd_ws/install/control_msgs/share/control_msgs/srv/QueryCalibrationState_Response.msg
-- Up-to-date symlink: /home/psd/psd_ws/install/control_msgs/share/control_msgs/srv/QueryTrajectoryState.srv
-- Up-to-date symlink: /home/psd/psd_ws/install/control_msgs/share/control_msgs/srv/QueryTrajectoryState_Request.msg
-- Up-to-date symlink: /home/psd/psd_ws/install/control_msgs/share/control_msgs/srv/QueryTrajectoryState_Response.msg
-- Up-to-date symlink: /home/psd/psd_ws/install/control_msgs/share/ament_index/resource_index/package_run_dependencies/control_msgs
-- Up-to-date symlink: /home/psd/psd_ws/install/control_msgs/share/ament_index/resource_index/parent_prefix_path/control_msgs
-- Up-to-date symlink: /home/psd/psd_ws/install/control_msgs/share/control_msgs/environment/ament_prefix_path.sh
-- Up-to-date symlink: /home/psd/psd_ws/install/control_msgs/share/control_msgs/environment/ament_prefix_path.dsv
-- Up-to-date symlink: /home/psd/psd_ws/install/control_msgs/share/control_msgs/environment/path.sh
-- Up-to-date symlink: /home/psd/psd_ws/install/control_msgs/share/control_msgs/environment/path.dsv
-- Up-to-date symlink: /home/psd/psd_ws/install/control_msgs/share/control_msgs/local_setup.bash
-- Up-to-date symlink: /home/psd/psd_ws/install/control_msgs/share/control_msgs/local_setup.sh
-- Up-to-date symlink: /home/psd/psd_ws/install/control_msgs/share/control_msgs/local_setup.zsh
-- Up-to-date symlink: /home/psd/psd_ws/install/control_msgs/share/control_msgs/local_setup.dsv
-- Symlinking: /home/psd/psd_ws/install/control_msgs/share/control_msgs/package.dsv
-- Up-to-date symlink: /home/psd/psd_ws/install/control_msgs/share/ament_index/resource_index/packages/control_msgs
-- Up-to-date symlink: /home/psd/psd_ws/install/control_msgs/share/control_msgs/cmake/rosidl_cmake-extras.cmake
-- Up-to-date symlink: /home/psd/psd_ws/install/control_msgs/share/control_msgs/cmake/ament_cmake_export_dependencies-extras.cmake
-- Up-to-date symlink: /home/psd/psd_ws/install/control_msgs/share/control_msgs/cmake/ament_cmake_export_include_directories-extras.cmake
-- Up-to-date symlink: /home/psd/psd_ws/install/control_msgs/share/control_msgs/cmake/ament_cmake_export_libraries-extras.cmake
-- Up-to-date symlink: /home/psd/psd_ws/install/control_msgs/share/control_msgs/cmake/ament_cmake_export_targets-extras.cmake
-- Up-to-date symlink: /home/psd/psd_ws/install/control_msgs/share/control_msgs/cmake/rosidl_cmake_export_typesupport_targets-extras.cmake
-- Up-to-date symlink: /home/psd/psd_ws/install/control_msgs/share/control_msgs/cmake/rosidl_cmake_export_typesupport_libraries-extras.cmake
-- Up-to-date symlink: /home/psd/psd_ws/install/control_msgs/share/control_msgs/cmake/control_msgsConfig.cmake
-- Up-to-date symlink: /home/psd/psd_ws/install/control_msgs/share/control_msgs/cmake/control_msgsConfig-version.cmake
-- Up-to-date symlink: /home/psd/psd_ws/install/control_msgs/share/control_msgs/package.xml
-- Installing: /home/psd/psd_ws/install/control_msgs/lib/libcontrol_msgs__rosidl_generator_c.so
-- Set runtime path of "/home/psd/psd_ws/install/control_msgs/lib/libcontrol_msgs__rosidl_generator_c.so" to ""
-- Installing: /home/psd/psd_ws/install/control_msgs/lib/libcontrol_msgs__rosidl_typesupport_fastrtps_c.so
-- Set runtime path of "/home/psd/psd_ws/install/control_msgs/lib/libcontrol_msgs__rosidl_typesupport_fastrtps_c.so" to ""
-- Installing: /home/psd/psd_ws/install/control_msgs/lib/libcontrol_msgs__rosidl_typesupport_fastrtps_cpp.so
-- Set runtime path of "/home/psd/psd_ws/install/control_msgs/lib/libcontrol_msgs__rosidl_typesupport_fastrtps_cpp.so" to ""
-- Installing: /home/psd/psd_ws/install/control_msgs/lib/libcontrol_msgs__rosidl_typesupport_introspection_c.so
-- Set runtime path of "/home/psd/psd_ws/install/control_msgs/lib/libcontrol_msgs__rosidl_typesupport_introspection_c.so" to ""
-- Installing: /home/psd/psd_ws/install/control_msgs/lib/libcontrol_msgs__rosidl_typesupport_c.so
-- Set runtime path of "/home/psd/psd_ws/install/control_msgs/lib/libcontrol_msgs__rosidl_typesupport_c.so" to ""
-- Installing: /home/psd/psd_ws/install/control_msgs/lib/libcontrol_msgs__rosidl_typesupport_introspection_cpp.so
-- Set runtime path of "/home/psd/psd_ws/install/control_msgs/lib/libcontrol_msgs__rosidl_typesupport_introspection_cpp.so" to ""
-- Installing: /home/psd/psd_ws/install/control_msgs/lib/libcontrol_msgs__rosidl_typesupport_cpp.so
-- Set runtime path of "/home/psd/psd_ws/install/control_msgs/lib/libcontrol_msgs__rosidl_typesupport_cpp.so" to ""
Listing '/home/psd/psd_ws/install/control_msgs/local/lib/python3.10/dist-packages/control_msgs'...
Compiling '/home/psd/psd_ws/install/control_msgs/local/lib/python3.10/dist-packages/control_msgs/__init__.py'...
Listing '/home/psd/psd_ws/install/control_msgs/local/lib/python3.10/dist-packages/control_msgs/action'...
Listing '/home/psd/psd_ws/install/control_msgs/local/lib/python3.10/dist-packages/control_msgs/msg'...
Listing '/home/psd/psd_ws/install/control_msgs/local/lib/python3.10/dist-packages/control_msgs/srv'...
-- Installing: /home/psd/psd_ws/install/control_msgs/lib/libcontrol_msgs__rosidl_generator_py.so
-- Set runtime path of "/home/psd/psd_ws/install/control_msgs/lib/libcontrol_msgs__rosidl_generator_py.so" to ""
-- Up-to-date: /home/psd/psd_ws/install/control_msgs/share/control_msgs/cmake/export_control_msgs__rosidl_generator_cExport.cmake
-- Up-to-date: /home/psd/psd_ws/install/control_msgs/share/control_msgs/cmake/export_control_msgs__rosidl_generator_cExport-noconfig.cmake
-- Up-to-date: /home/psd/psd_ws/install/control_msgs/share/control_msgs/cmake/export_control_msgs__rosidl_typesupport_fastrtps_cExport.cmake
-- Up-to-date: /home/psd/psd_ws/install/control_msgs/share/control_msgs/cmake/export_control_msgs__rosidl_typesupport_fastrtps_cExport-noconfig.cmake
-- Up-to-date: /home/psd/psd_ws/install/control_msgs/share/control_msgs/cmake/export_control_msgs__rosidl_generator_cppExport.cmake
-- Up-to-date: /home/psd/psd_ws/install/control_msgs/share/control_msgs/cmake/export_control_msgs__rosidl_typesupport_fastrtps_cppExport.cmake
-- Up-to-date: /home/psd/psd_ws/install/control_msgs/share/control_msgs/cmake/export_control_msgs__rosidl_typesupport_fastrtps_cppExport-noconfig.cmake
-- Up-to-date: /home/psd/psd_ws/install/control_msgs/share/control_msgs/cmake/control_msgs__rosidl_typesupport_introspection_cExport.cmake
-- Up-to-date: /home/psd/psd_ws/install/control_msgs/share/control_msgs/cmake/control_msgs__rosidl_typesupport_introspection_cExport-noconfig.cmake
-- Up-to-date: /home/psd/psd_ws/install/control_msgs/share/control_msgs/cmake/control_msgs__rosidl_typesupport_cExport.cmake
-- Up-to-date: /home/psd/psd_ws/install/control_msgs/share/control_msgs/cmake/control_msgs__rosidl_typesupport_cExport-noconfig.cmake
-- Up-to-date: /home/psd/psd_ws/install/control_msgs/share/control_msgs/cmake/control_msgs__rosidl_typesupport_introspection_cppExport.cmake
-- Up-to-date: /home/psd/psd_ws/install/control_msgs/share/control_msgs/cmake/control_msgs__rosidl_typesupport_introspection_cppExport-noconfig.cmake
-- Up-to-date: /home/psd/psd_ws/install/control_msgs/share/control_msgs/cmake/control_msgs__rosidl_typesupport_cppExport.cmake
-- Up-to-date: /home/psd/psd_ws/install/control_msgs/share/control_msgs/cmake/control_msgs__rosidl_typesupport_cppExport-noconfig.cmake
-- Up-to-date: /home/psd/psd_ws/install/control_msgs/share/control_msgs/cmake/export_control_msgs__rosidl_generator_pyExport.cmake
-- Up-to-date: /home/psd/psd_ws/install/control_msgs/share/control_msgs/cmake/export_control_msgs__rosidl_generator_pyExport-noconfig.cmake
