[0.150s] Invoking command in '/home/psd/psd_ws/build/joint_limits': CMAKE_PREFIX_PATH=/opt/ros/humble /usr/bin/cmake /home/psd/psd_ws/src/ros-controls/ros2_control/joint_limits -DAMENT_CMAKE_SYMLINK_INSTALL=1 -DCMAKE_INSTALL_PREFIX=/home/psd/psd_ws/install/joint_limits
[0.188s] -- The C compiler identification is GNU 11.4.0
[0.228s] -- The CXX compiler identification is GNU 11.4.0
[0.234s] -- Detecting C compiler ABI info
[0.278s] -- Detecting C compiler ABI info - done
[0.285s] -- Check for working C compiler: /usr/bin/cc - skipped
[0.285s] -- Detecting C compile features
[0.286s] -- Detecting C compile features - done
[0.289s] -- Detecting CXX compiler ABI info
[0.339s] -- Detecting CXX compiler ABI info - done
[0.346s] -- Check for working CXX compiler: /usr/bin/c++ - skipped
[0.347s] -- Detecting CXX compile features
[0.347s] -- Detecting CXX compile features - done
[0.350s] -- Found ament_cmake: 1.3.8 (/opt/ros/humble/share/ament_cmake/cmake)
[0.466s] -- Found Python3: /usr/bin/python3 (found version "3.10.12") found components: Interpreter 
[0.508s] -- Override CMake install command with custom implementation using symlinks instead of copying resources
[0.538s] -- Found rclcpp: 16.0.8 (/opt/ros/humble/share/rclcpp/cmake)
[0.575s] -- Found rosidl_generator_c: 3.1.5 (/opt/ros/humble/share/rosidl_generator_c/cmake)
[0.579s] -- Found rosidl_adapter: 3.1.5 (/opt/ros/humble/share/rosidl_adapter/cmake)
[0.586s] -- Found rosidl_generator_cpp: 3.1.5 (/opt/ros/humble/share/rosidl_generator_cpp/cmake)
[0.598s] -- Using all available rosidl_typesupport_c: rosidl_typesupport_fastrtps_c;rosidl_typesupport_introspection_c
[0.612s] -- Using all available rosidl_typesupport_cpp: rosidl_typesupport_fastrtps_cpp;rosidl_typesupport_introspection_cpp
[0.661s] -- Found rmw_implementation_cmake: 6.1.1 (/opt/ros/humble/share/rmw_implementation_cmake/cmake)
[0.663s] -- Found rmw_fastrtps_cpp: 6.2.6 (/opt/ros/humble/share/rmw_fastrtps_cpp/cmake)
[0.730s] -- Found OpenSSL: /usr/lib/x86_64-linux-gnu/libcrypto.so (found version "3.0.2")  
[0.758s] -- Found FastRTPS: /opt/ros/humble/include  
[0.801s] -- Using RMW implementation 'rmw_fastrtps_cpp' as default
[0.809s] -- Looking for pthread.h
[0.854s] -- Looking for pthread.h - found
[0.855s] -- Performing Test CMAKE_HAVE_LIBC_PTHREAD
[0.897s] -- Performing Test CMAKE_HAVE_LIBC_PTHREAD - Success
[0.898s] -- Found Threads: TRUE  
[1.005s] -- Found rclcpp_lifecycle: 16.0.8 (/opt/ros/humble/share/rclcpp_lifecycle/cmake)
[1.032s] -- Found ament_cmake_gtest: 1.3.8 (/opt/ros/humble/share/ament_cmake_gtest/cmake)
[1.034s] -- Found launch_testing_ament_cmake: 1.0.5 (/opt/ros/humble/share/launch_testing_ament_cmake/cmake)
[1.036s] -- Found python_cmake_module: 0.10.0 (/opt/ros/humble/share/python_cmake_module/cmake)
[1.050s] -- Found PythonInterp: /usr/bin/python3 (found suitable version "3.10.12", minimum required is "3.6") 
[1.055s] -- Found PythonLibs: /usr/lib/x86_64-linux-gnu/libpython3.10.so (found suitable version "3.10.12", minimum required is "3.5") 
[1.055s] -- Using PYTHON_EXECUTABLE: /usr/bin/python3
[1.055s] -- Using PYTHON_INCLUDE_DIRS: /usr/include/python3.10
[1.055s] -- Using PYTHON_LIBRARIES: /usr/lib/x86_64-linux-gnu/libpython3.10.so
[1.069s] -- Found PythonExtra: .so  
[1.072s] -- Found gtest sources under '/opt/ros/humble/src/gtest_vendor': C++ tests using 'Google Test' will be built
[1.120s] -- Configuring done
[1.127s] -- Generating done
[1.128s] -- Build files have been written to: /home/psd/psd_ws/build/joint_limits
[1.135s] Invoked command in '/home/psd/psd_ws/build/joint_limits' returned '0': CMAKE_PREFIX_PATH=/opt/ros/humble /usr/bin/cmake /home/psd/psd_ws/src/ros-controls/ros2_control/joint_limits -DAMENT_CMAKE_SYMLINK_INSTALL=1 -DCMAKE_INSTALL_PREFIX=/home/psd/psd_ws/install/joint_limits
[1.136s] Invoking command in '/home/psd/psd_ws/build/joint_limits': CMAKE_PREFIX_PATH=/opt/ros/humble /usr/bin/cmake --build /home/psd/psd_ws/build/joint_limits -- -j20 -l20
[1.164s] [ 33%] [32mBuilding CXX object gtest/CMakeFiles/gtest.dir/src/gtest-all.cc.o[0m
[1.164s] [ 33%] [32mBuilding CXX object gtest/CMakeFiles/gtest_main.dir/src/gtest_main.cc.o[0m
[1.762s] [ 50%] [32m[1mLinking CXX static library libgtest_main.a[0m
[1.792s] [ 50%] Built target gtest_main
[3.697s] [ 66%] [32m[1mLinking CXX static library libgtest.a[0m
[3.826s] [ 66%] Built target gtest
[3.896s] [ 83%] [32mBuilding CXX object CMakeFiles/joint_limits_rosparam_test.dir/test/joint_limits_rosparam_test.cpp.o[0m
[8.423s] [100%] [32m[1mLinking CXX executable joint_limits_rosparam_test[0m
[8.728s] [100%] Built target joint_limits_rosparam_test
[8.780s] Invoked command in '/home/psd/psd_ws/build/joint_limits' returned '0': CMAKE_PREFIX_PATH=/opt/ros/humble /usr/bin/cmake --build /home/psd/psd_ws/build/joint_limits -- -j20 -l20
[8.943s] Invoking command in '/home/psd/psd_ws/build/joint_limits': CMAKE_PREFIX_PATH=/opt/ros/humble /usr/bin/cmake --install /home/psd/psd_ws/build/joint_limits
[8.953s] -- Install configuration: ""
[8.953s] -- Execute custom install script
[8.953s] -- Symlinking: /home/psd/psd_ws/install/joint_limits/include/joint_limits/joint_limits.hpp
[8.962s] -- Symlinking: /home/psd/psd_ws/install/joint_limits/include/joint_limits/joint_limits_rosparam.hpp
[8.985s] -- Symlinking: /home/psd/psd_ws/install/joint_limits/lib/joint_limits/joint_limits_rosparam_test
[8.996s] -- Symlinking: /home/psd/psd_ws/install/joint_limits/share/joint_limits/test/joint_limits_rosparam.yaml
[9.014s] -- Symlinking: /home/psd/psd_ws/install/joint_limits/share/ament_index/resource_index/package_run_dependencies/joint_limits
[9.036s] -- Symlinking: /home/psd/psd_ws/install/joint_limits/share/ament_index/resource_index/parent_prefix_path/joint_limits
[9.061s] -- Symlinking: /home/psd/psd_ws/install/joint_limits/share/joint_limits/environment/ament_prefix_path.sh
[9.093s] -- Symlinking: /home/psd/psd_ws/install/joint_limits/share/joint_limits/environment/ament_prefix_path.dsv
[9.118s] -- Symlinking: /home/psd/psd_ws/install/joint_limits/share/joint_limits/environment/path.sh
[9.142s] -- Symlinking: /home/psd/psd_ws/install/joint_limits/share/joint_limits/environment/path.dsv
[9.155s] -- Symlinking: /home/psd/psd_ws/install/joint_limits/share/joint_limits/local_setup.bash
[9.189s] -- Symlinking: /home/psd/psd_ws/install/joint_limits/share/joint_limits/local_setup.sh
[9.222s] -- Symlinking: /home/psd/psd_ws/install/joint_limits/share/joint_limits/local_setup.zsh
[9.266s] -- Symlinking: /home/psd/psd_ws/install/joint_limits/share/joint_limits/local_setup.dsv
[9.294s] -- Symlinking: /home/psd/psd_ws/install/joint_limits/share/joint_limits/package.dsv
[9.336s] -- Symlinking: /home/psd/psd_ws/install/joint_limits/share/ament_index/resource_index/packages/joint_limits
[9.359s] -- Symlinking: /home/psd/psd_ws/install/joint_limits/share/joint_limits/cmake/ament_cmake_export_dependencies-extras.cmake
[9.394s] -- Symlinking: /home/psd/psd_ws/install/joint_limits/share/joint_limits/cmake/ament_cmake_export_include_directories-extras.cmake
[9.420s] -- Symlinking: /home/psd/psd_ws/install/joint_limits/share/joint_limits/cmake/joint_limitsConfig.cmake
[9.447s] -- Symlinking: /home/psd/psd_ws/install/joint_limits/share/joint_limits/cmake/joint_limitsConfig-version.cmake
[9.482s] -- Symlinking: /home/psd/psd_ws/install/joint_limits/share/joint_limits/package.xml
[9.520s] Invoked command in '/home/psd/psd_ws/build/joint_limits' returned '0': CMAKE_PREFIX_PATH=/opt/ros/humble /usr/bin/cmake --install /home/psd/psd_ws/build/joint_limits
