[  5%] Built target multi_interface_forward_command_controller_parameters
[ 10%] Built target forward_command_controller_parameters
[ 26%] Built target gmock
[ 36%] Built target gmock_main
[ 57%] Built target forward_command_controller
[ 78%] Built target test_load_forward_command_controller
[ 78%] Built target test_forward_command_controller
[ 89%] Built target test_multi_interface_forward_command_controller
[100%] Built target test_load_multi_interface_forward_command_controller
-- Install configuration: ""
-- Up-to-date: /home/psd/psd_ws/install/forward_command_controller/include/forward_command_controller_parameters
-- Up-to-date: /home/psd/psd_ws/install/forward_command_controller/include/forward_command_controller_parameters/forward_command_controller_parameters.hpp
-- Up-to-date: /home/psd/psd_ws/install/forward_command_controller/include/multi_interface_forward_command_controller_parameters
-- Up-to-date: /home/psd/psd_ws/install/forward_command_controller/include/multi_interface_forward_command_controller_parameters/multi_interface_forward_command_controller_parameters.hpp
-- Up-to-date: /home/psd/psd_ws/install/forward_command_controller/share/forward_command_controller/forward_command_plugin.xml
-- Up-to-date: /home/psd/psd_ws/install/forward_command_controller/include/forward_command_controller
-- Up-to-date: /home/psd/psd_ws/install/forward_command_controller/include/forward_command_controller/forward_command_controller
-- Up-to-date: /home/psd/psd_ws/install/forward_command_controller/include/forward_command_controller/forward_command_controller/forward_command_controller.hpp
-- Up-to-date: /home/psd/psd_ws/install/forward_command_controller/include/forward_command_controller/forward_command_controller/multi_interface_forward_command_controller.hpp
-- Up-to-date: /home/psd/psd_ws/install/forward_command_controller/include/forward_command_controller/forward_command_controller/visibility_control.h
-- Up-to-date: /home/psd/psd_ws/install/forward_command_controller/include/forward_command_controller/forward_command_controller/forward_controllers_base.hpp
-- Up-to-date: /home/psd/psd_ws/install/forward_command_controller/lib/libforward_command_controller.so
-- Up-to-date: /home/psd/psd_ws/install/forward_command_controller/share/forward_command_controller/environment/library_path.sh
-- Up-to-date: /home/psd/psd_ws/install/forward_command_controller/share/forward_command_controller/environment/library_path.dsv
-- Up-to-date: /home/psd/psd_ws/install/forward_command_controller/share/ament_index/resource_index/package_run_dependencies/forward_command_controller
-- Up-to-date: /home/psd/psd_ws/install/forward_command_controller/share/ament_index/resource_index/parent_prefix_path/forward_command_controller
-- Up-to-date: /home/psd/psd_ws/install/forward_command_controller/share/forward_command_controller/environment/ament_prefix_path.sh
-- Up-to-date: /home/psd/psd_ws/install/forward_command_controller/share/forward_command_controller/environment/ament_prefix_path.dsv
-- Up-to-date: /home/psd/psd_ws/install/forward_command_controller/share/forward_command_controller/environment/path.sh
-- Up-to-date: /home/psd/psd_ws/install/forward_command_controller/share/forward_command_controller/environment/path.dsv
-- Up-to-date: /home/psd/psd_ws/install/forward_command_controller/share/forward_command_controller/local_setup.bash
-- Up-to-date: /home/psd/psd_ws/install/forward_command_controller/share/forward_command_controller/local_setup.sh
-- Up-to-date: /home/psd/psd_ws/install/forward_command_controller/share/forward_command_controller/local_setup.zsh
-- Up-to-date: /home/psd/psd_ws/install/forward_command_controller/share/forward_command_controller/local_setup.dsv
-- Installing: /home/psd/psd_ws/install/forward_command_controller/share/forward_command_controller/package.dsv
-- Up-to-date: /home/psd/psd_ws/install/forward_command_controller/share/ament_index/resource_index/packages/forward_command_controller
-- Up-to-date: /home/psd/psd_ws/install/forward_command_controller/share/ament_index/resource_index/controller_interface__pluginlib__plugin/forward_command_controller
-- Up-to-date: /home/psd/psd_ws/install/forward_command_controller/share/forward_command_controller/cmake/export_forward_command_controllerExport.cmake
-- Up-to-date: /home/psd/psd_ws/install/forward_command_controller/share/forward_command_controller/cmake/export_forward_command_controllerExport-noconfig.cmake
-- Up-to-date: /home/psd/psd_ws/install/forward_command_controller/share/forward_command_controller/cmake/ament_cmake_export_targets-extras.cmake
-- Up-to-date: /home/psd/psd_ws/install/forward_command_controller/share/forward_command_controller/cmake/ament_cmake_export_dependencies-extras.cmake
-- Up-to-date: /home/psd/psd_ws/install/forward_command_controller/share/forward_command_controller/cmake/forward_command_controllerConfig.cmake
-- Up-to-date: /home/psd/psd_ws/install/forward_command_controller/share/forward_command_controller/cmake/forward_command_controllerConfig-version.cmake
-- Up-to-date: /home/psd/psd_ws/install/forward_command_controller/share/forward_command_controller/package.xml
