[0.024s] Invoking command in '/home/psd/psd_ws/build/controller_manager_msgs': CMAKE_PREFIX_PATH=${CMAKE_PREFIX_PATH}:/home/psd/psd_ws/install/rqt_joint_trajectory_controller:/home/psd/psd_ws/install/rqt_controller_manager:/home/psd/psd_ws/install/ros2controlcli:/home/psd/psd_ws/install/ros2_controllers_test_nodes:/opt/ros/humble /usr/bin/cmake /home/psd/psd_ws/src/ros-controls/ros2_control/controller_manager_msgs -DAMENT_CMAKE_SYMLINK_INSTALL=1 -DCMAKE_INSTALL_PREFIX=/home/psd/psd_ws/install/controller_manager_msgs
[0.194s] -- The C compiler identification is GNU 11.4.0
[0.194s] -- The CXX compiler identification is GNU 11.4.0
[0.194s] -- Detecting C compiler ABI info
[0.215s] -- Detecting C compiler ABI info - done
[0.222s] -- Check for working C compiler: /usr/bin/cc - skipped
[0.222s] -- Detecting C compile features
[0.222s] -- Detecting C compile features - done
[0.225s] -- Detecting CXX compiler ABI info
[0.311s] -- Detecting CXX compiler ABI info - done
[0.319s] -- Check for working CXX compiler: /usr/bin/c++ - skipped
[0.319s] -- Detecting CXX compile features
[0.319s] -- Detecting CXX compile features - done
[0.322s] -- Found ament_cmake: 1.3.8 (/opt/ros/humble/share/ament_cmake/cmake)
[0.460s] -- Found Python3: /usr/bin/python3 (found version "3.10.12") found components: Interpreter 
[0.513s] -- Override CMake install command with custom implementation using symlinks instead of copying resources
[0.553s] -- Found builtin_interfaces: 1.2.1 (/opt/ros/humble/share/builtin_interfaces/cmake)
[0.599s] -- Found rosidl_generator_c: 3.1.5 (/opt/ros/humble/share/rosidl_generator_c/cmake)
[0.607s] -- Found rosidl_adapter: 3.1.5 (/opt/ros/humble/share/rosidl_adapter/cmake)
[0.619s] -- Found rosidl_generator_cpp: 3.1.5 (/opt/ros/humble/share/rosidl_generator_cpp/cmake)
[0.639s] -- Using all available rosidl_typesupport_c: rosidl_typesupport_fastrtps_c;rosidl_typesupport_introspection_c
[0.669s] -- Using all available rosidl_typesupport_cpp: rosidl_typesupport_fastrtps_cpp;rosidl_typesupport_introspection_cpp
[0.691s] -- Found lifecycle_msgs: 1.2.1 (/opt/ros/humble/share/lifecycle_msgs/cmake)
[0.709s] -- Found rosidl_default_generators: 1.2.0 (/opt/ros/humble/share/rosidl_default_generators/cmake)
[1.071s] -- Found ament_cmake_cppcheck: 0.12.10 (/opt/ros/humble/share/ament_cmake_cppcheck/cmake)
[1.075s] -- Found ament_cmake_cpplint: 0.12.10 (/opt/ros/humble/share/ament_cmake_cpplint/cmake)
[1.078s] -- Found ament_cmake_uncrustify: 0.12.10 (/opt/ros/humble/share/ament_cmake_uncrustify/cmake)
[1.082s] -- Found ament_cmake_ros: 0.10.0 (/opt/ros/humble/share/ament_cmake_ros/cmake)
[1.394s] -- Using all available rosidl_typesupport_c: rosidl_typesupport_fastrtps_c;rosidl_typesupport_introspection_c
[1.523s] -- Using all available rosidl_typesupport_cpp: rosidl_typesupport_fastrtps_cpp;rosidl_typesupport_introspection_cpp
[1.544s] -- Found PythonInterp: /usr/bin/python3 (found suitable version "3.10.12", minimum required is "3.6") 
[1.547s] -- Found python_cmake_module: 0.10.0 (/opt/ros/humble/share/python_cmake_module/cmake)
[1.572s] -- Found PythonLibs: /usr/lib/x86_64-linux-gnu/libpython3.10.so (found suitable version "3.10.12", minimum required is "3.5") 
[1.572s] -- Using PYTHON_EXECUTABLE: /usr/bin/python3
[1.572s] -- Using PYTHON_INCLUDE_DIRS: /usr/include/python3.10
[1.572s] -- Using PYTHON_LIBRARIES: /usr/lib/x86_64-linux-gnu/libpython3.10.so
[1.591s] -- Found PythonExtra: .so  
[1.657s] -- Found ament_cmake_flake8: 0.12.10 (/opt/ros/humble/share/ament_cmake_flake8/cmake)
[1.660s] -- Found ament_cmake_pep257: 0.12.10 (/opt/ros/humble/share/ament_cmake_pep257/cmake)
[1.671s] -- Configuring done
[1.715s] -- Generating done
[1.718s] -- Build files have been written to: /home/psd/psd_ws/build/controller_manager_msgs
[1.725s] Invoked command in '/home/psd/psd_ws/build/controller_manager_msgs' returned '0': CMAKE_PREFIX_PATH=${CMAKE_PREFIX_PATH}:/home/psd/psd_ws/install/rqt_joint_trajectory_controller:/home/psd/psd_ws/install/rqt_controller_manager:/home/psd/psd_ws/install/ros2controlcli:/home/psd/psd_ws/install/ros2_controllers_test_nodes:/opt/ros/humble /usr/bin/cmake /home/psd/psd_ws/src/ros-controls/ros2_control/controller_manager_msgs -DAMENT_CMAKE_SYMLINK_INSTALL=1 -DCMAKE_INSTALL_PREFIX=/home/psd/psd_ws/install/controller_manager_msgs
[1.727s] Invoking command in '/home/psd/psd_ws/build/controller_manager_msgs': CMAKE_PREFIX_PATH=${CMAKE_PREFIX_PATH}:/home/psd/psd_ws/install/rqt_joint_trajectory_controller:/home/psd/psd_ws/install/rqt_controller_manager:/home/psd/psd_ws/install/ros2controlcli:/home/psd/psd_ws/install/ros2_controllers_test_nodes:/opt/ros/humble /usr/bin/cmake --build /home/psd/psd_ws/build/controller_manager_msgs -- -j20 -l20
[1.781s] [  1%] [34m[1mGenerating C code for ROS interfaces[0m
[1.797s] [  1%] [34m[1mGenerating C++ code for ROS interfaces[0m
[1.801s] [  1%] Built target ament_cmake_python_symlink_controller_manager_msgs
[2.014s] running egg_info
[2.015s] creating controller_manager_msgs.egg-info
[2.015s] writing controller_manager_msgs.egg-info/PKG-INFO
[2.015s] writing dependency_links to controller_manager_msgs.egg-info/dependency_links.txt
[2.016s] writing top-level names to controller_manager_msgs.egg-info/top_level.txt
[2.016s] writing manifest file 'controller_manager_msgs.egg-info/SOURCES.txt'
[2.018s] reading manifest file 'controller_manager_msgs.egg-info/SOURCES.txt'
[2.018s] writing manifest file 'controller_manager_msgs.egg-info/SOURCES.txt'
[2.045s] [  1%] Built target ament_cmake_python_build_controller_manager_msgs_egg
[3.203s] [  3%] [32mBuilding C object CMakeFiles/controller_manager_msgs__rosidl_generator_c.dir/rosidl_generator_c/controller_manager_msgs/msg/detail/controller_state__functions.c.o[0m
[3.203s] [  3%] [32mBuilding C object CMakeFiles/controller_manager_msgs__rosidl_generator_c.dir/rosidl_generator_c/controller_manager_msgs/msg/detail/hardware_component_state__functions.c.o[0m
[3.206s] [  3%] [32mBuilding C object CMakeFiles/controller_manager_msgs__rosidl_generator_c.dir/rosidl_generator_c/controller_manager_msgs/msg/detail/chain_connection__functions.c.o[0m
[3.206s] [  4%] [32mBuilding C object CMakeFiles/controller_manager_msgs__rosidl_generator_c.dir/rosidl_generator_c/controller_manager_msgs/msg/detail/hardware_interface__functions.c.o[0m
[3.206s] [  6%] [32mBuilding C object CMakeFiles/controller_manager_msgs__rosidl_generator_c.dir/rosidl_generator_c/controller_manager_msgs/srv/detail/list_controller_types__functions.c.o[0m
[3.206s] [  5%] [32mBuilding C object CMakeFiles/controller_manager_msgs__rosidl_generator_c.dir/rosidl_generator_c/controller_manager_msgs/srv/detail/list_controllers__functions.c.o[0m
[3.209s] [  6%] [32mBuilding C object CMakeFiles/controller_manager_msgs__rosidl_generator_c.dir/rosidl_generator_c/controller_manager_msgs/srv/detail/configure_controller__functions.c.o[0m
[3.209s] [  7%] [32mBuilding C object CMakeFiles/controller_manager_msgs__rosidl_generator_c.dir/rosidl_generator_c/controller_manager_msgs/srv/detail/list_hardware_components__functions.c.o[0m
[3.217s] [  8%] [32mBuilding C object CMakeFiles/controller_manager_msgs__rosidl_generator_c.dir/rosidl_generator_c/controller_manager_msgs/srv/detail/reload_controller_libraries__functions.c.o[0m
[3.218s] [  9%] [32mBuilding C object CMakeFiles/controller_manager_msgs__rosidl_generator_c.dir/rosidl_generator_c/controller_manager_msgs/srv/detail/set_hardware_component_state__functions.c.o[0m
[3.220s] [ 10%] [32mBuilding C object CMakeFiles/controller_manager_msgs__rosidl_generator_c.dir/rosidl_generator_c/controller_manager_msgs/srv/detail/load_controller__functions.c.o[0m
[3.222s] [ 10%] Built target controller_manager_msgs__cpp
[3.224s] [ 10%] [32mBuilding C object CMakeFiles/controller_manager_msgs__rosidl_generator_c.dir/rosidl_generator_c/controller_manager_msgs/srv/detail/switch_controller__functions.c.o[0m
[3.226s] [ 10%] [32mBuilding C object CMakeFiles/controller_manager_msgs__rosidl_generator_c.dir/rosidl_generator_c/controller_manager_msgs/srv/detail/list_hardware_interfaces__functions.c.o[0m
[3.236s] [ 11%] [32mBuilding C object CMakeFiles/controller_manager_msgs__rosidl_generator_c.dir/rosidl_generator_c/controller_manager_msgs/srv/detail/unload_controller__functions.c.o[0m
[3.245s] [ 12%] [34m[1mGenerating C++ type support for eProsima Fast-RTPS[0m
[3.250s] [ 12%] [34m[1mGenerating C++ introspection for ROS interfaces[0m
[3.260s] [ 13%] [34m[1mGenerating C++ type support dispatch for ROS interfaces[0m
[3.344s] [ 14%] [32m[1mLinking C shared library libcontroller_manager_msgs__rosidl_generator_c.so[0m
[3.382s] [ 14%] Built target controller_manager_msgs__rosidl_generator_c
[3.394s] [ 15%] [34m[1mGenerating C type support for eProsima Fast-RTPS[0m
[3.397s] [ 16%] [34m[1mGenerating C introspection for ROS interfaces[0m
[3.397s] [ 17%] [34m[1mGenerating C type support dispatch for ROS interfaces[0m
[4.296s] [ 18%] [32mBuilding CXX object CMakeFiles/controller_manager_msgs__rosidl_typesupport_introspection_cpp.dir/rosidl_typesupport_introspection_cpp/controller_manager_msgs/msg/detail/chain_connection__type_support.cpp.o[0m
[4.296s] [ 19%] [32mBuilding CXX object CMakeFiles/controller_manager_msgs__rosidl_typesupport_introspection_cpp.dir/rosidl_typesupport_introspection_cpp/controller_manager_msgs/msg/detail/controller_state__type_support.cpp.o[0m
[4.297s] [ 19%] [32mBuilding CXX object CMakeFiles/controller_manager_msgs__rosidl_typesupport_introspection_cpp.dir/rosidl_typesupport_introspection_cpp/controller_manager_msgs/msg/detail/hardware_interface__type_support.cpp.o[0m
[4.297s] [ 20%] [32mBuilding CXX object CMakeFiles/controller_manager_msgs__rosidl_typesupport_introspection_cpp.dir/rosidl_typesupport_introspection_cpp/controller_manager_msgs/srv/detail/configure_controller__type_support.cpp.o[0m
[4.298s] [ 21%] [32mBuilding CXX object CMakeFiles/controller_manager_msgs__rosidl_typesupport_introspection_cpp.dir/rosidl_typesupport_introspection_cpp/controller_manager_msgs/msg/detail/hardware_component_state__type_support.cpp.o[0m
[4.301s] [ 22%] [32mBuilding CXX object CMakeFiles/controller_manager_msgs__rosidl_typesupport_introspection_cpp.dir/rosidl_typesupport_introspection_cpp/controller_manager_msgs/srv/detail/list_controller_types__type_support.cpp.o[0m
[4.301s] [ 23%] [32mBuilding CXX object CMakeFiles/controller_manager_msgs__rosidl_typesupport_introspection_cpp.dir/rosidl_typesupport_introspection_cpp/controller_manager_msgs/srv/detail/list_controllers__type_support.cpp.o[0m
[4.301s] [ 23%] [32mBuilding CXX object CMakeFiles/controller_manager_msgs__rosidl_typesupport_introspection_cpp.dir/rosidl_typesupport_introspection_cpp/controller_manager_msgs/srv/detail/list_hardware_components__type_support.cpp.o[0m
[4.310s] [ 24%] [32mBuilding CXX object CMakeFiles/controller_manager_msgs__rosidl_typesupport_introspection_cpp.dir/rosidl_typesupport_introspection_cpp/controller_manager_msgs/srv/detail/list_hardware_interfaces__type_support.cpp.o[0m
[4.314s] [ 25%] [32mBuilding CXX object CMakeFiles/controller_manager_msgs__rosidl_typesupport_introspection_cpp.dir/rosidl_typesupport_introspection_cpp/controller_manager_msgs/srv/detail/load_controller__type_support.cpp.o[0m
[4.317s] [ 26%] [32mBuilding CXX object CMakeFiles/controller_manager_msgs__rosidl_typesupport_introspection_cpp.dir/rosidl_typesupport_introspection_cpp/controller_manager_msgs/srv/detail/reload_controller_libraries__type_support.cpp.o[0m
[4.327s] [ 27%] [32mBuilding CXX object CMakeFiles/controller_manager_msgs__rosidl_typesupport_cpp.dir/rosidl_typesupport_cpp/controller_manager_msgs/msg/controller_state__type_support.cpp.o[0m
[4.346s] [ 28%] [32mBuilding CXX object CMakeFiles/controller_manager_msgs__rosidl_typesupport_cpp.dir/rosidl_typesupport_cpp/controller_manager_msgs/msg/chain_connection__type_support.cpp.o[0m
[4.369s] [ 28%] [32mBuilding CXX object CMakeFiles/controller_manager_msgs__rosidl_typesupport_introspection_cpp.dir/rosidl_typesupport_introspection_cpp/controller_manager_msgs/srv/detail/set_hardware_component_state__type_support.cpp.o[0m
[4.371s] [ 29%] [32mBuilding CXX object CMakeFiles/controller_manager_msgs__rosidl_typesupport_cpp.dir/rosidl_typesupport_cpp/controller_manager_msgs/msg/hardware_component_state__type_support.cpp.o[0m
[4.384s] [ 29%] [32mBuilding CXX object CMakeFiles/controller_manager_msgs__rosidl_typesupport_introspection_cpp.dir/rosidl_typesupport_introspection_cpp/controller_manager_msgs/srv/detail/switch_controller__type_support.cpp.o[0m
[4.799s] [ 30%] [32mBuilding CXX object CMakeFiles/controller_manager_msgs__rosidl_typesupport_cpp.dir/rosidl_typesupport_cpp/controller_manager_msgs/msg/hardware_interface__type_support.cpp.o[0m
[4.839s] [ 30%] [32mBuilding CXX object CMakeFiles/controller_manager_msgs__rosidl_typesupport_cpp.dir/rosidl_typesupport_cpp/controller_manager_msgs/srv/list_controllers__type_support.cpp.o[0m
[4.842s] [ 31%] [32mBuilding CXX object CMakeFiles/controller_manager_msgs__rosidl_typesupport_cpp.dir/rosidl_typesupport_cpp/controller_manager_msgs/srv/configure_controller__type_support.cpp.o[0m
[4.873s] [ 31%] [32mBuilding CXX object CMakeFiles/controller_manager_msgs__rosidl_typesupport_c.dir/rosidl_typesupport_c/controller_manager_msgs/msg/controller_state__type_support.cpp.o[0m
[4.958s] [ 32%] [32mBuilding CXX object CMakeFiles/controller_manager_msgs__rosidl_typesupport_introspection_cpp.dir/rosidl_typesupport_introspection_cpp/controller_manager_msgs/srv/detail/unload_controller__type_support.cpp.o[0m
[4.962s] [ 33%] [32mBuilding CXX object CMakeFiles/controller_manager_msgs__rosidl_typesupport_c.dir/rosidl_typesupport_c/controller_manager_msgs/msg/chain_connection__type_support.cpp.o[0m
[4.981s] [ 34%] [32mBuilding CXX object CMakeFiles/controller_manager_msgs__rosidl_typesupport_c.dir/rosidl_typesupport_c/controller_manager_msgs/msg/hardware_component_state__type_support.cpp.o[0m
[4.988s] [ 35%] [32mBuilding CXX object CMakeFiles/controller_manager_msgs__rosidl_typesupport_c.dir/rosidl_typesupport_c/controller_manager_msgs/msg/hardware_interface__type_support.cpp.o[0m
[5.026s] [ 35%] [32mBuilding CXX object CMakeFiles/controller_manager_msgs__rosidl_typesupport_c.dir/rosidl_typesupport_c/controller_manager_msgs/srv/configure_controller__type_support.cpp.o[0m
[5.040s] [ 36%] [32mBuilding CXX object CMakeFiles/controller_manager_msgs__rosidl_typesupport_c.dir/rosidl_typesupport_c/controller_manager_msgs/srv/list_controllers__type_support.cpp.o[0m
[5.057s] [ 37%] [32mBuilding CXX object CMakeFiles/controller_manager_msgs__rosidl_typesupport_c.dir/rosidl_typesupport_c/controller_manager_msgs/srv/list_controller_types__type_support.cpp.o[0m
[5.058s] [ 38%] [32mBuilding CXX object CMakeFiles/controller_manager_msgs__rosidl_typesupport_c.dir/rosidl_typesupport_c/controller_manager_msgs/srv/list_hardware_components__type_support.cpp.o[0m
[5.071s] [ 38%] [32mBuilding CXX object CMakeFiles/controller_manager_msgs__rosidl_typesupport_c.dir/rosidl_typesupport_c/controller_manager_msgs/srv/list_hardware_interfaces__type_support.cpp.o[0m
[5.075s] [ 39%] [32mBuilding C object CMakeFiles/controller_manager_msgs__rosidl_typesupport_introspection_c.dir/rosidl_typesupport_introspection_c/controller_manager_msgs/msg/detail/controller_state__type_support.c.o[0m
[5.088s] [ 40%] [32mBuilding CXX object CMakeFiles/controller_manager_msgs__rosidl_typesupport_c.dir/rosidl_typesupport_c/controller_manager_msgs/srv/load_controller__type_support.cpp.o[0m
[5.102s] [ 41%] [32mBuilding CXX object CMakeFiles/controller_manager_msgs__rosidl_typesupport_cpp.dir/rosidl_typesupport_cpp/controller_manager_msgs/srv/list_controller_types__type_support.cpp.o[0m
[5.119s] [ 42%] [32mBuilding C object CMakeFiles/controller_manager_msgs__rosidl_typesupport_introspection_c.dir/rosidl_typesupport_introspection_c/controller_manager_msgs/msg/detail/chain_connection__type_support.c.o[0m
[5.129s] [ 43%] [32mBuilding CXX object CMakeFiles/controller_manager_msgs__rosidl_typesupport_c.dir/rosidl_typesupport_c/controller_manager_msgs/srv/reload_controller_libraries__type_support.cpp.o[0m
[5.132s] [ 43%] [32mBuilding C object CMakeFiles/controller_manager_msgs__rosidl_typesupport_introspection_c.dir/rosidl_typesupport_introspection_c/controller_manager_msgs/msg/detail/hardware_component_state__type_support.c.o[0m
[5.146s] [ 44%] [32mBuilding CXX object CMakeFiles/controller_manager_msgs__rosidl_typesupport_cpp.dir/rosidl_typesupport_cpp/controller_manager_msgs/srv/list_hardware_components__type_support.cpp.o[0m
[5.154s] [ 44%] [32mBuilding CXX object CMakeFiles/controller_manager_msgs__rosidl_typesupport_c.dir/rosidl_typesupport_c/controller_manager_msgs/srv/switch_controller__type_support.cpp.o[0m
[5.155s] [ 46%] [32mBuilding C object CMakeFiles/controller_manager_msgs__rosidl_typesupport_introspection_c.dir/rosidl_typesupport_introspection_c/controller_manager_msgs/msg/detail/hardware_interface__type_support.c.o[0m
[5.155s] [ 46%] [32mBuilding CXX object CMakeFiles/controller_manager_msgs__rosidl_typesupport_cpp.dir/rosidl_typesupport_cpp/controller_manager_msgs/srv/list_hardware_interfaces__type_support.cpp.o[0m
[5.159s] [ 47%] [32mBuilding CXX object CMakeFiles/controller_manager_msgs__rosidl_typesupport_c.dir/rosidl_typesupport_c/controller_manager_msgs/srv/set_hardware_component_state__type_support.cpp.o[0m
[5.176s] [ 48%] [32mBuilding CXX object CMakeFiles/controller_manager_msgs__rosidl_typesupport_fastrtps_cpp.dir/rosidl_typesupport_fastrtps_cpp/controller_manager_msgs/msg/detail/dds_fastrtps/chain_connection__type_support.cpp.o[0m
[5.180s] [ 49%] [32mBuilding CXX object CMakeFiles/controller_manager_msgs__rosidl_typesupport_fastrtps_cpp.dir/rosidl_typesupport_fastrtps_cpp/controller_manager_msgs/msg/detail/dds_fastrtps/controller_state__type_support.cpp.o[0m
[5.181s] [ 49%] [32mBuilding CXX object CMakeFiles/controller_manager_msgs__rosidl_typesupport_fastrtps_cpp.dir/rosidl_typesupport_fastrtps_cpp/controller_manager_msgs/msg/detail/dds_fastrtps/hardware_component_state__type_support.cpp.o[0m
[5.186s] [ 50%] [32mBuilding CXX object CMakeFiles/controller_manager_msgs__rosidl_typesupport_fastrtps_c.dir/rosidl_typesupport_fastrtps_c/controller_manager_msgs/msg/detail/controller_state__type_support_c.cpp.o[0m
[5.202s] [ 51%] [32mBuilding C object CMakeFiles/controller_manager_msgs__rosidl_typesupport_introspection_c.dir/rosidl_typesupport_introspection_c/controller_manager_msgs/srv/detail/configure_controller__type_support.c.o[0m
[5.206s] [ 52%] [32mBuilding C object CMakeFiles/controller_manager_msgs__rosidl_typesupport_introspection_c.dir/rosidl_typesupport_introspection_c/controller_manager_msgs/srv/detail/list_controllers__type_support.c.o[0m
[5.224s] [ 53%] [32mBuilding CXX object CMakeFiles/controller_manager_msgs__rosidl_typesupport_c.dir/rosidl_typesupport_c/controller_manager_msgs/srv/unload_controller__type_support.cpp.o[0m
[5.230s] [ 53%] [32mBuilding CXX object CMakeFiles/controller_manager_msgs__rosidl_typesupport_cpp.dir/rosidl_typesupport_cpp/controller_manager_msgs/srv/load_controller__type_support.cpp.o[0m
[5.233s] [ 53%] [32mBuilding CXX object CMakeFiles/controller_manager_msgs__rosidl_typesupport_fastrtps_c.dir/rosidl_typesupport_fastrtps_c/controller_manager_msgs/msg/detail/chain_connection__type_support_c.cpp.o[0m
[5.241s] [ 53%] [32mBuilding C object CMakeFiles/controller_manager_msgs__rosidl_typesupport_introspection_c.dir/rosidl_typesupport_introspection_c/controller_manager_msgs/srv/detail/list_controller_types__type_support.c.o[0m
[5.242s] [ 54%] [32mBuilding CXX object CMakeFiles/controller_manager_msgs__rosidl_typesupport_fastrtps_c.dir/rosidl_typesupport_fastrtps_c/controller_manager_msgs/msg/detail/hardware_component_state__type_support_c.cpp.o[0m
[5.256s] [ 55%] [32mBuilding CXX object CMakeFiles/controller_manager_msgs__rosidl_typesupport_cpp.dir/rosidl_typesupport_cpp/controller_manager_msgs/srv/reload_controller_libraries__type_support.cpp.o[0m
[5.273s] [ 56%] [32mBuilding CXX object CMakeFiles/controller_manager_msgs__rosidl_typesupport_cpp.dir/rosidl_typesupport_cpp/controller_manager_msgs/srv/set_hardware_component_state__type_support.cpp.o[0m
[5.301s] [ 57%] [32mBuilding CXX object CMakeFiles/controller_manager_msgs__rosidl_typesupport_cpp.dir/rosidl_typesupport_cpp/controller_manager_msgs/srv/switch_controller__type_support.cpp.o[0m
[5.316s] [ 58%] [32mBuilding CXX object CMakeFiles/controller_manager_msgs__rosidl_typesupport_fastrtps_c.dir/rosidl_typesupport_fastrtps_c/controller_manager_msgs/msg/detail/hardware_interface__type_support_c.cpp.o[0m
[5.333s] [ 59%] [32mBuilding C object CMakeFiles/controller_manager_msgs__rosidl_typesupport_introspection_c.dir/rosidl_typesupport_introspection_c/controller_manager_msgs/srv/detail/list_hardware_components__type_support.c.o[0m
[5.340s] [ 60%] [32m[1mLinking CXX shared library libcontroller_manager_msgs__rosidl_typesupport_c.so[0m
[5.374s] [ 61%] [32mBuilding CXX object CMakeFiles/controller_manager_msgs__rosidl_typesupport_fastrtps_c.dir/rosidl_typesupport_fastrtps_c/controller_manager_msgs/srv/detail/configure_controller__type_support_c.cpp.o[0m
[5.380s] [ 61%] [32mBuilding CXX object CMakeFiles/controller_manager_msgs__rosidl_typesupport_cpp.dir/rosidl_typesupport_cpp/controller_manager_msgs/srv/unload_controller__type_support.cpp.o[0m
[5.472s] [ 62%] [32mBuilding C object CMakeFiles/controller_manager_msgs__rosidl_typesupport_introspection_c.dir/rosidl_typesupport_introspection_c/controller_manager_msgs/srv/detail/list_hardware_interfaces__type_support.c.o[0m
[5.521s] [ 62%] Built target controller_manager_msgs__rosidl_typesupport_c
[5.531s] [ 62%] [32mBuilding C object CMakeFiles/controller_manager_msgs__rosidl_typesupport_introspection_c.dir/rosidl_typesupport_introspection_c/controller_manager_msgs/srv/detail/load_controller__type_support.c.o[0m
[5.531s] [ 62%] [32mBuilding CXX object CMakeFiles/controller_manager_msgs__rosidl_typesupport_fastrtps_c.dir/rosidl_typesupport_fastrtps_c/controller_manager_msgs/srv/detail/list_controllers__type_support_c.cpp.o[0m
[5.583s] [ 63%] [32mBuilding C object CMakeFiles/controller_manager_msgs__rosidl_typesupport_introspection_c.dir/rosidl_typesupport_introspection_c/controller_manager_msgs/srv/detail/reload_controller_libraries__type_support.c.o[0m
[5.619s] [ 64%] [32mBuilding C object CMakeFiles/controller_manager_msgs__rosidl_typesupport_introspection_c.dir/rosidl_typesupport_introspection_c/controller_manager_msgs/srv/detail/set_hardware_component_state__type_support.c.o[0m
[5.680s] [ 65%] [32mBuilding CXX object CMakeFiles/controller_manager_msgs__rosidl_typesupport_fastrtps_cpp.dir/rosidl_typesupport_fastrtps_cpp/controller_manager_msgs/msg/detail/dds_fastrtps/hardware_interface__type_support.cpp.o[0m
[5.684s] [ 66%] [32mBuilding C object CMakeFiles/controller_manager_msgs__rosidl_typesupport_introspection_c.dir/rosidl_typesupport_introspection_c/controller_manager_msgs/srv/detail/switch_controller__type_support.c.o[0m
[5.700s] [ 67%] [32mBuilding CXX object CMakeFiles/controller_manager_msgs__rosidl_typesupport_fastrtps_cpp.dir/rosidl_typesupport_fastrtps_cpp/controller_manager_msgs/srv/detail/dds_fastrtps/configure_controller__type_support.cpp.o[0m
[5.742s] [ 67%] [32mBuilding C object CMakeFiles/controller_manager_msgs__rosidl_typesupport_introspection_c.dir/rosidl_typesupport_introspection_c/controller_manager_msgs/srv/detail/unload_controller__type_support.c.o[0m
[5.770s] [ 68%] [32mBuilding CXX object CMakeFiles/controller_manager_msgs__rosidl_typesupport_fastrtps_c.dir/rosidl_typesupport_fastrtps_c/controller_manager_msgs/srv/detail/list_controller_types__type_support_c.cpp.o[0m
[5.782s] [ 69%] [32mBuilding CXX object CMakeFiles/controller_manager_msgs__rosidl_typesupport_fastrtps_c.dir/rosidl_typesupport_fastrtps_c/controller_manager_msgs/srv/detail/list_hardware_components__type_support_c.cpp.o[0m
[5.805s] [ 70%] [32mBuilding CXX object CMakeFiles/controller_manager_msgs__rosidl_typesupport_fastrtps_cpp.dir/rosidl_typesupport_fastrtps_cpp/controller_manager_msgs/srv/detail/dds_fastrtps/list_controllers__type_support.cpp.o[0m
[5.836s] [ 71%] [32m[1mLinking C shared library libcontroller_manager_msgs__rosidl_typesupport_introspection_c.so[0m
[5.846s] [ 71%] [32mBuilding CXX object CMakeFiles/controller_manager_msgs__rosidl_typesupport_fastrtps_cpp.dir/rosidl_typesupport_fastrtps_cpp/controller_manager_msgs/srv/detail/dds_fastrtps/list_controller_types__type_support.cpp.o[0m
[5.868s] [ 72%] [32mBuilding CXX object CMakeFiles/controller_manager_msgs__rosidl_typesupport_fastrtps_c.dir/rosidl_typesupport_fastrtps_c/controller_manager_msgs/srv/detail/list_hardware_interfaces__type_support_c.cpp.o[0m
[5.875s] [ 73%] [32mBuilding CXX object CMakeFiles/controller_manager_msgs__rosidl_typesupport_fastrtps_cpp.dir/rosidl_typesupport_fastrtps_cpp/controller_manager_msgs/srv/detail/dds_fastrtps/list_hardware_components__type_support.cpp.o[0m
[5.893s] [ 73%] [32mBuilding CXX object CMakeFiles/controller_manager_msgs__rosidl_typesupport_fastrtps_c.dir/rosidl_typesupport_fastrtps_c/controller_manager_msgs/srv/detail/load_controller__type_support_c.cpp.o[0m
[5.896s] [ 74%] [32m[1mLinking CXX shared library libcontroller_manager_msgs__rosidl_typesupport_introspection_cpp.so[0m
[5.929s] [ 75%] [32mBuilding CXX object CMakeFiles/controller_manager_msgs__rosidl_typesupport_fastrtps_c.dir/rosidl_typesupport_fastrtps_c/controller_manager_msgs/srv/detail/reload_controller_libraries__type_support_c.cpp.o[0m
[5.994s] [ 75%] Built target controller_manager_msgs__rosidl_typesupport_introspection_c
[6.034s] [ 76%] [32mBuilding CXX object CMakeFiles/controller_manager_msgs__rosidl_typesupport_fastrtps_c.dir/rosidl_typesupport_fastrtps_c/controller_manager_msgs/srv/detail/set_hardware_component_state__type_support_c.cpp.o[0m
[6.043s] [ 77%] [32mBuilding CXX object CMakeFiles/controller_manager_msgs__rosidl_typesupport_fastrtps_cpp.dir/rosidl_typesupport_fastrtps_cpp/controller_manager_msgs/srv/detail/dds_fastrtps/list_hardware_interfaces__type_support.cpp.o[0m
[6.076s] [ 78%] [32mBuilding CXX object CMakeFiles/controller_manager_msgs__rosidl_typesupport_fastrtps_c.dir/rosidl_typesupport_fastrtps_c/controller_manager_msgs/srv/detail/switch_controller__type_support_c.cpp.o[0m
[6.113s] [ 78%] [32mBuilding CXX object CMakeFiles/controller_manager_msgs__rosidl_typesupport_fastrtps_c.dir/rosidl_typesupport_fastrtps_c/controller_manager_msgs/srv/detail/unload_controller__type_support_c.cpp.o[0m
[6.117s] [ 79%] [32m[1mLinking CXX shared library libcontroller_manager_msgs__rosidl_typesupport_cpp.so[0m
[6.128s] [ 80%] [32mBuilding CXX object CMakeFiles/controller_manager_msgs__rosidl_typesupport_fastrtps_cpp.dir/rosidl_typesupport_fastrtps_cpp/controller_manager_msgs/srv/detail/dds_fastrtps/load_controller__type_support.cpp.o[0m
[6.134s] [ 80%] [32mBuilding CXX object CMakeFiles/controller_manager_msgs__rosidl_typesupport_fastrtps_cpp.dir/rosidl_typesupport_fastrtps_cpp/controller_manager_msgs/srv/detail/dds_fastrtps/reload_controller_libraries__type_support.cpp.o[0m
[6.142s] [ 80%] Built target controller_manager_msgs__rosidl_typesupport_introspection_cpp
[6.219s] [ 81%] [32mBuilding CXX object CMakeFiles/controller_manager_msgs__rosidl_typesupport_fastrtps_cpp.dir/rosidl_typesupport_fastrtps_cpp/controller_manager_msgs/srv/detail/dds_fastrtps/set_hardware_component_state__type_support.cpp.o[0m
[6.307s] [ 81%] Built target controller_manager_msgs__rosidl_typesupport_cpp
[6.348s] [ 82%] [32mBuilding CXX object CMakeFiles/controller_manager_msgs__rosidl_typesupport_fastrtps_cpp.dir/rosidl_typesupport_fastrtps_cpp/controller_manager_msgs/srv/detail/dds_fastrtps/switch_controller__type_support.cpp.o[0m
[6.445s] [ 83%] [32mBuilding CXX object CMakeFiles/controller_manager_msgs__rosidl_typesupport_fastrtps_cpp.dir/rosidl_typesupport_fastrtps_cpp/controller_manager_msgs/srv/detail/dds_fastrtps/unload_controller__type_support.cpp.o[0m
[6.875s] [ 84%] [32m[1mLinking CXX shared library libcontroller_manager_msgs__rosidl_typesupport_fastrtps_c.so[0m
[7.004s] [ 84%] Built target controller_manager_msgs__rosidl_typesupport_fastrtps_c
[7.083s] [ 84%] [32m[1mLinking CXX shared library libcontroller_manager_msgs__rosidl_typesupport_fastrtps_cpp.so[0m
[7.221s] [ 84%] Built target controller_manager_msgs__rosidl_typesupport_fastrtps_cpp
[7.256s] [ 84%] Built target controller_manager_msgs
[7.297s] [ 85%] [34m[1mGenerating Python code for ROS interfaces[0m
[12.413s] [ 85%] Built target controller_manager_msgs__py
[12.451s] [ 86%] [32mBuilding C object CMakeFiles/controller_manager_msgs__rosidl_generator_py.dir/rosidl_generator_py/controller_manager_msgs/msg/_controller_state_s.c.o[0m
[12.463s] [ 87%] [32mBuilding C object CMakeFiles/controller_manager_msgs__rosidl_generator_py.dir/rosidl_generator_py/controller_manager_msgs/msg/_hardware_component_state_s.c.o[0m
[12.467s] [ 88%] [32mBuilding C object CMakeFiles/controller_manager_msgs__rosidl_generator_py.dir/rosidl_generator_py/controller_manager_msgs/msg/_hardware_interface_s.c.o[0m
[12.470s] [ 88%] [32mBuilding C object CMakeFiles/controller_manager_msgs__rosidl_generator_py.dir/rosidl_generator_py/controller_manager_msgs/msg/_chain_connection_s.c.o[0m
[12.481s] [ 88%] [32mBuilding C object CMakeFiles/controller_manager_msgs__rosidl_generator_py.dir/rosidl_generator_py/controller_manager_msgs/srv/_list_controllers_s.c.o[0m
[12.482s] [ 89%] [32mBuilding C object CMakeFiles/controller_manager_msgs__rosidl_generator_py.dir/rosidl_generator_py/controller_manager_msgs/srv/_configure_controller_s.c.o[0m
[12.501s] [ 90%] [32mBuilding C object CMakeFiles/controller_manager_msgs__rosidl_generator_py.dir/rosidl_generator_py/controller_manager_msgs/srv/_list_controller_types_s.c.o[0m
[12.574s] [ 91%] [32mBuilding C object CMakeFiles/controller_manager_msgs__rosidl_generator_py.dir/rosidl_generator_py/controller_manager_msgs/srv/_list_hardware_interfaces_s.c.o[0m
[12.578s] [ 92%] [32mBuilding C object CMakeFiles/controller_manager_msgs__rosidl_generator_py.dir/rosidl_generator_py/controller_manager_msgs/srv/_list_hardware_components_s.c.o[0m
[12.585s] [ 92%] [32mBuilding C object CMakeFiles/controller_manager_msgs__rosidl_generator_py.dir/rosidl_generator_py/controller_manager_msgs/srv/_load_controller_s.c.o[0m
[12.587s] [ 93%] [32mBuilding C object CMakeFiles/controller_manager_msgs__rosidl_generator_py.dir/rosidl_generator_py/controller_manager_msgs/srv/_reload_controller_libraries_s.c.o[0m
[12.595s] [ 94%] [32mBuilding C object CMakeFiles/controller_manager_msgs__rosidl_generator_py.dir/rosidl_generator_py/controller_manager_msgs/srv/_set_hardware_component_state_s.c.o[0m
[12.607s] [ 95%] [32mBuilding C object CMakeFiles/controller_manager_msgs__rosidl_generator_py.dir/rosidl_generator_py/controller_manager_msgs/srv/_unload_controller_s.c.o[0m
[12.612s] [ 95%] [32mBuilding C object CMakeFiles/controller_manager_msgs__rosidl_generator_py.dir/rosidl_generator_py/controller_manager_msgs/srv/_switch_controller_s.c.o[0m
[12.956s] [ 96%] [32m[1mLinking C shared library rosidl_generator_py/controller_manager_msgs/libcontroller_manager_msgs__rosidl_generator_py.so[0m
[13.043s] [ 96%] Built target controller_manager_msgs__rosidl_generator_py
[13.146s] [ 97%] [32mBuilding C object CMakeFiles/controller_manager_msgs__rosidl_typesupport_fastrtps_c__pyext.dir/rosidl_generator_py/controller_manager_msgs/_controller_manager_msgs_s.ep.rosidl_typesupport_fastrtps_c.c.o[0m
[13.185s] [ 98%] [32mBuilding C object CMakeFiles/controller_manager_msgs__rosidl_typesupport_introspection_c__pyext.dir/rosidl_generator_py/controller_manager_msgs/_controller_manager_msgs_s.ep.rosidl_typesupport_introspection_c.c.o[0m
[13.193s] [ 99%] [32mBuilding C object CMakeFiles/controller_manager_msgs__rosidl_typesupport_c__pyext.dir/rosidl_generator_py/controller_manager_msgs/_controller_manager_msgs_s.ep.rosidl_typesupport_c.c.o[0m
[13.539s] [ 99%] [32m[1mLinking C shared library rosidl_generator_py/controller_manager_msgs/controller_manager_msgs_s__rosidl_typesupport_c.cpython-310-x86_64-linux-gnu.so[0m
[13.546s] [100%] [32m[1mLinking C shared library rosidl_generator_py/controller_manager_msgs/controller_manager_msgs_s__rosidl_typesupport_introspection_c.cpython-310-x86_64-linux-gnu.so[0m
[13.555s] [100%] [32m[1mLinking C shared library rosidl_generator_py/controller_manager_msgs/controller_manager_msgs_s__rosidl_typesupport_fastrtps_c.cpython-310-x86_64-linux-gnu.so[0m
[13.582s] [100%] Built target controller_manager_msgs__rosidl_typesupport_c__pyext
[13.586s] [100%] Built target controller_manager_msgs__rosidl_typesupport_introspection_c__pyext
[13.609s] [100%] Built target controller_manager_msgs__rosidl_typesupport_fastrtps_c__pyext
[13.625s] Invoked command in '/home/psd/psd_ws/build/controller_manager_msgs' returned '0': CMAKE_PREFIX_PATH=${CMAKE_PREFIX_PATH}:/home/psd/psd_ws/install/rqt_joint_trajectory_controller:/home/psd/psd_ws/install/rqt_controller_manager:/home/psd/psd_ws/install/ros2controlcli:/home/psd/psd_ws/install/ros2_controllers_test_nodes:/opt/ros/humble /usr/bin/cmake --build /home/psd/psd_ws/build/controller_manager_msgs -- -j20 -l20
[14.142s] Invoking command in '/home/psd/psd_ws/build/controller_manager_msgs': CMAKE_PREFIX_PATH=${CMAKE_PREFIX_PATH}:/home/psd/psd_ws/install/rqt_joint_trajectory_controller:/home/psd/psd_ws/install/rqt_controller_manager:/home/psd/psd_ws/install/ros2controlcli:/home/psd/psd_ws/install/ros2_controllers_test_nodes:/opt/ros/humble /usr/bin/cmake --install /home/psd/psd_ws/build/controller_manager_msgs
[14.148s] -- Install configuration: ""
[14.149s] -- Execute custom install script
[14.149s] -- Symlinking: /home/psd/psd_ws/install/controller_manager_msgs/share/ament_index/resource_index/rosidl_interfaces/controller_manager_msgs
[14.158s] -- Symlinking: /home/psd/psd_ws/install/controller_manager_msgs/include/controller_manager_msgs/controller_manager_msgs/msg/chain_connection.h
[14.165s] -- Symlinking: /home/psd/psd_ws/install/controller_manager_msgs/include/controller_manager_msgs/controller_manager_msgs/msg/controller_state.h
[14.172s] -- Symlinking: /home/psd/psd_ws/install/controller_manager_msgs/include/controller_manager_msgs/controller_manager_msgs/msg/detail/chain_connection__functions.h
[14.179s] -- Symlinking: /home/psd/psd_ws/install/controller_manager_msgs/include/controller_manager_msgs/controller_manager_msgs/msg/detail/chain_connection__struct.h
[14.186s] -- Symlinking: /home/psd/psd_ws/install/controller_manager_msgs/include/controller_manager_msgs/controller_manager_msgs/msg/detail/chain_connection__type_support.h
[14.193s] -- Symlinking: /home/psd/psd_ws/install/controller_manager_msgs/include/controller_manager_msgs/controller_manager_msgs/msg/detail/controller_state__functions.h
[14.200s] -- Symlinking: /home/psd/psd_ws/install/controller_manager_msgs/include/controller_manager_msgs/controller_manager_msgs/msg/detail/controller_state__struct.h
[14.210s] -- Symlinking: /home/psd/psd_ws/install/controller_manager_msgs/include/controller_manager_msgs/controller_manager_msgs/msg/detail/controller_state__type_support.h
[14.217s] -- Symlinking: /home/psd/psd_ws/install/controller_manager_msgs/include/controller_manager_msgs/controller_manager_msgs/msg/detail/hardware_component_state__functions.h
[14.225s] -- Symlinking: /home/psd/psd_ws/install/controller_manager_msgs/include/controller_manager_msgs/controller_manager_msgs/msg/detail/hardware_component_state__struct.h
[14.232s] -- Symlinking: /home/psd/psd_ws/install/controller_manager_msgs/include/controller_manager_msgs/controller_manager_msgs/msg/detail/hardware_component_state__type_support.h
[14.240s] -- Symlinking: /home/psd/psd_ws/install/controller_manager_msgs/include/controller_manager_msgs/controller_manager_msgs/msg/detail/hardware_interface__functions.h
[14.247s] -- Symlinking: /home/psd/psd_ws/install/controller_manager_msgs/include/controller_manager_msgs/controller_manager_msgs/msg/detail/hardware_interface__struct.h
[14.254s] -- Symlinking: /home/psd/psd_ws/install/controller_manager_msgs/include/controller_manager_msgs/controller_manager_msgs/msg/detail/hardware_interface__type_support.h
[14.261s] -- Symlinking: /home/psd/psd_ws/install/controller_manager_msgs/include/controller_manager_msgs/controller_manager_msgs/msg/hardware_component_state.h
[14.270s] -- Symlinking: /home/psd/psd_ws/install/controller_manager_msgs/include/controller_manager_msgs/controller_manager_msgs/msg/hardware_interface.h
[14.278s] -- Symlinking: /home/psd/psd_ws/install/controller_manager_msgs/include/controller_manager_msgs/controller_manager_msgs/msg/rosidl_generator_c__visibility_control.h
[14.286s] -- Symlinking: /home/psd/psd_ws/install/controller_manager_msgs/include/controller_manager_msgs/controller_manager_msgs/srv/configure_controller.h
[14.294s] -- Symlinking: /home/psd/psd_ws/install/controller_manager_msgs/include/controller_manager_msgs/controller_manager_msgs/srv/detail/configure_controller__functions.h
[14.301s] -- Symlinking: /home/psd/psd_ws/install/controller_manager_msgs/include/controller_manager_msgs/controller_manager_msgs/srv/detail/configure_controller__struct.h
[14.310s] -- Symlinking: /home/psd/psd_ws/install/controller_manager_msgs/include/controller_manager_msgs/controller_manager_msgs/srv/detail/configure_controller__type_support.h
[14.317s] -- Symlinking: /home/psd/psd_ws/install/controller_manager_msgs/include/controller_manager_msgs/controller_manager_msgs/srv/detail/list_controller_types__functions.h
[14.325s] -- Symlinking: /home/psd/psd_ws/install/controller_manager_msgs/include/controller_manager_msgs/controller_manager_msgs/srv/detail/list_controller_types__struct.h
[14.332s] -- Symlinking: /home/psd/psd_ws/install/controller_manager_msgs/include/controller_manager_msgs/controller_manager_msgs/srv/detail/list_controller_types__type_support.h
[14.341s] -- Symlinking: /home/psd/psd_ws/install/controller_manager_msgs/include/controller_manager_msgs/controller_manager_msgs/srv/detail/list_controllers__functions.h
[14.349s] -- Symlinking: /home/psd/psd_ws/install/controller_manager_msgs/include/controller_manager_msgs/controller_manager_msgs/srv/detail/list_controllers__struct.h
[14.357s] -- Symlinking: /home/psd/psd_ws/install/controller_manager_msgs/include/controller_manager_msgs/controller_manager_msgs/srv/detail/list_controllers__type_support.h
[14.365s] -- Symlinking: /home/psd/psd_ws/install/controller_manager_msgs/include/controller_manager_msgs/controller_manager_msgs/srv/detail/list_hardware_components__functions.h
[14.373s] -- Symlinking: /home/psd/psd_ws/install/controller_manager_msgs/include/controller_manager_msgs/controller_manager_msgs/srv/detail/list_hardware_components__struct.h
[14.380s] -- Symlinking: /home/psd/psd_ws/install/controller_manager_msgs/include/controller_manager_msgs/controller_manager_msgs/srv/detail/list_hardware_components__type_support.h
[14.388s] -- Symlinking: /home/psd/psd_ws/install/controller_manager_msgs/include/controller_manager_msgs/controller_manager_msgs/srv/detail/list_hardware_interfaces__functions.h
[14.396s] -- Symlinking: /home/psd/psd_ws/install/controller_manager_msgs/include/controller_manager_msgs/controller_manager_msgs/srv/detail/list_hardware_interfaces__struct.h
[14.404s] -- Symlinking: /home/psd/psd_ws/install/controller_manager_msgs/include/controller_manager_msgs/controller_manager_msgs/srv/detail/list_hardware_interfaces__type_support.h
[14.412s] -- Symlinking: /home/psd/psd_ws/install/controller_manager_msgs/include/controller_manager_msgs/controller_manager_msgs/srv/detail/load_controller__functions.h
[14.420s] -- Symlinking: /home/psd/psd_ws/install/controller_manager_msgs/include/controller_manager_msgs/controller_manager_msgs/srv/detail/load_controller__struct.h
[14.428s] -- Symlinking: /home/psd/psd_ws/install/controller_manager_msgs/include/controller_manager_msgs/controller_manager_msgs/srv/detail/load_controller__type_support.h
[14.435s] -- Symlinking: /home/psd/psd_ws/install/controller_manager_msgs/include/controller_manager_msgs/controller_manager_msgs/srv/detail/reload_controller_libraries__functions.h
[14.443s] -- Symlinking: /home/psd/psd_ws/install/controller_manager_msgs/include/controller_manager_msgs/controller_manager_msgs/srv/detail/reload_controller_libraries__struct.h
[14.451s] -- Symlinking: /home/psd/psd_ws/install/controller_manager_msgs/include/controller_manager_msgs/controller_manager_msgs/srv/detail/reload_controller_libraries__type_support.h
[14.458s] -- Symlinking: /home/psd/psd_ws/install/controller_manager_msgs/include/controller_manager_msgs/controller_manager_msgs/srv/detail/set_hardware_component_state__functions.h
[14.466s] -- Symlinking: /home/psd/psd_ws/install/controller_manager_msgs/include/controller_manager_msgs/controller_manager_msgs/srv/detail/set_hardware_component_state__struct.h
[14.475s] -- Symlinking: /home/psd/psd_ws/install/controller_manager_msgs/include/controller_manager_msgs/controller_manager_msgs/srv/detail/set_hardware_component_state__type_support.h
[14.482s] -- Symlinking: /home/psd/psd_ws/install/controller_manager_msgs/include/controller_manager_msgs/controller_manager_msgs/srv/detail/switch_controller__functions.h
[14.491s] -- Symlinking: /home/psd/psd_ws/install/controller_manager_msgs/include/controller_manager_msgs/controller_manager_msgs/srv/detail/switch_controller__struct.h
[14.499s] -- Symlinking: /home/psd/psd_ws/install/controller_manager_msgs/include/controller_manager_msgs/controller_manager_msgs/srv/detail/switch_controller__type_support.h
[14.507s] -- Symlinking: /home/psd/psd_ws/install/controller_manager_msgs/include/controller_manager_msgs/controller_manager_msgs/srv/detail/unload_controller__functions.h
[14.515s] -- Symlinking: /home/psd/psd_ws/install/controller_manager_msgs/include/controller_manager_msgs/controller_manager_msgs/srv/detail/unload_controller__struct.h
[14.523s] -- Symlinking: /home/psd/psd_ws/install/controller_manager_msgs/include/controller_manager_msgs/controller_manager_msgs/srv/detail/unload_controller__type_support.h
[14.530s] -- Symlinking: /home/psd/psd_ws/install/controller_manager_msgs/include/controller_manager_msgs/controller_manager_msgs/srv/list_controller_types.h
[14.538s] -- Symlinking: /home/psd/psd_ws/install/controller_manager_msgs/include/controller_manager_msgs/controller_manager_msgs/srv/list_controllers.h
[14.546s] -- Symlinking: /home/psd/psd_ws/install/controller_manager_msgs/include/controller_manager_msgs/controller_manager_msgs/srv/list_hardware_components.h
[14.554s] -- Symlinking: /home/psd/psd_ws/install/controller_manager_msgs/include/controller_manager_msgs/controller_manager_msgs/srv/list_hardware_interfaces.h
[14.562s] -- Symlinking: /home/psd/psd_ws/install/controller_manager_msgs/include/controller_manager_msgs/controller_manager_msgs/srv/load_controller.h
[14.571s] -- Symlinking: /home/psd/psd_ws/install/controller_manager_msgs/include/controller_manager_msgs/controller_manager_msgs/srv/reload_controller_libraries.h
[14.578s] -- Symlinking: /home/psd/psd_ws/install/controller_manager_msgs/include/controller_manager_msgs/controller_manager_msgs/srv/set_hardware_component_state.h
[14.586s] -- Symlinking: /home/psd/psd_ws/install/controller_manager_msgs/include/controller_manager_msgs/controller_manager_msgs/srv/switch_controller.h
[14.594s] -- Symlinking: /home/psd/psd_ws/install/controller_manager_msgs/include/controller_manager_msgs/controller_manager_msgs/srv/unload_controller.h
[14.602s] -- Symlinking: /home/psd/psd_ws/install/controller_manager_msgs/share/controller_manager_msgs/environment/library_path.sh
[14.611s] -- Symlinking: /home/psd/psd_ws/install/controller_manager_msgs/share/controller_manager_msgs/environment/library_path.dsv
[14.620s] -- Symlinking: /home/psd/psd_ws/install/controller_manager_msgs/include/controller_manager_msgs/controller_manager_msgs/msg/detail/chain_connection__rosidl_typesupport_fastrtps_c.h
[14.628s] -- Symlinking: /home/psd/psd_ws/install/controller_manager_msgs/include/controller_manager_msgs/controller_manager_msgs/msg/detail/controller_state__rosidl_typesupport_fastrtps_c.h
[14.636s] -- Symlinking: /home/psd/psd_ws/install/controller_manager_msgs/include/controller_manager_msgs/controller_manager_msgs/msg/detail/hardware_component_state__rosidl_typesupport_fastrtps_c.h
[14.644s] -- Symlinking: /home/psd/psd_ws/install/controller_manager_msgs/include/controller_manager_msgs/controller_manager_msgs/msg/detail/hardware_interface__rosidl_typesupport_fastrtps_c.h
[14.651s] -- Symlinking: /home/psd/psd_ws/install/controller_manager_msgs/include/controller_manager_msgs/controller_manager_msgs/msg/rosidl_typesupport_fastrtps_c__visibility_control.h
[14.659s] -- Symlinking: /home/psd/psd_ws/install/controller_manager_msgs/include/controller_manager_msgs/controller_manager_msgs/srv/detail/configure_controller__rosidl_typesupport_fastrtps_c.h
[14.667s] -- Symlinking: /home/psd/psd_ws/install/controller_manager_msgs/include/controller_manager_msgs/controller_manager_msgs/srv/detail/list_controller_types__rosidl_typesupport_fastrtps_c.h
[14.675s] -- Symlinking: /home/psd/psd_ws/install/controller_manager_msgs/include/controller_manager_msgs/controller_manager_msgs/srv/detail/list_controllers__rosidl_typesupport_fastrtps_c.h
[14.684s] -- Symlinking: /home/psd/psd_ws/install/controller_manager_msgs/include/controller_manager_msgs/controller_manager_msgs/srv/detail/list_hardware_components__rosidl_typesupport_fastrtps_c.h
[14.693s] -- Symlinking: /home/psd/psd_ws/install/controller_manager_msgs/include/controller_manager_msgs/controller_manager_msgs/srv/detail/list_hardware_interfaces__rosidl_typesupport_fastrtps_c.h
[14.701s] -- Symlinking: /home/psd/psd_ws/install/controller_manager_msgs/include/controller_manager_msgs/controller_manager_msgs/srv/detail/load_controller__rosidl_typesupport_fastrtps_c.h
[14.708s] -- Symlinking: /home/psd/psd_ws/install/controller_manager_msgs/include/controller_manager_msgs/controller_manager_msgs/srv/detail/reload_controller_libraries__rosidl_typesupport_fastrtps_c.h
[14.716s] -- Symlinking: /home/psd/psd_ws/install/controller_manager_msgs/include/controller_manager_msgs/controller_manager_msgs/srv/detail/set_hardware_component_state__rosidl_typesupport_fastrtps_c.h
[14.724s] -- Symlinking: /home/psd/psd_ws/install/controller_manager_msgs/include/controller_manager_msgs/controller_manager_msgs/srv/detail/switch_controller__rosidl_typesupport_fastrtps_c.h
[14.732s] -- Symlinking: /home/psd/psd_ws/install/controller_manager_msgs/include/controller_manager_msgs/controller_manager_msgs/srv/detail/unload_controller__rosidl_typesupport_fastrtps_c.h
[14.742s] -- Symlinking: /home/psd/psd_ws/install/controller_manager_msgs/include/controller_manager_msgs/controller_manager_msgs/msg/chain_connection.hpp
[14.750s] -- Symlinking: /home/psd/psd_ws/install/controller_manager_msgs/include/controller_manager_msgs/controller_manager_msgs/msg/controller_state.hpp
[14.759s] -- Symlinking: /home/psd/psd_ws/install/controller_manager_msgs/include/controller_manager_msgs/controller_manager_msgs/msg/detail/chain_connection__builder.hpp
[14.769s] -- Symlinking: /home/psd/psd_ws/install/controller_manager_msgs/include/controller_manager_msgs/controller_manager_msgs/msg/detail/chain_connection__struct.hpp
[14.783s] -- Symlinking: /home/psd/psd_ws/install/controller_manager_msgs/include/controller_manager_msgs/controller_manager_msgs/msg/detail/chain_connection__traits.hpp
[14.792s] -- Symlinking: /home/psd/psd_ws/install/controller_manager_msgs/include/controller_manager_msgs/controller_manager_msgs/msg/detail/controller_state__builder.hpp
[14.800s] -- Symlinking: /home/psd/psd_ws/install/controller_manager_msgs/include/controller_manager_msgs/controller_manager_msgs/msg/detail/controller_state__struct.hpp
[14.808s] -- Symlinking: /home/psd/psd_ws/install/controller_manager_msgs/include/controller_manager_msgs/controller_manager_msgs/msg/detail/controller_state__traits.hpp
[14.816s] -- Symlinking: /home/psd/psd_ws/install/controller_manager_msgs/include/controller_manager_msgs/controller_manager_msgs/msg/detail/hardware_component_state__builder.hpp
[14.824s] -- Symlinking: /home/psd/psd_ws/install/controller_manager_msgs/include/controller_manager_msgs/controller_manager_msgs/msg/detail/hardware_component_state__struct.hpp
[14.832s] -- Symlinking: /home/psd/psd_ws/install/controller_manager_msgs/include/controller_manager_msgs/controller_manager_msgs/msg/detail/hardware_component_state__traits.hpp
[14.841s] -- Symlinking: /home/psd/psd_ws/install/controller_manager_msgs/include/controller_manager_msgs/controller_manager_msgs/msg/detail/hardware_interface__builder.hpp
[14.849s] -- Symlinking: /home/psd/psd_ws/install/controller_manager_msgs/include/controller_manager_msgs/controller_manager_msgs/msg/detail/hardware_interface__struct.hpp
[14.858s] -- Symlinking: /home/psd/psd_ws/install/controller_manager_msgs/include/controller_manager_msgs/controller_manager_msgs/msg/detail/hardware_interface__traits.hpp
[14.866s] -- Symlinking: /home/psd/psd_ws/install/controller_manager_msgs/include/controller_manager_msgs/controller_manager_msgs/msg/hardware_component_state.hpp
[14.874s] -- Symlinking: /home/psd/psd_ws/install/controller_manager_msgs/include/controller_manager_msgs/controller_manager_msgs/msg/hardware_interface.hpp
[14.883s] -- Symlinking: /home/psd/psd_ws/install/controller_manager_msgs/include/controller_manager_msgs/controller_manager_msgs/srv/configure_controller.hpp
[14.891s] -- Symlinking: /home/psd/psd_ws/install/controller_manager_msgs/include/controller_manager_msgs/controller_manager_msgs/srv/detail/configure_controller__builder.hpp
[14.898s] -- Symlinking: /home/psd/psd_ws/install/controller_manager_msgs/include/controller_manager_msgs/controller_manager_msgs/srv/detail/configure_controller__struct.hpp
[14.907s] -- Symlinking: /home/psd/psd_ws/install/controller_manager_msgs/include/controller_manager_msgs/controller_manager_msgs/srv/detail/configure_controller__traits.hpp
[14.915s] -- Symlinking: /home/psd/psd_ws/install/controller_manager_msgs/include/controller_manager_msgs/controller_manager_msgs/srv/detail/list_controller_types__builder.hpp
[14.924s] -- Symlinking: /home/psd/psd_ws/install/controller_manager_msgs/include/controller_manager_msgs/controller_manager_msgs/srv/detail/list_controller_types__struct.hpp
[14.931s] -- Symlinking: /home/psd/psd_ws/install/controller_manager_msgs/include/controller_manager_msgs/controller_manager_msgs/srv/detail/list_controller_types__traits.hpp
[14.941s] -- Symlinking: /home/psd/psd_ws/install/controller_manager_msgs/include/controller_manager_msgs/controller_manager_msgs/srv/detail/list_controllers__builder.hpp
[14.949s] -- Symlinking: /home/psd/psd_ws/install/controller_manager_msgs/include/controller_manager_msgs/controller_manager_msgs/srv/detail/list_controllers__struct.hpp
[14.957s] -- Symlinking: /home/psd/psd_ws/install/controller_manager_msgs/include/controller_manager_msgs/controller_manager_msgs/srv/detail/list_controllers__traits.hpp
[14.965s] -- Symlinking: /home/psd/psd_ws/install/controller_manager_msgs/include/controller_manager_msgs/controller_manager_msgs/srv/detail/list_hardware_components__builder.hpp
[14.973s] -- Symlinking: /home/psd/psd_ws/install/controller_manager_msgs/include/controller_manager_msgs/controller_manager_msgs/srv/detail/list_hardware_components__struct.hpp
[14.981s] -- Symlinking: /home/psd/psd_ws/install/controller_manager_msgs/include/controller_manager_msgs/controller_manager_msgs/srv/detail/list_hardware_components__traits.hpp
[14.989s] -- Symlinking: /home/psd/psd_ws/install/controller_manager_msgs/include/controller_manager_msgs/controller_manager_msgs/srv/detail/list_hardware_interfaces__builder.hpp
[14.996s] -- Symlinking: /home/psd/psd_ws/install/controller_manager_msgs/include/controller_manager_msgs/controller_manager_msgs/srv/detail/list_hardware_interfaces__struct.hpp
[15.004s] -- Symlinking: /home/psd/psd_ws/install/controller_manager_msgs/include/controller_manager_msgs/controller_manager_msgs/srv/detail/list_hardware_interfaces__traits.hpp
[15.013s] -- Symlinking: /home/psd/psd_ws/install/controller_manager_msgs/include/controller_manager_msgs/controller_manager_msgs/srv/detail/load_controller__builder.hpp
[15.022s] -- Symlinking: /home/psd/psd_ws/install/controller_manager_msgs/include/controller_manager_msgs/controller_manager_msgs/srv/detail/load_controller__struct.hpp
[15.030s] -- Symlinking: /home/psd/psd_ws/install/controller_manager_msgs/include/controller_manager_msgs/controller_manager_msgs/srv/detail/load_controller__traits.hpp
[15.038s] -- Symlinking: /home/psd/psd_ws/install/controller_manager_msgs/include/controller_manager_msgs/controller_manager_msgs/srv/detail/reload_controller_libraries__builder.hpp
[15.046s] -- Symlinking: /home/psd/psd_ws/install/controller_manager_msgs/include/controller_manager_msgs/controller_manager_msgs/srv/detail/reload_controller_libraries__struct.hpp
[15.054s] -- Symlinking: /home/psd/psd_ws/install/controller_manager_msgs/include/controller_manager_msgs/controller_manager_msgs/srv/detail/reload_controller_libraries__traits.hpp
[15.062s] -- Symlinking: /home/psd/psd_ws/install/controller_manager_msgs/include/controller_manager_msgs/controller_manager_msgs/srv/detail/set_hardware_component_state__builder.hpp
[15.070s] -- Symlinking: /home/psd/psd_ws/install/controller_manager_msgs/include/controller_manager_msgs/controller_manager_msgs/srv/detail/set_hardware_component_state__struct.hpp
[15.079s] -- Symlinking: /home/psd/psd_ws/install/controller_manager_msgs/include/controller_manager_msgs/controller_manager_msgs/srv/detail/set_hardware_component_state__traits.hpp
[15.087s] -- Symlinking: /home/psd/psd_ws/install/controller_manager_msgs/include/controller_manager_msgs/controller_manager_msgs/srv/detail/switch_controller__builder.hpp
[15.095s] -- Symlinking: /home/psd/psd_ws/install/controller_manager_msgs/include/controller_manager_msgs/controller_manager_msgs/srv/detail/switch_controller__struct.hpp
[15.102s] -- Symlinking: /home/psd/psd_ws/install/controller_manager_msgs/include/controller_manager_msgs/controller_manager_msgs/srv/detail/switch_controller__traits.hpp
[15.110s] -- Symlinking: /home/psd/psd_ws/install/controller_manager_msgs/include/controller_manager_msgs/controller_manager_msgs/srv/detail/unload_controller__builder.hpp
[15.118s] -- Symlinking: /home/psd/psd_ws/install/controller_manager_msgs/include/controller_manager_msgs/controller_manager_msgs/srv/detail/unload_controller__struct.hpp
[15.126s] -- Symlinking: /home/psd/psd_ws/install/controller_manager_msgs/include/controller_manager_msgs/controller_manager_msgs/srv/detail/unload_controller__traits.hpp
[15.133s] -- Symlinking: /home/psd/psd_ws/install/controller_manager_msgs/include/controller_manager_msgs/controller_manager_msgs/srv/list_controller_types.hpp
[15.141s] -- Symlinking: /home/psd/psd_ws/install/controller_manager_msgs/include/controller_manager_msgs/controller_manager_msgs/srv/list_controllers.hpp
[15.149s] -- Symlinking: /home/psd/psd_ws/install/controller_manager_msgs/include/controller_manager_msgs/controller_manager_msgs/srv/list_hardware_components.hpp
[15.158s] -- Symlinking: /home/psd/psd_ws/install/controller_manager_msgs/include/controller_manager_msgs/controller_manager_msgs/srv/list_hardware_interfaces.hpp
[15.165s] -- Symlinking: /home/psd/psd_ws/install/controller_manager_msgs/include/controller_manager_msgs/controller_manager_msgs/srv/load_controller.hpp
[15.173s] -- Symlinking: /home/psd/psd_ws/install/controller_manager_msgs/include/controller_manager_msgs/controller_manager_msgs/srv/reload_controller_libraries.hpp
[15.180s] -- Symlinking: /home/psd/psd_ws/install/controller_manager_msgs/include/controller_manager_msgs/controller_manager_msgs/srv/set_hardware_component_state.hpp
[15.188s] -- Symlinking: /home/psd/psd_ws/install/controller_manager_msgs/include/controller_manager_msgs/controller_manager_msgs/srv/switch_controller.hpp
[15.195s] -- Symlinking: /home/psd/psd_ws/install/controller_manager_msgs/include/controller_manager_msgs/controller_manager_msgs/srv/unload_controller.hpp
[15.202s] -- Symlinking: /home/psd/psd_ws/install/controller_manager_msgs/include/controller_manager_msgs/controller_manager_msgs/msg/detail/chain_connection__rosidl_typesupport_fastrtps_cpp.hpp
[15.209s] -- Symlinking: /home/psd/psd_ws/install/controller_manager_msgs/include/controller_manager_msgs/controller_manager_msgs/msg/detail/controller_state__rosidl_typesupport_fastrtps_cpp.hpp
[15.217s] -- Symlinking: /home/psd/psd_ws/install/controller_manager_msgs/include/controller_manager_msgs/controller_manager_msgs/msg/detail/hardware_component_state__rosidl_typesupport_fastrtps_cpp.hpp
[15.225s] -- Symlinking: /home/psd/psd_ws/install/controller_manager_msgs/include/controller_manager_msgs/controller_manager_msgs/msg/detail/hardware_interface__rosidl_typesupport_fastrtps_cpp.hpp
[15.232s] -- Symlinking: /home/psd/psd_ws/install/controller_manager_msgs/include/controller_manager_msgs/controller_manager_msgs/msg/rosidl_typesupport_fastrtps_cpp__visibility_control.h
[15.240s] -- Symlinking: /home/psd/psd_ws/install/controller_manager_msgs/include/controller_manager_msgs/controller_manager_msgs/srv/detail/configure_controller__rosidl_typesupport_fastrtps_cpp.hpp
[15.250s] -- Symlinking: /home/psd/psd_ws/install/controller_manager_msgs/include/controller_manager_msgs/controller_manager_msgs/srv/detail/list_controller_types__rosidl_typesupport_fastrtps_cpp.hpp
[15.258s] -- Symlinking: /home/psd/psd_ws/install/controller_manager_msgs/include/controller_manager_msgs/controller_manager_msgs/srv/detail/list_controllers__rosidl_typesupport_fastrtps_cpp.hpp
[15.266s] -- Symlinking: /home/psd/psd_ws/install/controller_manager_msgs/include/controller_manager_msgs/controller_manager_msgs/srv/detail/list_hardware_components__rosidl_typesupport_fastrtps_cpp.hpp
[15.274s] -- Symlinking: /home/psd/psd_ws/install/controller_manager_msgs/include/controller_manager_msgs/controller_manager_msgs/srv/detail/list_hardware_interfaces__rosidl_typesupport_fastrtps_cpp.hpp
[15.285s] -- Symlinking: /home/psd/psd_ws/install/controller_manager_msgs/include/controller_manager_msgs/controller_manager_msgs/srv/detail/load_controller__rosidl_typesupport_fastrtps_cpp.hpp
[15.293s] -- Symlinking: /home/psd/psd_ws/install/controller_manager_msgs/include/controller_manager_msgs/controller_manager_msgs/srv/detail/reload_controller_libraries__rosidl_typesupport_fastrtps_cpp.hpp
[15.301s] -- Symlinking: /home/psd/psd_ws/install/controller_manager_msgs/include/controller_manager_msgs/controller_manager_msgs/srv/detail/set_hardware_component_state__rosidl_typesupport_fastrtps_cpp.hpp
[15.309s] -- Symlinking: /home/psd/psd_ws/install/controller_manager_msgs/include/controller_manager_msgs/controller_manager_msgs/srv/detail/switch_controller__rosidl_typesupport_fastrtps_cpp.hpp
[15.317s] -- Symlinking: /home/psd/psd_ws/install/controller_manager_msgs/include/controller_manager_msgs/controller_manager_msgs/srv/detail/unload_controller__rosidl_typesupport_fastrtps_cpp.hpp
[15.325s] -- Symlinking: /home/psd/psd_ws/install/controller_manager_msgs/include/controller_manager_msgs/controller_manager_msgs/msg/detail/chain_connection__rosidl_typesupport_introspection_c.h
[15.333s] -- Symlinking: /home/psd/psd_ws/install/controller_manager_msgs/include/controller_manager_msgs/controller_manager_msgs/msg/detail/controller_state__rosidl_typesupport_introspection_c.h
[15.342s] -- Symlinking: /home/psd/psd_ws/install/controller_manager_msgs/include/controller_manager_msgs/controller_manager_msgs/msg/detail/hardware_component_state__rosidl_typesupport_introspection_c.h
[15.349s] -- Symlinking: /home/psd/psd_ws/install/controller_manager_msgs/include/controller_manager_msgs/controller_manager_msgs/msg/detail/hardware_interface__rosidl_typesupport_introspection_c.h
[15.357s] -- Symlinking: /home/psd/psd_ws/install/controller_manager_msgs/include/controller_manager_msgs/controller_manager_msgs/msg/rosidl_typesupport_introspection_c__visibility_control.h
[15.363s] -- Symlinking: /home/psd/psd_ws/install/controller_manager_msgs/include/controller_manager_msgs/controller_manager_msgs/srv/detail/configure_controller__rosidl_typesupport_introspection_c.h
[15.371s] -- Symlinking: /home/psd/psd_ws/install/controller_manager_msgs/include/controller_manager_msgs/controller_manager_msgs/srv/detail/list_controller_types__rosidl_typesupport_introspection_c.h
[15.377s] -- Symlinking: /home/psd/psd_ws/install/controller_manager_msgs/include/controller_manager_msgs/controller_manager_msgs/srv/detail/list_controllers__rosidl_typesupport_introspection_c.h
[15.384s] -- Symlinking: /home/psd/psd_ws/install/controller_manager_msgs/include/controller_manager_msgs/controller_manager_msgs/srv/detail/list_hardware_components__rosidl_typesupport_introspection_c.h
[15.392s] -- Symlinking: /home/psd/psd_ws/install/controller_manager_msgs/include/controller_manager_msgs/controller_manager_msgs/srv/detail/list_hardware_interfaces__rosidl_typesupport_introspection_c.h
[15.399s] -- Symlinking: /home/psd/psd_ws/install/controller_manager_msgs/include/controller_manager_msgs/controller_manager_msgs/srv/detail/load_controller__rosidl_typesupport_introspection_c.h
[15.407s] -- Symlinking: /home/psd/psd_ws/install/controller_manager_msgs/include/controller_manager_msgs/controller_manager_msgs/srv/detail/reload_controller_libraries__rosidl_typesupport_introspection_c.h
[15.415s] -- Symlinking: /home/psd/psd_ws/install/controller_manager_msgs/include/controller_manager_msgs/controller_manager_msgs/srv/detail/set_hardware_component_state__rosidl_typesupport_introspection_c.h
[15.423s] -- Symlinking: /home/psd/psd_ws/install/controller_manager_msgs/include/controller_manager_msgs/controller_manager_msgs/srv/detail/switch_controller__rosidl_typesupport_introspection_c.h
[15.430s] -- Symlinking: /home/psd/psd_ws/install/controller_manager_msgs/include/controller_manager_msgs/controller_manager_msgs/srv/detail/unload_controller__rosidl_typesupport_introspection_c.h
[15.439s] -- Symlinking: /home/psd/psd_ws/install/controller_manager_msgs/include/controller_manager_msgs/controller_manager_msgs/msg/detail/chain_connection__rosidl_typesupport_introspection_cpp.hpp
[15.446s] -- Symlinking: /home/psd/psd_ws/install/controller_manager_msgs/include/controller_manager_msgs/controller_manager_msgs/msg/detail/controller_state__rosidl_typesupport_introspection_cpp.hpp
[15.454s] -- Symlinking: /home/psd/psd_ws/install/controller_manager_msgs/include/controller_manager_msgs/controller_manager_msgs/msg/detail/hardware_component_state__rosidl_typesupport_introspection_cpp.hpp
[15.462s] -- Symlinking: /home/psd/psd_ws/install/controller_manager_msgs/include/controller_manager_msgs/controller_manager_msgs/msg/detail/hardware_interface__rosidl_typesupport_introspection_cpp.hpp
[15.470s] -- Symlinking: /home/psd/psd_ws/install/controller_manager_msgs/include/controller_manager_msgs/controller_manager_msgs/srv/detail/configure_controller__rosidl_typesupport_introspection_cpp.hpp
[15.478s] -- Symlinking: /home/psd/psd_ws/install/controller_manager_msgs/include/controller_manager_msgs/controller_manager_msgs/srv/detail/list_controller_types__rosidl_typesupport_introspection_cpp.hpp
[15.487s] -- Symlinking: /home/psd/psd_ws/install/controller_manager_msgs/include/controller_manager_msgs/controller_manager_msgs/srv/detail/list_controllers__rosidl_typesupport_introspection_cpp.hpp
[15.495s] -- Symlinking: /home/psd/psd_ws/install/controller_manager_msgs/include/controller_manager_msgs/controller_manager_msgs/srv/detail/list_hardware_components__rosidl_typesupport_introspection_cpp.hpp
[15.502s] -- Symlinking: /home/psd/psd_ws/install/controller_manager_msgs/include/controller_manager_msgs/controller_manager_msgs/srv/detail/list_hardware_interfaces__rosidl_typesupport_introspection_cpp.hpp
[15.509s] -- Symlinking: /home/psd/psd_ws/install/controller_manager_msgs/include/controller_manager_msgs/controller_manager_msgs/srv/detail/load_controller__rosidl_typesupport_introspection_cpp.hpp
[15.516s] -- Symlinking: /home/psd/psd_ws/install/controller_manager_msgs/include/controller_manager_msgs/controller_manager_msgs/srv/detail/reload_controller_libraries__rosidl_typesupport_introspection_cpp.hpp
[15.524s] -- Symlinking: /home/psd/psd_ws/install/controller_manager_msgs/include/controller_manager_msgs/controller_manager_msgs/srv/detail/set_hardware_component_state__rosidl_typesupport_introspection_cpp.hpp
[15.531s] -- Symlinking: /home/psd/psd_ws/install/controller_manager_msgs/include/controller_manager_msgs/controller_manager_msgs/srv/detail/switch_controller__rosidl_typesupport_introspection_cpp.hpp
[15.539s] -- Symlinking: /home/psd/psd_ws/install/controller_manager_msgs/include/controller_manager_msgs/controller_manager_msgs/srv/detail/unload_controller__rosidl_typesupport_introspection_cpp.hpp
[15.547s] -- Symlinking: /home/psd/psd_ws/install/controller_manager_msgs/share/controller_manager_msgs/environment/pythonpath.sh
[15.555s] -- Symlinking: /home/psd/psd_ws/install/controller_manager_msgs/share/controller_manager_msgs/environment/pythonpath.dsv
[15.563s] -- Symlinking: /home/psd/psd_ws/install/controller_manager_msgs/local/lib/python3.10/dist-packages/controller_manager_msgs-2.40.0-py3.10.egg-info/PKG-INFO
[15.570s] -- Symlinking: /home/psd/psd_ws/install/controller_manager_msgs/local/lib/python3.10/dist-packages/controller_manager_msgs-2.40.0-py3.10.egg-info/SOURCES.txt
[15.578s] -- Symlinking: /home/psd/psd_ws/install/controller_manager_msgs/local/lib/python3.10/dist-packages/controller_manager_msgs-2.40.0-py3.10.egg-info/dependency_links.txt
[15.585s] -- Symlinking: /home/psd/psd_ws/install/controller_manager_msgs/local/lib/python3.10/dist-packages/controller_manager_msgs-2.40.0-py3.10.egg-info/top_level.txt
[15.594s] -- Symlinking: /home/psd/psd_ws/install/controller_manager_msgs/local/lib/python3.10/dist-packages/controller_manager_msgs/__init__.py
[15.601s] -- Symlinking: /home/psd/psd_ws/install/controller_manager_msgs/local/lib/python3.10/dist-packages/controller_manager_msgs/_controller_manager_msgs_s.ep.rosidl_typesupport_c.c
[15.609s] -- Symlinking: /home/psd/psd_ws/install/controller_manager_msgs/local/lib/python3.10/dist-packages/controller_manager_msgs/_controller_manager_msgs_s.ep.rosidl_typesupport_fastrtps_c.c
[15.617s] -- Symlinking: /home/psd/psd_ws/install/controller_manager_msgs/local/lib/python3.10/dist-packages/controller_manager_msgs/_controller_manager_msgs_s.ep.rosidl_typesupport_introspection_c.c
[15.624s] -- Symlinking: /home/psd/psd_ws/install/controller_manager_msgs/local/lib/python3.10/dist-packages/controller_manager_msgs/controller_manager_msgs_s__rosidl_typesupport_c.cpython-310-x86_64-linux-gnu.so
[15.632s] -- Symlinking: /home/psd/psd_ws/install/controller_manager_msgs/local/lib/python3.10/dist-packages/controller_manager_msgs/controller_manager_msgs_s__rosidl_typesupport_fastrtps_c.cpython-310-x86_64-linux-gnu.so
[15.639s] -- Symlinking: /home/psd/psd_ws/install/controller_manager_msgs/local/lib/python3.10/dist-packages/controller_manager_msgs/controller_manager_msgs_s__rosidl_typesupport_introspection_c.cpython-310-x86_64-linux-gnu.so
[15.646s] -- Symlinking: /home/psd/psd_ws/install/controller_manager_msgs/local/lib/python3.10/dist-packages/controller_manager_msgs/libcontroller_manager_msgs__rosidl_generator_py.so
[15.653s] -- Symlinking: /home/psd/psd_ws/install/controller_manager_msgs/local/lib/python3.10/dist-packages/controller_manager_msgs/msg/__init__.py
[15.660s] -- Symlinking: /home/psd/psd_ws/install/controller_manager_msgs/local/lib/python3.10/dist-packages/controller_manager_msgs/msg/_chain_connection.py
[15.667s] -- Symlinking: /home/psd/psd_ws/install/controller_manager_msgs/local/lib/python3.10/dist-packages/controller_manager_msgs/msg/_chain_connection_s.c
[15.675s] -- Symlinking: /home/psd/psd_ws/install/controller_manager_msgs/local/lib/python3.10/dist-packages/controller_manager_msgs/msg/_controller_state.py
[15.682s] -- Symlinking: /home/psd/psd_ws/install/controller_manager_msgs/local/lib/python3.10/dist-packages/controller_manager_msgs/msg/_controller_state_s.c
[15.691s] -- Symlinking: /home/psd/psd_ws/install/controller_manager_msgs/local/lib/python3.10/dist-packages/controller_manager_msgs/msg/_hardware_component_state.py
[15.698s] -- Symlinking: /home/psd/psd_ws/install/controller_manager_msgs/local/lib/python3.10/dist-packages/controller_manager_msgs/msg/_hardware_component_state_s.c
[15.706s] -- Symlinking: /home/psd/psd_ws/install/controller_manager_msgs/local/lib/python3.10/dist-packages/controller_manager_msgs/msg/_hardware_interface.py
[15.713s] -- Symlinking: /home/psd/psd_ws/install/controller_manager_msgs/local/lib/python3.10/dist-packages/controller_manager_msgs/msg/_hardware_interface_s.c
[15.721s] -- Symlinking: /home/psd/psd_ws/install/controller_manager_msgs/local/lib/python3.10/dist-packages/controller_manager_msgs/srv/__init__.py
[15.728s] -- Symlinking: /home/psd/psd_ws/install/controller_manager_msgs/local/lib/python3.10/dist-packages/controller_manager_msgs/srv/_configure_controller.py
[15.736s] -- Symlinking: /home/psd/psd_ws/install/controller_manager_msgs/local/lib/python3.10/dist-packages/controller_manager_msgs/srv/_configure_controller_s.c
[15.744s] -- Symlinking: /home/psd/psd_ws/install/controller_manager_msgs/local/lib/python3.10/dist-packages/controller_manager_msgs/srv/_list_controller_types.py
[15.752s] -- Symlinking: /home/psd/psd_ws/install/controller_manager_msgs/local/lib/python3.10/dist-packages/controller_manager_msgs/srv/_list_controller_types_s.c
[15.760s] -- Symlinking: /home/psd/psd_ws/install/controller_manager_msgs/local/lib/python3.10/dist-packages/controller_manager_msgs/srv/_list_controllers.py
[15.767s] -- Symlinking: /home/psd/psd_ws/install/controller_manager_msgs/local/lib/python3.10/dist-packages/controller_manager_msgs/srv/_list_controllers_s.c
[15.775s] -- Symlinking: /home/psd/psd_ws/install/controller_manager_msgs/local/lib/python3.10/dist-packages/controller_manager_msgs/srv/_list_hardware_components.py
[15.784s] -- Symlinking: /home/psd/psd_ws/install/controller_manager_msgs/local/lib/python3.10/dist-packages/controller_manager_msgs/srv/_list_hardware_components_s.c
[15.791s] -- Symlinking: /home/psd/psd_ws/install/controller_manager_msgs/local/lib/python3.10/dist-packages/controller_manager_msgs/srv/_list_hardware_interfaces.py
[15.798s] -- Symlinking: /home/psd/psd_ws/install/controller_manager_msgs/local/lib/python3.10/dist-packages/controller_manager_msgs/srv/_list_hardware_interfaces_s.c
[15.807s] -- Symlinking: /home/psd/psd_ws/install/controller_manager_msgs/local/lib/python3.10/dist-packages/controller_manager_msgs/srv/_load_controller.py
[15.814s] -- Symlinking: /home/psd/psd_ws/install/controller_manager_msgs/local/lib/python3.10/dist-packages/controller_manager_msgs/srv/_load_controller_s.c
[15.822s] -- Symlinking: /home/psd/psd_ws/install/controller_manager_msgs/local/lib/python3.10/dist-packages/controller_manager_msgs/srv/_reload_controller_libraries.py
[15.830s] -- Symlinking: /home/psd/psd_ws/install/controller_manager_msgs/local/lib/python3.10/dist-packages/controller_manager_msgs/srv/_reload_controller_libraries_s.c
[15.838s] -- Symlinking: /home/psd/psd_ws/install/controller_manager_msgs/local/lib/python3.10/dist-packages/controller_manager_msgs/srv/_set_hardware_component_state.py
[15.846s] -- Symlinking: /home/psd/psd_ws/install/controller_manager_msgs/local/lib/python3.10/dist-packages/controller_manager_msgs/srv/_set_hardware_component_state_s.c
[15.854s] -- Symlinking: /home/psd/psd_ws/install/controller_manager_msgs/local/lib/python3.10/dist-packages/controller_manager_msgs/srv/_switch_controller.py
[15.862s] -- Symlinking: /home/psd/psd_ws/install/controller_manager_msgs/local/lib/python3.10/dist-packages/controller_manager_msgs/srv/_switch_controller_s.c
[15.870s] -- Symlinking: /home/psd/psd_ws/install/controller_manager_msgs/local/lib/python3.10/dist-packages/controller_manager_msgs/srv/_unload_controller.py
[15.878s] -- Symlinking: /home/psd/psd_ws/install/controller_manager_msgs/local/lib/python3.10/dist-packages/controller_manager_msgs/srv/_unload_controller_s.c
[15.887s] -- Up-to-date symlink: /home/psd/psd_ws/install/controller_manager_msgs/local/lib/python3.10/dist-packages/controller_manager_msgs/controller_manager_msgs_s__rosidl_typesupport_fastrtps_c.cpython-310-x86_64-linux-gnu.so
[15.887s] -- Up-to-date symlink: /home/psd/psd_ws/install/controller_manager_msgs/local/lib/python3.10/dist-packages/controller_manager_msgs/controller_manager_msgs_s__rosidl_typesupport_introspection_c.cpython-310-x86_64-linux-gnu.so
[15.887s] -- Up-to-date symlink: /home/psd/psd_ws/install/controller_manager_msgs/local/lib/python3.10/dist-packages/controller_manager_msgs/controller_manager_msgs_s__rosidl_typesupport_c.cpython-310-x86_64-linux-gnu.so
[15.888s] -- Symlinking: /home/psd/psd_ws/install/controller_manager_msgs/share/controller_manager_msgs/msg/ControllerState.idl
[15.895s] -- Symlinking: /home/psd/psd_ws/install/controller_manager_msgs/share/controller_manager_msgs/msg/ChainConnection.idl
[15.903s] -- Symlinking: /home/psd/psd_ws/install/controller_manager_msgs/share/controller_manager_msgs/msg/HardwareComponentState.idl
[15.910s] -- Symlinking: /home/psd/psd_ws/install/controller_manager_msgs/share/controller_manager_msgs/msg/HardwareInterface.idl
[15.918s] -- Symlinking: /home/psd/psd_ws/install/controller_manager_msgs/share/controller_manager_msgs/srv/ConfigureController.idl
[15.926s] -- Symlinking: /home/psd/psd_ws/install/controller_manager_msgs/share/controller_manager_msgs/srv/ListControllers.idl
[15.934s] -- Symlinking: /home/psd/psd_ws/install/controller_manager_msgs/share/controller_manager_msgs/srv/ListControllerTypes.idl
[15.942s] -- Symlinking: /home/psd/psd_ws/install/controller_manager_msgs/share/controller_manager_msgs/srv/ListHardwareComponents.idl
[15.950s] -- Symlinking: /home/psd/psd_ws/install/controller_manager_msgs/share/controller_manager_msgs/srv/ListHardwareInterfaces.idl
[15.958s] -- Symlinking: /home/psd/psd_ws/install/controller_manager_msgs/share/controller_manager_msgs/srv/LoadController.idl
[15.965s] -- Symlinking: /home/psd/psd_ws/install/controller_manager_msgs/share/controller_manager_msgs/srv/ReloadControllerLibraries.idl
[15.973s] -- Symlinking: /home/psd/psd_ws/install/controller_manager_msgs/share/controller_manager_msgs/srv/SetHardwareComponentState.idl
[15.981s] -- Symlinking: /home/psd/psd_ws/install/controller_manager_msgs/share/controller_manager_msgs/srv/SwitchController.idl
[15.989s] -- Symlinking: /home/psd/psd_ws/install/controller_manager_msgs/share/controller_manager_msgs/srv/UnloadController.idl
[15.997s] -- Symlinking: /home/psd/psd_ws/install/controller_manager_msgs/share/controller_manager_msgs/msg/ControllerState.msg
[16.004s] -- Symlinking: /home/psd/psd_ws/install/controller_manager_msgs/share/controller_manager_msgs/msg/ChainConnection.msg
[16.013s] -- Symlinking: /home/psd/psd_ws/install/controller_manager_msgs/share/controller_manager_msgs/msg/HardwareComponentState.msg
[16.021s] -- Symlinking: /home/psd/psd_ws/install/controller_manager_msgs/share/controller_manager_msgs/msg/HardwareInterface.msg
[16.029s] -- Symlinking: /home/psd/psd_ws/install/controller_manager_msgs/share/controller_manager_msgs/srv/ConfigureController.srv
[16.037s] -- Symlinking: /home/psd/psd_ws/install/controller_manager_msgs/share/controller_manager_msgs/srv/ConfigureController_Request.msg
[16.045s] -- Symlinking: /home/psd/psd_ws/install/controller_manager_msgs/share/controller_manager_msgs/srv/ConfigureController_Response.msg
[16.054s] -- Symlinking: /home/psd/psd_ws/install/controller_manager_msgs/share/controller_manager_msgs/srv/ListControllers.srv
[16.062s] -- Symlinking: /home/psd/psd_ws/install/controller_manager_msgs/share/controller_manager_msgs/srv/ListControllers_Request.msg
[16.070s] -- Symlinking: /home/psd/psd_ws/install/controller_manager_msgs/share/controller_manager_msgs/srv/ListControllers_Response.msg
[16.078s] -- Symlinking: /home/psd/psd_ws/install/controller_manager_msgs/share/controller_manager_msgs/srv/ListControllerTypes.srv
[16.087s] -- Symlinking: /home/psd/psd_ws/install/controller_manager_msgs/share/controller_manager_msgs/srv/ListControllerTypes_Request.msg
[16.095s] -- Symlinking: /home/psd/psd_ws/install/controller_manager_msgs/share/controller_manager_msgs/srv/ListControllerTypes_Response.msg
[16.103s] -- Symlinking: /home/psd/psd_ws/install/controller_manager_msgs/share/controller_manager_msgs/srv/ListHardwareComponents.srv
[16.112s] -- Symlinking: /home/psd/psd_ws/install/controller_manager_msgs/share/controller_manager_msgs/srv/ListHardwareComponents_Request.msg
[16.120s] -- Symlinking: /home/psd/psd_ws/install/controller_manager_msgs/share/controller_manager_msgs/srv/ListHardwareComponents_Response.msg
[16.128s] -- Symlinking: /home/psd/psd_ws/install/controller_manager_msgs/share/controller_manager_msgs/srv/ListHardwareInterfaces.srv
[16.135s] -- Symlinking: /home/psd/psd_ws/install/controller_manager_msgs/share/controller_manager_msgs/srv/ListHardwareInterfaces_Request.msg
[16.143s] -- Symlinking: /home/psd/psd_ws/install/controller_manager_msgs/share/controller_manager_msgs/srv/ListHardwareInterfaces_Response.msg
[16.151s] -- Symlinking: /home/psd/psd_ws/install/controller_manager_msgs/share/controller_manager_msgs/srv/LoadController.srv
[16.158s] -- Symlinking: /home/psd/psd_ws/install/controller_manager_msgs/share/controller_manager_msgs/srv/LoadController_Request.msg
[16.168s] -- Symlinking: /home/psd/psd_ws/install/controller_manager_msgs/share/controller_manager_msgs/srv/LoadController_Response.msg
[16.176s] -- Symlinking: /home/psd/psd_ws/install/controller_manager_msgs/share/controller_manager_msgs/srv/ReloadControllerLibraries.srv
[16.185s] -- Symlinking: /home/psd/psd_ws/install/controller_manager_msgs/share/controller_manager_msgs/srv/ReloadControllerLibraries_Request.msg
[16.194s] -- Symlinking: /home/psd/psd_ws/install/controller_manager_msgs/share/controller_manager_msgs/srv/ReloadControllerLibraries_Response.msg
[16.201s] -- Symlinking: /home/psd/psd_ws/install/controller_manager_msgs/share/controller_manager_msgs/srv/SetHardwareComponentState.srv
[16.209s] -- Symlinking: /home/psd/psd_ws/install/controller_manager_msgs/share/controller_manager_msgs/srv/SetHardwareComponentState_Request.msg
[16.218s] -- Symlinking: /home/psd/psd_ws/install/controller_manager_msgs/share/controller_manager_msgs/srv/SetHardwareComponentState_Response.msg
[16.226s] -- Symlinking: /home/psd/psd_ws/install/controller_manager_msgs/share/controller_manager_msgs/srv/SwitchController.srv
[16.234s] -- Symlinking: /home/psd/psd_ws/install/controller_manager_msgs/share/controller_manager_msgs/srv/SwitchController_Request.msg
[16.242s] -- Symlinking: /home/psd/psd_ws/install/controller_manager_msgs/share/controller_manager_msgs/srv/SwitchController_Response.msg
[16.251s] -- Symlinking: /home/psd/psd_ws/install/controller_manager_msgs/share/controller_manager_msgs/srv/UnloadController.srv
[16.259s] -- Symlinking: /home/psd/psd_ws/install/controller_manager_msgs/share/controller_manager_msgs/srv/UnloadController_Request.msg
[16.267s] -- Symlinking: /home/psd/psd_ws/install/controller_manager_msgs/share/controller_manager_msgs/srv/UnloadController_Response.msg
[16.275s] -- Symlinking: /home/psd/psd_ws/install/controller_manager_msgs/share/ament_index/resource_index/package_run_dependencies/controller_manager_msgs
[16.283s] -- Symlinking: /home/psd/psd_ws/install/controller_manager_msgs/share/ament_index/resource_index/parent_prefix_path/controller_manager_msgs
[16.291s] -- Symlinking: /home/psd/psd_ws/install/controller_manager_msgs/share/controller_manager_msgs/environment/ament_prefix_path.sh
[16.299s] -- Symlinking: /home/psd/psd_ws/install/controller_manager_msgs/share/controller_manager_msgs/environment/ament_prefix_path.dsv
[16.308s] -- Symlinking: /home/psd/psd_ws/install/controller_manager_msgs/share/controller_manager_msgs/environment/path.sh
[16.316s] -- Symlinking: /home/psd/psd_ws/install/controller_manager_msgs/share/controller_manager_msgs/environment/path.dsv
[16.325s] -- Symlinking: /home/psd/psd_ws/install/controller_manager_msgs/share/controller_manager_msgs/local_setup.bash
[16.333s] -- Symlinking: /home/psd/psd_ws/install/controller_manager_msgs/share/controller_manager_msgs/local_setup.sh
[16.341s] -- Symlinking: /home/psd/psd_ws/install/controller_manager_msgs/share/controller_manager_msgs/local_setup.zsh
[16.349s] -- Symlinking: /home/psd/psd_ws/install/controller_manager_msgs/share/controller_manager_msgs/local_setup.dsv
[16.357s] -- Symlinking: /home/psd/psd_ws/install/controller_manager_msgs/share/controller_manager_msgs/package.dsv
[16.365s] -- Symlinking: /home/psd/psd_ws/install/controller_manager_msgs/share/ament_index/resource_index/packages/controller_manager_msgs
[16.373s] -- Symlinking: /home/psd/psd_ws/install/controller_manager_msgs/share/controller_manager_msgs/cmake/rosidl_cmake-extras.cmake
[16.382s] -- Symlinking: /home/psd/psd_ws/install/controller_manager_msgs/share/controller_manager_msgs/cmake/ament_cmake_export_dependencies-extras.cmake
[16.391s] -- Symlinking: /home/psd/psd_ws/install/controller_manager_msgs/share/controller_manager_msgs/cmake/ament_cmake_export_include_directories-extras.cmake
[16.399s] -- Symlinking: /home/psd/psd_ws/install/controller_manager_msgs/share/controller_manager_msgs/cmake/ament_cmake_export_libraries-extras.cmake
[16.407s] -- Symlinking: /home/psd/psd_ws/install/controller_manager_msgs/share/controller_manager_msgs/cmake/ament_cmake_export_targets-extras.cmake
[16.415s] -- Symlinking: /home/psd/psd_ws/install/controller_manager_msgs/share/controller_manager_msgs/cmake/rosidl_cmake_export_typesupport_targets-extras.cmake
[16.422s] -- Symlinking: /home/psd/psd_ws/install/controller_manager_msgs/share/controller_manager_msgs/cmake/rosidl_cmake_export_typesupport_libraries-extras.cmake
[16.430s] -- Symlinking: /home/psd/psd_ws/install/controller_manager_msgs/share/controller_manager_msgs/cmake/controller_manager_msgsConfig.cmake
[16.437s] -- Symlinking: /home/psd/psd_ws/install/controller_manager_msgs/share/controller_manager_msgs/cmake/controller_manager_msgsConfig-version.cmake
[16.444s] -- Symlinking: /home/psd/psd_ws/install/controller_manager_msgs/share/controller_manager_msgs/package.xml
[16.452s] -- Installing: /home/psd/psd_ws/install/controller_manager_msgs/lib/libcontroller_manager_msgs__rosidl_generator_c.so
[16.452s] -- Set runtime path of "/home/psd/psd_ws/install/controller_manager_msgs/lib/libcontroller_manager_msgs__rosidl_generator_c.so" to ""
[16.452s] -- Installing: /home/psd/psd_ws/install/controller_manager_msgs/lib/libcontroller_manager_msgs__rosidl_typesupport_fastrtps_c.so
[16.452s] -- Set runtime path of "/home/psd/psd_ws/install/controller_manager_msgs/lib/libcontroller_manager_msgs__rosidl_typesupport_fastrtps_c.so" to ""
[16.453s] -- Installing: /home/psd/psd_ws/install/controller_manager_msgs/lib/libcontroller_manager_msgs__rosidl_typesupport_fastrtps_cpp.so
[16.453s] -- Set runtime path of "/home/psd/psd_ws/install/controller_manager_msgs/lib/libcontroller_manager_msgs__rosidl_typesupport_fastrtps_cpp.so" to ""
[16.453s] -- Installing: /home/psd/psd_ws/install/controller_manager_msgs/lib/libcontroller_manager_msgs__rosidl_typesupport_introspection_c.so
[16.453s] -- Set runtime path of "/home/psd/psd_ws/install/controller_manager_msgs/lib/libcontroller_manager_msgs__rosidl_typesupport_introspection_c.so" to ""
[16.453s] -- Installing: /home/psd/psd_ws/install/controller_manager_msgs/lib/libcontroller_manager_msgs__rosidl_typesupport_c.so
[16.454s] -- Set runtime path of "/home/psd/psd_ws/install/controller_manager_msgs/lib/libcontroller_manager_msgs__rosidl_typesupport_c.so" to ""
[16.454s] -- Installing: /home/psd/psd_ws/install/controller_manager_msgs/lib/libcontroller_manager_msgs__rosidl_typesupport_introspection_cpp.so
[16.454s] -- Set runtime path of "/home/psd/psd_ws/install/controller_manager_msgs/lib/libcontroller_manager_msgs__rosidl_typesupport_introspection_cpp.so" to ""
[16.454s] -- Installing: /home/psd/psd_ws/install/controller_manager_msgs/lib/libcontroller_manager_msgs__rosidl_typesupport_cpp.so
[16.454s] -- Set runtime path of "/home/psd/psd_ws/install/controller_manager_msgs/lib/libcontroller_manager_msgs__rosidl_typesupport_cpp.so" to ""
[16.501s] Listing '/home/psd/psd_ws/install/controller_manager_msgs/local/lib/python3.10/dist-packages/controller_manager_msgs'...
[16.501s] Compiling '/home/psd/psd_ws/install/controller_manager_msgs/local/lib/python3.10/dist-packages/controller_manager_msgs/__init__.py'...
[16.501s] Listing '/home/psd/psd_ws/install/controller_manager_msgs/local/lib/python3.10/dist-packages/controller_manager_msgs/msg'...
[16.501s] Compiling '/home/psd/psd_ws/install/controller_manager_msgs/local/lib/python3.10/dist-packages/controller_manager_msgs/msg/__init__.py'...
[16.501s] Compiling '/home/psd/psd_ws/install/controller_manager_msgs/local/lib/python3.10/dist-packages/controller_manager_msgs/msg/_chain_connection.py'...
[16.501s] Compiling '/home/psd/psd_ws/install/controller_manager_msgs/local/lib/python3.10/dist-packages/controller_manager_msgs/msg/_controller_state.py'...
[16.501s] Compiling '/home/psd/psd_ws/install/controller_manager_msgs/local/lib/python3.10/dist-packages/controller_manager_msgs/msg/_hardware_component_state.py'...
[16.501s] Compiling '/home/psd/psd_ws/install/controller_manager_msgs/local/lib/python3.10/dist-packages/controller_manager_msgs/msg/_hardware_interface.py'...
[16.501s] Listing '/home/psd/psd_ws/install/controller_manager_msgs/local/lib/python3.10/dist-packages/controller_manager_msgs/srv'...
[16.501s] Compiling '/home/psd/psd_ws/install/controller_manager_msgs/local/lib/python3.10/dist-packages/controller_manager_msgs/srv/__init__.py'...
[16.501s] Compiling '/home/psd/psd_ws/install/controller_manager_msgs/local/lib/python3.10/dist-packages/controller_manager_msgs/srv/_configure_controller.py'...
[16.501s] Compiling '/home/psd/psd_ws/install/controller_manager_msgs/local/lib/python3.10/dist-packages/controller_manager_msgs/srv/_list_controller_types.py'...
[16.501s] Compiling '/home/psd/psd_ws/install/controller_manager_msgs/local/lib/python3.10/dist-packages/controller_manager_msgs/srv/_list_controllers.py'...
[16.501s] Compiling '/home/psd/psd_ws/install/controller_manager_msgs/local/lib/python3.10/dist-packages/controller_manager_msgs/srv/_list_hardware_components.py'...
[16.501s] Compiling '/home/psd/psd_ws/install/controller_manager_msgs/local/lib/python3.10/dist-packages/controller_manager_msgs/srv/_list_hardware_interfaces.py'...
[16.501s] Compiling '/home/psd/psd_ws/install/controller_manager_msgs/local/lib/python3.10/dist-packages/controller_manager_msgs/srv/_load_controller.py'...
[16.501s] Compiling '/home/psd/psd_ws/install/controller_manager_msgs/local/lib/python3.10/dist-packages/controller_manager_msgs/srv/_reload_controller_libraries.py'...
[16.501s] Compiling '/home/psd/psd_ws/install/controller_manager_msgs/local/lib/python3.10/dist-packages/controller_manager_msgs/srv/_set_hardware_component_state.py'...
[16.501s] Compiling '/home/psd/psd_ws/install/controller_manager_msgs/local/lib/python3.10/dist-packages/controller_manager_msgs/srv/_switch_controller.py'...
[16.501s] Compiling '/home/psd/psd_ws/install/controller_manager_msgs/local/lib/python3.10/dist-packages/controller_manager_msgs/srv/_unload_controller.py'...
[16.504s] -- Installing: /home/psd/psd_ws/install/controller_manager_msgs/lib/libcontroller_manager_msgs__rosidl_generator_py.so
[16.505s] -- Set runtime path of "/home/psd/psd_ws/install/controller_manager_msgs/lib/libcontroller_manager_msgs__rosidl_generator_py.so" to ""
[16.505s] -- Installing: /home/psd/psd_ws/install/controller_manager_msgs/share/controller_manager_msgs/cmake/export_controller_manager_msgs__rosidl_generator_cExport.cmake
[16.505s] -- Installing: /home/psd/psd_ws/install/controller_manager_msgs/share/controller_manager_msgs/cmake/export_controller_manager_msgs__rosidl_generator_cExport-noconfig.cmake
[16.505s] -- Installing: /home/psd/psd_ws/install/controller_manager_msgs/share/controller_manager_msgs/cmake/export_controller_manager_msgs__rosidl_typesupport_fastrtps_cExport.cmake
[16.506s] -- Installing: /home/psd/psd_ws/install/controller_manager_msgs/share/controller_manager_msgs/cmake/export_controller_manager_msgs__rosidl_typesupport_fastrtps_cExport-noconfig.cmake
[16.506s] -- Installing: /home/psd/psd_ws/install/controller_manager_msgs/share/controller_manager_msgs/cmake/export_controller_manager_msgs__rosidl_generator_cppExport.cmake
[16.506s] -- Installing: /home/psd/psd_ws/install/controller_manager_msgs/share/controller_manager_msgs/cmake/export_controller_manager_msgs__rosidl_typesupport_fastrtps_cppExport.cmake
[16.506s] -- Installing: /home/psd/psd_ws/install/controller_manager_msgs/share/controller_manager_msgs/cmake/export_controller_manager_msgs__rosidl_typesupport_fastrtps_cppExport-noconfig.cmake
[16.506s] -- Installing: /home/psd/psd_ws/install/controller_manager_msgs/share/controller_manager_msgs/cmake/controller_manager_msgs__rosidl_typesupport_introspection_cExport.cmake
[16.506s] -- Installing: /home/psd/psd_ws/install/controller_manager_msgs/share/controller_manager_msgs/cmake/controller_manager_msgs__rosidl_typesupport_introspection_cExport-noconfig.cmake
[16.506s] -- Installing: /home/psd/psd_ws/install/controller_manager_msgs/share/controller_manager_msgs/cmake/controller_manager_msgs__rosidl_typesupport_cExport.cmake
[16.507s] -- Installing: /home/psd/psd_ws/install/controller_manager_msgs/share/controller_manager_msgs/cmake/controller_manager_msgs__rosidl_typesupport_cExport-noconfig.cmake
[16.507s] -- Installing: /home/psd/psd_ws/install/controller_manager_msgs/share/controller_manager_msgs/cmake/controller_manager_msgs__rosidl_typesupport_introspection_cppExport.cmake
[16.507s] -- Installing: /home/psd/psd_ws/install/controller_manager_msgs/share/controller_manager_msgs/cmake/controller_manager_msgs__rosidl_typesupport_introspection_cppExport-noconfig.cmake
[16.507s] -- Installing: /home/psd/psd_ws/install/controller_manager_msgs/share/controller_manager_msgs/cmake/controller_manager_msgs__rosidl_typesupport_cppExport.cmake
[16.507s] -- Installing: /home/psd/psd_ws/install/controller_manager_msgs/share/controller_manager_msgs/cmake/controller_manager_msgs__rosidl_typesupport_cppExport-noconfig.cmake
[16.507s] -- Installing: /home/psd/psd_ws/install/controller_manager_msgs/share/controller_manager_msgs/cmake/export_controller_manager_msgs__rosidl_generator_pyExport.cmake
[16.508s] -- Installing: /home/psd/psd_ws/install/controller_manager_msgs/share/controller_manager_msgs/cmake/export_controller_manager_msgs__rosidl_generator_pyExport-noconfig.cmake
[16.510s] Invoked command in '/home/psd/psd_ws/build/controller_manager_msgs' returned '0': CMAKE_PREFIX_PATH=${CMAKE_PREFIX_PATH}:/home/psd/psd_ws/install/rqt_joint_trajectory_controller:/home/psd/psd_ws/install/rqt_controller_manager:/home/psd/psd_ws/install/ros2controlcli:/home/psd/psd_ws/install/ros2_controllers_test_nodes:/opt/ros/humble /usr/bin/cmake --install /home/psd/psd_ws/build/controller_manager_msgs
