[0.012s] Invoking command in '/home/ubuntu/psd_ws/build/psd_vehicle_description': CMAKE_PREFIX_PATH=${CMAKE_PREFIX_PATH}:/opt/ros/jazzy /usr/bin/cmake /home/ubuntu/psd_ws/src/psd_vehicle_description -DAMENT_CMAKE_SYMLINK_INSTALL=1 -DCMAKE_INSTALL_PREFIX=/home/ubuntu/psd_ws/install/psd_vehicle_description
[0.052s] -- The C compiler identification is GNU 13.2.0
[0.089s] -- The CXX compiler identification is GNU 13.2.0
[0.099s] -- Detecting C compiler ABI info
[0.160s] -- Detecting C compiler ABI info - done
[0.165s] -- Check for working C compiler: /usr/bin/cc - skipped
[0.166s] -- Detecting C compile features
[0.166s] -- Detecting C compile features - done
[0.173s] -- Detecting CXX compiler ABI info
[0.240s] -- Detecting CXX compiler ABI info - done
[0.246s] -- Check for working CXX compiler: /usr/bin/c++ - skipped
[0.246s] -- Detecting CXX compile features
[0.246s] -- Detecting CXX compile features - done
[0.252s] -- Found ament_cmake: 2.5.0 (/opt/ros/jazzy/share/ament_cmake/cmake)
[0.371s] -- Found Python3: /usr/bin/python3 (found version "3.12.3") found components: Interpreter 
[0.420s] -- Override CMake install command with custom implementation using symlinks instead of copying resources
[0.565s] -- Configuring done (0.5s)
[0.567s] -- Generating done (0.0s)
[0.567s] -- Build files have been written to: /home/ubuntu/psd_ws/build/psd_vehicle_description
[0.571s] Invoked command in '/home/ubuntu/psd_ws/build/psd_vehicle_description' returned '0': CMAKE_PREFIX_PATH=${CMAKE_PREFIX_PATH}:/opt/ros/jazzy /usr/bin/cmake /home/ubuntu/psd_ws/src/psd_vehicle_description -DAMENT_CMAKE_SYMLINK_INSTALL=1 -DCMAKE_INSTALL_PREFIX=/home/ubuntu/psd_ws/install/psd_vehicle_description
[0.571s] Invoking command in '/home/ubuntu/psd_ws/build/psd_vehicle_description': CMAKE_PREFIX_PATH=${CMAKE_PREFIX_PATH}:/opt/ros/jazzy /usr/bin/cmake --build /home/ubuntu/psd_ws/build/psd_vehicle_description -- -j20 -l20
[0.597s] Invoked command in '/home/ubuntu/psd_ws/build/psd_vehicle_description' returned '0': CMAKE_PREFIX_PATH=${CMAKE_PREFIX_PATH}:/opt/ros/jazzy /usr/bin/cmake --build /home/ubuntu/psd_ws/build/psd_vehicle_description -- -j20 -l20
[0.620s] Invoking command in '/home/ubuntu/psd_ws/build/psd_vehicle_description': CMAKE_PREFIX_PATH=${CMAKE_PREFIX_PATH}:/opt/ros/jazzy /usr/bin/cmake --install /home/ubuntu/psd_ws/build/psd_vehicle_description
[0.625s] -- Install configuration: ""
[0.625s] -- Execute custom install script
[0.626s] -- Symlinking: /home/ubuntu/psd_ws/install/psd_vehicle_description/share/psd_vehicle_description/rviz/psd_vehicle.rviz
[0.632s] -- Symlinking: /home/ubuntu/psd_ws/install/psd_vehicle_description/share/psd_vehicle_description/view_psd_vehicle.launch.py
[0.639s] -- Symlinking: /home/ubuntu/psd_ws/install/psd_vehicle_description/share/psd_vehicle_description/meshes/collision/base_link.stl
[0.645s] -- Symlinking: /home/ubuntu/psd_ws/install/psd_vehicle_description/share/psd_vehicle_description/meshes/collision/link_FL_1.stl
[0.651s] -- Symlinking: /home/ubuntu/psd_ws/install/psd_vehicle_description/share/psd_vehicle_description/meshes/collision/link_FR_1.stl
[0.657s] -- Symlinking: /home/ubuntu/psd_ws/install/psd_vehicle_description/share/psd_vehicle_description/meshes/collision/link_RL_1.stl
[0.663s] -- Symlinking: /home/ubuntu/psd_ws/install/psd_vehicle_description/share/psd_vehicle_description/meshes/collision/link_RR_1.stl
[0.669s] -- Symlinking: /home/ubuntu/psd_ws/install/psd_vehicle_description/share/psd_vehicle_description/meshes/collision/perno_FL_1.stl
[0.675s] -- Symlinking: /home/ubuntu/psd_ws/install/psd_vehicle_description/share/psd_vehicle_description/meshes/collision/perno_FR_1.stl
[0.682s] -- Symlinking: /home/ubuntu/psd_ws/install/psd_vehicle_description/share/psd_vehicle_description/meshes/collision/tyre_FL_1.stl
[0.687s] -- Symlinking: /home/ubuntu/psd_ws/install/psd_vehicle_description/share/psd_vehicle_description/meshes/collision/tyre_FR_1.stl
[0.693s] -- Symlinking: /home/ubuntu/psd_ws/install/psd_vehicle_description/share/psd_vehicle_description/meshes/collision/tyre_RL_1.stl
[0.699s] -- Symlinking: /home/ubuntu/psd_ws/install/psd_vehicle_description/share/psd_vehicle_description/meshes/collision/tyre_RR_1.stl
[0.705s] -- Symlinking: /home/ubuntu/psd_ws/install/psd_vehicle_description/share/psd_vehicle_description/meshes/components/camera_mount_bot.dae
[0.711s] -- Symlinking: /home/ubuntu/psd_ws/install/psd_vehicle_description/share/psd_vehicle_description/meshes/components/camera_mount_mid.dae
[0.717s] -- Symlinking: /home/ubuntu/psd_ws/install/psd_vehicle_description/share/psd_vehicle_description/meshes/components/camera_mount_top.dae
[0.723s] -- Symlinking: /home/ubuntu/psd_ws/install/psd_vehicle_description/share/psd_vehicle_description/meshes/obj+mtl/chassis.mtl
[0.729s] -- Symlinking: /home/ubuntu/psd_ws/install/psd_vehicle_description/share/psd_vehicle_description/meshes/obj+mtl/chassis.obj
[0.736s] -- Symlinking: /home/ubuntu/psd_ws/install/psd_vehicle_description/share/psd_vehicle_description/meshes/obj+mtl/steering_hinge.mtl
[0.742s] -- Symlinking: /home/ubuntu/psd_ws/install/psd_vehicle_description/share/psd_vehicle_description/meshes/obj+mtl/steering_hinge.obj
[0.748s] -- Symlinking: /home/ubuntu/psd_ws/install/psd_vehicle_description/share/psd_vehicle_description/meshes/obj+mtl/suspension.mtl
[0.754s] -- Symlinking: /home/ubuntu/psd_ws/install/psd_vehicle_description/share/psd_vehicle_description/meshes/obj+mtl/suspension.obj
[0.761s] -- Symlinking: /home/ubuntu/psd_ws/install/psd_vehicle_description/share/psd_vehicle_description/meshes/obj+mtl/tyre.mtl
[0.767s] -- Symlinking: /home/ubuntu/psd_ws/install/psd_vehicle_description/share/psd_vehicle_description/meshes/obj+mtl/tyre.obj
[0.773s] -- Symlinking: /home/ubuntu/psd_ws/install/psd_vehicle_description/share/psd_vehicle_description/meshes/obj+mtl/wheel.mtl
[0.779s] -- Symlinking: /home/ubuntu/psd_ws/install/psd_vehicle_description/share/psd_vehicle_description/meshes/obj+mtl/wheel.obj
[0.785s] -- Symlinking: /home/ubuntu/psd_ws/install/psd_vehicle_description/share/psd_vehicle_description/meshes/stl/chassis.stl
[0.791s] -- Symlinking: /home/ubuntu/psd_ws/install/psd_vehicle_description/share/psd_vehicle_description/meshes/stl/steering_hinge.stl
[0.797s] -- Symlinking: /home/ubuntu/psd_ws/install/psd_vehicle_description/share/psd_vehicle_description/meshes/stl/suspension.stl
[0.802s] -- Symlinking: /home/ubuntu/psd_ws/install/psd_vehicle_description/share/psd_vehicle_description/meshes/stl/tyre.stl
[0.808s] -- Symlinking: /home/ubuntu/psd_ws/install/psd_vehicle_description/share/psd_vehicle_description/meshes/stl/wheel.stl
[0.814s] -- Symlinking: /home/ubuntu/psd_ws/install/psd_vehicle_description/share/psd_vehicle_description/meshes/visual/base_link.dae
[0.820s] -- Symlinking: /home/ubuntu/psd_ws/install/psd_vehicle_description/share/psd_vehicle_description/meshes/visual/base_link.stl
[0.825s] -- Symlinking: /home/ubuntu/psd_ws/install/psd_vehicle_description/share/psd_vehicle_description/meshes/visual/link_FL_1.stl
[0.832s] -- Symlinking: /home/ubuntu/psd_ws/install/psd_vehicle_description/share/psd_vehicle_description/meshes/visual/link_FR_1.stl
[0.838s] -- Symlinking: /home/ubuntu/psd_ws/install/psd_vehicle_description/share/psd_vehicle_description/meshes/visual/link_RL_1.stl
[0.844s] -- Symlinking: /home/ubuntu/psd_ws/install/psd_vehicle_description/share/psd_vehicle_description/meshes/visual/link_RR_1.stl
[0.851s] -- Symlinking: /home/ubuntu/psd_ws/install/psd_vehicle_description/share/psd_vehicle_description/meshes/visual/link_fl_1.dae
[0.858s] -- Symlinking: /home/ubuntu/psd_ws/install/psd_vehicle_description/share/psd_vehicle_description/meshes/visual/link_fr_1.dae
[0.864s] -- Symlinking: /home/ubuntu/psd_ws/install/psd_vehicle_description/share/psd_vehicle_description/meshes/visual/link_rl_1.dae
[0.869s] -- Symlinking: /home/ubuntu/psd_ws/install/psd_vehicle_description/share/psd_vehicle_description/meshes/visual/link_rr_1.dae
[0.875s] -- Symlinking: /home/ubuntu/psd_ws/install/psd_vehicle_description/share/psd_vehicle_description/meshes/visual/perno_FL_1.stl
[0.881s] -- Symlinking: /home/ubuntu/psd_ws/install/psd_vehicle_description/share/psd_vehicle_description/meshes/visual/perno_FR_1.stl
[0.886s] -- Symlinking: /home/ubuntu/psd_ws/install/psd_vehicle_description/share/psd_vehicle_description/meshes/visual/perno_fl_1.dae
[0.892s] -- Symlinking: /home/ubuntu/psd_ws/install/psd_vehicle_description/share/psd_vehicle_description/meshes/visual/perno_fr_1.dae
[0.897s] -- Symlinking: /home/ubuntu/psd_ws/install/psd_vehicle_description/share/psd_vehicle_description/meshes/visual/tyre_FL_1.stl
[0.903s] -- Symlinking: /home/ubuntu/psd_ws/install/psd_vehicle_description/share/psd_vehicle_description/meshes/visual/tyre_FR_1.stl
[0.909s] -- Symlinking: /home/ubuntu/psd_ws/install/psd_vehicle_description/share/psd_vehicle_description/meshes/visual/tyre_RL_1.stl
[0.914s] -- Symlinking: /home/ubuntu/psd_ws/install/psd_vehicle_description/share/psd_vehicle_description/meshes/visual/tyre_RR_1.stl
[0.921s] -- Symlinking: /home/ubuntu/psd_ws/install/psd_vehicle_description/share/psd_vehicle_description/meshes/visual/tyre_fl_1.dae
[0.927s] -- Symlinking: /home/ubuntu/psd_ws/install/psd_vehicle_description/share/psd_vehicle_description/meshes/visual/tyre_fr_1.dae
[0.933s] -- Symlinking: /home/ubuntu/psd_ws/install/psd_vehicle_description/share/psd_vehicle_description/meshes/visual/tyre_rl_1.dae
[0.939s] -- Symlinking: /home/ubuntu/psd_ws/install/psd_vehicle_description/share/psd_vehicle_description/meshes/visual/tyre_rr_1.dae
[0.946s] -- Symlinking: /home/ubuntu/psd_ws/install/psd_vehicle_description/share/psd_vehicle_description/urdf/components/camera_mount.urdf.xacro
[0.952s] -- Symlinking: /home/ubuntu/psd_ws/install/psd_vehicle_description/share/psd_vehicle_description/urdf/materials.xacro
[0.958s] -- Symlinking: /home/ubuntu/psd_ws/install/psd_vehicle_description/share/psd_vehicle_description/urdf/psd_vehicle.urdf.xacro
[0.964s] -- Symlinking: /home/ubuntu/psd_ws/install/psd_vehicle_description/share/psd_vehicle_description/urdf/psd_vehicle_macro.ros2_control.xacro
[0.971s] -- Symlinking: /home/ubuntu/psd_ws/install/psd_vehicle_description/share/psd_vehicle_description/urdf/psd_vehicle_macro.urdf.xacro
[0.977s] -- Symlinking: /home/ubuntu/psd_ws/install/psd_vehicle_description/share/ament_index/resource_index/package_run_dependencies/psd_vehicle_description
[0.983s] -- Symlinking: /home/ubuntu/psd_ws/install/psd_vehicle_description/share/ament_index/resource_index/parent_prefix_path/psd_vehicle_description
[0.989s] -- Symlinking: /home/ubuntu/psd_ws/install/psd_vehicle_description/share/psd_vehicle_description/environment/ament_prefix_path.sh
[0.995s] -- Symlinking: /home/ubuntu/psd_ws/install/psd_vehicle_description/share/psd_vehicle_description/environment/ament_prefix_path.dsv
[1.001s] -- Symlinking: /home/ubuntu/psd_ws/install/psd_vehicle_description/share/psd_vehicle_description/environment/path.sh
[1.007s] -- Symlinking: /home/ubuntu/psd_ws/install/psd_vehicle_description/share/psd_vehicle_description/environment/path.dsv
[1.012s] -- Symlinking: /home/ubuntu/psd_ws/install/psd_vehicle_description/share/psd_vehicle_description/local_setup.bash
[1.018s] -- Symlinking: /home/ubuntu/psd_ws/install/psd_vehicle_description/share/psd_vehicle_description/local_setup.sh
[1.024s] -- Symlinking: /home/ubuntu/psd_ws/install/psd_vehicle_description/share/psd_vehicle_description/local_setup.zsh
[1.030s] -- Symlinking: /home/ubuntu/psd_ws/install/psd_vehicle_description/share/psd_vehicle_description/local_setup.dsv
[1.037s] -- Symlinking: /home/ubuntu/psd_ws/install/psd_vehicle_description/share/psd_vehicle_description/package.dsv
[1.043s] -- Symlinking: /home/ubuntu/psd_ws/install/psd_vehicle_description/share/ament_index/resource_index/packages/psd_vehicle_description
[1.050s] -- Symlinking: /home/ubuntu/psd_ws/install/psd_vehicle_description/share/psd_vehicle_description/cmake/psd_vehicle_descriptionConfig.cmake
[1.056s] -- Symlinking: /home/ubuntu/psd_ws/install/psd_vehicle_description/share/psd_vehicle_description/cmake/psd_vehicle_descriptionConfig-version.cmake
[1.062s] -- Symlinking: /home/ubuntu/psd_ws/install/psd_vehicle_description/share/psd_vehicle_description/package.xml
[1.070s] Invoked command in '/home/ubuntu/psd_ws/build/psd_vehicle_description' returned '0': CMAKE_PREFIX_PATH=${CMAKE_PREFIX_PATH}:/opt/ros/jazzy /usr/bin/cmake --install /home/ubuntu/psd_ws/build/psd_vehicle_description
