[0.201s] Invoking command in '/home/psd/psd_ws/build/joint_limits': CMAKE_PREFIX_PATH=${CMAKE_PREFIX_PATH}:/home/psd/psd_ws/install/rqt_joint_trajectory_controller:/home/psd/psd_ws/install/rqt_controller_manager:/home/psd/psd_ws/install/ros2controlcli:/home/psd/psd_ws/install/ros2_controllers_test_nodes:/opt/ros/humble /usr/bin/cmake --build /home/psd/psd_ws/build/joint_limits -- -j20 -l20
[0.265s] [ 33%] Built target gtest_main
[0.270s] [ 66%] Built target gtest
[0.295s] [100%] Built target joint_limits_rosparam_test
[0.316s] Invoked command in '/home/psd/psd_ws/build/joint_limits' returned '0': CMAKE_PREFIX_PATH=${CMAKE_PREFIX_PATH}:/home/psd/psd_ws/install/rqt_joint_trajectory_controller:/home/psd/psd_ws/install/rqt_controller_manager:/home/psd/psd_ws/install/ros2controlcli:/home/psd/psd_ws/install/ros2_controllers_test_nodes:/opt/ros/humble /usr/bin/cmake --build /home/psd/psd_ws/build/joint_limits -- -j20 -l20
[0.367s] Invoking command in '/home/psd/psd_ws/build/joint_limits': CMAKE_PREFIX_PATH=${CMAKE_PREFIX_PATH}:/home/psd/psd_ws/install/rqt_joint_trajectory_controller:/home/psd/psd_ws/install/rqt_controller_manager:/home/psd/psd_ws/install/ros2controlcli:/home/psd/psd_ws/install/ros2_controllers_test_nodes:/opt/ros/humble /usr/bin/cmake --install /home/psd/psd_ws/build/joint_limits
[0.375s] -- Install configuration: ""
[0.375s] -- Execute custom install script
[0.375s] -- Up-to-date symlink: /home/psd/psd_ws/install/joint_limits/include/joint_limits/joint_limits.hpp
[0.375s] -- Up-to-date symlink: /home/psd/psd_ws/install/joint_limits/include/joint_limits/joint_limits_rosparam.hpp
[0.375s] -- Up-to-date symlink: /home/psd/psd_ws/install/joint_limits/lib/joint_limits/joint_limits_rosparam_test
[0.375s] -- Up-to-date symlink: /home/psd/psd_ws/install/joint_limits/share/joint_limits/test/joint_limits_rosparam.yaml
[0.375s] -- Up-to-date symlink: /home/psd/psd_ws/install/joint_limits/share/ament_index/resource_index/package_run_dependencies/joint_limits
[0.376s] -- Up-to-date symlink: /home/psd/psd_ws/install/joint_limits/share/ament_index/resource_index/parent_prefix_path/joint_limits
[0.376s] -- Up-to-date symlink: /home/psd/psd_ws/install/joint_limits/share/joint_limits/environment/ament_prefix_path.sh
[0.376s] -- Up-to-date symlink: /home/psd/psd_ws/install/joint_limits/share/joint_limits/environment/ament_prefix_path.dsv
[0.376s] -- Up-to-date symlink: /home/psd/psd_ws/install/joint_limits/share/joint_limits/environment/path.sh
[0.376s] -- Up-to-date symlink: /home/psd/psd_ws/install/joint_limits/share/joint_limits/environment/path.dsv
[0.376s] -- Up-to-date symlink: /home/psd/psd_ws/install/joint_limits/share/joint_limits/local_setup.bash
[0.376s] -- Up-to-date symlink: /home/psd/psd_ws/install/joint_limits/share/joint_limits/local_setup.sh
[0.376s] -- Up-to-date symlink: /home/psd/psd_ws/install/joint_limits/share/joint_limits/local_setup.zsh
[0.376s] -- Up-to-date symlink: /home/psd/psd_ws/install/joint_limits/share/joint_limits/local_setup.dsv
[0.376s] -- Symlinking: /home/psd/psd_ws/install/joint_limits/share/joint_limits/package.dsv
[0.386s] -- Up-to-date symlink: /home/psd/psd_ws/install/joint_limits/share/ament_index/resource_index/packages/joint_limits
[0.386s] -- Up-to-date symlink: /home/psd/psd_ws/install/joint_limits/share/joint_limits/cmake/ament_cmake_export_dependencies-extras.cmake
[0.386s] -- Up-to-date symlink: /home/psd/psd_ws/install/joint_limits/share/joint_limits/cmake/ament_cmake_export_include_directories-extras.cmake
[0.386s] -- Up-to-date symlink: /home/psd/psd_ws/install/joint_limits/share/joint_limits/cmake/joint_limitsConfig.cmake
[0.386s] -- Up-to-date symlink: /home/psd/psd_ws/install/joint_limits/share/joint_limits/cmake/joint_limitsConfig-version.cmake
[0.387s] -- Up-to-date symlink: /home/psd/psd_ws/install/joint_limits/share/joint_limits/package.xml
[0.388s] Invoked command in '/home/psd/psd_ws/build/joint_limits' returned '0': CMAKE_PREFIX_PATH=${CMAKE_PREFIX_PATH}:/home/psd/psd_ws/install/rqt_joint_trajectory_controller:/home/psd/psd_ws/install/rqt_controller_manager:/home/psd/psd_ws/install/ros2controlcli:/home/psd/psd_ws/install/ros2_controllers_test_nodes:/opt/ros/humble /usr/bin/cmake --install /home/psd/psd_ws/build/joint_limits
