[0.000000] (-) TimerEvent: {}
[0.000353] (psd_vehicle) JobQueued: {'identifier': 'psd_vehicle', 'dependencies': OrderedDict()}
[0.000656] (psd_vehicle) JobStarted: {'identifier': 'psd_vehicle'}
[0.032948] (psd_vehicle) JobProgress: {'identifier': 'psd_vehicle', 'progress': 'cmake'}
[0.034206] (psd_vehicle) JobProgress: {'identifier': 'psd_vehicle', 'progress': 'build'}
[0.034254] (psd_vehicle) Command: {'cmd': ['/usr/bin/cmake', '--build', '/psd_ws/build/psd_vehicle', '--', '-j20', '-l20'], 'cwd': '/psd_ws/build/psd_vehicle', 'env': OrderedDict([('HOSTNAME', 'edo-Thinkpad'), ('SHLVL', '1'), ('LD_LIBRARY_PATH', '/opt/ros/humble/opt/rviz_ogre_vendor/lib:/opt/ros/humble/lib/x86_64-linux-gnu:/opt/ros/humble/lib'), ('HOME', '/home/ros'), ('OLDPWD', '/psd_ws/src'), ('ROS_PYTHON_VERSION', '3'), ('ROS_DISTRO', 'humble'), ('_', '/usr/bin/colcon'), ('ROS_VERSION', '2'), ('TERM', 'xterm'), ('ROS_LOCALHOST_ONLY', '0'), ('PATH', '/opt/ros/humble/bin:/usr/local/sbin:/usr/local/bin:/usr/sbin:/usr/bin:/sbin:/bin'), ('DISPLAY', ':0'), ('LANG', 'C.UTF-8'), ('AMENT_PREFIX_PATH', '/opt/ros/humble'), ('PWD', '/psd_ws/build/psd_vehicle'), ('LC_ALL', 'C.UTF-8'), ('PYTHONPATH', '/opt/ros/humble/lib/python3.10/site-packages:/opt/ros/humble/local/lib/python3.10/dist-packages'), ('COLCON', '1'), ('CMAKE_PREFIX_PATH', '/opt/ros/humble')]), 'shell': False}
[0.099157] (-) TimerEvent: {}
[0.115623] (psd_vehicle) CommandEnded: {'returncode': 0}
[0.135156] (psd_vehicle) JobProgress: {'identifier': 'psd_vehicle', 'progress': 'install'}
[0.140399] (psd_vehicle) Command: {'cmd': ['/usr/bin/cmake', '--install', '/psd_ws/build/psd_vehicle'], 'cwd': '/psd_ws/build/psd_vehicle', 'env': OrderedDict([('HOSTNAME', 'edo-Thinkpad'), ('SHLVL', '1'), ('LD_LIBRARY_PATH', '/opt/ros/humble/opt/rviz_ogre_vendor/lib:/opt/ros/humble/lib/x86_64-linux-gnu:/opt/ros/humble/lib'), ('HOME', '/home/ros'), ('OLDPWD', '/psd_ws/src'), ('ROS_PYTHON_VERSION', '3'), ('ROS_DISTRO', 'humble'), ('_', '/usr/bin/colcon'), ('ROS_VERSION', '2'), ('TERM', 'xterm'), ('ROS_LOCALHOST_ONLY', '0'), ('PATH', '/opt/ros/humble/bin:/usr/local/sbin:/usr/local/bin:/usr/sbin:/usr/bin:/sbin:/bin'), ('DISPLAY', ':0'), ('LANG', 'C.UTF-8'), ('AMENT_PREFIX_PATH', '/opt/ros/humble'), ('PWD', '/psd_ws/build/psd_vehicle'), ('LC_ALL', 'C.UTF-8'), ('PYTHONPATH', '/opt/ros/humble/lib/python3.10/site-packages:/opt/ros/humble/local/lib/python3.10/dist-packages'), ('COLCON', '1'), ('CMAKE_PREFIX_PATH', '/opt/ros/humble')]), 'shell': False}
[0.144378] (psd_vehicle) StdoutLine: {'line': b'-- Install configuration: ""\n'}
[0.144706] (psd_vehicle) StdoutLine: {'line': b'-- Up-to-date: /psd_ws/install/psd_vehicle/share/psd_vehicle/config\n'}
[0.144801] (psd_vehicle) StdoutLine: {'line': b'-- Up-to-date: /psd_ws/install/psd_vehicle/share/psd_vehicle/config/empty.yaml\n'}
[0.144853] (psd_vehicle) StdoutLine: {'line': b'-- Up-to-date: /psd_ws/install/psd_vehicle/share/psd_vehicle/description\n'}
[0.144895] (psd_vehicle) StdoutLine: {'line': b'-- Up-to-date: /psd_ws/install/psd_vehicle/share/psd_vehicle/description/depth_camera.xacro\n'}
[0.145080] (psd_vehicle) StdoutLine: {'line': b'-- Up-to-date: /psd_ws/install/psd_vehicle/share/psd_vehicle/description/robot_core.xacro\n'}
[0.145133] (psd_vehicle) StdoutLine: {'line': b'-- Up-to-date: /psd_ws/install/psd_vehicle/share/psd_vehicle/description/robot.urdf.xacro\n'}
[0.145171] (psd_vehicle) StdoutLine: {'line': b'-- Up-to-date: /psd_ws/install/psd_vehicle/share/psd_vehicle/description/ros2_control.xacro\n'}
[0.145209] (psd_vehicle) StdoutLine: {'line': b'-- Up-to-date: /psd_ws/install/psd_vehicle/share/psd_vehicle/description/inertial_macros.xacro\n'}
[0.145272] (psd_vehicle) StdoutLine: {'line': b'-- Up-to-date: /psd_ws/install/psd_vehicle/share/psd_vehicle/description/gazebo_control.xacro\n'}
[0.145311] (psd_vehicle) StdoutLine: {'line': b'-- Up-to-date: /psd_ws/install/psd_vehicle/share/psd_vehicle/description/camera.xacro\n'}
[0.145367] (psd_vehicle) StdoutLine: {'line': b'-- Up-to-date: /psd_ws/install/psd_vehicle/share/psd_vehicle/description/lidar.xacro\n'}
[0.145428] (psd_vehicle) StdoutLine: {'line': b'-- Up-to-date: /psd_ws/install/psd_vehicle/share/psd_vehicle/description/ackermann.urdf.xacro\n'}
[0.145476] (psd_vehicle) StdoutLine: {'line': b'-- Up-to-date: /psd_ws/install/psd_vehicle/share/psd_vehicle/launch\n'}
[0.145550] (psd_vehicle) StdoutLine: {'line': b'-- Up-to-date: /psd_ws/install/psd_vehicle/share/psd_vehicle/launch/rsp.launch.py\n'}
[0.145702] (psd_vehicle) StdoutLine: {'line': b'-- Up-to-date: /psd_ws/install/psd_vehicle/share/psd_vehicle/launch/launch_sim.launch.py\n'}
[0.145778] (psd_vehicle) StdoutLine: {'line': b'-- Up-to-date: /psd_ws/install/psd_vehicle/share/psd_vehicle/launch/online_async_launch.py\n'}
[0.145818] (psd_vehicle) StdoutLine: {'line': b'-- Up-to-date: /psd_ws/install/psd_vehicle/share/psd_vehicle/launch/joystick.launch.py\n'}
[0.145853] (psd_vehicle) StdoutLine: {'line': b'-- Up-to-date: /psd_ws/install/psd_vehicle/share/psd_vehicle/launch/launch_robot.launch.py\n'}
[0.145887] (psd_vehicle) StdoutLine: {'line': b'-- Up-to-date: /psd_ws/install/psd_vehicle/share/psd_vehicle/launch/camera.launch.py\n'}
[0.145921] (psd_vehicle) StdoutLine: {'line': b'-- Up-to-date: /psd_ws/install/psd_vehicle/share/psd_vehicle/launch/navigation_launch.py\n'}
[0.145954] (psd_vehicle) StdoutLine: {'line': b'-- Up-to-date: /psd_ws/install/psd_vehicle/share/psd_vehicle/launch/localization_launch.py\n'}
[0.145988] (psd_vehicle) StdoutLine: {'line': b'-- Up-to-date: /psd_ws/install/psd_vehicle/share/psd_vehicle/launch/rplidar.launch.py\n'}
[0.146187] (psd_vehicle) StdoutLine: {'line': b'-- Up-to-date: /psd_ws/install/psd_vehicle/share/psd_vehicle/worlds\n'}
[0.146448] (psd_vehicle) StdoutLine: {'line': b'-- Installing: /psd_ws/install/psd_vehicle/share/psd_vehicle/worlds/track.world\n'}
[0.146558] (psd_vehicle) StdoutLine: {'line': b'-- Installing: /psd_ws/install/psd_vehicle/share/psd_vehicle/worlds/obstacles.world\n'}
[0.146812] (psd_vehicle) StdoutLine: {'line': b'-- Up-to-date: /psd_ws/install/psd_vehicle/share/psd_vehicle/worlds/empty.world\n'}
[0.147080] (psd_vehicle) StdoutLine: {'line': b'-- Up-to-date: /psd_ws/install/psd_vehicle/share/ament_index/resource_index/package_run_dependencies/psd_vehicle\n'}
[0.147319] (psd_vehicle) StdoutLine: {'line': b'-- Up-to-date: /psd_ws/install/psd_vehicle/share/ament_index/resource_index/parent_prefix_path/psd_vehicle\n'}
[0.148296] (psd_vehicle) StdoutLine: {'line': b'-- Up-to-date: /psd_ws/install/psd_vehicle/share/psd_vehicle/environment/ament_prefix_path.sh\n'}
[0.148447] (psd_vehicle) StdoutLine: {'line': b'-- Up-to-date: /psd_ws/install/psd_vehicle/share/psd_vehicle/environment/ament_prefix_path.dsv\n'}
[0.148546] (psd_vehicle) StdoutLine: {'line': b'-- Up-to-date: /psd_ws/install/psd_vehicle/share/psd_vehicle/environment/path.sh\n'}
[0.148592] (psd_vehicle) StdoutLine: {'line': b'-- Up-to-date: /psd_ws/install/psd_vehicle/share/psd_vehicle/environment/path.dsv\n'}
[0.148646] (psd_vehicle) StdoutLine: {'line': b'-- Up-to-date: /psd_ws/install/psd_vehicle/share/psd_vehicle/local_setup.bash\n'}
[0.148804] (psd_vehicle) StdoutLine: {'line': b'-- Up-to-date: /psd_ws/install/psd_vehicle/share/psd_vehicle/local_setup.sh\n'}
[0.148905] (psd_vehicle) StdoutLine: {'line': b'-- Up-to-date: /psd_ws/install/psd_vehicle/share/psd_vehicle/local_setup.zsh\n'}
[0.148976] (psd_vehicle) StdoutLine: {'line': b'-- Up-to-date: /psd_ws/install/psd_vehicle/share/psd_vehicle/local_setup.dsv\n'}
[0.149017] (psd_vehicle) StdoutLine: {'line': b'-- Up-to-date: /psd_ws/install/psd_vehicle/share/psd_vehicle/package.dsv\n'}
[0.149075] (psd_vehicle) StdoutLine: {'line': b'-- Up-to-date: /psd_ws/install/psd_vehicle/share/ament_index/resource_index/packages/psd_vehicle\n'}
[0.149526] (psd_vehicle) StdoutLine: {'line': b'-- Up-to-date: /psd_ws/install/psd_vehicle/share/psd_vehicle/cmake/psd_vehicleConfig.cmake\n'}
[0.149632] (psd_vehicle) StdoutLine: {'line': b'-- Up-to-date: /psd_ws/install/psd_vehicle/share/psd_vehicle/cmake/psd_vehicleConfig-version.cmake\n'}
[0.149726] (psd_vehicle) StdoutLine: {'line': b'-- Up-to-date: /psd_ws/install/psd_vehicle/share/psd_vehicle/package.xml\n'}
[0.150247] (psd_vehicle) CommandEnded: {'returncode': 0}
[0.199315] (-) TimerEvent: {}
[0.238006] (psd_vehicle) JobEnded: {'identifier': 'psd_vehicle', 'rc': 0}
[0.238853] (-) EventReactorShutdown: {}
