[1.074s] DEBUG:colcon:Command line arguments: ['/usr/bin/colcon', 'build']
[1.074s] DEBUG:colcon:Parsed command line arguments: Namespace(log_base=None, log_level=None, verb_name='build', build_base='build', install_base='install', merge_install=False, symlink_install=False, test_result_base=None, continue_on_error=False, executor='parallel', parallel_workers=20, event_handlers=None, ignore_user_meta=False, metas=['./colcon.meta'], base_paths=['.'], packages_ignore=None, packages_ignore_regex=None, paths=None, packages_up_to=None, packages_up_to_regex=None, packages_above=None, packages_above_and_dependencies=None, packages_above_depth=None, packages_select_by_dep=None, packages_skip_by_dep=None, packages_skip_up_to=None, packages_select_build_failed=False, packages_skip_build_finished=False, packages_select_test_failures=False, packages_skip_test_passed=False, packages_select=None, packages_skip=None, packages_select_regex=None, packages_skip_regex=None, packages_start=None, packages_end=None, cmake_args=None, cmake_target=None, cmake_target_skip_unavailable=False, cmake_clean_cache=False, cmake_clean_first=False, cmake_force_configure=False, ament_cmake_args=None, catkin_cmake_args=None, catkin_skip_building_tests=False, mixin_files=None, mixin=None, verb_parser=<colcon_mixin.mixin.mixin_argument.MixinArgumentDecorator object at 0x7fe3cebf5930>, verb_extension=<colcon_core.verb.build.BuildVerb object at 0x7fe3cebb0f40>, main=<bound method BuildVerb.main of <colcon_core.verb.build.BuildVerb object at 0x7fe3cebb0f40>>, mixin_verb=('build',))
[1.128s] Level 1:colcon.colcon_core.package_discovery:discover_packages(colcon_meta) check parameters
[1.128s] Level 1:colcon.colcon_core.package_discovery:discover_packages(recursive) check parameters
[1.128s] Level 1:colcon.colcon_core.package_discovery:discover_packages(ignore) check parameters
[1.128s] Level 1:colcon.colcon_core.package_discovery:discover_packages(path) check parameters
[1.128s] Level 1:colcon.colcon_core.package_discovery:discover_packages(colcon_meta) discover
[1.128s] Level 1:colcon.colcon_core.package_discovery:discover_packages(recursive) discover
[1.128s] INFO:colcon.colcon_core.package_discovery:Crawling recursively for packages in '/psd_ws'
[1.128s] Level 1:colcon.colcon_core.package_identification:_identify(.) by extensions ['ignore', 'ignore_ament_install']
[1.128s] Level 1:colcon.colcon_core.package_identification:_identify(.) by extension 'ignore'
[1.128s] Level 1:colcon.colcon_core.package_identification:_identify(.) by extension 'ignore_ament_install'
[1.128s] Level 1:colcon.colcon_core.package_identification:_identify(.) by extensions ['colcon_pkg']
[1.128s] Level 1:colcon.colcon_core.package_identification:_identify(.) by extension 'colcon_pkg'
[1.128s] Level 1:colcon.colcon_core.package_identification:_identify(.) by extensions ['colcon_meta']
[1.128s] Level 1:colcon.colcon_core.package_identification:_identify(.) by extension 'colcon_meta'
[1.128s] Level 1:colcon.colcon_core.package_identification:_identify(.) by extensions ['ros']
[1.128s] Level 1:colcon.colcon_core.package_identification:_identify(.) by extension 'ros'
[1.141s] Level 1:colcon.colcon_core.package_identification:_identify(.) by extensions ['cmake', 'python']
[1.141s] Level 1:colcon.colcon_core.package_identification:_identify(.) by extension 'cmake'
[1.142s] Level 1:colcon.colcon_core.package_identification:_identify(.) by extension 'python'
[1.142s] Level 1:colcon.colcon_core.package_identification:_identify(.) by extensions ['python_setup_py']
[1.142s] Level 1:colcon.colcon_core.package_identification:_identify(.) by extension 'python_setup_py'
[1.142s] Level 1:colcon.colcon_core.package_identification:_identify(build) by extensions ['ignore', 'ignore_ament_install']
[1.142s] Level 1:colcon.colcon_core.package_identification:_identify(build) by extension 'ignore'
[1.142s] Level 1:colcon.colcon_core.package_identification:_identify(build) ignored
[1.142s] Level 1:colcon.colcon_core.package_identification:_identify(install) by extensions ['ignore', 'ignore_ament_install']
[1.142s] Level 1:colcon.colcon_core.package_identification:_identify(install) by extension 'ignore'
[1.142s] Level 1:colcon.colcon_core.package_identification:_identify(install) ignored
[1.142s] Level 1:colcon.colcon_core.package_identification:_identify(log) by extensions ['ignore', 'ignore_ament_install']
[1.142s] Level 1:colcon.colcon_core.package_identification:_identify(log) by extension 'ignore'
[1.142s] Level 1:colcon.colcon_core.package_identification:_identify(log) ignored
[1.142s] Level 1:colcon.colcon_core.package_identification:_identify(src) by extensions ['ignore', 'ignore_ament_install']
[1.142s] Level 1:colcon.colcon_core.package_identification:_identify(src) by extension 'ignore'
[1.142s] Level 1:colcon.colcon_core.package_identification:_identify(src) by extension 'ignore_ament_install'
[1.142s] Level 1:colcon.colcon_core.package_identification:_identify(src) by extensions ['colcon_pkg']
[1.142s] Level 1:colcon.colcon_core.package_identification:_identify(src) by extension 'colcon_pkg'
[1.142s] Level 1:colcon.colcon_core.package_identification:_identify(src) by extensions ['colcon_meta']
[1.142s] Level 1:colcon.colcon_core.package_identification:_identify(src) by extension 'colcon_meta'
[1.142s] Level 1:colcon.colcon_core.package_identification:_identify(src) by extensions ['ros']
[1.142s] Level 1:colcon.colcon_core.package_identification:_identify(src) by extension 'ros'
[1.142s] Level 1:colcon.colcon_core.package_identification:_identify(src) by extensions ['cmake', 'python']
[1.142s] Level 1:colcon.colcon_core.package_identification:_identify(src) by extension 'cmake'
[1.142s] Level 1:colcon.colcon_core.package_identification:_identify(src) by extension 'python'
[1.142s] Level 1:colcon.colcon_core.package_identification:_identify(src) by extensions ['python_setup_py']
[1.142s] Level 1:colcon.colcon_core.package_identification:_identify(src) by extension 'python_setup_py'
[1.142s] Level 1:colcon.colcon_core.package_identification:_identify(src/psd_vehicle) by extensions ['ignore', 'ignore_ament_install']
[1.143s] Level 1:colcon.colcon_core.package_identification:_identify(src/psd_vehicle) by extension 'ignore'
[1.143s] Level 1:colcon.colcon_core.package_identification:_identify(src/psd_vehicle) by extension 'ignore_ament_install'
[1.143s] Level 1:colcon.colcon_core.package_identification:_identify(src/psd_vehicle) by extensions ['colcon_pkg']
[1.143s] Level 1:colcon.colcon_core.package_identification:_identify(src/psd_vehicle) by extension 'colcon_pkg'
[1.143s] Level 1:colcon.colcon_core.package_identification:_identify(src/psd_vehicle) by extensions ['colcon_meta']
[1.143s] Level 1:colcon.colcon_core.package_identification:_identify(src/psd_vehicle) by extension 'colcon_meta'
[1.143s] Level 1:colcon.colcon_core.package_identification:_identify(src/psd_vehicle) by extensions ['ros']
[1.143s] Level 1:colcon.colcon_core.package_identification:_identify(src/psd_vehicle) by extension 'ros'
[1.146s] DEBUG:colcon.colcon_core.package_identification:Package 'src/psd_vehicle' with type 'ros.ament_cmake' and name 'psd_vehicle'
[1.146s] Level 1:colcon.colcon_core.package_discovery:discover_packages(recursive) using defaults
[1.146s] Level 1:colcon.colcon_core.package_discovery:discover_packages(ignore) discover
[1.146s] Level 1:colcon.colcon_core.package_discovery:discover_packages(ignore) using defaults
[1.146s] Level 1:colcon.colcon_core.package_discovery:discover_packages(path) discover
[1.146s] Level 1:colcon.colcon_core.package_discovery:discover_packages(path) using defaults
[1.205s] Level 5:colcon.colcon_core.verb:set package 'psd_vehicle' build argument 'cmake_args' from command line to 'None'
[1.205s] Level 5:colcon.colcon_core.verb:set package 'psd_vehicle' build argument 'cmake_target' from command line to 'None'
[1.205s] Level 5:colcon.colcon_core.verb:set package 'psd_vehicle' build argument 'cmake_target_skip_unavailable' from command line to 'False'
[1.205s] Level 5:colcon.colcon_core.verb:set package 'psd_vehicle' build argument 'cmake_clean_cache' from command line to 'False'
[1.205s] Level 5:colcon.colcon_core.verb:set package 'psd_vehicle' build argument 'cmake_clean_first' from command line to 'False'
[1.205s] Level 5:colcon.colcon_core.verb:set package 'psd_vehicle' build argument 'cmake_force_configure' from command line to 'False'
[1.205s] Level 5:colcon.colcon_core.verb:set package 'psd_vehicle' build argument 'ament_cmake_args' from command line to 'None'
[1.205s] Level 5:colcon.colcon_core.verb:set package 'psd_vehicle' build argument 'catkin_cmake_args' from command line to 'None'
[1.205s] Level 5:colcon.colcon_core.verb:set package 'psd_vehicle' build argument 'catkin_skip_building_tests' from command line to 'False'
[1.205s] DEBUG:colcon.colcon_core.verb:Building package 'psd_vehicle' with the following arguments: {'ament_cmake_args': None, 'build_base': '/psd_ws/build/psd_vehicle', 'catkin_cmake_args': None, 'catkin_skip_building_tests': False, 'cmake_args': None, 'cmake_clean_cache': False, 'cmake_clean_first': False, 'cmake_force_configure': False, 'cmake_target': None, 'cmake_target_skip_unavailable': False, 'install_base': '/psd_ws/install/psd_vehicle', 'merge_install': False, 'path': '/psd_ws/src/psd_vehicle', 'symlink_install': False, 'test_result_base': None}
[1.211s] INFO:colcon.colcon_core.executor:Executing jobs using 'parallel' executor
[1.218s] DEBUG:colcon.colcon_parallel_executor.executor.parallel:run_until_complete
[1.218s] INFO:colcon.colcon_ros.task.ament_cmake.build:Building ROS package in '/psd_ws/src/psd_vehicle' with build type 'ament_cmake'
[1.218s] INFO:colcon.colcon_cmake.task.cmake.build:Building CMake package in '/psd_ws/src/psd_vehicle'
[1.231s] INFO:colcon.colcon_core.plugin_system:Skipping extension 'colcon_core.shell.bat': Not used on non-Windows systems
[1.231s] INFO:colcon.colcon_core.shell:Skip shell extension 'powershell' for command environment: Not usable outside of PowerShell
[1.231s] DEBUG:colcon.colcon_core.shell:Skip shell extension 'dsv' for command environment
[1.253s] DEBUG:colcon.colcon_core.event_handler.log_command:Invoking command in '/psd_ws/build/psd_vehicle': CMAKE_PREFIX_PATH=/opt/ros/humble /usr/bin/cmake --build /psd_ws/build/psd_vehicle -- -j20 -l20
[1.335s] DEBUG:colcon.colcon_core.event_handler.log_command:Invoked command in '/psd_ws/build/psd_vehicle' returned '0': CMAKE_PREFIX_PATH=/opt/ros/humble /usr/bin/cmake --build /psd_ws/build/psd_vehicle -- -j20 -l20
[1.359s] DEBUG:colcon.colcon_core.event_handler.log_command:Invoking command in '/psd_ws/build/psd_vehicle': CMAKE_PREFIX_PATH=/opt/ros/humble /usr/bin/cmake --install /psd_ws/build/psd_vehicle
[1.368s] Level 1:colcon.colcon_core.environment:create_environment_scripts_only(psd_vehicle)
[1.369s] DEBUG:colcon.colcon_core.event_handler.log_command:Invoked command in '/psd_ws/build/psd_vehicle' returned '0': CMAKE_PREFIX_PATH=/opt/ros/humble /usr/bin/cmake --install /psd_ws/build/psd_vehicle
[1.383s] Level 1:colcon.colcon_core.environment:checking '/psd_ws/install/psd_vehicle' for CMake module files
[1.384s] Level 1:colcon.colcon_core.environment:checking '/psd_ws/install/psd_vehicle' for CMake config files
[1.384s] Level 1:colcon.colcon_core.shell:create_environment_hook('psd_vehicle', 'cmake_prefix_path')
[1.391s] INFO:colcon.colcon_core.shell:Creating environment hook '/psd_ws/install/psd_vehicle/share/psd_vehicle/hook/cmake_prefix_path.ps1'
[1.392s] INFO:colcon.colcon_core.shell:Creating environment descriptor '/psd_ws/install/psd_vehicle/share/psd_vehicle/hook/cmake_prefix_path.dsv'
[1.392s] INFO:colcon.colcon_core.shell:Creating environment hook '/psd_ws/install/psd_vehicle/share/psd_vehicle/hook/cmake_prefix_path.sh'
[1.393s] Level 1:colcon.colcon_core.environment:checking '/psd_ws/install/psd_vehicle/bin'
[1.394s] Level 1:colcon.colcon_core.environment:checking '/psd_ws/install/psd_vehicle/lib/pkgconfig/psd_vehicle.pc'
[1.401s] Level 1:colcon.colcon_core.environment:checking '/psd_ws/install/psd_vehicle/lib/python3.10/site-packages'
[1.402s] Level 1:colcon.colcon_core.environment:checking '/psd_ws/install/psd_vehicle/bin'
[1.408s] INFO:colcon.colcon_core.shell:Creating package script '/psd_ws/install/psd_vehicle/share/psd_vehicle/package.ps1'
[1.409s] INFO:colcon.colcon_core.shell:Creating package descriptor '/psd_ws/install/psd_vehicle/share/psd_vehicle/package.dsv'
[1.410s] INFO:colcon.colcon_core.shell:Creating package script '/psd_ws/install/psd_vehicle/share/psd_vehicle/package.sh'
[1.411s] INFO:colcon.colcon_core.shell:Creating package script '/psd_ws/install/psd_vehicle/share/psd_vehicle/package.bash'
[1.412s] INFO:colcon.colcon_core.shell:Creating package script '/psd_ws/install/psd_vehicle/share/psd_vehicle/package.zsh'
[1.413s] Level 1:colcon.colcon_core.environment:create_file_with_runtime_dependencies(/psd_ws/install/psd_vehicle/share/colcon-core/packages/psd_vehicle)
[1.433s] Level 1:colcon.colcon_core.environment:create_environment_scripts_only(psd_vehicle)
[1.441s] Level 1:colcon.colcon_core.environment:checking '/psd_ws/install/psd_vehicle' for CMake module files
[1.441s] Level 1:colcon.colcon_core.environment:checking '/psd_ws/install/psd_vehicle' for CMake config files
[1.441s] Level 1:colcon.colcon_core.shell:create_environment_hook('psd_vehicle', 'cmake_prefix_path')
[1.447s] INFO:colcon.colcon_core.shell:Creating environment hook '/psd_ws/install/psd_vehicle/share/psd_vehicle/hook/cmake_prefix_path.ps1'
[1.448s] INFO:colcon.colcon_core.shell:Creating environment descriptor '/psd_ws/install/psd_vehicle/share/psd_vehicle/hook/cmake_prefix_path.dsv'
[1.448s] INFO:colcon.colcon_core.shell:Creating environment hook '/psd_ws/install/psd_vehicle/share/psd_vehicle/hook/cmake_prefix_path.sh'
[1.448s] Level 1:colcon.colcon_core.environment:checking '/psd_ws/install/psd_vehicle/bin'
[1.448s] Level 1:colcon.colcon_core.environment:checking '/psd_ws/install/psd_vehicle/lib/pkgconfig/psd_vehicle.pc'
[1.449s] Level 1:colcon.colcon_core.environment:checking '/psd_ws/install/psd_vehicle/lib/python3.10/site-packages'
[1.449s] Level 1:colcon.colcon_core.environment:checking '/psd_ws/install/psd_vehicle/bin'
[1.455s] INFO:colcon.colcon_core.shell:Creating package script '/psd_ws/install/psd_vehicle/share/psd_vehicle/package.ps1'
[1.455s] INFO:colcon.colcon_core.shell:Creating package descriptor '/psd_ws/install/psd_vehicle/share/psd_vehicle/package.dsv'
[1.456s] INFO:colcon.colcon_core.shell:Creating package script '/psd_ws/install/psd_vehicle/share/psd_vehicle/package.sh'
[1.456s] INFO:colcon.colcon_core.shell:Creating package script '/psd_ws/install/psd_vehicle/share/psd_vehicle/package.bash'
[1.456s] INFO:colcon.colcon_core.shell:Creating package script '/psd_ws/install/psd_vehicle/share/psd_vehicle/package.zsh'
[1.456s] Level 1:colcon.colcon_core.environment:create_file_with_runtime_dependencies(/psd_ws/install/psd_vehicle/share/colcon-core/packages/psd_vehicle)
[1.456s] DEBUG:colcon.colcon_parallel_executor.executor.parallel:closing loop
[1.457s] DEBUG:colcon.colcon_parallel_executor.executor.parallel:loop closed
[1.457s] DEBUG:colcon.colcon_parallel_executor.executor.parallel:run_until_complete finished with '0'
[1.457s] DEBUG:colcon.colcon_core.event_reactor:joining thread
[1.472s] INFO:colcon.colcon_core.plugin_system:Skipping extension 'colcon_notification.desktop_notification.notify_send': Could not find 'notify-send'
[1.473s] INFO:colcon.colcon_core.plugin_system:Skipping extension 'colcon_notification.desktop_notification.terminal_notifier': Not used on non-Darwin systems
[1.473s] INFO:colcon.colcon_core.plugin_system:Skipping extension 'colcon_notification.desktop_notification.win32': Not used on non-Windows systems
[1.473s] INFO:colcon.colcon_notification.desktop_notification:Sending desktop notification using 'notify2'
[1.478s] DEBUG:colcon.colcon_notification.desktop_notification.notify2:Failed to initialize notify2: org.freedesktop.DBus.Error.Spawn.ExecFailed: /usr/bin/dbus-launch terminated abnormally without any error message
[1.478s] DEBUG:colcon.colcon_core.event_reactor:joined thread
[1.486s] INFO:colcon.colcon_core.shell:Creating prefix script '/psd_ws/install/local_setup.ps1'
[1.487s] INFO:colcon.colcon_core.shell:Creating prefix util module '/psd_ws/install/_local_setup_util_ps1.py'
[1.489s] INFO:colcon.colcon_core.shell:Creating prefix chain script '/psd_ws/install/setup.ps1'
[1.496s] INFO:colcon.colcon_core.shell:Creating prefix script '/psd_ws/install/local_setup.sh'
[1.497s] INFO:colcon.colcon_core.shell:Creating prefix util module '/psd_ws/install/_local_setup_util_sh.py'
[1.497s] INFO:colcon.colcon_core.shell:Creating prefix chain script '/psd_ws/install/setup.sh'
[1.504s] INFO:colcon.colcon_core.shell:Creating prefix script '/psd_ws/install/local_setup.bash'
[1.505s] INFO:colcon.colcon_core.shell:Creating prefix chain script '/psd_ws/install/setup.bash'
[1.512s] INFO:colcon.colcon_core.shell:Creating prefix script '/psd_ws/install/local_setup.zsh'
[1.513s] INFO:colcon.colcon_core.shell:Creating prefix chain script '/psd_ws/install/setup.zsh'
