[0.000000] (-) TimerEvent: {}
[0.000679] (psd_vehicle) JobQueued: {'identifier': 'psd_vehicle', 'dependencies': OrderedDict()}
[0.000727] (psd_vehicle) JobStarted: {'identifier': 'psd_vehicle'}
[0.030159] (psd_vehicle) JobProgress: {'identifier': 'psd_vehicle', 'progress': 'cmake'}
[0.030216] (psd_vehicle) Command: {'cmd': ['/usr/bin/cmake', '/psd_ws/src/psd_vehicle', '-DCMAKE_INSTALL_PREFIX=/psd_ws/install/psd_vehicle'], 'cwd': '/psd_ws/build/psd_vehicle', 'env': OrderedDict([('HOSTNAME', 'edo-Thinkpad'), ('SHLVL', '1'), ('LD_LIBRARY_PATH', '/opt/ros/humble/opt/rviz_ogre_vendor/lib:/opt/ros/humble/lib/x86_64-linux-gnu:/opt/ros/humble/lib'), ('HOME', '/home/ros'), ('OLDPWD', '/psd_ws/src'), ('ROS_PYTHON_VERSION', '3'), ('ROS_DISTRO', 'humble'), ('_', '/usr/bin/colcon'), ('ROS_VERSION', '2'), ('TERM', 'xterm'), ('ROS_LOCALHOST_ONLY', '0'), ('PATH', '/opt/ros/humble/bin:/usr/local/sbin:/usr/local/bin:/usr/sbin:/usr/bin:/sbin:/bin'), ('DISPLAY', ':0'), ('LANG', 'C.UTF-8'), ('AMENT_PREFIX_PATH', '/opt/ros/humble'), ('PWD', '/psd_ws/build/psd_vehicle'), ('LC_ALL', 'C.UTF-8'), ('PYTHONPATH', '/opt/ros/humble/lib/python3.10/site-packages:/opt/ros/humble/local/lib/python3.10/dist-packages'), ('NVIDIA_VISIBLE_DEVICES', 'all'), ('COLCON', '1'), ('CMAKE_PREFIX_PATH', '/opt/ros/humble')]), 'shell': False}
[0.066041] (psd_vehicle) StdoutLine: {'line': b'-- The C compiler identification is GNU 11.4.0\n'}
[0.095750] (psd_vehicle) StdoutLine: {'line': b'-- The CXX compiler identification is GNU 11.4.0\n'}
[0.099472] (-) TimerEvent: {}
[0.099736] (psd_vehicle) StdoutLine: {'line': b'-- Detecting C compiler ABI info\n'}
[0.134898] (psd_vehicle) StdoutLine: {'line': b'-- Detecting C compiler ABI info - done\n'}
[0.138683] (psd_vehicle) StdoutLine: {'line': b'-- Check for working C compiler: /usr/bin/cc - skipped\n'}
[0.139112] (psd_vehicle) StdoutLine: {'line': b'-- Detecting C compile features\n'}
[0.139203] (psd_vehicle) StdoutLine: {'line': b'-- Detecting C compile features - done\n'}
[0.140765] (psd_vehicle) StdoutLine: {'line': b'-- Detecting CXX compiler ABI info\n'}
[0.179387] (psd_vehicle) StdoutLine: {'line': b'-- Detecting CXX compiler ABI info - done\n'}
[0.183329] (psd_vehicle) StdoutLine: {'line': b'-- Check for working CXX compiler: /usr/bin/c++ - skipped\n'}
[0.183448] (psd_vehicle) StdoutLine: {'line': b'-- Detecting CXX compile features\n'}
[0.183725] (psd_vehicle) StdoutLine: {'line': b'-- Detecting CXX compile features - done\n'}
[0.185284] (psd_vehicle) StdoutLine: {'line': b'-- Found ament_cmake: 1.3.8 (/opt/ros/humble/share/ament_cmake/cmake)\n'}
[0.199503] (-) TimerEvent: {}
[0.273384] (psd_vehicle) StdoutLine: {'line': b'-- Found Python3: /usr/bin/python3 (found version "3.10.12") found components: Interpreter \n'}
[0.299591] (-) TimerEvent: {}
[0.325020] (psd_vehicle) StdoutLine: {'line': b'-- Found ament_lint_auto: 0.12.10 (/opt/ros/humble/share/ament_lint_auto/cmake)\n'}
[0.371076] (psd_vehicle) StdoutLine: {'line': b"-- Added test 'copyright' to check source files copyright and LICENSE\n"}
[0.379158] (psd_vehicle) StdoutLine: {'line': b"-- Added test 'flake8' to check Python code syntax and style conventions\n"}
[0.379266] (psd_vehicle) StdoutLine: {'line': b"-- Added test 'lint_cmake' to check CMake code style\n"}
[0.379313] (psd_vehicle) StdoutLine: {'line': b"-- Added test 'pep257' to check Python code against some of the docstring style conventions in PEP 257\n"}
[0.379347] (psd_vehicle) StdoutLine: {'line': b"-- Added test 'xmllint' to check XML markup files\n"}
[0.379379] (psd_vehicle) StdoutLine: {'line': b'-- Configuring done\n'}
[0.379410] (psd_vehicle) StdoutLine: {'line': b'-- Generating done\n'}
[0.379812] (psd_vehicle) StdoutLine: {'line': b'-- Build files have been written to: /psd_ws/build/psd_vehicle\n'}
[0.382484] (psd_vehicle) CommandEnded: {'returncode': 0}
[0.382708] (psd_vehicle) JobProgress: {'identifier': 'psd_vehicle', 'progress': 'build'}
[0.382726] (psd_vehicle) Command: {'cmd': ['/usr/bin/cmake', '--build', '/psd_ws/build/psd_vehicle', '--', '-j20', '-l20'], 'cwd': '/psd_ws/build/psd_vehicle', 'env': OrderedDict([('HOSTNAME', 'edo-Thinkpad'), ('SHLVL', '1'), ('LD_LIBRARY_PATH', '/opt/ros/humble/opt/rviz_ogre_vendor/lib:/opt/ros/humble/lib/x86_64-linux-gnu:/opt/ros/humble/lib'), ('HOME', '/home/ros'), ('OLDPWD', '/psd_ws/src'), ('ROS_PYTHON_VERSION', '3'), ('ROS_DISTRO', 'humble'), ('_', '/usr/bin/colcon'), ('ROS_VERSION', '2'), ('TERM', 'xterm'), ('ROS_LOCALHOST_ONLY', '0'), ('PATH', '/opt/ros/humble/bin:/usr/local/sbin:/usr/local/bin:/usr/sbin:/usr/bin:/sbin:/bin'), ('DISPLAY', ':0'), ('LANG', 'C.UTF-8'), ('AMENT_PREFIX_PATH', '/opt/ros/humble'), ('PWD', '/psd_ws/build/psd_vehicle'), ('LC_ALL', 'C.UTF-8'), ('PYTHONPATH', '/opt/ros/humble/lib/python3.10/site-packages:/opt/ros/humble/local/lib/python3.10/dist-packages'), ('NVIDIA_VISIBLE_DEVICES', 'all'), ('COLCON', '1'), ('CMAKE_PREFIX_PATH', '/opt/ros/humble')]), 'shell': False}
[0.399780] (-) TimerEvent: {}
[0.400658] (psd_vehicle) CommandEnded: {'returncode': 0}
[0.411433] (psd_vehicle) JobProgress: {'identifier': 'psd_vehicle', 'progress': 'install'}
[0.415543] (psd_vehicle) Command: {'cmd': ['/usr/bin/cmake', '--install', '/psd_ws/build/psd_vehicle'], 'cwd': '/psd_ws/build/psd_vehicle', 'env': OrderedDict([('HOSTNAME', 'edo-Thinkpad'), ('SHLVL', '1'), ('LD_LIBRARY_PATH', '/opt/ros/humble/opt/rviz_ogre_vendor/lib:/opt/ros/humble/lib/x86_64-linux-gnu:/opt/ros/humble/lib'), ('HOME', '/home/ros'), ('OLDPWD', '/psd_ws/src'), ('ROS_PYTHON_VERSION', '3'), ('ROS_DISTRO', 'humble'), ('_', '/usr/bin/colcon'), ('ROS_VERSION', '2'), ('TERM', 'xterm'), ('ROS_LOCALHOST_ONLY', '0'), ('PATH', '/opt/ros/humble/bin:/usr/local/sbin:/usr/local/bin:/usr/sbin:/usr/bin:/sbin:/bin'), ('DISPLAY', ':0'), ('LANG', 'C.UTF-8'), ('AMENT_PREFIX_PATH', '/opt/ros/humble'), ('PWD', '/psd_ws/build/psd_vehicle'), ('LC_ALL', 'C.UTF-8'), ('PYTHONPATH', '/opt/ros/humble/lib/python3.10/site-packages:/opt/ros/humble/local/lib/python3.10/dist-packages'), ('NVIDIA_VISIBLE_DEVICES', 'all'), ('COLCON', '1'), ('CMAKE_PREFIX_PATH', '/opt/ros/humble')]), 'shell': False}
[0.418936] (psd_vehicle) StdoutLine: {'line': b'-- Install configuration: ""\n'}
[0.419074] (psd_vehicle) StdoutLine: {'line': b'-- Installing: /psd_ws/install/psd_vehicle/share/psd_vehicle/config\n'}
[0.419316] (psd_vehicle) StdoutLine: {'line': b'-- Installing: /psd_ws/install/psd_vehicle/share/psd_vehicle/config/empty.yaml\n'}
[0.419448] (psd_vehicle) StdoutLine: {'line': b'-- Installing: /psd_ws/install/psd_vehicle/share/psd_vehicle/config/view_bot.rviz\n'}
[0.419613] (psd_vehicle) StdoutLine: {'line': b'-- Installing: /psd_ws/install/psd_vehicle/share/psd_vehicle/description\n'}
[0.419693] (psd_vehicle) StdoutLine: {'line': b'-- Installing: /psd_ws/install/psd_vehicle/share/psd_vehicle/description/depth_camera.xacro\n'}
[0.419751] (psd_vehicle) StdoutLine: {'line': b'-- Installing: /psd_ws/install/psd_vehicle/share/psd_vehicle/description/robot_core.xacro\n'}
[0.419789] (psd_vehicle) StdoutLine: {'line': b'-- Installing: /psd_ws/install/psd_vehicle/share/psd_vehicle/description/robot.urdf.xacro\n'}
[0.419853] (psd_vehicle) StdoutLine: {'line': b'-- Installing: /psd_ws/install/psd_vehicle/share/psd_vehicle/description/ros2_control.xacro\n'}
[0.419905] (psd_vehicle) StdoutLine: {'line': b'-- Installing: /psd_ws/install/psd_vehicle/share/psd_vehicle/description/inertial_macros.xacro\n'}
[0.420087] (psd_vehicle) StdoutLine: {'line': b'-- Installing: /psd_ws/install/psd_vehicle/share/psd_vehicle/description/gazebo_control.xacro\n'}
[0.420155] (psd_vehicle) StdoutLine: {'line': b'-- Installing: /psd_ws/install/psd_vehicle/share/psd_vehicle/description/camera.xacro\n'}
[0.420254] (psd_vehicle) StdoutLine: {'line': b'-- Installing: /psd_ws/install/psd_vehicle/share/psd_vehicle/description/lidar.xacro\n'}
[0.420305] (psd_vehicle) StdoutLine: {'line': b'-- Installing: /psd_ws/install/psd_vehicle/share/psd_vehicle/description/ackermann.urdf.xacro\n'}
[0.420339] (psd_vehicle) StdoutLine: {'line': b'-- Installing: /psd_ws/install/psd_vehicle/share/psd_vehicle/launch\n'}
[0.420537] (psd_vehicle) StdoutLine: {'line': b'-- Installing: /psd_ws/install/psd_vehicle/share/psd_vehicle/launch/rsp.launch.py\n'}
[0.420579] (psd_vehicle) StdoutLine: {'line': b'-- Installing: /psd_ws/install/psd_vehicle/share/psd_vehicle/launch/launch_sim.launch.py\n'}
[0.420609] (psd_vehicle) StdoutLine: {'line': b'-- Installing: /psd_ws/install/psd_vehicle/share/psd_vehicle/launch/online_async_launch.py\n'}
[0.420638] (psd_vehicle) StdoutLine: {'line': b'-- Installing: /psd_ws/install/psd_vehicle/share/psd_vehicle/launch/joystick.launch.py\n'}
[0.420666] (psd_vehicle) StdoutLine: {'line': b'-- Installing: /psd_ws/install/psd_vehicle/share/psd_vehicle/launch/launch_robot.launch.py\n'}
[0.420695] (psd_vehicle) StdoutLine: {'line': b'-- Installing: /psd_ws/install/psd_vehicle/share/psd_vehicle/launch/camera.launch.py\n'}
[0.420726] (psd_vehicle) StdoutLine: {'line': b'-- Installing: /psd_ws/install/psd_vehicle/share/psd_vehicle/launch/navigation_launch.py\n'}
[0.420756] (psd_vehicle) StdoutLine: {'line': b'-- Installing: /psd_ws/install/psd_vehicle/share/psd_vehicle/launch/localization_launch.py\n'}
[0.420931] (psd_vehicle) StdoutLine: {'line': b'-- Installing: /psd_ws/install/psd_vehicle/share/psd_vehicle/launch/rplidar.launch.py\n'}
[0.420977] (psd_vehicle) StdoutLine: {'line': b'-- Installing: /psd_ws/install/psd_vehicle/share/psd_vehicle/launch/ball_tracker.launch.py\n'}
[0.421011] (psd_vehicle) StdoutLine: {'line': b'-- Installing: /psd_ws/install/psd_vehicle/share/psd_vehicle/worlds\n'}
[0.421042] (psd_vehicle) StdoutLine: {'line': b'-- Installing: /psd_ws/install/psd_vehicle/share/psd_vehicle/worlds/obstacles.world\n'}
[0.421137] (psd_vehicle) StdoutLine: {'line': b'-- Installing: /psd_ws/install/psd_vehicle/share/psd_vehicle/worlds/empty.world\n'}
[0.421170] (psd_vehicle) StdoutLine: {'line': b'-- Installing: /psd_ws/install/psd_vehicle/share/ament_index/resource_index/package_run_dependencies/psd_vehicle\n'}
[0.421202] (psd_vehicle) StdoutLine: {'line': b'-- Installing: /psd_ws/install/psd_vehicle/share/ament_index/resource_index/parent_prefix_path/psd_vehicle\n'}
[0.421266] (psd_vehicle) StdoutLine: {'line': b'-- Installing: /psd_ws/install/psd_vehicle/share/psd_vehicle/environment/ament_prefix_path.sh\n'}
[0.421308] (psd_vehicle) StdoutLine: {'line': b'-- Installing: /psd_ws/install/psd_vehicle/share/psd_vehicle/environment/ament_prefix_path.dsv\n'}
[0.421430] (psd_vehicle) StdoutLine: {'line': b'-- Installing: /psd_ws/install/psd_vehicle/share/psd_vehicle/environment/path.sh\n'}
[0.421565] (psd_vehicle) StdoutLine: {'line': b'-- Installing: /psd_ws/install/psd_vehicle/share/psd_vehicle/environment/path.dsv\n'}
[0.421632] (psd_vehicle) StdoutLine: {'line': b'-- Installing: /psd_ws/install/psd_vehicle/share/psd_vehicle/local_setup.bash\n'}
[0.421686] (psd_vehicle) StdoutLine: {'line': b'-- Installing: /psd_ws/install/psd_vehicle/share/psd_vehicle/local_setup.sh\n'}
[0.421722] (psd_vehicle) StdoutLine: {'line': b'-- Installing: /psd_ws/install/psd_vehicle/share/psd_vehicle/local_setup.zsh\n'}
[0.421965] (psd_vehicle) StdoutLine: {'line': b'-- Installing: /psd_ws/install/psd_vehicle/share/psd_vehicle/local_setup.dsv\n'}
[0.422030] (psd_vehicle) StdoutLine: {'line': b'-- Installing: /psd_ws/install/psd_vehicle/share/psd_vehicle/package.dsv\n'}
[0.422064] (psd_vehicle) StdoutLine: {'line': b'-- Installing: /psd_ws/install/psd_vehicle/share/ament_index/resource_index/packages/psd_vehicle\n'}
[0.422093] (psd_vehicle) StdoutLine: {'line': b'-- Installing: /psd_ws/install/psd_vehicle/share/psd_vehicle/cmake/psd_vehicleConfig.cmake\n'}
[0.422122] (psd_vehicle) StdoutLine: {'line': b'-- Installing: /psd_ws/install/psd_vehicle/share/psd_vehicle/cmake/psd_vehicleConfig-version.cmake\n'}
[0.422149] (psd_vehicle) StdoutLine: {'line': b'-- Installing: /psd_ws/install/psd_vehicle/share/psd_vehicle/package.xml\n'}
[0.423402] (psd_vehicle) CommandEnded: {'returncode': 0}
[0.482531] (psd_vehicle) JobEnded: {'identifier': 'psd_vehicle', 'rc': 0}
[0.483038] (-) EventReactorShutdown: {}
