[35m[1mConsolidate compiler generated dependencies of target send_trajectory[0m
[35m[1mConsolidate compiler generated dependencies of target ros2_control_demo_example_7[0m
[ 60%] Built target ros2_control_demo_example_7
[100%] Built target send_trajectory
-- Install configuration: ""
-- Up-to-date: /home/psd/psd_ws/install/ros2_control_demo_example_7/share/ros2_control_demo_example_7/ros2_control_demo_example_7.xml
-- Up-to-date: /home/psd/psd_ws/install/ros2_control_demo_example_7/share/ros2_control_demo_example_7/ros2_control_demo_example_7.xml
-- Up-to-date: /home/psd/psd_ws/install/ros2_control_demo_example_7/include/ros2_control_demo_example_7
-- Up-to-date: /home/psd/psd_ws/install/ros2_control_demo_example_7/include/ros2_control_demo_example_7/ros2_control_demo_example_7
-- Up-to-date: /home/psd/psd_ws/install/ros2_control_demo_example_7/include/ros2_control_demo_example_7/ros2_control_demo_example_7/r6bot_hardware.hpp
-- Up-to-date: /home/psd/psd_ws/install/ros2_control_demo_example_7/share/ros2_control_demo_example_7/launch
-- Up-to-date: /home/psd/psd_ws/install/ros2_control_demo_example_7/share/ros2_control_demo_example_7/launch/view_r6bot.launch.py
-- Up-to-date: /home/psd/psd_ws/install/ros2_control_demo_example_7/share/ros2_control_demo_example_7/ros2_control
-- Up-to-date: /home/psd/psd_ws/install/ros2_control_demo_example_7/share/ros2_control_demo_example_7/ros2_control/r6bot.ros2_control.xacro
-- Up-to-date: /home/psd/psd_ws/install/ros2_control_demo_example_7/share/ros2_control_demo_example_7/urdf
-- Up-to-date: /home/psd/psd_ws/install/ros2_control_demo_example_7/share/ros2_control_demo_example_7/urdf/r6bot.urdf.xacro
-- Up-to-date: /home/psd/psd_ws/install/ros2_control_demo_example_7/share/ros2_control_demo_example_7/launch
-- Up-to-date: /home/psd/psd_ws/install/ros2_control_demo_example_7/share/ros2_control_demo_example_7/launch/send_trajectory.launch.py
-- Up-to-date: /home/psd/psd_ws/install/ros2_control_demo_example_7/share/ros2_control_demo_example_7/launch/r6bot_controller.launch.py
-- Up-to-date: /home/psd/psd_ws/install/ros2_control_demo_example_7/share/ros2_control_demo_example_7/config
-- Up-to-date: /home/psd/psd_ws/install/ros2_control_demo_example_7/share/ros2_control_demo_example_7/config/r6bot_controller.yaml
-- Up-to-date: /home/psd/psd_ws/install/ros2_control_demo_example_7/lib/ros2_control_demo_example_7/send_trajectory
-- Up-to-date: /home/psd/psd_ws/install/ros2_control_demo_example_7/lib/libros2_control_demo_example_7.so
-- Up-to-date: /home/psd/psd_ws/install/ros2_control_demo_example_7/share/ros2_control_demo_example_7/environment/library_path.sh
-- Up-to-date: /home/psd/psd_ws/install/ros2_control_demo_example_7/share/ros2_control_demo_example_7/environment/library_path.dsv
-- Up-to-date: /home/psd/psd_ws/install/ros2_control_demo_example_7/share/ament_index/resource_index/package_run_dependencies/ros2_control_demo_example_7
-- Up-to-date: /home/psd/psd_ws/install/ros2_control_demo_example_7/share/ament_index/resource_index/parent_prefix_path/ros2_control_demo_example_7
-- Up-to-date: /home/psd/psd_ws/install/ros2_control_demo_example_7/share/ros2_control_demo_example_7/environment/ament_prefix_path.sh
-- Up-to-date: /home/psd/psd_ws/install/ros2_control_demo_example_7/share/ros2_control_demo_example_7/environment/ament_prefix_path.dsv
-- Up-to-date: /home/psd/psd_ws/install/ros2_control_demo_example_7/share/ros2_control_demo_example_7/environment/path.sh
-- Up-to-date: /home/psd/psd_ws/install/ros2_control_demo_example_7/share/ros2_control_demo_example_7/environment/path.dsv
-- Up-to-date: /home/psd/psd_ws/install/ros2_control_demo_example_7/share/ros2_control_demo_example_7/local_setup.bash
-- Up-to-date: /home/psd/psd_ws/install/ros2_control_demo_example_7/share/ros2_control_demo_example_7/local_setup.sh
-- Up-to-date: /home/psd/psd_ws/install/ros2_control_demo_example_7/share/ros2_control_demo_example_7/local_setup.zsh
-- Up-to-date: /home/psd/psd_ws/install/ros2_control_demo_example_7/share/ros2_control_demo_example_7/local_setup.dsv
-- Installing: /home/psd/psd_ws/install/ros2_control_demo_example_7/share/ros2_control_demo_example_7/package.dsv
-- Up-to-date: /home/psd/psd_ws/install/ros2_control_demo_example_7/share/ament_index/resource_index/packages/ros2_control_demo_example_7
-- Up-to-date: /home/psd/psd_ws/install/ros2_control_demo_example_7/share/ament_index/resource_index/hardware_interface__pluginlib__plugin/ros2_control_demo_example_7
-- Up-to-date: /home/psd/psd_ws/install/ros2_control_demo_example_7/share/ament_index/resource_index/controller_interface__pluginlib__plugin/ros2_control_demo_example_7
-- Up-to-date: /home/psd/psd_ws/install/ros2_control_demo_example_7/share/ros2_control_demo_example_7/cmake/export_ros2_control_demo_example_7Export.cmake
-- Up-to-date: /home/psd/psd_ws/install/ros2_control_demo_example_7/share/ros2_control_demo_example_7/cmake/export_ros2_control_demo_example_7Export-noconfig.cmake
-- Up-to-date: /home/psd/psd_ws/install/ros2_control_demo_example_7/share/ros2_control_demo_example_7/cmake/ament_cmake_export_targets-extras.cmake
-- Up-to-date: /home/psd/psd_ws/install/ros2_control_demo_example_7/share/ros2_control_demo_example_7/cmake/ament_cmake_export_dependencies-extras.cmake
-- Up-to-date: /home/psd/psd_ws/install/ros2_control_demo_example_7/share/ros2_control_demo_example_7/cmake/ros2_control_demo_example_7Config.cmake
-- Up-to-date: /home/psd/psd_ws/install/ros2_control_demo_example_7/share/ros2_control_demo_example_7/cmake/ros2_control_demo_example_7Config-version.cmake
-- Up-to-date: /home/psd/psd_ws/install/ros2_control_demo_example_7/share/ros2_control_demo_example_7/package.xml
