[0.193s] Invoking command in '/home/psd/psd_ws/build/joint_limits': CMAKE_PREFIX_PATH=${CMAKE_PREFIX_PATH}:/home/psd/psd_ws/install/rqt_joint_trajectory_controller:/home/psd/psd_ws/install/rqt_controller_manager:/home/psd/psd_ws/install/ros2controlcli:/home/psd/psd_ws/install/ros2_controllers_test_nodes:/opt/ros/humble /usr/bin/cmake --build /home/psd/psd_ws/build/joint_limits -- -j20 -l20
[0.258s] [ 33%] Built target gtest_main
[0.260s] [ 66%] Built target gtest
[0.287s] [100%] Built target joint_limits_rosparam_test
[0.301s] Invoked command in '/home/psd/psd_ws/build/joint_limits' returned '0': CMAKE_PREFIX_PATH=${CMAKE_PREFIX_PATH}:/home/psd/psd_ws/install/rqt_joint_trajectory_controller:/home/psd/psd_ws/install/rqt_controller_manager:/home/psd/psd_ws/install/ros2controlcli:/home/psd/psd_ws/install/ros2_controllers_test_nodes:/opt/ros/humble /usr/bin/cmake --build /home/psd/psd_ws/build/joint_limits -- -j20 -l20
[0.346s] Invoking command in '/home/psd/psd_ws/build/joint_limits': CMAKE_PREFIX_PATH=${CMAKE_PREFIX_PATH}:/home/psd/psd_ws/install/rqt_joint_trajectory_controller:/home/psd/psd_ws/install/rqt_controller_manager:/home/psd/psd_ws/install/ros2controlcli:/home/psd/psd_ws/install/ros2_controllers_test_nodes:/opt/ros/humble /usr/bin/cmake --install /home/psd/psd_ws/build/joint_limits
[0.352s] -- Install configuration: ""
[0.352s] -- Execute custom install script
[0.352s] -- Up-to-date symlink: /home/psd/psd_ws/install/joint_limits/include/joint_limits/joint_limits.hpp
[0.352s] -- Up-to-date symlink: /home/psd/psd_ws/install/joint_limits/include/joint_limits/joint_limits_rosparam.hpp
[0.352s] -- Up-to-date symlink: /home/psd/psd_ws/install/joint_limits/lib/joint_limits/joint_limits_rosparam_test
[0.352s] -- Up-to-date symlink: /home/psd/psd_ws/install/joint_limits/share/joint_limits/test/joint_limits_rosparam.yaml
[0.352s] -- Up-to-date symlink: /home/psd/psd_ws/install/joint_limits/share/ament_index/resource_index/package_run_dependencies/joint_limits
[0.353s] -- Up-to-date symlink: /home/psd/psd_ws/install/joint_limits/share/ament_index/resource_index/parent_prefix_path/joint_limits
[0.353s] -- Up-to-date symlink: /home/psd/psd_ws/install/joint_limits/share/joint_limits/environment/ament_prefix_path.sh
[0.353s] -- Up-to-date symlink: /home/psd/psd_ws/install/joint_limits/share/joint_limits/environment/ament_prefix_path.dsv
[0.353s] -- Up-to-date symlink: /home/psd/psd_ws/install/joint_limits/share/joint_limits/environment/path.sh
[0.353s] -- Up-to-date symlink: /home/psd/psd_ws/install/joint_limits/share/joint_limits/environment/path.dsv
[0.354s] -- Up-to-date symlink: /home/psd/psd_ws/install/joint_limits/share/joint_limits/local_setup.bash
[0.354s] -- Up-to-date symlink: /home/psd/psd_ws/install/joint_limits/share/joint_limits/local_setup.sh
[0.354s] -- Up-to-date symlink: /home/psd/psd_ws/install/joint_limits/share/joint_limits/local_setup.zsh
[0.354s] -- Up-to-date symlink: /home/psd/psd_ws/install/joint_limits/share/joint_limits/local_setup.dsv
[0.354s] -- Symlinking: /home/psd/psd_ws/install/joint_limits/share/joint_limits/package.dsv
[0.361s] -- Up-to-date symlink: /home/psd/psd_ws/install/joint_limits/share/ament_index/resource_index/packages/joint_limits
[0.361s] -- Up-to-date symlink: /home/psd/psd_ws/install/joint_limits/share/joint_limits/cmake/ament_cmake_export_dependencies-extras.cmake
[0.361s] -- Up-to-date symlink: /home/psd/psd_ws/install/joint_limits/share/joint_limits/cmake/ament_cmake_export_include_directories-extras.cmake
[0.362s] -- Up-to-date symlink: /home/psd/psd_ws/install/joint_limits/share/joint_limits/cmake/joint_limitsConfig.cmake
[0.362s] -- Up-to-date symlink: /home/psd/psd_ws/install/joint_limits/share/joint_limits/cmake/joint_limitsConfig-version.cmake
[0.362s] -- Up-to-date symlink: /home/psd/psd_ws/install/joint_limits/share/joint_limits/package.xml
[0.363s] Invoked command in '/home/psd/psd_ws/build/joint_limits' returned '0': CMAKE_PREFIX_PATH=${CMAKE_PREFIX_PATH}:/home/psd/psd_ws/install/rqt_joint_trajectory_controller:/home/psd/psd_ws/install/rqt_controller_manager:/home/psd/psd_ws/install/ros2controlcli:/home/psd/psd_ws/install/ros2_controllers_test_nodes:/opt/ros/humble /usr/bin/cmake --install /home/psd/psd_ws/build/joint_limits
