[0.029s] Invoking command in '/psd_ws/build/ign_ros2_control_demos': CMAKE_PREFIX_PATH=/psd_ws/install/ign_ros2_control:/psd_ws/install/psd_vehicle_hardware_interfaces:/psd_ws/install/psd_vehicle_bringup:/psd_ws/install/psd_vehicle_controller:/psd_ws/install/psd_vehicle_description:/psd_ws/install/ros_components_description:/psd_ws/install/psd_vehicle_interfaces:/psd_ws/install/psd_vehicle_gazebo:/psd_ws/install/psd_gazebo_worlds:/psd_ws/install/ign_ros2_control_demos:/psd_ws/install/core:/opt/ros/humble LD_LIBRARY_PATH=/psd_ws/install/ign_ros2_control/lib:/psd_ws/install/psd_vehicle_hardware_interfaces/lib:/psd_ws/install/psd_vehicle_interfaces/lib:/usr/lib/x86_64-linux-gnu/gazebo-11/plugins:/opt/ros/humble/opt/rviz_ogre_vendor/lib:/opt/ros/humble/lib/x86_64-linux-gnu:/opt/ros/humble/lib /usr/bin/cmake /psd_ws/src/gazebosim/gz_ros2_control/ign_ros2_control_demos -DCMAKE_INSTALL_PREFIX=/psd_ws/install/ign_ros2_control_demos
[0.085s] -- The C compiler identification is GNU 11.4.0
[0.120s] -- The CXX compiler identification is GNU 11.4.0
[0.124s] -- Detecting C compiler ABI info
[0.168s] -- Detecting C compiler ABI info - done
[0.172s] -- Check for working C compiler: /usr/bin/cc - skipped
[0.172s] -- Detecting C compile features
[0.172s] -- Detecting C compile features - done
[0.174s] -- Detecting CXX compiler ABI info
[0.219s] -- Detecting CXX compiler ABI info - done
[0.223s] -- Check for working CXX compiler: /usr/bin/c++ - skipped
[0.223s] -- Detecting CXX compile features
[0.224s] -- Detecting CXX compile features - done
[0.227s] -- Found ament_cmake: 1.3.8 (/opt/ros/humble/share/ament_cmake/cmake)
[0.314s] -- Found Python3: /usr/bin/python3 (found version "3.10.12") found components: Interpreter 
[0.374s] -- Found control_msgs: 4.4.0 (/opt/ros/humble/share/control_msgs/cmake)
[0.405s] -- Found rosidl_generator_c: 3.1.5 (/opt/ros/humble/share/rosidl_generator_c/cmake)
[0.409s] -- Found rosidl_adapter: 3.1.5 (/opt/ros/humble/share/rosidl_adapter/cmake)
[0.416s] -- Found rosidl_generator_cpp: 3.1.5 (/opt/ros/humble/share/rosidl_generator_cpp/cmake)
[0.426s] -- Using all available rosidl_typesupport_c: rosidl_typesupport_fastrtps_c;rosidl_typesupport_introspection_c
[0.441s] -- Using all available rosidl_typesupport_cpp: rosidl_typesupport_fastrtps_cpp;rosidl_typesupport_introspection_cpp
[0.792s] -- Found rclcpp: 16.0.8 (/opt/ros/humble/share/rclcpp/cmake)
[0.836s] -- Found rmw_implementation_cmake: 6.1.1 (/opt/ros/humble/share/rmw_implementation_cmake/cmake)
[0.839s] -- Found rmw_fastrtps_cpp: 6.2.6 (/opt/ros/humble/share/rmw_fastrtps_cpp/cmake)
[0.906s] -- Found OpenSSL: /usr/lib/x86_64-linux-gnu/libcrypto.so (found version "3.0.2")  
[0.925s] -- Found FastRTPS: /opt/ros/humble/include  
[0.961s] -- Using RMW implementation 'rmw_fastrtps_cpp' as default
[0.970s] -- Looking for pthread.h
[1.015s] -- Looking for pthread.h - found
[1.015s] -- Performing Test CMAKE_HAVE_LIBC_PTHREAD
[1.059s] -- Performing Test CMAKE_HAVE_LIBC_PTHREAD - Success
[1.060s] -- Found Threads: TRUE  
[1.145s] -- Found rclcpp_action: 16.0.8 (/opt/ros/humble/share/rclcpp_action/cmake)
[1.171s] -- Found ament_cmake_gtest: 1.3.8 (/opt/ros/humble/share/ament_cmake_gtest/cmake)
[1.174s] -- Found ament_lint_auto: 0.12.10 (/opt/ros/humble/share/ament_lint_auto/cmake)
[1.229s] -- Added test 'copyright' to check source files copyright and LICENSE
[1.230s] -- Added test 'cppcheck' to perform static code analysis on C / C++ code
[1.230s] -- Configured cppcheck include dirs: 
[1.230s] -- Configured cppcheck exclude dirs and/or files: 
[1.231s] -- Added test 'cpplint' to check C / C++ code against the Google style
[1.231s] -- Configured cpplint exclude dirs and/or files: 
[1.232s] -- Added test 'flake8' to check Python code syntax and style conventions
[1.232s] -- Added test 'lint_cmake' to check CMake code style
[1.232s] -- Added test 'pep257' to check Python code against some of the docstring style conventions in PEP 257
[1.233s] -- Added test 'uncrustify' to check C / C++ code style
[1.233s] -- Configured uncrustify additional arguments: 
[1.234s] -- Added test 'xmllint' to check XML markup files
[1.235s] -- Configuring done
[1.250s] -- Generating done
[1.251s] -- Build files have been written to: /psd_ws/build/ign_ros2_control_demos
[1.257s] Invoked command in '/psd_ws/build/ign_ros2_control_demos' returned '0': CMAKE_PREFIX_PATH=/psd_ws/install/ign_ros2_control:/psd_ws/install/psd_vehicle_hardware_interfaces:/psd_ws/install/psd_vehicle_bringup:/psd_ws/install/psd_vehicle_controller:/psd_ws/install/psd_vehicle_description:/psd_ws/install/ros_components_description:/psd_ws/install/psd_vehicle_interfaces:/psd_ws/install/psd_vehicle_gazebo:/psd_ws/install/psd_gazebo_worlds:/psd_ws/install/ign_ros2_control_demos:/psd_ws/install/core:/opt/ros/humble LD_LIBRARY_PATH=/psd_ws/install/ign_ros2_control/lib:/psd_ws/install/psd_vehicle_hardware_interfaces/lib:/psd_ws/install/psd_vehicle_interfaces/lib:/usr/lib/x86_64-linux-gnu/gazebo-11/plugins:/opt/ros/humble/opt/rviz_ogre_vendor/lib:/opt/ros/humble/lib/x86_64-linux-gnu:/opt/ros/humble/lib /usr/bin/cmake /psd_ws/src/gazebosim/gz_ros2_control/ign_ros2_control_demos -DCMAKE_INSTALL_PREFIX=/psd_ws/install/ign_ros2_control_demos
[1.258s] Invoking command in '/psd_ws/build/ign_ros2_control_demos': CMAKE_PREFIX_PATH=/psd_ws/install/ign_ros2_control:/psd_ws/install/psd_vehicle_hardware_interfaces:/psd_ws/install/psd_vehicle_bringup:/psd_ws/install/psd_vehicle_controller:/psd_ws/install/psd_vehicle_description:/psd_ws/install/ros_components_description:/psd_ws/install/psd_vehicle_interfaces:/psd_ws/install/psd_vehicle_gazebo:/psd_ws/install/psd_gazebo_worlds:/psd_ws/install/ign_ros2_control_demos:/psd_ws/install/core:/opt/ros/humble LD_LIBRARY_PATH=/psd_ws/install/ign_ros2_control/lib:/psd_ws/install/psd_vehicle_hardware_interfaces/lib:/psd_ws/install/psd_vehicle_interfaces/lib:/usr/lib/x86_64-linux-gnu/gazebo-11/plugins:/opt/ros/humble/opt/rviz_ogre_vendor/lib:/opt/ros/humble/lib/x86_64-linux-gnu:/opt/ros/humble/lib /usr/bin/cmake --build /psd_ws/build/ign_ros2_control_demos -- -j20 -l20
[1.288s] [ 25%] [32mBuilding CXX object CMakeFiles/example_velocity.dir/examples/example_velocity.cpp.o[0m
[1.288s] [ 25%] [32mBuilding CXX object CMakeFiles/example_effort.dir/examples/example_effort.cpp.o[0m
[1.288s] [ 25%] [32mBuilding CXX object CMakeFiles/example_position.dir/examples/example_position.cpp.o[0m
[1.288s] [ 41%] [32mBuilding CXX object CMakeFiles/example_tricycle_drive.dir/examples/example_tricycle_drive.cpp.o[0m
[1.288s] [ 41%] [32mBuilding CXX object CMakeFiles/example_diff_drive.dir/examples/example_diff_drive.cpp.o[0m
[1.289s] [ 50%] [32mBuilding CXX object CMakeFiles/example_gripper.dir/examples/example_gripper.cpp.o[0m
[4.500s] [ 58%] [32m[1mLinking CXX executable example_diff_drive[0m
[4.514s] [ 66%] [32m[1mLinking CXX executable example_tricycle_drive[0m
[4.526s] [ 75%] [32m[1mLinking CXX executable example_gripper[0m
[4.529s] [ 83%] [32m[1mLinking CXX executable example_velocity[0m
[4.539s] [ 91%] [32m[1mLinking CXX executable example_effort[0m
[4.672s] [ 91%] Built target example_diff_drive
[4.673s] [ 91%] Built target example_tricycle_drive
[4.688s] [ 91%] Built target example_gripper
[4.691s] [ 91%] Built target example_velocity
[4.698s] [ 91%] Built target example_effort
[4.845s] [100%] [32m[1mLinking CXX executable example_position[0m
[4.975s] [100%] Built target example_position
[4.986s] Invoked command in '/psd_ws/build/ign_ros2_control_demos' returned '0': CMAKE_PREFIX_PATH=/psd_ws/install/ign_ros2_control:/psd_ws/install/psd_vehicle_hardware_interfaces:/psd_ws/install/psd_vehicle_bringup:/psd_ws/install/psd_vehicle_controller:/psd_ws/install/psd_vehicle_description:/psd_ws/install/ros_components_description:/psd_ws/install/psd_vehicle_interfaces:/psd_ws/install/psd_vehicle_gazebo:/psd_ws/install/psd_gazebo_worlds:/psd_ws/install/ign_ros2_control_demos:/psd_ws/install/core:/opt/ros/humble LD_LIBRARY_PATH=/psd_ws/install/ign_ros2_control/lib:/psd_ws/install/psd_vehicle_hardware_interfaces/lib:/psd_ws/install/psd_vehicle_interfaces/lib:/usr/lib/x86_64-linux-gnu/gazebo-11/plugins:/opt/ros/humble/opt/rviz_ogre_vendor/lib:/opt/ros/humble/lib/x86_64-linux-gnu:/opt/ros/humble/lib /usr/bin/cmake --build /psd_ws/build/ign_ros2_control_demos -- -j20 -l20
[5.024s] Invoking command in '/psd_ws/build/ign_ros2_control_demos': CMAKE_PREFIX_PATH=/psd_ws/install/ign_ros2_control:/psd_ws/install/psd_vehicle_hardware_interfaces:/psd_ws/install/psd_vehicle_bringup:/psd_ws/install/psd_vehicle_controller:/psd_ws/install/psd_vehicle_description:/psd_ws/install/ros_components_description:/psd_ws/install/psd_vehicle_interfaces:/psd_ws/install/psd_vehicle_gazebo:/psd_ws/install/psd_gazebo_worlds:/psd_ws/install/ign_ros2_control_demos:/psd_ws/install/core:/opt/ros/humble LD_LIBRARY_PATH=/psd_ws/install/ign_ros2_control/lib:/psd_ws/install/psd_vehicle_hardware_interfaces/lib:/psd_ws/install/psd_vehicle_interfaces/lib:/usr/lib/x86_64-linux-gnu/gazebo-11/plugins:/opt/ros/humble/opt/rviz_ogre_vendor/lib:/opt/ros/humble/lib/x86_64-linux-gnu:/opt/ros/humble/lib /usr/bin/cmake --install /psd_ws/build/ign_ros2_control_demos
[5.032s] -- Install configuration: ""
[5.032s] -- Installing: /psd_ws/install/ign_ros2_control_demos/share/ign_ros2_control_demos//launch
[5.032s] -- Installing: /psd_ws/install/ign_ros2_control_demos/share/ign_ros2_control_demos//launch/tricycle_drive_example.launch.py
[5.032s] -- Installing: /psd_ws/install/ign_ros2_control_demos/share/ign_ros2_control_demos//launch/gripper_mimic_joint_example.launch.py
[5.032s] -- Installing: /psd_ws/install/ign_ros2_control_demos/share/ign_ros2_control_demos//launch/cart_example_velocity.launch.py
[5.033s] -- Installing: /psd_ws/install/ign_ros2_control_demos/share/ign_ros2_control_demos//launch/diff_drive_example.launch.py
[5.033s] -- Installing: /psd_ws/install/ign_ros2_control_demos/share/ign_ros2_control_demos//launch/cart_example_position.launch.py
[5.033s] -- Installing: /psd_ws/install/ign_ros2_control_demos/share/ign_ros2_control_demos//launch/cart_example_effort.launch.py
[5.033s] -- Installing: /psd_ws/install/ign_ros2_control_demos/share/ign_ros2_control_demos//config
[5.033s] -- Installing: /psd_ws/install/ign_ros2_control_demos/share/ign_ros2_control_demos//config/cartpole_controller_effort.yaml
[5.033s] -- Installing: /psd_ws/install/ign_ros2_control_demos/share/ign_ros2_control_demos//config/gripper_controller.yaml
[5.033s] -- Installing: /psd_ws/install/ign_ros2_control_demos/share/ign_ros2_control_demos//config/tricycle_drive_controller.yaml
[5.033s] -- Installing: /psd_ws/install/ign_ros2_control_demos/share/ign_ros2_control_demos//config/diff_drive_controller_velocity.yaml
[5.034s] -- Installing: /psd_ws/install/ign_ros2_control_demos/share/ign_ros2_control_demos//config/cartpole_controller_position.yaml
[5.034s] -- Installing: /psd_ws/install/ign_ros2_control_demos/share/ign_ros2_control_demos//config/cartpole_controller_velocity.yaml
[5.034s] -- Installing: /psd_ws/install/ign_ros2_control_demos/share/ign_ros2_control_demos//urdf
[5.034s] -- Installing: /psd_ws/install/ign_ros2_control_demos/share/ign_ros2_control_demos//urdf/test_tricycle_drive.xacro.urdf
[5.034s] -- Installing: /psd_ws/install/ign_ros2_control_demos/share/ign_ros2_control_demos//urdf/test_gripper_mimic_joint.xacro.urdf
[5.034s] -- Installing: /psd_ws/install/ign_ros2_control_demos/share/ign_ros2_control_demos//urdf/test_cart_effort.xacro.urdf
[5.034s] -- Installing: /psd_ws/install/ign_ros2_control_demos/share/ign_ros2_control_demos//urdf/test_diff_drive.xacro.urdf
[5.034s] -- Installing: /psd_ws/install/ign_ros2_control_demos/share/ign_ros2_control_demos//urdf/test_cart_position.xacro.urdf
[5.034s] -- Installing: /psd_ws/install/ign_ros2_control_demos/share/ign_ros2_control_demos//urdf/test_cart_velocity.xacro.urdf
[5.034s] -- Installing: /psd_ws/install/ign_ros2_control_demos/lib/ign_ros2_control_demos/example_position
[5.035s] -- Set runtime path of "/psd_ws/install/ign_ros2_control_demos/lib/ign_ros2_control_demos/example_position" to ""
[5.035s] -- Installing: /psd_ws/install/ign_ros2_control_demos/lib/ign_ros2_control_demos/example_velocity
[5.036s] -- Set runtime path of "/psd_ws/install/ign_ros2_control_demos/lib/ign_ros2_control_demos/example_velocity" to ""
[5.036s] -- Installing: /psd_ws/install/ign_ros2_control_demos/lib/ign_ros2_control_demos/example_effort
[5.037s] -- Set runtime path of "/psd_ws/install/ign_ros2_control_demos/lib/ign_ros2_control_demos/example_effort" to ""
[5.037s] -- Installing: /psd_ws/install/ign_ros2_control_demos/lib/ign_ros2_control_demos/example_diff_drive
[5.038s] -- Set runtime path of "/psd_ws/install/ign_ros2_control_demos/lib/ign_ros2_control_demos/example_diff_drive" to ""
[5.038s] -- Installing: /psd_ws/install/ign_ros2_control_demos/lib/ign_ros2_control_demos/example_tricycle_drive
[5.039s] -- Set runtime path of "/psd_ws/install/ign_ros2_control_demos/lib/ign_ros2_control_demos/example_tricycle_drive" to ""
[5.039s] -- Installing: /psd_ws/install/ign_ros2_control_demos/lib/ign_ros2_control_demos/example_gripper
[5.040s] -- Set runtime path of "/psd_ws/install/ign_ros2_control_demos/lib/ign_ros2_control_demos/example_gripper" to ""
[5.040s] -- Installing: /psd_ws/install/ign_ros2_control_demos/share/ament_index/resource_index/package_run_dependencies/ign_ros2_control_demos
[5.040s] -- Installing: /psd_ws/install/ign_ros2_control_demos/share/ament_index/resource_index/parent_prefix_path/ign_ros2_control_demos
[5.041s] -- Installing: /psd_ws/install/ign_ros2_control_demos/share/ign_ros2_control_demos/environment/ament_prefix_path.sh
[5.041s] -- Installing: /psd_ws/install/ign_ros2_control_demos/share/ign_ros2_control_demos/environment/ament_prefix_path.dsv
[5.041s] -- Installing: /psd_ws/install/ign_ros2_control_demos/share/ign_ros2_control_demos/environment/path.sh
[5.041s] -- Installing: /psd_ws/install/ign_ros2_control_demos/share/ign_ros2_control_demos/environment/path.dsv
[5.041s] -- Installing: /psd_ws/install/ign_ros2_control_demos/share/ign_ros2_control_demos/local_setup.bash
[5.041s] -- Installing: /psd_ws/install/ign_ros2_control_demos/share/ign_ros2_control_demos/local_setup.sh
[5.041s] -- Installing: /psd_ws/install/ign_ros2_control_demos/share/ign_ros2_control_demos/local_setup.zsh
[5.041s] -- Installing: /psd_ws/install/ign_ros2_control_demos/share/ign_ros2_control_demos/local_setup.dsv
[5.041s] -- Installing: /psd_ws/install/ign_ros2_control_demos/share/ign_ros2_control_demos/package.dsv
[5.041s] -- Installing: /psd_ws/install/ign_ros2_control_demos/share/ament_index/resource_index/packages/ign_ros2_control_demos
[5.041s] -- Installing: /psd_ws/install/ign_ros2_control_demos/share/ign_ros2_control_demos/cmake/ign_ros2_control_demosConfig.cmake
[5.042s] -- Installing: /psd_ws/install/ign_ros2_control_demos/share/ign_ros2_control_demos/cmake/ign_ros2_control_demosConfig-version.cmake
[5.042s] -- Installing: /psd_ws/install/ign_ros2_control_demos/share/ign_ros2_control_demos/package.xml
[5.044s] Invoked command in '/psd_ws/build/ign_ros2_control_demos' returned '0': CMAKE_PREFIX_PATH=/psd_ws/install/ign_ros2_control:/psd_ws/install/psd_vehicle_hardware_interfaces:/psd_ws/install/psd_vehicle_bringup:/psd_ws/install/psd_vehicle_controller:/psd_ws/install/psd_vehicle_description:/psd_ws/install/ros_components_description:/psd_ws/install/psd_vehicle_interfaces:/psd_ws/install/psd_vehicle_gazebo:/psd_ws/install/psd_gazebo_worlds:/psd_ws/install/ign_ros2_control_demos:/psd_ws/install/core:/opt/ros/humble LD_LIBRARY_PATH=/psd_ws/install/ign_ros2_control/lib:/psd_ws/install/psd_vehicle_hardware_interfaces/lib:/psd_ws/install/psd_vehicle_interfaces/lib:/usr/lib/x86_64-linux-gnu/gazebo-11/plugins:/opt/ros/humble/opt/rviz_ogre_vendor/lib:/opt/ros/humble/lib/x86_64-linux-gnu:/opt/ros/humble/lib /usr/bin/cmake --install /psd_ws/build/ign_ros2_control_demos
