[0.031s] Invoking command in '/home/psd/psd_ws/build/psd_vehicle_bringup': AMENT_PREFIX_PATH=/home/psd/psd_ws/install/psd_vehicle_controller:/home/psd/psd_ws/install/psd_vehicle_description:/home/psd/psd_ws/install/ros_components_description:${AMENT_PREFIX_PATH} CMAKE_PREFIX_PATH=/home/psd/psd_ws/install/psd_vehicle_controller:/home/psd/psd_ws/install/psd_vehicle_description:/home/psd/psd_ws/install/ros_components_description:/opt/ros/humble GAZEBO_MODEL_PATH=/home/psd/psd_ws/install/ros_components_description/share GZ_SIM_RESOURCE_PATH=/home/psd/psd_ws/install/ros_components_description/share IGN_GAZEBO_RESOURCE_PATH=/home/psd/psd_ws/install/ros_components_description/share /usr/bin/cmake --build /home/psd/psd_ws/build/psd_vehicle_bringup -- -j20 -l20
[0.043s] -- Found ament_cmake: 1.3.8 (/opt/ros/humble/share/ament_cmake/cmake)
[0.161s] -- Configuring done
[0.162s] -- Generating done
[0.163s] -- Build files have been written to: /home/psd/psd_ws/build/psd_vehicle_bringup
[0.175s] Invoked command in '/home/psd/psd_ws/build/psd_vehicle_bringup' returned '0': AMENT_PREFIX_PATH=/home/psd/psd_ws/install/psd_vehicle_controller:/home/psd/psd_ws/install/psd_vehicle_description:/home/psd/psd_ws/install/ros_components_description:${AMENT_PREFIX_PATH} CMAKE_PREFIX_PATH=/home/psd/psd_ws/install/psd_vehicle_controller:/home/psd/psd_ws/install/psd_vehicle_description:/home/psd/psd_ws/install/ros_components_description:/opt/ros/humble GAZEBO_MODEL_PATH=/home/psd/psd_ws/install/ros_components_description/share GZ_SIM_RESOURCE_PATH=/home/psd/psd_ws/install/ros_components_description/share IGN_GAZEBO_RESOURCE_PATH=/home/psd/psd_ws/install/ros_components_description/share /usr/bin/cmake --build /home/psd/psd_ws/build/psd_vehicle_bringup -- -j20 -l20
[0.187s] Invoking command in '/home/psd/psd_ws/build/psd_vehicle_bringup': AMENT_PREFIX_PATH=/home/psd/psd_ws/install/psd_vehicle_controller:/home/psd/psd_ws/install/psd_vehicle_description:/home/psd/psd_ws/install/ros_components_description:${AMENT_PREFIX_PATH} CMAKE_PREFIX_PATH=/home/psd/psd_ws/install/psd_vehicle_controller:/home/psd/psd_ws/install/psd_vehicle_description:/home/psd/psd_ws/install/ros_components_description:/opt/ros/humble GAZEBO_MODEL_PATH=/home/psd/psd_ws/install/ros_components_description/share GZ_SIM_RESOURCE_PATH=/home/psd/psd_ws/install/ros_components_description/share IGN_GAZEBO_RESOURCE_PATH=/home/psd/psd_ws/install/ros_components_description/share /usr/bin/cmake --install /home/psd/psd_ws/build/psd_vehicle_bringup
[0.191s] -- Install configuration: ""
[0.191s] -- Up-to-date: /home/psd/psd_ws/install/psd_vehicle_bringup/share/psd_vehicle_bringup/launch
[0.191s] -- Up-to-date: /home/psd/psd_ws/install/psd_vehicle_bringup/share/psd_vehicle_bringup/launch/bringup.launch.py
[0.192s] -- Up-to-date: /home/psd/psd_ws/install/psd_vehicle_bringup/share/psd_vehicle_bringup/config
[0.192s] -- Up-to-date: /home/psd/psd_ws/install/psd_vehicle_bringup/share/psd_vehicle_bringup/config/ekf.yaml
[0.192s] -- Up-to-date: /home/psd/psd_ws/install/psd_vehicle_bringup/share/psd_vehicle_bringup/config/laser_filter.yaml
[0.192s] -- Up-to-date: /home/psd/psd_ws/install/psd_vehicle_bringup/share/ament_index/resource_index/package_run_dependencies/psd_vehicle_bringup
[0.192s] -- Up-to-date: /home/psd/psd_ws/install/psd_vehicle_bringup/share/ament_index/resource_index/parent_prefix_path/psd_vehicle_bringup
[0.192s] -- Installing: /home/psd/psd_ws/install/psd_vehicle_bringup/share/psd_vehicle_bringup/environment/ament_prefix_path.sh
[0.192s] -- Installing: /home/psd/psd_ws/install/psd_vehicle_bringup/share/psd_vehicle_bringup/environment/ament_prefix_path.dsv
[0.192s] -- Installing: /home/psd/psd_ws/install/psd_vehicle_bringup/share/psd_vehicle_bringup/environment/path.sh
[0.192s] -- Installing: /home/psd/psd_ws/install/psd_vehicle_bringup/share/psd_vehicle_bringup/environment/path.dsv
[0.192s] -- Up-to-date: /home/psd/psd_ws/install/psd_vehicle_bringup/share/psd_vehicle_bringup/local_setup.bash
[0.192s] -- Up-to-date: /home/psd/psd_ws/install/psd_vehicle_bringup/share/psd_vehicle_bringup/local_setup.sh
[0.192s] -- Up-to-date: /home/psd/psd_ws/install/psd_vehicle_bringup/share/psd_vehicle_bringup/local_setup.zsh
[0.192s] -- Installing: /home/psd/psd_ws/install/psd_vehicle_bringup/share/psd_vehicle_bringup/local_setup.dsv
[0.193s] -- Installing: /home/psd/psd_ws/install/psd_vehicle_bringup/share/psd_vehicle_bringup/package.dsv
[0.193s] -- Up-to-date: /home/psd/psd_ws/install/psd_vehicle_bringup/share/ament_index/resource_index/packages/psd_vehicle_bringup
[0.193s] -- Up-to-date: /home/psd/psd_ws/install/psd_vehicle_bringup/share/psd_vehicle_bringup/cmake/psd_vehicle_bringupConfig.cmake
[0.193s] -- Up-to-date: /home/psd/psd_ws/install/psd_vehicle_bringup/share/psd_vehicle_bringup/cmake/psd_vehicle_bringupConfig-version.cmake
[0.193s] -- Up-to-date: /home/psd/psd_ws/install/psd_vehicle_bringup/share/psd_vehicle_bringup/package.xml
[0.194s] Invoked command in '/home/psd/psd_ws/build/psd_vehicle_bringup' returned '0': AMENT_PREFIX_PATH=/home/psd/psd_ws/install/psd_vehicle_controller:/home/psd/psd_ws/install/psd_vehicle_description:/home/psd/psd_ws/install/ros_components_description:${AMENT_PREFIX_PATH} CMAKE_PREFIX_PATH=/home/psd/psd_ws/install/psd_vehicle_controller:/home/psd/psd_ws/install/psd_vehicle_description:/home/psd/psd_ws/install/ros_components_description:/opt/ros/humble GAZEBO_MODEL_PATH=/home/psd/psd_ws/install/ros_components_description/share GZ_SIM_RESOURCE_PATH=/home/psd/psd_ws/install/ros_components_description/share IGN_GAZEBO_RESOURCE_PATH=/home/psd/psd_ws/install/ros_components_description/share /usr/bin/cmake --install /home/psd/psd_ws/build/psd_vehicle_bringup
