[0.355s] Invoking command in '/home/psd/psd_ws/build/joint_limits': CMAKE_PREFIX_PATH=/opt/ros/humble /usr/bin/cmake --build /home/psd/psd_ws/build/joint_limits -- -j20 -l20
[0.622s] [ 16%] [32mBuilding CXX object gtest/CMakeFiles/gtest_main.dir/src/gtest_main.cc.o[0m
[0.631s] [ 33%] [32mBuilding CXX object gtest/CMakeFiles/gtest.dir/src/gtest-all.cc.o[0m
[2.026s] [ 50%] [32m[1mLinking CXX static library libgtest_main.a[0m
[2.254s] [ 50%] Built target gtest_main
[5.438s] [ 66%] [32m[1mLinking CXX static library libgtest.a[0m
[5.478s] [ 66%] Built target gtest
[5.502s] [ 83%] [32m[1mLinking CXX executable joint_limits_rosparam_test[0m
[5.691s] [100%] Built target joint_limits_rosparam_test
[5.933s] Invoked command in '/home/psd/psd_ws/build/joint_limits' returned '0': CMAKE_PREFIX_PATH=/opt/ros/humble /usr/bin/cmake --build /home/psd/psd_ws/build/joint_limits -- -j20 -l20
[5.948s] Invoking command in '/home/psd/psd_ws/build/joint_limits': CMAKE_PREFIX_PATH=/opt/ros/humble /usr/bin/cmake --install /home/psd/psd_ws/build/joint_limits
[5.955s] -- Install configuration: ""
[5.955s] -- Execute custom install script
[5.956s] -- Up-to-date symlink: /home/psd/psd_ws/install/joint_limits/include/joint_limits/joint_limits.hpp
[5.956s] -- Up-to-date symlink: /home/psd/psd_ws/install/joint_limits/include/joint_limits/joint_limits_rosparam.hpp
[5.956s] -- Up-to-date symlink: /home/psd/psd_ws/install/joint_limits/lib/joint_limits/joint_limits_rosparam_test
[5.956s] -- Up-to-date symlink: /home/psd/psd_ws/install/joint_limits/share/joint_limits/test/joint_limits_rosparam.yaml
[5.956s] -- Up-to-date symlink: /home/psd/psd_ws/install/joint_limits/share/ament_index/resource_index/package_run_dependencies/joint_limits
[5.957s] -- Up-to-date symlink: /home/psd/psd_ws/install/joint_limits/share/ament_index/resource_index/parent_prefix_path/joint_limits
[5.957s] -- Up-to-date symlink: /home/psd/psd_ws/install/joint_limits/share/joint_limits/environment/ament_prefix_path.sh
[5.957s] -- Up-to-date symlink: /home/psd/psd_ws/install/joint_limits/share/joint_limits/environment/ament_prefix_path.dsv
[5.957s] -- Up-to-date symlink: /home/psd/psd_ws/install/joint_limits/share/joint_limits/environment/path.sh
[5.957s] -- Up-to-date symlink: /home/psd/psd_ws/install/joint_limits/share/joint_limits/environment/path.dsv
[5.958s] -- Up-to-date symlink: /home/psd/psd_ws/install/joint_limits/share/joint_limits/local_setup.bash
[5.958s] -- Up-to-date symlink: /home/psd/psd_ws/install/joint_limits/share/joint_limits/local_setup.sh
[5.958s] -- Up-to-date symlink: /home/psd/psd_ws/install/joint_limits/share/joint_limits/local_setup.zsh
[5.958s] -- Up-to-date symlink: /home/psd/psd_ws/install/joint_limits/share/joint_limits/local_setup.dsv
[5.958s] -- Symlinking: /home/psd/psd_ws/install/joint_limits/share/joint_limits/package.dsv
[5.965s] -- Up-to-date symlink: /home/psd/psd_ws/install/joint_limits/share/ament_index/resource_index/packages/joint_limits
[5.965s] -- Up-to-date symlink: /home/psd/psd_ws/install/joint_limits/share/joint_limits/cmake/ament_cmake_export_dependencies-extras.cmake
[5.965s] -- Up-to-date symlink: /home/psd/psd_ws/install/joint_limits/share/joint_limits/cmake/ament_cmake_export_include_directories-extras.cmake
[5.966s] -- Up-to-date symlink: /home/psd/psd_ws/install/joint_limits/share/joint_limits/cmake/joint_limitsConfig.cmake
[5.966s] -- Up-to-date symlink: /home/psd/psd_ws/install/joint_limits/share/joint_limits/cmake/joint_limitsConfig-version.cmake
[5.966s] -- Up-to-date symlink: /home/psd/psd_ws/install/joint_limits/share/joint_limits/package.xml
[5.968s] Invoked command in '/home/psd/psd_ws/build/joint_limits' returned '0': CMAKE_PREFIX_PATH=/opt/ros/humble /usr/bin/cmake --install /home/psd/psd_ws/build/joint_limits
