[0.021s] Invoking command in '/home/psd/psd_ws/build/ign_ros2_control_demos': AMENT_PREFIX_PATH=/home/psd/psd_ws/install/ign_ros2_control:${AMENT_PREFIX_PATH} CMAKE_PREFIX_PATH=/home/psd/psd_ws/install/ign_ros2_control:/opt/ros/humble LD_LIBRARY_PATH=/home/psd/psd_ws/install/ign_ros2_control/lib:${LD_LIBRARY_PATH} /usr/bin/cmake /home/psd/psd_ws/src/gazebosim/gz_ros2_control/ign_ros2_control_demos -DCMAKE_INSTALL_PREFIX=/home/psd/psd_ws/install/ign_ros2_control_demos
[0.051s] -- The C compiler identification is GNU 11.4.0
[0.082s] -- The CXX compiler identification is GNU 11.4.0
[0.086s] -- Detecting C compiler ABI info
[0.123s] -- Detecting C compiler ABI info - done
[0.127s] -- Check for working C compiler: /usr/bin/cc - skipped
[0.127s] -- Detecting C compile features
[0.128s] -- Detecting C compile features - done
[0.130s] -- Detecting CXX compiler ABI info
[0.172s] -- Detecting CXX compiler ABI info - done
[0.176s] -- Check for working CXX compiler: /usr/bin/c++ - skipped
[0.176s] -- Detecting CXX compile features
[0.176s] -- Detecting CXX compile features - done
[0.178s] -- Found ament_cmake: 1.3.8 (/opt/ros/humble/share/ament_cmake/cmake)
[0.260s] -- Found Python3: /usr/bin/python3 (found version "3.10.12") found components: Interpreter 
[0.312s] -- Found control_msgs: 4.4.0 (/opt/ros/humble/share/control_msgs/cmake)
[0.335s] -- Found rosidl_generator_c: 3.1.5 (/opt/ros/humble/share/rosidl_generator_c/cmake)
[0.338s] -- Found rosidl_adapter: 3.1.5 (/opt/ros/humble/share/rosidl_adapter/cmake)
[0.343s] -- Found rosidl_generator_cpp: 3.1.5 (/opt/ros/humble/share/rosidl_generator_cpp/cmake)
[0.351s] -- Using all available rosidl_typesupport_c: rosidl_typesupport_fastrtps_c;rosidl_typesupport_introspection_c
[0.362s] -- Using all available rosidl_typesupport_cpp: rosidl_typesupport_fastrtps_cpp;rosidl_typesupport_introspection_cpp
[0.663s] -- Found rclcpp: 16.0.8 (/opt/ros/humble/share/rclcpp/cmake)
[0.700s] -- Found rmw_implementation_cmake: 6.1.1 (/opt/ros/humble/share/rmw_implementation_cmake/cmake)
[0.702s] -- Found rmw_fastrtps_cpp: 6.2.6 (/opt/ros/humble/share/rmw_fastrtps_cpp/cmake)
[0.760s] -- Found OpenSSL: /usr/lib/x86_64-linux-gnu/libcrypto.so (found version "3.0.2")  
[0.777s] -- Found FastRTPS: /opt/ros/humble/include  
[0.808s] -- Using RMW implementation 'rmw_fastrtps_cpp' as default
[0.814s] -- Looking for pthread.h
[0.855s] -- Looking for pthread.h - found
[0.855s] -- Performing Test CMAKE_HAVE_LIBC_PTHREAD
[0.898s] -- Performing Test CMAKE_HAVE_LIBC_PTHREAD - Success
[0.898s] -- Found Threads: TRUE  
[0.969s] -- Found rclcpp_action: 16.0.8 (/opt/ros/humble/share/rclcpp_action/cmake)
[0.989s] -- Found ament_cmake_gtest: 1.3.8 (/opt/ros/humble/share/ament_cmake_gtest/cmake)
[0.990s] -- Found ament_lint_auto: 0.12.10 (/opt/ros/humble/share/ament_lint_auto/cmake)
[1.037s] -- Added test 'copyright' to check source files copyright and LICENSE
[1.038s] -- Added test 'cppcheck' to perform static code analysis on C / C++ code
[1.038s] -- Configured cppcheck include dirs: 
[1.038s] -- Configured cppcheck exclude dirs and/or files: 
[1.039s] -- Added test 'cpplint' to check C / C++ code against the Google style
[1.039s] -- Configured cpplint exclude dirs and/or files: 
[1.039s] -- Added test 'flake8' to check Python code syntax and style conventions
[1.040s] -- Added test 'lint_cmake' to check CMake code style
[1.040s] -- Added test 'pep257' to check Python code against some of the docstring style conventions in PEP 257
[1.041s] -- Added test 'uncrustify' to check C / C++ code style
[1.041s] -- Configured uncrustify additional arguments: 
[1.041s] -- Added test 'xmllint' to check XML markup files
[1.042s] -- Configuring done
[1.055s] -- Generating done
[1.056s] -- Build files have been written to: /home/psd/psd_ws/build/ign_ros2_control_demos
[1.062s] Invoked command in '/home/psd/psd_ws/build/ign_ros2_control_demos' returned '0': AMENT_PREFIX_PATH=/home/psd/psd_ws/install/ign_ros2_control:${AMENT_PREFIX_PATH} CMAKE_PREFIX_PATH=/home/psd/psd_ws/install/ign_ros2_control:/opt/ros/humble LD_LIBRARY_PATH=/home/psd/psd_ws/install/ign_ros2_control/lib:${LD_LIBRARY_PATH} /usr/bin/cmake /home/psd/psd_ws/src/gazebosim/gz_ros2_control/ign_ros2_control_demos -DCMAKE_INSTALL_PREFIX=/home/psd/psd_ws/install/ign_ros2_control_demos
[1.063s] Invoking command in '/home/psd/psd_ws/build/ign_ros2_control_demos': AMENT_PREFIX_PATH=/home/psd/psd_ws/install/ign_ros2_control:${AMENT_PREFIX_PATH} CMAKE_PREFIX_PATH=/home/psd/psd_ws/install/ign_ros2_control:/opt/ros/humble LD_LIBRARY_PATH=/home/psd/psd_ws/install/ign_ros2_control/lib:${LD_LIBRARY_PATH} /usr/bin/cmake --build /home/psd/psd_ws/build/ign_ros2_control_demos -- -j20 -l20
[1.093s] [ 16%] [32mBuilding CXX object CMakeFiles/example_velocity.dir/examples/example_velocity.cpp.o[0m
[1.093s] [ 16%] [32mBuilding CXX object CMakeFiles/example_position.dir/examples/example_position.cpp.o[0m
[1.093s] [ 33%] [32mBuilding CXX object CMakeFiles/example_diff_drive.dir/examples/example_diff_drive.cpp.o[0m
[1.093s] [ 33%] [32mBuilding CXX object CMakeFiles/example_effort.dir/examples/example_effort.cpp.o[0m
[1.093s] [ 41%] [32mBuilding CXX object CMakeFiles/example_tricycle_drive.dir/examples/example_tricycle_drive.cpp.o[0m
[1.094s] [ 50%] [32mBuilding CXX object CMakeFiles/example_gripper.dir/examples/example_gripper.cpp.o[0m
[3.728s] [ 58%] [32m[1mLinking CXX executable example_tricycle_drive[0m
[3.730s] [ 66%] [32m[1mLinking CXX executable example_diff_drive[0m
[3.765s] [ 75%] [32m[1mLinking CXX executable example_effort[0m
[3.770s] [ 83%] [32m[1mLinking CXX executable example_gripper[0m
[3.782s] [ 91%] [32m[1mLinking CXX executable example_velocity[0m
[3.870s] [ 91%] Built target example_tricycle_drive
[3.871s] [ 91%] Built target example_diff_drive
[3.890s] [ 91%] Built target example_effort
[3.897s] [ 91%] Built target example_gripper
[3.909s] [ 91%] Built target example_velocity
[4.064s] [100%] [32m[1mLinking CXX executable example_position[0m
[4.179s] [100%] Built target example_position
[4.189s] Invoked command in '/home/psd/psd_ws/build/ign_ros2_control_demos' returned '0': AMENT_PREFIX_PATH=/home/psd/psd_ws/install/ign_ros2_control:${AMENT_PREFIX_PATH} CMAKE_PREFIX_PATH=/home/psd/psd_ws/install/ign_ros2_control:/opt/ros/humble LD_LIBRARY_PATH=/home/psd/psd_ws/install/ign_ros2_control/lib:${LD_LIBRARY_PATH} /usr/bin/cmake --build /home/psd/psd_ws/build/ign_ros2_control_demos -- -j20 -l20
[4.211s] Invoking command in '/home/psd/psd_ws/build/ign_ros2_control_demos': AMENT_PREFIX_PATH=/home/psd/psd_ws/install/ign_ros2_control:${AMENT_PREFIX_PATH} CMAKE_PREFIX_PATH=/home/psd/psd_ws/install/ign_ros2_control:/opt/ros/humble LD_LIBRARY_PATH=/home/psd/psd_ws/install/ign_ros2_control/lib:${LD_LIBRARY_PATH} /usr/bin/cmake --install /home/psd/psd_ws/build/ign_ros2_control_demos
[4.216s] -- Install configuration: ""
[4.216s] -- Installing: /home/psd/psd_ws/install/ign_ros2_control_demos/share/ign_ros2_control_demos//launch
[4.216s] -- Installing: /home/psd/psd_ws/install/ign_ros2_control_demos/share/ign_ros2_control_demos//launch/tricycle_drive_example.launch.py
[4.217s] -- Installing: /home/psd/psd_ws/install/ign_ros2_control_demos/share/ign_ros2_control_demos//launch/gripper_mimic_joint_example.launch.py
[4.217s] -- Installing: /home/psd/psd_ws/install/ign_ros2_control_demos/share/ign_ros2_control_demos//launch/cart_example_velocity.launch.py
[4.217s] -- Installing: /home/psd/psd_ws/install/ign_ros2_control_demos/share/ign_ros2_control_demos//launch/diff_drive_example.launch.py
[4.217s] -- Installing: /home/psd/psd_ws/install/ign_ros2_control_demos/share/ign_ros2_control_demos//launch/cart_example_position.launch.py
[4.217s] -- Installing: /home/psd/psd_ws/install/ign_ros2_control_demos/share/ign_ros2_control_demos//launch/cart_example_effort.launch.py
[4.217s] -- Installing: /home/psd/psd_ws/install/ign_ros2_control_demos/share/ign_ros2_control_demos//config
[4.217s] -- Installing: /home/psd/psd_ws/install/ign_ros2_control_demos/share/ign_ros2_control_demos//config/cartpole_controller_effort.yaml
[4.217s] -- Installing: /home/psd/psd_ws/install/ign_ros2_control_demos/share/ign_ros2_control_demos//config/gripper_controller.yaml
[4.217s] -- Installing: /home/psd/psd_ws/install/ign_ros2_control_demos/share/ign_ros2_control_demos//config/tricycle_drive_controller.yaml
[4.217s] -- Installing: /home/psd/psd_ws/install/ign_ros2_control_demos/share/ign_ros2_control_demos//config/diff_drive_controller_velocity.yaml
[4.217s] -- Installing: /home/psd/psd_ws/install/ign_ros2_control_demos/share/ign_ros2_control_demos//config/cartpole_controller_position.yaml
[4.217s] -- Installing: /home/psd/psd_ws/install/ign_ros2_control_demos/share/ign_ros2_control_demos//config/cartpole_controller_velocity.yaml
[4.217s] -- Installing: /home/psd/psd_ws/install/ign_ros2_control_demos/share/ign_ros2_control_demos//urdf
[4.218s] -- Installing: /home/psd/psd_ws/install/ign_ros2_control_demos/share/ign_ros2_control_demos//urdf/test_tricycle_drive.xacro.urdf
[4.218s] -- Installing: /home/psd/psd_ws/install/ign_ros2_control_demos/share/ign_ros2_control_demos//urdf/test_gripper_mimic_joint.xacro.urdf
[4.218s] -- Installing: /home/psd/psd_ws/install/ign_ros2_control_demos/share/ign_ros2_control_demos//urdf/test_cart_effort.xacro.urdf
[4.218s] -- Installing: /home/psd/psd_ws/install/ign_ros2_control_demos/share/ign_ros2_control_demos//urdf/test_diff_drive.xacro.urdf
[4.218s] -- Installing: /home/psd/psd_ws/install/ign_ros2_control_demos/share/ign_ros2_control_demos//urdf/test_cart_position.xacro.urdf
[4.218s] -- Installing: /home/psd/psd_ws/install/ign_ros2_control_demos/share/ign_ros2_control_demos//urdf/test_cart_velocity.xacro.urdf
[4.218s] -- Installing: /home/psd/psd_ws/install/ign_ros2_control_demos/lib/ign_ros2_control_demos/example_position
[4.218s] -- Set runtime path of "/home/psd/psd_ws/install/ign_ros2_control_demos/lib/ign_ros2_control_demos/example_position" to ""
[4.218s] -- Installing: /home/psd/psd_ws/install/ign_ros2_control_demos/lib/ign_ros2_control_demos/example_velocity
[4.218s] -- Set runtime path of "/home/psd/psd_ws/install/ign_ros2_control_demos/lib/ign_ros2_control_demos/example_velocity" to ""
[4.218s] -- Installing: /home/psd/psd_ws/install/ign_ros2_control_demos/lib/ign_ros2_control_demos/example_effort
[4.219s] -- Set runtime path of "/home/psd/psd_ws/install/ign_ros2_control_demos/lib/ign_ros2_control_demos/example_effort" to ""
[4.219s] -- Installing: /home/psd/psd_ws/install/ign_ros2_control_demos/lib/ign_ros2_control_demos/example_diff_drive
[4.219s] -- Set runtime path of "/home/psd/psd_ws/install/ign_ros2_control_demos/lib/ign_ros2_control_demos/example_diff_drive" to ""
[4.220s] -- Installing: /home/psd/psd_ws/install/ign_ros2_control_demos/lib/ign_ros2_control_demos/example_tricycle_drive
[4.220s] -- Set runtime path of "/home/psd/psd_ws/install/ign_ros2_control_demos/lib/ign_ros2_control_demos/example_tricycle_drive" to ""
[4.220s] -- Installing: /home/psd/psd_ws/install/ign_ros2_control_demos/lib/ign_ros2_control_demos/example_gripper
[4.221s] -- Set runtime path of "/home/psd/psd_ws/install/ign_ros2_control_demos/lib/ign_ros2_control_demos/example_gripper" to ""
[4.221s] -- Installing: /home/psd/psd_ws/install/ign_ros2_control_demos/share/ament_index/resource_index/package_run_dependencies/ign_ros2_control_demos
[4.221s] -- Installing: /home/psd/psd_ws/install/ign_ros2_control_demos/share/ament_index/resource_index/parent_prefix_path/ign_ros2_control_demos
[4.221s] -- Installing: /home/psd/psd_ws/install/ign_ros2_control_demos/share/ign_ros2_control_demos/environment/ament_prefix_path.sh
[4.221s] -- Installing: /home/psd/psd_ws/install/ign_ros2_control_demos/share/ign_ros2_control_demos/environment/ament_prefix_path.dsv
[4.221s] -- Installing: /home/psd/psd_ws/install/ign_ros2_control_demos/share/ign_ros2_control_demos/environment/path.sh
[4.221s] -- Installing: /home/psd/psd_ws/install/ign_ros2_control_demos/share/ign_ros2_control_demos/environment/path.dsv
[4.221s] -- Installing: /home/psd/psd_ws/install/ign_ros2_control_demos/share/ign_ros2_control_demos/local_setup.bash
[4.221s] -- Installing: /home/psd/psd_ws/install/ign_ros2_control_demos/share/ign_ros2_control_demos/local_setup.sh
[4.221s] -- Installing: /home/psd/psd_ws/install/ign_ros2_control_demos/share/ign_ros2_control_demos/local_setup.zsh
[4.221s] -- Installing: /home/psd/psd_ws/install/ign_ros2_control_demos/share/ign_ros2_control_demos/local_setup.dsv
[4.221s] -- Installing: /home/psd/psd_ws/install/ign_ros2_control_demos/share/ign_ros2_control_demos/package.dsv
[4.221s] -- Installing: /home/psd/psd_ws/install/ign_ros2_control_demos/share/ament_index/resource_index/packages/ign_ros2_control_demos
[4.221s] -- Installing: /home/psd/psd_ws/install/ign_ros2_control_demos/share/ign_ros2_control_demos/cmake/ign_ros2_control_demosConfig.cmake
[4.221s] -- Installing: /home/psd/psd_ws/install/ign_ros2_control_demos/share/ign_ros2_control_demos/cmake/ign_ros2_control_demosConfig-version.cmake
[4.222s] -- Installing: /home/psd/psd_ws/install/ign_ros2_control_demos/share/ign_ros2_control_demos/package.xml
[4.222s] Invoked command in '/home/psd/psd_ws/build/ign_ros2_control_demos' returned '0': AMENT_PREFIX_PATH=/home/psd/psd_ws/install/ign_ros2_control:${AMENT_PREFIX_PATH} CMAKE_PREFIX_PATH=/home/psd/psd_ws/install/ign_ros2_control:/opt/ros/humble LD_LIBRARY_PATH=/home/psd/psd_ws/install/ign_ros2_control/lib:${LD_LIBRARY_PATH} /usr/bin/cmake --install /home/psd/psd_ws/build/ign_ros2_control_demos
