-- Found ament_cmake: 1.3.8 (/opt/ros/humble/share/ament_cmake/cmake)
-- Found Python3: /usr/bin/python3 (found version "3.10.12") found components: Interpreter 
-- Override CMake install command with custom implementation using symlinks instead of copying resources
-- Configuring done
-- Generating done
-- Build files have been written to: /home/psd/psd_ws/build/ros2_controllers
-- Install configuration: ""
-- Execute custom install script
-- Symlinking: /home/psd/psd_ws/install/ros2_controllers/share/ament_index/resource_index/package_run_dependencies/ros2_controllers
-- Symlinking: /home/psd/psd_ws/install/ros2_controllers/share/ament_index/resource_index/parent_prefix_path/ros2_controllers
-- Symlinking: /home/psd/psd_ws/install/ros2_controllers/share/ros2_controllers/environment/ament_prefix_path.sh
-- Symlinking: /home/psd/psd_ws/install/ros2_controllers/share/ros2_controllers/environment/ament_prefix_path.dsv
-- Symlinking: /home/psd/psd_ws/install/ros2_controllers/share/ros2_controllers/environment/path.sh
-- Symlinking: /home/psd/psd_ws/install/ros2_controllers/share/ros2_controllers/environment/path.dsv
-- Symlinking: /home/psd/psd_ws/install/ros2_controllers/share/ros2_controllers/local_setup.bash
-- Symlinking: /home/psd/psd_ws/install/ros2_controllers/share/ros2_controllers/local_setup.sh
-- Symlinking: /home/psd/psd_ws/install/ros2_controllers/share/ros2_controllers/local_setup.zsh
-- Symlinking: /home/psd/psd_ws/install/ros2_controllers/share/ros2_controllers/local_setup.dsv
-- Symlinking: /home/psd/psd_ws/install/ros2_controllers/share/ros2_controllers/package.dsv
-- Symlinking: /home/psd/psd_ws/install/ros2_controllers/share/ament_index/resource_index/packages/ros2_controllers
-- Symlinking: /home/psd/psd_ws/install/ros2_controllers/share/ros2_controllers/cmake/ros2_controllersConfig.cmake
-- Symlinking: /home/psd/psd_ws/install/ros2_controllers/share/ros2_controllers/cmake/ros2_controllersConfig-version.cmake
-- Symlinking: /home/psd/psd_ws/install/ros2_controllers/share/ros2_controllers/package.xml
