-- Install configuration: ""
-- Execute custom install script
-- Up-to-date symlink: /home/ubuntu/psd_ws/install/ros_components_description/share/ros_components_description/meshes/intel_realsense_d435.dae
-- Up-to-date symlink: /home/ubuntu/psd_ws/install/ros_components_description/share/ros_components_description/meshes/orbbec_astra.dae
-- Up-to-date symlink: /home/ubuntu/psd_ws/install/ros_components_description/share/ros_components_description/meshes/ouster_os1_32.dae
-- Up-to-date symlink: /home/ubuntu/psd_ws/install/ros_components_description/share/ros_components_description/meshes/slamtec_rplidar_a2m8.dae
-- Up-to-date symlink: /home/ubuntu/psd_ws/install/ros_components_description/share/ros_components_description/meshes/slamtec_rplidar_ax.dae
-- Up-to-date symlink: /home/ubuntu/psd_ws/install/ros_components_description/share/ros_components_description/meshes/slamtec_rplidar_s1.dae
-- Up-to-date symlink: /home/ubuntu/psd_ws/install/ros_components_description/share/ros_components_description/meshes/slamtec_rplidar_s2.dae
-- Up-to-date symlink: /home/ubuntu/psd_ws/install/ros_components_description/share/ros_components_description/meshes/slamtec_rplidar_s3.dae
-- Up-to-date symlink: /home/ubuntu/psd_ws/install/ros_components_description/share/ros_components_description/meshes/velodyne_puck.dae
-- Up-to-date symlink: /home/ubuntu/psd_ws/install/ros_components_description/share/ros_components_description/meshes/zed.stl
-- Up-to-date symlink: /home/ubuntu/psd_ws/install/ros_components_description/share/ros_components_description/meshes/zed2.stl
-- Up-to-date symlink: /home/ubuntu/psd_ws/install/ros_components_description/share/ros_components_description/meshes/zed2i.stl
-- Up-to-date symlink: /home/ubuntu/psd_ws/install/ros_components_description/share/ros_components_description/meshes/zedm.stl
-- Up-to-date symlink: /home/ubuntu/psd_ws/install/ros_components_description/share/ros_components_description/meshes/zedx.stl
-- Up-to-date symlink: /home/ubuntu/psd_ws/install/ros_components_description/share/ros_components_description/meshes/zedxm.stl
-- Up-to-date symlink: /home/ubuntu/psd_ws/install/ros_components_description/share/ros_components_description/urdf/components.urdf.xacro
-- Up-to-date symlink: /home/ubuntu/psd_ws/install/ros_components_description/share/ros_components_description/urdf/intel_realsense_d435.urdf.xacro
-- Up-to-date symlink: /home/ubuntu/psd_ws/install/ros_components_description/share/ros_components_description/urdf/kinova.urdf.xacro
-- Up-to-date symlink: /home/ubuntu/psd_ws/install/ros_components_description/share/ros_components_description/urdf/orbbec_astra.urdf.xacro
-- Up-to-date symlink: /home/ubuntu/psd_ws/install/ros_components_description/share/ros_components_description/urdf/ouster_os1_32.urdf.xacro
-- Up-to-date symlink: /home/ubuntu/psd_ws/install/ros_components_description/share/ros_components_description/urdf/robotiq.urdf.xacro
-- Up-to-date symlink: /home/ubuntu/psd_ws/install/ros_components_description/share/ros_components_description/urdf/slamtec_rplidar_a2.urdf.xacro
-- Up-to-date symlink: /home/ubuntu/psd_ws/install/ros_components_description/share/ros_components_description/urdf/slamtec_rplidar_a3.urdf.xacro
-- Up-to-date symlink: /home/ubuntu/psd_ws/install/ros_components_description/share/ros_components_description/urdf/slamtec_rplidar_s1.urdf.xacro
-- Up-to-date symlink: /home/ubuntu/psd_ws/install/ros_components_description/share/ros_components_description/urdf/slamtec_rplidar_s2.urdf.xacro
-- Up-to-date symlink: /home/ubuntu/psd_ws/install/ros_components_description/share/ros_components_description/urdf/slamtec_rplidar_s3.urdf.xacro
-- Up-to-date symlink: /home/ubuntu/psd_ws/install/ros_components_description/share/ros_components_description/urdf/stereolabs_zed.urdf.xacro
-- Up-to-date symlink: /home/ubuntu/psd_ws/install/ros_components_description/share/ros_components_description/urdf/ur.urdf.xacro
-- Up-to-date symlink: /home/ubuntu/psd_ws/install/ros_components_description/share/ros_components_description/urdf/velodyne_puck.urdf.xacro
-- Up-to-date symlink: /home/ubuntu/psd_ws/install/ros_components_description/share/ros_components_description/launch/gz_components.launch.py
-- Up-to-date symlink: /home/ubuntu/psd_ws/install/ros_components_description/share/ros_components_description/launch/gz_kinova_6dof.launch.py
-- Up-to-date symlink: /home/ubuntu/psd_ws/install/ros_components_description/share/ros_components_description/launch/gz_kinova_7dof.launch.py
-- Up-to-date symlink: /home/ubuntu/psd_ws/install/ros_components_description/share/ros_components_description/launch/gz_orbbec_astra.launch.py
-- Up-to-date symlink: /home/ubuntu/psd_ws/install/ros_components_description/share/ros_components_description/launch/gz_ouster_os.launch.py
-- Up-to-date symlink: /home/ubuntu/psd_ws/install/ros_components_description/share/ros_components_description/launch/gz_robotiq.launch.py
-- Up-to-date symlink: /home/ubuntu/psd_ws/install/ros_components_description/share/ros_components_description/launch/gz_slamtec_rplidar.launch.py
-- Up-to-date symlink: /home/ubuntu/psd_ws/install/ros_components_description/share/ros_components_description/launch/gz_ur.launch.py
-- Up-to-date symlink: /home/ubuntu/psd_ws/install/ros_components_description/share/ros_components_description/launch/gz_velodyne.launch.py
-- Up-to-date symlink: /home/ubuntu/psd_ws/install/ros_components_description/share/ros_components_description/config/gz_kinova_remappings.yaml
-- Up-to-date symlink: /home/ubuntu/psd_ws/install/ros_components_description/share/ros_components_description/config/gz_orbbec_astra_remappings.yaml
-- Up-to-date symlink: /home/ubuntu/psd_ws/install/ros_components_description/share/ros_components_description/config/gz_ouster_os_remappings.yaml
-- Up-to-date symlink: /home/ubuntu/psd_ws/install/ros_components_description/share/ros_components_description/config/gz_slamtec_rplidar_remappings.yaml
-- Up-to-date symlink: /home/ubuntu/psd_ws/install/ros_components_description/share/ros_components_description/config/gz_velodyne_remappings.yaml
-- Up-to-date symlink: /home/ubuntu/psd_ws/install/ros_components_description/share/ros_components_description/config/kinova_6dof_controllers.yaml
-- Up-to-date symlink: /home/ubuntu/psd_ws/install/ros_components_description/share/ros_components_description/config/kinova_7dof_controllers.yaml
-- Up-to-date symlink: /home/ubuntu/psd_ws/install/ros_components_description/share/ros_components_description/config/robotiq_controllers.yaml
-- Up-to-date symlink: /home/ubuntu/psd_ws/install/ros_components_description/share/ros_components_description/config/ur_controllers.yaml
-- Up-to-date symlink: /home/ubuntu/psd_ws/install/ros_components_description/share/ros_components_description/test/component.urdf.xacro
-- Up-to-date symlink: /home/ubuntu/psd_ws/install/ros_components_description/share/ros_components_description/test/test_components_xacro.py
-- Up-to-date symlink: /home/ubuntu/psd_ws/install/ros_components_description/share/ros_components_description/environment/ros_components_description.sh
-- Up-to-date symlink: /home/ubuntu/psd_ws/install/ros_components_description/share/ament_index/resource_index/package_run_dependencies/ros_components_description
-- Up-to-date symlink: /home/ubuntu/psd_ws/install/ros_components_description/share/ament_index/resource_index/parent_prefix_path/ros_components_description
-- Up-to-date symlink: /home/ubuntu/psd_ws/install/ros_components_description/share/ros_components_description/environment/ament_prefix_path.sh
-- Up-to-date symlink: /home/ubuntu/psd_ws/install/ros_components_description/share/ros_components_description/environment/ament_prefix_path.dsv
-- Up-to-date symlink: /home/ubuntu/psd_ws/install/ros_components_description/share/ros_components_description/environment/path.sh
-- Up-to-date symlink: /home/ubuntu/psd_ws/install/ros_components_description/share/ros_components_description/environment/path.dsv
-- Up-to-date symlink: /home/ubuntu/psd_ws/install/ros_components_description/share/ros_components_description/local_setup.bash
-- Up-to-date symlink: /home/ubuntu/psd_ws/install/ros_components_description/share/ros_components_description/local_setup.sh
-- Up-to-date symlink: /home/ubuntu/psd_ws/install/ros_components_description/share/ros_components_description/local_setup.zsh
-- Up-to-date symlink: /home/ubuntu/psd_ws/install/ros_components_description/share/ros_components_description/local_setup.dsv
-- Symlinking: /home/ubuntu/psd_ws/install/ros_components_description/share/ros_components_description/package.dsv
-- Up-to-date symlink: /home/ubuntu/psd_ws/install/ros_components_description/share/ament_index/resource_index/packages/ros_components_description
-- Up-to-date symlink: /home/ubuntu/psd_ws/install/ros_components_description/share/ros_components_description/cmake/ros_components_descriptionConfig.cmake
-- Up-to-date symlink: /home/ubuntu/psd_ws/install/ros_components_description/share/ros_components_description/cmake/ros_components_descriptionConfig-version.cmake
-- Up-to-date symlink: /home/ubuntu/psd_ws/install/ros_components_description/share/ros_components_description/package.xml
