[0.169s] Invoking command in '/home/psd/psd_ws/build/steering_controllers_library': AMENT_PREFIX_PATH=/home/psd/psd_ws/install/controller_manager:/home/psd/psd_ws/install/controller_interface:/home/psd/psd_ws/install/hardware_interface:/home/psd/psd_ws/install/ros2_control_test_assets:/home/psd/psd_ws/install/realtime_tools:/home/psd/psd_ws/install/controller_manager_msgs:/home/psd/psd_ws/install/control_msgs:${AMENT_PREFIX_PATH} CMAKE_PREFIX_PATH=/home/psd/psd_ws/install/controller_manager:/home/psd/psd_ws/install/controller_interface:/home/psd/psd_ws/install/hardware_interface:/home/psd/psd_ws/install/ros2_control_test_assets:/home/psd/psd_ws/install/realtime_tools:/home/psd/psd_ws/install/controller_manager_msgs:/home/psd/psd_ws/install/control_msgs:/opt/ros/humble LD_LIBRARY_PATH=/home/psd/psd_ws/install/controller_manager/lib:/home/psd/psd_ws/install/controller_interface/lib:/home/psd/psd_ws/install/hardware_interface/lib:/home/psd/psd_ws/install/realtime_tools/lib:/home/psd/psd_ws/install/controller_manager_msgs/lib:/home/psd/psd_ws/install/control_msgs/lib:${LD_LIBRARY_PATH} PYTHONPATH=/home/psd/psd_ws/install/controller_manager/local/lib/python3.10/dist-packages:/home/psd/psd_ws/install/controller_manager_msgs/local/lib/python3.10/dist-packages:/home/psd/psd_ws/install/control_msgs/local/lib/python3.10/dist-packages:${PYTHONPATH} /usr/bin/cmake /home/psd/psd_ws/src/ros-controls/ros2_controllers/steering_controllers_library -DAMENT_CMAKE_SYMLINK_INSTALL=1 -DCMAKE_INSTALL_PREFIX=/home/psd/psd_ws/install/steering_controllers_library
[0.216s] -- The CXX compiler identification is GNU 11.4.0
[0.223s] -- Detecting CXX compiler ABI info
[0.303s] -- Detecting CXX compiler ABI info - done
[0.312s] -- Check for working CXX compiler: /usr/bin/c++ - skipped
[0.312s] -- Detecting CXX compile features
[0.313s] -- Detecting CXX compile features - done
[0.316s] -- Found ament_cmake: 1.3.8 (/opt/ros/humble/share/ament_cmake/cmake)
[0.489s] -- Found Python3: /usr/bin/python3 (found version "3.10.12") found components: Interpreter 
[0.549s] -- Override CMake install command with custom implementation using symlinks instead of copying resources
[0.603s] -- Found backward_ros: 1.0.2 (/opt/ros/humble/share/backward_ros/cmake)
[0.612s] -- Found libdw: /usr/lib/x86_64-linux-gnu/libdw.so  
[0.618s] -- Could NOT find libbfd (missing: LIBBFD_LIBRARY LIBBFD_INCLUDE_DIR) 
[0.618s] -- BACKWARD_HAS_UNWIND=1
[0.618s] -- BACKWARD_HAS_BACKTRACE=0
[0.618s] -- BACKWARD_HAS_BACKTRACE_SYMBOL=0
[0.618s] -- BACKWARD_HAS_DW=1
[0.618s] -- BACKWARD_HAS_BFD=0
[0.619s] -- Found Backward: /opt/ros/humble/share/backward_ros/cmake  
[0.621s] -- Found control_msgs: 4.4.0 (/home/psd/psd_ws/install/control_msgs/share/control_msgs/cmake)
[0.669s] -- Found rosidl_generator_c: 3.1.5 (/opt/ros/humble/share/rosidl_generator_c/cmake)
[0.678s] -- Found rosidl_adapter: 3.1.5 (/opt/ros/humble/share/rosidl_adapter/cmake)
[0.692s] -- Found rosidl_generator_cpp: 3.1.5 (/opt/ros/humble/share/rosidl_generator_cpp/cmake)
[0.712s] -- Using all available rosidl_typesupport_c: rosidl_typesupport_fastrtps_c;rosidl_typesupport_introspection_c
[0.740s] -- Using all available rosidl_typesupport_cpp: rosidl_typesupport_fastrtps_cpp;rosidl_typesupport_introspection_cpp
[1.430s] -- Found controller_interface: 2.40.0 (/home/psd/psd_ws/install/controller_interface/share/controller_interface/cmake)
[1.584s] -- Found rmw_implementation_cmake: 6.1.1 (/opt/ros/humble/share/rmw_implementation_cmake/cmake)
[1.589s] -- Found rmw_fastrtps_cpp: 6.2.6 (/opt/ros/humble/share/rmw_fastrtps_cpp/cmake)
[1.637s] -- Found TinyXML2 via Config file: TinyXML2_DIR-NOTFOUND
[1.687s] -- Found OpenSSL: /usr/lib/x86_64-linux-gnu/libcrypto.so (found version "3.0.2")  
[1.689s] -- Found TinyXML2 via Config file: TinyXML2_DIR-NOTFOUND
[1.699s] -- Found FastRTPS: /opt/ros/humble/include  
[1.707s] -- Found TinyXML2 via Config file: TinyXML2_DIR-NOTFOUND
[1.715s] -- Found TinyXML2 via Config file: TinyXML2_DIR-NOTFOUND
[1.723s] -- Using RMW implementation 'rmw_fastrtps_cpp' as default
[1.735s] -- Looking for C++ include pthread.h
[1.830s] -- Looking for C++ include pthread.h - found
[1.830s] -- Performing Test CMAKE_HAVE_LIBC_PTHREAD
[1.938s] -- Performing Test CMAKE_HAVE_LIBC_PTHREAD - Success
[1.939s] -- Found Threads: TRUE  
[2.152s] -- Found generate_parameter_library: 0.3.8 (/opt/ros/humble/share/generate_parameter_library/cmake)
[2.155s] -- Found parameter_traits: 0.3.8 (/opt/ros/humble/share/parameter_traits/cmake)
[2.188s] -- Found nav_msgs: 4.2.3 (/opt/ros/humble/share/nav_msgs/cmake)
[2.288s] -- Found realtime_tools: 2.5.0 (/home/psd/psd_ws/install/realtime_tools/share/realtime_tools/cmake)
[2.344s] -- Found std_srvs: 4.2.3 (/opt/ros/humble/share/std_srvs/cmake)
[2.368s] -- Found tf2: 0.25.6 (/opt/ros/humble/share/tf2/cmake)
[2.380s] -- Found tf2_msgs: 0.25.6 (/opt/ros/humble/share/tf2_msgs/cmake)
[2.482s] -- Found tf2_geometry_msgs: 0.25.6 (/opt/ros/humble/share/tf2_geometry_msgs/cmake)
[2.497s] -- Found eigen3_cmake_module: 0.1.1 (/opt/ros/humble/share/eigen3_cmake_module/cmake)
[2.499s] -- Found Eigen3: TRUE (found version "3.4.0") 
[2.499s] -- Ensuring Eigen3 include directory is part of orocos-kdl CMake target
[2.678s] -- Found ackermann_msgs: 2.0.2 (/opt/ros/humble/share/ackermann_msgs/cmake)
[2.907s] -- Found ament_cmake_gmock: 1.3.8 (/opt/ros/humble/share/ament_cmake_gmock/cmake)
[2.908s] -- Found controller_manager: 2.40.0 (/home/psd/psd_ws/install/controller_manager/share/controller_manager/cmake)
[3.103s] -- Found ros2_control_test_assets: 2.40.0 (/home/psd/psd_ws/install/ros2_control_test_assets/share/ros2_control_test_assets/cmake)
[3.107s] -- Found gmock sources under '/opt/ros/humble/src/gmock_vendor': C++ tests using 'Google Mock' will be built
[3.145s] -- The C compiler identification is GNU 11.4.0
[3.153s] -- Detecting C compiler ABI info
[3.264s] -- Detecting C compiler ABI info - done
[3.273s] -- Check for working C compiler: /usr/bin/cc - skipped
[3.274s] -- Detecting C compile features
[3.274s] -- Detecting C compile features - done
[3.281s] -- Found ament_cmake_gtest: 1.3.8 (/opt/ros/humble/share/ament_cmake_gtest/cmake)
[3.282s] -- Found gtest sources under '/opt/ros/humble/src/gtest_vendor': C++ tests using 'Google Test' will be built
[3.456s] -- Found gmock sources under '/opt/ros/humble/src/gmock_vendor': C++ tests using 'Google Mock' will be built
[3.456s] -- Found ament_cmake_gtest: 1.3.8 (/opt/ros/humble/share/ament_cmake_gtest/cmake)
[3.458s] -- Found gtest sources under '/opt/ros/humble/src/gtest_vendor': C++ tests using 'Google Test' will be built
[3.557s] -- Configuring done
[3.700s] -- Generating done
[3.718s] -- Build files have been written to: /home/psd/psd_ws/build/steering_controllers_library
[3.747s] Invoked command in '/home/psd/psd_ws/build/steering_controllers_library' returned '0': AMENT_PREFIX_PATH=/home/psd/psd_ws/install/controller_manager:/home/psd/psd_ws/install/controller_interface:/home/psd/psd_ws/install/hardware_interface:/home/psd/psd_ws/install/ros2_control_test_assets:/home/psd/psd_ws/install/realtime_tools:/home/psd/psd_ws/install/controller_manager_msgs:/home/psd/psd_ws/install/control_msgs:${AMENT_PREFIX_PATH} CMAKE_PREFIX_PATH=/home/psd/psd_ws/install/controller_manager:/home/psd/psd_ws/install/controller_interface:/home/psd/psd_ws/install/hardware_interface:/home/psd/psd_ws/install/ros2_control_test_assets:/home/psd/psd_ws/install/realtime_tools:/home/psd/psd_ws/install/controller_manager_msgs:/home/psd/psd_ws/install/control_msgs:/opt/ros/humble LD_LIBRARY_PATH=/home/psd/psd_ws/install/controller_manager/lib:/home/psd/psd_ws/install/controller_interface/lib:/home/psd/psd_ws/install/hardware_interface/lib:/home/psd/psd_ws/install/realtime_tools/lib:/home/psd/psd_ws/install/controller_manager_msgs/lib:/home/psd/psd_ws/install/control_msgs/lib:${LD_LIBRARY_PATH} PYTHONPATH=/home/psd/psd_ws/install/controller_manager/local/lib/python3.10/dist-packages:/home/psd/psd_ws/install/controller_manager_msgs/local/lib/python3.10/dist-packages:/home/psd/psd_ws/install/control_msgs/local/lib/python3.10/dist-packages:${PYTHONPATH} /usr/bin/cmake /home/psd/psd_ws/src/ros-controls/ros2_controllers/steering_controllers_library -DAMENT_CMAKE_SYMLINK_INSTALL=1 -DCMAKE_INSTALL_PREFIX=/home/psd/psd_ws/install/steering_controllers_library
[3.747s] Invoking command in '/home/psd/psd_ws/build/steering_controllers_library': AMENT_PREFIX_PATH=/home/psd/psd_ws/install/controller_manager:/home/psd/psd_ws/install/controller_interface:/home/psd/psd_ws/install/hardware_interface:/home/psd/psd_ws/install/ros2_control_test_assets:/home/psd/psd_ws/install/realtime_tools:/home/psd/psd_ws/install/controller_manager_msgs:/home/psd/psd_ws/install/control_msgs:${AMENT_PREFIX_PATH} CMAKE_PREFIX_PATH=/home/psd/psd_ws/install/controller_manager:/home/psd/psd_ws/install/controller_interface:/home/psd/psd_ws/install/hardware_interface:/home/psd/psd_ws/install/ros2_control_test_assets:/home/psd/psd_ws/install/realtime_tools:/home/psd/psd_ws/install/controller_manager_msgs:/home/psd/psd_ws/install/control_msgs:/opt/ros/humble LD_LIBRARY_PATH=/home/psd/psd_ws/install/controller_manager/lib:/home/psd/psd_ws/install/controller_interface/lib:/home/psd/psd_ws/install/hardware_interface/lib:/home/psd/psd_ws/install/realtime_tools/lib:/home/psd/psd_ws/install/controller_manager_msgs/lib:/home/psd/psd_ws/install/control_msgs/lib:${LD_LIBRARY_PATH} PYTHONPATH=/home/psd/psd_ws/install/controller_manager/local/lib/python3.10/dist-packages:/home/psd/psd_ws/install/controller_manager_msgs/local/lib/python3.10/dist-packages:/home/psd/psd_ws/install/control_msgs/local/lib/python3.10/dist-packages:${PYTHONPATH} /usr/bin/cmake --build /home/psd/psd_ws/build/steering_controllers_library -- -j20 -l20
[3.845s] [  7%] [32mBuilding CXX object gmock/CMakeFiles/gmock.dir/opt/ros/humble/src/gtest_vendor/src/gtest-all.cc.o[0m
[3.861s] [ 15%] [32mBuilding CXX object gmock/CMakeFiles/gmock.dir/src/gmock-all.cc.o[0m
[3.881s] [ 23%] [34m[1mRunning `/opt/ros/humble/bin/generate_parameter_library_cpp /home/psd/psd_ws/build/steering_controllers_library/steering_controllers_library_parameters/include//steering_controllers_library_parameters.hpp /home/psd/psd_ws/src/ros-controls/ros2_controllers/steering_controllers_library/src/steering_controllers_library.yaml `[0m
[3.884s] [ 30%] [32mBuilding CXX object gmock/CMakeFiles/gmock_main.dir/src/gmock_main.cc.o[0m
[4.814s] [ 30%] Built target steering_controllers_library_parameters
[4.935s] [ 38%] [32mBuilding CXX object CMakeFiles/steering_controllers_library.dir/src/steering_controllers_library.cpp.o[0m
[4.968s] [ 46%] [32mBuilding CXX object CMakeFiles/steering_controllers_library.dir/src/steering_odometry.cpp.o[0m
[8.187s] [ 53%] [32m[1mLinking CXX static library libgmock_main.a[0m
[8.393s] [ 53%] Built target gmock_main
[10.958s] [ 61%] [32m[1mLinking CXX static library libgmock.a[0m
[11.171s] [ 61%] Built target gmock
[26.395s] [ 69%] [32m[1mLinking CXX shared library libsteering_controllers_library.so[0m
[27.718s] [ 69%] Built target steering_controllers_library
[27.741s] [ 76%] [32mBuilding CXX object CMakeFiles/test_steering_controllers_library.dir/test/test_steering_controllers_library.cpp.o[0m
[27.749s] [ 84%] [32mBuilding CXX object CMakeFiles/test_steering_odometry.dir/test/test_steering_odometry.cpp.o[0m
[30.166s] [ 92%] [32m[1mLinking CXX executable test_steering_odometry[0m
[30.940s] [ 92%] Built target test_steering_odometry
[36.966s] [100%] [32m[1mLinking CXX executable test_steering_controllers_library[0m
[39.236s] [100%] Built target test_steering_controllers_library
[39.294s] Invoked command in '/home/psd/psd_ws/build/steering_controllers_library' returned '0': AMENT_PREFIX_PATH=/home/psd/psd_ws/install/controller_manager:/home/psd/psd_ws/install/controller_interface:/home/psd/psd_ws/install/hardware_interface:/home/psd/psd_ws/install/ros2_control_test_assets:/home/psd/psd_ws/install/realtime_tools:/home/psd/psd_ws/install/controller_manager_msgs:/home/psd/psd_ws/install/control_msgs:${AMENT_PREFIX_PATH} CMAKE_PREFIX_PATH=/home/psd/psd_ws/install/controller_manager:/home/psd/psd_ws/install/controller_interface:/home/psd/psd_ws/install/hardware_interface:/home/psd/psd_ws/install/ros2_control_test_assets:/home/psd/psd_ws/install/realtime_tools:/home/psd/psd_ws/install/controller_manager_msgs:/home/psd/psd_ws/install/control_msgs:/opt/ros/humble LD_LIBRARY_PATH=/home/psd/psd_ws/install/controller_manager/lib:/home/psd/psd_ws/install/controller_interface/lib:/home/psd/psd_ws/install/hardware_interface/lib:/home/psd/psd_ws/install/realtime_tools/lib:/home/psd/psd_ws/install/controller_manager_msgs/lib:/home/psd/psd_ws/install/control_msgs/lib:${LD_LIBRARY_PATH} PYTHONPATH=/home/psd/psd_ws/install/controller_manager/local/lib/python3.10/dist-packages:/home/psd/psd_ws/install/controller_manager_msgs/local/lib/python3.10/dist-packages:/home/psd/psd_ws/install/control_msgs/local/lib/python3.10/dist-packages:${PYTHONPATH} /usr/bin/cmake --build /home/psd/psd_ws/build/steering_controllers_library -- -j20 -l20
[39.726s] Invoking command in '/home/psd/psd_ws/build/steering_controllers_library': AMENT_PREFIX_PATH=/home/psd/psd_ws/install/controller_manager:/home/psd/psd_ws/install/controller_interface:/home/psd/psd_ws/install/hardware_interface:/home/psd/psd_ws/install/ros2_control_test_assets:/home/psd/psd_ws/install/realtime_tools:/home/psd/psd_ws/install/controller_manager_msgs:/home/psd/psd_ws/install/control_msgs:${AMENT_PREFIX_PATH} CMAKE_PREFIX_PATH=/home/psd/psd_ws/install/controller_manager:/home/psd/psd_ws/install/controller_interface:/home/psd/psd_ws/install/hardware_interface:/home/psd/psd_ws/install/ros2_control_test_assets:/home/psd/psd_ws/install/realtime_tools:/home/psd/psd_ws/install/controller_manager_msgs:/home/psd/psd_ws/install/control_msgs:/opt/ros/humble LD_LIBRARY_PATH=/home/psd/psd_ws/install/controller_manager/lib:/home/psd/psd_ws/install/controller_interface/lib:/home/psd/psd_ws/install/hardware_interface/lib:/home/psd/psd_ws/install/realtime_tools/lib:/home/psd/psd_ws/install/controller_manager_msgs/lib:/home/psd/psd_ws/install/control_msgs/lib:${LD_LIBRARY_PATH} PYTHONPATH=/home/psd/psd_ws/install/controller_manager/local/lib/python3.10/dist-packages:/home/psd/psd_ws/install/controller_manager_msgs/local/lib/python3.10/dist-packages:/home/psd/psd_ws/install/control_msgs/local/lib/python3.10/dist-packages:${PYTHONPATH} /usr/bin/cmake --install /home/psd/psd_ws/build/steering_controllers_library
[41.252s] -- Install configuration: ""
[41.252s] -- Execute custom install script
[41.252s] -- Symlinking: /home/psd/psd_ws/install/steering_controllers_library/include/steering_controllers_library_parameters/steering_controllers_library_parameters.hpp
[41.253s] -- Symlinking: /home/psd/psd_ws/install/steering_controllers_library/include/steering_controllers_library/steering_controllers_library/steering_controllers_library.hpp
[41.253s] -- Symlinking: /home/psd/psd_ws/install/steering_controllers_library/include/steering_controllers_library/steering_controllers_library/steering_odometry.hpp
[41.253s] -- Symlinking: /home/psd/psd_ws/install/steering_controllers_library/include/steering_controllers_library/steering_controllers_library/visibility_control.h
[41.253s] -- Symlinking: /home/psd/psd_ws/install/steering_controllers_library/share/steering_controllers_library/environment/library_path.sh
[41.253s] -- Symlinking: /home/psd/psd_ws/install/steering_controllers_library/share/steering_controllers_library/environment/library_path.dsv
[41.253s] -- Symlinking: /home/psd/psd_ws/install/steering_controllers_library/share/ament_index/resource_index/package_run_dependencies/steering_controllers_library
[41.253s] -- Symlinking: /home/psd/psd_ws/install/steering_controllers_library/share/ament_index/resource_index/parent_prefix_path/steering_controllers_library
[41.253s] -- Symlinking: /home/psd/psd_ws/install/steering_controllers_library/share/steering_controllers_library/environment/ament_prefix_path.sh
[41.253s] -- Symlinking: /home/psd/psd_ws/install/steering_controllers_library/share/steering_controllers_library/environment/ament_prefix_path.dsv
[41.253s] -- Symlinking: /home/psd/psd_ws/install/steering_controllers_library/share/steering_controllers_library/environment/path.sh
[41.253s] -- Symlinking: /home/psd/psd_ws/install/steering_controllers_library/share/steering_controllers_library/environment/path.dsv
[41.254s] -- Symlinking: /home/psd/psd_ws/install/steering_controllers_library/share/steering_controllers_library/local_setup.bash
[41.254s] -- Symlinking: /home/psd/psd_ws/install/steering_controllers_library/share/steering_controllers_library/local_setup.sh
[41.254s] -- Symlinking: /home/psd/psd_ws/install/steering_controllers_library/share/steering_controllers_library/local_setup.zsh
[41.254s] -- Symlinking: /home/psd/psd_ws/install/steering_controllers_library/share/steering_controllers_library/local_setup.dsv
[41.254s] -- Symlinking: /home/psd/psd_ws/install/steering_controllers_library/share/steering_controllers_library/package.dsv
[41.254s] -- Symlinking: /home/psd/psd_ws/install/steering_controllers_library/share/ament_index/resource_index/packages/steering_controllers_library
[41.254s] -- Symlinking: /home/psd/psd_ws/install/steering_controllers_library/share/steering_controllers_library/cmake/ament_cmake_export_targets-extras.cmake
[41.254s] -- Symlinking: /home/psd/psd_ws/install/steering_controllers_library/share/steering_controllers_library/cmake/ament_cmake_export_dependencies-extras.cmake
[41.254s] -- Symlinking: /home/psd/psd_ws/install/steering_controllers_library/share/steering_controllers_library/cmake/steering_controllers_libraryConfig.cmake
[41.254s] -- Symlinking: /home/psd/psd_ws/install/steering_controllers_library/share/steering_controllers_library/cmake/steering_controllers_libraryConfig-version.cmake
[41.254s] -- Symlinking: /home/psd/psd_ws/install/steering_controllers_library/share/steering_controllers_library/package.xml
[41.254s] -- Installing: /home/psd/psd_ws/install/steering_controllers_library/lib/libsteering_controllers_library.so
[41.254s] -- Set runtime path of "/home/psd/psd_ws/install/steering_controllers_library/lib/libsteering_controllers_library.so" to ""
[41.254s] -- Installing: /home/psd/psd_ws/install/steering_controllers_library/share/steering_controllers_library/cmake/export_steering_controllers_libraryExport.cmake
[41.255s] -- Installing: /home/psd/psd_ws/install/steering_controllers_library/share/steering_controllers_library/cmake/export_steering_controllers_libraryExport-noconfig.cmake
[41.270s] Invoked command in '/home/psd/psd_ws/build/steering_controllers_library' returned '0': AMENT_PREFIX_PATH=/home/psd/psd_ws/install/controller_manager:/home/psd/psd_ws/install/controller_interface:/home/psd/psd_ws/install/hardware_interface:/home/psd/psd_ws/install/ros2_control_test_assets:/home/psd/psd_ws/install/realtime_tools:/home/psd/psd_ws/install/controller_manager_msgs:/home/psd/psd_ws/install/control_msgs:${AMENT_PREFIX_PATH} CMAKE_PREFIX_PATH=/home/psd/psd_ws/install/controller_manager:/home/psd/psd_ws/install/controller_interface:/home/psd/psd_ws/install/hardware_interface:/home/psd/psd_ws/install/ros2_control_test_assets:/home/psd/psd_ws/install/realtime_tools:/home/psd/psd_ws/install/controller_manager_msgs:/home/psd/psd_ws/install/control_msgs:/opt/ros/humble LD_LIBRARY_PATH=/home/psd/psd_ws/install/controller_manager/lib:/home/psd/psd_ws/install/controller_interface/lib:/home/psd/psd_ws/install/hardware_interface/lib:/home/psd/psd_ws/install/realtime_tools/lib:/home/psd/psd_ws/install/controller_manager_msgs/lib:/home/psd/psd_ws/install/control_msgs/lib:${LD_LIBRARY_PATH} PYTHONPATH=/home/psd/psd_ws/install/controller_manager/local/lib/python3.10/dist-packages:/home/psd/psd_ws/install/controller_manager_msgs/local/lib/python3.10/dist-packages:/home/psd/psd_ws/install/control_msgs/local/lib/python3.10/dist-packages:${PYTHONPATH} /usr/bin/cmake --install /home/psd/psd_ws/build/steering_controllers_library
