-- Found ament_cmake: 1.3.8 (/opt/ros/humble/share/ament_cmake/cmake)
-- Override CMake install command with custom implementation using symlinks instead of copying resources
-- Found hardware_interface: 2.40.0 (/home/psd/psd_ws/install/hardware_interface/share/hardware_interface/cmake)
-- Found rosidl_generator_c: 3.1.5 (/opt/ros/humble/share/rosidl_generator_c/cmake)
-- Found rosidl_adapter: 3.1.5 (/opt/ros/humble/share/rosidl_adapter/cmake)
-- Found rosidl_generator_cpp: 3.1.5 (/opt/ros/humble/share/rosidl_generator_cpp/cmake)
-- Using all available rosidl_typesupport_c: rosidl_typesupport_fastrtps_c;rosidl_typesupport_introspection_c
-- Using all available rosidl_typesupport_cpp: rosidl_typesupport_fastrtps_cpp;rosidl_typesupport_introspection_cpp
-- Found rmw_implementation_cmake: 6.1.1 (/opt/ros/humble/share/rmw_implementation_cmake/cmake)
-- Found rmw_fastrtps_cpp: 6.2.6 (/opt/ros/humble/share/rmw_fastrtps_cpp/cmake)
-- Found TinyXML2 via Config file: TinyXML2_DIR-NOTFOUND
-- Found TinyXML2 via Config file: TinyXML2_DIR-NOTFOUND
-- Found TinyXML2 via Config file: TinyXML2_DIR-NOTFOUND
-- Found TinyXML2 via Config file: TinyXML2_DIR-NOTFOUND
-- Using RMW implementation 'rmw_fastrtps_cpp' as default
-- Found ament_cmake_gmock: 1.3.8 (/opt/ros/humble/share/ament_cmake_gmock/cmake)
-- Found gmock sources under '/opt/ros/humble/src/gmock_vendor': C++ tests using 'Google Mock' will be built
-- Found ament_cmake_gtest: 1.3.8 (/opt/ros/humble/share/ament_cmake_gtest/cmake)
-- Found gtest sources under '/opt/ros/humble/src/gtest_vendor': C++ tests using 'Google Test' will be built
-- Configuring done
-- Generating done
-- Build files have been written to: /home/psd/psd_ws/build/transmission_interface
[35m[1mConsolidate compiler generated dependencies of target gmock[0m
[35m[1mConsolidate compiler generated dependencies of target transmission_interface[0m
[35m[1mConsolidate compiler generated dependencies of target gmock_main[0m
[  4%] [32m[1mLinking CXX static library libgmock.a[0m
[  8%] [32m[1mLinking CXX static library libgmock_main.a[0m
[ 13%] [32m[1mLinking CXX shared library libtransmission_interface.so[0m
[ 17%] Built target gmock_main
[ 26%] Built target gmock
[35m[1mConsolidate compiler generated dependencies of target test_differential_transmission[0m
[35m[1mConsolidate compiler generated dependencies of target test_four_bar_linkage_transmission_loader[0m
[35m[1mConsolidate compiler generated dependencies of target test_simple_transmission_loader[0m
[35m[1mConsolidate compiler generated dependencies of target test_four_bar_linkage_transmission[0m
[35m[1mConsolidate compiler generated dependencies of target test_simple_transmission[0m
[35m[1mConsolidate compiler generated dependencies of target test_differential_transmission_loader[0m
[35m[1mConsolidate compiler generated dependencies of target test_utils[0m
[ 30%] [32m[1mLinking CXX executable test_differential_transmission[0m
[ 34%] [32m[1mLinking CXX executable test_four_bar_linkage_transmission[0m
[ 39%] [32m[1mLinking CXX executable test_simple_transmission_loader[0m
[ 43%] [32m[1mLinking CXX executable test_simple_transmission[0m
[ 47%] [32m[1mLinking CXX executable test_utils[0m
[ 52%] [32m[1mLinking CXX executable test_differential_transmission_loader[0m
[ 56%] [32m[1mLinking CXX executable test_four_bar_linkage_transmission_loader[0m
[ 69%] Built target transmission_interface
[ 73%] Built target test_differential_transmission
[ 78%] Built target test_utils
[ 82%] Built target test_four_bar_linkage_transmission
[ 86%] Built target test_simple_transmission
[ 91%] Built target test_differential_transmission_loader
[ 95%] Built target test_simple_transmission_loader
[100%] Built target test_four_bar_linkage_transmission_loader
-- Install configuration: ""
-- Execute custom install script
-- Up-to-date symlink: /home/psd/psd_ws/install/transmission_interface/include/transmission_interface/accessor.hpp
-- Up-to-date symlink: /home/psd/psd_ws/install/transmission_interface/include/transmission_interface/differential_transmission.hpp
-- Up-to-date symlink: /home/psd/psd_ws/install/transmission_interface/include/transmission_interface/differential_transmission_loader.hpp
-- Up-to-date symlink: /home/psd/psd_ws/install/transmission_interface/include/transmission_interface/exception.hpp
-- Up-to-date symlink: /home/psd/psd_ws/install/transmission_interface/include/transmission_interface/four_bar_linkage_transmission.hpp
-- Up-to-date symlink: /home/psd/psd_ws/install/transmission_interface/include/transmission_interface/four_bar_linkage_transmission_loader.hpp
-- Up-to-date symlink: /home/psd/psd_ws/install/transmission_interface/include/transmission_interface/handle.hpp
-- Up-to-date symlink: /home/psd/psd_ws/install/transmission_interface/include/transmission_interface/simple_transmission.hpp
-- Up-to-date symlink: /home/psd/psd_ws/install/transmission_interface/include/transmission_interface/simple_transmission_loader.hpp
-- Up-to-date symlink: /home/psd/psd_ws/install/transmission_interface/include/transmission_interface/transmission.hpp
-- Up-to-date symlink: /home/psd/psd_ws/install/transmission_interface/include/transmission_interface/transmission_interface_exception.hpp
-- Up-to-date symlink: /home/psd/psd_ws/install/transmission_interface/include/transmission_interface/transmission_loader.hpp
-- Up-to-date symlink: /home/psd/psd_ws/install/transmission_interface/include/transmission_interface/visibility_control.h
-- Up-to-date symlink: /home/psd/psd_ws/install/transmission_interface/share/transmission_interface//ros2_control_plugins.xml
-- Up-to-date symlink: /home/psd/psd_ws/install/transmission_interface/share/transmission_interface/environment/library_path.sh
-- Up-to-date symlink: /home/psd/psd_ws/install/transmission_interface/share/transmission_interface/environment/library_path.dsv
-- Up-to-date symlink: /home/psd/psd_ws/install/transmission_interface/share/ament_index/resource_index/package_run_dependencies/transmission_interface
-- Up-to-date symlink: /home/psd/psd_ws/install/transmission_interface/share/ament_index/resource_index/parent_prefix_path/transmission_interface
-- Up-to-date symlink: /home/psd/psd_ws/install/transmission_interface/share/transmission_interface/environment/ament_prefix_path.sh
-- Up-to-date symlink: /home/psd/psd_ws/install/transmission_interface/share/transmission_interface/environment/ament_prefix_path.dsv
-- Up-to-date symlink: /home/psd/psd_ws/install/transmission_interface/share/transmission_interface/environment/path.sh
-- Up-to-date symlink: /home/psd/psd_ws/install/transmission_interface/share/transmission_interface/environment/path.dsv
-- Up-to-date symlink: /home/psd/psd_ws/install/transmission_interface/share/transmission_interface/local_setup.bash
-- Up-to-date symlink: /home/psd/psd_ws/install/transmission_interface/share/transmission_interface/local_setup.sh
-- Up-to-date symlink: /home/psd/psd_ws/install/transmission_interface/share/transmission_interface/local_setup.zsh
-- Up-to-date symlink: /home/psd/psd_ws/install/transmission_interface/share/transmission_interface/local_setup.dsv
-- Symlinking: /home/psd/psd_ws/install/transmission_interface/share/transmission_interface/package.dsv
-- Up-to-date symlink: /home/psd/psd_ws/install/transmission_interface/share/ament_index/resource_index/packages/transmission_interface
-- Up-to-date symlink: /home/psd/psd_ws/install/transmission_interface/share/ament_index/resource_index/transmission_interface__pluginlib__plugin/transmission_interface
-- Up-to-date symlink: /home/psd/psd_ws/install/transmission_interface/share/transmission_interface/cmake/ament_cmake_export_include_directories-extras.cmake
-- Up-to-date symlink: /home/psd/psd_ws/install/transmission_interface/share/transmission_interface/cmake/ament_cmake_export_dependencies-extras.cmake
-- Up-to-date symlink: /home/psd/psd_ws/install/transmission_interface/share/transmission_interface/cmake/ament_cmake_export_libraries-extras.cmake
-- Up-to-date symlink: /home/psd/psd_ws/install/transmission_interface/share/transmission_interface/cmake/transmission_interfaceConfig.cmake
-- Up-to-date symlink: /home/psd/psd_ws/install/transmission_interface/share/transmission_interface/cmake/transmission_interfaceConfig-version.cmake
-- Up-to-date symlink: /home/psd/psd_ws/install/transmission_interface/share/transmission_interface/package.xml
-- Installing: /home/psd/psd_ws/install/transmission_interface/lib/libtransmission_interface.so
-- Set runtime path of "/home/psd/psd_ws/install/transmission_interface/lib/libtransmission_interface.so" to ""
