[0.011s] Invoking command in '/home/psd/psd_ws/build/transmission_interface': AMENT_PREFIX_PATH=/home/psd/psd_ws/install/hardware_interface:/home/psd/psd_ws/install/control_msgs:${AMENT_PREFIX_PATH} CMAKE_PREFIX_PATH=/home/psd/psd_ws/install/hardware_interface:/home/psd/psd_ws/install/control_msgs:/opt/ros/humble LD_LIBRARY_PATH=/home/psd/psd_ws/install/hardware_interface/lib:/home/psd/psd_ws/install/control_msgs/lib:${LD_LIBRARY_PATH} PYTHONPATH=/home/psd/psd_ws/install/control_msgs/local/lib/python3.10/dist-packages:${PYTHONPATH} /usr/bin/cmake /home/psd/psd_ws/src/ros-controls/ros2_control/transmission_interface -DAMENT_CMAKE_SYMLINK_INSTALL=1 -DCMAKE_INSTALL_PREFIX=/home/psd/psd_ws/install/transmission_interface
[0.018s] -- Found ament_cmake: 1.3.8 (/opt/ros/humble/share/ament_cmake/cmake)
[0.093s] -- Override CMake install command with custom implementation using symlinks instead of copying resources
[0.097s] -- Found hardware_interface: 2.40.0 (/home/psd/psd_ws/install/hardware_interface/share/hardware_interface/cmake)
[0.114s] -- Found rosidl_generator_c: 3.1.5 (/opt/ros/humble/share/rosidl_generator_c/cmake)
[0.115s] -- Found rosidl_adapter: 3.1.5 (/opt/ros/humble/share/rosidl_adapter/cmake)
[0.119s] -- Found rosidl_generator_cpp: 3.1.5 (/opt/ros/humble/share/rosidl_generator_cpp/cmake)
[0.126s] -- Using all available rosidl_typesupport_c: rosidl_typesupport_fastrtps_c;rosidl_typesupport_introspection_c
[0.136s] -- Using all available rosidl_typesupport_cpp: rosidl_typesupport_fastrtps_cpp;rosidl_typesupport_introspection_cpp
[0.519s] -- Found rmw_implementation_cmake: 6.1.1 (/opt/ros/humble/share/rmw_implementation_cmake/cmake)
[0.519s] -- Found rmw_fastrtps_cpp: 6.2.6 (/opt/ros/humble/share/rmw_fastrtps_cpp/cmake)
[0.537s] -- Found TinyXML2 via Config file: TinyXML2_DIR-NOTFOUND
[0.543s] -- Found TinyXML2 via Config file: TinyXML2_DIR-NOTFOUND
[0.557s] -- Found TinyXML2 via Config file: TinyXML2_DIR-NOTFOUND
[0.562s] -- Found TinyXML2 via Config file: TinyXML2_DIR-NOTFOUND
[0.568s] -- Using RMW implementation 'rmw_fastrtps_cpp' as default
[0.697s] -- Found ament_cmake_gmock: 1.3.8 (/opt/ros/humble/share/ament_cmake_gmock/cmake)
[0.697s] -- Found gmock sources under '/opt/ros/humble/src/gmock_vendor': C++ tests using 'Google Mock' will be built
[0.699s] -- Found ament_cmake_gtest: 1.3.8 (/opt/ros/humble/share/ament_cmake_gtest/cmake)
[0.699s] -- Found gtest sources under '/opt/ros/humble/src/gtest_vendor': C++ tests using 'Google Test' will be built
[1.009s] -- Configuring done
[1.173s] -- Generating done
[1.176s] -- Build files have been written to: /home/psd/psd_ws/build/transmission_interface
[1.185s] Invoked command in '/home/psd/psd_ws/build/transmission_interface' returned '0': AMENT_PREFIX_PATH=/home/psd/psd_ws/install/hardware_interface:/home/psd/psd_ws/install/control_msgs:${AMENT_PREFIX_PATH} CMAKE_PREFIX_PATH=/home/psd/psd_ws/install/hardware_interface:/home/psd/psd_ws/install/control_msgs:/opt/ros/humble LD_LIBRARY_PATH=/home/psd/psd_ws/install/hardware_interface/lib:/home/psd/psd_ws/install/control_msgs/lib:${LD_LIBRARY_PATH} PYTHONPATH=/home/psd/psd_ws/install/control_msgs/local/lib/python3.10/dist-packages:${PYTHONPATH} /usr/bin/cmake /home/psd/psd_ws/src/ros-controls/ros2_control/transmission_interface -DAMENT_CMAKE_SYMLINK_INSTALL=1 -DCMAKE_INSTALL_PREFIX=/home/psd/psd_ws/install/transmission_interface
[1.186s] Invoking command in '/home/psd/psd_ws/build/transmission_interface': AMENT_PREFIX_PATH=/home/psd/psd_ws/install/hardware_interface:/home/psd/psd_ws/install/control_msgs:${AMENT_PREFIX_PATH} CMAKE_PREFIX_PATH=/home/psd/psd_ws/install/hardware_interface:/home/psd/psd_ws/install/control_msgs:/opt/ros/humble LD_LIBRARY_PATH=/home/psd/psd_ws/install/hardware_interface/lib:/home/psd/psd_ws/install/control_msgs/lib:${LD_LIBRARY_PATH} PYTHONPATH=/home/psd/psd_ws/install/control_msgs/local/lib/python3.10/dist-packages:${PYTHONPATH} /usr/bin/cmake --build /home/psd/psd_ws/build/transmission_interface -- -j20 -l20
[1.229s] [35m[1mConsolidate compiler generated dependencies of target gmock[0m
[1.232s] [35m[1mConsolidate compiler generated dependencies of target transmission_interface[0m
[1.234s] [35m[1mConsolidate compiler generated dependencies of target gmock_main[0m
[1.246s] [  4%] [32m[1mLinking CXX static library libgmock.a[0m
[1.249s] [  8%] [32m[1mLinking CXX static library libgmock_main.a[0m
[1.258s] [ 13%] [32m[1mLinking CXX shared library libtransmission_interface.so[0m
[1.281s] [ 17%] Built target gmock_main
[1.316s] [ 26%] Built target gmock
[1.328s] [35m[1mConsolidate compiler generated dependencies of target test_differential_transmission[0m
[1.328s] [35m[1mConsolidate compiler generated dependencies of target test_four_bar_linkage_transmission_loader[0m
[1.328s] [35m[1mConsolidate compiler generated dependencies of target test_simple_transmission_loader[0m
[1.328s] [35m[1mConsolidate compiler generated dependencies of target test_four_bar_linkage_transmission[0m
[1.329s] [35m[1mConsolidate compiler generated dependencies of target test_simple_transmission[0m
[1.332s] [35m[1mConsolidate compiler generated dependencies of target test_differential_transmission_loader[0m
[1.341s] [35m[1mConsolidate compiler generated dependencies of target test_utils[0m
[1.345s] [ 30%] [32m[1mLinking CXX executable test_differential_transmission[0m
[1.360s] [ 34%] [32m[1mLinking CXX executable test_four_bar_linkage_transmission[0m
[1.360s] [ 39%] [32m[1mLinking CXX executable test_simple_transmission_loader[0m
[1.361s] [ 43%] [32m[1mLinking CXX executable test_simple_transmission[0m
[1.365s] [ 47%] [32m[1mLinking CXX executable test_utils[0m
[1.374s] [ 52%] [32m[1mLinking CXX executable test_differential_transmission_loader[0m
[1.376s] [ 56%] [32m[1mLinking CXX executable test_four_bar_linkage_transmission_loader[0m
[1.488s] [ 69%] Built target transmission_interface
[1.783s] [ 73%] Built target test_differential_transmission
[1.824s] [ 78%] Built target test_utils
[1.846s] [ 82%] Built target test_four_bar_linkage_transmission
[1.857s] [ 86%] Built target test_simple_transmission
[1.901s] [ 91%] Built target test_differential_transmission_loader
[1.946s] [ 95%] Built target test_simple_transmission_loader
[2.004s] [100%] Built target test_four_bar_linkage_transmission_loader
[2.014s] Invoked command in '/home/psd/psd_ws/build/transmission_interface' returned '0': AMENT_PREFIX_PATH=/home/psd/psd_ws/install/hardware_interface:/home/psd/psd_ws/install/control_msgs:${AMENT_PREFIX_PATH} CMAKE_PREFIX_PATH=/home/psd/psd_ws/install/hardware_interface:/home/psd/psd_ws/install/control_msgs:/opt/ros/humble LD_LIBRARY_PATH=/home/psd/psd_ws/install/hardware_interface/lib:/home/psd/psd_ws/install/control_msgs/lib:${LD_LIBRARY_PATH} PYTHONPATH=/home/psd/psd_ws/install/control_msgs/local/lib/python3.10/dist-packages:${PYTHONPATH} /usr/bin/cmake --build /home/psd/psd_ws/build/transmission_interface -- -j20 -l20
[2.055s] Invoking command in '/home/psd/psd_ws/build/transmission_interface': AMENT_PREFIX_PATH=/home/psd/psd_ws/install/hardware_interface:/home/psd/psd_ws/install/control_msgs:${AMENT_PREFIX_PATH} CMAKE_PREFIX_PATH=/home/psd/psd_ws/install/hardware_interface:/home/psd/psd_ws/install/control_msgs:/opt/ros/humble LD_LIBRARY_PATH=/home/psd/psd_ws/install/hardware_interface/lib:/home/psd/psd_ws/install/control_msgs/lib:${LD_LIBRARY_PATH} PYTHONPATH=/home/psd/psd_ws/install/control_msgs/local/lib/python3.10/dist-packages:${PYTHONPATH} /usr/bin/cmake --install /home/psd/psd_ws/build/transmission_interface
[2.062s] -- Install configuration: ""
[2.062s] -- Execute custom install script
[2.062s] -- Up-to-date symlink: /home/psd/psd_ws/install/transmission_interface/include/transmission_interface/accessor.hpp
[2.063s] -- Up-to-date symlink: /home/psd/psd_ws/install/transmission_interface/include/transmission_interface/differential_transmission.hpp
[2.063s] -- Up-to-date symlink: /home/psd/psd_ws/install/transmission_interface/include/transmission_interface/differential_transmission_loader.hpp
[2.063s] -- Up-to-date symlink: /home/psd/psd_ws/install/transmission_interface/include/transmission_interface/exception.hpp
[2.063s] -- Up-to-date symlink: /home/psd/psd_ws/install/transmission_interface/include/transmission_interface/four_bar_linkage_transmission.hpp
[2.063s] -- Up-to-date symlink: /home/psd/psd_ws/install/transmission_interface/include/transmission_interface/four_bar_linkage_transmission_loader.hpp
[2.063s] -- Up-to-date symlink: /home/psd/psd_ws/install/transmission_interface/include/transmission_interface/handle.hpp
[2.063s] -- Up-to-date symlink: /home/psd/psd_ws/install/transmission_interface/include/transmission_interface/simple_transmission.hpp
[2.063s] -- Up-to-date symlink: /home/psd/psd_ws/install/transmission_interface/include/transmission_interface/simple_transmission_loader.hpp
[2.063s] -- Up-to-date symlink: /home/psd/psd_ws/install/transmission_interface/include/transmission_interface/transmission.hpp
[2.064s] -- Up-to-date symlink: /home/psd/psd_ws/install/transmission_interface/include/transmission_interface/transmission_interface_exception.hpp
[2.064s] -- Up-to-date symlink: /home/psd/psd_ws/install/transmission_interface/include/transmission_interface/transmission_loader.hpp
[2.064s] -- Up-to-date symlink: /home/psd/psd_ws/install/transmission_interface/include/transmission_interface/visibility_control.h
[2.064s] -- Up-to-date symlink: /home/psd/psd_ws/install/transmission_interface/share/transmission_interface//ros2_control_plugins.xml
[2.064s] -- Up-to-date symlink: /home/psd/psd_ws/install/transmission_interface/share/transmission_interface/environment/library_path.sh
[2.064s] -- Up-to-date symlink: /home/psd/psd_ws/install/transmission_interface/share/transmission_interface/environment/library_path.dsv
[2.064s] -- Up-to-date symlink: /home/psd/psd_ws/install/transmission_interface/share/ament_index/resource_index/package_run_dependencies/transmission_interface
[2.064s] -- Up-to-date symlink: /home/psd/psd_ws/install/transmission_interface/share/ament_index/resource_index/parent_prefix_path/transmission_interface
[2.065s] -- Up-to-date symlink: /home/psd/psd_ws/install/transmission_interface/share/transmission_interface/environment/ament_prefix_path.sh
[2.065s] -- Up-to-date symlink: /home/psd/psd_ws/install/transmission_interface/share/transmission_interface/environment/ament_prefix_path.dsv
[2.065s] -- Up-to-date symlink: /home/psd/psd_ws/install/transmission_interface/share/transmission_interface/environment/path.sh
[2.065s] -- Up-to-date symlink: /home/psd/psd_ws/install/transmission_interface/share/transmission_interface/environment/path.dsv
[2.065s] -- Up-to-date symlink: /home/psd/psd_ws/install/transmission_interface/share/transmission_interface/local_setup.bash
[2.065s] -- Up-to-date symlink: /home/psd/psd_ws/install/transmission_interface/share/transmission_interface/local_setup.sh
[2.065s] -- Up-to-date symlink: /home/psd/psd_ws/install/transmission_interface/share/transmission_interface/local_setup.zsh
[2.066s] -- Up-to-date symlink: /home/psd/psd_ws/install/transmission_interface/share/transmission_interface/local_setup.dsv
[2.066s] -- Symlinking: /home/psd/psd_ws/install/transmission_interface/share/transmission_interface/package.dsv
[2.074s] -- Up-to-date symlink: /home/psd/psd_ws/install/transmission_interface/share/ament_index/resource_index/packages/transmission_interface
[2.074s] -- Up-to-date symlink: /home/psd/psd_ws/install/transmission_interface/share/ament_index/resource_index/transmission_interface__pluginlib__plugin/transmission_interface
[2.074s] -- Up-to-date symlink: /home/psd/psd_ws/install/transmission_interface/share/transmission_interface/cmake/ament_cmake_export_include_directories-extras.cmake
[2.074s] -- Up-to-date symlink: /home/psd/psd_ws/install/transmission_interface/share/transmission_interface/cmake/ament_cmake_export_dependencies-extras.cmake
[2.074s] -- Up-to-date symlink: /home/psd/psd_ws/install/transmission_interface/share/transmission_interface/cmake/ament_cmake_export_libraries-extras.cmake
[2.074s] -- Up-to-date symlink: /home/psd/psd_ws/install/transmission_interface/share/transmission_interface/cmake/transmission_interfaceConfig.cmake
[2.074s] -- Up-to-date symlink: /home/psd/psd_ws/install/transmission_interface/share/transmission_interface/cmake/transmission_interfaceConfig-version.cmake
[2.074s] -- Up-to-date symlink: /home/psd/psd_ws/install/transmission_interface/share/transmission_interface/package.xml
[2.075s] -- Installing: /home/psd/psd_ws/install/transmission_interface/lib/libtransmission_interface.so
[2.076s] -- Set runtime path of "/home/psd/psd_ws/install/transmission_interface/lib/libtransmission_interface.so" to ""
[2.078s] Invoked command in '/home/psd/psd_ws/build/transmission_interface' returned '0': AMENT_PREFIX_PATH=/home/psd/psd_ws/install/hardware_interface:/home/psd/psd_ws/install/control_msgs:${AMENT_PREFIX_PATH} CMAKE_PREFIX_PATH=/home/psd/psd_ws/install/hardware_interface:/home/psd/psd_ws/install/control_msgs:/opt/ros/humble LD_LIBRARY_PATH=/home/psd/psd_ws/install/hardware_interface/lib:/home/psd/psd_ws/install/control_msgs/lib:${LD_LIBRARY_PATH} PYTHONPATH=/home/psd/psd_ws/install/control_msgs/local/lib/python3.10/dist-packages:${PYTHONPATH} /usr/bin/cmake --install /home/psd/psd_ws/build/transmission_interface
