[0.038s] Invoking command in '/psd_ws/build/psd_vehicle': CMAKE_PREFIX_PATH=/opt/ros/humble /usr/bin/cmake --build /psd_ws/build/psd_vehicle -- -j20 -l20
[0.058s] Invoked command in '/psd_ws/build/psd_vehicle' returned '0': CMAKE_PREFIX_PATH=/opt/ros/humble /usr/bin/cmake --build /psd_ws/build/psd_vehicle -- -j20 -l20
[0.075s] Invoking command in '/psd_ws/build/psd_vehicle': CMAKE_PREFIX_PATH=/opt/ros/humble /usr/bin/cmake --install /psd_ws/build/psd_vehicle
[0.079s] -- Install configuration: ""
[0.079s] -- Up-to-date: /psd_ws/install/psd_vehicle/share/psd_vehicle/config
[0.079s] -- Up-to-date: /psd_ws/install/psd_vehicle/share/psd_vehicle/config/empty.yaml
[0.079s] -- Up-to-date: /psd_ws/install/psd_vehicle/share/psd_vehicle/description
[0.079s] -- Up-to-date: /psd_ws/install/psd_vehicle/share/psd_vehicle/description/camera.xacro
[0.079s] -- Up-to-date: /psd_ws/install/psd_vehicle/share/psd_vehicle/description/robot_core.xacro
[0.079s] -- Up-to-date: /psd_ws/install/psd_vehicle/share/psd_vehicle/description/inertial_macros.xacro
[0.079s] -- Up-to-date: /psd_ws/install/psd_vehicle/share/psd_vehicle/description/gazebo_control.xacro
[0.079s] -- Up-to-date: /psd_ws/install/psd_vehicle/share/psd_vehicle/description/robot.urdf.xacro
[0.079s] -- Up-to-date: /psd_ws/install/psd_vehicle/share/psd_vehicle/description/depth_camera.xacro
[0.079s] -- Up-to-date: /psd_ws/install/psd_vehicle/share/psd_vehicle/description/lidar.xacro
[0.080s] -- Up-to-date: /psd_ws/install/psd_vehicle/share/psd_vehicle/description/ackermann.urdf.xacro
[0.080s] -- Up-to-date: /psd_ws/install/psd_vehicle/share/psd_vehicle/description/ros2_control.xacro
[0.080s] -- Up-to-date: /psd_ws/install/psd_vehicle/share/psd_vehicle/launch
[0.080s] -- Up-to-date: /psd_ws/install/psd_vehicle/share/psd_vehicle/launch/online_async_launch.py
[0.080s] -- Up-to-date: /psd_ws/install/psd_vehicle/share/psd_vehicle/launch/localization_launch.py
[0.080s] -- Up-to-date: /psd_ws/install/psd_vehicle/share/psd_vehicle/launch/rsp.launch.py
[0.080s] -- Up-to-date: /psd_ws/install/psd_vehicle/share/psd_vehicle/launch/joystick.launch.py
[0.080s] -- Up-to-date: /psd_ws/install/psd_vehicle/share/psd_vehicle/launch/launch_robot.launch.py
[0.080s] -- Up-to-date: /psd_ws/install/psd_vehicle/share/psd_vehicle/launch/rplidar.launch.py
[0.080s] -- Up-to-date: /psd_ws/install/psd_vehicle/share/psd_vehicle/launch/navigation_launch.py
[0.080s] -- Up-to-date: /psd_ws/install/psd_vehicle/share/psd_vehicle/launch/camera.launch.py
[0.080s] -- Up-to-date: /psd_ws/install/psd_vehicle/share/psd_vehicle/launch/launch_sim.launch.py
[0.080s] -- Up-to-date: /psd_ws/install/psd_vehicle/share/psd_vehicle/worlds
[0.080s] -- Up-to-date: /psd_ws/install/psd_vehicle/share/psd_vehicle/worlds/track.world
[0.080s] -- Up-to-date: /psd_ws/install/psd_vehicle/share/psd_vehicle/worlds/empty.world
[0.080s] -- Up-to-date: /psd_ws/install/psd_vehicle/share/psd_vehicle/worlds/obstacles.world
[0.080s] -- Up-to-date: /psd_ws/install/psd_vehicle/share/ament_index/resource_index/package_run_dependencies/psd_vehicle
[0.080s] -- Up-to-date: /psd_ws/install/psd_vehicle/share/ament_index/resource_index/parent_prefix_path/psd_vehicle
[0.080s] -- Up-to-date: /psd_ws/install/psd_vehicle/share/psd_vehicle/environment/ament_prefix_path.sh
[0.080s] -- Up-to-date: /psd_ws/install/psd_vehicle/share/psd_vehicle/environment/ament_prefix_path.dsv
[0.080s] -- Up-to-date: /psd_ws/install/psd_vehicle/share/psd_vehicle/environment/path.sh
[0.080s] -- Up-to-date: /psd_ws/install/psd_vehicle/share/psd_vehicle/environment/path.dsv
[0.080s] -- Up-to-date: /psd_ws/install/psd_vehicle/share/psd_vehicle/local_setup.bash
[0.080s] -- Up-to-date: /psd_ws/install/psd_vehicle/share/psd_vehicle/local_setup.sh
[0.080s] -- Up-to-date: /psd_ws/install/psd_vehicle/share/psd_vehicle/local_setup.zsh
[0.080s] -- Up-to-date: /psd_ws/install/psd_vehicle/share/psd_vehicle/local_setup.dsv
[0.081s] -- Installing: /psd_ws/install/psd_vehicle/share/psd_vehicle/package.dsv
[0.081s] -- Up-to-date: /psd_ws/install/psd_vehicle/share/ament_index/resource_index/packages/psd_vehicle
[0.081s] -- Up-to-date: /psd_ws/install/psd_vehicle/share/psd_vehicle/cmake/psd_vehicleConfig.cmake
[0.081s] -- Up-to-date: /psd_ws/install/psd_vehicle/share/psd_vehicle/cmake/psd_vehicleConfig-version.cmake
[0.081s] -- Up-to-date: /psd_ws/install/psd_vehicle/share/psd_vehicle/package.xml
[0.083s] Invoked command in '/psd_ws/build/psd_vehicle' returned '0': CMAKE_PREFIX_PATH=/opt/ros/humble /usr/bin/cmake --install /psd_ws/build/psd_vehicle
