[0.022s] Invoking command in '/home/psd/psd_ws/build/controller_manager': CMAKE_PREFIX_PATH=/home/psd/psd_ws/install/hardware_interface_testing:/home/psd/psd_ws/install/controller_interface:/home/psd/psd_ws/install/hardware_interface:/home/psd/psd_ws/install/ros2_control_test_assets:/home/psd/psd_ws/install/realtime_tools:/home/psd/psd_ws/install/controller_manager_msgs:/home/psd/psd_ws/install/control_msgs:/home/psd/psd_ws/install/ros2_controllers:/home/psd/psd_ws/install/gazebo_ros2_control_demos:/home/psd/psd_ws/install/velocity_controllers:/home/psd/psd_ws/install/tricycle_steering_controller:/home/psd/psd_ws/install/tricycle_controller:/home/psd/psd_ws/install/ros2_control_demos:/home/psd/psd_ws/install/ros2_control_demo_example_8:/home/psd/psd_ws/install/ros2_control:/home/psd/psd_ws/install/transmission_interface:/home/psd/psd_ws/install/ros2_control_demo_example_11:/home/psd/psd_ws/install/bicycle_steering_controller:/home/psd/psd_ws/install/ackermann_steering_controller:/home/psd/psd_ws/install/steering_controllers_library:/home/psd/psd_ws/install/ros2_control_demo_example_9:/home/psd/psd_ws/install/ros2_control_demo_example_7:/home/psd/psd_ws/install/ros2_control_demo_example_6:/home/psd/psd_ws/install/ros2_control_demo_example_5:/home/psd/psd_ws/install/ros2_control_demo_example_4:/home/psd/psd_ws/install/ros2_control_demo_example_3:/home/psd/psd_ws/install/ros2_control_demo_example_2:/home/psd/psd_ws/install/ros2_control_demo_example_14:/home/psd/psd_ws/install/ros2_control_demo_example_10:/home/psd/psd_ws/install/ros2_control_demo_example_1:/home/psd/psd_ws/install/gazebo_ros2_control:/home/psd/psd_ws/install/controller_manager:/home/psd/psd_ws/install/ros2_control_demo_description:/home/psd/psd_ws/install/range_sensor_broadcaster:/home/psd/psd_ws/install/position_controllers:/home/psd/psd_ws/install/admittance_controller:/home/psd/psd_ws/install/joint_trajectory_controller:/home/psd/psd_ws/install/joint_state_broadcaster:/home/psd/psd_ws/install/imu_sensor_broadcaster:/home/psd/psd_ws/install/gripper_controllers:/home/psd/psd_ws/install/effort_controllers:/home/psd/psd_ws/install/forward_command_controller:/home/psd/psd_ws/install/force_torque_sensor_broadcaster:/home/psd/psd_ws/install/diff_drive_controller:/home/psd/psd_ws/install/joint_limits:/home/psd/psd_ws/install/psd_vehicle_bringup:/home/psd/psd_ws/install/psd_vehicle_controller:/home/psd/psd_ws/install/psd_vehicle_description:/home/psd/psd_ws/install/ros_components_description:/home/psd/psd_ws/install/psd_vehicle_interfaces:/home/psd/psd_ws/install/psd_vehicle_hardware_interfaces:/home/psd/psd_ws/install/psd_vehicle_gazebo:/home/psd/psd_ws/install/psd_gazebo_worlds:/home/psd/psd_ws/install/ign_ros2_control_demos:/home/psd/psd_ws/install/ign_ros2_control:/home/psd/psd_ws/install/core:/home/psd/psd_ws/install/rqt_joint_trajectory_controller:/home/psd/psd_ws/install/rqt_controller_manager:/home/psd/psd_ws/install/ros2controlcli:/home/psd/psd_ws/install/ros2_controllers_test_nodes:/opt/ros/humble LD_LIBRARY_PATH=/home/psd/psd_ws/install/hardware_interface_testing/lib:/home/psd/psd_ws/install/controller_interface/lib:/home/psd/psd_ws/install/hardware_interface/lib:/home/psd/psd_ws/install/realtime_tools/lib:/home/psd/psd_ws/install/controller_manager_msgs/lib:/home/psd/psd_ws/install/control_msgs/lib:/home/psd/psd_ws/install/velocity_controllers/lib:/home/psd/psd_ws/install/tricycle_steering_controller/lib:/home/psd/psd_ws/install/tricycle_controller/lib:/home/psd/psd_ws/install/ros2_control_demo_example_8/lib:/home/psd/psd_ws/install/transmission_interface/lib:/home/psd/psd_ws/install/ros2_control_demo_example_11/lib:/home/psd/psd_ws/install/bicycle_steering_controller/lib:/home/psd/psd_ws/install/ackermann_steering_controller/lib:/home/psd/psd_ws/install/steering_controllers_library/lib:/home/psd/psd_ws/install/ros2_control_demo_example_9/lib:/home/psd/psd_ws/install/ros2_control_demo_example_7/lib:/home/psd/psd_ws/install/ros2_control_demo_example_6/lib:/home/psd/psd_ws/install/ros2_control_demo_example_5/lib:/home/psd/psd_ws/install/ros2_control_demo_example_4/lib:/home/psd/psd_ws/install/ros2_control_demo_example_3/lib:/home/psd/psd_ws/install/ros2_control_demo_example_2/lib:/home/psd/psd_ws/install/ros2_control_demo_example_14/lib:/home/psd/psd_ws/install/ros2_control_demo_example_10/lib:/home/psd/psd_ws/install/ros2_control_demo_example_1/lib:/home/psd/psd_ws/install/gazebo_ros2_control/lib:/home/psd/psd_ws/install/controller_manager/lib:/home/psd/psd_ws/install/range_sensor_broadcaster/lib:/home/psd/psd_ws/install/position_controllers/lib:/home/psd/psd_ws/install/admittance_controller/lib:/home/psd/psd_ws/install/joint_trajectory_controller/lib:/home/psd/psd_ws/install/joint_state_broadcaster/lib:/home/psd/psd_ws/install/imu_sensor_broadcaster/lib:/home/psd/psd_ws/install/gripper_controllers/lib:/home/psd/psd_ws/install/effort_controllers/lib:/home/psd/psd_ws/install/forward_command_controller/lib:/home/psd/psd_ws/install/force_torque_sensor_broadcaster/lib:/home/psd/psd_ws/install/diff_drive_controller/lib:/home/psd/psd_ws/install/psd_vehicle_interfaces/lib:/home/psd/psd_ws/install/psd_vehicle_hardware_interfaces/lib:/home/psd/psd_ws/install/ign_ros2_control/lib:/opt/ros/humble/opt/rviz_ogre_vendor/lib:/opt/ros/humble/lib/x86_64-linux-gnu:/opt/ros/humble/lib /usr/bin/cmake /home/psd/psd_ws/src/examples/ros2_control/controller_manager -DCMAKE_INSTALL_PREFIX=/home/psd/psd_ws/install/controller_manager
[0.063s] -- The C compiler identification is GNU 11.4.0
[0.098s] -- The CXX compiler identification is GNU 11.4.0
[0.102s] -- Detecting C compiler ABI info
[0.150s] -- Detecting C compiler ABI info - done
[0.154s] -- Check for working C compiler: /usr/bin/cc - skipped
[0.154s] -- Detecting C compile features
[0.155s] -- Detecting C compile features - done
[0.156s] -- Detecting CXX compiler ABI info
[0.208s] -- Detecting CXX compiler ABI info - done
[0.212s] -- Check for working CXX compiler: /usr/bin/c++ - skipped
[0.212s] -- Detecting CXX compile features
[0.212s] -- Detecting CXX compile features - done
[0.215s] -- Found ament_cmake: 1.3.8 (/opt/ros/humble/share/ament_cmake/cmake)
[0.309s] -- Found Python3: /usr/bin/python3 (found version "3.10.12") found components: Interpreter 
[0.376s] -- Found backward_ros: 1.0.2 (/opt/ros/humble/share/backward_ros/cmake)
[0.383s] -- Found libdw: /usr/lib/x86_64-linux-gnu/libdw.so  
[0.387s] -- Could NOT find libbfd (missing: LIBBFD_LIBRARY LIBBFD_INCLUDE_DIR) 
[0.387s] -- BACKWARD_HAS_UNWIND=1
[0.387s] -- BACKWARD_HAS_BACKTRACE=0
[0.387s] -- BACKWARD_HAS_BACKTRACE_SYMBOL=0
[0.387s] -- BACKWARD_HAS_DW=1
[0.387s] -- BACKWARD_HAS_BFD=0
[0.387s] -- Found Backward: /opt/ros/humble/share/backward_ros/cmake  
[0.389s] -- Found ament_index_cpp: 1.4.0 (/opt/ros/humble/share/ament_index_cpp/cmake)
[0.390s] -- Found controller_interface: 2.40.0 (/home/psd/psd_ws/install/controller_interface/share/controller_interface/cmake)
[0.422s] -- Found rosidl_generator_c: 3.1.5 (/opt/ros/humble/share/rosidl_generator_c/cmake)
[0.427s] -- Found rosidl_adapter: 3.1.5 (/opt/ros/humble/share/rosidl_adapter/cmake)
[0.435s] -- Found rosidl_generator_cpp: 3.1.5 (/opt/ros/humble/share/rosidl_generator_cpp/cmake)
[0.446s] -- Using all available rosidl_typesupport_c: rosidl_typesupport_fastrtps_c;rosidl_typesupport_introspection_c
[0.462s] -- Using all available rosidl_typesupport_cpp: rosidl_typesupport_fastrtps_cpp;rosidl_typesupport_introspection_cpp
[0.886s] -- Found rmw_implementation_cmake: 6.1.1 (/opt/ros/humble/share/rmw_implementation_cmake/cmake)
[0.890s] -- Found rmw_fastrtps_cpp: 6.2.6 (/opt/ros/humble/share/rmw_fastrtps_cpp/cmake)
[0.919s] -- Found TinyXML2 via Config file: TinyXML2_DIR-NOTFOUND
[0.962s] -- Found OpenSSL: /usr/lib/x86_64-linux-gnu/libcrypto.so (found version "3.0.2")  
[0.964s] -- Found TinyXML2 via Config file: TinyXML2_DIR-NOTFOUND
[0.971s] -- Found FastRTPS: /opt/ros/humble/include  
[0.977s] -- Found TinyXML2 via Config file: TinyXML2_DIR-NOTFOUND
[0.982s] -- Found TinyXML2 via Config file: TinyXML2_DIR-NOTFOUND
[0.990s] -- Using RMW implementation 'rmw_fastrtps_cpp' as default
[0.999s] -- Looking for pthread.h
[1.062s] -- Looking for pthread.h - found
[1.062s] -- Performing Test CMAKE_HAVE_LIBC_PTHREAD
[1.125s] -- Performing Test CMAKE_HAVE_LIBC_PTHREAD - Success
[1.126s] -- Found Threads: TRUE  
[1.279s] -- Found controller_manager_msgs: 2.40.0 (/home/psd/psd_ws/install/controller_manager_msgs/share/controller_manager_msgs/cmake)
[1.307s] -- Found realtime_tools: 2.5.0 (/home/psd/psd_ws/install/realtime_tools/share/realtime_tools/cmake)
[1.622s] -- Found ament_cmake_gmock: 1.3.8 (/opt/ros/humble/share/ament_cmake_gmock/cmake)
[1.623s] -- Found ros2_control_test_assets: 2.40.0 (/home/psd/psd_ws/install/ros2_control_test_assets/share/ros2_control_test_assets/cmake)
[1.627s] -- Found gmock sources under '/opt/ros/humble/src/gmock_vendor': C++ tests using 'Google Mock' will be built
[1.632s] -- Found ament_cmake_gtest: 1.3.8 (/opt/ros/humble/share/ament_cmake_gtest/cmake)
[1.632s] -- Found gtest sources under '/opt/ros/humble/src/gtest_vendor': C++ tests using 'Google Test' will be built
[1.742s] -- Configuring done
[1.898s] -- Generating done
[1.900s] -- Build files have been written to: /home/psd/psd_ws/build/controller_manager
[1.908s] Invoked command in '/home/psd/psd_ws/build/controller_manager' returned '0': CMAKE_PREFIX_PATH=/home/psd/psd_ws/install/hardware_interface_testing:/home/psd/psd_ws/install/controller_interface:/home/psd/psd_ws/install/hardware_interface:/home/psd/psd_ws/install/ros2_control_test_assets:/home/psd/psd_ws/install/realtime_tools:/home/psd/psd_ws/install/controller_manager_msgs:/home/psd/psd_ws/install/control_msgs:/home/psd/psd_ws/install/ros2_controllers:/home/psd/psd_ws/install/gazebo_ros2_control_demos:/home/psd/psd_ws/install/velocity_controllers:/home/psd/psd_ws/install/tricycle_steering_controller:/home/psd/psd_ws/install/tricycle_controller:/home/psd/psd_ws/install/ros2_control_demos:/home/psd/psd_ws/install/ros2_control_demo_example_8:/home/psd/psd_ws/install/ros2_control:/home/psd/psd_ws/install/transmission_interface:/home/psd/psd_ws/install/ros2_control_demo_example_11:/home/psd/psd_ws/install/bicycle_steering_controller:/home/psd/psd_ws/install/ackermann_steering_controller:/home/psd/psd_ws/install/steering_controllers_library:/home/psd/psd_ws/install/ros2_control_demo_example_9:/home/psd/psd_ws/install/ros2_control_demo_example_7:/home/psd/psd_ws/install/ros2_control_demo_example_6:/home/psd/psd_ws/install/ros2_control_demo_example_5:/home/psd/psd_ws/install/ros2_control_demo_example_4:/home/psd/psd_ws/install/ros2_control_demo_example_3:/home/psd/psd_ws/install/ros2_control_demo_example_2:/home/psd/psd_ws/install/ros2_control_demo_example_14:/home/psd/psd_ws/install/ros2_control_demo_example_10:/home/psd/psd_ws/install/ros2_control_demo_example_1:/home/psd/psd_ws/install/gazebo_ros2_control:/home/psd/psd_ws/install/controller_manager:/home/psd/psd_ws/install/ros2_control_demo_description:/home/psd/psd_ws/install/range_sensor_broadcaster:/home/psd/psd_ws/install/position_controllers:/home/psd/psd_ws/install/admittance_controller:/home/psd/psd_ws/install/joint_trajectory_controller:/home/psd/psd_ws/install/joint_state_broadcaster:/home/psd/psd_ws/install/imu_sensor_broadcaster:/home/psd/psd_ws/install/gripper_controllers:/home/psd/psd_ws/install/effort_controllers:/home/psd/psd_ws/install/forward_command_controller:/home/psd/psd_ws/install/force_torque_sensor_broadcaster:/home/psd/psd_ws/install/diff_drive_controller:/home/psd/psd_ws/install/joint_limits:/home/psd/psd_ws/install/psd_vehicle_bringup:/home/psd/psd_ws/install/psd_vehicle_controller:/home/psd/psd_ws/install/psd_vehicle_description:/home/psd/psd_ws/install/ros_components_description:/home/psd/psd_ws/install/psd_vehicle_interfaces:/home/psd/psd_ws/install/psd_vehicle_hardware_interfaces:/home/psd/psd_ws/install/psd_vehicle_gazebo:/home/psd/psd_ws/install/psd_gazebo_worlds:/home/psd/psd_ws/install/ign_ros2_control_demos:/home/psd/psd_ws/install/ign_ros2_control:/home/psd/psd_ws/install/core:/home/psd/psd_ws/install/rqt_joint_trajectory_controller:/home/psd/psd_ws/install/rqt_controller_manager:/home/psd/psd_ws/install/ros2controlcli:/home/psd/psd_ws/install/ros2_controllers_test_nodes:/opt/ros/humble LD_LIBRARY_PATH=/home/psd/psd_ws/install/hardware_interface_testing/lib:/home/psd/psd_ws/install/controller_interface/lib:/home/psd/psd_ws/install/hardware_interface/lib:/home/psd/psd_ws/install/realtime_tools/lib:/home/psd/psd_ws/install/controller_manager_msgs/lib:/home/psd/psd_ws/install/control_msgs/lib:/home/psd/psd_ws/install/velocity_controllers/lib:/home/psd/psd_ws/install/tricycle_steering_controller/lib:/home/psd/psd_ws/install/tricycle_controller/lib:/home/psd/psd_ws/install/ros2_control_demo_example_8/lib:/home/psd/psd_ws/install/transmission_interface/lib:/home/psd/psd_ws/install/ros2_control_demo_example_11/lib:/home/psd/psd_ws/install/bicycle_steering_controller/lib:/home/psd/psd_ws/install/ackermann_steering_controller/lib:/home/psd/psd_ws/install/steering_controllers_library/lib:/home/psd/psd_ws/install/ros2_control_demo_example_9/lib:/home/psd/psd_ws/install/ros2_control_demo_example_7/lib:/home/psd/psd_ws/install/ros2_control_demo_example_6/lib:/home/psd/psd_ws/install/ros2_control_demo_example_5/lib:/home/psd/psd_ws/install/ros2_control_demo_example_4/lib:/home/psd/psd_ws/install/ros2_control_demo_example_3/lib:/home/psd/psd_ws/install/ros2_control_demo_example_2/lib:/home/psd/psd_ws/install/ros2_control_demo_example_14/lib:/home/psd/psd_ws/install/ros2_control_demo_example_10/lib:/home/psd/psd_ws/install/ros2_control_demo_example_1/lib:/home/psd/psd_ws/install/gazebo_ros2_control/lib:/home/psd/psd_ws/install/controller_manager/lib:/home/psd/psd_ws/install/range_sensor_broadcaster/lib:/home/psd/psd_ws/install/position_controllers/lib:/home/psd/psd_ws/install/admittance_controller/lib:/home/psd/psd_ws/install/joint_trajectory_controller/lib:/home/psd/psd_ws/install/joint_state_broadcaster/lib:/home/psd/psd_ws/install/imu_sensor_broadcaster/lib:/home/psd/psd_ws/install/gripper_controllers/lib:/home/psd/psd_ws/install/effort_controllers/lib:/home/psd/psd_ws/install/forward_command_controller/lib:/home/psd/psd_ws/install/force_torque_sensor_broadcaster/lib:/home/psd/psd_ws/install/diff_drive_controller/lib:/home/psd/psd_ws/install/psd_vehicle_interfaces/lib:/home/psd/psd_ws/install/psd_vehicle_hardware_interfaces/lib:/home/psd/psd_ws/install/ign_ros2_control/lib:/opt/ros/humble/opt/rviz_ogre_vendor/lib:/opt/ros/humble/lib/x86_64-linux-gnu:/opt/ros/humble/lib /usr/bin/cmake /home/psd/psd_ws/src/examples/ros2_control/controller_manager -DCMAKE_INSTALL_PREFIX=/home/psd/psd_ws/install/controller_manager
[1.909s] Invoking command in '/home/psd/psd_ws/build/controller_manager': CMAKE_PREFIX_PATH=/home/psd/psd_ws/install/hardware_interface_testing:/home/psd/psd_ws/install/controller_interface:/home/psd/psd_ws/install/hardware_interface:/home/psd/psd_ws/install/ros2_control_test_assets:/home/psd/psd_ws/install/realtime_tools:/home/psd/psd_ws/install/controller_manager_msgs:/home/psd/psd_ws/install/control_msgs:/home/psd/psd_ws/install/ros2_controllers:/home/psd/psd_ws/install/gazebo_ros2_control_demos:/home/psd/psd_ws/install/velocity_controllers:/home/psd/psd_ws/install/tricycle_steering_controller:/home/psd/psd_ws/install/tricycle_controller:/home/psd/psd_ws/install/ros2_control_demos:/home/psd/psd_ws/install/ros2_control_demo_example_8:/home/psd/psd_ws/install/ros2_control:/home/psd/psd_ws/install/transmission_interface:/home/psd/psd_ws/install/ros2_control_demo_example_11:/home/psd/psd_ws/install/bicycle_steering_controller:/home/psd/psd_ws/install/ackermann_steering_controller:/home/psd/psd_ws/install/steering_controllers_library:/home/psd/psd_ws/install/ros2_control_demo_example_9:/home/psd/psd_ws/install/ros2_control_demo_example_7:/home/psd/psd_ws/install/ros2_control_demo_example_6:/home/psd/psd_ws/install/ros2_control_demo_example_5:/home/psd/psd_ws/install/ros2_control_demo_example_4:/home/psd/psd_ws/install/ros2_control_demo_example_3:/home/psd/psd_ws/install/ros2_control_demo_example_2:/home/psd/psd_ws/install/ros2_control_demo_example_14:/home/psd/psd_ws/install/ros2_control_demo_example_10:/home/psd/psd_ws/install/ros2_control_demo_example_1:/home/psd/psd_ws/install/gazebo_ros2_control:/home/psd/psd_ws/install/controller_manager:/home/psd/psd_ws/install/ros2_control_demo_description:/home/psd/psd_ws/install/range_sensor_broadcaster:/home/psd/psd_ws/install/position_controllers:/home/psd/psd_ws/install/admittance_controller:/home/psd/psd_ws/install/joint_trajectory_controller:/home/psd/psd_ws/install/joint_state_broadcaster:/home/psd/psd_ws/install/imu_sensor_broadcaster:/home/psd/psd_ws/install/gripper_controllers:/home/psd/psd_ws/install/effort_controllers:/home/psd/psd_ws/install/forward_command_controller:/home/psd/psd_ws/install/force_torque_sensor_broadcaster:/home/psd/psd_ws/install/diff_drive_controller:/home/psd/psd_ws/install/joint_limits:/home/psd/psd_ws/install/psd_vehicle_bringup:/home/psd/psd_ws/install/psd_vehicle_controller:/home/psd/psd_ws/install/psd_vehicle_description:/home/psd/psd_ws/install/ros_components_description:/home/psd/psd_ws/install/psd_vehicle_interfaces:/home/psd/psd_ws/install/psd_vehicle_hardware_interfaces:/home/psd/psd_ws/install/psd_vehicle_gazebo:/home/psd/psd_ws/install/psd_gazebo_worlds:/home/psd/psd_ws/install/ign_ros2_control_demos:/home/psd/psd_ws/install/ign_ros2_control:/home/psd/psd_ws/install/core:/home/psd/psd_ws/install/rqt_joint_trajectory_controller:/home/psd/psd_ws/install/rqt_controller_manager:/home/psd/psd_ws/install/ros2controlcli:/home/psd/psd_ws/install/ros2_controllers_test_nodes:/opt/ros/humble LD_LIBRARY_PATH=/home/psd/psd_ws/install/hardware_interface_testing/lib:/home/psd/psd_ws/install/controller_interface/lib:/home/psd/psd_ws/install/hardware_interface/lib:/home/psd/psd_ws/install/realtime_tools/lib:/home/psd/psd_ws/install/controller_manager_msgs/lib:/home/psd/psd_ws/install/control_msgs/lib:/home/psd/psd_ws/install/velocity_controllers/lib:/home/psd/psd_ws/install/tricycle_steering_controller/lib:/home/psd/psd_ws/install/tricycle_controller/lib:/home/psd/psd_ws/install/ros2_control_demo_example_8/lib:/home/psd/psd_ws/install/transmission_interface/lib:/home/psd/psd_ws/install/ros2_control_demo_example_11/lib:/home/psd/psd_ws/install/bicycle_steering_controller/lib:/home/psd/psd_ws/install/ackermann_steering_controller/lib:/home/psd/psd_ws/install/steering_controllers_library/lib:/home/psd/psd_ws/install/ros2_control_demo_example_9/lib:/home/psd/psd_ws/install/ros2_control_demo_example_7/lib:/home/psd/psd_ws/install/ros2_control_demo_example_6/lib:/home/psd/psd_ws/install/ros2_control_demo_example_5/lib:/home/psd/psd_ws/install/ros2_control_demo_example_4/lib:/home/psd/psd_ws/install/ros2_control_demo_example_3/lib:/home/psd/psd_ws/install/ros2_control_demo_example_2/lib:/home/psd/psd_ws/install/ros2_control_demo_example_14/lib:/home/psd/psd_ws/install/ros2_control_demo_example_10/lib:/home/psd/psd_ws/install/ros2_control_demo_example_1/lib:/home/psd/psd_ws/install/gazebo_ros2_control/lib:/home/psd/psd_ws/install/controller_manager/lib:/home/psd/psd_ws/install/range_sensor_broadcaster/lib:/home/psd/psd_ws/install/position_controllers/lib:/home/psd/psd_ws/install/admittance_controller/lib:/home/psd/psd_ws/install/joint_trajectory_controller/lib:/home/psd/psd_ws/install/joint_state_broadcaster/lib:/home/psd/psd_ws/install/imu_sensor_broadcaster/lib:/home/psd/psd_ws/install/gripper_controllers/lib:/home/psd/psd_ws/install/effort_controllers/lib:/home/psd/psd_ws/install/forward_command_controller/lib:/home/psd/psd_ws/install/force_torque_sensor_broadcaster/lib:/home/psd/psd_ws/install/diff_drive_controller/lib:/home/psd/psd_ws/install/psd_vehicle_interfaces/lib:/home/psd/psd_ws/install/psd_vehicle_hardware_interfaces/lib:/home/psd/psd_ws/install/ign_ros2_control/lib:/opt/ros/humble/opt/rviz_ogre_vendor/lib:/opt/ros/humble/lib/x86_64-linux-gnu:/opt/ros/humble/lib /usr/bin/cmake --build /home/psd/psd_ws/build/controller_manager -- -j20 -l20
[1.950s] [  2%] [32mBuilding CXX object gmock/CMakeFiles/gmock.dir/src/gmock-all.cc.o[0m
[1.950s] [  5%] [32mBuilding CXX object gmock/CMakeFiles/gmock_main.dir/src/gmock_main.cc.o[0m
[1.951s] [ 11%] [32mBuilding CXX object CMakeFiles/controller_manager.dir/src/controller_manager.cpp.o[0m
[1.951s] [ 11%] [32mBuilding CXX object gmock/CMakeFiles/gmock.dir/opt/ros/humble/src/gtest_vendor/src/gtest-all.cc.o[0m
[1.957s] [ 11%] Built target ament_cmake_python_copy_controller_manager_setup
[1.957s] [ 11%] Built target ament_cmake_python_copy_controller_manager
[2.105s] running install_scripts
[2.106s] running egg_info
[2.107s] creating controller_manager.egg-info
[2.107s] /usr/lib/python3/dist-packages/setuptools/command/install.py:34: SetuptoolsDeprecationWarning: setup.py install is deprecated. Use build and pip and other standards-based tools.
[2.107s]   warnings.warn(
[2.107s] writing controller_manager.egg-info/PKG-INFO
[2.107s] writing dependency_links to controller_manager.egg-info/dependency_links.txt
[2.107s] writing entry points to controller_manager.egg-info/entry_points.txt
[2.107s] writing top-level names to controller_manager.egg-info/top_level.txt
[2.107s] writing manifest file 'controller_manager.egg-info/SOURCES.txt'
[2.108s] reading manifest file 'controller_manager.egg-info/SOURCES.txt'
[2.108s] writing manifest file 'controller_manager.egg-info/SOURCES.txt'
[2.124s] running egg_info
[2.124s] writing controller_manager.egg-info/PKG-INFO
[2.125s] writing dependency_links to controller_manager.egg-info/dependency_links.txt
[2.125s] writing entry points to controller_manager.egg-info/entry_points.txt
[2.125s] writing top-level names to controller_manager.egg-info/top_level.txt
[2.126s] reading manifest file 'controller_manager.egg-info/SOURCES.txt'
[2.126s] writing manifest file 'controller_manager.egg-info/SOURCES.txt'
[2.127s] Installing hardware_spawner script to scripts
[2.127s] Installing spawner script to scripts
[2.127s] Installing unspawner script to scripts
[2.130s] [ 11%] Built target ament_cmake_python_build_controller_manager_egg
[2.151s] [ 11%] Built target ament_cmake_python_build_controller_manager_scripts
[2.665s] [ 14%] [32m[1mLinking CXX static library libgmock_main.a[0m
[2.692s] [ 14%] Built target gmock_main
[3.857s] [ 17%] [32m[1mLinking CXX static library libgmock.a[0m
[3.898s] [ 17%] Built target gmock
[12.697s] [ 20%] [32m[1mLinking CXX shared library libcontroller_manager.so[0m
[13.456s] [ 20%] Built target controller_manager
[13.475s] [ 28%] [32mBuilding CXX object CMakeFiles/ros2_control_node.dir/src/ros2_control_node.cpp.o[0m
[13.475s] [ 28%] [32mBuilding CXX object CMakeFiles/test_controller.dir/test/test_controller/test_controller.cpp.o[0m
[13.475s] [ 28%] [32mBuilding CXX object CMakeFiles/test_chainable_controller.dir/test/test_chainable_controller/test_chainable_controller.cpp.o[0m
[13.475s] [ 31%] [32mBuilding CXX object CMakeFiles/test_controller_failed_init.dir/test/test_controller_failed_init/test_controller_failed_init.cpp.o[0m
[13.476s] [ 34%] [32mBuilding CXX object CMakeFiles/test_controller_with_interfaces.dir/test/test_controller_with_interfaces/test_controller_with_interfaces.cpp.o[0m
[13.477s] [ 37%] [32mBuilding CXX object CMakeFiles/test_controller_manager_urdf_passing.dir/test/test_controller_manager_urdf_passing.cpp.o[0m
[15.535s] [ 40%] [32m[1mLinking CXX shared library libtest_controller.so[0m
[15.643s] [ 40%] Built target test_controller
[15.662s] [ 42%] [32mBuilding CXX object CMakeFiles/test_controller_manager.dir/test/test_controller_manager.cpp.o[0m
[15.671s] [ 51%] [32mBuilding CXX object CMakeFiles/test_spawner_unspawner.dir/test/test_spawner_unspawner.cpp.o[0m
[15.671s] [ 51%] [32mBuilding CXX object CMakeFiles/test_controller_manager_with_namespace.cpp.dir/test/test_controller_manager_with_namespace.cpp.o[0m
[15.671s] [ 51%] [32mBuilding CXX object CMakeFiles/test_hardware_management_srvs.dir/test/test_hardware_management_srvs.cpp.o[0m
[16.156s] [ 54%] [32m[1mLinking CXX shared library libtest_controller_failed_init.so[0m
[16.164s] [ 57%] [32m[1mLinking CXX shared library libtest_controller_with_interfaces.so[0m
[16.279s] [ 57%] Built target test_controller_failed_init
[16.287s] [ 60%] [32m[1mLinking CXX executable ros2_control_node[0m
[16.290s] [ 60%] Built target test_controller_with_interfaces
[16.298s] [ 62%] [32mBuilding CXX object CMakeFiles/test_load_controller.dir/test/test_load_controller.cpp.o[0m
[16.318s] [ 65%] [32mBuilding CXX object CMakeFiles/test_release_interfaces.dir/test/test_release_interfaces.cpp.o[0m
[16.817s] [ 65%] Built target ros2_control_node
[17.663s] [ 68%] [32m[1mLinking CXX executable test_controller_manager_urdf_passing[0m
[18.419s] [ 68%] Built target test_controller_manager_urdf_passing
[19.311s] [ 71%] [32m[1mLinking CXX shared library libtest_chainable_controller.so[0m
[19.716s] [ 71%] Built target test_chainable_controller
[19.735s] [ 74%] [32mBuilding CXX object CMakeFiles/test_controllers_chaining_with_controller_manager.dir/test/test_controllers_chaining_with_controller_manager.cpp.o[0m
[19.742s] [ 77%] [32mBuilding CXX object CMakeFiles/test_controller_manager_srvs.dir/test/test_controller_manager_srvs.cpp.o[0m
[20.643s] [ 80%] [32m[1mLinking CXX executable test_spawner_unspawner[0m
[20.869s] [ 82%] [32m[1mLinking CXX executable test_controller_manager[0m
[21.073s] [ 85%] [32m[1mLinking CXX executable test_controller_manager_with_namespace.cpp[0m
[21.330s] [ 88%] [32m[1mLinking CXX executable test_hardware_management_srvs[0m
[21.565s] [ 91%] [32m[1mLinking CXX executable test_load_controller[0m
[21.906s] [ 91%] Built target test_spawner_unspawner
[22.684s] [ 91%] Built target test_controller_manager
[22.802s] [ 94%] [32m[1mLinking CXX executable test_release_interfaces[0m
[22.811s] [ 94%] Built target test_controller_manager_with_namespace.cpp
[23.015s] [ 94%] Built target test_hardware_management_srvs
[23.084s] [ 94%] Built target test_load_controller
[23.393s] [ 94%] Built target test_release_interfaces
[25.032s] [ 97%] [32m[1mLinking CXX executable test_controllers_chaining_with_controller_manager[0m
[25.618s] [ 97%] Built target test_controllers_chaining_with_controller_manager
[27.584s] [100%] [32m[1mLinking CXX executable test_controller_manager_srvs[0m
[28.264s] [100%] Built target test_controller_manager_srvs
[28.272s] Invoked command in '/home/psd/psd_ws/build/controller_manager' returned '0': CMAKE_PREFIX_PATH=/home/psd/psd_ws/install/hardware_interface_testing:/home/psd/psd_ws/install/controller_interface:/home/psd/psd_ws/install/hardware_interface:/home/psd/psd_ws/install/ros2_control_test_assets:/home/psd/psd_ws/install/realtime_tools:/home/psd/psd_ws/install/controller_manager_msgs:/home/psd/psd_ws/install/control_msgs:/home/psd/psd_ws/install/ros2_controllers:/home/psd/psd_ws/install/gazebo_ros2_control_demos:/home/psd/psd_ws/install/velocity_controllers:/home/psd/psd_ws/install/tricycle_steering_controller:/home/psd/psd_ws/install/tricycle_controller:/home/psd/psd_ws/install/ros2_control_demos:/home/psd/psd_ws/install/ros2_control_demo_example_8:/home/psd/psd_ws/install/ros2_control:/home/psd/psd_ws/install/transmission_interface:/home/psd/psd_ws/install/ros2_control_demo_example_11:/home/psd/psd_ws/install/bicycle_steering_controller:/home/psd/psd_ws/install/ackermann_steering_controller:/home/psd/psd_ws/install/steering_controllers_library:/home/psd/psd_ws/install/ros2_control_demo_example_9:/home/psd/psd_ws/install/ros2_control_demo_example_7:/home/psd/psd_ws/install/ros2_control_demo_example_6:/home/psd/psd_ws/install/ros2_control_demo_example_5:/home/psd/psd_ws/install/ros2_control_demo_example_4:/home/psd/psd_ws/install/ros2_control_demo_example_3:/home/psd/psd_ws/install/ros2_control_demo_example_2:/home/psd/psd_ws/install/ros2_control_demo_example_14:/home/psd/psd_ws/install/ros2_control_demo_example_10:/home/psd/psd_ws/install/ros2_control_demo_example_1:/home/psd/psd_ws/install/gazebo_ros2_control:/home/psd/psd_ws/install/controller_manager:/home/psd/psd_ws/install/ros2_control_demo_description:/home/psd/psd_ws/install/range_sensor_broadcaster:/home/psd/psd_ws/install/position_controllers:/home/psd/psd_ws/install/admittance_controller:/home/psd/psd_ws/install/joint_trajectory_controller:/home/psd/psd_ws/install/joint_state_broadcaster:/home/psd/psd_ws/install/imu_sensor_broadcaster:/home/psd/psd_ws/install/gripper_controllers:/home/psd/psd_ws/install/effort_controllers:/home/psd/psd_ws/install/forward_command_controller:/home/psd/psd_ws/install/force_torque_sensor_broadcaster:/home/psd/psd_ws/install/diff_drive_controller:/home/psd/psd_ws/install/joint_limits:/home/psd/psd_ws/install/psd_vehicle_bringup:/home/psd/psd_ws/install/psd_vehicle_controller:/home/psd/psd_ws/install/psd_vehicle_description:/home/psd/psd_ws/install/ros_components_description:/home/psd/psd_ws/install/psd_vehicle_interfaces:/home/psd/psd_ws/install/psd_vehicle_hardware_interfaces:/home/psd/psd_ws/install/psd_vehicle_gazebo:/home/psd/psd_ws/install/psd_gazebo_worlds:/home/psd/psd_ws/install/ign_ros2_control_demos:/home/psd/psd_ws/install/ign_ros2_control:/home/psd/psd_ws/install/core:/home/psd/psd_ws/install/rqt_joint_trajectory_controller:/home/psd/psd_ws/install/rqt_controller_manager:/home/psd/psd_ws/install/ros2controlcli:/home/psd/psd_ws/install/ros2_controllers_test_nodes:/opt/ros/humble LD_LIBRARY_PATH=/home/psd/psd_ws/install/hardware_interface_testing/lib:/home/psd/psd_ws/install/controller_interface/lib:/home/psd/psd_ws/install/hardware_interface/lib:/home/psd/psd_ws/install/realtime_tools/lib:/home/psd/psd_ws/install/controller_manager_msgs/lib:/home/psd/psd_ws/install/control_msgs/lib:/home/psd/psd_ws/install/velocity_controllers/lib:/home/psd/psd_ws/install/tricycle_steering_controller/lib:/home/psd/psd_ws/install/tricycle_controller/lib:/home/psd/psd_ws/install/ros2_control_demo_example_8/lib:/home/psd/psd_ws/install/transmission_interface/lib:/home/psd/psd_ws/install/ros2_control_demo_example_11/lib:/home/psd/psd_ws/install/bicycle_steering_controller/lib:/home/psd/psd_ws/install/ackermann_steering_controller/lib:/home/psd/psd_ws/install/steering_controllers_library/lib:/home/psd/psd_ws/install/ros2_control_demo_example_9/lib:/home/psd/psd_ws/install/ros2_control_demo_example_7/lib:/home/psd/psd_ws/install/ros2_control_demo_example_6/lib:/home/psd/psd_ws/install/ros2_control_demo_example_5/lib:/home/psd/psd_ws/install/ros2_control_demo_example_4/lib:/home/psd/psd_ws/install/ros2_control_demo_example_3/lib:/home/psd/psd_ws/install/ros2_control_demo_example_2/lib:/home/psd/psd_ws/install/ros2_control_demo_example_14/lib:/home/psd/psd_ws/install/ros2_control_demo_example_10/lib:/home/psd/psd_ws/install/ros2_control_demo_example_1/lib:/home/psd/psd_ws/install/gazebo_ros2_control/lib:/home/psd/psd_ws/install/controller_manager/lib:/home/psd/psd_ws/install/range_sensor_broadcaster/lib:/home/psd/psd_ws/install/position_controllers/lib:/home/psd/psd_ws/install/admittance_controller/lib:/home/psd/psd_ws/install/joint_trajectory_controller/lib:/home/psd/psd_ws/install/joint_state_broadcaster/lib:/home/psd/psd_ws/install/imu_sensor_broadcaster/lib:/home/psd/psd_ws/install/gripper_controllers/lib:/home/psd/psd_ws/install/effort_controllers/lib:/home/psd/psd_ws/install/forward_command_controller/lib:/home/psd/psd_ws/install/force_torque_sensor_broadcaster/lib:/home/psd/psd_ws/install/diff_drive_controller/lib:/home/psd/psd_ws/install/psd_vehicle_interfaces/lib:/home/psd/psd_ws/install/psd_vehicle_hardware_interfaces/lib:/home/psd/psd_ws/install/ign_ros2_control/lib:/opt/ros/humble/opt/rviz_ogre_vendor/lib:/opt/ros/humble/lib/x86_64-linux-gnu:/opt/ros/humble/lib /usr/bin/cmake --build /home/psd/psd_ws/build/controller_manager -- -j20 -l20
[28.390s] Invoking command in '/home/psd/psd_ws/build/controller_manager': CMAKE_PREFIX_PATH=/home/psd/psd_ws/install/hardware_interface_testing:/home/psd/psd_ws/install/controller_interface:/home/psd/psd_ws/install/hardware_interface:/home/psd/psd_ws/install/ros2_control_test_assets:/home/psd/psd_ws/install/realtime_tools:/home/psd/psd_ws/install/controller_manager_msgs:/home/psd/psd_ws/install/control_msgs:/home/psd/psd_ws/install/ros2_controllers:/home/psd/psd_ws/install/gazebo_ros2_control_demos:/home/psd/psd_ws/install/velocity_controllers:/home/psd/psd_ws/install/tricycle_steering_controller:/home/psd/psd_ws/install/tricycle_controller:/home/psd/psd_ws/install/ros2_control_demos:/home/psd/psd_ws/install/ros2_control_demo_example_8:/home/psd/psd_ws/install/ros2_control:/home/psd/psd_ws/install/transmission_interface:/home/psd/psd_ws/install/ros2_control_demo_example_11:/home/psd/psd_ws/install/bicycle_steering_controller:/home/psd/psd_ws/install/ackermann_steering_controller:/home/psd/psd_ws/install/steering_controllers_library:/home/psd/psd_ws/install/ros2_control_demo_example_9:/home/psd/psd_ws/install/ros2_control_demo_example_7:/home/psd/psd_ws/install/ros2_control_demo_example_6:/home/psd/psd_ws/install/ros2_control_demo_example_5:/home/psd/psd_ws/install/ros2_control_demo_example_4:/home/psd/psd_ws/install/ros2_control_demo_example_3:/home/psd/psd_ws/install/ros2_control_demo_example_2:/home/psd/psd_ws/install/ros2_control_demo_example_14:/home/psd/psd_ws/install/ros2_control_demo_example_10:/home/psd/psd_ws/install/ros2_control_demo_example_1:/home/psd/psd_ws/install/gazebo_ros2_control:/home/psd/psd_ws/install/controller_manager:/home/psd/psd_ws/install/ros2_control_demo_description:/home/psd/psd_ws/install/range_sensor_broadcaster:/home/psd/psd_ws/install/position_controllers:/home/psd/psd_ws/install/admittance_controller:/home/psd/psd_ws/install/joint_trajectory_controller:/home/psd/psd_ws/install/joint_state_broadcaster:/home/psd/psd_ws/install/imu_sensor_broadcaster:/home/psd/psd_ws/install/gripper_controllers:/home/psd/psd_ws/install/effort_controllers:/home/psd/psd_ws/install/forward_command_controller:/home/psd/psd_ws/install/force_torque_sensor_broadcaster:/home/psd/psd_ws/install/diff_drive_controller:/home/psd/psd_ws/install/joint_limits:/home/psd/psd_ws/install/psd_vehicle_bringup:/home/psd/psd_ws/install/psd_vehicle_controller:/home/psd/psd_ws/install/psd_vehicle_description:/home/psd/psd_ws/install/ros_components_description:/home/psd/psd_ws/install/psd_vehicle_interfaces:/home/psd/psd_ws/install/psd_vehicle_hardware_interfaces:/home/psd/psd_ws/install/psd_vehicle_gazebo:/home/psd/psd_ws/install/psd_gazebo_worlds:/home/psd/psd_ws/install/ign_ros2_control_demos:/home/psd/psd_ws/install/ign_ros2_control:/home/psd/psd_ws/install/core:/home/psd/psd_ws/install/rqt_joint_trajectory_controller:/home/psd/psd_ws/install/rqt_controller_manager:/home/psd/psd_ws/install/ros2controlcli:/home/psd/psd_ws/install/ros2_controllers_test_nodes:/opt/ros/humble LD_LIBRARY_PATH=/home/psd/psd_ws/install/hardware_interface_testing/lib:/home/psd/psd_ws/install/controller_interface/lib:/home/psd/psd_ws/install/hardware_interface/lib:/home/psd/psd_ws/install/realtime_tools/lib:/home/psd/psd_ws/install/controller_manager_msgs/lib:/home/psd/psd_ws/install/control_msgs/lib:/home/psd/psd_ws/install/velocity_controllers/lib:/home/psd/psd_ws/install/tricycle_steering_controller/lib:/home/psd/psd_ws/install/tricycle_controller/lib:/home/psd/psd_ws/install/ros2_control_demo_example_8/lib:/home/psd/psd_ws/install/transmission_interface/lib:/home/psd/psd_ws/install/ros2_control_demo_example_11/lib:/home/psd/psd_ws/install/bicycle_steering_controller/lib:/home/psd/psd_ws/install/ackermann_steering_controller/lib:/home/psd/psd_ws/install/steering_controllers_library/lib:/home/psd/psd_ws/install/ros2_control_demo_example_9/lib:/home/psd/psd_ws/install/ros2_control_demo_example_7/lib:/home/psd/psd_ws/install/ros2_control_demo_example_6/lib:/home/psd/psd_ws/install/ros2_control_demo_example_5/lib:/home/psd/psd_ws/install/ros2_control_demo_example_4/lib:/home/psd/psd_ws/install/ros2_control_demo_example_3/lib:/home/psd/psd_ws/install/ros2_control_demo_example_2/lib:/home/psd/psd_ws/install/ros2_control_demo_example_14/lib:/home/psd/psd_ws/install/ros2_control_demo_example_10/lib:/home/psd/psd_ws/install/ros2_control_demo_example_1/lib:/home/psd/psd_ws/install/gazebo_ros2_control/lib:/home/psd/psd_ws/install/controller_manager/lib:/home/psd/psd_ws/install/range_sensor_broadcaster/lib:/home/psd/psd_ws/install/position_controllers/lib:/home/psd/psd_ws/install/admittance_controller/lib:/home/psd/psd_ws/install/joint_trajectory_controller/lib:/home/psd/psd_ws/install/joint_state_broadcaster/lib:/home/psd/psd_ws/install/imu_sensor_broadcaster/lib:/home/psd/psd_ws/install/gripper_controllers/lib:/home/psd/psd_ws/install/effort_controllers/lib:/home/psd/psd_ws/install/forward_command_controller/lib:/home/psd/psd_ws/install/force_torque_sensor_broadcaster/lib:/home/psd/psd_ws/install/diff_drive_controller/lib:/home/psd/psd_ws/install/psd_vehicle_interfaces/lib:/home/psd/psd_ws/install/psd_vehicle_hardware_interfaces/lib:/home/psd/psd_ws/install/ign_ros2_control/lib:/opt/ros/humble/opt/rviz_ogre_vendor/lib:/opt/ros/humble/lib/x86_64-linux-gnu:/opt/ros/humble/lib /usr/bin/cmake --install /home/psd/psd_ws/build/controller_manager
[28.396s] -- Install configuration: ""
[28.396s] -- Installing: /home/psd/psd_ws/install/controller_manager/lib/libcontroller_manager.so
[28.404s] -- Set runtime path of "/home/psd/psd_ws/install/controller_manager/lib/libcontroller_manager.so" to ""
[28.404s] -- Installing: /home/psd/psd_ws/install/controller_manager/lib/controller_manager/ros2_control_node
[28.404s] -- Set runtime path of "/home/psd/psd_ws/install/controller_manager/lib/controller_manager/ros2_control_node" to ""
[28.404s] -- Installing: /home/psd/psd_ws/install/controller_manager/include
[28.404s] -- Installing: /home/psd/psd_ws/install/controller_manager/include/controller_manager
[28.404s] -- Installing: /home/psd/psd_ws/install/controller_manager/include/controller_manager/visibility_control.h
[28.404s] -- Installing: /home/psd/psd_ws/install/controller_manager/include/controller_manager/controller_manager.hpp
[28.404s] -- Installing: /home/psd/psd_ws/install/controller_manager/include/controller_manager/controller_spec.hpp
[28.404s] -- Installing: /home/psd/psd_ws/install/controller_manager/share/controller_manager/test/test_controller/test_controller.xml
[28.415s] -- Installing: /home/psd/psd_ws/install/controller_manager/lib/libtest_controller.so
[28.415s] -- Set runtime path of "/home/psd/psd_ws/install/controller_manager/lib/libtest_controller.so" to ""
[28.415s] -- Installing: /home/psd/psd_ws/install/controller_manager/share/controller_manager/test/test_controller_failed_init/test_controller_failed_init.xml
[28.415s] -- Installing: /home/psd/psd_ws/install/controller_manager/lib/libtest_controller_failed_init.so
[28.415s] -- Set runtime path of "/home/psd/psd_ws/install/controller_manager/lib/libtest_controller_failed_init.so" to ""
[28.415s] -- Installing: /home/psd/psd_ws/install/controller_manager/share/controller_manager/test/test_chainable_controller/test_chainable_controller.xml
[28.416s] -- Installing: /home/psd/psd_ws/install/controller_manager/lib/libtest_chainable_controller.so
[28.419s] -- Set runtime path of "/home/psd/psd_ws/install/controller_manager/lib/libtest_chainable_controller.so" to ""
[28.419s] -- Installing: /home/psd/psd_ws/install/controller_manager/share/controller_manager/test/test_controller_with_interfaces/test_controller_with_interfaces.xml
[28.419s] -- Installing: /home/psd/psd_ws/install/controller_manager/lib/libtest_controller_with_interfaces.so
[28.419s] -- Set runtime path of "/home/psd/psd_ws/install/controller_manager/lib/libtest_controller_with_interfaces.so" to ""
[28.419s] -- Installing: /home/psd/psd_ws/install/controller_manager/share/controller_manager/environment/pythonpath.sh
[28.419s] -- Installing: /home/psd/psd_ws/install/controller_manager/share/controller_manager/environment/pythonpath.dsv
[28.419s] -- Installing: /home/psd/psd_ws/install/controller_manager/local/lib/python3.10/dist-packages/controller_manager-2.40.0-py3.10.egg-info
[28.419s] -- Installing: /home/psd/psd_ws/install/controller_manager/local/lib/python3.10/dist-packages/controller_manager-2.40.0-py3.10.egg-info/SOURCES.txt
[28.419s] -- Installing: /home/psd/psd_ws/install/controller_manager/local/lib/python3.10/dist-packages/controller_manager-2.40.0-py3.10.egg-info/entry_points.txt
[28.420s] -- Installing: /home/psd/psd_ws/install/controller_manager/local/lib/python3.10/dist-packages/controller_manager-2.40.0-py3.10.egg-info/dependency_links.txt
[28.420s] -- Installing: /home/psd/psd_ws/install/controller_manager/local/lib/python3.10/dist-packages/controller_manager-2.40.0-py3.10.egg-info/PKG-INFO
[28.420s] -- Installing: /home/psd/psd_ws/install/controller_manager/local/lib/python3.10/dist-packages/controller_manager-2.40.0-py3.10.egg-info/top_level.txt
[28.420s] -- Up-to-date: /home/psd/psd_ws/install/controller_manager/lib/controller_manager/
[28.420s] -- Installing: /home/psd/psd_ws/install/controller_manager/lib/controller_manager//hardware_spawner
[28.420s] -- Installing: /home/psd/psd_ws/install/controller_manager/lib/controller_manager//spawner
[28.420s] -- Installing: /home/psd/psd_ws/install/controller_manager/lib/controller_manager//unspawner
[28.420s] -- Installing: /home/psd/psd_ws/install/controller_manager/local/lib/python3.10/dist-packages/controller_manager
[28.420s] -- Installing: /home/psd/psd_ws/install/controller_manager/local/lib/python3.10/dist-packages/controller_manager/hardware_spawner.py
[28.420s] -- Installing: /home/psd/psd_ws/install/controller_manager/local/lib/python3.10/dist-packages/controller_manager/launch_utils.py
[28.420s] -- Installing: /home/psd/psd_ws/install/controller_manager/local/lib/python3.10/dist-packages/controller_manager/__init__.py
[28.420s] -- Installing: /home/psd/psd_ws/install/controller_manager/local/lib/python3.10/dist-packages/controller_manager/unspawner.py
[28.420s] -- Installing: /home/psd/psd_ws/install/controller_manager/local/lib/python3.10/dist-packages/controller_manager/spawner.py
[28.420s] -- Installing: /home/psd/psd_ws/install/controller_manager/local/lib/python3.10/dist-packages/controller_manager/controller_manager_services.py
[28.444s] Listing '/home/psd/psd_ws/install/controller_manager/local/lib/python3.10/dist-packages/controller_manager'...
[28.444s] Compiling '/home/psd/psd_ws/install/controller_manager/local/lib/python3.10/dist-packages/controller_manager/__init__.py'...
[28.444s] Compiling '/home/psd/psd_ws/install/controller_manager/local/lib/python3.10/dist-packages/controller_manager/controller_manager_services.py'...
[28.444s] Compiling '/home/psd/psd_ws/install/controller_manager/local/lib/python3.10/dist-packages/controller_manager/hardware_spawner.py'...
[28.444s] Compiling '/home/psd/psd_ws/install/controller_manager/local/lib/python3.10/dist-packages/controller_manager/launch_utils.py'...
[28.444s] Compiling '/home/psd/psd_ws/install/controller_manager/local/lib/python3.10/dist-packages/controller_manager/spawner.py'...
[28.444s] Compiling '/home/psd/psd_ws/install/controller_manager/local/lib/python3.10/dist-packages/controller_manager/unspawner.py'...
[28.447s] -- Installing: /home/psd/psd_ws/install/controller_manager/share/controller_manager/environment/library_path.sh
[28.447s] -- Installing: /home/psd/psd_ws/install/controller_manager/share/controller_manager/environment/library_path.dsv
[28.447s] -- Installing: /home/psd/psd_ws/install/controller_manager/share/ament_index/resource_index/package_run_dependencies/controller_manager
[28.447s] -- Installing: /home/psd/psd_ws/install/controller_manager/share/ament_index/resource_index/parent_prefix_path/controller_manager
[28.447s] -- Installing: /home/psd/psd_ws/install/controller_manager/share/controller_manager/environment/ament_prefix_path.sh
[28.447s] -- Installing: /home/psd/psd_ws/install/controller_manager/share/controller_manager/environment/ament_prefix_path.dsv
[28.447s] -- Installing: /home/psd/psd_ws/install/controller_manager/share/controller_manager/environment/path.sh
[28.447s] -- Installing: /home/psd/psd_ws/install/controller_manager/share/controller_manager/environment/path.dsv
[28.447s] -- Installing: /home/psd/psd_ws/install/controller_manager/share/controller_manager/local_setup.bash
[28.447s] -- Installing: /home/psd/psd_ws/install/controller_manager/share/controller_manager/local_setup.sh
[28.447s] -- Installing: /home/psd/psd_ws/install/controller_manager/share/controller_manager/local_setup.zsh
[28.447s] -- Installing: /home/psd/psd_ws/install/controller_manager/share/controller_manager/local_setup.dsv
[28.447s] -- Installing: /home/psd/psd_ws/install/controller_manager/share/controller_manager/package.dsv
[28.448s] -- Installing: /home/psd/psd_ws/install/controller_manager/share/ament_index/resource_index/packages/controller_manager
[28.448s] -- Installing: /home/psd/psd_ws/install/controller_manager/share/ament_index/resource_index/controller_interface__pluginlib__plugin/controller_manager
[28.448s] -- Installing: /home/psd/psd_ws/install/controller_manager/share/controller_manager/cmake/ament_cmake_export_libraries-extras.cmake
[28.448s] -- Installing: /home/psd/psd_ws/install/controller_manager/share/controller_manager/cmake/ament_cmake_export_include_directories-extras.cmake
[28.448s] -- Installing: /home/psd/psd_ws/install/controller_manager/share/controller_manager/cmake/ament_cmake_export_dependencies-extras.cmake
[28.448s] -- Installing: /home/psd/psd_ws/install/controller_manager/share/controller_manager/cmake/controller_managerConfig.cmake
[28.448s] -- Installing: /home/psd/psd_ws/install/controller_manager/share/controller_manager/cmake/controller_managerConfig-version.cmake
[28.448s] -- Installing: /home/psd/psd_ws/install/controller_manager/share/controller_manager/package.xml
[28.450s] Invoked command in '/home/psd/psd_ws/build/controller_manager' returned '0': CMAKE_PREFIX_PATH=/home/psd/psd_ws/install/hardware_interface_testing:/home/psd/psd_ws/install/controller_interface:/home/psd/psd_ws/install/hardware_interface:/home/psd/psd_ws/install/ros2_control_test_assets:/home/psd/psd_ws/install/realtime_tools:/home/psd/psd_ws/install/controller_manager_msgs:/home/psd/psd_ws/install/control_msgs:/home/psd/psd_ws/install/ros2_controllers:/home/psd/psd_ws/install/gazebo_ros2_control_demos:/home/psd/psd_ws/install/velocity_controllers:/home/psd/psd_ws/install/tricycle_steering_controller:/home/psd/psd_ws/install/tricycle_controller:/home/psd/psd_ws/install/ros2_control_demos:/home/psd/psd_ws/install/ros2_control_demo_example_8:/home/psd/psd_ws/install/ros2_control:/home/psd/psd_ws/install/transmission_interface:/home/psd/psd_ws/install/ros2_control_demo_example_11:/home/psd/psd_ws/install/bicycle_steering_controller:/home/psd/psd_ws/install/ackermann_steering_controller:/home/psd/psd_ws/install/steering_controllers_library:/home/psd/psd_ws/install/ros2_control_demo_example_9:/home/psd/psd_ws/install/ros2_control_demo_example_7:/home/psd/psd_ws/install/ros2_control_demo_example_6:/home/psd/psd_ws/install/ros2_control_demo_example_5:/home/psd/psd_ws/install/ros2_control_demo_example_4:/home/psd/psd_ws/install/ros2_control_demo_example_3:/home/psd/psd_ws/install/ros2_control_demo_example_2:/home/psd/psd_ws/install/ros2_control_demo_example_14:/home/psd/psd_ws/install/ros2_control_demo_example_10:/home/psd/psd_ws/install/ros2_control_demo_example_1:/home/psd/psd_ws/install/gazebo_ros2_control:/home/psd/psd_ws/install/controller_manager:/home/psd/psd_ws/install/ros2_control_demo_description:/home/psd/psd_ws/install/range_sensor_broadcaster:/home/psd/psd_ws/install/position_controllers:/home/psd/psd_ws/install/admittance_controller:/home/psd/psd_ws/install/joint_trajectory_controller:/home/psd/psd_ws/install/joint_state_broadcaster:/home/psd/psd_ws/install/imu_sensor_broadcaster:/home/psd/psd_ws/install/gripper_controllers:/home/psd/psd_ws/install/effort_controllers:/home/psd/psd_ws/install/forward_command_controller:/home/psd/psd_ws/install/force_torque_sensor_broadcaster:/home/psd/psd_ws/install/diff_drive_controller:/home/psd/psd_ws/install/joint_limits:/home/psd/psd_ws/install/psd_vehicle_bringup:/home/psd/psd_ws/install/psd_vehicle_controller:/home/psd/psd_ws/install/psd_vehicle_description:/home/psd/psd_ws/install/ros_components_description:/home/psd/psd_ws/install/psd_vehicle_interfaces:/home/psd/psd_ws/install/psd_vehicle_hardware_interfaces:/home/psd/psd_ws/install/psd_vehicle_gazebo:/home/psd/psd_ws/install/psd_gazebo_worlds:/home/psd/psd_ws/install/ign_ros2_control_demos:/home/psd/psd_ws/install/ign_ros2_control:/home/psd/psd_ws/install/core:/home/psd/psd_ws/install/rqt_joint_trajectory_controller:/home/psd/psd_ws/install/rqt_controller_manager:/home/psd/psd_ws/install/ros2controlcli:/home/psd/psd_ws/install/ros2_controllers_test_nodes:/opt/ros/humble LD_LIBRARY_PATH=/home/psd/psd_ws/install/hardware_interface_testing/lib:/home/psd/psd_ws/install/controller_interface/lib:/home/psd/psd_ws/install/hardware_interface/lib:/home/psd/psd_ws/install/realtime_tools/lib:/home/psd/psd_ws/install/controller_manager_msgs/lib:/home/psd/psd_ws/install/control_msgs/lib:/home/psd/psd_ws/install/velocity_controllers/lib:/home/psd/psd_ws/install/tricycle_steering_controller/lib:/home/psd/psd_ws/install/tricycle_controller/lib:/home/psd/psd_ws/install/ros2_control_demo_example_8/lib:/home/psd/psd_ws/install/transmission_interface/lib:/home/psd/psd_ws/install/ros2_control_demo_example_11/lib:/home/psd/psd_ws/install/bicycle_steering_controller/lib:/home/psd/psd_ws/install/ackermann_steering_controller/lib:/home/psd/psd_ws/install/steering_controllers_library/lib:/home/psd/psd_ws/install/ros2_control_demo_example_9/lib:/home/psd/psd_ws/install/ros2_control_demo_example_7/lib:/home/psd/psd_ws/install/ros2_control_demo_example_6/lib:/home/psd/psd_ws/install/ros2_control_demo_example_5/lib:/home/psd/psd_ws/install/ros2_control_demo_example_4/lib:/home/psd/psd_ws/install/ros2_control_demo_example_3/lib:/home/psd/psd_ws/install/ros2_control_demo_example_2/lib:/home/psd/psd_ws/install/ros2_control_demo_example_14/lib:/home/psd/psd_ws/install/ros2_control_demo_example_10/lib:/home/psd/psd_ws/install/ros2_control_demo_example_1/lib:/home/psd/psd_ws/install/gazebo_ros2_control/lib:/home/psd/psd_ws/install/controller_manager/lib:/home/psd/psd_ws/install/range_sensor_broadcaster/lib:/home/psd/psd_ws/install/position_controllers/lib:/home/psd/psd_ws/install/admittance_controller/lib:/home/psd/psd_ws/install/joint_trajectory_controller/lib:/home/psd/psd_ws/install/joint_state_broadcaster/lib:/home/psd/psd_ws/install/imu_sensor_broadcaster/lib:/home/psd/psd_ws/install/gripper_controllers/lib:/home/psd/psd_ws/install/effort_controllers/lib:/home/psd/psd_ws/install/forward_command_controller/lib:/home/psd/psd_ws/install/force_torque_sensor_broadcaster/lib:/home/psd/psd_ws/install/diff_drive_controller/lib:/home/psd/psd_ws/install/psd_vehicle_interfaces/lib:/home/psd/psd_ws/install/psd_vehicle_hardware_interfaces/lib:/home/psd/psd_ws/install/ign_ros2_control/lib:/opt/ros/humble/opt/rviz_ogre_vendor/lib:/opt/ros/humble/lib/x86_64-linux-gnu:/opt/ros/humble/lib /usr/bin/cmake --install /home/psd/psd_ws/build/controller_manager
