[35m[1mConsolidate compiler generated dependencies of target ros2_control_demo_example_2[0m
[100%] Built target ros2_control_demo_example_2
-- Install configuration: ""
-- Up-to-date: /home/psd/psd_ws/install/ros2_control_demo_example_2/share/ros2_control_demo_example_2/ros2_control_demo_example_2.xml
-- Up-to-date: /home/psd/psd_ws/install/ros2_control_demo_example_2/include/ros2_control_demo_example_2
-- Up-to-date: /home/psd/psd_ws/install/ros2_control_demo_example_2/include/ros2_control_demo_example_2/ros2_control_demo_example_2
-- Up-to-date: /home/psd/psd_ws/install/ros2_control_demo_example_2/include/ros2_control_demo_example_2/ros2_control_demo_example_2/diffbot_system.hpp
-- Up-to-date: /home/psd/psd_ws/install/ros2_control_demo_example_2/include/ros2_control_demo_example_2/ros2_control_demo_example_2/visibility_control.h
-- Up-to-date: /home/psd/psd_ws/install/ros2_control_demo_example_2/share/ros2_control_demo_example_2/launch
-- Up-to-date: /home/psd/psd_ws/install/ros2_control_demo_example_2/share/ros2_control_demo_example_2/launch/view_robot.launch.py
-- Up-to-date: /home/psd/psd_ws/install/ros2_control_demo_example_2/share/ros2_control_demo_example_2/ros2_control
-- Up-to-date: /home/psd/psd_ws/install/ros2_control_demo_example_2/share/ros2_control_demo_example_2/ros2_control/diffbot.ros2_control.xacro
-- Up-to-date: /home/psd/psd_ws/install/ros2_control_demo_example_2/share/ros2_control_demo_example_2/urdf
-- Up-to-date: /home/psd/psd_ws/install/ros2_control_demo_example_2/share/ros2_control_demo_example_2/urdf/diffbot.urdf.xacro
-- Up-to-date: /home/psd/psd_ws/install/ros2_control_demo_example_2/share/ros2_control_demo_example_2/launch
-- Up-to-date: /home/psd/psd_ws/install/ros2_control_demo_example_2/share/ros2_control_demo_example_2/launch/diffbot.launch.py
-- Up-to-date: /home/psd/psd_ws/install/ros2_control_demo_example_2/share/ros2_control_demo_example_2/config
-- Up-to-date: /home/psd/psd_ws/install/ros2_control_demo_example_2/share/ros2_control_demo_example_2/config/diffbot_controllers.yaml
-- Up-to-date: /home/psd/psd_ws/install/ros2_control_demo_example_2/lib/libros2_control_demo_example_2.so
-- Up-to-date: /home/psd/psd_ws/install/ros2_control_demo_example_2/share/ros2_control_demo_example_2/environment/library_path.sh
-- Up-to-date: /home/psd/psd_ws/install/ros2_control_demo_example_2/share/ros2_control_demo_example_2/environment/library_path.dsv
-- Up-to-date: /home/psd/psd_ws/install/ros2_control_demo_example_2/share/ament_index/resource_index/package_run_dependencies/ros2_control_demo_example_2
-- Up-to-date: /home/psd/psd_ws/install/ros2_control_demo_example_2/share/ament_index/resource_index/parent_prefix_path/ros2_control_demo_example_2
-- Up-to-date: /home/psd/psd_ws/install/ros2_control_demo_example_2/share/ros2_control_demo_example_2/environment/ament_prefix_path.sh
-- Up-to-date: /home/psd/psd_ws/install/ros2_control_demo_example_2/share/ros2_control_demo_example_2/environment/ament_prefix_path.dsv
-- Up-to-date: /home/psd/psd_ws/install/ros2_control_demo_example_2/share/ros2_control_demo_example_2/environment/path.sh
-- Up-to-date: /home/psd/psd_ws/install/ros2_control_demo_example_2/share/ros2_control_demo_example_2/environment/path.dsv
-- Up-to-date: /home/psd/psd_ws/install/ros2_control_demo_example_2/share/ros2_control_demo_example_2/local_setup.bash
-- Up-to-date: /home/psd/psd_ws/install/ros2_control_demo_example_2/share/ros2_control_demo_example_2/local_setup.sh
-- Up-to-date: /home/psd/psd_ws/install/ros2_control_demo_example_2/share/ros2_control_demo_example_2/local_setup.zsh
-- Up-to-date: /home/psd/psd_ws/install/ros2_control_demo_example_2/share/ros2_control_demo_example_2/local_setup.dsv
-- Installing: /home/psd/psd_ws/install/ros2_control_demo_example_2/share/ros2_control_demo_example_2/package.dsv
-- Up-to-date: /home/psd/psd_ws/install/ros2_control_demo_example_2/share/ament_index/resource_index/packages/ros2_control_demo_example_2
-- Up-to-date: /home/psd/psd_ws/install/ros2_control_demo_example_2/share/ament_index/resource_index/hardware_interface__pluginlib__plugin/ros2_control_demo_example_2
-- Up-to-date: /home/psd/psd_ws/install/ros2_control_demo_example_2/share/ros2_control_demo_example_2/cmake/export_ros2_control_demo_example_2Export.cmake
-- Up-to-date: /home/psd/psd_ws/install/ros2_control_demo_example_2/share/ros2_control_demo_example_2/cmake/export_ros2_control_demo_example_2Export-noconfig.cmake
-- Up-to-date: /home/psd/psd_ws/install/ros2_control_demo_example_2/share/ros2_control_demo_example_2/cmake/ament_cmake_export_targets-extras.cmake
-- Up-to-date: /home/psd/psd_ws/install/ros2_control_demo_example_2/share/ros2_control_demo_example_2/cmake/ament_cmake_export_dependencies-extras.cmake
-- Up-to-date: /home/psd/psd_ws/install/ros2_control_demo_example_2/share/ros2_control_demo_example_2/cmake/ros2_control_demo_example_2Config.cmake
-- Up-to-date: /home/psd/psd_ws/install/ros2_control_demo_example_2/share/ros2_control_demo_example_2/cmake/ros2_control_demo_example_2Config-version.cmake
-- Up-to-date: /home/psd/psd_ws/install/ros2_control_demo_example_2/share/ros2_control_demo_example_2/package.xml
