-- Found ament_cmake: 1.3.8 (/opt/ros/humble/share/ament_cmake/cmake)
-- Override CMake install command with custom implementation using symlinks instead of copying resources
-- Found backward_ros: 1.0.2 (/opt/ros/humble/share/backward_ros/cmake)
-- Could NOT find libbfd (missing: LIBBFD_LIBRARY LIBBFD_INCLUDE_DIR) 
-- BACKWARD_HAS_UNWIND=1
-- BACKWARD_HAS_BACKTRACE=0
-- BACKWARD_HAS_BACKTRACE_SYMBOL=0
-- BACKWARD_HAS_DW=1
-- BACKWARD_HAS_BFD=0
-- Found Backward: /opt/ros/humble/share/backward_ros/cmake  
-- Found angles: 1.15.0 (/opt/ros/humble/share/angles/cmake)
-- Found control_msgs: 4.4.0 (/home/psd/psd_ws/install/control_msgs/share/control_msgs/cmake)
-- Found rosidl_generator_c: 3.1.5 (/opt/ros/humble/share/rosidl_generator_c/cmake)
-- Found rosidl_adapter: 3.1.5 (/opt/ros/humble/share/rosidl_adapter/cmake)
-- Found rosidl_generator_cpp: 3.1.5 (/opt/ros/humble/share/rosidl_generator_cpp/cmake)
-- Using all available rosidl_typesupport_c: rosidl_typesupport_fastrtps_c;rosidl_typesupport_introspection_c
-- Using all available rosidl_typesupport_cpp: rosidl_typesupport_fastrtps_cpp;rosidl_typesupport_introspection_cpp
-- Found control_toolbox: 3.2.0 (/home/psd/psd_ws/install/control_toolbox/share/control_toolbox/cmake)
-- Found rmw_implementation_cmake: 6.1.1 (/opt/ros/humble/share/rmw_implementation_cmake/cmake)
-- Found rmw_fastrtps_cpp: 6.2.6 (/opt/ros/humble/share/rmw_fastrtps_cpp/cmake)
-- Using RMW implementation 'rmw_fastrtps_cpp' as default
-- Found parameter_traits: 0.3.7 (/opt/ros/humble/share/parameter_traits/cmake)
-- Found rclcpp_lifecycle: 16.0.8 (/opt/ros/humble/share/rclcpp_lifecycle/cmake)
-- Found controller_interface: 2.40.0 (/home/psd/psd_ws/install/controller_interface/share/controller_interface/cmake)
-- Found joint_trajectory_controller: 2.33.0 (/home/psd/psd_ws/install/joint_trajectory_controller/share/joint_trajectory_controller/cmake)
-- Found kinematics_interface: 1.0.0 (/home/psd/psd_ws/install/kinematics_interface/share/kinematics_interface/cmake)
-- Found tf2: 0.25.6 (/opt/ros/humble/share/tf2/cmake)
-- Found tf2_eigen: 0.25.6 (/opt/ros/humble/share/tf2_eigen/cmake)
-- Found tf2_geometry_msgs: 0.25.6 (/opt/ros/humble/share/tf2_geometry_msgs/cmake)
-- Found eigen3_cmake_module: 0.1.1 (/opt/ros/humble/share/eigen3_cmake_module/cmake)
-- Ensuring Eigen3 include directory is part of orocos-kdl CMake target
-- Found tf2_kdl: 0.25.6 (/opt/ros/humble/share/tf2_kdl/cmake)
-- Found ament_cmake_gmock: 1.3.8 (/opt/ros/humble/share/ament_cmake_gmock/cmake)
-- Found controller_manager: 2.40.0 (/home/psd/psd_ws/install/controller_manager/share/controller_manager/cmake)
-- Found ros2_control_test_assets: 2.40.0 (/home/psd/psd_ws/install/ros2_control_test_assets/share/ros2_control_test_assets/cmake)
-- Found kinematics_interface_kdl: 1.0.0 (/home/psd/psd_ws/install/kinematics_interface_kdl/share/kinematics_interface_kdl/cmake)
-- Found gmock sources under '/opt/ros/humble/src/gmock_vendor': C++ tests using 'Google Mock' will be built
-- Found ament_cmake_gtest: 1.3.8 (/opt/ros/humble/share/ament_cmake_gtest/cmake)
-- Found gtest sources under '/opt/ros/humble/src/gtest_vendor': C++ tests using 'Google Test' will be built
-- Found gmock sources under '/opt/ros/humble/src/gmock_vendor': C++ tests using 'Google Mock' will be built
-- Found ament_cmake_gtest: 1.3.8 (/opt/ros/humble/share/ament_cmake_gtest/cmake)
-- Found gtest sources under '/opt/ros/humble/src/gtest_vendor': C++ tests using 'Google Test' will be built
-- Configuring done
-- Generating done
-- Build files have been written to: /home/psd/psd_ws/build/admittance_controller
[35m[1mConsolidate compiler generated dependencies of target gmock[0m
[ 10%] Built target admittance_controller_parameters
[ 20%] [32m[1mLinking CXX static library libgmock.a[0m
[35m[1mConsolidate compiler generated dependencies of target admittance_controller[0m
[ 30%] [32mBuilding CXX object CMakeFiles/admittance_controller.dir/src/admittance_controller.cpp.o[0m
[ 50%] Built target gmock
[35m[1mConsolidate compiler generated dependencies of target test_load_admittance_controller[0m
[ 60%] [32mBuilding CXX object CMakeFiles/test_load_admittance_controller.dir/test/test_load_admittance_controller.cpp.o[0m
[ 70%] [32m[1mLinking CXX executable test_load_admittance_controller[0m
[ 70%] Built target test_load_admittance_controller
[ 80%] [32m[1mLinking CXX shared library libadmittance_controller.so[0m
[ 80%] Built target admittance_controller
[35m[1mConsolidate compiler generated dependencies of target test_admittance_controller[0m
[ 90%] [32m[1mLinking CXX executable test_admittance_controller[0m
[100%] Built target test_admittance_controller
-- Install configuration: ""
-- Execute custom install script
-- Up-to-date symlink: /home/psd/psd_ws/install/admittance_controller/include/admittance_controller_parameters/admittance_controller_parameters.hpp
-- Up-to-date symlink: /home/psd/psd_ws/install/admittance_controller/share/admittance_controller//admittance_controller.xml
-- Up-to-date symlink: /home/psd/psd_ws/install/admittance_controller/include/admittance_controller/admittance_controller/admittance_controller.hpp
-- Up-to-date symlink: /home/psd/psd_ws/install/admittance_controller/include/admittance_controller/admittance_controller/admittance_rule.hpp
-- Up-to-date symlink: /home/psd/psd_ws/install/admittance_controller/include/admittance_controller/admittance_controller/admittance_rule_impl.hpp
-- Up-to-date symlink: /home/psd/psd_ws/install/admittance_controller/include/admittance_controller/admittance_controller/visibility_control.h
-- Up-to-date symlink: /home/psd/psd_ws/install/admittance_controller/share/admittance_controller/environment/library_path.sh
-- Up-to-date symlink: /home/psd/psd_ws/install/admittance_controller/share/admittance_controller/environment/library_path.dsv
-- Up-to-date symlink: /home/psd/psd_ws/install/admittance_controller/share/ament_index/resource_index/package_run_dependencies/admittance_controller
-- Up-to-date symlink: /home/psd/psd_ws/install/admittance_controller/share/ament_index/resource_index/parent_prefix_path/admittance_controller
-- Up-to-date symlink: /home/psd/psd_ws/install/admittance_controller/share/admittance_controller/environment/ament_prefix_path.sh
-- Up-to-date symlink: /home/psd/psd_ws/install/admittance_controller/share/admittance_controller/environment/ament_prefix_path.dsv
-- Up-to-date symlink: /home/psd/psd_ws/install/admittance_controller/share/admittance_controller/environment/path.sh
-- Up-to-date symlink: /home/psd/psd_ws/install/admittance_controller/share/admittance_controller/environment/path.dsv
-- Up-to-date symlink: /home/psd/psd_ws/install/admittance_controller/share/admittance_controller/local_setup.bash
-- Up-to-date symlink: /home/psd/psd_ws/install/admittance_controller/share/admittance_controller/local_setup.sh
-- Up-to-date symlink: /home/psd/psd_ws/install/admittance_controller/share/admittance_controller/local_setup.zsh
-- Up-to-date symlink: /home/psd/psd_ws/install/admittance_controller/share/admittance_controller/local_setup.dsv
-- Symlinking: /home/psd/psd_ws/install/admittance_controller/share/admittance_controller/package.dsv
-- Up-to-date symlink: /home/psd/psd_ws/install/admittance_controller/share/ament_index/resource_index/packages/admittance_controller
-- Up-to-date symlink: /home/psd/psd_ws/install/admittance_controller/share/ament_index/resource_index/controller_interface__pluginlib__plugin/admittance_controller
-- Up-to-date symlink: /home/psd/psd_ws/install/admittance_controller/share/admittance_controller/cmake/ament_cmake_export_targets-extras.cmake
-- Up-to-date symlink: /home/psd/psd_ws/install/admittance_controller/share/admittance_controller/cmake/ament_cmake_export_dependencies-extras.cmake
-- Up-to-date symlink: /home/psd/psd_ws/install/admittance_controller/share/admittance_controller/cmake/admittance_controllerConfig.cmake
-- Up-to-date symlink: /home/psd/psd_ws/install/admittance_controller/share/admittance_controller/cmake/admittance_controllerConfig-version.cmake
-- Up-to-date symlink: /home/psd/psd_ws/install/admittance_controller/share/admittance_controller/package.xml
-- Installing: /home/psd/psd_ws/install/admittance_controller/lib/libadmittance_controller.so
-- Set runtime path of "/home/psd/psd_ws/install/admittance_controller/lib/libadmittance_controller.so" to ""
-- Up-to-date: /home/psd/psd_ws/install/admittance_controller/share/admittance_controller/cmake/export_admittance_controllerExport.cmake
-- Up-to-date: /home/psd/psd_ws/install/admittance_controller/share/admittance_controller/cmake/export_admittance_controllerExport-noconfig.cmake
