[ 10%] Built target admittance_controller_parameters
[ 40%] Built target gmock
[ 60%] Built target admittance_controller
[ 80%] Built target test_load_admittance_controller
[100%] Built target test_admittance_controller
-- Install configuration: ""
-- Execute custom install script
-- Up-to-date symlink: /home/psd/psd_ws/install/admittance_controller/include/admittance_controller_parameters/admittance_controller_parameters.hpp
-- Up-to-date symlink: /home/psd/psd_ws/install/admittance_controller/share/admittance_controller//admittance_controller.xml
-- Up-to-date symlink: /home/psd/psd_ws/install/admittance_controller/include/admittance_controller/admittance_controller/admittance_controller.hpp
-- Up-to-date symlink: /home/psd/psd_ws/install/admittance_controller/include/admittance_controller/admittance_controller/admittance_rule.hpp
-- Up-to-date symlink: /home/psd/psd_ws/install/admittance_controller/include/admittance_controller/admittance_controller/admittance_rule_impl.hpp
-- Up-to-date symlink: /home/psd/psd_ws/install/admittance_controller/include/admittance_controller/admittance_controller/visibility_control.h
-- Up-to-date symlink: /home/psd/psd_ws/install/admittance_controller/share/admittance_controller/environment/library_path.sh
-- Up-to-date symlink: /home/psd/psd_ws/install/admittance_controller/share/admittance_controller/environment/library_path.dsv
-- Up-to-date symlink: /home/psd/psd_ws/install/admittance_controller/share/ament_index/resource_index/package_run_dependencies/admittance_controller
-- Up-to-date symlink: /home/psd/psd_ws/install/admittance_controller/share/ament_index/resource_index/parent_prefix_path/admittance_controller
-- Up-to-date symlink: /home/psd/psd_ws/install/admittance_controller/share/admittance_controller/environment/ament_prefix_path.sh
-- Up-to-date symlink: /home/psd/psd_ws/install/admittance_controller/share/admittance_controller/environment/ament_prefix_path.dsv
-- Up-to-date symlink: /home/psd/psd_ws/install/admittance_controller/share/admittance_controller/environment/path.sh
-- Up-to-date symlink: /home/psd/psd_ws/install/admittance_controller/share/admittance_controller/environment/path.dsv
-- Up-to-date symlink: /home/psd/psd_ws/install/admittance_controller/share/admittance_controller/local_setup.bash
-- Up-to-date symlink: /home/psd/psd_ws/install/admittance_controller/share/admittance_controller/local_setup.sh
-- Up-to-date symlink: /home/psd/psd_ws/install/admittance_controller/share/admittance_controller/local_setup.zsh
-- Up-to-date symlink: /home/psd/psd_ws/install/admittance_controller/share/admittance_controller/local_setup.dsv
-- Symlinking: /home/psd/psd_ws/install/admittance_controller/share/admittance_controller/package.dsv
-- Up-to-date symlink: /home/psd/psd_ws/install/admittance_controller/share/ament_index/resource_index/packages/admittance_controller
-- Up-to-date symlink: /home/psd/psd_ws/install/admittance_controller/share/ament_index/resource_index/controller_interface__pluginlib__plugin/admittance_controller
-- Up-to-date symlink: /home/psd/psd_ws/install/admittance_controller/share/admittance_controller/cmake/ament_cmake_export_targets-extras.cmake
-- Up-to-date symlink: /home/psd/psd_ws/install/admittance_controller/share/admittance_controller/cmake/ament_cmake_export_dependencies-extras.cmake
-- Up-to-date symlink: /home/psd/psd_ws/install/admittance_controller/share/admittance_controller/cmake/admittance_controllerConfig.cmake
-- Up-to-date symlink: /home/psd/psd_ws/install/admittance_controller/share/admittance_controller/cmake/admittance_controllerConfig-version.cmake
-- Up-to-date symlink: /home/psd/psd_ws/install/admittance_controller/share/admittance_controller/package.xml
-- Up-to-date: /home/psd/psd_ws/install/admittance_controller/lib/libadmittance_controller.so
-- Up-to-date: /home/psd/psd_ws/install/admittance_controller/share/admittance_controller/cmake/export_admittance_controllerExport.cmake
-- Up-to-date: /home/psd/psd_ws/install/admittance_controller/share/admittance_controller/cmake/export_admittance_controllerExport-noconfig.cmake
