[0.028s] Invoking command in '/psd_ws/build/psd_vehicle_description': CMAKE_PREFIX_PATH=/psd_ws/install/ros_components_description:/psd_ws/install/psd_vehicle_hardware_interfaces:/psd_ws/install/psd_vehicle_bringup:/psd_ws/install/psd_vehicle_controller:/psd_ws/install/psd_vehicle_description:/psd_ws/install/psd_vehicle_interfaces:/psd_ws/install/psd_vehicle_gazebo:/psd_ws/install/psd_gazebo_worlds:/psd_ws/install/ign_ros2_control_demos:/psd_ws/install/ign_ros2_control:/psd_ws/install/core:/opt/ros/humble /usr/bin/cmake --build /psd_ws/build/psd_vehicle_description -- -j20 -l20
[0.132s] Invoked command in '/psd_ws/build/psd_vehicle_description' returned '0': CMAKE_PREFIX_PATH=/psd_ws/install/ros_components_description:/psd_ws/install/psd_vehicle_hardware_interfaces:/psd_ws/install/psd_vehicle_bringup:/psd_ws/install/psd_vehicle_controller:/psd_ws/install/psd_vehicle_description:/psd_ws/install/psd_vehicle_interfaces:/psd_ws/install/psd_vehicle_gazebo:/psd_ws/install/psd_gazebo_worlds:/psd_ws/install/ign_ros2_control_demos:/psd_ws/install/ign_ros2_control:/psd_ws/install/core:/opt/ros/humble /usr/bin/cmake --build /psd_ws/build/psd_vehicle_description -- -j20 -l20
[0.190s] Invoking command in '/psd_ws/build/psd_vehicle_description': CMAKE_PREFIX_PATH=/psd_ws/install/ros_components_description:/psd_ws/install/psd_vehicle_hardware_interfaces:/psd_ws/install/psd_vehicle_bringup:/psd_ws/install/psd_vehicle_controller:/psd_ws/install/psd_vehicle_description:/psd_ws/install/psd_vehicle_interfaces:/psd_ws/install/psd_vehicle_gazebo:/psd_ws/install/psd_gazebo_worlds:/psd_ws/install/ign_ros2_control_demos:/psd_ws/install/ign_ros2_control:/psd_ws/install/core:/opt/ros/humble /usr/bin/cmake --install /psd_ws/build/psd_vehicle_description
[0.217s] -- Install configuration: ""
[0.217s] -- Up-to-date: /psd_ws/install/psd_vehicle_description/share/psd_vehicle_description/meshes
[0.217s] -- Up-to-date: /psd_ws/install/psd_vehicle_description/share/psd_vehicle_description/meshes/collision
[0.217s] -- Up-to-date: /psd_ws/install/psd_vehicle_description/share/psd_vehicle_description/meshes/collision/link_RR_1.stl
[0.217s] -- Up-to-date: /psd_ws/install/psd_vehicle_description/share/psd_vehicle_description/meshes/collision/link_FR_1.stl
[0.217s] -- Up-to-date: /psd_ws/install/psd_vehicle_description/share/psd_vehicle_description/meshes/collision/tyre_RL_1.stl
[0.217s] -- Up-to-date: /psd_ws/install/psd_vehicle_description/share/psd_vehicle_description/meshes/collision/perno_FR_1.stl
[0.217s] -- Up-to-date: /psd_ws/install/psd_vehicle_description/share/psd_vehicle_description/meshes/collision/tyre_RR_1.stl
[0.217s] -- Up-to-date: /psd_ws/install/psd_vehicle_description/share/psd_vehicle_description/meshes/collision/link_RL_1.stl
[0.217s] -- Up-to-date: /psd_ws/install/psd_vehicle_description/share/psd_vehicle_description/meshes/collision/base_link.stl
[0.217s] -- Up-to-date: /psd_ws/install/psd_vehicle_description/share/psd_vehicle_description/meshes/collision/link_FL_1.stl
[0.217s] -- Up-to-date: /psd_ws/install/psd_vehicle_description/share/psd_vehicle_description/meshes/collision/tyre_FR_1.stl
[0.217s] -- Up-to-date: /psd_ws/install/psd_vehicle_description/share/psd_vehicle_description/meshes/collision/tyre_FL_1.stl
[0.217s] -- Up-to-date: /psd_ws/install/psd_vehicle_description/share/psd_vehicle_description/meshes/collision/perno_FL_1.stl
[0.217s] -- Up-to-date: /psd_ws/install/psd_vehicle_description/share/psd_vehicle_description/meshes/components
[0.217s] -- Up-to-date: /psd_ws/install/psd_vehicle_description/share/psd_vehicle_description/meshes/components/camera_mount_bot.dae
[0.217s] -- Up-to-date: /psd_ws/install/psd_vehicle_description/share/psd_vehicle_description/meshes/components/camera_mount_mid.dae
[0.217s] -- Up-to-date: /psd_ws/install/psd_vehicle_description/share/psd_vehicle_description/meshes/components/camera_mount_top.dae
[0.217s] -- Up-to-date: /psd_ws/install/psd_vehicle_description/share/psd_vehicle_description/meshes/visual
[0.217s] -- Up-to-date: /psd_ws/install/psd_vehicle_description/share/psd_vehicle_description/meshes/visual/link_RR_1.stl
[0.218s] -- Up-to-date: /psd_ws/install/psd_vehicle_description/share/psd_vehicle_description/meshes/visual/tyre_fr_1.dae
[0.218s] -- Up-to-date: /psd_ws/install/psd_vehicle_description/share/psd_vehicle_description/meshes/visual/link_rr_1.dae
[0.218s] -- Up-to-date: /psd_ws/install/psd_vehicle_description/share/psd_vehicle_description/meshes/visual/tyre_rr_1.dae
[0.218s] -- Up-to-date: /psd_ws/install/psd_vehicle_description/share/psd_vehicle_description/meshes/visual/link_FR_1.stl
[0.218s] -- Up-to-date: /psd_ws/install/psd_vehicle_description/share/psd_vehicle_description/meshes/visual/link_rl_1.dae
[0.218s] -- Up-to-date: /psd_ws/install/psd_vehicle_description/share/psd_vehicle_description/meshes/visual/tyre_RL_1.stl
[0.218s] -- Up-to-date: /psd_ws/install/psd_vehicle_description/share/psd_vehicle_description/meshes/visual/perno_FR_1.stl
[0.218s] -- Up-to-date: /psd_ws/install/psd_vehicle_description/share/psd_vehicle_description/meshes/visual/perno_fr_1.dae
[0.218s] -- Up-to-date: /psd_ws/install/psd_vehicle_description/share/psd_vehicle_description/meshes/visual/tyre_fl_1.dae
[0.218s] -- Up-to-date: /psd_ws/install/psd_vehicle_description/share/psd_vehicle_description/meshes/visual/tyre_RR_1.stl
[0.218s] -- Up-to-date: /psd_ws/install/psd_vehicle_description/share/psd_vehicle_description/meshes/visual/link_RL_1.stl
[0.218s] -- Up-to-date: /psd_ws/install/psd_vehicle_description/share/psd_vehicle_description/meshes/visual/base_link.stl
[0.218s] -- Up-to-date: /psd_ws/install/psd_vehicle_description/share/psd_vehicle_description/meshes/visual/link_fl_1.dae
[0.218s] -- Up-to-date: /psd_ws/install/psd_vehicle_description/share/psd_vehicle_description/meshes/visual/tyre_rl_1.dae
[0.218s] -- Up-to-date: /psd_ws/install/psd_vehicle_description/share/psd_vehicle_description/meshes/visual/link_FL_1.stl
[0.218s] -- Up-to-date: /psd_ws/install/psd_vehicle_description/share/psd_vehicle_description/meshes/visual/link_fr_1.dae
[0.218s] -- Up-to-date: /psd_ws/install/psd_vehicle_description/share/psd_vehicle_description/meshes/visual/tyre_FR_1.stl
[0.218s] -- Up-to-date: /psd_ws/install/psd_vehicle_description/share/psd_vehicle_description/meshes/visual/tyre_FL_1.stl
[0.218s] -- Up-to-date: /psd_ws/install/psd_vehicle_description/share/psd_vehicle_description/meshes/visual/perno_fl_1.dae
[0.218s] -- Up-to-date: /psd_ws/install/psd_vehicle_description/share/psd_vehicle_description/meshes/visual/perno_FL_1.stl
[0.218s] -- Up-to-date: /psd_ws/install/psd_vehicle_description/share/psd_vehicle_description/meshes/visual/base_link.dae
[0.218s] -- Up-to-date: /psd_ws/install/psd_vehicle_description/share/psd_vehicle_description/urdf
[0.218s] -- Up-to-date: /psd_ws/install/psd_vehicle_description/share/psd_vehicle_description/urdf/psd_vehicle.urdf.xacro
[0.218s] -- Up-to-date: /psd_ws/install/psd_vehicle_description/share/psd_vehicle_description/urdf/psd_vehicle.trans
[0.218s] -- Up-to-date: /psd_ws/install/psd_vehicle_description/share/psd_vehicle_description/urdf/materials.xacro
[0.218s] -- Up-to-date: /psd_ws/install/psd_vehicle_description/share/psd_vehicle_description/urdf/components
[0.218s] -- Up-to-date: /psd_ws/install/psd_vehicle_description/share/psd_vehicle_description/urdf/components/camera_mount.urdf.xacro
[0.218s] -- Up-to-date: /psd_ws/install/psd_vehicle_description/share/psd_vehicle_description/urdf/psd_vehicle_macro.urdf.xacro
[0.218s] -- Up-to-date: /psd_ws/install/psd_vehicle_description/share/psd_vehicle_description/urdf/psd_vehicle.gazebo
[0.218s] -- Up-to-date: /psd_ws/install/psd_vehicle_description/share/ament_index/resource_index/package_run_dependencies/psd_vehicle_description
[0.218s] -- Up-to-date: /psd_ws/install/psd_vehicle_description/share/ament_index/resource_index/parent_prefix_path/psd_vehicle_description
[0.219s] -- Up-to-date: /psd_ws/install/psd_vehicle_description/share/psd_vehicle_description/environment/ament_prefix_path.sh
[0.219s] -- Up-to-date: /psd_ws/install/psd_vehicle_description/share/psd_vehicle_description/environment/ament_prefix_path.dsv
[0.219s] -- Up-to-date: /psd_ws/install/psd_vehicle_description/share/psd_vehicle_description/environment/path.sh
[0.219s] -- Up-to-date: /psd_ws/install/psd_vehicle_description/share/psd_vehicle_description/environment/path.dsv
[0.219s] -- Up-to-date: /psd_ws/install/psd_vehicle_description/share/psd_vehicle_description/local_setup.bash
[0.219s] -- Up-to-date: /psd_ws/install/psd_vehicle_description/share/psd_vehicle_description/local_setup.sh
[0.219s] -- Up-to-date: /psd_ws/install/psd_vehicle_description/share/psd_vehicle_description/local_setup.zsh
[0.219s] -- Up-to-date: /psd_ws/install/psd_vehicle_description/share/psd_vehicle_description/local_setup.dsv
[0.219s] -- Up-to-date: /psd_ws/install/psd_vehicle_description/share/psd_vehicle_description/package.dsv
[0.219s] -- Up-to-date: /psd_ws/install/psd_vehicle_description/share/ament_index/resource_index/packages/psd_vehicle_description
[0.219s] -- Up-to-date: /psd_ws/install/psd_vehicle_description/share/psd_vehicle_description/cmake/psd_vehicle_descriptionConfig.cmake
[0.219s] -- Up-to-date: /psd_ws/install/psd_vehicle_description/share/psd_vehicle_description/cmake/psd_vehicle_descriptionConfig-version.cmake
[0.219s] -- Up-to-date: /psd_ws/install/psd_vehicle_description/share/psd_vehicle_description/package.xml
[0.221s] Invoked command in '/psd_ws/build/psd_vehicle_description' returned '0': CMAKE_PREFIX_PATH=/psd_ws/install/ros_components_description:/psd_ws/install/psd_vehicle_hardware_interfaces:/psd_ws/install/psd_vehicle_bringup:/psd_ws/install/psd_vehicle_controller:/psd_ws/install/psd_vehicle_description:/psd_ws/install/psd_vehicle_interfaces:/psd_ws/install/psd_vehicle_gazebo:/psd_ws/install/psd_gazebo_worlds:/psd_ws/install/ign_ros2_control_demos:/psd_ws/install/ign_ros2_control:/psd_ws/install/core:/opt/ros/humble /usr/bin/cmake --install /psd_ws/build/psd_vehicle_description
