[0.025s] Invoking command in '/home/psd/psd_ws/build/ros2_control_demo_description': CMAKE_PREFIX_PATH=${CMAKE_PREFIX_PATH}:/home/psd/psd_ws/install/rqt_joint_trajectory_controller:/home/psd/psd_ws/install/rqt_controller_manager:/home/psd/psd_ws/install/ros2controlcli:/home/psd/psd_ws/install/ros2_controllers_test_nodes:/opt/ros/humble /usr/bin/cmake /home/psd/psd_ws/src/examples/ros2_control_demos/ros2_control_demo_description -DCMAKE_INSTALL_PREFIX=/home/psd/psd_ws/install/ros2_control_demo_description
[0.183s] -- The C compiler identification is GNU 11.4.0
[0.183s] -- The CXX compiler identification is GNU 11.4.0
[0.183s] -- Detecting C compiler ABI info
[0.183s] -- Detecting C compiler ABI info - done
[0.183s] -- Check for working C compiler: /usr/bin/cc - skipped
[0.183s] -- Detecting C compile features
[0.183s] -- Detecting C compile features - done
[0.183s] -- Detecting CXX compiler ABI info
[0.232s] -- Detecting CXX compiler ABI info - done
[0.238s] -- Check for working CXX compiler: /usr/bin/c++ - skipped
[0.238s] -- Detecting CXX compile features
[0.238s] -- Detecting CXX compile features - done
[0.240s] -- Found ament_cmake: 1.3.8 (/opt/ros/humble/share/ament_cmake/cmake)
[0.362s] -- Found Python3: /usr/bin/python3 (found version "3.10.12") found components: Interpreter 
[0.492s] -- Configuring done
[0.495s] -- Generating done
[0.496s] -- Build files have been written to: /home/psd/psd_ws/build/ros2_control_demo_description
[0.500s] Invoked command in '/home/psd/psd_ws/build/ros2_control_demo_description' returned '0': CMAKE_PREFIX_PATH=${CMAKE_PREFIX_PATH}:/home/psd/psd_ws/install/rqt_joint_trajectory_controller:/home/psd/psd_ws/install/rqt_controller_manager:/home/psd/psd_ws/install/ros2controlcli:/home/psd/psd_ws/install/ros2_controllers_test_nodes:/opt/ros/humble /usr/bin/cmake /home/psd/psd_ws/src/examples/ros2_control_demos/ros2_control_demo_description -DCMAKE_INSTALL_PREFIX=/home/psd/psd_ws/install/ros2_control_demo_description
[0.502s] Invoking command in '/home/psd/psd_ws/build/ros2_control_demo_description': CMAKE_PREFIX_PATH=${CMAKE_PREFIX_PATH}:/home/psd/psd_ws/install/rqt_joint_trajectory_controller:/home/psd/psd_ws/install/rqt_controller_manager:/home/psd/psd_ws/install/ros2controlcli:/home/psd/psd_ws/install/ros2_controllers_test_nodes:/opt/ros/humble /usr/bin/cmake --build /home/psd/psd_ws/build/ros2_control_demo_description -- -j20 -l20
[0.533s] Invoked command in '/home/psd/psd_ws/build/ros2_control_demo_description' returned '0': CMAKE_PREFIX_PATH=${CMAKE_PREFIX_PATH}:/home/psd/psd_ws/install/rqt_joint_trajectory_controller:/home/psd/psd_ws/install/rqt_controller_manager:/home/psd/psd_ws/install/ros2controlcli:/home/psd/psd_ws/install/ros2_controllers_test_nodes:/opt/ros/humble /usr/bin/cmake --build /home/psd/psd_ws/build/ros2_control_demo_description -- -j20 -l20
[0.566s] Invoking command in '/home/psd/psd_ws/build/ros2_control_demo_description': CMAKE_PREFIX_PATH=${CMAKE_PREFIX_PATH}:/home/psd/psd_ws/install/rqt_joint_trajectory_controller:/home/psd/psd_ws/install/rqt_controller_manager:/home/psd/psd_ws/install/ros2controlcli:/home/psd/psd_ws/install/ros2_controllers_test_nodes:/opt/ros/humble /usr/bin/cmake --install /home/psd/psd_ws/build/ros2_control_demo_description
[0.574s] -- Install configuration: ""
[0.574s] -- Installing: /home/psd/psd_ws/install/ros2_control_demo_description/share/ros2_control_demo_description/rrbot/urdf
[0.574s] -- Installing: /home/psd/psd_ws/install/ros2_control_demo_description/share/ros2_control_demo_description/rrbot/urdf/rrbot_description.urdf.xacro
[0.576s] -- Installing: /home/psd/psd_ws/install/ros2_control_demo_description/share/ros2_control_demo_description/rrbot/urdf/rrbot.materials.xacro
[0.576s] -- Installing: /home/psd/psd_ws/install/ros2_control_demo_description/share/ros2_control_demo_description/rrbot/rviz
[0.576s] -- Installing: /home/psd/psd_ws/install/ros2_control_demo_description/share/ros2_control_demo_description/rrbot/rviz/rrbot.rviz
[0.576s] -- Installing: /home/psd/psd_ws/install/ros2_control_demo_description/share/ros2_control_demo_description/diffbot/urdf
[0.576s] -- Installing: /home/psd/psd_ws/install/ros2_control_demo_description/share/ros2_control_demo_description/diffbot/urdf/diffbot.materials.xacro
[0.576s] -- Installing: /home/psd/psd_ws/install/ros2_control_demo_description/share/ros2_control_demo_description/diffbot/urdf/diffbot_description.urdf.xacro
[0.576s] -- Installing: /home/psd/psd_ws/install/ros2_control_demo_description/share/ros2_control_demo_description/diffbot/rviz
[0.576s] -- Installing: /home/psd/psd_ws/install/ros2_control_demo_description/share/ros2_control_demo_description/diffbot/rviz/diffbot.rviz
[0.576s] -- Installing: /home/psd/psd_ws/install/ros2_control_demo_description/share/ros2_control_demo_description/diffbot/rviz/diffbot_view.rviz
[0.576s] -- Installing: /home/psd/psd_ws/install/ros2_control_demo_description/share/ros2_control_demo_description/carlikebot/urdf
[0.577s] -- Installing: /home/psd/psd_ws/install/ros2_control_demo_description/share/ros2_control_demo_description/carlikebot/urdf/carlikebot_description.urdf.xacro
[0.577s] -- Installing: /home/psd/psd_ws/install/ros2_control_demo_description/share/ros2_control_demo_description/carlikebot/urdf/carlikebot.materials.xacro
[0.577s] -- Installing: /home/psd/psd_ws/install/ros2_control_demo_description/share/ros2_control_demo_description/carlikebot/rviz
[0.577s] -- Installing: /home/psd/psd_ws/install/ros2_control_demo_description/share/ros2_control_demo_description/carlikebot/rviz/carlikebot_view.rviz
[0.577s] -- Installing: /home/psd/psd_ws/install/ros2_control_demo_description/share/ros2_control_demo_description/carlikebot/rviz/carlikebot.rviz
[0.577s] -- Installing: /home/psd/psd_ws/install/ros2_control_demo_description/share/ros2_control_demo_description/r6bot/meshes
[0.577s] -- Installing: /home/psd/psd_ws/install/ros2_control_demo_description/share/ros2_control_demo_description/r6bot/meshes/collision
[0.577s] -- Installing: /home/psd/psd_ws/install/ros2_control_demo_description/share/ros2_control_demo_description/r6bot/meshes/collision/link_5.stl
[0.577s] -- Installing: /home/psd/psd_ws/install/ros2_control_demo_description/share/ros2_control_demo_description/r6bot/meshes/collision/link_3.stl
[0.578s] -- Installing: /home/psd/psd_ws/install/ros2_control_demo_description/share/ros2_control_demo_description/r6bot/meshes/collision/link_4.stl
[0.578s] -- Installing: /home/psd/psd_ws/install/ros2_control_demo_description/share/ros2_control_demo_description/r6bot/meshes/collision/link_2.stl
[0.579s] -- Installing: /home/psd/psd_ws/install/ros2_control_demo_description/share/ros2_control_demo_description/r6bot/meshes/collision/link_6.stl
[0.580s] -- Installing: /home/psd/psd_ws/install/ros2_control_demo_description/share/ros2_control_demo_description/r6bot/meshes/collision/link_1.stl
[0.580s] -- Installing: /home/psd/psd_ws/install/ros2_control_demo_description/share/ros2_control_demo_description/r6bot/meshes/collision/link_0.stl
[0.580s] -- Installing: /home/psd/psd_ws/install/ros2_control_demo_description/share/ros2_control_demo_description/r6bot/meshes/visual
[0.580s] -- Installing: /home/psd/psd_ws/install/ros2_control_demo_description/share/ros2_control_demo_description/r6bot/meshes/visual/link_0.dae
[0.581s] -- Installing: /home/psd/psd_ws/install/ros2_control_demo_description/share/ros2_control_demo_description/r6bot/meshes/visual/link_1.dae
[0.581s] -- Installing: /home/psd/psd_ws/install/ros2_control_demo_description/share/ros2_control_demo_description/r6bot/meshes/visual/link_4.dae
[0.582s] -- Installing: /home/psd/psd_ws/install/ros2_control_demo_description/share/ros2_control_demo_description/r6bot/meshes/visual/link_3.dae
[0.583s] -- Installing: /home/psd/psd_ws/install/ros2_control_demo_description/share/ros2_control_demo_description/r6bot/meshes/visual/link_2.dae
[0.586s] -- Installing: /home/psd/psd_ws/install/ros2_control_demo_description/share/ros2_control_demo_description/r6bot/meshes/visual/link_6.dae
[0.586s] -- Installing: /home/psd/psd_ws/install/ros2_control_demo_description/share/ros2_control_demo_description/r6bot/meshes/visual/link_5.dae
[0.587s] -- Installing: /home/psd/psd_ws/install/ros2_control_demo_description/share/ros2_control_demo_description/r6bot/srdf
[0.587s] -- Installing: /home/psd/psd_ws/install/ros2_control_demo_description/share/ros2_control_demo_description/r6bot/srdf/r6bot.srdf
[0.587s] -- Installing: /home/psd/psd_ws/install/ros2_control_demo_description/share/ros2_control_demo_description/r6bot/urdf
[0.587s] -- Installing: /home/psd/psd_ws/install/ros2_control_demo_description/share/ros2_control_demo_description/r6bot/urdf/inc
[0.587s] -- Installing: /home/psd/psd_ws/install/ros2_control_demo_description/share/ros2_control_demo_description/r6bot/urdf/inc/create_link.xacro
[0.587s] -- Installing: /home/psd/psd_ws/install/ros2_control_demo_description/share/ros2_control_demo_description/r6bot/urdf/r6bot_description.urdf.xacro
[0.588s] -- Installing: /home/psd/psd_ws/install/ros2_control_demo_description/share/ros2_control_demo_description/r6bot/rviz
[0.588s] -- Installing: /home/psd/psd_ws/install/ros2_control_demo_description/share/ros2_control_demo_description/r6bot/rviz/view_robot.rviz
[0.588s] -- Installing: /home/psd/psd_ws/install/ros2_control_demo_description/share/ament_index/resource_index/package_run_dependencies/ros2_control_demo_description
[0.588s] -- Installing: /home/psd/psd_ws/install/ros2_control_demo_description/share/ament_index/resource_index/parent_prefix_path/ros2_control_demo_description
[0.588s] -- Installing: /home/psd/psd_ws/install/ros2_control_demo_description/share/ros2_control_demo_description/environment/ament_prefix_path.sh
[0.588s] -- Installing: /home/psd/psd_ws/install/ros2_control_demo_description/share/ros2_control_demo_description/environment/ament_prefix_path.dsv
[0.589s] -- Installing: /home/psd/psd_ws/install/ros2_control_demo_description/share/ros2_control_demo_description/environment/path.sh
[0.589s] -- Installing: /home/psd/psd_ws/install/ros2_control_demo_description/share/ros2_control_demo_description/environment/path.dsv
[0.589s] -- Installing: /home/psd/psd_ws/install/ros2_control_demo_description/share/ros2_control_demo_description/local_setup.bash
[0.589s] -- Installing: /home/psd/psd_ws/install/ros2_control_demo_description/share/ros2_control_demo_description/local_setup.sh
[0.589s] -- Installing: /home/psd/psd_ws/install/ros2_control_demo_description/share/ros2_control_demo_description/local_setup.zsh
[0.590s] -- Installing: /home/psd/psd_ws/install/ros2_control_demo_description/share/ros2_control_demo_description/local_setup.dsv
[0.590s] -- Installing: /home/psd/psd_ws/install/ros2_control_demo_description/share/ros2_control_demo_description/package.dsv
[0.590s] -- Installing: /home/psd/psd_ws/install/ros2_control_demo_description/share/ament_index/resource_index/packages/ros2_control_demo_description
[0.590s] -- Installing: /home/psd/psd_ws/install/ros2_control_demo_description/share/ros2_control_demo_description/cmake/ros2_control_demo_descriptionConfig.cmake
[0.590s] -- Installing: /home/psd/psd_ws/install/ros2_control_demo_description/share/ros2_control_demo_description/cmake/ros2_control_demo_descriptionConfig-version.cmake
[0.590s] -- Installing: /home/psd/psd_ws/install/ros2_control_demo_description/share/ros2_control_demo_description/package.xml
[0.592s] Invoked command in '/home/psd/psd_ws/build/ros2_control_demo_description' returned '0': CMAKE_PREFIX_PATH=${CMAKE_PREFIX_PATH}:/home/psd/psd_ws/install/rqt_joint_trajectory_controller:/home/psd/psd_ws/install/rqt_controller_manager:/home/psd/psd_ws/install/ros2controlcli:/home/psd/psd_ws/install/ros2_controllers_test_nodes:/opt/ros/humble /usr/bin/cmake --install /home/psd/psd_ws/build/ros2_control_demo_description
