[0.062s] Invoking command in '/psd_ws/build/psd_vehicle_hardware_interfaces': CMAKE_PREFIX_PATH=${CMAKE_PREFIX_PATH}:/opt/ros/humble /usr/bin/cmake /psd_ws/src/psd_vehicle_hardware_interfaces -DCMAKE_INSTALL_PREFIX=/psd_ws/install/psd_vehicle_hardware_interfaces
[0.115s] -- The C compiler identification is GNU 11.4.0
[0.158s] -- The CXX compiler identification is GNU 11.4.0
[0.163s] -- Detecting C compiler ABI info
[0.215s] -- Detecting C compiler ABI info - done
[0.223s] -- Check for working C compiler: /usr/bin/cc - skipped
[0.224s] -- Detecting C compile features
[0.224s] -- Detecting C compile features - done
[0.227s] -- Detecting CXX compiler ABI info
[0.287s] -- Detecting CXX compiler ABI info - done
[0.295s] -- Check for working CXX compiler: /usr/bin/c++ - skipped
[0.295s] -- Detecting CXX compile features
[0.296s] -- Detecting CXX compile features - done
[0.297s] -- Found ament_cmake: 1.3.8 (/opt/ros/humble/share/ament_cmake/cmake)
[0.421s] -- Found Python3: /usr/bin/python3 (found version "3.10.12") found components: Interpreter 
[0.505s] -- Found controller_interface: 2.40.0 (/opt/ros/humble/share/controller_interface/cmake)
[0.544s] -- Found rosidl_generator_c: 3.1.5 (/opt/ros/humble/share/rosidl_generator_c/cmake)
[0.551s] -- Found rosidl_adapter: 3.1.5 (/opt/ros/humble/share/rosidl_adapter/cmake)
[0.561s] -- Found rosidl_generator_cpp: 3.1.5 (/opt/ros/humble/share/rosidl_generator_cpp/cmake)
[0.579s] -- Using all available rosidl_typesupport_c: rosidl_typesupport_fastrtps_c;rosidl_typesupport_introspection_c
[0.600s] -- Using all available rosidl_typesupport_cpp: rosidl_typesupport_fastrtps_cpp;rosidl_typesupport_introspection_cpp
[1.146s] -- Found rmw_implementation_cmake: 6.1.1 (/opt/ros/humble/share/rmw_implementation_cmake/cmake)
[1.148s] -- Found rmw_fastrtps_cpp: 6.2.6 (/opt/ros/humble/share/rmw_fastrtps_cpp/cmake)
[1.176s] -- Found TinyXML2 via Config file: TinyXML2_DIR-NOTFOUND
[1.218s] -- Found OpenSSL: /usr/lib/x86_64-linux-gnu/libcrypto.so (found version "3.0.2")  
[1.220s] -- Found TinyXML2 via Config file: TinyXML2_DIR-NOTFOUND
[1.231s] -- Found FastRTPS: /opt/ros/humble/include  
[1.237s] -- Found TinyXML2 via Config file: TinyXML2_DIR-NOTFOUND
[1.244s] -- Found TinyXML2 via Config file: TinyXML2_DIR-NOTFOUND
[1.252s] -- Using RMW implementation 'rmw_fastrtps_cpp' as default
[1.260s] -- Looking for pthread.h
[1.313s] -- Looking for pthread.h - found
[1.313s] -- Performing Test CMAKE_HAVE_LIBC_PTHREAD
[1.365s] -- Performing Test CMAKE_HAVE_LIBC_PTHREAD - Success
[1.366s] -- Found Threads: TRUE  
[1.571s] -- Found realtime_tools: 2.5.0 (/opt/ros/humble/share/realtime_tools/cmake)
[1.851s] -- Configuring done
[1.883s] -- Generating done
[1.885s] -- Build files have been written to: /psd_ws/build/psd_vehicle_hardware_interfaces
[1.896s] Invoked command in '/psd_ws/build/psd_vehicle_hardware_interfaces' returned '0': CMAKE_PREFIX_PATH=${CMAKE_PREFIX_PATH}:/opt/ros/humble /usr/bin/cmake /psd_ws/src/psd_vehicle_hardware_interfaces -DCMAKE_INSTALL_PREFIX=/psd_ws/install/psd_vehicle_hardware_interfaces
[1.897s] Invoking command in '/psd_ws/build/psd_vehicle_hardware_interfaces': CMAKE_PREFIX_PATH=${CMAKE_PREFIX_PATH}:/opt/ros/humble /usr/bin/cmake --build /psd_ws/build/psd_vehicle_hardware_interfaces -- -j20 -l20
[1.950s] [ 66%] [32mBuilding CXX object CMakeFiles/psd_vehicle_hardware_interfaces.dir/src/psd_vehicle_imu_sensor.cpp.o[0m
[1.950s] [ 66%] [32mBuilding CXX object CMakeFiles/psd_vehicle_hardware_interfaces.dir/src/psd_vehicle_system.cpp.o[0m
[8.689s] [100%] [32m[1mLinking CXX shared library libpsd_vehicle_hardware_interfaces.so[0m
[9.309s] [100%] Built target psd_vehicle_hardware_interfaces
[9.320s] Invoked command in '/psd_ws/build/psd_vehicle_hardware_interfaces' returned '0': CMAKE_PREFIX_PATH=${CMAKE_PREFIX_PATH}:/opt/ros/humble /usr/bin/cmake --build /psd_ws/build/psd_vehicle_hardware_interfaces -- -j20 -l20
[9.337s] Invoking command in '/psd_ws/build/psd_vehicle_hardware_interfaces': CMAKE_PREFIX_PATH=${CMAKE_PREFIX_PATH}:/opt/ros/humble /usr/bin/cmake --install /psd_ws/build/psd_vehicle_hardware_interfaces
[9.343s] -- Install configuration: ""
[9.343s] -- Installing: /psd_ws/install/psd_vehicle_hardware_interfaces/share/psd_vehicle_hardware_interfaces/psd_vehicle_hardware_interfaces.xml
[9.344s] -- Installing: /psd_ws/install/psd_vehicle_hardware_interfaces/include
[9.344s] -- Installing: /psd_ws/install/psd_vehicle_hardware_interfaces/include/psd_vehicle_hardware_interfaces
[9.344s] -- Installing: /psd_ws/install/psd_vehicle_hardware_interfaces/include/psd_vehicle_hardware_interfaces/visibility_control.hpp
[9.344s] -- Installing: /psd_ws/install/psd_vehicle_hardware_interfaces/include/psd_vehicle_hardware_interfaces/psd_vehicle_imu_sensor.hpp
[9.344s] -- Installing: /psd_ws/install/psd_vehicle_hardware_interfaces/include/psd_vehicle_hardware_interfaces/psd_vehicle_system.hpp
[9.344s] -- Installing: /psd_ws/install/psd_vehicle_hardware_interfaces/share/psd_vehicle_hardware_interfaces/launch
[9.344s] -- Installing: /psd_ws/install/psd_vehicle_hardware_interfaces/share/psd_vehicle_hardware_interfaces/launch/example_diff_drive.launch.py
[9.344s] -- Installing: /psd_ws/install/psd_vehicle_hardware_interfaces/share/psd_vehicle_hardware_interfaces/config
[9.344s] -- Installing: /psd_ws/install/psd_vehicle_hardware_interfaces/share/psd_vehicle_hardware_interfaces/config/example_diff_drive_controller.yaml
[9.344s] -- Installing: /psd_ws/install/psd_vehicle_hardware_interfaces/share/psd_vehicle_hardware_interfaces/urdf
[9.344s] -- Installing: /psd_ws/install/psd_vehicle_hardware_interfaces/share/psd_vehicle_hardware_interfaces/urdf/ros2_control.urdf.xacro
[9.344s] -- Installing: /psd_ws/install/psd_vehicle_hardware_interfaces/lib/libpsd_vehicle_hardware_interfaces.so
[9.351s] -- Set runtime path of "/psd_ws/install/psd_vehicle_hardware_interfaces/lib/libpsd_vehicle_hardware_interfaces.so" to ""
[9.351s] -- Installing: /psd_ws/install/psd_vehicle_hardware_interfaces/share/psd_vehicle_hardware_interfaces/environment/library_path.sh
[9.351s] -- Installing: /psd_ws/install/psd_vehicle_hardware_interfaces/share/psd_vehicle_hardware_interfaces/environment/library_path.dsv
[9.351s] -- Installing: /psd_ws/install/psd_vehicle_hardware_interfaces/share/ament_index/resource_index/package_run_dependencies/psd_vehicle_hardware_interfaces
[9.351s] -- Installing: /psd_ws/install/psd_vehicle_hardware_interfaces/share/ament_index/resource_index/parent_prefix_path/psd_vehicle_hardware_interfaces
[9.351s] -- Installing: /psd_ws/install/psd_vehicle_hardware_interfaces/share/psd_vehicle_hardware_interfaces/environment/ament_prefix_path.sh
[9.351s] -- Installing: /psd_ws/install/psd_vehicle_hardware_interfaces/share/psd_vehicle_hardware_interfaces/environment/ament_prefix_path.dsv
[9.351s] -- Installing: /psd_ws/install/psd_vehicle_hardware_interfaces/share/psd_vehicle_hardware_interfaces/environment/path.sh
[9.351s] -- Installing: /psd_ws/install/psd_vehicle_hardware_interfaces/share/psd_vehicle_hardware_interfaces/environment/path.dsv
[9.351s] -- Installing: /psd_ws/install/psd_vehicle_hardware_interfaces/share/psd_vehicle_hardware_interfaces/local_setup.bash
[9.351s] -- Installing: /psd_ws/install/psd_vehicle_hardware_interfaces/share/psd_vehicle_hardware_interfaces/local_setup.sh
[9.351s] -- Installing: /psd_ws/install/psd_vehicle_hardware_interfaces/share/psd_vehicle_hardware_interfaces/local_setup.zsh
[9.352s] -- Installing: /psd_ws/install/psd_vehicle_hardware_interfaces/share/psd_vehicle_hardware_interfaces/local_setup.dsv
[9.352s] -- Installing: /psd_ws/install/psd_vehicle_hardware_interfaces/share/psd_vehicle_hardware_interfaces/package.dsv
[9.352s] -- Installing: /psd_ws/install/psd_vehicle_hardware_interfaces/share/ament_index/resource_index/packages/psd_vehicle_hardware_interfaces
[9.352s] -- Installing: /psd_ws/install/psd_vehicle_hardware_interfaces/share/ament_index/resource_index/hardware_interface__pluginlib__plugin/psd_vehicle_hardware_interfaces
[9.352s] -- Installing: /psd_ws/install/psd_vehicle_hardware_interfaces/share/psd_vehicle_hardware_interfaces/cmake/ament_cmake_export_include_directories-extras.cmake
[9.352s] -- Installing: /psd_ws/install/psd_vehicle_hardware_interfaces/share/psd_vehicle_hardware_interfaces/cmake/ament_cmake_export_libraries-extras.cmake
[9.352s] -- Installing: /psd_ws/install/psd_vehicle_hardware_interfaces/share/psd_vehicle_hardware_interfaces/cmake/ament_cmake_export_dependencies-extras.cmake
[9.352s] -- Installing: /psd_ws/install/psd_vehicle_hardware_interfaces/share/psd_vehicle_hardware_interfaces/cmake/psd_vehicle_hardware_interfacesConfig.cmake
[9.352s] -- Installing: /psd_ws/install/psd_vehicle_hardware_interfaces/share/psd_vehicle_hardware_interfaces/cmake/psd_vehicle_hardware_interfacesConfig-version.cmake
[9.352s] -- Installing: /psd_ws/install/psd_vehicle_hardware_interfaces/share/psd_vehicle_hardware_interfaces/package.xml
[9.354s] Invoked command in '/psd_ws/build/psd_vehicle_hardware_interfaces' returned '0': CMAKE_PREFIX_PATH=${CMAKE_PREFIX_PATH}:/opt/ros/humble /usr/bin/cmake --install /psd_ws/build/psd_vehicle_hardware_interfaces
