[0.011s] Invoking command in '/home/psd/psd_ws/build/control_toolbox': AMENT_PREFIX_PATH=/home/psd/psd_ws/install/realtime_tools:/home/psd/psd_ws/install/control_msgs:${AMENT_PREFIX_PATH} CMAKE_PREFIX_PATH=/home/psd/psd_ws/install/realtime_tools:/home/psd/psd_ws/install/control_msgs:/opt/ros/humble LD_LIBRARY_PATH=/home/psd/psd_ws/install/realtime_tools/lib:/home/psd/psd_ws/install/control_msgs/lib:${LD_LIBRARY_PATH} PYTHONPATH=/home/psd/psd_ws/install/control_msgs/local/lib/python3.10/dist-packages:${PYTHONPATH} /usr/bin/cmake /home/psd/psd_ws/src/ros-controls/control_toolbox -DAMENT_CMAKE_SYMLINK_INSTALL=1 -DCMAKE_INSTALL_PREFIX=/home/psd/psd_ws/install/control_toolbox
[0.051s] -- The CXX compiler identification is GNU 11.4.0
[0.056s] -- Detecting CXX compiler ABI info
[0.104s] -- Detecting CXX compiler ABI info - done
[0.109s] -- Check for working CXX compiler: /usr/bin/c++ - skipped
[0.109s] -- Detecting CXX compile features
[0.109s] -- Detecting CXX compile features - done
[0.111s] -- Found ament_cmake: 1.3.8 (/opt/ros/humble/share/ament_cmake/cmake)
[0.211s] -- Found Python3: /usr/bin/python3 (found version "3.10.12") found components: Interpreter 
[0.250s] -- Override CMake install command with custom implementation using symlinks instead of copying resources
[0.274s] -- Found control_msgs: 4.4.0 (/home/psd/psd_ws/install/control_msgs/share/control_msgs/cmake)
[0.304s] -- Found rosidl_generator_c: 3.1.5 (/opt/ros/humble/share/rosidl_generator_c/cmake)
[0.308s] -- Found rosidl_adapter: 3.1.5 (/opt/ros/humble/share/rosidl_adapter/cmake)
[0.315s] -- Found rosidl_generator_cpp: 3.1.5 (/opt/ros/humble/share/rosidl_generator_cpp/cmake)
[0.325s] -- Using all available rosidl_typesupport_c: rosidl_typesupport_fastrtps_c;rosidl_typesupport_introspection_c
[0.338s] -- Using all available rosidl_typesupport_cpp: rosidl_typesupport_fastrtps_cpp;rosidl_typesupport_introspection_cpp
[0.672s] -- Found rclcpp: 16.0.8 (/opt/ros/humble/share/rclcpp/cmake)
[0.712s] -- Found rmw_implementation_cmake: 6.1.1 (/opt/ros/humble/share/rmw_implementation_cmake/cmake)
[0.715s] -- Found rmw_fastrtps_cpp: 6.2.6 (/opt/ros/humble/share/rmw_fastrtps_cpp/cmake)
[0.778s] -- Found OpenSSL: /usr/lib/x86_64-linux-gnu/libcrypto.so (found version "3.0.2")  
[0.797s] -- Found FastRTPS: /opt/ros/humble/include  
[0.831s] -- Using RMW implementation 'rmw_fastrtps_cpp' as default
[0.839s] -- Looking for C++ include pthread.h
[0.888s] -- Looking for C++ include pthread.h - found
[0.888s] -- Performing Test CMAKE_HAVE_LIBC_PTHREAD
[0.940s] -- Performing Test CMAKE_HAVE_LIBC_PTHREAD - Success
[0.940s] -- Found Threads: TRUE  
[1.016s] -- Found realtime_tools: 2.5.0 (/home/psd/psd_ws/install/realtime_tools/share/realtime_tools/cmake)
[1.044s] -- Found filters: 2.1.0 (/opt/ros/humble/share/filters/cmake)
[1.046s] -- Found generate_parameter_library: 0.3.8 (/opt/ros/humble/share/generate_parameter_library/cmake)
[1.048s] -- Found parameter_traits: 0.3.8 (/opt/ros/humble/share/parameter_traits/cmake)
[1.068s] -- Found rclcpp_lifecycle: 16.0.8 (/opt/ros/humble/share/rclcpp_lifecycle/cmake)
[1.094s] -- Found pluginlib: 5.1.0 (/opt/ros/humble/share/pluginlib/cmake)
[1.118s] -- Found ament_cmake_gmock: 1.3.8 (/opt/ros/humble/share/ament_cmake_gmock/cmake)
[1.119s] -- Found ament_cmake_gtest: 1.3.8 (/opt/ros/humble/share/ament_cmake_gtest/cmake)
[1.121s] -- Found gmock sources under '/opt/ros/humble/src/gmock_vendor': C++ tests using 'Google Mock' will be built
[1.146s] -- The C compiler identification is GNU 11.4.0
[1.150s] -- Detecting C compiler ABI info
[1.191s] -- Detecting C compiler ABI info - done
[1.195s] -- Check for working C compiler: /usr/bin/cc - skipped
[1.196s] -- Detecting C compile features
[1.196s] -- Detecting C compile features - done
[1.199s] -- Found gtest sources under '/opt/ros/humble/src/gtest_vendor': C++ tests using 'Google Test' will be built
[1.251s] -- Configuring done
[1.283s] -- Generating done
[1.284s] -- Build files have been written to: /home/psd/psd_ws/build/control_toolbox
[1.293s] Invoked command in '/home/psd/psd_ws/build/control_toolbox' returned '0': AMENT_PREFIX_PATH=/home/psd/psd_ws/install/realtime_tools:/home/psd/psd_ws/install/control_msgs:${AMENT_PREFIX_PATH} CMAKE_PREFIX_PATH=/home/psd/psd_ws/install/realtime_tools:/home/psd/psd_ws/install/control_msgs:/opt/ros/humble LD_LIBRARY_PATH=/home/psd/psd_ws/install/realtime_tools/lib:/home/psd/psd_ws/install/control_msgs/lib:${LD_LIBRARY_PATH} PYTHONPATH=/home/psd/psd_ws/install/control_msgs/local/lib/python3.10/dist-packages:${PYTHONPATH} /usr/bin/cmake /home/psd/psd_ws/src/ros-controls/control_toolbox -DAMENT_CMAKE_SYMLINK_INSTALL=1 -DCMAKE_INSTALL_PREFIX=/home/psd/psd_ws/install/control_toolbox
[1.293s] Invoking command in '/home/psd/psd_ws/build/control_toolbox': AMENT_PREFIX_PATH=/home/psd/psd_ws/install/realtime_tools:/home/psd/psd_ws/install/control_msgs:${AMENT_PREFIX_PATH} CMAKE_PREFIX_PATH=/home/psd/psd_ws/install/realtime_tools:/home/psd/psd_ws/install/control_msgs:/opt/ros/humble LD_LIBRARY_PATH=/home/psd/psd_ws/install/realtime_tools/lib:/home/psd/psd_ws/install/control_msgs/lib:${LD_LIBRARY_PATH} PYTHONPATH=/home/psd/psd_ws/install/control_msgs/local/lib/python3.10/dist-packages:${PYTHONPATH} /usr/bin/cmake --build /home/psd/psd_ws/build/control_toolbox -- -j20 -l20
[1.332s] [  6%] [32mBuilding CXX object CMakeFiles/control_toolbox.dir/src/limited_proxy.cpp.o[0m
[1.332s] [ 10%] [32mBuilding CXX object CMakeFiles/control_toolbox.dir/src/pid_ros.cpp.o[0m
[1.332s] [ 10%] [32mBuilding CXX object CMakeFiles/control_toolbox.dir/src/dither.cpp.o[0m
[1.333s] [ 13%] [32mBuilding CXX object CMakeFiles/control_toolbox.dir/src/sinusoid.cpp.o[0m
[1.334s] [ 20%] [32mBuilding CXX object CMakeFiles/control_toolbox.dir/src/pid.cpp.o[0m
[1.334s] [ 20%] [32mBuilding CXX object CMakeFiles/control_toolbox.dir/src/sine_sweep.cpp.o[0m
[1.334s] [ 24%] [34m[1mRunning `/opt/ros/humble/bin/generate_parameter_library_cpp /home/psd/psd_ws/build/control_toolbox/low_pass_filter_parameters/include//low_pass_filter_parameters.hpp /home/psd/psd_ws/src/ros-controls/control_toolbox/src/control_filters/low_pass_filter_parameters.yaml `[0m
[1.335s] [ 34%] [32mBuilding CXX object gtest/CMakeFiles/gtest_main.dir/src/gtest_main.cc.o[0m
[1.335s] [ 34%] [32mBuilding CXX object gtest/CMakeFiles/gtest.dir/src/gtest-all.cc.o[0m
[1.335s] [ 34%] [32mBuilding CXX object gmock/CMakeFiles/gmock_main.dir/src/gmock_main.cc.o[0m
[1.339s] [ 37%] [32mBuilding CXX object gmock/CMakeFiles/gmock.dir/opt/ros/humble/src/gtest_vendor/src/gtest-all.cc.o[0m
[1.342s] [ 41%] [32mBuilding CXX object gmock/CMakeFiles/gmock.dir/src/gmock-all.cc.o[0m
[1.740s] [ 41%] Built target low_pass_filter_parameters
[1.765s] [ 44%] [32mBuilding CXX object CMakeFiles/low_pass_filter.dir/src/control_filters/low_pass_filter.cpp.o[0m
[2.467s] [ 48%] [32m[1mLinking CXX static library libgtest_main.a[0m
[2.478s] [ 51%] [32m[1mLinking CXX static library libgmock_main.a[0m
[2.500s] [ 51%] Built target gmock_main
[2.500s] [ 51%] Built target gtest_main
[3.802s] [ 55%] [32m[1mLinking CXX static library libgmock.a[0m
[3.846s] [ 55%] Built target gmock
[3.865s] [ 58%] [32m[1mLinking CXX static library libgtest.a[0m
[3.902s] [ 58%] Built target gtest
[4.258s] [ 62%] [32m[1mLinking CXX shared library libcontrol_toolbox.so[0m
[4.390s] [ 62%] Built target control_toolbox
[4.403s] [ 68%] [32mBuilding CXX object CMakeFiles/pid_tests.dir/test/pid_tests.cpp.o[0m
[4.403s] [ 68%] [32mBuilding CXX object CMakeFiles/pid_parameters_tests.dir/test/pid_parameters_tests.cpp.o[0m
[4.404s] [ 72%] [32mBuilding CXX object CMakeFiles/pid_publisher_tests.dir/test/pid_publisher_tests.cpp.o[0m
[4.972s] [ 75%] [32m[1mLinking CXX shared library liblow_pass_filter.so[0m
[5.065s] [ 75%] Built target low_pass_filter
[5.078s] [ 82%] [32mBuilding CXX object CMakeFiles/test_load_low_pass_filter.dir/test/control_filters/test_load_low_pass_filter.cpp.o[0m
[5.078s] [ 82%] [32mBuilding CXX object CMakeFiles/test_low_pass_filter.dir/test/control_filters/test_low_pass_filter.cpp.o[0m
[6.504s] [ 86%] [32m[1mLinking CXX executable pid_tests[0m
[6.792s] [ 86%] Built target pid_tests
[6.826s] [ 89%] [32m[1mLinking CXX executable pid_parameters_tests[0m
[7.109s] [ 89%] Built target pid_parameters_tests
[9.649s] [ 93%] [32m[1mLinking CXX executable test_low_pass_filter[0m
[9.804s] [ 93%] Built target test_low_pass_filter
[10.190s] [ 96%] [32m[1mLinking CXX executable pid_publisher_tests[0m
[10.595s] [ 96%] Built target pid_publisher_tests
[11.314s] [100%] [32m[1mLinking CXX executable test_load_low_pass_filter[0m
[11.699s] [100%] Built target test_load_low_pass_filter
[11.718s] Invoked command in '/home/psd/psd_ws/build/control_toolbox' returned '0': AMENT_PREFIX_PATH=/home/psd/psd_ws/install/realtime_tools:/home/psd/psd_ws/install/control_msgs:${AMENT_PREFIX_PATH} CMAKE_PREFIX_PATH=/home/psd/psd_ws/install/realtime_tools:/home/psd/psd_ws/install/control_msgs:/opt/ros/humble LD_LIBRARY_PATH=/home/psd/psd_ws/install/realtime_tools/lib:/home/psd/psd_ws/install/control_msgs/lib:${LD_LIBRARY_PATH} PYTHONPATH=/home/psd/psd_ws/install/control_msgs/local/lib/python3.10/dist-packages:${PYTHONPATH} /usr/bin/cmake --build /home/psd/psd_ws/build/control_toolbox -- -j20 -l20
[11.782s] Invoking command in '/home/psd/psd_ws/build/control_toolbox': AMENT_PREFIX_PATH=/home/psd/psd_ws/install/realtime_tools:/home/psd/psd_ws/install/control_msgs:${AMENT_PREFIX_PATH} CMAKE_PREFIX_PATH=/home/psd/psd_ws/install/realtime_tools:/home/psd/psd_ws/install/control_msgs:/opt/ros/humble LD_LIBRARY_PATH=/home/psd/psd_ws/install/realtime_tools/lib:/home/psd/psd_ws/install/control_msgs/lib:${LD_LIBRARY_PATH} PYTHONPATH=/home/psd/psd_ws/install/control_msgs/local/lib/python3.10/dist-packages:${PYTHONPATH} /usr/bin/cmake --install /home/psd/psd_ws/build/control_toolbox
[11.791s] -- Install configuration: ""
[11.791s] -- Execute custom install script
[11.792s] -- Symlinking: /home/psd/psd_ws/install/control_toolbox/include/low_pass_filter_parameters/low_pass_filter_parameters.hpp
[11.802s] -- Symlinking: /home/psd/psd_ws/install/control_toolbox/share/control_toolbox//control_filters.xml
[11.813s] -- Symlinking: /home/psd/psd_ws/install/control_toolbox/include/control_toolbox/control_filters/low_pass_filter.hpp
[11.824s] -- Symlinking: /home/psd/psd_ws/install/control_toolbox/include/control_toolbox/control_toolbox/dither.hpp
[11.834s] -- Symlinking: /home/psd/psd_ws/install/control_toolbox/include/control_toolbox/control_toolbox/filters.hpp
[11.845s] -- Symlinking: /home/psd/psd_ws/install/control_toolbox/include/control_toolbox/control_toolbox/limited_proxy.hpp
[11.855s] -- Symlinking: /home/psd/psd_ws/install/control_toolbox/include/control_toolbox/control_toolbox/pid.hpp
[11.865s] -- Symlinking: /home/psd/psd_ws/install/control_toolbox/include/control_toolbox/control_toolbox/pid_ros.hpp
[11.876s] -- Symlinking: /home/psd/psd_ws/install/control_toolbox/include/control_toolbox/control_toolbox/sine_sweep.hpp
[11.887s] -- Symlinking: /home/psd/psd_ws/install/control_toolbox/include/control_toolbox/control_toolbox/sinusoid.hpp
[11.897s] -- Symlinking: /home/psd/psd_ws/install/control_toolbox/include/control_toolbox/control_toolbox/visibility_control.hpp
[11.908s] -- Symlinking: /home/psd/psd_ws/install/control_toolbox/share/control_toolbox/environment/library_path.sh
[11.919s] -- Symlinking: /home/psd/psd_ws/install/control_toolbox/share/control_toolbox/environment/library_path.dsv
[11.930s] -- Symlinking: /home/psd/psd_ws/install/control_toolbox/share/ament_index/resource_index/package_run_dependencies/control_toolbox
[11.941s] -- Symlinking: /home/psd/psd_ws/install/control_toolbox/share/ament_index/resource_index/parent_prefix_path/control_toolbox
[11.952s] -- Symlinking: /home/psd/psd_ws/install/control_toolbox/share/control_toolbox/environment/ament_prefix_path.sh
[11.962s] -- Symlinking: /home/psd/psd_ws/install/control_toolbox/share/control_toolbox/environment/ament_prefix_path.dsv
[11.973s] -- Symlinking: /home/psd/psd_ws/install/control_toolbox/share/control_toolbox/environment/path.sh
[11.982s] -- Symlinking: /home/psd/psd_ws/install/control_toolbox/share/control_toolbox/environment/path.dsv
[11.993s] -- Symlinking: /home/psd/psd_ws/install/control_toolbox/share/control_toolbox/local_setup.bash
[12.003s] -- Symlinking: /home/psd/psd_ws/install/control_toolbox/share/control_toolbox/local_setup.sh
[12.013s] -- Symlinking: /home/psd/psd_ws/install/control_toolbox/share/control_toolbox/local_setup.zsh
[12.023s] -- Symlinking: /home/psd/psd_ws/install/control_toolbox/share/control_toolbox/local_setup.dsv
[12.033s] -- Symlinking: /home/psd/psd_ws/install/control_toolbox/share/control_toolbox/package.dsv
[12.043s] -- Symlinking: /home/psd/psd_ws/install/control_toolbox/share/ament_index/resource_index/packages/control_toolbox
[12.053s] -- Symlinking: /home/psd/psd_ws/install/control_toolbox/share/ament_index/resource_index/filters__pluginlib__plugin/control_toolbox
[12.063s] -- Symlinking: /home/psd/psd_ws/install/control_toolbox/share/control_toolbox/cmake/ament_cmake_export_targets-extras.cmake
[12.073s] -- Symlinking: /home/psd/psd_ws/install/control_toolbox/share/control_toolbox/cmake/ament_cmake_export_dependencies-extras.cmake
[12.083s] -- Symlinking: /home/psd/psd_ws/install/control_toolbox/share/control_toolbox/cmake/control_toolboxConfig.cmake
[12.093s] -- Symlinking: /home/psd/psd_ws/install/control_toolbox/share/control_toolbox/cmake/control_toolboxConfig-version.cmake
[12.103s] -- Symlinking: /home/psd/psd_ws/install/control_toolbox/share/control_toolbox/package.xml
[12.114s] -- Installing: /home/psd/psd_ws/install/control_toolbox/lib/libcontrol_toolbox.so
[12.116s] -- Set runtime path of "/home/psd/psd_ws/install/control_toolbox/lib/libcontrol_toolbox.so" to ""
[12.116s] -- Installing: /home/psd/psd_ws/install/control_toolbox/lib/liblow_pass_filter.so
[12.117s] -- Set runtime path of "/home/psd/psd_ws/install/control_toolbox/lib/liblow_pass_filter.so" to ""
[12.117s] -- Installing: /home/psd/psd_ws/install/control_toolbox/share/control_toolbox/cmake/export_control_toolboxExport.cmake
[12.118s] -- Installing: /home/psd/psd_ws/install/control_toolbox/share/control_toolbox/cmake/export_control_toolboxExport-noconfig.cmake
[12.120s] Invoked command in '/home/psd/psd_ws/build/control_toolbox' returned '0': AMENT_PREFIX_PATH=/home/psd/psd_ws/install/realtime_tools:/home/psd/psd_ws/install/control_msgs:${AMENT_PREFIX_PATH} CMAKE_PREFIX_PATH=/home/psd/psd_ws/install/realtime_tools:/home/psd/psd_ws/install/control_msgs:/opt/ros/humble LD_LIBRARY_PATH=/home/psd/psd_ws/install/realtime_tools/lib:/home/psd/psd_ws/install/control_msgs/lib:${LD_LIBRARY_PATH} PYTHONPATH=/home/psd/psd_ws/install/control_msgs/local/lib/python3.10/dist-packages:${PYTHONPATH} /usr/bin/cmake --install /home/psd/psd_ws/build/control_toolbox
