[0.210s] Invoking command in '/home/psd/psd_ws/build/range_sensor_broadcaster': AMENT_PREFIX_PATH=/home/psd/psd_ws/install/controller_manager:/home/psd/psd_ws/install/hardware_interface_testing:/home/psd/psd_ws/install/controller_interface:/home/psd/psd_ws/install/hardware_interface:/home/psd/psd_ws/install/ros2_control_test_assets:/home/psd/psd_ws/install/realtime_tools:/home/psd/psd_ws/install/controller_manager_msgs:/home/psd/psd_ws/install/control_msgs:${AMENT_PREFIX_PATH} CMAKE_PREFIX_PATH=/home/psd/psd_ws/install/controller_manager:/home/psd/psd_ws/install/hardware_interface_testing:/home/psd/psd_ws/install/controller_interface:/home/psd/psd_ws/install/hardware_interface:/home/psd/psd_ws/install/ros2_control_test_assets:/home/psd/psd_ws/install/realtime_tools:/home/psd/psd_ws/install/controller_manager_msgs:/home/psd/psd_ws/install/control_msgs:/opt/ros/humble LD_LIBRARY_PATH=/home/psd/psd_ws/install/controller_manager/lib:/home/psd/psd_ws/install/hardware_interface_testing/lib:/home/psd/psd_ws/install/controller_interface/lib:/home/psd/psd_ws/install/hardware_interface/lib:/home/psd/psd_ws/install/realtime_tools/lib:/home/psd/psd_ws/install/controller_manager_msgs/lib:/home/psd/psd_ws/install/control_msgs/lib:${LD_LIBRARY_PATH} PYTHONPATH=/home/psd/psd_ws/install/controller_manager/local/lib/python3.10/dist-packages:/home/psd/psd_ws/install/controller_manager_msgs/local/lib/python3.10/dist-packages:/home/psd/psd_ws/install/control_msgs/local/lib/python3.10/dist-packages:${PYTHONPATH} /usr/bin/cmake --build /home/psd/psd_ws/build/range_sensor_broadcaster -- -j20 -l20
[0.366s] [ 10%] Built target range_sensor_broadcaster_parameters
[0.415s] [ 20%] [32mBuilding CXX object gmock/CMakeFiles/gmock.dir/opt/ros/humble/src/gtest_vendor/src/gtest-all.cc.o[0m
[0.475s] [ 30%] [32mBuilding CXX object gmock/CMakeFiles/gmock.dir/src/gmock-all.cc.o[0m
[0.506s] [ 40%] [32m[1mLinking CXX shared library librange_sensor_broadcaster.so[0m
[1.157s] [ 50%] Built target range_sensor_broadcaster
[6.341s] [ 60%] [32m[1mLinking CXX static library libgmock.a[0m
[6.596s] [ 60%] Built target gmock
[6.702s] [ 70%] [32m[1mLinking CXX executable test_load_range_sensor_broadcaster[0m
[6.737s] [ 80%] [32m[1mLinking CXX executable test_range_sensor_broadcaster[0m
[10.103s] [ 90%] Built target test_load_range_sensor_broadcaster
[10.492s] [100%] Built target test_range_sensor_broadcaster
[10.564s] Invoked command in '/home/psd/psd_ws/build/range_sensor_broadcaster' returned '0': AMENT_PREFIX_PATH=/home/psd/psd_ws/install/controller_manager:/home/psd/psd_ws/install/hardware_interface_testing:/home/psd/psd_ws/install/controller_interface:/home/psd/psd_ws/install/hardware_interface:/home/psd/psd_ws/install/ros2_control_test_assets:/home/psd/psd_ws/install/realtime_tools:/home/psd/psd_ws/install/controller_manager_msgs:/home/psd/psd_ws/install/control_msgs:${AMENT_PREFIX_PATH} CMAKE_PREFIX_PATH=/home/psd/psd_ws/install/controller_manager:/home/psd/psd_ws/install/hardware_interface_testing:/home/psd/psd_ws/install/controller_interface:/home/psd/psd_ws/install/hardware_interface:/home/psd/psd_ws/install/ros2_control_test_assets:/home/psd/psd_ws/install/realtime_tools:/home/psd/psd_ws/install/controller_manager_msgs:/home/psd/psd_ws/install/control_msgs:/opt/ros/humble LD_LIBRARY_PATH=/home/psd/psd_ws/install/controller_manager/lib:/home/psd/psd_ws/install/hardware_interface_testing/lib:/home/psd/psd_ws/install/controller_interface/lib:/home/psd/psd_ws/install/hardware_interface/lib:/home/psd/psd_ws/install/realtime_tools/lib:/home/psd/psd_ws/install/controller_manager_msgs/lib:/home/psd/psd_ws/install/control_msgs/lib:${LD_LIBRARY_PATH} PYTHONPATH=/home/psd/psd_ws/install/controller_manager/local/lib/python3.10/dist-packages:/home/psd/psd_ws/install/controller_manager_msgs/local/lib/python3.10/dist-packages:/home/psd/psd_ws/install/control_msgs/local/lib/python3.10/dist-packages:${PYTHONPATH} /usr/bin/cmake --build /home/psd/psd_ws/build/range_sensor_broadcaster -- -j20 -l20
[10.728s] Invoking command in '/home/psd/psd_ws/build/range_sensor_broadcaster': AMENT_PREFIX_PATH=/home/psd/psd_ws/install/controller_manager:/home/psd/psd_ws/install/hardware_interface_testing:/home/psd/psd_ws/install/controller_interface:/home/psd/psd_ws/install/hardware_interface:/home/psd/psd_ws/install/ros2_control_test_assets:/home/psd/psd_ws/install/realtime_tools:/home/psd/psd_ws/install/controller_manager_msgs:/home/psd/psd_ws/install/control_msgs:${AMENT_PREFIX_PATH} CMAKE_PREFIX_PATH=/home/psd/psd_ws/install/controller_manager:/home/psd/psd_ws/install/hardware_interface_testing:/home/psd/psd_ws/install/controller_interface:/home/psd/psd_ws/install/hardware_interface:/home/psd/psd_ws/install/ros2_control_test_assets:/home/psd/psd_ws/install/realtime_tools:/home/psd/psd_ws/install/controller_manager_msgs:/home/psd/psd_ws/install/control_msgs:/opt/ros/humble LD_LIBRARY_PATH=/home/psd/psd_ws/install/controller_manager/lib:/home/psd/psd_ws/install/hardware_interface_testing/lib:/home/psd/psd_ws/install/controller_interface/lib:/home/psd/psd_ws/install/hardware_interface/lib:/home/psd/psd_ws/install/realtime_tools/lib:/home/psd/psd_ws/install/controller_manager_msgs/lib:/home/psd/psd_ws/install/control_msgs/lib:${LD_LIBRARY_PATH} PYTHONPATH=/home/psd/psd_ws/install/controller_manager/local/lib/python3.10/dist-packages:/home/psd/psd_ws/install/controller_manager_msgs/local/lib/python3.10/dist-packages:/home/psd/psd_ws/install/control_msgs/local/lib/python3.10/dist-packages:${PYTHONPATH} /usr/bin/cmake --install /home/psd/psd_ws/build/range_sensor_broadcaster
[10.759s] -- Install configuration: ""
[10.760s] -- Execute custom install script
[10.760s] -- Up-to-date symlink: /home/psd/psd_ws/install/range_sensor_broadcaster/include/range_sensor_broadcaster_parameters/range_sensor_broadcaster_parameters.hpp
[10.760s] -- Up-to-date symlink: /home/psd/psd_ws/install/range_sensor_broadcaster/share/range_sensor_broadcaster//range_sensor_broadcaster.xml
[10.760s] -- Up-to-date symlink: /home/psd/psd_ws/install/range_sensor_broadcaster/include/range_sensor_broadcaster/range_sensor_broadcaster.hpp
[10.760s] -- Up-to-date symlink: /home/psd/psd_ws/install/range_sensor_broadcaster/include/range_sensor_broadcaster/visibility_control.h
[10.760s] -- Up-to-date symlink: /home/psd/psd_ws/install/range_sensor_broadcaster/share/range_sensor_broadcaster/environment/library_path.sh
[10.760s] -- Up-to-date symlink: /home/psd/psd_ws/install/range_sensor_broadcaster/share/range_sensor_broadcaster/environment/library_path.dsv
[10.760s] -- Up-to-date symlink: /home/psd/psd_ws/install/range_sensor_broadcaster/share/ament_index/resource_index/package_run_dependencies/range_sensor_broadcaster
[10.760s] -- Up-to-date symlink: /home/psd/psd_ws/install/range_sensor_broadcaster/share/ament_index/resource_index/parent_prefix_path/range_sensor_broadcaster
[10.761s] -- Up-to-date symlink: /home/psd/psd_ws/install/range_sensor_broadcaster/share/range_sensor_broadcaster/environment/ament_prefix_path.sh
[10.761s] -- Up-to-date symlink: /home/psd/psd_ws/install/range_sensor_broadcaster/share/range_sensor_broadcaster/environment/ament_prefix_path.dsv
[10.761s] -- Up-to-date symlink: /home/psd/psd_ws/install/range_sensor_broadcaster/share/range_sensor_broadcaster/environment/path.sh
[10.761s] -- Up-to-date symlink: /home/psd/psd_ws/install/range_sensor_broadcaster/share/range_sensor_broadcaster/environment/path.dsv
[10.761s] -- Up-to-date symlink: /home/psd/psd_ws/install/range_sensor_broadcaster/share/range_sensor_broadcaster/local_setup.bash
[10.761s] -- Up-to-date symlink: /home/psd/psd_ws/install/range_sensor_broadcaster/share/range_sensor_broadcaster/local_setup.sh
[10.761s] -- Up-to-date symlink: /home/psd/psd_ws/install/range_sensor_broadcaster/share/range_sensor_broadcaster/local_setup.zsh
[10.761s] -- Up-to-date symlink: /home/psd/psd_ws/install/range_sensor_broadcaster/share/range_sensor_broadcaster/local_setup.dsv
[10.761s] -- Symlinking: /home/psd/psd_ws/install/range_sensor_broadcaster/share/range_sensor_broadcaster/package.dsv
[10.761s] -- Up-to-date symlink: /home/psd/psd_ws/install/range_sensor_broadcaster/share/ament_index/resource_index/packages/range_sensor_broadcaster
[10.761s] -- Up-to-date symlink: /home/psd/psd_ws/install/range_sensor_broadcaster/share/ament_index/resource_index/controller_interface__pluginlib__plugin/range_sensor_broadcaster
[10.762s] -- Up-to-date symlink: /home/psd/psd_ws/install/range_sensor_broadcaster/share/range_sensor_broadcaster/cmake/ament_cmake_export_targets-extras.cmake
[10.762s] -- Up-to-date symlink: /home/psd/psd_ws/install/range_sensor_broadcaster/share/range_sensor_broadcaster/cmake/ament_cmake_export_dependencies-extras.cmake
[10.762s] -- Up-to-date symlink: /home/psd/psd_ws/install/range_sensor_broadcaster/share/range_sensor_broadcaster/cmake/range_sensor_broadcasterConfig.cmake
[10.762s] -- Up-to-date symlink: /home/psd/psd_ws/install/range_sensor_broadcaster/share/range_sensor_broadcaster/cmake/range_sensor_broadcasterConfig-version.cmake
[10.762s] -- Up-to-date symlink: /home/psd/psd_ws/install/range_sensor_broadcaster/share/range_sensor_broadcaster/package.xml
[10.763s] -- Installing: /home/psd/psd_ws/install/range_sensor_broadcaster/lib/librange_sensor_broadcaster.so
[10.763s] -- Set runtime path of "/home/psd/psd_ws/install/range_sensor_broadcaster/lib/librange_sensor_broadcaster.so" to ""
[10.763s] -- Up-to-date: /home/psd/psd_ws/install/range_sensor_broadcaster/share/range_sensor_broadcaster/cmake/export_range_sensor_broadcasterExport.cmake
[10.763s] -- Up-to-date: /home/psd/psd_ws/install/range_sensor_broadcaster/share/range_sensor_broadcaster/cmake/export_range_sensor_broadcasterExport-noconfig.cmake
[10.847s] Invoked command in '/home/psd/psd_ws/build/range_sensor_broadcaster' returned '0': AMENT_PREFIX_PATH=/home/psd/psd_ws/install/controller_manager:/home/psd/psd_ws/install/hardware_interface_testing:/home/psd/psd_ws/install/controller_interface:/home/psd/psd_ws/install/hardware_interface:/home/psd/psd_ws/install/ros2_control_test_assets:/home/psd/psd_ws/install/realtime_tools:/home/psd/psd_ws/install/controller_manager_msgs:/home/psd/psd_ws/install/control_msgs:${AMENT_PREFIX_PATH} CMAKE_PREFIX_PATH=/home/psd/psd_ws/install/controller_manager:/home/psd/psd_ws/install/hardware_interface_testing:/home/psd/psd_ws/install/controller_interface:/home/psd/psd_ws/install/hardware_interface:/home/psd/psd_ws/install/ros2_control_test_assets:/home/psd/psd_ws/install/realtime_tools:/home/psd/psd_ws/install/controller_manager_msgs:/home/psd/psd_ws/install/control_msgs:/opt/ros/humble LD_LIBRARY_PATH=/home/psd/psd_ws/install/controller_manager/lib:/home/psd/psd_ws/install/hardware_interface_testing/lib:/home/psd/psd_ws/install/controller_interface/lib:/home/psd/psd_ws/install/hardware_interface/lib:/home/psd/psd_ws/install/realtime_tools/lib:/home/psd/psd_ws/install/controller_manager_msgs/lib:/home/psd/psd_ws/install/control_msgs/lib:${LD_LIBRARY_PATH} PYTHONPATH=/home/psd/psd_ws/install/controller_manager/local/lib/python3.10/dist-packages:/home/psd/psd_ws/install/controller_manager_msgs/local/lib/python3.10/dist-packages:/home/psd/psd_ws/install/control_msgs/local/lib/python3.10/dist-packages:${PYTHONPATH} /usr/bin/cmake --install /home/psd/psd_ws/build/range_sensor_broadcaster
