-- Found ament_cmake: 1.3.8 (/opt/ros/humble/share/ament_cmake/cmake)
-- Override CMake install command with custom implementation using symlinks instead of copying resources
-- Found hardware_interface: 2.40.0 (/home/psd/psd_ws/install/hardware_interface/share/hardware_interface/cmake)
-- Found rosidl_generator_c: 3.1.5 (/opt/ros/humble/share/rosidl_generator_c/cmake)
-- Found rosidl_adapter: 3.1.5 (/opt/ros/humble/share/rosidl_adapter/cmake)
-- Found rosidl_generator_cpp: 3.1.5 (/opt/ros/humble/share/rosidl_generator_cpp/cmake)
-- Using all available rosidl_typesupport_c: rosidl_typesupport_fastrtps_c;rosidl_typesupport_introspection_c
-- Using all available rosidl_typesupport_cpp: rosidl_typesupport_fastrtps_cpp;rosidl_typesupport_introspection_cpp
-- Found rmw_implementation_cmake: 6.1.1 (/opt/ros/humble/share/rmw_implementation_cmake/cmake)
-- Found rmw_fastrtps_cpp: 6.2.6 (/opt/ros/humble/share/rmw_fastrtps_cpp/cmake)
-- Found TinyXML2 via Config file: TinyXML2_DIR-NOTFOUND
-- Found TinyXML2 via Config file: TinyXML2_DIR-NOTFOUND
-- Found TinyXML2 via Config file: TinyXML2_DIR-NOTFOUND
-- Found TinyXML2 via Config file: TinyXML2_DIR-NOTFOUND
-- Using RMW implementation 'rmw_fastrtps_cpp' as default
-- Found generate_parameter_library: 0.3.7 (/opt/ros/humble/share/generate_parameter_library/cmake)
-- Found parameter_traits: 0.3.7 (/opt/ros/humble/share/parameter_traits/cmake)
-- Found controller_interface: 2.40.0 (/home/psd/psd_ws/install/controller_interface/share/controller_interface/cmake)
-- Found realtime_tools: 2.5.0 (/home/psd/psd_ws/install/realtime_tools/share/realtime_tools/cmake)
-- Found ament_cmake_pytest: 1.3.8 (/opt/ros/humble/share/ament_cmake_pytest/cmake)
-- Configuring done
-- Generating done
-- Build files have been written to: /home/psd/psd_ws/build/ros2_control_demo_example_12
[35m[1mConsolidate compiler generated dependencies of target ros2_control_demo_example_12[0m
[ 20%] Built target passthrough_controller_parameters
[ 60%] Built target ros2_control_demo_example_12
[35m[1mConsolidate compiler generated dependencies of target passthrough_controller[0m
[100%] Built target passthrough_controller
-- Install configuration: ""
-- Execute custom install script
-- Up-to-date symlink: /home/psd/psd_ws/install/ros2_control_demo_example_12/share/ros2_control_demo_example_12//ros2_control_demo_example_12.xml
-- Up-to-date symlink: /home/psd/psd_ws/install/ros2_control_demo_example_12/include/passthrough_controller_parameters/passthrough_controller_parameters.hpp
-- Up-to-date symlink: /home/psd/psd_ws/install/ros2_control_demo_example_12/share/ros2_control_demo_example_12//passthrough_controller.xml
-- Up-to-date symlink: /home/psd/psd_ws/install/ros2_control_demo_example_12/include/ros2_control_demo_example_12/ros2_control_demo_example_12/rrbot.hpp
-- Up-to-date symlink: /home/psd/psd_ws/install/ros2_control_demo_example_12/include/ros2_control_demo_example_12/ros2_control_demo_example_12/visibility_control.h
-- Up-to-date symlink: /home/psd/psd_ws/install/ros2_control_demo_example_12/share/ros2_control_demo_example_12/launch/view_robot.launch.py
-- Up-to-date symlink: /home/psd/psd_ws/install/ros2_control_demo_example_12/share/ros2_control_demo_example_12/ros2_control/rrbot.ros2_control.xacro
-- Up-to-date symlink: /home/psd/psd_ws/install/ros2_control_demo_example_12/share/ros2_control_demo_example_12/urdf/rrbot.urdf.xacro
-- Up-to-date symlink: /home/psd/psd_ws/install/ros2_control_demo_example_12/share/ros2_control_demo_example_12/gazebo/rrbot.gazebo.xacro
-- Up-to-date symlink: /home/psd/psd_ws/install/ros2_control_demo_example_12/share/ros2_control_demo_example_12/launch/launch_chained_controllers.launch.py
-- Up-to-date symlink: /home/psd/psd_ws/install/ros2_control_demo_example_12/share/ros2_control_demo_example_12/launch/rrbot.launch.py
-- Up-to-date symlink: /home/psd/psd_ws/install/ros2_control_demo_example_12/share/ros2_control_demo_example_12/config/rrbot_chained_controllers.yaml
-- Up-to-date symlink: /home/psd/psd_ws/install/ros2_control_demo_example_12/include/passthrough_controller/passthrough_controller/passthrough_controller.hpp
-- Up-to-date symlink: /home/psd/psd_ws/install/ros2_control_demo_example_12/include/passthrough_controller/passthrough_controller/visibility_control.h
-- Up-to-date symlink: /home/psd/psd_ws/install/ros2_control_demo_example_12/share/ros2_control_demo_example_12/environment/library_path.sh
-- Up-to-date symlink: /home/psd/psd_ws/install/ros2_control_demo_example_12/share/ros2_control_demo_example_12/environment/library_path.dsv
-- Up-to-date symlink: /home/psd/psd_ws/install/ros2_control_demo_example_12/share/ament_index/resource_index/package_run_dependencies/ros2_control_demo_example_12
-- Up-to-date symlink: /home/psd/psd_ws/install/ros2_control_demo_example_12/share/ament_index/resource_index/parent_prefix_path/ros2_control_demo_example_12
-- Up-to-date symlink: /home/psd/psd_ws/install/ros2_control_demo_example_12/share/ros2_control_demo_example_12/environment/ament_prefix_path.sh
-- Up-to-date symlink: /home/psd/psd_ws/install/ros2_control_demo_example_12/share/ros2_control_demo_example_12/environment/ament_prefix_path.dsv
-- Up-to-date symlink: /home/psd/psd_ws/install/ros2_control_demo_example_12/share/ros2_control_demo_example_12/environment/path.sh
-- Up-to-date symlink: /home/psd/psd_ws/install/ros2_control_demo_example_12/share/ros2_control_demo_example_12/environment/path.dsv
-- Up-to-date symlink: /home/psd/psd_ws/install/ros2_control_demo_example_12/share/ros2_control_demo_example_12/local_setup.bash
-- Up-to-date symlink: /home/psd/psd_ws/install/ros2_control_demo_example_12/share/ros2_control_demo_example_12/local_setup.sh
-- Up-to-date symlink: /home/psd/psd_ws/install/ros2_control_demo_example_12/share/ros2_control_demo_example_12/local_setup.zsh
-- Up-to-date symlink: /home/psd/psd_ws/install/ros2_control_demo_example_12/share/ros2_control_demo_example_12/local_setup.dsv
-- Symlinking: /home/psd/psd_ws/install/ros2_control_demo_example_12/share/ros2_control_demo_example_12/package.dsv
-- Up-to-date symlink: /home/psd/psd_ws/install/ros2_control_demo_example_12/share/ament_index/resource_index/packages/ros2_control_demo_example_12
-- Up-to-date symlink: /home/psd/psd_ws/install/ros2_control_demo_example_12/share/ament_index/resource_index/hardware_interface__pluginlib__plugin/ros2_control_demo_example_12
-- Up-to-date symlink: /home/psd/psd_ws/install/ros2_control_demo_example_12/share/ament_index/resource_index/controller_interface__pluginlib__plugin/ros2_control_demo_example_12
-- Up-to-date symlink: /home/psd/psd_ws/install/ros2_control_demo_example_12/share/ros2_control_demo_example_12/cmake/ament_cmake_export_targets-extras.cmake
-- Up-to-date symlink: /home/psd/psd_ws/install/ros2_control_demo_example_12/share/ros2_control_demo_example_12/cmake/ament_cmake_export_dependencies-extras.cmake
-- Up-to-date symlink: /home/psd/psd_ws/install/ros2_control_demo_example_12/share/ros2_control_demo_example_12/cmake/ros2_control_demo_example_12Config.cmake
-- Up-to-date symlink: /home/psd/psd_ws/install/ros2_control_demo_example_12/share/ros2_control_demo_example_12/cmake/ros2_control_demo_example_12Config-version.cmake
-- Up-to-date symlink: /home/psd/psd_ws/install/ros2_control_demo_example_12/share/ros2_control_demo_example_12/package.xml
-- Up-to-date: /home/psd/psd_ws/install/ros2_control_demo_example_12/lib/libros2_control_demo_example_12.so
-- Up-to-date: /home/psd/psd_ws/install/ros2_control_demo_example_12/lib/libpassthrough_controller.so
-- Up-to-date: /home/psd/psd_ws/install/ros2_control_demo_example_12/share/ros2_control_demo_example_12/cmake/export_passthrough_controllerExport.cmake
-- Up-to-date: /home/psd/psd_ws/install/ros2_control_demo_example_12/share/ros2_control_demo_example_12/cmake/export_passthrough_controllerExport-noconfig.cmake
-- Up-to-date: /home/psd/psd_ws/install/ros2_control_demo_example_12/share/ros2_control_demo_example_12/cmake/export_ros2_control_demo_example_12Export.cmake
-- Up-to-date: /home/psd/psd_ws/install/ros2_control_demo_example_12/share/ros2_control_demo_example_12/cmake/export_ros2_control_demo_example_12Export-noconfig.cmake
