[0.150s] Invoking command in '/home/psd/psd_ws/build/effort_controllers': AMENT_PREFIX_PATH=/home/psd/psd_ws/install/forward_command_controller:/home/psd/psd_ws/install/controller_manager:/home/psd/psd_ws/install/hardware_interface_testing:/home/psd/psd_ws/install/controller_interface:/home/psd/psd_ws/install/hardware_interface:/home/psd/psd_ws/install/ros2_control_test_assets:/home/psd/psd_ws/install/realtime_tools:/home/psd/psd_ws/install/controller_manager_msgs:/home/psd/psd_ws/install/control_msgs:${AMENT_PREFIX_PATH} CMAKE_PREFIX_PATH=/home/psd/psd_ws/install/forward_command_controller:/home/psd/psd_ws/install/controller_manager:/home/psd/psd_ws/install/hardware_interface_testing:/home/psd/psd_ws/install/controller_interface:/home/psd/psd_ws/install/hardware_interface:/home/psd/psd_ws/install/ros2_control_test_assets:/home/psd/psd_ws/install/realtime_tools:/home/psd/psd_ws/install/controller_manager_msgs:/home/psd/psd_ws/install/control_msgs:/opt/ros/humble LD_LIBRARY_PATH=/home/psd/psd_ws/install/forward_command_controller/lib:/home/psd/psd_ws/install/controller_manager/lib:/home/psd/psd_ws/install/hardware_interface_testing/lib:/home/psd/psd_ws/install/controller_interface/lib:/home/psd/psd_ws/install/hardware_interface/lib:/home/psd/psd_ws/install/realtime_tools/lib:/home/psd/psd_ws/install/controller_manager_msgs/lib:/home/psd/psd_ws/install/control_msgs/lib:${LD_LIBRARY_PATH} PYTHONPATH=/home/psd/psd_ws/install/controller_manager/local/lib/python3.10/dist-packages:/home/psd/psd_ws/install/controller_manager_msgs/local/lib/python3.10/dist-packages:/home/psd/psd_ws/install/control_msgs/local/lib/python3.10/dist-packages:${PYTHONPATH} /usr/bin/cmake --build /home/psd/psd_ws/build/effort_controllers -- -j20 -l20
[0.342s] [  9%] [32mBuilding CXX object gmock/CMakeFiles/gmock_main.dir/src/gmock_main.cc.o[0m
[0.351s] [ 18%] [32m[1mLinking CXX shared library libeffort_controllers.so[0m
[0.369s] [ 27%] [32mBuilding CXX object gmock/CMakeFiles/gmock.dir/opt/ros/humble/src/gtest_vendor/src/gtest-all.cc.o[0m
[0.390s] [ 36%] [32mBuilding CXX object gmock/CMakeFiles/gmock.dir/src/gmock-all.cc.o[0m
[1.329s] [ 45%] Built target effort_controllers
[2.130s] [ 54%] [32m[1mLinking CXX static library libgmock_main.a[0m
[2.164s] [ 54%] Built target gmock_main
[4.486s] [ 63%] [32m[1mLinking CXX static library libgmock.a[0m
[4.537s] [ 63%] Built target gmock
[4.561s] [ 72%] [32m[1mLinking CXX executable test_load_joint_group_effort_controller[0m
[4.569s] [ 81%] [32m[1mLinking CXX executable test_joint_group_effort_controller[0m
[5.588s] [ 90%] Built target test_joint_group_effort_controller
[6.069s] [100%] Built target test_load_joint_group_effort_controller
[6.085s] Invoked command in '/home/psd/psd_ws/build/effort_controllers' returned '0': AMENT_PREFIX_PATH=/home/psd/psd_ws/install/forward_command_controller:/home/psd/psd_ws/install/controller_manager:/home/psd/psd_ws/install/hardware_interface_testing:/home/psd/psd_ws/install/controller_interface:/home/psd/psd_ws/install/hardware_interface:/home/psd/psd_ws/install/ros2_control_test_assets:/home/psd/psd_ws/install/realtime_tools:/home/psd/psd_ws/install/controller_manager_msgs:/home/psd/psd_ws/install/control_msgs:${AMENT_PREFIX_PATH} CMAKE_PREFIX_PATH=/home/psd/psd_ws/install/forward_command_controller:/home/psd/psd_ws/install/controller_manager:/home/psd/psd_ws/install/hardware_interface_testing:/home/psd/psd_ws/install/controller_interface:/home/psd/psd_ws/install/hardware_interface:/home/psd/psd_ws/install/ros2_control_test_assets:/home/psd/psd_ws/install/realtime_tools:/home/psd/psd_ws/install/controller_manager_msgs:/home/psd/psd_ws/install/control_msgs:/opt/ros/humble LD_LIBRARY_PATH=/home/psd/psd_ws/install/forward_command_controller/lib:/home/psd/psd_ws/install/controller_manager/lib:/home/psd/psd_ws/install/hardware_interface_testing/lib:/home/psd/psd_ws/install/controller_interface/lib:/home/psd/psd_ws/install/hardware_interface/lib:/home/psd/psd_ws/install/realtime_tools/lib:/home/psd/psd_ws/install/controller_manager_msgs/lib:/home/psd/psd_ws/install/control_msgs/lib:${LD_LIBRARY_PATH} PYTHONPATH=/home/psd/psd_ws/install/controller_manager/local/lib/python3.10/dist-packages:/home/psd/psd_ws/install/controller_manager_msgs/local/lib/python3.10/dist-packages:/home/psd/psd_ws/install/control_msgs/local/lib/python3.10/dist-packages:${PYTHONPATH} /usr/bin/cmake --build /home/psd/psd_ws/build/effort_controllers -- -j20 -l20
[6.129s] Invoking command in '/home/psd/psd_ws/build/effort_controllers': AMENT_PREFIX_PATH=/home/psd/psd_ws/install/forward_command_controller:/home/psd/psd_ws/install/controller_manager:/home/psd/psd_ws/install/hardware_interface_testing:/home/psd/psd_ws/install/controller_interface:/home/psd/psd_ws/install/hardware_interface:/home/psd/psd_ws/install/ros2_control_test_assets:/home/psd/psd_ws/install/realtime_tools:/home/psd/psd_ws/install/controller_manager_msgs:/home/psd/psd_ws/install/control_msgs:${AMENT_PREFIX_PATH} CMAKE_PREFIX_PATH=/home/psd/psd_ws/install/forward_command_controller:/home/psd/psd_ws/install/controller_manager:/home/psd/psd_ws/install/hardware_interface_testing:/home/psd/psd_ws/install/controller_interface:/home/psd/psd_ws/install/hardware_interface:/home/psd/psd_ws/install/ros2_control_test_assets:/home/psd/psd_ws/install/realtime_tools:/home/psd/psd_ws/install/controller_manager_msgs:/home/psd/psd_ws/install/control_msgs:/opt/ros/humble LD_LIBRARY_PATH=/home/psd/psd_ws/install/forward_command_controller/lib:/home/psd/psd_ws/install/controller_manager/lib:/home/psd/psd_ws/install/hardware_interface_testing/lib:/home/psd/psd_ws/install/controller_interface/lib:/home/psd/psd_ws/install/hardware_interface/lib:/home/psd/psd_ws/install/realtime_tools/lib:/home/psd/psd_ws/install/controller_manager_msgs/lib:/home/psd/psd_ws/install/control_msgs/lib:${LD_LIBRARY_PATH} PYTHONPATH=/home/psd/psd_ws/install/controller_manager/local/lib/python3.10/dist-packages:/home/psd/psd_ws/install/controller_manager_msgs/local/lib/python3.10/dist-packages:/home/psd/psd_ws/install/control_msgs/local/lib/python3.10/dist-packages:${PYTHONPATH} /usr/bin/cmake --install /home/psd/psd_ws/build/effort_controllers
[6.140s] -- Install configuration: ""
[6.140s] -- Execute custom install script
[6.141s] -- Up-to-date symlink: /home/psd/psd_ws/install/effort_controllers/share/effort_controllers//effort_controllers_plugins.xml
[6.141s] -- Up-to-date symlink: /home/psd/psd_ws/install/effort_controllers/include/effort_controllers/effort_controllers/joint_group_effort_controller.hpp
[6.141s] -- Up-to-date symlink: /home/psd/psd_ws/install/effort_controllers/include/effort_controllers/effort_controllers/visibility_control.h
[6.142s] -- Up-to-date symlink: /home/psd/psd_ws/install/effort_controllers/share/effort_controllers/environment/library_path.sh
[6.142s] -- Up-to-date symlink: /home/psd/psd_ws/install/effort_controllers/share/effort_controllers/environment/library_path.dsv
[6.142s] -- Up-to-date symlink: /home/psd/psd_ws/install/effort_controllers/share/ament_index/resource_index/package_run_dependencies/effort_controllers
[6.142s] -- Up-to-date symlink: /home/psd/psd_ws/install/effort_controllers/share/ament_index/resource_index/parent_prefix_path/effort_controllers
[6.142s] -- Up-to-date symlink: /home/psd/psd_ws/install/effort_controllers/share/effort_controllers/environment/ament_prefix_path.sh
[6.142s] -- Up-to-date symlink: /home/psd/psd_ws/install/effort_controllers/share/effort_controllers/environment/ament_prefix_path.dsv
[6.142s] -- Up-to-date symlink: /home/psd/psd_ws/install/effort_controllers/share/effort_controllers/environment/path.sh
[6.143s] -- Up-to-date symlink: /home/psd/psd_ws/install/effort_controllers/share/effort_controllers/environment/path.dsv
[6.143s] -- Up-to-date symlink: /home/psd/psd_ws/install/effort_controllers/share/effort_controllers/local_setup.bash
[6.143s] -- Up-to-date symlink: /home/psd/psd_ws/install/effort_controllers/share/effort_controllers/local_setup.sh
[6.143s] -- Up-to-date symlink: /home/psd/psd_ws/install/effort_controllers/share/effort_controllers/local_setup.zsh
[6.143s] -- Up-to-date symlink: /home/psd/psd_ws/install/effort_controllers/share/effort_controllers/local_setup.dsv
[6.143s] -- Symlinking: /home/psd/psd_ws/install/effort_controllers/share/effort_controllers/package.dsv
[6.157s] -- Up-to-date symlink: /home/psd/psd_ws/install/effort_controllers/share/ament_index/resource_index/packages/effort_controllers
[6.158s] -- Up-to-date symlink: /home/psd/psd_ws/install/effort_controllers/share/ament_index/resource_index/controller_interface__pluginlib__plugin/effort_controllers
[6.158s] -- Up-to-date symlink: /home/psd/psd_ws/install/effort_controllers/share/effort_controllers/cmake/ament_cmake_export_targets-extras.cmake
[6.158s] -- Up-to-date symlink: /home/psd/psd_ws/install/effort_controllers/share/effort_controllers/cmake/ament_cmake_export_dependencies-extras.cmake
[6.158s] -- Up-to-date symlink: /home/psd/psd_ws/install/effort_controllers/share/effort_controllers/cmake/effort_controllersConfig.cmake
[6.158s] -- Up-to-date symlink: /home/psd/psd_ws/install/effort_controllers/share/effort_controllers/cmake/effort_controllersConfig-version.cmake
[6.158s] -- Up-to-date symlink: /home/psd/psd_ws/install/effort_controllers/share/effort_controllers/package.xml
[6.159s] -- Installing: /home/psd/psd_ws/install/effort_controllers/lib/libeffort_controllers.so
[6.160s] -- Set runtime path of "/home/psd/psd_ws/install/effort_controllers/lib/libeffort_controllers.so" to ""
[6.160s] -- Up-to-date: /home/psd/psd_ws/install/effort_controllers/share/effort_controllers/cmake/export_effort_controllersExport.cmake
[6.160s] -- Up-to-date: /home/psd/psd_ws/install/effort_controllers/share/effort_controllers/cmake/export_effort_controllersExport-noconfig.cmake
[6.164s] Invoked command in '/home/psd/psd_ws/build/effort_controllers' returned '0': AMENT_PREFIX_PATH=/home/psd/psd_ws/install/forward_command_controller:/home/psd/psd_ws/install/controller_manager:/home/psd/psd_ws/install/hardware_interface_testing:/home/psd/psd_ws/install/controller_interface:/home/psd/psd_ws/install/hardware_interface:/home/psd/psd_ws/install/ros2_control_test_assets:/home/psd/psd_ws/install/realtime_tools:/home/psd/psd_ws/install/controller_manager_msgs:/home/psd/psd_ws/install/control_msgs:${AMENT_PREFIX_PATH} CMAKE_PREFIX_PATH=/home/psd/psd_ws/install/forward_command_controller:/home/psd/psd_ws/install/controller_manager:/home/psd/psd_ws/install/hardware_interface_testing:/home/psd/psd_ws/install/controller_interface:/home/psd/psd_ws/install/hardware_interface:/home/psd/psd_ws/install/ros2_control_test_assets:/home/psd/psd_ws/install/realtime_tools:/home/psd/psd_ws/install/controller_manager_msgs:/home/psd/psd_ws/install/control_msgs:/opt/ros/humble LD_LIBRARY_PATH=/home/psd/psd_ws/install/forward_command_controller/lib:/home/psd/psd_ws/install/controller_manager/lib:/home/psd/psd_ws/install/hardware_interface_testing/lib:/home/psd/psd_ws/install/controller_interface/lib:/home/psd/psd_ws/install/hardware_interface/lib:/home/psd/psd_ws/install/realtime_tools/lib:/home/psd/psd_ws/install/controller_manager_msgs/lib:/home/psd/psd_ws/install/control_msgs/lib:${LD_LIBRARY_PATH} PYTHONPATH=/home/psd/psd_ws/install/controller_manager/local/lib/python3.10/dist-packages:/home/psd/psd_ws/install/controller_manager_msgs/local/lib/python3.10/dist-packages:/home/psd/psd_ws/install/control_msgs/local/lib/python3.10/dist-packages:${PYTHONPATH} /usr/bin/cmake --install /home/psd/psd_ws/build/effort_controllers
