[0.019s] Invoking command in '/home/psd/psd_ws/build/effort_controllers': AMENT_PREFIX_PATH=/home/psd/psd_ws/install/forward_command_controller:/home/psd/psd_ws/install/controller_manager:/home/psd/psd_ws/install/hardware_interface_testing:/home/psd/psd_ws/install/controller_interface:/home/psd/psd_ws/install/hardware_interface:/home/psd/psd_ws/install/ros2_control_test_assets:/home/psd/psd_ws/install/realtime_tools:/home/psd/psd_ws/install/controller_manager_msgs:/home/psd/psd_ws/install/control_msgs:${AMENT_PREFIX_PATH} CMAKE_PREFIX_PATH=/home/psd/psd_ws/install/forward_command_controller:/home/psd/psd_ws/install/controller_manager:/home/psd/psd_ws/install/hardware_interface_testing:/home/psd/psd_ws/install/controller_interface:/home/psd/psd_ws/install/hardware_interface:/home/psd/psd_ws/install/ros2_control_test_assets:/home/psd/psd_ws/install/realtime_tools:/home/psd/psd_ws/install/controller_manager_msgs:/home/psd/psd_ws/install/control_msgs:/opt/ros/humble LD_LIBRARY_PATH=/home/psd/psd_ws/install/forward_command_controller/lib:/home/psd/psd_ws/install/controller_manager/lib:/home/psd/psd_ws/install/hardware_interface_testing/lib:/home/psd/psd_ws/install/controller_interface/lib:/home/psd/psd_ws/install/hardware_interface/lib:/home/psd/psd_ws/install/realtime_tools/lib:/home/psd/psd_ws/install/controller_manager_msgs/lib:/home/psd/psd_ws/install/control_msgs/lib:${LD_LIBRARY_PATH} PYTHONPATH=/home/psd/psd_ws/install/controller_manager/local/lib/python3.10/dist-packages:/home/psd/psd_ws/install/controller_manager_msgs/local/lib/python3.10/dist-packages:/home/psd/psd_ws/install/control_msgs/local/lib/python3.10/dist-packages:${PYTHONPATH} /usr/bin/cmake /home/psd/psd_ws/src/ros-controls/ros2_controllers/effort_controllers -DAMENT_CMAKE_SYMLINK_INSTALL=1 -DCMAKE_INSTALL_PREFIX=/home/psd/psd_ws/install/effort_controllers
[0.033s] -- Found ament_cmake: 1.3.8 (/opt/ros/humble/share/ament_cmake/cmake)
[0.167s] -- Override CMake install command with custom implementation using symlinks instead of copying resources
[0.175s] -- Found backward_ros: 1.0.2 (/opt/ros/humble/share/backward_ros/cmake)
[0.190s] -- Could NOT find libbfd (missing: LIBBFD_LIBRARY LIBBFD_INCLUDE_DIR) 
[0.191s] -- BACKWARD_HAS_UNWIND=1
[0.191s] -- BACKWARD_HAS_BACKTRACE=0
[0.191s] -- BACKWARD_HAS_BACKTRACE_SYMBOL=0
[0.191s] -- BACKWARD_HAS_DW=1
[0.191s] -- BACKWARD_HAS_BFD=0
[0.193s] -- Found Backward: /opt/ros/humble/share/backward_ros/cmake  
[0.193s] -- Found forward_command_controller: 2.33.0 (/home/psd/psd_ws/install/forward_command_controller/share/forward_command_controller/cmake)
[0.218s] -- Found rosidl_generator_c: 3.1.5 (/opt/ros/humble/share/rosidl_generator_c/cmake)
[0.221s] -- Found rosidl_adapter: 3.1.5 (/opt/ros/humble/share/rosidl_adapter/cmake)
[0.228s] -- Found rosidl_generator_cpp: 3.1.5 (/opt/ros/humble/share/rosidl_generator_cpp/cmake)
[0.242s] -- Using all available rosidl_typesupport_c: rosidl_typesupport_fastrtps_c;rosidl_typesupport_introspection_c
[0.262s] -- Using all available rosidl_typesupport_cpp: rosidl_typesupport_fastrtps_cpp;rosidl_typesupport_introspection_cpp
[1.037s] -- Found rmw_implementation_cmake: 6.1.1 (/opt/ros/humble/share/rmw_implementation_cmake/cmake)
[1.039s] -- Found rmw_fastrtps_cpp: 6.2.6 (/opt/ros/humble/share/rmw_fastrtps_cpp/cmake)
[1.104s] -- Found TinyXML2 via Config file: TinyXML2_DIR-NOTFOUND
[1.114s] -- Found TinyXML2 via Config file: TinyXML2_DIR-NOTFOUND
[1.171s] -- Found TinyXML2 via Config file: TinyXML2_DIR-NOTFOUND
[1.182s] -- Found TinyXML2 via Config file: TinyXML2_DIR-NOTFOUND
[1.204s] -- Using RMW implementation 'rmw_fastrtps_cpp' as default
[2.164s] -- Found parameter_traits: 0.3.7 (/opt/ros/humble/share/parameter_traits/cmake)
[2.403s] -- Found ament_cmake_gmock: 1.3.8 (/opt/ros/humble/share/ament_cmake_gmock/cmake)
[2.405s] -- Found controller_manager: 2.40.0 (/home/psd/psd_ws/install/controller_manager/share/controller_manager/cmake)
[2.847s] -- Found ros2_control_test_assets: 2.40.0 (/home/psd/psd_ws/install/ros2_control_test_assets/share/ros2_control_test_assets/cmake)
[2.849s] -- Found gmock sources under '/opt/ros/humble/src/gmock_vendor': C++ tests using 'Google Mock' will be built
[2.867s] -- Found ament_cmake_gtest: 1.3.8 (/opt/ros/humble/share/ament_cmake_gtest/cmake)
[2.868s] -- Found gtest sources under '/opt/ros/humble/src/gtest_vendor': C++ tests using 'Google Test' will be built
[3.722s] -- Configuring done
[3.844s] -- Generating done
[3.849s] -- Build files have been written to: /home/psd/psd_ws/build/effort_controllers
[3.872s] Invoked command in '/home/psd/psd_ws/build/effort_controllers' returned '0': AMENT_PREFIX_PATH=/home/psd/psd_ws/install/forward_command_controller:/home/psd/psd_ws/install/controller_manager:/home/psd/psd_ws/install/hardware_interface_testing:/home/psd/psd_ws/install/controller_interface:/home/psd/psd_ws/install/hardware_interface:/home/psd/psd_ws/install/ros2_control_test_assets:/home/psd/psd_ws/install/realtime_tools:/home/psd/psd_ws/install/controller_manager_msgs:/home/psd/psd_ws/install/control_msgs:${AMENT_PREFIX_PATH} CMAKE_PREFIX_PATH=/home/psd/psd_ws/install/forward_command_controller:/home/psd/psd_ws/install/controller_manager:/home/psd/psd_ws/install/hardware_interface_testing:/home/psd/psd_ws/install/controller_interface:/home/psd/psd_ws/install/hardware_interface:/home/psd/psd_ws/install/ros2_control_test_assets:/home/psd/psd_ws/install/realtime_tools:/home/psd/psd_ws/install/controller_manager_msgs:/home/psd/psd_ws/install/control_msgs:/opt/ros/humble LD_LIBRARY_PATH=/home/psd/psd_ws/install/forward_command_controller/lib:/home/psd/psd_ws/install/controller_manager/lib:/home/psd/psd_ws/install/hardware_interface_testing/lib:/home/psd/psd_ws/install/controller_interface/lib:/home/psd/psd_ws/install/hardware_interface/lib:/home/psd/psd_ws/install/realtime_tools/lib:/home/psd/psd_ws/install/controller_manager_msgs/lib:/home/psd/psd_ws/install/control_msgs/lib:${LD_LIBRARY_PATH} PYTHONPATH=/home/psd/psd_ws/install/controller_manager/local/lib/python3.10/dist-packages:/home/psd/psd_ws/install/controller_manager_msgs/local/lib/python3.10/dist-packages:/home/psd/psd_ws/install/control_msgs/local/lib/python3.10/dist-packages:${PYTHONPATH} /usr/bin/cmake /home/psd/psd_ws/src/ros-controls/ros2_controllers/effort_controllers -DAMENT_CMAKE_SYMLINK_INSTALL=1 -DCMAKE_INSTALL_PREFIX=/home/psd/psd_ws/install/effort_controllers
[3.872s] Invoking command in '/home/psd/psd_ws/build/effort_controllers': AMENT_PREFIX_PATH=/home/psd/psd_ws/install/forward_command_controller:/home/psd/psd_ws/install/controller_manager:/home/psd/psd_ws/install/hardware_interface_testing:/home/psd/psd_ws/install/controller_interface:/home/psd/psd_ws/install/hardware_interface:/home/psd/psd_ws/install/ros2_control_test_assets:/home/psd/psd_ws/install/realtime_tools:/home/psd/psd_ws/install/controller_manager_msgs:/home/psd/psd_ws/install/control_msgs:${AMENT_PREFIX_PATH} CMAKE_PREFIX_PATH=/home/psd/psd_ws/install/forward_command_controller:/home/psd/psd_ws/install/controller_manager:/home/psd/psd_ws/install/hardware_interface_testing:/home/psd/psd_ws/install/controller_interface:/home/psd/psd_ws/install/hardware_interface:/home/psd/psd_ws/install/ros2_control_test_assets:/home/psd/psd_ws/install/realtime_tools:/home/psd/psd_ws/install/controller_manager_msgs:/home/psd/psd_ws/install/control_msgs:/opt/ros/humble LD_LIBRARY_PATH=/home/psd/psd_ws/install/forward_command_controller/lib:/home/psd/psd_ws/install/controller_manager/lib:/home/psd/psd_ws/install/hardware_interface_testing/lib:/home/psd/psd_ws/install/controller_interface/lib:/home/psd/psd_ws/install/hardware_interface/lib:/home/psd/psd_ws/install/realtime_tools/lib:/home/psd/psd_ws/install/controller_manager_msgs/lib:/home/psd/psd_ws/install/control_msgs/lib:${LD_LIBRARY_PATH} PYTHONPATH=/home/psd/psd_ws/install/controller_manager/local/lib/python3.10/dist-packages:/home/psd/psd_ws/install/controller_manager_msgs/local/lib/python3.10/dist-packages:/home/psd/psd_ws/install/control_msgs/local/lib/python3.10/dist-packages:${PYTHONPATH} /usr/bin/cmake --build /home/psd/psd_ws/build/effort_controllers -- -j20 -l20
[3.961s] [35m[1mConsolidate compiler generated dependencies of target effort_controllers[0m
[3.961s] [35m[1mConsolidate compiler generated dependencies of target gmock_main[0m
[3.961s] [35m[1mConsolidate compiler generated dependencies of target gmock[0m
[3.961s] [  9%] [32m[1mLinking CXX static library libgmock_main.a[0m
[3.962s] [ 18%] [32m[1mLinking CXX static library libgmock.a[0m
[3.964s] [ 27%] [32m[1mLinking CXX shared library libeffort_controllers.so[0m
[4.068s] [ 36%] Built target gmock_main
[4.085s] [ 54%] Built target gmock
[4.543s] [ 63%] Built target effort_controllers
[4.558s] [35m[1mConsolidate compiler generated dependencies of target test_joint_group_effort_controller[0m
[4.558s] [35m[1mConsolidate compiler generated dependencies of target test_load_joint_group_effort_controller[0m
[4.589s] [ 72%] [32m[1mLinking CXX executable test_joint_group_effort_controller[0m
[4.601s] [ 81%] [32mBuilding CXX object CMakeFiles/test_load_joint_group_effort_controller.dir/test/test_load_joint_group_effort_controller.cpp.o[0m
[5.201s] [ 90%] Built target test_joint_group_effort_controller
[10.358s] [100%] [32m[1mLinking CXX executable test_load_joint_group_effort_controller[0m
[11.484s] [100%] Built target test_load_joint_group_effort_controller
[11.493s] Invoked command in '/home/psd/psd_ws/build/effort_controllers' returned '0': AMENT_PREFIX_PATH=/home/psd/psd_ws/install/forward_command_controller:/home/psd/psd_ws/install/controller_manager:/home/psd/psd_ws/install/hardware_interface_testing:/home/psd/psd_ws/install/controller_interface:/home/psd/psd_ws/install/hardware_interface:/home/psd/psd_ws/install/ros2_control_test_assets:/home/psd/psd_ws/install/realtime_tools:/home/psd/psd_ws/install/controller_manager_msgs:/home/psd/psd_ws/install/control_msgs:${AMENT_PREFIX_PATH} CMAKE_PREFIX_PATH=/home/psd/psd_ws/install/forward_command_controller:/home/psd/psd_ws/install/controller_manager:/home/psd/psd_ws/install/hardware_interface_testing:/home/psd/psd_ws/install/controller_interface:/home/psd/psd_ws/install/hardware_interface:/home/psd/psd_ws/install/ros2_control_test_assets:/home/psd/psd_ws/install/realtime_tools:/home/psd/psd_ws/install/controller_manager_msgs:/home/psd/psd_ws/install/control_msgs:/opt/ros/humble LD_LIBRARY_PATH=/home/psd/psd_ws/install/forward_command_controller/lib:/home/psd/psd_ws/install/controller_manager/lib:/home/psd/psd_ws/install/hardware_interface_testing/lib:/home/psd/psd_ws/install/controller_interface/lib:/home/psd/psd_ws/install/hardware_interface/lib:/home/psd/psd_ws/install/realtime_tools/lib:/home/psd/psd_ws/install/controller_manager_msgs/lib:/home/psd/psd_ws/install/control_msgs/lib:${LD_LIBRARY_PATH} PYTHONPATH=/home/psd/psd_ws/install/controller_manager/local/lib/python3.10/dist-packages:/home/psd/psd_ws/install/controller_manager_msgs/local/lib/python3.10/dist-packages:/home/psd/psd_ws/install/control_msgs/local/lib/python3.10/dist-packages:${PYTHONPATH} /usr/bin/cmake --build /home/psd/psd_ws/build/effort_controllers -- -j20 -l20
[11.514s] Invoking command in '/home/psd/psd_ws/build/effort_controllers': AMENT_PREFIX_PATH=/home/psd/psd_ws/install/forward_command_controller:/home/psd/psd_ws/install/controller_manager:/home/psd/psd_ws/install/hardware_interface_testing:/home/psd/psd_ws/install/controller_interface:/home/psd/psd_ws/install/hardware_interface:/home/psd/psd_ws/install/ros2_control_test_assets:/home/psd/psd_ws/install/realtime_tools:/home/psd/psd_ws/install/controller_manager_msgs:/home/psd/psd_ws/install/control_msgs:${AMENT_PREFIX_PATH} CMAKE_PREFIX_PATH=/home/psd/psd_ws/install/forward_command_controller:/home/psd/psd_ws/install/controller_manager:/home/psd/psd_ws/install/hardware_interface_testing:/home/psd/psd_ws/install/controller_interface:/home/psd/psd_ws/install/hardware_interface:/home/psd/psd_ws/install/ros2_control_test_assets:/home/psd/psd_ws/install/realtime_tools:/home/psd/psd_ws/install/controller_manager_msgs:/home/psd/psd_ws/install/control_msgs:/opt/ros/humble LD_LIBRARY_PATH=/home/psd/psd_ws/install/forward_command_controller/lib:/home/psd/psd_ws/install/controller_manager/lib:/home/psd/psd_ws/install/hardware_interface_testing/lib:/home/psd/psd_ws/install/controller_interface/lib:/home/psd/psd_ws/install/hardware_interface/lib:/home/psd/psd_ws/install/realtime_tools/lib:/home/psd/psd_ws/install/controller_manager_msgs/lib:/home/psd/psd_ws/install/control_msgs/lib:${LD_LIBRARY_PATH} PYTHONPATH=/home/psd/psd_ws/install/controller_manager/local/lib/python3.10/dist-packages:/home/psd/psd_ws/install/controller_manager_msgs/local/lib/python3.10/dist-packages:/home/psd/psd_ws/install/control_msgs/local/lib/python3.10/dist-packages:${PYTHONPATH} /usr/bin/cmake --install /home/psd/psd_ws/build/effort_controllers
[11.519s] -- Install configuration: ""
[11.519s] -- Execute custom install script
[11.519s] -- Up-to-date symlink: /home/psd/psd_ws/install/effort_controllers/share/effort_controllers//effort_controllers_plugins.xml
[11.520s] -- Up-to-date symlink: /home/psd/psd_ws/install/effort_controllers/include/effort_controllers/effort_controllers/joint_group_effort_controller.hpp
[11.520s] -- Up-to-date symlink: /home/psd/psd_ws/install/effort_controllers/include/effort_controllers/effort_controllers/visibility_control.h
[11.520s] -- Up-to-date symlink: /home/psd/psd_ws/install/effort_controllers/share/effort_controllers/environment/library_path.sh
[11.520s] -- Up-to-date symlink: /home/psd/psd_ws/install/effort_controllers/share/effort_controllers/environment/library_path.dsv
[11.520s] -- Up-to-date symlink: /home/psd/psd_ws/install/effort_controllers/share/ament_index/resource_index/package_run_dependencies/effort_controllers
[11.520s] -- Up-to-date symlink: /home/psd/psd_ws/install/effort_controllers/share/ament_index/resource_index/parent_prefix_path/effort_controllers
[11.520s] -- Up-to-date symlink: /home/psd/psd_ws/install/effort_controllers/share/effort_controllers/environment/ament_prefix_path.sh
[11.520s] -- Up-to-date symlink: /home/psd/psd_ws/install/effort_controllers/share/effort_controllers/environment/ament_prefix_path.dsv
[11.520s] -- Up-to-date symlink: /home/psd/psd_ws/install/effort_controllers/share/effort_controllers/environment/path.sh
[11.521s] -- Up-to-date symlink: /home/psd/psd_ws/install/effort_controllers/share/effort_controllers/environment/path.dsv
[11.521s] -- Up-to-date symlink: /home/psd/psd_ws/install/effort_controllers/share/effort_controllers/local_setup.bash
[11.521s] -- Up-to-date symlink: /home/psd/psd_ws/install/effort_controllers/share/effort_controllers/local_setup.sh
[11.521s] -- Up-to-date symlink: /home/psd/psd_ws/install/effort_controllers/share/effort_controllers/local_setup.zsh
[11.521s] -- Up-to-date symlink: /home/psd/psd_ws/install/effort_controllers/share/effort_controllers/local_setup.dsv
[11.521s] -- Symlinking: /home/psd/psd_ws/install/effort_controllers/share/effort_controllers/package.dsv
[11.527s] -- Up-to-date symlink: /home/psd/psd_ws/install/effort_controllers/share/ament_index/resource_index/packages/effort_controllers
[11.527s] -- Up-to-date symlink: /home/psd/psd_ws/install/effort_controllers/share/ament_index/resource_index/controller_interface__pluginlib__plugin/effort_controllers
[11.527s] -- Up-to-date symlink: /home/psd/psd_ws/install/effort_controllers/share/effort_controllers/cmake/ament_cmake_export_targets-extras.cmake
[11.527s] -- Up-to-date symlink: /home/psd/psd_ws/install/effort_controllers/share/effort_controllers/cmake/ament_cmake_export_dependencies-extras.cmake
[11.527s] -- Up-to-date symlink: /home/psd/psd_ws/install/effort_controllers/share/effort_controllers/cmake/effort_controllersConfig.cmake
[11.528s] -- Up-to-date symlink: /home/psd/psd_ws/install/effort_controllers/share/effort_controllers/cmake/effort_controllersConfig-version.cmake
[11.528s] -- Up-to-date symlink: /home/psd/psd_ws/install/effort_controllers/share/effort_controllers/package.xml
[11.528s] -- Installing: /home/psd/psd_ws/install/effort_controllers/lib/libeffort_controllers.so
[11.528s] -- Set runtime path of "/home/psd/psd_ws/install/effort_controllers/lib/libeffort_controllers.so" to ""
[11.528s] -- Up-to-date: /home/psd/psd_ws/install/effort_controllers/share/effort_controllers/cmake/export_effort_controllersExport.cmake
[11.528s] -- Up-to-date: /home/psd/psd_ws/install/effort_controllers/share/effort_controllers/cmake/export_effort_controllersExport-noconfig.cmake
[11.530s] Invoked command in '/home/psd/psd_ws/build/effort_controllers' returned '0': AMENT_PREFIX_PATH=/home/psd/psd_ws/install/forward_command_controller:/home/psd/psd_ws/install/controller_manager:/home/psd/psd_ws/install/hardware_interface_testing:/home/psd/psd_ws/install/controller_interface:/home/psd/psd_ws/install/hardware_interface:/home/psd/psd_ws/install/ros2_control_test_assets:/home/psd/psd_ws/install/realtime_tools:/home/psd/psd_ws/install/controller_manager_msgs:/home/psd/psd_ws/install/control_msgs:${AMENT_PREFIX_PATH} CMAKE_PREFIX_PATH=/home/psd/psd_ws/install/forward_command_controller:/home/psd/psd_ws/install/controller_manager:/home/psd/psd_ws/install/hardware_interface_testing:/home/psd/psd_ws/install/controller_interface:/home/psd/psd_ws/install/hardware_interface:/home/psd/psd_ws/install/ros2_control_test_assets:/home/psd/psd_ws/install/realtime_tools:/home/psd/psd_ws/install/controller_manager_msgs:/home/psd/psd_ws/install/control_msgs:/opt/ros/humble LD_LIBRARY_PATH=/home/psd/psd_ws/install/forward_command_controller/lib:/home/psd/psd_ws/install/controller_manager/lib:/home/psd/psd_ws/install/hardware_interface_testing/lib:/home/psd/psd_ws/install/controller_interface/lib:/home/psd/psd_ws/install/hardware_interface/lib:/home/psd/psd_ws/install/realtime_tools/lib:/home/psd/psd_ws/install/controller_manager_msgs/lib:/home/psd/psd_ws/install/control_msgs/lib:${LD_LIBRARY_PATH} PYTHONPATH=/home/psd/psd_ws/install/controller_manager/local/lib/python3.10/dist-packages:/home/psd/psd_ws/install/controller_manager_msgs/local/lib/python3.10/dist-packages:/home/psd/psd_ws/install/control_msgs/local/lib/python3.10/dist-packages:${PYTHONPATH} /usr/bin/cmake --install /home/psd/psd_ws/build/effort_controllers
