[0.030s] Invoking command in '/psd_ws/build/psd_vehicle': CMAKE_PREFIX_PATH=/opt/ros/humble /usr/bin/cmake /psd_ws/src/psd_vehicle -DCMAKE_INSTALL_PREFIX=/psd_ws/install/psd_vehicle
[0.065s] -- The C compiler identification is GNU 11.4.0
[0.095s] -- The CXX compiler identification is GNU 11.4.0
[0.099s] -- Detecting C compiler ABI info
[0.134s] -- Detecting C compiler ABI info - done
[0.138s] -- Check for working C compiler: /usr/bin/cc - skipped
[0.138s] -- Detecting C compile features
[0.138s] -- Detecting C compile features - done
[0.140s] -- Detecting CXX compiler ABI info
[0.179s] -- Detecting CXX compiler ABI info - done
[0.183s] -- Check for working CXX compiler: /usr/bin/c++ - skipped
[0.183s] -- Detecting CXX compile features
[0.183s] -- Detecting CXX compile features - done
[0.185s] -- Found ament_cmake: 1.3.8 (/opt/ros/humble/share/ament_cmake/cmake)
[0.273s] -- Found Python3: /usr/bin/python3 (found version "3.10.12") found components: Interpreter 
[0.324s] -- Found ament_lint_auto: 0.12.10 (/opt/ros/humble/share/ament_lint_auto/cmake)
[0.370s] -- Added test 'copyright' to check source files copyright and LICENSE
[0.378s] -- Added test 'flake8' to check Python code syntax and style conventions
[0.379s] -- Added test 'lint_cmake' to check CMake code style
[0.379s] -- Added test 'pep257' to check Python code against some of the docstring style conventions in PEP 257
[0.379s] -- Added test 'xmllint' to check XML markup files
[0.379s] -- Configuring done
[0.379s] -- Generating done
[0.379s] -- Build files have been written to: /psd_ws/build/psd_vehicle
[0.382s] Invoked command in '/psd_ws/build/psd_vehicle' returned '0': CMAKE_PREFIX_PATH=/opt/ros/humble /usr/bin/cmake /psd_ws/src/psd_vehicle -DCMAKE_INSTALL_PREFIX=/psd_ws/install/psd_vehicle
[0.382s] Invoking command in '/psd_ws/build/psd_vehicle': CMAKE_PREFIX_PATH=/opt/ros/humble /usr/bin/cmake --build /psd_ws/build/psd_vehicle -- -j20 -l20
[0.400s] Invoked command in '/psd_ws/build/psd_vehicle' returned '0': CMAKE_PREFIX_PATH=/opt/ros/humble /usr/bin/cmake --build /psd_ws/build/psd_vehicle -- -j20 -l20
[0.415s] Invoking command in '/psd_ws/build/psd_vehicle': CMAKE_PREFIX_PATH=/opt/ros/humble /usr/bin/cmake --install /psd_ws/build/psd_vehicle
[0.418s] -- Install configuration: ""
[0.418s] -- Installing: /psd_ws/install/psd_vehicle/share/psd_vehicle/config
[0.419s] -- Installing: /psd_ws/install/psd_vehicle/share/psd_vehicle/config/empty.yaml
[0.419s] -- Installing: /psd_ws/install/psd_vehicle/share/psd_vehicle/config/view_bot.rviz
[0.419s] -- Installing: /psd_ws/install/psd_vehicle/share/psd_vehicle/description
[0.419s] -- Installing: /psd_ws/install/psd_vehicle/share/psd_vehicle/description/depth_camera.xacro
[0.419s] -- Installing: /psd_ws/install/psd_vehicle/share/psd_vehicle/description/robot_core.xacro
[0.419s] -- Installing: /psd_ws/install/psd_vehicle/share/psd_vehicle/description/robot.urdf.xacro
[0.419s] -- Installing: /psd_ws/install/psd_vehicle/share/psd_vehicle/description/ros2_control.xacro
[0.419s] -- Installing: /psd_ws/install/psd_vehicle/share/psd_vehicle/description/inertial_macros.xacro
[0.419s] -- Installing: /psd_ws/install/psd_vehicle/share/psd_vehicle/description/gazebo_control.xacro
[0.419s] -- Installing: /psd_ws/install/psd_vehicle/share/psd_vehicle/description/camera.xacro
[0.420s] -- Installing: /psd_ws/install/psd_vehicle/share/psd_vehicle/description/lidar.xacro
[0.420s] -- Installing: /psd_ws/install/psd_vehicle/share/psd_vehicle/description/ackermann.urdf.xacro
[0.420s] -- Installing: /psd_ws/install/psd_vehicle/share/psd_vehicle/launch
[0.420s] -- Installing: /psd_ws/install/psd_vehicle/share/psd_vehicle/launch/rsp.launch.py
[0.420s] -- Installing: /psd_ws/install/psd_vehicle/share/psd_vehicle/launch/launch_sim.launch.py
[0.420s] -- Installing: /psd_ws/install/psd_vehicle/share/psd_vehicle/launch/online_async_launch.py
[0.420s] -- Installing: /psd_ws/install/psd_vehicle/share/psd_vehicle/launch/joystick.launch.py
[0.420s] -- Installing: /psd_ws/install/psd_vehicle/share/psd_vehicle/launch/launch_robot.launch.py
[0.420s] -- Installing: /psd_ws/install/psd_vehicle/share/psd_vehicle/launch/camera.launch.py
[0.420s] -- Installing: /psd_ws/install/psd_vehicle/share/psd_vehicle/launch/navigation_launch.py
[0.420s] -- Installing: /psd_ws/install/psd_vehicle/share/psd_vehicle/launch/localization_launch.py
[0.420s] -- Installing: /psd_ws/install/psd_vehicle/share/psd_vehicle/launch/rplidar.launch.py
[0.420s] -- Installing: /psd_ws/install/psd_vehicle/share/psd_vehicle/launch/ball_tracker.launch.py
[0.420s] -- Installing: /psd_ws/install/psd_vehicle/share/psd_vehicle/worlds
[0.420s] -- Installing: /psd_ws/install/psd_vehicle/share/psd_vehicle/worlds/obstacles.world
[0.420s] -- Installing: /psd_ws/install/psd_vehicle/share/psd_vehicle/worlds/empty.world
[0.420s] -- Installing: /psd_ws/install/psd_vehicle/share/ament_index/resource_index/package_run_dependencies/psd_vehicle
[0.420s] -- Installing: /psd_ws/install/psd_vehicle/share/ament_index/resource_index/parent_prefix_path/psd_vehicle
[0.421s] -- Installing: /psd_ws/install/psd_vehicle/share/psd_vehicle/environment/ament_prefix_path.sh
[0.421s] -- Installing: /psd_ws/install/psd_vehicle/share/psd_vehicle/environment/ament_prefix_path.dsv
[0.421s] -- Installing: /psd_ws/install/psd_vehicle/share/psd_vehicle/environment/path.sh
[0.421s] -- Installing: /psd_ws/install/psd_vehicle/share/psd_vehicle/environment/path.dsv
[0.421s] -- Installing: /psd_ws/install/psd_vehicle/share/psd_vehicle/local_setup.bash
[0.421s] -- Installing: /psd_ws/install/psd_vehicle/share/psd_vehicle/local_setup.sh
[0.421s] -- Installing: /psd_ws/install/psd_vehicle/share/psd_vehicle/local_setup.zsh
[0.421s] -- Installing: /psd_ws/install/psd_vehicle/share/psd_vehicle/local_setup.dsv
[0.421s] -- Installing: /psd_ws/install/psd_vehicle/share/psd_vehicle/package.dsv
[0.421s] -- Installing: /psd_ws/install/psd_vehicle/share/ament_index/resource_index/packages/psd_vehicle
[0.421s] -- Installing: /psd_ws/install/psd_vehicle/share/psd_vehicle/cmake/psd_vehicleConfig.cmake
[0.421s] -- Installing: /psd_ws/install/psd_vehicle/share/psd_vehicle/cmake/psd_vehicleConfig-version.cmake
[0.421s] -- Installing: /psd_ws/install/psd_vehicle/share/psd_vehicle/package.xml
[0.423s] Invoked command in '/psd_ws/build/psd_vehicle' returned '0': CMAKE_PREFIX_PATH=/opt/ros/humble /usr/bin/cmake --install /psd_ws/build/psd_vehicle
