-- Found ament_cmake: 1.3.8 (/opt/ros/humble/share/ament_cmake/cmake)
-- Override CMake install command with custom implementation using symlinks instead of copying resources
-- Found control_msgs: 4.4.0 (/home/psd/psd_ws/install/control_msgs/share/control_msgs/cmake)
-- Found rosidl_generator_c: 3.1.5 (/opt/ros/humble/share/rosidl_generator_c/cmake)
-- Found rosidl_adapter: 3.1.5 (/opt/ros/humble/share/rosidl_adapter/cmake)
-- Found rosidl_generator_cpp: 3.1.5 (/opt/ros/humble/share/rosidl_generator_cpp/cmake)
-- Using all available rosidl_typesupport_c: rosidl_typesupport_fastrtps_c;rosidl_typesupport_introspection_c
-- Using all available rosidl_typesupport_cpp: rosidl_typesupport_fastrtps_cpp;rosidl_typesupport_introspection_cpp
-- Found rclcpp: 16.0.8 (/opt/ros/humble/share/rclcpp/cmake)
-- Found rmw_implementation_cmake: 6.1.1 (/opt/ros/humble/share/rmw_implementation_cmake/cmake)
-- Found rmw_fastrtps_cpp: 6.2.6 (/opt/ros/humble/share/rmw_fastrtps_cpp/cmake)
-- Using RMW implementation 'rmw_fastrtps_cpp' as default
-- Found realtime_tools: 2.5.0 (/home/psd/psd_ws/install/realtime_tools/share/realtime_tools/cmake)
-- Found filters: 2.1.0 (/opt/ros/humble/share/filters/cmake)
-- Found generate_parameter_library: 0.3.7 (/opt/ros/humble/share/generate_parameter_library/cmake)
-- Found parameter_traits: 0.3.7 (/opt/ros/humble/share/parameter_traits/cmake)
-- Found rclcpp_lifecycle: 16.0.8 (/opt/ros/humble/share/rclcpp_lifecycle/cmake)
-- Found pluginlib: 5.1.0 (/opt/ros/humble/share/pluginlib/cmake)
-- Found ament_cmake_gmock: 1.3.8 (/opt/ros/humble/share/ament_cmake_gmock/cmake)
-- Found ament_cmake_gtest: 1.3.8 (/opt/ros/humble/share/ament_cmake_gtest/cmake)
-- Found gmock sources under '/opt/ros/humble/src/gmock_vendor': C++ tests using 'Google Mock' will be built
-- Found gtest sources under '/opt/ros/humble/src/gtest_vendor': C++ tests using 'Google Test' will be built
-- Configuring done
-- Generating done
-- Build files have been written to: /home/psd/psd_ws/build/control_toolbox
[35m[1mConsolidate compiler generated dependencies of target control_toolbox[0m
[35m[1mConsolidate compiler generated dependencies of target gtest[0m
[35m[1mConsolidate compiler generated dependencies of target gmock[0m
[35m[1mConsolidate compiler generated dependencies of target gmock_main[0m
[35m[1mConsolidate compiler generated dependencies of target gtest_main[0m
[  3%] Built target low_pass_filter_parameters
[ 10%] Built target gtest
[ 17%] Built target gtest_main
[ 27%] Built target gmock
[ 37%] Built target gmock_main
[ 37%] [32m[1mLinking CXX shared library libcontrol_toolbox.so[0m
[35m[1mConsolidate compiler generated dependencies of target low_pass_filter[0m
[ 41%] [32mBuilding CXX object CMakeFiles/low_pass_filter.dir/src/control_filters/low_pass_filter.cpp.o[0m
[ 62%] Built target control_toolbox
[35m[1mConsolidate compiler generated dependencies of target pid_tests[0m
[35m[1mConsolidate compiler generated dependencies of target pid_parameters_tests[0m
[35m[1mConsolidate compiler generated dependencies of target pid_publisher_tests[0m
[ 68%] [32m[1mLinking CXX executable pid_publisher_tests[0m
[ 68%] [32m[1mLinking CXX executable pid_tests[0m
[ 72%] [32m[1mLinking CXX executable pid_parameters_tests[0m
[ 75%] Built target pid_parameters_tests
[ 79%] Built target pid_tests
[ 82%] Built target pid_publisher_tests
[ 86%] [32m[1mLinking CXX shared library liblow_pass_filter.so[0m
[ 86%] Built target low_pass_filter
[35m[1mConsolidate compiler generated dependencies of target test_low_pass_filter[0m
[35m[1mConsolidate compiler generated dependencies of target test_load_low_pass_filter[0m
[ 89%] [32mBuilding CXX object CMakeFiles/test_low_pass_filter.dir/test/control_filters/test_low_pass_filter.cpp.o[0m
[ 93%] [32mBuilding CXX object CMakeFiles/test_load_low_pass_filter.dir/test/control_filters/test_load_low_pass_filter.cpp.o[0m
[ 96%] [32m[1mLinking CXX executable test_low_pass_filter[0m
[ 96%] Built target test_low_pass_filter
[100%] [32m[1mLinking CXX executable test_load_low_pass_filter[0m
[100%] Built target test_load_low_pass_filter
-- Install configuration: ""
-- Execute custom install script
-- Up-to-date symlink: /home/psd/psd_ws/install/control_toolbox/include/low_pass_filter_parameters/low_pass_filter_parameters.hpp
-- Up-to-date symlink: /home/psd/psd_ws/install/control_toolbox/share/control_toolbox//control_filters.xml
-- Up-to-date symlink: /home/psd/psd_ws/install/control_toolbox/include/control_toolbox/control_filters/low_pass_filter.hpp
-- Up-to-date symlink: /home/psd/psd_ws/install/control_toolbox/include/control_toolbox/control_toolbox/dither.hpp
-- Up-to-date symlink: /home/psd/psd_ws/install/control_toolbox/include/control_toolbox/control_toolbox/filters.hpp
-- Up-to-date symlink: /home/psd/psd_ws/install/control_toolbox/include/control_toolbox/control_toolbox/limited_proxy.hpp
-- Up-to-date symlink: /home/psd/psd_ws/install/control_toolbox/include/control_toolbox/control_toolbox/pid.hpp
-- Up-to-date symlink: /home/psd/psd_ws/install/control_toolbox/include/control_toolbox/control_toolbox/pid_ros.hpp
-- Up-to-date symlink: /home/psd/psd_ws/install/control_toolbox/include/control_toolbox/control_toolbox/sine_sweep.hpp
-- Up-to-date symlink: /home/psd/psd_ws/install/control_toolbox/include/control_toolbox/control_toolbox/sinusoid.hpp
-- Up-to-date symlink: /home/psd/psd_ws/install/control_toolbox/include/control_toolbox/control_toolbox/visibility_control.hpp
-- Up-to-date symlink: /home/psd/psd_ws/install/control_toolbox/share/control_toolbox/environment/library_path.sh
-- Up-to-date symlink: /home/psd/psd_ws/install/control_toolbox/share/control_toolbox/environment/library_path.dsv
-- Up-to-date symlink: /home/psd/psd_ws/install/control_toolbox/share/ament_index/resource_index/package_run_dependencies/control_toolbox
-- Up-to-date symlink: /home/psd/psd_ws/install/control_toolbox/share/ament_index/resource_index/parent_prefix_path/control_toolbox
-- Up-to-date symlink: /home/psd/psd_ws/install/control_toolbox/share/control_toolbox/environment/ament_prefix_path.sh
-- Up-to-date symlink: /home/psd/psd_ws/install/control_toolbox/share/control_toolbox/environment/ament_prefix_path.dsv
-- Up-to-date symlink: /home/psd/psd_ws/install/control_toolbox/share/control_toolbox/environment/path.sh
-- Up-to-date symlink: /home/psd/psd_ws/install/control_toolbox/share/control_toolbox/environment/path.dsv
-- Up-to-date symlink: /home/psd/psd_ws/install/control_toolbox/share/control_toolbox/local_setup.bash
-- Up-to-date symlink: /home/psd/psd_ws/install/control_toolbox/share/control_toolbox/local_setup.sh
-- Up-to-date symlink: /home/psd/psd_ws/install/control_toolbox/share/control_toolbox/local_setup.zsh
-- Up-to-date symlink: /home/psd/psd_ws/install/control_toolbox/share/control_toolbox/local_setup.dsv
-- Symlinking: /home/psd/psd_ws/install/control_toolbox/share/control_toolbox/package.dsv
-- Up-to-date symlink: /home/psd/psd_ws/install/control_toolbox/share/ament_index/resource_index/packages/control_toolbox
-- Up-to-date symlink: /home/psd/psd_ws/install/control_toolbox/share/ament_index/resource_index/filters__pluginlib__plugin/control_toolbox
-- Up-to-date symlink: /home/psd/psd_ws/install/control_toolbox/share/control_toolbox/cmake/ament_cmake_export_targets-extras.cmake
-- Up-to-date symlink: /home/psd/psd_ws/install/control_toolbox/share/control_toolbox/cmake/ament_cmake_export_dependencies-extras.cmake
-- Up-to-date symlink: /home/psd/psd_ws/install/control_toolbox/share/control_toolbox/cmake/control_toolboxConfig.cmake
-- Up-to-date symlink: /home/psd/psd_ws/install/control_toolbox/share/control_toolbox/cmake/control_toolboxConfig-version.cmake
-- Up-to-date symlink: /home/psd/psd_ws/install/control_toolbox/share/control_toolbox/package.xml
-- Installing: /home/psd/psd_ws/install/control_toolbox/lib/libcontrol_toolbox.so
-- Set runtime path of "/home/psd/psd_ws/install/control_toolbox/lib/libcontrol_toolbox.so" to ""
-- Installing: /home/psd/psd_ws/install/control_toolbox/lib/liblow_pass_filter.so
-- Set runtime path of "/home/psd/psd_ws/install/control_toolbox/lib/liblow_pass_filter.so" to ""
-- Installing: /home/psd/psd_ws/install/control_toolbox/share/control_toolbox/cmake/export_control_toolboxExport.cmake
-- Installing: /home/psd/psd_ws/install/control_toolbox/share/control_toolbox/cmake/export_control_toolboxExport-noconfig.cmake
