[0.010s] Invoking command in '/home/psd/psd_ws/build/control_toolbox': AMENT_PREFIX_PATH=/home/psd/psd_ws/install/realtime_tools:/home/psd/psd_ws/install/control_msgs:${AMENT_PREFIX_PATH} CMAKE_PREFIX_PATH=/home/psd/psd_ws/install/realtime_tools:/home/psd/psd_ws/install/control_msgs:/opt/ros/humble LD_LIBRARY_PATH=/home/psd/psd_ws/install/realtime_tools/lib:/home/psd/psd_ws/install/control_msgs/lib:${LD_LIBRARY_PATH} PYTHONPATH=/home/psd/psd_ws/install/control_msgs/local/lib/python3.10/dist-packages:${PYTHONPATH} /usr/bin/cmake /home/psd/psd_ws/src/ros-controls/control_toolbox -DAMENT_CMAKE_SYMLINK_INSTALL=1 -DCMAKE_INSTALL_PREFIX=/home/psd/psd_ws/install/control_toolbox
[0.017s] -- Found ament_cmake: 1.3.8 (/opt/ros/humble/share/ament_cmake/cmake)
[0.089s] -- Override CMake install command with custom implementation using symlinks instead of copying resources
[0.093s] -- Found control_msgs: 4.4.0 (/home/psd/psd_ws/install/control_msgs/share/control_msgs/cmake)
[0.114s] -- Found rosidl_generator_c: 3.1.5 (/opt/ros/humble/share/rosidl_generator_c/cmake)
[0.116s] -- Found rosidl_adapter: 3.1.5 (/opt/ros/humble/share/rosidl_adapter/cmake)
[0.119s] -- Found rosidl_generator_cpp: 3.1.5 (/opt/ros/humble/share/rosidl_generator_cpp/cmake)
[0.126s] -- Using all available rosidl_typesupport_c: rosidl_typesupport_fastrtps_c;rosidl_typesupport_introspection_c
[0.135s] -- Using all available rosidl_typesupport_cpp: rosidl_typesupport_fastrtps_cpp;rosidl_typesupport_introspection_cpp
[0.448s] -- Found rclcpp: 16.0.8 (/opt/ros/humble/share/rclcpp/cmake)
[0.477s] -- Found rmw_implementation_cmake: 6.1.1 (/opt/ros/humble/share/rmw_implementation_cmake/cmake)
[0.478s] -- Found rmw_fastrtps_cpp: 6.2.6 (/opt/ros/humble/share/rmw_fastrtps_cpp/cmake)
[0.569s] -- Using RMW implementation 'rmw_fastrtps_cpp' as default
[0.643s] -- Found realtime_tools: 2.5.0 (/home/psd/psd_ws/install/realtime_tools/share/realtime_tools/cmake)
[0.665s] -- Found filters: 2.1.0 (/opt/ros/humble/share/filters/cmake)
[0.666s] -- Found generate_parameter_library: 0.3.7 (/opt/ros/humble/share/generate_parameter_library/cmake)
[0.667s] -- Found parameter_traits: 0.3.7 (/opt/ros/humble/share/parameter_traits/cmake)
[0.676s] -- Found rclcpp_lifecycle: 16.0.8 (/opt/ros/humble/share/rclcpp_lifecycle/cmake)
[0.700s] -- Found pluginlib: 5.1.0 (/opt/ros/humble/share/pluginlib/cmake)
[0.714s] -- Found ament_cmake_gmock: 1.3.8 (/opt/ros/humble/share/ament_cmake_gmock/cmake)
[0.714s] -- Found ament_cmake_gtest: 1.3.8 (/opt/ros/humble/share/ament_cmake_gtest/cmake)
[0.715s] -- Found gmock sources under '/opt/ros/humble/src/gmock_vendor': C++ tests using 'Google Mock' will be built
[0.717s] -- Found gtest sources under '/opt/ros/humble/src/gtest_vendor': C++ tests using 'Google Test' will be built
[0.767s] -- Configuring done
[0.797s] -- Generating done
[0.799s] -- Build files have been written to: /home/psd/psd_ws/build/control_toolbox
[0.805s] Invoked command in '/home/psd/psd_ws/build/control_toolbox' returned '0': AMENT_PREFIX_PATH=/home/psd/psd_ws/install/realtime_tools:/home/psd/psd_ws/install/control_msgs:${AMENT_PREFIX_PATH} CMAKE_PREFIX_PATH=/home/psd/psd_ws/install/realtime_tools:/home/psd/psd_ws/install/control_msgs:/opt/ros/humble LD_LIBRARY_PATH=/home/psd/psd_ws/install/realtime_tools/lib:/home/psd/psd_ws/install/control_msgs/lib:${LD_LIBRARY_PATH} PYTHONPATH=/home/psd/psd_ws/install/control_msgs/local/lib/python3.10/dist-packages:${PYTHONPATH} /usr/bin/cmake /home/psd/psd_ws/src/ros-controls/control_toolbox -DAMENT_CMAKE_SYMLINK_INSTALL=1 -DCMAKE_INSTALL_PREFIX=/home/psd/psd_ws/install/control_toolbox
[0.806s] Invoking command in '/home/psd/psd_ws/build/control_toolbox': AMENT_PREFIX_PATH=/home/psd/psd_ws/install/realtime_tools:/home/psd/psd_ws/install/control_msgs:${AMENT_PREFIX_PATH} CMAKE_PREFIX_PATH=/home/psd/psd_ws/install/realtime_tools:/home/psd/psd_ws/install/control_msgs:/opt/ros/humble LD_LIBRARY_PATH=/home/psd/psd_ws/install/realtime_tools/lib:/home/psd/psd_ws/install/control_msgs/lib:${LD_LIBRARY_PATH} PYTHONPATH=/home/psd/psd_ws/install/control_msgs/local/lib/python3.10/dist-packages:${PYTHONPATH} /usr/bin/cmake --build /home/psd/psd_ws/build/control_toolbox -- -j20 -l20
[0.834s] [35m[1mConsolidate compiler generated dependencies of target control_toolbox[0m
[0.835s] [35m[1mConsolidate compiler generated dependencies of target gtest[0m
[0.836s] [35m[1mConsolidate compiler generated dependencies of target gmock[0m
[0.836s] [35m[1mConsolidate compiler generated dependencies of target gmock_main[0m
[0.837s] [35m[1mConsolidate compiler generated dependencies of target gtest_main[0m
[0.843s] [  3%] Built target low_pass_filter_parameters
[0.843s] [ 10%] Built target gtest
[0.847s] [ 17%] Built target gtest_main
[0.849s] [ 27%] Built target gmock
[0.849s] [ 37%] Built target gmock_main
[0.849s] [ 37%] [32m[1mLinking CXX shared library libcontrol_toolbox.so[0m
[0.850s] [35m[1mConsolidate compiler generated dependencies of target low_pass_filter[0m
[0.867s] [ 41%] [32mBuilding CXX object CMakeFiles/low_pass_filter.dir/src/control_filters/low_pass_filter.cpp.o[0m
[0.982s] [ 62%] Built target control_toolbox
[0.988s] [35m[1mConsolidate compiler generated dependencies of target pid_tests[0m
[0.988s] [35m[1mConsolidate compiler generated dependencies of target pid_parameters_tests[0m
[0.988s] [35m[1mConsolidate compiler generated dependencies of target pid_publisher_tests[0m
[1.000s] [ 68%] [32m[1mLinking CXX executable pid_publisher_tests[0m
[1.000s] [ 68%] [32m[1mLinking CXX executable pid_tests[0m
[1.001s] [ 72%] [32m[1mLinking CXX executable pid_parameters_tests[0m
[1.161s] [ 75%] Built target pid_parameters_tests
[1.190s] [ 79%] Built target pid_tests
[1.331s] [ 82%] Built target pid_publisher_tests
[3.559s] [ 86%] [32m[1mLinking CXX shared library liblow_pass_filter.so[0m
[3.640s] [ 86%] Built target low_pass_filter
[3.647s] [35m[1mConsolidate compiler generated dependencies of target test_low_pass_filter[0m
[3.647s] [35m[1mConsolidate compiler generated dependencies of target test_load_low_pass_filter[0m
[3.660s] [ 89%] [32mBuilding CXX object CMakeFiles/test_low_pass_filter.dir/test/control_filters/test_low_pass_filter.cpp.o[0m
[3.661s] [ 93%] [32mBuilding CXX object CMakeFiles/test_load_low_pass_filter.dir/test/control_filters/test_load_low_pass_filter.cpp.o[0m
[7.604s] [ 96%] [32m[1mLinking CXX executable test_low_pass_filter[0m
[7.734s] [ 96%] Built target test_low_pass_filter
[8.618s] [100%] [32m[1mLinking CXX executable test_load_low_pass_filter[0m
[8.787s] [100%] Built target test_load_low_pass_filter
[8.798s] Invoked command in '/home/psd/psd_ws/build/control_toolbox' returned '0': AMENT_PREFIX_PATH=/home/psd/psd_ws/install/realtime_tools:/home/psd/psd_ws/install/control_msgs:${AMENT_PREFIX_PATH} CMAKE_PREFIX_PATH=/home/psd/psd_ws/install/realtime_tools:/home/psd/psd_ws/install/control_msgs:/opt/ros/humble LD_LIBRARY_PATH=/home/psd/psd_ws/install/realtime_tools/lib:/home/psd/psd_ws/install/control_msgs/lib:${LD_LIBRARY_PATH} PYTHONPATH=/home/psd/psd_ws/install/control_msgs/local/lib/python3.10/dist-packages:${PYTHONPATH} /usr/bin/cmake --build /home/psd/psd_ws/build/control_toolbox -- -j20 -l20
[8.829s] Invoking command in '/home/psd/psd_ws/build/control_toolbox': AMENT_PREFIX_PATH=/home/psd/psd_ws/install/realtime_tools:/home/psd/psd_ws/install/control_msgs:${AMENT_PREFIX_PATH} CMAKE_PREFIX_PATH=/home/psd/psd_ws/install/realtime_tools:/home/psd/psd_ws/install/control_msgs:/opt/ros/humble LD_LIBRARY_PATH=/home/psd/psd_ws/install/realtime_tools/lib:/home/psd/psd_ws/install/control_msgs/lib:${LD_LIBRARY_PATH} PYTHONPATH=/home/psd/psd_ws/install/control_msgs/local/lib/python3.10/dist-packages:${PYTHONPATH} /usr/bin/cmake --install /home/psd/psd_ws/build/control_toolbox
[8.835s] -- Install configuration: ""
[8.835s] -- Execute custom install script
[8.836s] -- Up-to-date symlink: /home/psd/psd_ws/install/control_toolbox/include/low_pass_filter_parameters/low_pass_filter_parameters.hpp
[8.836s] -- Up-to-date symlink: /home/psd/psd_ws/install/control_toolbox/share/control_toolbox//control_filters.xml
[8.837s] -- Up-to-date symlink: /home/psd/psd_ws/install/control_toolbox/include/control_toolbox/control_filters/low_pass_filter.hpp
[8.837s] -- Up-to-date symlink: /home/psd/psd_ws/install/control_toolbox/include/control_toolbox/control_toolbox/dither.hpp
[8.837s] -- Up-to-date symlink: /home/psd/psd_ws/install/control_toolbox/include/control_toolbox/control_toolbox/filters.hpp
[8.837s] -- Up-to-date symlink: /home/psd/psd_ws/install/control_toolbox/include/control_toolbox/control_toolbox/limited_proxy.hpp
[8.837s] -- Up-to-date symlink: /home/psd/psd_ws/install/control_toolbox/include/control_toolbox/control_toolbox/pid.hpp
[8.837s] -- Up-to-date symlink: /home/psd/psd_ws/install/control_toolbox/include/control_toolbox/control_toolbox/pid_ros.hpp
[8.837s] -- Up-to-date symlink: /home/psd/psd_ws/install/control_toolbox/include/control_toolbox/control_toolbox/sine_sweep.hpp
[8.837s] -- Up-to-date symlink: /home/psd/psd_ws/install/control_toolbox/include/control_toolbox/control_toolbox/sinusoid.hpp
[8.837s] -- Up-to-date symlink: /home/psd/psd_ws/install/control_toolbox/include/control_toolbox/control_toolbox/visibility_control.hpp
[8.837s] -- Up-to-date symlink: /home/psd/psd_ws/install/control_toolbox/share/control_toolbox/environment/library_path.sh
[8.838s] -- Up-to-date symlink: /home/psd/psd_ws/install/control_toolbox/share/control_toolbox/environment/library_path.dsv
[8.838s] -- Up-to-date symlink: /home/psd/psd_ws/install/control_toolbox/share/ament_index/resource_index/package_run_dependencies/control_toolbox
[8.838s] -- Up-to-date symlink: /home/psd/psd_ws/install/control_toolbox/share/ament_index/resource_index/parent_prefix_path/control_toolbox
[8.838s] -- Up-to-date symlink: /home/psd/psd_ws/install/control_toolbox/share/control_toolbox/environment/ament_prefix_path.sh
[8.838s] -- Up-to-date symlink: /home/psd/psd_ws/install/control_toolbox/share/control_toolbox/environment/ament_prefix_path.dsv
[8.838s] -- Up-to-date symlink: /home/psd/psd_ws/install/control_toolbox/share/control_toolbox/environment/path.sh
[8.838s] -- Up-to-date symlink: /home/psd/psd_ws/install/control_toolbox/share/control_toolbox/environment/path.dsv
[8.838s] -- Up-to-date symlink: /home/psd/psd_ws/install/control_toolbox/share/control_toolbox/local_setup.bash
[8.838s] -- Up-to-date symlink: /home/psd/psd_ws/install/control_toolbox/share/control_toolbox/local_setup.sh
[8.839s] -- Up-to-date symlink: /home/psd/psd_ws/install/control_toolbox/share/control_toolbox/local_setup.zsh
[8.839s] -- Up-to-date symlink: /home/psd/psd_ws/install/control_toolbox/share/control_toolbox/local_setup.dsv
[8.839s] -- Symlinking: /home/psd/psd_ws/install/control_toolbox/share/control_toolbox/package.dsv
[8.846s] -- Up-to-date symlink: /home/psd/psd_ws/install/control_toolbox/share/ament_index/resource_index/packages/control_toolbox
[8.846s] -- Up-to-date symlink: /home/psd/psd_ws/install/control_toolbox/share/ament_index/resource_index/filters__pluginlib__plugin/control_toolbox
[8.846s] -- Up-to-date symlink: /home/psd/psd_ws/install/control_toolbox/share/control_toolbox/cmake/ament_cmake_export_targets-extras.cmake
[8.846s] -- Up-to-date symlink: /home/psd/psd_ws/install/control_toolbox/share/control_toolbox/cmake/ament_cmake_export_dependencies-extras.cmake
[8.846s] -- Up-to-date symlink: /home/psd/psd_ws/install/control_toolbox/share/control_toolbox/cmake/control_toolboxConfig.cmake
[8.846s] -- Up-to-date symlink: /home/psd/psd_ws/install/control_toolbox/share/control_toolbox/cmake/control_toolboxConfig-version.cmake
[8.847s] -- Up-to-date symlink: /home/psd/psd_ws/install/control_toolbox/share/control_toolbox/package.xml
[8.847s] -- Installing: /home/psd/psd_ws/install/control_toolbox/lib/libcontrol_toolbox.so
[8.849s] -- Set runtime path of "/home/psd/psd_ws/install/control_toolbox/lib/libcontrol_toolbox.so" to ""
[8.849s] -- Installing: /home/psd/psd_ws/install/control_toolbox/lib/liblow_pass_filter.so
[8.850s] -- Set runtime path of "/home/psd/psd_ws/install/control_toolbox/lib/liblow_pass_filter.so" to ""
[8.850s] -- Installing: /home/psd/psd_ws/install/control_toolbox/share/control_toolbox/cmake/export_control_toolboxExport.cmake
[8.850s] -- Installing: /home/psd/psd_ws/install/control_toolbox/share/control_toolbox/cmake/export_control_toolboxExport-noconfig.cmake
[8.852s] Invoked command in '/home/psd/psd_ws/build/control_toolbox' returned '0': AMENT_PREFIX_PATH=/home/psd/psd_ws/install/realtime_tools:/home/psd/psd_ws/install/control_msgs:${AMENT_PREFIX_PATH} CMAKE_PREFIX_PATH=/home/psd/psd_ws/install/realtime_tools:/home/psd/psd_ws/install/control_msgs:/opt/ros/humble LD_LIBRARY_PATH=/home/psd/psd_ws/install/realtime_tools/lib:/home/psd/psd_ws/install/control_msgs/lib:${LD_LIBRARY_PATH} PYTHONPATH=/home/psd/psd_ws/install/control_msgs/local/lib/python3.10/dist-packages:${PYTHONPATH} /usr/bin/cmake --install /home/psd/psd_ws/build/control_toolbox
