[0.177s] Invoking command in '/home/psd/psd_ws/build/gazebo_ros2_control': CMAKE_PREFIX_PATH=/home/psd/psd_ws/install/controller_manager:/home/psd/psd_ws/install/controller_interface:/home/psd/psd_ws/install/hardware_interface:/home/psd/psd_ws/install/ros2_control_test_assets:/home/psd/psd_ws/install/realtime_tools:/home/psd/psd_ws/install/controller_manager_msgs:/home/psd/psd_ws/install/control_msgs:/home/psd/psd_ws/install/ros2_controllers:/home/psd/psd_ws/install/gazebo_ros2_control_demos:/home/psd/psd_ws/install/velocity_controllers:/home/psd/psd_ws/install/tricycle_steering_controller:/home/psd/psd_ws/install/tricycle_controller:/home/psd/psd_ws/install/ros2_control_demos:/home/psd/psd_ws/install/ros2_control_demo_example_8:/home/psd/psd_ws/install/ros2_control:/home/psd/psd_ws/install/transmission_interface:/home/psd/psd_ws/install/ros2_control_demo_example_11:/home/psd/psd_ws/install/bicycle_steering_controller:/home/psd/psd_ws/install/ackermann_steering_controller:/home/psd/psd_ws/install/steering_controllers_library:/home/psd/psd_ws/install/ros2_control_demo_example_9:/home/psd/psd_ws/install/ros2_control_demo_example_7:/home/psd/psd_ws/install/ros2_control_demo_example_6:/home/psd/psd_ws/install/ros2_control_demo_example_5:/home/psd/psd_ws/install/ros2_control_demo_example_4:/home/psd/psd_ws/install/ros2_control_demo_example_3:/home/psd/psd_ws/install/ros2_control_demo_example_2:/home/psd/psd_ws/install/ros2_control_demo_example_14:/home/psd/psd_ws/install/ros2_control_demo_example_10:/home/psd/psd_ws/install/ros2_control_demo_example_1:/home/psd/psd_ws/install/hardware_interface_testing:/home/psd/psd_ws/install/gazebo_ros2_control:/home/psd/psd_ws/install/ros2_control_demo_description:/home/psd/psd_ws/install/range_sensor_broadcaster:/home/psd/psd_ws/install/position_controllers:/home/psd/psd_ws/install/admittance_controller:/home/psd/psd_ws/install/joint_trajectory_controller:/home/psd/psd_ws/install/joint_state_broadcaster:/home/psd/psd_ws/install/imu_sensor_broadcaster:/home/psd/psd_ws/install/gripper_controllers:/home/psd/psd_ws/install/effort_controllers:/home/psd/psd_ws/install/forward_command_controller:/home/psd/psd_ws/install/force_torque_sensor_broadcaster:/home/psd/psd_ws/install/diff_drive_controller:/home/psd/psd_ws/install/joint_limits:/home/psd/psd_ws/install/psd_vehicle_bringup:/home/psd/psd_ws/install/psd_vehicle_controller:/home/psd/psd_ws/install/psd_vehicle_description:/home/psd/psd_ws/install/ros_components_description:/home/psd/psd_ws/install/psd_vehicle_interfaces:/home/psd/psd_ws/install/psd_vehicle_hardware_interfaces:/home/psd/psd_ws/install/psd_vehicle_gazebo:/home/psd/psd_ws/install/psd_gazebo_worlds:/home/psd/psd_ws/install/ign_ros2_control_demos:/home/psd/psd_ws/install/ign_ros2_control:/home/psd/psd_ws/install/core:/home/psd/psd_ws/install/rqt_joint_trajectory_controller:/home/psd/psd_ws/install/rqt_controller_manager:/home/psd/psd_ws/install/ros2controlcli:/home/psd/psd_ws/install/ros2_controllers_test_nodes:/opt/ros/humble LD_LIBRARY_PATH=/home/psd/psd_ws/install/controller_manager/lib:/home/psd/psd_ws/install/controller_interface/lib:/home/psd/psd_ws/install/hardware_interface/lib:/home/psd/psd_ws/install/realtime_tools/lib:/home/psd/psd_ws/install/controller_manager_msgs/lib:/home/psd/psd_ws/install/control_msgs/lib:/home/psd/psd_ws/install/velocity_controllers/lib:/home/psd/psd_ws/install/tricycle_steering_controller/lib:/home/psd/psd_ws/install/tricycle_controller/lib:/home/psd/psd_ws/install/ros2_control_demo_example_8/lib:/home/psd/psd_ws/install/transmission_interface/lib:/home/psd/psd_ws/install/ros2_control_demo_example_11/lib:/home/psd/psd_ws/install/bicycle_steering_controller/lib:/home/psd/psd_ws/install/ackermann_steering_controller/lib:/home/psd/psd_ws/install/steering_controllers_library/lib:/home/psd/psd_ws/install/ros2_control_demo_example_9/lib:/home/psd/psd_ws/install/ros2_control_demo_example_7/lib:/home/psd/psd_ws/install/ros2_control_demo_example_6/lib:/home/psd/psd_ws/install/ros2_control_demo_example_5/lib:/home/psd/psd_ws/install/ros2_control_demo_example_4/lib:/home/psd/psd_ws/install/ros2_control_demo_example_3/lib:/home/psd/psd_ws/install/ros2_control_demo_example_2/lib:/home/psd/psd_ws/install/ros2_control_demo_example_14/lib:/home/psd/psd_ws/install/ros2_control_demo_example_10/lib:/home/psd/psd_ws/install/ros2_control_demo_example_1/lib:/home/psd/psd_ws/install/hardware_interface_testing/lib:/home/psd/psd_ws/install/gazebo_ros2_control/lib:/home/psd/psd_ws/install/range_sensor_broadcaster/lib:/home/psd/psd_ws/install/position_controllers/lib:/home/psd/psd_ws/install/admittance_controller/lib:/home/psd/psd_ws/install/joint_trajectory_controller/lib:/home/psd/psd_ws/install/joint_state_broadcaster/lib:/home/psd/psd_ws/install/imu_sensor_broadcaster/lib:/home/psd/psd_ws/install/gripper_controllers/lib:/home/psd/psd_ws/install/effort_controllers/lib:/home/psd/psd_ws/install/forward_command_controller/lib:/home/psd/psd_ws/install/force_torque_sensor_broadcaster/lib:/home/psd/psd_ws/install/diff_drive_controller/lib:/home/psd/psd_ws/install/psd_vehicle_interfaces/lib:/home/psd/psd_ws/install/psd_vehicle_hardware_interfaces/lib:/home/psd/psd_ws/install/ign_ros2_control/lib:/opt/ros/humble/opt/rviz_ogre_vendor/lib:/opt/ros/humble/lib/x86_64-linux-gnu:/opt/ros/humble/lib /usr/bin/cmake /home/psd/psd_ws/src/examples/gazebo_ros2_control/gazebo_ros2_control -DCMAKE_INSTALL_PREFIX=/home/psd/psd_ws/install/gazebo_ros2_control
[0.237s] -- The C compiler identification is GNU 11.4.0
[0.301s] -- The CXX compiler identification is GNU 11.4.0
[0.310s] -- Detecting C compiler ABI info
[0.373s] -- Detecting C compiler ABI info - done
[0.382s] -- Check for working C compiler: /usr/bin/cc - skipped
[0.382s] -- Detecting C compile features
[0.382s] -- Detecting C compile features - done
[0.386s] -- Detecting CXX compiler ABI info
[0.480s] -- Detecting CXX compiler ABI info - done
[0.490s] -- Check for working CXX compiler: /usr/bin/c++ - skipped
[0.490s] -- Detecting CXX compile features
[0.490s] -- Detecting CXX compile features - done
[0.497s] -- Found ament_cmake: 1.3.8 (/opt/ros/humble/share/ament_cmake/cmake)
[0.666s] -- Found Python3: /usr/bin/python3 (found version "3.10.12") found components: Interpreter 
[0.778s] -- Found angles: 1.15.0 (/opt/ros/humble/share/angles/cmake)
[0.779s] -- Found controller_manager: 2.40.0 (/home/psd/psd_ws/install/controller_manager/share/controller_manager/cmake)
[0.840s] -- Found rosidl_generator_c: 3.1.5 (/opt/ros/humble/share/rosidl_generator_c/cmake)
[0.848s] -- Found rosidl_adapter: 3.1.5 (/opt/ros/humble/share/rosidl_adapter/cmake)
[0.859s] -- Found rosidl_generator_cpp: 3.1.5 (/opt/ros/humble/share/rosidl_generator_cpp/cmake)
[0.876s] -- Using all available rosidl_typesupport_c: rosidl_typesupport_fastrtps_c;rosidl_typesupport_introspection_c
[0.899s] -- Using all available rosidl_typesupport_cpp: rosidl_typesupport_fastrtps_cpp;rosidl_typesupport_introspection_cpp
[1.473s] -- Found rmw_implementation_cmake: 6.1.1 (/opt/ros/humble/share/rmw_implementation_cmake/cmake)
[1.479s] -- Found rmw_fastrtps_cpp: 6.2.6 (/opt/ros/humble/share/rmw_fastrtps_cpp/cmake)
[1.522s] -- Found TinyXML2 via Config file: TinyXML2_DIR-NOTFOUND
[1.587s] -- Found OpenSSL: /usr/lib/x86_64-linux-gnu/libcrypto.so (found version "3.0.2")  
[1.590s] -- Found TinyXML2 via Config file: TinyXML2_DIR-NOTFOUND
[1.607s] -- Found FastRTPS: /opt/ros/humble/include  
[1.614s] -- Found TinyXML2 via Config file: TinyXML2_DIR-NOTFOUND
[1.622s] -- Found TinyXML2 via Config file: TinyXML2_DIR-NOTFOUND
[1.637s] -- Using RMW implementation 'rmw_fastrtps_cpp' as default
[1.659s] -- Looking for pthread.h
[1.742s] -- Looking for pthread.h - found
[1.742s] -- Performing Test CMAKE_HAVE_LIBC_PTHREAD
[1.825s] -- Performing Test CMAKE_HAVE_LIBC_PTHREAD - Success
[1.826s] -- Found Threads: TRUE  
[2.320s] -- Found gazebo_dev: 3.7.0 (/opt/ros/humble/share/gazebo_dev/cmake)
[2.328s] -- Found PkgConfig: /usr/bin/pkg-config (found version "0.29.2") 
[2.329s] -- Checking for module 'bullet>=2.82'
[2.348s] --   Found bullet, version 3.05
[2.498s] -- Found fcl: /usr/include (found suitable version "0.7.0", minimum required is "0.5.0") 
[2.570s] -- Found assimp: /usr/include (found version "5.2.0") 
[2.613s] -- Found DART: /usr/include (Required is at least version "6.6") found components: dart 
[2.665s] -- Found Boost: /usr/lib/x86_64-linux-gnu/cmake/Boost-1.74.0/BoostConfig.cmake (found suitable version "1.74.0", minimum required is "1.40.0") found components: thread system filesystem program_options regex iostreams date_time 
[2.685s] -- Found Protobuf: /usr/lib/x86_64-linux-gnu/libprotobuf.so (found version "3.12.4") 
[2.698s] -- Looking for ignition-math6 -- found version 6.15.1
[2.708s] -- Searching for dependencies of ignition-math6
[2.710s] -- Looking for OGRE...
[2.710s] -- OGRE_PREFIX_WATCH changed.
[2.716s] -- Checking for module 'OGRE'
[2.737s] --   Found OGRE, version 1.9.0
[2.781s] -- Found Ogre Ghadamon (1.9.0)
[2.793s] -- Found OGRE: optimized;/usr/lib/x86_64-linux-gnu/libOgreMain.so;debug;/usr/lib/x86_64-linux-gnu/libOgreMain.so
[2.804s] -- Looking for OGRE_Paging...
[2.815s] -- Found OGRE_Paging: optimized;/usr/lib/x86_64-linux-gnu/libOgrePaging.so;debug;/usr/lib/x86_64-linux-gnu/libOgrePaging.so
[2.816s] -- Looking for OGRE_Terrain...
[2.827s] -- Found OGRE_Terrain: optimized;/usr/lib/x86_64-linux-gnu/libOgreTerrain.so;debug;/usr/lib/x86_64-linux-gnu/libOgreTerrain.so
[2.827s] -- Looking for OGRE_Property...
[2.837s] -- Found OGRE_Property: optimized;/usr/lib/x86_64-linux-gnu/libOgreProperty.so;debug;/usr/lib/x86_64-linux-gnu/libOgreProperty.so
[2.837s] -- Looking for OGRE_RTShaderSystem...
[2.848s] -- Found OGRE_RTShaderSystem: optimized;/usr/lib/x86_64-linux-gnu/libOgreRTShaderSystem.so;debug;/usr/lib/x86_64-linux-gnu/libOgreRTShaderSystem.so
[2.849s] -- Looking for OGRE_Volume...
[2.859s] -- Found OGRE_Volume: optimized;/usr/lib/x86_64-linux-gnu/libOgreVolume.so;debug;/usr/lib/x86_64-linux-gnu/libOgreVolume.so
[2.859s] -- Looking for OGRE_Overlay...
[2.870s] -- Found OGRE_Overlay: optimized;/usr/lib/x86_64-linux-gnu/libOgreOverlay.so;debug;/usr/lib/x86_64-linux-gnu/libOgreOverlay.so
[3.151s] -- Looking for ignition-math6 -- found version 6.15.1
[3.158s] -- Looking for ignition-transport8 -- found version 8.2.1
[3.159s] -- Searching for dependencies of ignition-transport8
[3.189s] -- Found Protobuf: /usr/lib/x86_64-linux-gnu/libprotobuf.so (found suitable version "3.12.4", minimum required is "3") 
[3.209s] -- Config-file not installed for ZeroMQ -- checking for pkg-config
[3.214s] -- Checking for module 'libzmq >= 4'
[3.234s] --   Found libzmq , version 4.3.4
[3.291s] -- Found ZeroMQ: TRUE (Required is at least version "4") 
[3.300s] -- Checking for module 'uuid'
[3.325s] --   Found uuid, version 2.37.2
[3.380s] -- Found UUID: TRUE  
[3.386s] -- Looking for ignition-msgs5 -- found version 5.8.1
[3.387s] -- Searching for dependencies of ignition-msgs5
[3.421s] -- Looking for ignition-math6 -- found version 6.15.1
[3.429s] -- Checking for module 'tinyxml2'
[3.457s] --   Found tinyxml2, version 9.0.0
[3.522s] -- Looking for ignition-msgs5 -- found version 5.8.1
[3.529s] -- Looking for ignition-common3 -- found version 3.14.0
[3.530s] -- Searching for dependencies of ignition-common3
[3.531s] -- Looking for dlfcn.h - found
[3.532s] -- Looking for libdl - found
[3.534s] -- Found DL: TRUE  
[3.558s] -- Found tinyobjloader: /usr/lib/x86_64-linux-gnu/cmake/tinyobjloader/tinyobjloader-config.cmake (found version "2.0.0") 
[3.560s] -- Searching for <ignition-common3> component [graphics]
[3.570s] -- Looking for ignition-common3-graphics -- found version 3.14.0
[3.571s] -- Searching for dependencies of ignition-common3-graphics
[3.571s] -- Looking for ignition-math6 -- found version 6.15.1
[3.581s] -- Looking for ignition-fuel_tools4 -- found version 4.4.0
[3.582s] -- Searching for dependencies of ignition-fuel_tools4
[3.737s] -- Found CURL: /usr/lib/x86_64-linux-gnu/libcurl.so (found version "7.81.0")  
[3.755s] -- Checking for module 'jsoncpp'
[3.836s] --   Found jsoncpp, version 1.9.5
[3.906s] -- Found JSONCPP: TRUE  
[3.915s] -- Checking for module 'libzip'
[3.992s] --   Found libzip, version 1.7.3
[4.091s] -- Found ZIP: TRUE  
[4.093s] -- Looking for ignition-common3 -- found version 3.14.0
[4.093s] -- Looking for ignition-math6 -- found version 6.15.1
[4.094s] -- Looking for ignition-msgs5 -- found version 5.8.1
[4.113s] -- Gazebo version: 11.10
[4.113s] -- Checking for module 'tbb'
[4.192s] --   Found tbb, version 2021.5.0
[4.492s] -- Found gazebo_ros: 3.7.0 (/opt/ros/humble/share/gazebo_ros/cmake)
[4.533s] -- Found yaml_cpp_vendor: 8.0.2 (/opt/ros/humble/share/yaml_cpp_vendor/cmake)
[6.807s] -- Found ament_cmake_gtest: 1.3.8 (/opt/ros/humble/share/ament_cmake_gtest/cmake)
[6.815s] -- Found ament_lint_auto: 0.12.10 (/opt/ros/humble/share/ament_lint_auto/cmake)
[7.208s] -- Added test 'copyright' to check source files copyright and LICENSE
[7.212s] -- Added test 'cppcheck' to perform static code analysis on C / C++ code
[7.213s] -- Configured cppcheck include dirs: /home/psd/psd_ws/src/examples/gazebo_ros2_control/gazebo_ros2_control/include
[7.213s] -- Configured cppcheck exclude dirs and/or files: 
[7.224s] -- Added test 'cpplint' to check C / C++ code against the Google style
[7.224s] -- Configured cpplint exclude dirs and/or files: 
[7.226s] -- Added test 'lint_cmake' to check CMake code style
[7.230s] -- Added test 'uncrustify' to check C / C++ code style
[7.230s] -- Configured uncrustify additional arguments: 
[7.232s] -- Added test 'xmllint' to check XML markup files
[7.253s] -- Configuring done
[7.480s] -- Generating done
[7.492s] -- Build files have been written to: /home/psd/psd_ws/build/gazebo_ros2_control
[7.595s] Invoked command in '/home/psd/psd_ws/build/gazebo_ros2_control' returned '0': CMAKE_PREFIX_PATH=/home/psd/psd_ws/install/controller_manager:/home/psd/psd_ws/install/controller_interface:/home/psd/psd_ws/install/hardware_interface:/home/psd/psd_ws/install/ros2_control_test_assets:/home/psd/psd_ws/install/realtime_tools:/home/psd/psd_ws/install/controller_manager_msgs:/home/psd/psd_ws/install/control_msgs:/home/psd/psd_ws/install/ros2_controllers:/home/psd/psd_ws/install/gazebo_ros2_control_demos:/home/psd/psd_ws/install/velocity_controllers:/home/psd/psd_ws/install/tricycle_steering_controller:/home/psd/psd_ws/install/tricycle_controller:/home/psd/psd_ws/install/ros2_control_demos:/home/psd/psd_ws/install/ros2_control_demo_example_8:/home/psd/psd_ws/install/ros2_control:/home/psd/psd_ws/install/transmission_interface:/home/psd/psd_ws/install/ros2_control_demo_example_11:/home/psd/psd_ws/install/bicycle_steering_controller:/home/psd/psd_ws/install/ackermann_steering_controller:/home/psd/psd_ws/install/steering_controllers_library:/home/psd/psd_ws/install/ros2_control_demo_example_9:/home/psd/psd_ws/install/ros2_control_demo_example_7:/home/psd/psd_ws/install/ros2_control_demo_example_6:/home/psd/psd_ws/install/ros2_control_demo_example_5:/home/psd/psd_ws/install/ros2_control_demo_example_4:/home/psd/psd_ws/install/ros2_control_demo_example_3:/home/psd/psd_ws/install/ros2_control_demo_example_2:/home/psd/psd_ws/install/ros2_control_demo_example_14:/home/psd/psd_ws/install/ros2_control_demo_example_10:/home/psd/psd_ws/install/ros2_control_demo_example_1:/home/psd/psd_ws/install/hardware_interface_testing:/home/psd/psd_ws/install/gazebo_ros2_control:/home/psd/psd_ws/install/ros2_control_demo_description:/home/psd/psd_ws/install/range_sensor_broadcaster:/home/psd/psd_ws/install/position_controllers:/home/psd/psd_ws/install/admittance_controller:/home/psd/psd_ws/install/joint_trajectory_controller:/home/psd/psd_ws/install/joint_state_broadcaster:/home/psd/psd_ws/install/imu_sensor_broadcaster:/home/psd/psd_ws/install/gripper_controllers:/home/psd/psd_ws/install/effort_controllers:/home/psd/psd_ws/install/forward_command_controller:/home/psd/psd_ws/install/force_torque_sensor_broadcaster:/home/psd/psd_ws/install/diff_drive_controller:/home/psd/psd_ws/install/joint_limits:/home/psd/psd_ws/install/psd_vehicle_bringup:/home/psd/psd_ws/install/psd_vehicle_controller:/home/psd/psd_ws/install/psd_vehicle_description:/home/psd/psd_ws/install/ros_components_description:/home/psd/psd_ws/install/psd_vehicle_interfaces:/home/psd/psd_ws/install/psd_vehicle_hardware_interfaces:/home/psd/psd_ws/install/psd_vehicle_gazebo:/home/psd/psd_ws/install/psd_gazebo_worlds:/home/psd/psd_ws/install/ign_ros2_control_demos:/home/psd/psd_ws/install/ign_ros2_control:/home/psd/psd_ws/install/core:/home/psd/psd_ws/install/rqt_joint_trajectory_controller:/home/psd/psd_ws/install/rqt_controller_manager:/home/psd/psd_ws/install/ros2controlcli:/home/psd/psd_ws/install/ros2_controllers_test_nodes:/opt/ros/humble LD_LIBRARY_PATH=/home/psd/psd_ws/install/controller_manager/lib:/home/psd/psd_ws/install/controller_interface/lib:/home/psd/psd_ws/install/hardware_interface/lib:/home/psd/psd_ws/install/realtime_tools/lib:/home/psd/psd_ws/install/controller_manager_msgs/lib:/home/psd/psd_ws/install/control_msgs/lib:/home/psd/psd_ws/install/velocity_controllers/lib:/home/psd/psd_ws/install/tricycle_steering_controller/lib:/home/psd/psd_ws/install/tricycle_controller/lib:/home/psd/psd_ws/install/ros2_control_demo_example_8/lib:/home/psd/psd_ws/install/transmission_interface/lib:/home/psd/psd_ws/install/ros2_control_demo_example_11/lib:/home/psd/psd_ws/install/bicycle_steering_controller/lib:/home/psd/psd_ws/install/ackermann_steering_controller/lib:/home/psd/psd_ws/install/steering_controllers_library/lib:/home/psd/psd_ws/install/ros2_control_demo_example_9/lib:/home/psd/psd_ws/install/ros2_control_demo_example_7/lib:/home/psd/psd_ws/install/ros2_control_demo_example_6/lib:/home/psd/psd_ws/install/ros2_control_demo_example_5/lib:/home/psd/psd_ws/install/ros2_control_demo_example_4/lib:/home/psd/psd_ws/install/ros2_control_demo_example_3/lib:/home/psd/psd_ws/install/ros2_control_demo_example_2/lib:/home/psd/psd_ws/install/ros2_control_demo_example_14/lib:/home/psd/psd_ws/install/ros2_control_demo_example_10/lib:/home/psd/psd_ws/install/ros2_control_demo_example_1/lib:/home/psd/psd_ws/install/hardware_interface_testing/lib:/home/psd/psd_ws/install/gazebo_ros2_control/lib:/home/psd/psd_ws/install/range_sensor_broadcaster/lib:/home/psd/psd_ws/install/position_controllers/lib:/home/psd/psd_ws/install/admittance_controller/lib:/home/psd/psd_ws/install/joint_trajectory_controller/lib:/home/psd/psd_ws/install/joint_state_broadcaster/lib:/home/psd/psd_ws/install/imu_sensor_broadcaster/lib:/home/psd/psd_ws/install/gripper_controllers/lib:/home/psd/psd_ws/install/effort_controllers/lib:/home/psd/psd_ws/install/forward_command_controller/lib:/home/psd/psd_ws/install/force_torque_sensor_broadcaster/lib:/home/psd/psd_ws/install/diff_drive_controller/lib:/home/psd/psd_ws/install/psd_vehicle_interfaces/lib:/home/psd/psd_ws/install/psd_vehicle_hardware_interfaces/lib:/home/psd/psd_ws/install/ign_ros2_control/lib:/opt/ros/humble/opt/rviz_ogre_vendor/lib:/opt/ros/humble/lib/x86_64-linux-gnu:/opt/ros/humble/lib /usr/bin/cmake /home/psd/psd_ws/src/examples/gazebo_ros2_control/gazebo_ros2_control -DCMAKE_INSTALL_PREFIX=/home/psd/psd_ws/install/gazebo_ros2_control
[7.595s] Invoking command in '/home/psd/psd_ws/build/gazebo_ros2_control': CMAKE_PREFIX_PATH=/home/psd/psd_ws/install/controller_manager:/home/psd/psd_ws/install/controller_interface:/home/psd/psd_ws/install/hardware_interface:/home/psd/psd_ws/install/ros2_control_test_assets:/home/psd/psd_ws/install/realtime_tools:/home/psd/psd_ws/install/controller_manager_msgs:/home/psd/psd_ws/install/control_msgs:/home/psd/psd_ws/install/ros2_controllers:/home/psd/psd_ws/install/gazebo_ros2_control_demos:/home/psd/psd_ws/install/velocity_controllers:/home/psd/psd_ws/install/tricycle_steering_controller:/home/psd/psd_ws/install/tricycle_controller:/home/psd/psd_ws/install/ros2_control_demos:/home/psd/psd_ws/install/ros2_control_demo_example_8:/home/psd/psd_ws/install/ros2_control:/home/psd/psd_ws/install/transmission_interface:/home/psd/psd_ws/install/ros2_control_demo_example_11:/home/psd/psd_ws/install/bicycle_steering_controller:/home/psd/psd_ws/install/ackermann_steering_controller:/home/psd/psd_ws/install/steering_controllers_library:/home/psd/psd_ws/install/ros2_control_demo_example_9:/home/psd/psd_ws/install/ros2_control_demo_example_7:/home/psd/psd_ws/install/ros2_control_demo_example_6:/home/psd/psd_ws/install/ros2_control_demo_example_5:/home/psd/psd_ws/install/ros2_control_demo_example_4:/home/psd/psd_ws/install/ros2_control_demo_example_3:/home/psd/psd_ws/install/ros2_control_demo_example_2:/home/psd/psd_ws/install/ros2_control_demo_example_14:/home/psd/psd_ws/install/ros2_control_demo_example_10:/home/psd/psd_ws/install/ros2_control_demo_example_1:/home/psd/psd_ws/install/hardware_interface_testing:/home/psd/psd_ws/install/gazebo_ros2_control:/home/psd/psd_ws/install/ros2_control_demo_description:/home/psd/psd_ws/install/range_sensor_broadcaster:/home/psd/psd_ws/install/position_controllers:/home/psd/psd_ws/install/admittance_controller:/home/psd/psd_ws/install/joint_trajectory_controller:/home/psd/psd_ws/install/joint_state_broadcaster:/home/psd/psd_ws/install/imu_sensor_broadcaster:/home/psd/psd_ws/install/gripper_controllers:/home/psd/psd_ws/install/effort_controllers:/home/psd/psd_ws/install/forward_command_controller:/home/psd/psd_ws/install/force_torque_sensor_broadcaster:/home/psd/psd_ws/install/diff_drive_controller:/home/psd/psd_ws/install/joint_limits:/home/psd/psd_ws/install/psd_vehicle_bringup:/home/psd/psd_ws/install/psd_vehicle_controller:/home/psd/psd_ws/install/psd_vehicle_description:/home/psd/psd_ws/install/ros_components_description:/home/psd/psd_ws/install/psd_vehicle_interfaces:/home/psd/psd_ws/install/psd_vehicle_hardware_interfaces:/home/psd/psd_ws/install/psd_vehicle_gazebo:/home/psd/psd_ws/install/psd_gazebo_worlds:/home/psd/psd_ws/install/ign_ros2_control_demos:/home/psd/psd_ws/install/ign_ros2_control:/home/psd/psd_ws/install/core:/home/psd/psd_ws/install/rqt_joint_trajectory_controller:/home/psd/psd_ws/install/rqt_controller_manager:/home/psd/psd_ws/install/ros2controlcli:/home/psd/psd_ws/install/ros2_controllers_test_nodes:/opt/ros/humble LD_LIBRARY_PATH=/home/psd/psd_ws/install/controller_manager/lib:/home/psd/psd_ws/install/controller_interface/lib:/home/psd/psd_ws/install/hardware_interface/lib:/home/psd/psd_ws/install/realtime_tools/lib:/home/psd/psd_ws/install/controller_manager_msgs/lib:/home/psd/psd_ws/install/control_msgs/lib:/home/psd/psd_ws/install/velocity_controllers/lib:/home/psd/psd_ws/install/tricycle_steering_controller/lib:/home/psd/psd_ws/install/tricycle_controller/lib:/home/psd/psd_ws/install/ros2_control_demo_example_8/lib:/home/psd/psd_ws/install/transmission_interface/lib:/home/psd/psd_ws/install/ros2_control_demo_example_11/lib:/home/psd/psd_ws/install/bicycle_steering_controller/lib:/home/psd/psd_ws/install/ackermann_steering_controller/lib:/home/psd/psd_ws/install/steering_controllers_library/lib:/home/psd/psd_ws/install/ros2_control_demo_example_9/lib:/home/psd/psd_ws/install/ros2_control_demo_example_7/lib:/home/psd/psd_ws/install/ros2_control_demo_example_6/lib:/home/psd/psd_ws/install/ros2_control_demo_example_5/lib:/home/psd/psd_ws/install/ros2_control_demo_example_4/lib:/home/psd/psd_ws/install/ros2_control_demo_example_3/lib:/home/psd/psd_ws/install/ros2_control_demo_example_2/lib:/home/psd/psd_ws/install/ros2_control_demo_example_14/lib:/home/psd/psd_ws/install/ros2_control_demo_example_10/lib:/home/psd/psd_ws/install/ros2_control_demo_example_1/lib:/home/psd/psd_ws/install/hardware_interface_testing/lib:/home/psd/psd_ws/install/gazebo_ros2_control/lib:/home/psd/psd_ws/install/range_sensor_broadcaster/lib:/home/psd/psd_ws/install/position_controllers/lib:/home/psd/psd_ws/install/admittance_controller/lib:/home/psd/psd_ws/install/joint_trajectory_controller/lib:/home/psd/psd_ws/install/joint_state_broadcaster/lib:/home/psd/psd_ws/install/imu_sensor_broadcaster/lib:/home/psd/psd_ws/install/gripper_controllers/lib:/home/psd/psd_ws/install/effort_controllers/lib:/home/psd/psd_ws/install/forward_command_controller/lib:/home/psd/psd_ws/install/force_torque_sensor_broadcaster/lib:/home/psd/psd_ws/install/diff_drive_controller/lib:/home/psd/psd_ws/install/psd_vehicle_interfaces/lib:/home/psd/psd_ws/install/psd_vehicle_hardware_interfaces/lib:/home/psd/psd_ws/install/ign_ros2_control/lib:/opt/ros/humble/opt/rviz_ogre_vendor/lib:/opt/ros/humble/lib/x86_64-linux-gnu:/opt/ros/humble/lib /usr/bin/cmake --build /home/psd/psd_ws/build/gazebo_ros2_control -- -j20 -l20
[7.954s] [ 25%] [32mBuilding CXX object CMakeFiles/gazebo_ros2_control.dir/src/gazebo_ros2_control_plugin.cpp.o[0m
[8.012s] [ 50%] [32mBuilding CXX object CMakeFiles/gazebo_hardware_plugins.dir/src/gazebo_system.cpp.o[0m
[59.308s] [ 75%] [32m[1mLinking CXX shared library libgazebo_hardware_plugins.so[0m
[60.732s] [ 75%] Built target gazebo_hardware_plugins
[64.158s] [100%] [32m[1mLinking CXX shared library libgazebo_ros2_control.so[0m
[66.907s] [100%] Built target gazebo_ros2_control
[66.918s] Invoked command in '/home/psd/psd_ws/build/gazebo_ros2_control' returned '0': CMAKE_PREFIX_PATH=/home/psd/psd_ws/install/controller_manager:/home/psd/psd_ws/install/controller_interface:/home/psd/psd_ws/install/hardware_interface:/home/psd/psd_ws/install/ros2_control_test_assets:/home/psd/psd_ws/install/realtime_tools:/home/psd/psd_ws/install/controller_manager_msgs:/home/psd/psd_ws/install/control_msgs:/home/psd/psd_ws/install/ros2_controllers:/home/psd/psd_ws/install/gazebo_ros2_control_demos:/home/psd/psd_ws/install/velocity_controllers:/home/psd/psd_ws/install/tricycle_steering_controller:/home/psd/psd_ws/install/tricycle_controller:/home/psd/psd_ws/install/ros2_control_demos:/home/psd/psd_ws/install/ros2_control_demo_example_8:/home/psd/psd_ws/install/ros2_control:/home/psd/psd_ws/install/transmission_interface:/home/psd/psd_ws/install/ros2_control_demo_example_11:/home/psd/psd_ws/install/bicycle_steering_controller:/home/psd/psd_ws/install/ackermann_steering_controller:/home/psd/psd_ws/install/steering_controllers_library:/home/psd/psd_ws/install/ros2_control_demo_example_9:/home/psd/psd_ws/install/ros2_control_demo_example_7:/home/psd/psd_ws/install/ros2_control_demo_example_6:/home/psd/psd_ws/install/ros2_control_demo_example_5:/home/psd/psd_ws/install/ros2_control_demo_example_4:/home/psd/psd_ws/install/ros2_control_demo_example_3:/home/psd/psd_ws/install/ros2_control_demo_example_2:/home/psd/psd_ws/install/ros2_control_demo_example_14:/home/psd/psd_ws/install/ros2_control_demo_example_10:/home/psd/psd_ws/install/ros2_control_demo_example_1:/home/psd/psd_ws/install/hardware_interface_testing:/home/psd/psd_ws/install/gazebo_ros2_control:/home/psd/psd_ws/install/ros2_control_demo_description:/home/psd/psd_ws/install/range_sensor_broadcaster:/home/psd/psd_ws/install/position_controllers:/home/psd/psd_ws/install/admittance_controller:/home/psd/psd_ws/install/joint_trajectory_controller:/home/psd/psd_ws/install/joint_state_broadcaster:/home/psd/psd_ws/install/imu_sensor_broadcaster:/home/psd/psd_ws/install/gripper_controllers:/home/psd/psd_ws/install/effort_controllers:/home/psd/psd_ws/install/forward_command_controller:/home/psd/psd_ws/install/force_torque_sensor_broadcaster:/home/psd/psd_ws/install/diff_drive_controller:/home/psd/psd_ws/install/joint_limits:/home/psd/psd_ws/install/psd_vehicle_bringup:/home/psd/psd_ws/install/psd_vehicle_controller:/home/psd/psd_ws/install/psd_vehicle_description:/home/psd/psd_ws/install/ros_components_description:/home/psd/psd_ws/install/psd_vehicle_interfaces:/home/psd/psd_ws/install/psd_vehicle_hardware_interfaces:/home/psd/psd_ws/install/psd_vehicle_gazebo:/home/psd/psd_ws/install/psd_gazebo_worlds:/home/psd/psd_ws/install/ign_ros2_control_demos:/home/psd/psd_ws/install/ign_ros2_control:/home/psd/psd_ws/install/core:/home/psd/psd_ws/install/rqt_joint_trajectory_controller:/home/psd/psd_ws/install/rqt_controller_manager:/home/psd/psd_ws/install/ros2controlcli:/home/psd/psd_ws/install/ros2_controllers_test_nodes:/opt/ros/humble LD_LIBRARY_PATH=/home/psd/psd_ws/install/controller_manager/lib:/home/psd/psd_ws/install/controller_interface/lib:/home/psd/psd_ws/install/hardware_interface/lib:/home/psd/psd_ws/install/realtime_tools/lib:/home/psd/psd_ws/install/controller_manager_msgs/lib:/home/psd/psd_ws/install/control_msgs/lib:/home/psd/psd_ws/install/velocity_controllers/lib:/home/psd/psd_ws/install/tricycle_steering_controller/lib:/home/psd/psd_ws/install/tricycle_controller/lib:/home/psd/psd_ws/install/ros2_control_demo_example_8/lib:/home/psd/psd_ws/install/transmission_interface/lib:/home/psd/psd_ws/install/ros2_control_demo_example_11/lib:/home/psd/psd_ws/install/bicycle_steering_controller/lib:/home/psd/psd_ws/install/ackermann_steering_controller/lib:/home/psd/psd_ws/install/steering_controllers_library/lib:/home/psd/psd_ws/install/ros2_control_demo_example_9/lib:/home/psd/psd_ws/install/ros2_control_demo_example_7/lib:/home/psd/psd_ws/install/ros2_control_demo_example_6/lib:/home/psd/psd_ws/install/ros2_control_demo_example_5/lib:/home/psd/psd_ws/install/ros2_control_demo_example_4/lib:/home/psd/psd_ws/install/ros2_control_demo_example_3/lib:/home/psd/psd_ws/install/ros2_control_demo_example_2/lib:/home/psd/psd_ws/install/ros2_control_demo_example_14/lib:/home/psd/psd_ws/install/ros2_control_demo_example_10/lib:/home/psd/psd_ws/install/ros2_control_demo_example_1/lib:/home/psd/psd_ws/install/hardware_interface_testing/lib:/home/psd/psd_ws/install/gazebo_ros2_control/lib:/home/psd/psd_ws/install/range_sensor_broadcaster/lib:/home/psd/psd_ws/install/position_controllers/lib:/home/psd/psd_ws/install/admittance_controller/lib:/home/psd/psd_ws/install/joint_trajectory_controller/lib:/home/psd/psd_ws/install/joint_state_broadcaster/lib:/home/psd/psd_ws/install/imu_sensor_broadcaster/lib:/home/psd/psd_ws/install/gripper_controllers/lib:/home/psd/psd_ws/install/effort_controllers/lib:/home/psd/psd_ws/install/forward_command_controller/lib:/home/psd/psd_ws/install/force_torque_sensor_broadcaster/lib:/home/psd/psd_ws/install/diff_drive_controller/lib:/home/psd/psd_ws/install/psd_vehicle_interfaces/lib:/home/psd/psd_ws/install/psd_vehicle_hardware_interfaces/lib:/home/psd/psd_ws/install/ign_ros2_control/lib:/opt/ros/humble/opt/rviz_ogre_vendor/lib:/opt/ros/humble/lib/x86_64-linux-gnu:/opt/ros/humble/lib /usr/bin/cmake --build /home/psd/psd_ws/build/gazebo_ros2_control -- -j20 -l20
[66.973s] Invoking command in '/home/psd/psd_ws/build/gazebo_ros2_control': CMAKE_PREFIX_PATH=/home/psd/psd_ws/install/controller_manager:/home/psd/psd_ws/install/controller_interface:/home/psd/psd_ws/install/hardware_interface:/home/psd/psd_ws/install/ros2_control_test_assets:/home/psd/psd_ws/install/realtime_tools:/home/psd/psd_ws/install/controller_manager_msgs:/home/psd/psd_ws/install/control_msgs:/home/psd/psd_ws/install/ros2_controllers:/home/psd/psd_ws/install/gazebo_ros2_control_demos:/home/psd/psd_ws/install/velocity_controllers:/home/psd/psd_ws/install/tricycle_steering_controller:/home/psd/psd_ws/install/tricycle_controller:/home/psd/psd_ws/install/ros2_control_demos:/home/psd/psd_ws/install/ros2_control_demo_example_8:/home/psd/psd_ws/install/ros2_control:/home/psd/psd_ws/install/transmission_interface:/home/psd/psd_ws/install/ros2_control_demo_example_11:/home/psd/psd_ws/install/bicycle_steering_controller:/home/psd/psd_ws/install/ackermann_steering_controller:/home/psd/psd_ws/install/steering_controllers_library:/home/psd/psd_ws/install/ros2_control_demo_example_9:/home/psd/psd_ws/install/ros2_control_demo_example_7:/home/psd/psd_ws/install/ros2_control_demo_example_6:/home/psd/psd_ws/install/ros2_control_demo_example_5:/home/psd/psd_ws/install/ros2_control_demo_example_4:/home/psd/psd_ws/install/ros2_control_demo_example_3:/home/psd/psd_ws/install/ros2_control_demo_example_2:/home/psd/psd_ws/install/ros2_control_demo_example_14:/home/psd/psd_ws/install/ros2_control_demo_example_10:/home/psd/psd_ws/install/ros2_control_demo_example_1:/home/psd/psd_ws/install/hardware_interface_testing:/home/psd/psd_ws/install/gazebo_ros2_control:/home/psd/psd_ws/install/ros2_control_demo_description:/home/psd/psd_ws/install/range_sensor_broadcaster:/home/psd/psd_ws/install/position_controllers:/home/psd/psd_ws/install/admittance_controller:/home/psd/psd_ws/install/joint_trajectory_controller:/home/psd/psd_ws/install/joint_state_broadcaster:/home/psd/psd_ws/install/imu_sensor_broadcaster:/home/psd/psd_ws/install/gripper_controllers:/home/psd/psd_ws/install/effort_controllers:/home/psd/psd_ws/install/forward_command_controller:/home/psd/psd_ws/install/force_torque_sensor_broadcaster:/home/psd/psd_ws/install/diff_drive_controller:/home/psd/psd_ws/install/joint_limits:/home/psd/psd_ws/install/psd_vehicle_bringup:/home/psd/psd_ws/install/psd_vehicle_controller:/home/psd/psd_ws/install/psd_vehicle_description:/home/psd/psd_ws/install/ros_components_description:/home/psd/psd_ws/install/psd_vehicle_interfaces:/home/psd/psd_ws/install/psd_vehicle_hardware_interfaces:/home/psd/psd_ws/install/psd_vehicle_gazebo:/home/psd/psd_ws/install/psd_gazebo_worlds:/home/psd/psd_ws/install/ign_ros2_control_demos:/home/psd/psd_ws/install/ign_ros2_control:/home/psd/psd_ws/install/core:/home/psd/psd_ws/install/rqt_joint_trajectory_controller:/home/psd/psd_ws/install/rqt_controller_manager:/home/psd/psd_ws/install/ros2controlcli:/home/psd/psd_ws/install/ros2_controllers_test_nodes:/opt/ros/humble LD_LIBRARY_PATH=/home/psd/psd_ws/install/controller_manager/lib:/home/psd/psd_ws/install/controller_interface/lib:/home/psd/psd_ws/install/hardware_interface/lib:/home/psd/psd_ws/install/realtime_tools/lib:/home/psd/psd_ws/install/controller_manager_msgs/lib:/home/psd/psd_ws/install/control_msgs/lib:/home/psd/psd_ws/install/velocity_controllers/lib:/home/psd/psd_ws/install/tricycle_steering_controller/lib:/home/psd/psd_ws/install/tricycle_controller/lib:/home/psd/psd_ws/install/ros2_control_demo_example_8/lib:/home/psd/psd_ws/install/transmission_interface/lib:/home/psd/psd_ws/install/ros2_control_demo_example_11/lib:/home/psd/psd_ws/install/bicycle_steering_controller/lib:/home/psd/psd_ws/install/ackermann_steering_controller/lib:/home/psd/psd_ws/install/steering_controllers_library/lib:/home/psd/psd_ws/install/ros2_control_demo_example_9/lib:/home/psd/psd_ws/install/ros2_control_demo_example_7/lib:/home/psd/psd_ws/install/ros2_control_demo_example_6/lib:/home/psd/psd_ws/install/ros2_control_demo_example_5/lib:/home/psd/psd_ws/install/ros2_control_demo_example_4/lib:/home/psd/psd_ws/install/ros2_control_demo_example_3/lib:/home/psd/psd_ws/install/ros2_control_demo_example_2/lib:/home/psd/psd_ws/install/ros2_control_demo_example_14/lib:/home/psd/psd_ws/install/ros2_control_demo_example_10/lib:/home/psd/psd_ws/install/ros2_control_demo_example_1/lib:/home/psd/psd_ws/install/hardware_interface_testing/lib:/home/psd/psd_ws/install/gazebo_ros2_control/lib:/home/psd/psd_ws/install/range_sensor_broadcaster/lib:/home/psd/psd_ws/install/position_controllers/lib:/home/psd/psd_ws/install/admittance_controller/lib:/home/psd/psd_ws/install/joint_trajectory_controller/lib:/home/psd/psd_ws/install/joint_state_broadcaster/lib:/home/psd/psd_ws/install/imu_sensor_broadcaster/lib:/home/psd/psd_ws/install/gripper_controllers/lib:/home/psd/psd_ws/install/effort_controllers/lib:/home/psd/psd_ws/install/forward_command_controller/lib:/home/psd/psd_ws/install/force_torque_sensor_broadcaster/lib:/home/psd/psd_ws/install/diff_drive_controller/lib:/home/psd/psd_ws/install/psd_vehicle_interfaces/lib:/home/psd/psd_ws/install/psd_vehicle_hardware_interfaces/lib:/home/psd/psd_ws/install/ign_ros2_control/lib:/opt/ros/humble/opt/rviz_ogre_vendor/lib:/opt/ros/humble/lib/x86_64-linux-gnu:/opt/ros/humble/lib /usr/bin/cmake --install /home/psd/psd_ws/build/gazebo_ros2_control
[66.981s] -- Install configuration: ""
[66.981s] -- Installing: /home/psd/psd_ws/install/gazebo_ros2_control/lib/libgazebo_ros2_control.so
[66.984s] -- Set runtime path of "/home/psd/psd_ws/install/gazebo_ros2_control/lib/libgazebo_ros2_control.so" to ""
[66.984s] -- Installing: /home/psd/psd_ws/install/gazebo_ros2_control/lib/libgazebo_hardware_plugins.so
[66.986s] -- Set runtime path of "/home/psd/psd_ws/install/gazebo_ros2_control/lib/libgazebo_hardware_plugins.so" to ""
[66.986s] -- Installing: /home/psd/psd_ws/install/gazebo_ros2_control/share/gazebo_ros2_control/environment/library_path.sh
[66.986s] -- Installing: /home/psd/psd_ws/install/gazebo_ros2_control/share/gazebo_ros2_control/environment/library_path.dsv
[66.986s] -- Installing: /home/psd/psd_ws/install/gazebo_ros2_control/include/gazebo_ros2_control
[66.986s] -- Installing: /home/psd/psd_ws/install/gazebo_ros2_control/include/gazebo_ros2_control/gazebo_system.hpp
[66.987s] -- Installing: /home/psd/psd_ws/install/gazebo_ros2_control/include/gazebo_ros2_control/gazebo_ros2_control_plugin.hpp
[66.987s] -- Installing: /home/psd/psd_ws/install/gazebo_ros2_control/include/gazebo_ros2_control/gazebo_system_interface.hpp
[66.987s] -- Installing: /home/psd/psd_ws/install/gazebo_ros2_control/share/gazebo_ros2_control/gazebo_hardware_plugins.xml
[66.988s] -- Installing: /home/psd/psd_ws/install/gazebo_ros2_control/share/ament_index/resource_index/package_run_dependencies/gazebo_ros2_control
[66.988s] -- Installing: /home/psd/psd_ws/install/gazebo_ros2_control/share/ament_index/resource_index/parent_prefix_path/gazebo_ros2_control
[66.988s] -- Installing: /home/psd/psd_ws/install/gazebo_ros2_control/share/gazebo_ros2_control/environment/ament_prefix_path.sh
[66.988s] -- Installing: /home/psd/psd_ws/install/gazebo_ros2_control/share/gazebo_ros2_control/environment/ament_prefix_path.dsv
[66.989s] -- Installing: /home/psd/psd_ws/install/gazebo_ros2_control/share/gazebo_ros2_control/environment/path.sh
[66.989s] -- Installing: /home/psd/psd_ws/install/gazebo_ros2_control/share/gazebo_ros2_control/environment/path.dsv
[66.989s] -- Installing: /home/psd/psd_ws/install/gazebo_ros2_control/share/gazebo_ros2_control/local_setup.bash
[66.989s] -- Installing: /home/psd/psd_ws/install/gazebo_ros2_control/share/gazebo_ros2_control/local_setup.sh
[66.989s] -- Installing: /home/psd/psd_ws/install/gazebo_ros2_control/share/gazebo_ros2_control/local_setup.zsh
[66.990s] -- Installing: /home/psd/psd_ws/install/gazebo_ros2_control/share/gazebo_ros2_control/local_setup.dsv
[66.990s] -- Installing: /home/psd/psd_ws/install/gazebo_ros2_control/share/gazebo_ros2_control/package.dsv
[66.990s] -- Installing: /home/psd/psd_ws/install/gazebo_ros2_control/share/ament_index/resource_index/packages/gazebo_ros2_control
[66.990s] -- Installing: /home/psd/psd_ws/install/gazebo_ros2_control/share/ament_index/resource_index/gazebo_ros2_control__pluginlib__plugin/gazebo_ros2_control
[66.991s] -- Installing: /home/psd/psd_ws/install/gazebo_ros2_control/share/gazebo_ros2_control/cmake/ament_cmake_export_include_directories-extras.cmake
[66.991s] -- Installing: /home/psd/psd_ws/install/gazebo_ros2_control/share/gazebo_ros2_control/cmake/ament_cmake_export_dependencies-extras.cmake
[66.992s] -- Installing: /home/psd/psd_ws/install/gazebo_ros2_control/share/gazebo_ros2_control/cmake/ament_cmake_export_libraries-extras.cmake
[66.992s] -- Installing: /home/psd/psd_ws/install/gazebo_ros2_control/share/gazebo_ros2_control/cmake/gazebo_ros2_controlConfig.cmake
[66.992s] -- Installing: /home/psd/psd_ws/install/gazebo_ros2_control/share/gazebo_ros2_control/cmake/gazebo_ros2_controlConfig-version.cmake
[66.992s] -- Installing: /home/psd/psd_ws/install/gazebo_ros2_control/share/gazebo_ros2_control/package.xml
[66.995s] Invoked command in '/home/psd/psd_ws/build/gazebo_ros2_control' returned '0': CMAKE_PREFIX_PATH=/home/psd/psd_ws/install/controller_manager:/home/psd/psd_ws/install/controller_interface:/home/psd/psd_ws/install/hardware_interface:/home/psd/psd_ws/install/ros2_control_test_assets:/home/psd/psd_ws/install/realtime_tools:/home/psd/psd_ws/install/controller_manager_msgs:/home/psd/psd_ws/install/control_msgs:/home/psd/psd_ws/install/ros2_controllers:/home/psd/psd_ws/install/gazebo_ros2_control_demos:/home/psd/psd_ws/install/velocity_controllers:/home/psd/psd_ws/install/tricycle_steering_controller:/home/psd/psd_ws/install/tricycle_controller:/home/psd/psd_ws/install/ros2_control_demos:/home/psd/psd_ws/install/ros2_control_demo_example_8:/home/psd/psd_ws/install/ros2_control:/home/psd/psd_ws/install/transmission_interface:/home/psd/psd_ws/install/ros2_control_demo_example_11:/home/psd/psd_ws/install/bicycle_steering_controller:/home/psd/psd_ws/install/ackermann_steering_controller:/home/psd/psd_ws/install/steering_controllers_library:/home/psd/psd_ws/install/ros2_control_demo_example_9:/home/psd/psd_ws/install/ros2_control_demo_example_7:/home/psd/psd_ws/install/ros2_control_demo_example_6:/home/psd/psd_ws/install/ros2_control_demo_example_5:/home/psd/psd_ws/install/ros2_control_demo_example_4:/home/psd/psd_ws/install/ros2_control_demo_example_3:/home/psd/psd_ws/install/ros2_control_demo_example_2:/home/psd/psd_ws/install/ros2_control_demo_example_14:/home/psd/psd_ws/install/ros2_control_demo_example_10:/home/psd/psd_ws/install/ros2_control_demo_example_1:/home/psd/psd_ws/install/hardware_interface_testing:/home/psd/psd_ws/install/gazebo_ros2_control:/home/psd/psd_ws/install/ros2_control_demo_description:/home/psd/psd_ws/install/range_sensor_broadcaster:/home/psd/psd_ws/install/position_controllers:/home/psd/psd_ws/install/admittance_controller:/home/psd/psd_ws/install/joint_trajectory_controller:/home/psd/psd_ws/install/joint_state_broadcaster:/home/psd/psd_ws/install/imu_sensor_broadcaster:/home/psd/psd_ws/install/gripper_controllers:/home/psd/psd_ws/install/effort_controllers:/home/psd/psd_ws/install/forward_command_controller:/home/psd/psd_ws/install/force_torque_sensor_broadcaster:/home/psd/psd_ws/install/diff_drive_controller:/home/psd/psd_ws/install/joint_limits:/home/psd/psd_ws/install/psd_vehicle_bringup:/home/psd/psd_ws/install/psd_vehicle_controller:/home/psd/psd_ws/install/psd_vehicle_description:/home/psd/psd_ws/install/ros_components_description:/home/psd/psd_ws/install/psd_vehicle_interfaces:/home/psd/psd_ws/install/psd_vehicle_hardware_interfaces:/home/psd/psd_ws/install/psd_vehicle_gazebo:/home/psd/psd_ws/install/psd_gazebo_worlds:/home/psd/psd_ws/install/ign_ros2_control_demos:/home/psd/psd_ws/install/ign_ros2_control:/home/psd/psd_ws/install/core:/home/psd/psd_ws/install/rqt_joint_trajectory_controller:/home/psd/psd_ws/install/rqt_controller_manager:/home/psd/psd_ws/install/ros2controlcli:/home/psd/psd_ws/install/ros2_controllers_test_nodes:/opt/ros/humble LD_LIBRARY_PATH=/home/psd/psd_ws/install/controller_manager/lib:/home/psd/psd_ws/install/controller_interface/lib:/home/psd/psd_ws/install/hardware_interface/lib:/home/psd/psd_ws/install/realtime_tools/lib:/home/psd/psd_ws/install/controller_manager_msgs/lib:/home/psd/psd_ws/install/control_msgs/lib:/home/psd/psd_ws/install/velocity_controllers/lib:/home/psd/psd_ws/install/tricycle_steering_controller/lib:/home/psd/psd_ws/install/tricycle_controller/lib:/home/psd/psd_ws/install/ros2_control_demo_example_8/lib:/home/psd/psd_ws/install/transmission_interface/lib:/home/psd/psd_ws/install/ros2_control_demo_example_11/lib:/home/psd/psd_ws/install/bicycle_steering_controller/lib:/home/psd/psd_ws/install/ackermann_steering_controller/lib:/home/psd/psd_ws/install/steering_controllers_library/lib:/home/psd/psd_ws/install/ros2_control_demo_example_9/lib:/home/psd/psd_ws/install/ros2_control_demo_example_7/lib:/home/psd/psd_ws/install/ros2_control_demo_example_6/lib:/home/psd/psd_ws/install/ros2_control_demo_example_5/lib:/home/psd/psd_ws/install/ros2_control_demo_example_4/lib:/home/psd/psd_ws/install/ros2_control_demo_example_3/lib:/home/psd/psd_ws/install/ros2_control_demo_example_2/lib:/home/psd/psd_ws/install/ros2_control_demo_example_14/lib:/home/psd/psd_ws/install/ros2_control_demo_example_10/lib:/home/psd/psd_ws/install/ros2_control_demo_example_1/lib:/home/psd/psd_ws/install/hardware_interface_testing/lib:/home/psd/psd_ws/install/gazebo_ros2_control/lib:/home/psd/psd_ws/install/range_sensor_broadcaster/lib:/home/psd/psd_ws/install/position_controllers/lib:/home/psd/psd_ws/install/admittance_controller/lib:/home/psd/psd_ws/install/joint_trajectory_controller/lib:/home/psd/psd_ws/install/joint_state_broadcaster/lib:/home/psd/psd_ws/install/imu_sensor_broadcaster/lib:/home/psd/psd_ws/install/gripper_controllers/lib:/home/psd/psd_ws/install/effort_controllers/lib:/home/psd/psd_ws/install/forward_command_controller/lib:/home/psd/psd_ws/install/force_torque_sensor_broadcaster/lib:/home/psd/psd_ws/install/diff_drive_controller/lib:/home/psd/psd_ws/install/psd_vehicle_interfaces/lib:/home/psd/psd_ws/install/psd_vehicle_hardware_interfaces/lib:/home/psd/psd_ws/install/ign_ros2_control/lib:/opt/ros/humble/opt/rviz_ogre_vendor/lib:/opt/ros/humble/lib/x86_64-linux-gnu:/opt/ros/humble/lib /usr/bin/cmake --install /home/psd/psd_ws/build/gazebo_ros2_control
