-- Found ament_cmake: 1.3.8 (/opt/ros/humble/share/ament_cmake/cmake)
-- Override CMake install command with custom implementation using symlinks instead of copying resources
-- Found backward_ros: 1.0.2 (/opt/ros/humble/share/backward_ros/cmake)
-- Could NOT find libbfd (missing: LIBBFD_LIBRARY LIBBFD_INCLUDE_DIR) 
-- BACKWARD_HAS_UNWIND=1
-- BACKWARD_HAS_BACKTRACE=0
-- BACKWARD_HAS_BACKTRACE_SYMBOL=0
-- BACKWARD_HAS_DW=1
-- BACKWARD_HAS_BFD=0
-- Found Backward: /opt/ros/humble/share/backward_ros/cmake  
-- Found controller_interface: 2.40.0 (/home/psd/psd_ws/install/controller_interface/share/controller_interface/cmake)
-- Found rosidl_generator_c: 3.1.5 (/opt/ros/humble/share/rosidl_generator_c/cmake)
-- Found rosidl_adapter: 3.1.5 (/opt/ros/humble/share/rosidl_adapter/cmake)
-- Found rosidl_generator_cpp: 3.1.5 (/opt/ros/humble/share/rosidl_generator_cpp/cmake)
-- Using all available rosidl_typesupport_c: rosidl_typesupport_fastrtps_c;rosidl_typesupport_introspection_c
-- Using all available rosidl_typesupport_cpp: rosidl_typesupport_fastrtps_cpp;rosidl_typesupport_introspection_cpp
-- Found rmw_implementation_cmake: 6.1.1 (/opt/ros/humble/share/rmw_implementation_cmake/cmake)
-- Found rmw_fastrtps_cpp: 6.2.6 (/opt/ros/humble/share/rmw_fastrtps_cpp/cmake)
-- Found TinyXML2 via Config file: TinyXML2_DIR-NOTFOUND
-- Found TinyXML2 via Config file: TinyXML2_DIR-NOTFOUND
-- Found TinyXML2 via Config file: TinyXML2_DIR-NOTFOUND
-- Found TinyXML2 via Config file: TinyXML2_DIR-NOTFOUND
-- Using RMW implementation 'rmw_fastrtps_cpp' as default
-- Found generate_parameter_library: 0.3.7 (/opt/ros/humble/share/generate_parameter_library/cmake)
-- Found parameter_traits: 0.3.7 (/opt/ros/humble/share/parameter_traits/cmake)
-- Found realtime_tools: 2.5.0 (/home/psd/psd_ws/install/realtime_tools/share/realtime_tools/cmake)
-- Found ament_cmake_gmock: 1.3.8 (/opt/ros/humble/share/ament_cmake_gmock/cmake)
-- Found controller_manager: 2.40.0 (/home/psd/psd_ws/install/controller_manager/share/controller_manager/cmake)
-- Found ros2_control_test_assets: 2.40.0 (/home/psd/psd_ws/install/ros2_control_test_assets/share/ros2_control_test_assets/cmake)
-- Found gmock sources under '/opt/ros/humble/src/gmock_vendor': C++ tests using 'Google Mock' will be built
-- Found ament_cmake_gtest: 1.3.8 (/opt/ros/humble/share/ament_cmake_gtest/cmake)
-- Found gtest sources under '/opt/ros/humble/src/gtest_vendor': C++ tests using 'Google Test' will be built
-- Found gmock sources under '/opt/ros/humble/src/gmock_vendor': C++ tests using 'Google Mock' will be built
-- Found ament_cmake_gtest: 1.3.8 (/opt/ros/humble/share/ament_cmake_gtest/cmake)
-- Found gtest sources under '/opt/ros/humble/src/gtest_vendor': C++ tests using 'Google Test' will be built
-- Configuring done
-- Generating done
-- Build files have been written to: /home/psd/psd_ws/build/range_sensor_broadcaster
[35m[1mConsolidate compiler generated dependencies of target gmock[0m
[ 10%] Built target range_sensor_broadcaster_parameters
[ 40%] Built target gmock
[35m[1mConsolidate compiler generated dependencies of target range_sensor_broadcaster[0m
[ 60%] Built target range_sensor_broadcaster
[35m[1mConsolidate compiler generated dependencies of target test_load_range_sensor_broadcaster[0m
[35m[1mConsolidate compiler generated dependencies of target test_range_sensor_broadcaster[0m
[ 80%] Built target test_range_sensor_broadcaster
[100%] Built target test_load_range_sensor_broadcaster
-- Install configuration: ""
-- Execute custom install script
-- Up-to-date symlink: /home/psd/psd_ws/install/range_sensor_broadcaster/include/range_sensor_broadcaster_parameters/range_sensor_broadcaster_parameters.hpp
-- Up-to-date symlink: /home/psd/psd_ws/install/range_sensor_broadcaster/share/range_sensor_broadcaster//range_sensor_broadcaster.xml
-- Up-to-date symlink: /home/psd/psd_ws/install/range_sensor_broadcaster/include/range_sensor_broadcaster/range_sensor_broadcaster.hpp
-- Up-to-date symlink: /home/psd/psd_ws/install/range_sensor_broadcaster/include/range_sensor_broadcaster/visibility_control.h
-- Up-to-date symlink: /home/psd/psd_ws/install/range_sensor_broadcaster/share/range_sensor_broadcaster/environment/library_path.sh
-- Up-to-date symlink: /home/psd/psd_ws/install/range_sensor_broadcaster/share/range_sensor_broadcaster/environment/library_path.dsv
-- Up-to-date symlink: /home/psd/psd_ws/install/range_sensor_broadcaster/share/ament_index/resource_index/package_run_dependencies/range_sensor_broadcaster
-- Up-to-date symlink: /home/psd/psd_ws/install/range_sensor_broadcaster/share/ament_index/resource_index/parent_prefix_path/range_sensor_broadcaster
-- Up-to-date symlink: /home/psd/psd_ws/install/range_sensor_broadcaster/share/range_sensor_broadcaster/environment/ament_prefix_path.sh
-- Up-to-date symlink: /home/psd/psd_ws/install/range_sensor_broadcaster/share/range_sensor_broadcaster/environment/ament_prefix_path.dsv
-- Up-to-date symlink: /home/psd/psd_ws/install/range_sensor_broadcaster/share/range_sensor_broadcaster/environment/path.sh
-- Up-to-date symlink: /home/psd/psd_ws/install/range_sensor_broadcaster/share/range_sensor_broadcaster/environment/path.dsv
-- Up-to-date symlink: /home/psd/psd_ws/install/range_sensor_broadcaster/share/range_sensor_broadcaster/local_setup.bash
-- Up-to-date symlink: /home/psd/psd_ws/install/range_sensor_broadcaster/share/range_sensor_broadcaster/local_setup.sh
-- Up-to-date symlink: /home/psd/psd_ws/install/range_sensor_broadcaster/share/range_sensor_broadcaster/local_setup.zsh
-- Up-to-date symlink: /home/psd/psd_ws/install/range_sensor_broadcaster/share/range_sensor_broadcaster/local_setup.dsv
-- Symlinking: /home/psd/psd_ws/install/range_sensor_broadcaster/share/range_sensor_broadcaster/package.dsv
-- Up-to-date symlink: /home/psd/psd_ws/install/range_sensor_broadcaster/share/ament_index/resource_index/packages/range_sensor_broadcaster
-- Up-to-date symlink: /home/psd/psd_ws/install/range_sensor_broadcaster/share/ament_index/resource_index/controller_interface__pluginlib__plugin/range_sensor_broadcaster
-- Up-to-date symlink: /home/psd/psd_ws/install/range_sensor_broadcaster/share/range_sensor_broadcaster/cmake/ament_cmake_export_targets-extras.cmake
-- Up-to-date symlink: /home/psd/psd_ws/install/range_sensor_broadcaster/share/range_sensor_broadcaster/cmake/ament_cmake_export_dependencies-extras.cmake
-- Up-to-date symlink: /home/psd/psd_ws/install/range_sensor_broadcaster/share/range_sensor_broadcaster/cmake/range_sensor_broadcasterConfig.cmake
-- Up-to-date symlink: /home/psd/psd_ws/install/range_sensor_broadcaster/share/range_sensor_broadcaster/cmake/range_sensor_broadcasterConfig-version.cmake
-- Up-to-date symlink: /home/psd/psd_ws/install/range_sensor_broadcaster/share/range_sensor_broadcaster/package.xml
-- Up-to-date: /home/psd/psd_ws/install/range_sensor_broadcaster/lib/librange_sensor_broadcaster.so
-- Up-to-date: /home/psd/psd_ws/install/range_sensor_broadcaster/share/range_sensor_broadcaster/cmake/export_range_sensor_broadcasterExport.cmake
-- Up-to-date: /home/psd/psd_ws/install/range_sensor_broadcaster/share/range_sensor_broadcaster/cmake/export_range_sensor_broadcasterExport-noconfig.cmake
