-- Install configuration: ""
-- Up-to-date: /home/psd/psd_ws/install/psd_vehicle_gazebo/share/psd_vehicle_gazebo/config
-- Up-to-date: /home/psd/psd_ws/install/psd_vehicle_gazebo/share/psd_vehicle_gazebo/config/ekf.yaml
-- Up-to-date: /home/psd/psd_ws/install/psd_vehicle_gazebo/share/psd_vehicle_gazebo/config/diff_drive_controller.yaml
-- Up-to-date: /home/psd/psd_ws/install/psd_vehicle_gazebo/share/psd_vehicle_gazebo/config/laser_filter.yaml
-- Up-to-date: /home/psd/psd_ws/install/psd_vehicle_gazebo/share/psd_vehicle_gazebo/config/steering_drive_controller.yaml
-- Up-to-date: /home/psd/psd_ws/install/psd_vehicle_gazebo/share/psd_vehicle_gazebo/launch
-- Installing: /home/psd/psd_ws/install/psd_vehicle_gazebo/share/psd_vehicle_gazebo/launch/simulation.launch.py
-- Up-to-date: /home/psd/psd_ws/install/psd_vehicle_gazebo/share/ament_index/resource_index/package_run_dependencies/psd_vehicle_gazebo
-- Up-to-date: /home/psd/psd_ws/install/psd_vehicle_gazebo/share/ament_index/resource_index/parent_prefix_path/psd_vehicle_gazebo
-- Up-to-date: /home/psd/psd_ws/install/psd_vehicle_gazebo/share/psd_vehicle_gazebo/environment/ament_prefix_path.sh
-- Up-to-date: /home/psd/psd_ws/install/psd_vehicle_gazebo/share/psd_vehicle_gazebo/environment/ament_prefix_path.dsv
-- Up-to-date: /home/psd/psd_ws/install/psd_vehicle_gazebo/share/psd_vehicle_gazebo/environment/path.sh
-- Up-to-date: /home/psd/psd_ws/install/psd_vehicle_gazebo/share/psd_vehicle_gazebo/environment/path.dsv
-- Up-to-date: /home/psd/psd_ws/install/psd_vehicle_gazebo/share/psd_vehicle_gazebo/local_setup.bash
-- Up-to-date: /home/psd/psd_ws/install/psd_vehicle_gazebo/share/psd_vehicle_gazebo/local_setup.sh
-- Up-to-date: /home/psd/psd_ws/install/psd_vehicle_gazebo/share/psd_vehicle_gazebo/local_setup.zsh
-- Up-to-date: /home/psd/psd_ws/install/psd_vehicle_gazebo/share/psd_vehicle_gazebo/local_setup.dsv
-- Installing: /home/psd/psd_ws/install/psd_vehicle_gazebo/share/psd_vehicle_gazebo/package.dsv
-- Up-to-date: /home/psd/psd_ws/install/psd_vehicle_gazebo/share/ament_index/resource_index/packages/psd_vehicle_gazebo
-- Up-to-date: /home/psd/psd_ws/install/psd_vehicle_gazebo/share/psd_vehicle_gazebo/cmake/psd_vehicle_gazeboConfig.cmake
-- Up-to-date: /home/psd/psd_ws/install/psd_vehicle_gazebo/share/psd_vehicle_gazebo/cmake/psd_vehicle_gazeboConfig-version.cmake
-- Up-to-date: /home/psd/psd_ws/install/psd_vehicle_gazebo/share/psd_vehicle_gazebo/package.xml
