[0.161s] Invoking command in '/home/psd/psd_ws/build/core': CMAKE_PREFIX_PATH=${CMAKE_PREFIX_PATH}:/home/psd/psd_ws/install/rqt_joint_trajectory_controller:/home/psd/psd_ws/install/rqt_controller_manager:/home/psd/psd_ws/install/ros2controlcli:/home/psd/psd_ws/install/ros2_controllers_test_nodes:/opt/ros/humble /usr/bin/cmake /home/psd/psd_ws/src/core -DCMAKE_INSTALL_PREFIX=/home/psd/psd_ws/install/core
[0.220s] -- The C compiler identification is GNU 11.4.0
[0.270s] -- The CXX compiler identification is GNU 11.4.0
[0.277s] -- Detecting C compiler ABI info
[0.339s] -- Detecting C compiler ABI info - done
[0.347s] -- Check for working C compiler: /usr/bin/cc - skipped
[0.347s] -- Detecting C compile features
[0.347s] -- Detecting C compile features - done
[0.350s] -- Detecting CXX compiler ABI info
[0.423s] -- Detecting CXX compiler ABI info - done
[0.431s] -- Check for working CXX compiler: /usr/bin/c++ - skipped
[0.431s] -- Detecting CXX compile features
[0.432s] -- Detecting CXX compile features - done
[0.435s] -- Found ament_cmake: 1.3.8 (/opt/ros/humble/share/ament_cmake/cmake)
[0.571s] -- Found Python3: /usr/bin/python3 (found version "3.10.12") found components: Interpreter 
[0.654s] -- Found ament_lint_auto: 0.12.10 (/opt/ros/humble/share/ament_lint_auto/cmake)
[0.715s] -- Added test 'flake8' to check Python code syntax and style conventions
[0.717s] -- Added test 'lint_cmake' to check CMake code style
[0.717s] -- Added test 'pep257' to check Python code against some of the docstring style conventions in PEP 257
[0.720s] -- Added test 'xmllint' to check XML markup files
[0.721s] -- Configuring done
[0.723s] -- Generating done
[0.723s] -- Build files have been written to: /home/psd/psd_ws/build/core
[0.726s] Invoked command in '/home/psd/psd_ws/build/core' returned '0': CMAKE_PREFIX_PATH=${CMAKE_PREFIX_PATH}:/home/psd/psd_ws/install/rqt_joint_trajectory_controller:/home/psd/psd_ws/install/rqt_controller_manager:/home/psd/psd_ws/install/ros2controlcli:/home/psd/psd_ws/install/ros2_controllers_test_nodes:/opt/ros/humble /usr/bin/cmake /home/psd/psd_ws/src/core -DCMAKE_INSTALL_PREFIX=/home/psd/psd_ws/install/core
[0.726s] Invoking command in '/home/psd/psd_ws/build/core': CMAKE_PREFIX_PATH=${CMAKE_PREFIX_PATH}:/home/psd/psd_ws/install/rqt_joint_trajectory_controller:/home/psd/psd_ws/install/rqt_controller_manager:/home/psd/psd_ws/install/ros2controlcli:/home/psd/psd_ws/install/ros2_controllers_test_nodes:/opt/ros/humble /usr/bin/cmake --build /home/psd/psd_ws/build/core -- -j20 -l20
[0.753s] Invoked command in '/home/psd/psd_ws/build/core' returned '0': CMAKE_PREFIX_PATH=${CMAKE_PREFIX_PATH}:/home/psd/psd_ws/install/rqt_joint_trajectory_controller:/home/psd/psd_ws/install/rqt_controller_manager:/home/psd/psd_ws/install/ros2controlcli:/home/psd/psd_ws/install/ros2_controllers_test_nodes:/opt/ros/humble /usr/bin/cmake --build /home/psd/psd_ws/build/core -- -j20 -l20
[0.777s] Invoking command in '/home/psd/psd_ws/build/core': CMAKE_PREFIX_PATH=${CMAKE_PREFIX_PATH}:/home/psd/psd_ws/install/rqt_joint_trajectory_controller:/home/psd/psd_ws/install/rqt_controller_manager:/home/psd/psd_ws/install/ros2controlcli:/home/psd/psd_ws/install/ros2_controllers_test_nodes:/opt/ros/humble /usr/bin/cmake --install /home/psd/psd_ws/build/core
[0.782s] -- Install configuration: ""
[0.782s] -- Installing: /home/psd/psd_ws/install/core/share/ament_index/resource_index/package_run_dependencies/core
[0.782s] -- Installing: /home/psd/psd_ws/install/core/share/ament_index/resource_index/parent_prefix_path/core
[0.782s] -- Installing: /home/psd/psd_ws/install/core/share/core/environment/ament_prefix_path.sh
[0.782s] -- Installing: /home/psd/psd_ws/install/core/share/core/environment/ament_prefix_path.dsv
[0.782s] -- Installing: /home/psd/psd_ws/install/core/share/core/environment/path.sh
[0.783s] -- Installing: /home/psd/psd_ws/install/core/share/core/environment/path.dsv
[0.783s] -- Installing: /home/psd/psd_ws/install/core/share/core/local_setup.bash
[0.783s] -- Installing: /home/psd/psd_ws/install/core/share/core/local_setup.sh
[0.783s] -- Installing: /home/psd/psd_ws/install/core/share/core/local_setup.zsh
[0.783s] -- Installing: /home/psd/psd_ws/install/core/share/core/local_setup.dsv
[0.783s] -- Installing: /home/psd/psd_ws/install/core/share/core/package.dsv
[0.784s] -- Installing: /home/psd/psd_ws/install/core/share/ament_index/resource_index/packages/core
[0.784s] -- Installing: /home/psd/psd_ws/install/core/share/core/cmake/coreConfig.cmake
[0.784s] -- Installing: /home/psd/psd_ws/install/core/share/core/cmake/coreConfig-version.cmake
[0.784s] -- Installing: /home/psd/psd_ws/install/core/share/core/package.xml
[0.787s] Invoked command in '/home/psd/psd_ws/build/core' returned '0': CMAKE_PREFIX_PATH=${CMAKE_PREFIX_PATH}:/home/psd/psd_ws/install/rqt_joint_trajectory_controller:/home/psd/psd_ws/install/rqt_controller_manager:/home/psd/psd_ws/install/ros2controlcli:/home/psd/psd_ws/install/ros2_controllers_test_nodes:/opt/ros/humble /usr/bin/cmake --install /home/psd/psd_ws/build/core
