/home/psd/psd_ws/install/ros2controlcli/lib/python3.10/site-packages/ros2controlcli/__init__.py
/home/psd/psd_ws/install/ros2controlcli/lib/python3.10/site-packages/ros2controlcli/api/__init__.py
/home/psd/psd_ws/install/ros2controlcli/lib/python3.10/site-packages/ros2controlcli/command/__init__.py
/home/psd/psd_ws/install/ros2controlcli/lib/python3.10/site-packages/ros2controlcli/command/control.py
/home/psd/psd_ws/install/ros2controlcli/lib/python3.10/site-packages/ros2controlcli/verb/list_controller_types.py
/home/psd/psd_ws/install/ros2controlcli/lib/python3.10/site-packages/ros2controlcli/verb/list_hardware_interfaces.py
/home/psd/psd_ws/install/ros2controlcli/lib/python3.10/site-packages/ros2controlcli/verb/list_controllers.py
/home/psd/psd_ws/install/ros2controlcli/lib/python3.10/site-packages/ros2controlcli/verb/unload_controller.py
/home/psd/psd_ws/install/ros2controlcli/lib/python3.10/site-packages/ros2controlcli/verb/view_controller_chains.py
/home/psd/psd_ws/install/ros2controlcli/lib/python3.10/site-packages/ros2controlcli/verb/reload_controller_libraries.py
/home/psd/psd_ws/install/ros2controlcli/lib/python3.10/site-packages/ros2controlcli/verb/load_controller.py
/home/psd/psd_ws/install/ros2controlcli/lib/python3.10/site-packages/ros2controlcli/verb/list_hardware_components.py
/home/psd/psd_ws/install/ros2controlcli/lib/python3.10/site-packages/ros2controlcli/verb/__init__.py
/home/psd/psd_ws/install/ros2controlcli/lib/python3.10/site-packages/ros2controlcli/verb/set_controller_state.py
/home/psd/psd_ws/install/ros2controlcli/lib/python3.10/site-packages/ros2controlcli/verb/switch_controllers.py
/home/psd/psd_ws/install/ros2controlcli/lib/python3.10/site-packages/ros2controlcli/__pycache__/__init__.cpython-310.pyc
/home/psd/psd_ws/install/ros2controlcli/lib/python3.10/site-packages/ros2controlcli/api/__pycache__/__init__.cpython-310.pyc
/home/psd/psd_ws/install/ros2controlcli/lib/python3.10/site-packages/ros2controlcli/command/__pycache__/__init__.cpython-310.pyc
/home/psd/psd_ws/install/ros2controlcli/lib/python3.10/site-packages/ros2controlcli/command/__pycache__/control.cpython-310.pyc
/home/psd/psd_ws/install/ros2controlcli/lib/python3.10/site-packages/ros2controlcli/verb/__pycache__/list_controller_types.cpython-310.pyc
/home/psd/psd_ws/install/ros2controlcli/lib/python3.10/site-packages/ros2controlcli/verb/__pycache__/list_hardware_interfaces.cpython-310.pyc
/home/psd/psd_ws/install/ros2controlcli/lib/python3.10/site-packages/ros2controlcli/verb/__pycache__/list_controllers.cpython-310.pyc
/home/psd/psd_ws/install/ros2controlcli/lib/python3.10/site-packages/ros2controlcli/verb/__pycache__/unload_controller.cpython-310.pyc
/home/psd/psd_ws/install/ros2controlcli/lib/python3.10/site-packages/ros2controlcli/verb/__pycache__/view_controller_chains.cpython-310.pyc
/home/psd/psd_ws/install/ros2controlcli/lib/python3.10/site-packages/ros2controlcli/verb/__pycache__/reload_controller_libraries.cpython-310.pyc
/home/psd/psd_ws/install/ros2controlcli/lib/python3.10/site-packages/ros2controlcli/verb/__pycache__/load_controller.cpython-310.pyc
/home/psd/psd_ws/install/ros2controlcli/lib/python3.10/site-packages/ros2controlcli/verb/__pycache__/list_hardware_components.cpython-310.pyc
/home/psd/psd_ws/install/ros2controlcli/lib/python3.10/site-packages/ros2controlcli/verb/__pycache__/__init__.cpython-310.pyc
/home/psd/psd_ws/install/ros2controlcli/lib/python3.10/site-packages/ros2controlcli/verb/__pycache__/set_controller_state.cpython-310.pyc
/home/psd/psd_ws/install/ros2controlcli/lib/python3.10/site-packages/ros2controlcli/verb/__pycache__/switch_controllers.cpython-310.pyc
/home/psd/psd_ws/install/ros2controlcli/share/ros2controlcli/package.xml
/home/psd/psd_ws/install/ros2controlcli/share/ament_index/resource_index/packages/ros2controlcli
/home/psd/psd_ws/install/ros2controlcli/lib/python3.10/site-packages/ros2controlcli-2.40.0-py3.10.egg-info/zip-safe
/home/psd/psd_ws/install/ros2controlcli/lib/python3.10/site-packages/ros2controlcli-2.40.0-py3.10.egg-info/SOURCES.txt
/home/psd/psd_ws/install/ros2controlcli/lib/python3.10/site-packages/ros2controlcli-2.40.0-py3.10.egg-info/entry_points.txt
/home/psd/psd_ws/install/ros2controlcli/lib/python3.10/site-packages/ros2controlcli-2.40.0-py3.10.egg-info/requires.txt
/home/psd/psd_ws/install/ros2controlcli/lib/python3.10/site-packages/ros2controlcli-2.40.0-py3.10.egg-info/dependency_links.txt
/home/psd/psd_ws/install/ros2controlcli/lib/python3.10/site-packages/ros2controlcli-2.40.0-py3.10.egg-info/PKG-INFO
/home/psd/psd_ws/install/ros2controlcli/lib/python3.10/site-packages/ros2controlcli-2.40.0-py3.10.egg-info/top_level.txt
