[0.029s] Invoking command in '/home/psd/psd_ws/build/psd_vehicle_bringup': CMAKE_PREFIX_PATH=/home/psd/psd_ws/install/psd_vehicle_controller:/home/psd/psd_ws/install/psd_vehicle_description:/home/psd/psd_ws/install/ros_components_description:/home/psd/psd_ws/install/psd_vehicle_bringup:/home/psd/psd_ws/install/psd_vehicle_interfaces:/home/psd/psd_ws/install/psd_vehicle_hardware_interfaces:/home/psd/psd_ws/install/psd_vehicle_gazebo:/home/psd/psd_ws/install/psd_gazebo_worlds:/home/psd/psd_ws/install/ign_ros2_control_demos:/home/psd/psd_ws/install/ign_ros2_control:/home/psd/psd_ws/install/core:/opt/ros/humble /usr/bin/cmake --build /home/psd/psd_ws/build/psd_vehicle_bringup -- -j20 -l20
[0.049s] Invoked command in '/home/psd/psd_ws/build/psd_vehicle_bringup' returned '0': CMAKE_PREFIX_PATH=/home/psd/psd_ws/install/psd_vehicle_controller:/home/psd/psd_ws/install/psd_vehicle_description:/home/psd/psd_ws/install/ros_components_description:/home/psd/psd_ws/install/psd_vehicle_bringup:/home/psd/psd_ws/install/psd_vehicle_interfaces:/home/psd/psd_ws/install/psd_vehicle_hardware_interfaces:/home/psd/psd_ws/install/psd_vehicle_gazebo:/home/psd/psd_ws/install/psd_gazebo_worlds:/home/psd/psd_ws/install/ign_ros2_control_demos:/home/psd/psd_ws/install/ign_ros2_control:/home/psd/psd_ws/install/core:/opt/ros/humble /usr/bin/cmake --build /home/psd/psd_ws/build/psd_vehicle_bringup -- -j20 -l20
[0.066s] Invoking command in '/home/psd/psd_ws/build/psd_vehicle_bringup': CMAKE_PREFIX_PATH=/home/psd/psd_ws/install/psd_vehicle_controller:/home/psd/psd_ws/install/psd_vehicle_description:/home/psd/psd_ws/install/ros_components_description:/home/psd/psd_ws/install/psd_vehicle_bringup:/home/psd/psd_ws/install/psd_vehicle_interfaces:/home/psd/psd_ws/install/psd_vehicle_hardware_interfaces:/home/psd/psd_ws/install/psd_vehicle_gazebo:/home/psd/psd_ws/install/psd_gazebo_worlds:/home/psd/psd_ws/install/ign_ros2_control_demos:/home/psd/psd_ws/install/ign_ros2_control:/home/psd/psd_ws/install/core:/opt/ros/humble /usr/bin/cmake --install /home/psd/psd_ws/build/psd_vehicle_bringup
[0.072s] -- Install configuration: ""
[0.072s] -- Up-to-date: /home/psd/psd_ws/install/psd_vehicle_bringup/share/psd_vehicle_bringup/launch
[0.072s] -- Up-to-date: /home/psd/psd_ws/install/psd_vehicle_bringup/share/psd_vehicle_bringup/launch/bringup.launch.py
[0.072s] -- Up-to-date: /home/psd/psd_ws/install/psd_vehicle_bringup/share/psd_vehicle_bringup/config
[0.072s] -- Up-to-date: /home/psd/psd_ws/install/psd_vehicle_bringup/share/psd_vehicle_bringup/config/ekf.yaml
[0.072s] -- Up-to-date: /home/psd/psd_ws/install/psd_vehicle_bringup/share/psd_vehicle_bringup/config/laser_filter.yaml
[0.072s] -- Up-to-date: /home/psd/psd_ws/install/psd_vehicle_bringup/share/ament_index/resource_index/package_run_dependencies/psd_vehicle_bringup
[0.072s] -- Up-to-date: /home/psd/psd_ws/install/psd_vehicle_bringup/share/ament_index/resource_index/parent_prefix_path/psd_vehicle_bringup
[0.072s] -- Up-to-date: /home/psd/psd_ws/install/psd_vehicle_bringup/share/psd_vehicle_bringup/environment/ament_prefix_path.sh
[0.072s] -- Up-to-date: /home/psd/psd_ws/install/psd_vehicle_bringup/share/psd_vehicle_bringup/environment/ament_prefix_path.dsv
[0.072s] -- Up-to-date: /home/psd/psd_ws/install/psd_vehicle_bringup/share/psd_vehicle_bringup/environment/path.sh
[0.072s] -- Up-to-date: /home/psd/psd_ws/install/psd_vehicle_bringup/share/psd_vehicle_bringup/environment/path.dsv
[0.072s] -- Up-to-date: /home/psd/psd_ws/install/psd_vehicle_bringup/share/psd_vehicle_bringup/local_setup.bash
[0.072s] -- Up-to-date: /home/psd/psd_ws/install/psd_vehicle_bringup/share/psd_vehicle_bringup/local_setup.sh
[0.072s] -- Up-to-date: /home/psd/psd_ws/install/psd_vehicle_bringup/share/psd_vehicle_bringup/local_setup.zsh
[0.072s] -- Up-to-date: /home/psd/psd_ws/install/psd_vehicle_bringup/share/psd_vehicle_bringup/local_setup.dsv
[0.072s] -- Installing: /home/psd/psd_ws/install/psd_vehicle_bringup/share/psd_vehicle_bringup/package.dsv
[0.072s] -- Up-to-date: /home/psd/psd_ws/install/psd_vehicle_bringup/share/ament_index/resource_index/packages/psd_vehicle_bringup
[0.072s] -- Up-to-date: /home/psd/psd_ws/install/psd_vehicle_bringup/share/psd_vehicle_bringup/cmake/psd_vehicle_bringupConfig.cmake
[0.072s] -- Up-to-date: /home/psd/psd_ws/install/psd_vehicle_bringup/share/psd_vehicle_bringup/cmake/psd_vehicle_bringupConfig-version.cmake
[0.072s] -- Up-to-date: /home/psd/psd_ws/install/psd_vehicle_bringup/share/psd_vehicle_bringup/package.xml
[0.073s] Invoked command in '/home/psd/psd_ws/build/psd_vehicle_bringup' returned '0': CMAKE_PREFIX_PATH=/home/psd/psd_ws/install/psd_vehicle_controller:/home/psd/psd_ws/install/psd_vehicle_description:/home/psd/psd_ws/install/ros_components_description:/home/psd/psd_ws/install/psd_vehicle_bringup:/home/psd/psd_ws/install/psd_vehicle_interfaces:/home/psd/psd_ws/install/psd_vehicle_hardware_interfaces:/home/psd/psd_ws/install/psd_vehicle_gazebo:/home/psd/psd_ws/install/psd_gazebo_worlds:/home/psd/psd_ws/install/ign_ros2_control_demos:/home/psd/psd_ws/install/ign_ros2_control:/home/psd/psd_ws/install/core:/opt/ros/humble /usr/bin/cmake --install /home/psd/psd_ws/build/psd_vehicle_bringup
