[0.043s] Invoking command in '/home/psd/psd_ws/build/ros2_control_demo_example_1': AMENT_PREFIX_PATH=/home/psd/psd_ws/install/ros2controlcli:/home/psd/psd_ws/install/joint_trajectory_controller:/home/psd/psd_ws/install/joint_state_broadcaster:/home/psd/psd_ws/install/forward_command_controller:/home/psd/psd_ws/install/controller_manager:/home/psd/psd_ws/install/controller_interface:/home/psd/psd_ws/install/hardware_interface:/home/psd/psd_ws/install/control_toolbox:/home/psd/psd_ws/install/ros2_controllers_test_nodes:/home/psd/psd_ws/install/ros2_control_test_assets:/home/psd/psd_ws/install/ros2_control_demo_description:/home/psd/psd_ws/install/realtime_tools:/home/psd/psd_ws/install/controller_manager_msgs:/home/psd/psd_ws/install/control_msgs:${AMENT_PREFIX_PATH} CMAKE_PREFIX_PATH=/home/psd/psd_ws/install/joint_trajectory_controller:/home/psd/psd_ws/install/joint_state_broadcaster:/home/psd/psd_ws/install/forward_command_controller:/home/psd/psd_ws/install/controller_manager:/home/psd/psd_ws/install/controller_interface:/home/psd/psd_ws/install/hardware_interface:/home/psd/psd_ws/install/control_toolbox:/home/psd/psd_ws/install/ros2_control_test_assets:/home/psd/psd_ws/install/ros2_control_demo_description:/home/psd/psd_ws/install/realtime_tools:/home/psd/psd_ws/install/controller_manager_msgs:/home/psd/psd_ws/install/control_msgs:/opt/ros/humble LD_LIBRARY_PATH=/home/psd/psd_ws/install/joint_trajectory_controller/lib:/home/psd/psd_ws/install/joint_state_broadcaster/lib:/home/psd/psd_ws/install/forward_command_controller/lib:/home/psd/psd_ws/install/controller_manager/lib:/home/psd/psd_ws/install/controller_interface/lib:/home/psd/psd_ws/install/hardware_interface/lib:/home/psd/psd_ws/install/control_toolbox/lib:/home/psd/psd_ws/install/realtime_tools/lib:/home/psd/psd_ws/install/controller_manager_msgs/lib:/home/psd/psd_ws/install/control_msgs/lib:${LD_LIBRARY_PATH} PYTHONPATH=/home/psd/psd_ws/build/ros2controlcli:/home/psd/psd_ws/install/ros2controlcli/lib/python3.10/site-packages:/home/psd/psd_ws/install/controller_manager/local/lib/python3.10/dist-packages:/home/psd/psd_ws/build/ros2_controllers_test_nodes:/home/psd/psd_ws/install/ros2_controllers_test_nodes/lib/python3.10/site-packages:/home/psd/psd_ws/install/controller_manager_msgs/local/lib/python3.10/dist-packages:/home/psd/psd_ws/install/control_msgs/local/lib/python3.10/dist-packages:${PYTHONPATH} /usr/bin/cmake /home/psd/psd_ws/src/ros-controls/ros2_control_demos/example_1 -DAMENT_CMAKE_SYMLINK_INSTALL=1 -DCMAKE_INSTALL_PREFIX=/home/psd/psd_ws/install/ros2_control_demo_example_1
[0.132s] -- The CXX compiler identification is GNU 11.4.0
[0.143s] -- Detecting CXX compiler ABI info
[0.277s] -- Detecting CXX compiler ABI info - done
[0.293s] -- Check for working CXX compiler: /usr/bin/c++ - skipped
[0.293s] -- Detecting CXX compile features
[0.295s] -- Detecting CXX compile features - done
[0.301s] -- Found ament_cmake: 1.3.8 (/opt/ros/humble/share/ament_cmake/cmake)
[0.524s] -- Found Python3: /usr/bin/python3 (found version "3.10.12") found components: Interpreter 
[0.621s] -- Override CMake install command with custom implementation using symlinks instead of copying resources
[0.699s] -- Found hardware_interface: 2.40.0 (/home/psd/psd_ws/install/hardware_interface/share/hardware_interface/cmake)
[0.789s] -- Found rosidl_generator_c: 3.1.5 (/opt/ros/humble/share/rosidl_generator_c/cmake)
[0.803s] -- Found rosidl_adapter: 3.1.5 (/opt/ros/humble/share/rosidl_adapter/cmake)
[0.824s] -- Found rosidl_generator_cpp: 3.1.5 (/opt/ros/humble/share/rosidl_generator_cpp/cmake)
[0.848s] -- Using all available rosidl_typesupport_c: rosidl_typesupport_fastrtps_c;rosidl_typesupport_introspection_c
[0.883s] -- Using all available rosidl_typesupport_cpp: rosidl_typesupport_fastrtps_cpp;rosidl_typesupport_introspection_cpp
[1.805s] -- Found rmw_implementation_cmake: 6.1.1 (/opt/ros/humble/share/rmw_implementation_cmake/cmake)
[1.812s] -- Found rmw_fastrtps_cpp: 6.2.6 (/opt/ros/humble/share/rmw_fastrtps_cpp/cmake)
[1.862s] -- Found TinyXML2 via Config file: TinyXML2_DIR-NOTFOUND
[1.951s] -- Found OpenSSL: /usr/lib/x86_64-linux-gnu/libcrypto.so (found version "3.0.2")  
[1.955s] -- Found TinyXML2 via Config file: TinyXML2_DIR-NOTFOUND
[1.972s] -- Found FastRTPS: /opt/ros/humble/include  
[1.986s] -- Found TinyXML2 via Config file: TinyXML2_DIR-NOTFOUND
[1.996s] -- Found TinyXML2 via Config file: TinyXML2_DIR-NOTFOUND
[2.009s] -- Using RMW implementation 'rmw_fastrtps_cpp' as default
[2.030s] -- Looking for C++ include pthread.h
[2.154s] -- Looking for C++ include pthread.h - found
[2.154s] -- Performing Test CMAKE_HAVE_LIBC_PTHREAD
[2.289s] -- Performing Test CMAKE_HAVE_LIBC_PTHREAD - Success
[2.290s] -- Found Threads: TRUE  
[2.664s] -- Found ament_cmake_pytest: 1.3.8 (/opt/ros/humble/share/ament_cmake_pytest/cmake)
[3.691s] -- Configuring done
[3.742s] -- Generating done
[3.748s] -- Build files have been written to: /home/psd/psd_ws/build/ros2_control_demo_example_1
[3.763s] Invoked command in '/home/psd/psd_ws/build/ros2_control_demo_example_1' returned '0': AMENT_PREFIX_PATH=/home/psd/psd_ws/install/ros2controlcli:/home/psd/psd_ws/install/joint_trajectory_controller:/home/psd/psd_ws/install/joint_state_broadcaster:/home/psd/psd_ws/install/forward_command_controller:/home/psd/psd_ws/install/controller_manager:/home/psd/psd_ws/install/controller_interface:/home/psd/psd_ws/install/hardware_interface:/home/psd/psd_ws/install/control_toolbox:/home/psd/psd_ws/install/ros2_controllers_test_nodes:/home/psd/psd_ws/install/ros2_control_test_assets:/home/psd/psd_ws/install/ros2_control_demo_description:/home/psd/psd_ws/install/realtime_tools:/home/psd/psd_ws/install/controller_manager_msgs:/home/psd/psd_ws/install/control_msgs:${AMENT_PREFIX_PATH} CMAKE_PREFIX_PATH=/home/psd/psd_ws/install/joint_trajectory_controller:/home/psd/psd_ws/install/joint_state_broadcaster:/home/psd/psd_ws/install/forward_command_controller:/home/psd/psd_ws/install/controller_manager:/home/psd/psd_ws/install/controller_interface:/home/psd/psd_ws/install/hardware_interface:/home/psd/psd_ws/install/control_toolbox:/home/psd/psd_ws/install/ros2_control_test_assets:/home/psd/psd_ws/install/ros2_control_demo_description:/home/psd/psd_ws/install/realtime_tools:/home/psd/psd_ws/install/controller_manager_msgs:/home/psd/psd_ws/install/control_msgs:/opt/ros/humble LD_LIBRARY_PATH=/home/psd/psd_ws/install/joint_trajectory_controller/lib:/home/psd/psd_ws/install/joint_state_broadcaster/lib:/home/psd/psd_ws/install/forward_command_controller/lib:/home/psd/psd_ws/install/controller_manager/lib:/home/psd/psd_ws/install/controller_interface/lib:/home/psd/psd_ws/install/hardware_interface/lib:/home/psd/psd_ws/install/control_toolbox/lib:/home/psd/psd_ws/install/realtime_tools/lib:/home/psd/psd_ws/install/controller_manager_msgs/lib:/home/psd/psd_ws/install/control_msgs/lib:${LD_LIBRARY_PATH} PYTHONPATH=/home/psd/psd_ws/build/ros2controlcli:/home/psd/psd_ws/install/ros2controlcli/lib/python3.10/site-packages:/home/psd/psd_ws/install/controller_manager/local/lib/python3.10/dist-packages:/home/psd/psd_ws/build/ros2_controllers_test_nodes:/home/psd/psd_ws/install/ros2_controllers_test_nodes/lib/python3.10/site-packages:/home/psd/psd_ws/install/controller_manager_msgs/local/lib/python3.10/dist-packages:/home/psd/psd_ws/install/control_msgs/local/lib/python3.10/dist-packages:${PYTHONPATH} /usr/bin/cmake /home/psd/psd_ws/src/ros-controls/ros2_control_demos/example_1 -DAMENT_CMAKE_SYMLINK_INSTALL=1 -DCMAKE_INSTALL_PREFIX=/home/psd/psd_ws/install/ros2_control_demo_example_1
[3.764s] Invoking command in '/home/psd/psd_ws/build/ros2_control_demo_example_1': AMENT_PREFIX_PATH=/home/psd/psd_ws/install/ros2controlcli:/home/psd/psd_ws/install/joint_trajectory_controller:/home/psd/psd_ws/install/joint_state_broadcaster:/home/psd/psd_ws/install/forward_command_controller:/home/psd/psd_ws/install/controller_manager:/home/psd/psd_ws/install/controller_interface:/home/psd/psd_ws/install/hardware_interface:/home/psd/psd_ws/install/control_toolbox:/home/psd/psd_ws/install/ros2_controllers_test_nodes:/home/psd/psd_ws/install/ros2_control_test_assets:/home/psd/psd_ws/install/ros2_control_demo_description:/home/psd/psd_ws/install/realtime_tools:/home/psd/psd_ws/install/controller_manager_msgs:/home/psd/psd_ws/install/control_msgs:${AMENT_PREFIX_PATH} CMAKE_PREFIX_PATH=/home/psd/psd_ws/install/joint_trajectory_controller:/home/psd/psd_ws/install/joint_state_broadcaster:/home/psd/psd_ws/install/forward_command_controller:/home/psd/psd_ws/install/controller_manager:/home/psd/psd_ws/install/controller_interface:/home/psd/psd_ws/install/hardware_interface:/home/psd/psd_ws/install/control_toolbox:/home/psd/psd_ws/install/ros2_control_test_assets:/home/psd/psd_ws/install/ros2_control_demo_description:/home/psd/psd_ws/install/realtime_tools:/home/psd/psd_ws/install/controller_manager_msgs:/home/psd/psd_ws/install/control_msgs:/opt/ros/humble LD_LIBRARY_PATH=/home/psd/psd_ws/install/joint_trajectory_controller/lib:/home/psd/psd_ws/install/joint_state_broadcaster/lib:/home/psd/psd_ws/install/forward_command_controller/lib:/home/psd/psd_ws/install/controller_manager/lib:/home/psd/psd_ws/install/controller_interface/lib:/home/psd/psd_ws/install/hardware_interface/lib:/home/psd/psd_ws/install/control_toolbox/lib:/home/psd/psd_ws/install/realtime_tools/lib:/home/psd/psd_ws/install/controller_manager_msgs/lib:/home/psd/psd_ws/install/control_msgs/lib:${LD_LIBRARY_PATH} PYTHONPATH=/home/psd/psd_ws/build/ros2controlcli:/home/psd/psd_ws/install/ros2controlcli/lib/python3.10/site-packages:/home/psd/psd_ws/install/controller_manager/local/lib/python3.10/dist-packages:/home/psd/psd_ws/build/ros2_controllers_test_nodes:/home/psd/psd_ws/install/ros2_controllers_test_nodes/lib/python3.10/site-packages:/home/psd/psd_ws/install/controller_manager_msgs/local/lib/python3.10/dist-packages:/home/psd/psd_ws/install/control_msgs/local/lib/python3.10/dist-packages:${PYTHONPATH} /usr/bin/cmake --build /home/psd/psd_ws/build/ros2_control_demo_example_1 -- -j20 -l20
[3.846s] [ 50%] [32mBuilding CXX object CMakeFiles/ros2_control_demo_example_1.dir/hardware/rrbot.cpp.o[0m
[11.273s] [100%] [32m[1mLinking CXX shared library libros2_control_demo_example_1.so[0m
[11.904s] [100%] Built target ros2_control_demo_example_1
[11.962s] Invoked command in '/home/psd/psd_ws/build/ros2_control_demo_example_1' returned '0': AMENT_PREFIX_PATH=/home/psd/psd_ws/install/ros2controlcli:/home/psd/psd_ws/install/joint_trajectory_controller:/home/psd/psd_ws/install/joint_state_broadcaster:/home/psd/psd_ws/install/forward_command_controller:/home/psd/psd_ws/install/controller_manager:/home/psd/psd_ws/install/controller_interface:/home/psd/psd_ws/install/hardware_interface:/home/psd/psd_ws/install/control_toolbox:/home/psd/psd_ws/install/ros2_controllers_test_nodes:/home/psd/psd_ws/install/ros2_control_test_assets:/home/psd/psd_ws/install/ros2_control_demo_description:/home/psd/psd_ws/install/realtime_tools:/home/psd/psd_ws/install/controller_manager_msgs:/home/psd/psd_ws/install/control_msgs:${AMENT_PREFIX_PATH} CMAKE_PREFIX_PATH=/home/psd/psd_ws/install/joint_trajectory_controller:/home/psd/psd_ws/install/joint_state_broadcaster:/home/psd/psd_ws/install/forward_command_controller:/home/psd/psd_ws/install/controller_manager:/home/psd/psd_ws/install/controller_interface:/home/psd/psd_ws/install/hardware_interface:/home/psd/psd_ws/install/control_toolbox:/home/psd/psd_ws/install/ros2_control_test_assets:/home/psd/psd_ws/install/ros2_control_demo_description:/home/psd/psd_ws/install/realtime_tools:/home/psd/psd_ws/install/controller_manager_msgs:/home/psd/psd_ws/install/control_msgs:/opt/ros/humble LD_LIBRARY_PATH=/home/psd/psd_ws/install/joint_trajectory_controller/lib:/home/psd/psd_ws/install/joint_state_broadcaster/lib:/home/psd/psd_ws/install/forward_command_controller/lib:/home/psd/psd_ws/install/controller_manager/lib:/home/psd/psd_ws/install/controller_interface/lib:/home/psd/psd_ws/install/hardware_interface/lib:/home/psd/psd_ws/install/control_toolbox/lib:/home/psd/psd_ws/install/realtime_tools/lib:/home/psd/psd_ws/install/controller_manager_msgs/lib:/home/psd/psd_ws/install/control_msgs/lib:${LD_LIBRARY_PATH} PYTHONPATH=/home/psd/psd_ws/build/ros2controlcli:/home/psd/psd_ws/install/ros2controlcli/lib/python3.10/site-packages:/home/psd/psd_ws/install/controller_manager/local/lib/python3.10/dist-packages:/home/psd/psd_ws/build/ros2_controllers_test_nodes:/home/psd/psd_ws/install/ros2_controllers_test_nodes/lib/python3.10/site-packages:/home/psd/psd_ws/install/controller_manager_msgs/local/lib/python3.10/dist-packages:/home/psd/psd_ws/install/control_msgs/local/lib/python3.10/dist-packages:${PYTHONPATH} /usr/bin/cmake --build /home/psd/psd_ws/build/ros2_control_demo_example_1 -- -j20 -l20
[12.206s] Invoking command in '/home/psd/psd_ws/build/ros2_control_demo_example_1': AMENT_PREFIX_PATH=/home/psd/psd_ws/install/ros2controlcli:/home/psd/psd_ws/install/joint_trajectory_controller:/home/psd/psd_ws/install/joint_state_broadcaster:/home/psd/psd_ws/install/forward_command_controller:/home/psd/psd_ws/install/controller_manager:/home/psd/psd_ws/install/controller_interface:/home/psd/psd_ws/install/hardware_interface:/home/psd/psd_ws/install/control_toolbox:/home/psd/psd_ws/install/ros2_controllers_test_nodes:/home/psd/psd_ws/install/ros2_control_test_assets:/home/psd/psd_ws/install/ros2_control_demo_description:/home/psd/psd_ws/install/realtime_tools:/home/psd/psd_ws/install/controller_manager_msgs:/home/psd/psd_ws/install/control_msgs:${AMENT_PREFIX_PATH} CMAKE_PREFIX_PATH=/home/psd/psd_ws/install/joint_trajectory_controller:/home/psd/psd_ws/install/joint_state_broadcaster:/home/psd/psd_ws/install/forward_command_controller:/home/psd/psd_ws/install/controller_manager:/home/psd/psd_ws/install/controller_interface:/home/psd/psd_ws/install/hardware_interface:/home/psd/psd_ws/install/control_toolbox:/home/psd/psd_ws/install/ros2_control_test_assets:/home/psd/psd_ws/install/ros2_control_demo_description:/home/psd/psd_ws/install/realtime_tools:/home/psd/psd_ws/install/controller_manager_msgs:/home/psd/psd_ws/install/control_msgs:/opt/ros/humble LD_LIBRARY_PATH=/home/psd/psd_ws/install/joint_trajectory_controller/lib:/home/psd/psd_ws/install/joint_state_broadcaster/lib:/home/psd/psd_ws/install/forward_command_controller/lib:/home/psd/psd_ws/install/controller_manager/lib:/home/psd/psd_ws/install/controller_interface/lib:/home/psd/psd_ws/install/hardware_interface/lib:/home/psd/psd_ws/install/control_toolbox/lib:/home/psd/psd_ws/install/realtime_tools/lib:/home/psd/psd_ws/install/controller_manager_msgs/lib:/home/psd/psd_ws/install/control_msgs/lib:${LD_LIBRARY_PATH} PYTHONPATH=/home/psd/psd_ws/build/ros2controlcli:/home/psd/psd_ws/install/ros2controlcli/lib/python3.10/site-packages:/home/psd/psd_ws/install/controller_manager/local/lib/python3.10/dist-packages:/home/psd/psd_ws/build/ros2_controllers_test_nodes:/home/psd/psd_ws/install/ros2_controllers_test_nodes/lib/python3.10/site-packages:/home/psd/psd_ws/install/controller_manager_msgs/local/lib/python3.10/dist-packages:/home/psd/psd_ws/install/control_msgs/local/lib/python3.10/dist-packages:${PYTHONPATH} /usr/bin/cmake --install /home/psd/psd_ws/build/ros2_control_demo_example_1
[12.219s] -- Install configuration: ""
[12.219s] -- Execute custom install script
[12.219s] -- Symlinking: /home/psd/psd_ws/install/ros2_control_demo_example_1/share/ros2_control_demo_example_1//ros2_control_demo_example_1.xml
[12.251s] -- Symlinking: /home/psd/psd_ws/install/ros2_control_demo_example_1/include/ros2_control_demo_example_1/ros2_control_demo_example_1/rrbot.hpp
[12.278s] -- Symlinking: /home/psd/psd_ws/install/ros2_control_demo_example_1/include/ros2_control_demo_example_1/ros2_control_demo_example_1/visibility_control.h
[12.323s] -- Symlinking: /home/psd/psd_ws/install/ros2_control_demo_example_1/share/ros2_control_demo_example_1/launch/view_robot.launch.py
[12.364s] -- Symlinking: /home/psd/psd_ws/install/ros2_control_demo_example_1/share/ros2_control_demo_example_1/ros2_control/rrbot.ros2_control.xacro
[12.404s] -- Symlinking: /home/psd/psd_ws/install/ros2_control_demo_example_1/share/ros2_control_demo_example_1/urdf/rrbot.urdf.xacro
[12.433s] -- Symlinking: /home/psd/psd_ws/install/ros2_control_demo_example_1/share/ros2_control_demo_example_1/launch/rrbot.launch.py
[12.470s] -- Symlinking: /home/psd/psd_ws/install/ros2_control_demo_example_1/share/ros2_control_demo_example_1/launch/test_forward_position_controller.launch.py
[12.479s] -- Symlinking: /home/psd/psd_ws/install/ros2_control_demo_example_1/share/ros2_control_demo_example_1/launch/test_joint_trajectory_controller.launch.py
[12.493s] -- Symlinking: /home/psd/psd_ws/install/ros2_control_demo_example_1/share/ros2_control_demo_example_1/config/rrbot_controllers.yaml
[12.508s] -- Symlinking: /home/psd/psd_ws/install/ros2_control_demo_example_1/share/ros2_control_demo_example_1/config/rrbot_forward_position_publisher.yaml
[12.521s] -- Symlinking: /home/psd/psd_ws/install/ros2_control_demo_example_1/share/ros2_control_demo_example_1/config/rrbot_joint_trajectory_publisher.yaml
[12.535s] -- Symlinking: /home/psd/psd_ws/install/ros2_control_demo_example_1/share/ros2_control_demo_example_1/environment/library_path.sh
[12.571s] -- Symlinking: /home/psd/psd_ws/install/ros2_control_demo_example_1/share/ros2_control_demo_example_1/environment/library_path.dsv
[12.606s] -- Symlinking: /home/psd/psd_ws/install/ros2_control_demo_example_1/share/ament_index/resource_index/package_run_dependencies/ros2_control_demo_example_1
[12.626s] -- Symlinking: /home/psd/psd_ws/install/ros2_control_demo_example_1/share/ament_index/resource_index/parent_prefix_path/ros2_control_demo_example_1
[12.662s] -- Symlinking: /home/psd/psd_ws/install/ros2_control_demo_example_1/share/ros2_control_demo_example_1/environment/ament_prefix_path.sh
[12.676s] -- Symlinking: /home/psd/psd_ws/install/ros2_control_demo_example_1/share/ros2_control_demo_example_1/environment/ament_prefix_path.dsv
[12.694s] -- Symlinking: /home/psd/psd_ws/install/ros2_control_demo_example_1/share/ros2_control_demo_example_1/environment/path.sh
[12.713s] -- Symlinking: /home/psd/psd_ws/install/ros2_control_demo_example_1/share/ros2_control_demo_example_1/environment/path.dsv
[12.729s] -- Symlinking: /home/psd/psd_ws/install/ros2_control_demo_example_1/share/ros2_control_demo_example_1/local_setup.bash
[12.746s] -- Symlinking: /home/psd/psd_ws/install/ros2_control_demo_example_1/share/ros2_control_demo_example_1/local_setup.sh
[12.762s] -- Symlinking: /home/psd/psd_ws/install/ros2_control_demo_example_1/share/ros2_control_demo_example_1/local_setup.zsh
[12.777s] -- Symlinking: /home/psd/psd_ws/install/ros2_control_demo_example_1/share/ros2_control_demo_example_1/local_setup.dsv
[12.792s] -- Symlinking: /home/psd/psd_ws/install/ros2_control_demo_example_1/share/ros2_control_demo_example_1/package.dsv
[12.810s] -- Symlinking: /home/psd/psd_ws/install/ros2_control_demo_example_1/share/ament_index/resource_index/packages/ros2_control_demo_example_1
[12.827s] -- Symlinking: /home/psd/psd_ws/install/ros2_control_demo_example_1/share/ament_index/resource_index/hardware_interface__pluginlib__plugin/ros2_control_demo_example_1
[12.842s] -- Symlinking: /home/psd/psd_ws/install/ros2_control_demo_example_1/share/ros2_control_demo_example_1/cmake/ament_cmake_export_targets-extras.cmake
[12.859s] -- Symlinking: /home/psd/psd_ws/install/ros2_control_demo_example_1/share/ros2_control_demo_example_1/cmake/ament_cmake_export_dependencies-extras.cmake
[12.875s] -- Symlinking: /home/psd/psd_ws/install/ros2_control_demo_example_1/share/ros2_control_demo_example_1/cmake/ros2_control_demo_example_1Config.cmake
[12.892s] -- Symlinking: /home/psd/psd_ws/install/ros2_control_demo_example_1/share/ros2_control_demo_example_1/cmake/ros2_control_demo_example_1Config-version.cmake
[12.907s] -- Symlinking: /home/psd/psd_ws/install/ros2_control_demo_example_1/share/ros2_control_demo_example_1/package.xml
[12.922s] -- Installing: /home/psd/psd_ws/install/ros2_control_demo_example_1/lib/libros2_control_demo_example_1.so
[12.931s] -- Set runtime path of "/home/psd/psd_ws/install/ros2_control_demo_example_1/lib/libros2_control_demo_example_1.so" to ""
[12.932s] -- Installing: /home/psd/psd_ws/install/ros2_control_demo_example_1/share/ros2_control_demo_example_1/cmake/export_ros2_control_demo_example_1Export.cmake
[12.932s] -- Installing: /home/psd/psd_ws/install/ros2_control_demo_example_1/share/ros2_control_demo_example_1/cmake/export_ros2_control_demo_example_1Export-noconfig.cmake
[12.946s] Invoked command in '/home/psd/psd_ws/build/ros2_control_demo_example_1' returned '0': AMENT_PREFIX_PATH=/home/psd/psd_ws/install/ros2controlcli:/home/psd/psd_ws/install/joint_trajectory_controller:/home/psd/psd_ws/install/joint_state_broadcaster:/home/psd/psd_ws/install/forward_command_controller:/home/psd/psd_ws/install/controller_manager:/home/psd/psd_ws/install/controller_interface:/home/psd/psd_ws/install/hardware_interface:/home/psd/psd_ws/install/control_toolbox:/home/psd/psd_ws/install/ros2_controllers_test_nodes:/home/psd/psd_ws/install/ros2_control_test_assets:/home/psd/psd_ws/install/ros2_control_demo_description:/home/psd/psd_ws/install/realtime_tools:/home/psd/psd_ws/install/controller_manager_msgs:/home/psd/psd_ws/install/control_msgs:${AMENT_PREFIX_PATH} CMAKE_PREFIX_PATH=/home/psd/psd_ws/install/joint_trajectory_controller:/home/psd/psd_ws/install/joint_state_broadcaster:/home/psd/psd_ws/install/forward_command_controller:/home/psd/psd_ws/install/controller_manager:/home/psd/psd_ws/install/controller_interface:/home/psd/psd_ws/install/hardware_interface:/home/psd/psd_ws/install/control_toolbox:/home/psd/psd_ws/install/ros2_control_test_assets:/home/psd/psd_ws/install/ros2_control_demo_description:/home/psd/psd_ws/install/realtime_tools:/home/psd/psd_ws/install/controller_manager_msgs:/home/psd/psd_ws/install/control_msgs:/opt/ros/humble LD_LIBRARY_PATH=/home/psd/psd_ws/install/joint_trajectory_controller/lib:/home/psd/psd_ws/install/joint_state_broadcaster/lib:/home/psd/psd_ws/install/forward_command_controller/lib:/home/psd/psd_ws/install/controller_manager/lib:/home/psd/psd_ws/install/controller_interface/lib:/home/psd/psd_ws/install/hardware_interface/lib:/home/psd/psd_ws/install/control_toolbox/lib:/home/psd/psd_ws/install/realtime_tools/lib:/home/psd/psd_ws/install/controller_manager_msgs/lib:/home/psd/psd_ws/install/control_msgs/lib:${LD_LIBRARY_PATH} PYTHONPATH=/home/psd/psd_ws/build/ros2controlcli:/home/psd/psd_ws/install/ros2controlcli/lib/python3.10/site-packages:/home/psd/psd_ws/install/controller_manager/local/lib/python3.10/dist-packages:/home/psd/psd_ws/build/ros2_controllers_test_nodes:/home/psd/psd_ws/install/ros2_controllers_test_nodes/lib/python3.10/site-packages:/home/psd/psd_ws/install/controller_manager_msgs/local/lib/python3.10/dist-packages:/home/psd/psd_ws/install/control_msgs/local/lib/python3.10/dist-packages:${PYTHONPATH} /usr/bin/cmake --install /home/psd/psd_ws/build/ros2_control_demo_example_1
