[0.175s] Invoking command in '/home/psd/psd_ws/build/range_sensor_broadcaster': AMENT_PREFIX_PATH=/home/psd/psd_ws/install/controller_manager:/home/psd/psd_ws/install/hardware_interface_testing:/home/psd/psd_ws/install/controller_interface:/home/psd/psd_ws/install/hardware_interface:/home/psd/psd_ws/install/ros2_control_test_assets:/home/psd/psd_ws/install/realtime_tools:/home/psd/psd_ws/install/controller_manager_msgs:/home/psd/psd_ws/install/control_msgs:${AMENT_PREFIX_PATH} CMAKE_PREFIX_PATH=/home/psd/psd_ws/install/controller_manager:/home/psd/psd_ws/install/hardware_interface_testing:/home/psd/psd_ws/install/controller_interface:/home/psd/psd_ws/install/hardware_interface:/home/psd/psd_ws/install/ros2_control_test_assets:/home/psd/psd_ws/install/realtime_tools:/home/psd/psd_ws/install/controller_manager_msgs:/home/psd/psd_ws/install/control_msgs:/opt/ros/humble LD_LIBRARY_PATH=/home/psd/psd_ws/install/controller_manager/lib:/home/psd/psd_ws/install/hardware_interface_testing/lib:/home/psd/psd_ws/install/controller_interface/lib:/home/psd/psd_ws/install/hardware_interface/lib:/home/psd/psd_ws/install/realtime_tools/lib:/home/psd/psd_ws/install/controller_manager_msgs/lib:/home/psd/psd_ws/install/control_msgs/lib:${LD_LIBRARY_PATH} PYTHONPATH=/home/psd/psd_ws/install/controller_manager/local/lib/python3.10/dist-packages:/home/psd/psd_ws/install/controller_manager_msgs/local/lib/python3.10/dist-packages:/home/psd/psd_ws/install/control_msgs/local/lib/python3.10/dist-packages:${PYTHONPATH} /usr/bin/cmake --build /home/psd/psd_ws/build/range_sensor_broadcaster -- -j20 -l20
[0.238s] [ 10%] Built target range_sensor_broadcaster_parameters
[0.248s] [35m[1mConsolidate compiler generated dependencies of target gmock[0m
[0.252s] [35m[1mConsolidate compiler generated dependencies of target range_sensor_broadcaster[0m
[0.267s] [ 40%] Built target gmock
[0.274s] [ 60%] Built target range_sensor_broadcaster
[0.289s] [35m[1mConsolidate compiler generated dependencies of target test_load_range_sensor_broadcaster[0m
[0.295s] [35m[1mConsolidate compiler generated dependencies of target test_range_sensor_broadcaster[0m
[0.311s] [ 80%] Built target test_range_sensor_broadcaster
[0.312s] [100%] Built target test_load_range_sensor_broadcaster
[0.332s] Invoked command in '/home/psd/psd_ws/build/range_sensor_broadcaster' returned '0': AMENT_PREFIX_PATH=/home/psd/psd_ws/install/controller_manager:/home/psd/psd_ws/install/hardware_interface_testing:/home/psd/psd_ws/install/controller_interface:/home/psd/psd_ws/install/hardware_interface:/home/psd/psd_ws/install/ros2_control_test_assets:/home/psd/psd_ws/install/realtime_tools:/home/psd/psd_ws/install/controller_manager_msgs:/home/psd/psd_ws/install/control_msgs:${AMENT_PREFIX_PATH} CMAKE_PREFIX_PATH=/home/psd/psd_ws/install/controller_manager:/home/psd/psd_ws/install/hardware_interface_testing:/home/psd/psd_ws/install/controller_interface:/home/psd/psd_ws/install/hardware_interface:/home/psd/psd_ws/install/ros2_control_test_assets:/home/psd/psd_ws/install/realtime_tools:/home/psd/psd_ws/install/controller_manager_msgs:/home/psd/psd_ws/install/control_msgs:/opt/ros/humble LD_LIBRARY_PATH=/home/psd/psd_ws/install/controller_manager/lib:/home/psd/psd_ws/install/hardware_interface_testing/lib:/home/psd/psd_ws/install/controller_interface/lib:/home/psd/psd_ws/install/hardware_interface/lib:/home/psd/psd_ws/install/realtime_tools/lib:/home/psd/psd_ws/install/controller_manager_msgs/lib:/home/psd/psd_ws/install/control_msgs/lib:${LD_LIBRARY_PATH} PYTHONPATH=/home/psd/psd_ws/install/controller_manager/local/lib/python3.10/dist-packages:/home/psd/psd_ws/install/controller_manager_msgs/local/lib/python3.10/dist-packages:/home/psd/psd_ws/install/control_msgs/local/lib/python3.10/dist-packages:${PYTHONPATH} /usr/bin/cmake --build /home/psd/psd_ws/build/range_sensor_broadcaster -- -j20 -l20
[0.420s] Invoking command in '/home/psd/psd_ws/build/range_sensor_broadcaster': AMENT_PREFIX_PATH=/home/psd/psd_ws/install/controller_manager:/home/psd/psd_ws/install/hardware_interface_testing:/home/psd/psd_ws/install/controller_interface:/home/psd/psd_ws/install/hardware_interface:/home/psd/psd_ws/install/ros2_control_test_assets:/home/psd/psd_ws/install/realtime_tools:/home/psd/psd_ws/install/controller_manager_msgs:/home/psd/psd_ws/install/control_msgs:${AMENT_PREFIX_PATH} CMAKE_PREFIX_PATH=/home/psd/psd_ws/install/controller_manager:/home/psd/psd_ws/install/hardware_interface_testing:/home/psd/psd_ws/install/controller_interface:/home/psd/psd_ws/install/hardware_interface:/home/psd/psd_ws/install/ros2_control_test_assets:/home/psd/psd_ws/install/realtime_tools:/home/psd/psd_ws/install/controller_manager_msgs:/home/psd/psd_ws/install/control_msgs:/opt/ros/humble LD_LIBRARY_PATH=/home/psd/psd_ws/install/controller_manager/lib:/home/psd/psd_ws/install/hardware_interface_testing/lib:/home/psd/psd_ws/install/controller_interface/lib:/home/psd/psd_ws/install/hardware_interface/lib:/home/psd/psd_ws/install/realtime_tools/lib:/home/psd/psd_ws/install/controller_manager_msgs/lib:/home/psd/psd_ws/install/control_msgs/lib:${LD_LIBRARY_PATH} PYTHONPATH=/home/psd/psd_ws/install/controller_manager/local/lib/python3.10/dist-packages:/home/psd/psd_ws/install/controller_manager_msgs/local/lib/python3.10/dist-packages:/home/psd/psd_ws/install/control_msgs/local/lib/python3.10/dist-packages:${PYTHONPATH} /usr/bin/cmake --install /home/psd/psd_ws/build/range_sensor_broadcaster
[0.424s] -- Install configuration: ""
[0.424s] -- Up-to-date: /home/psd/psd_ws/install/range_sensor_broadcaster/include/range_sensor_broadcaster_parameters
[0.424s] -- Up-to-date: /home/psd/psd_ws/install/range_sensor_broadcaster/include/range_sensor_broadcaster_parameters/range_sensor_broadcaster_parameters.hpp
[0.424s] -- Up-to-date: /home/psd/psd_ws/install/range_sensor_broadcaster/share/range_sensor_broadcaster/range_sensor_broadcaster.xml
[0.424s] -- Up-to-date: /home/psd/psd_ws/install/range_sensor_broadcaster/include
[0.424s] -- Up-to-date: /home/psd/psd_ws/install/range_sensor_broadcaster/include/range_sensor_broadcaster
[0.425s] -- Up-to-date: /home/psd/psd_ws/install/range_sensor_broadcaster/include/range_sensor_broadcaster/range_sensor_broadcaster.hpp
[0.425s] -- Up-to-date: /home/psd/psd_ws/install/range_sensor_broadcaster/include/range_sensor_broadcaster/visibility_control.h
[0.425s] -- Up-to-date: /home/psd/psd_ws/install/range_sensor_broadcaster/lib/librange_sensor_broadcaster.so
[0.426s] -- Up-to-date: /home/psd/psd_ws/install/range_sensor_broadcaster/share/range_sensor_broadcaster/environment/library_path.sh
[0.426s] -- Up-to-date: /home/psd/psd_ws/install/range_sensor_broadcaster/share/range_sensor_broadcaster/environment/library_path.dsv
[0.426s] -- Up-to-date: /home/psd/psd_ws/install/range_sensor_broadcaster/share/ament_index/resource_index/package_run_dependencies/range_sensor_broadcaster
[0.426s] -- Up-to-date: /home/psd/psd_ws/install/range_sensor_broadcaster/share/ament_index/resource_index/parent_prefix_path/range_sensor_broadcaster
[0.426s] -- Up-to-date: /home/psd/psd_ws/install/range_sensor_broadcaster/share/range_sensor_broadcaster/environment/ament_prefix_path.sh
[0.427s] -- Up-to-date: /home/psd/psd_ws/install/range_sensor_broadcaster/share/range_sensor_broadcaster/environment/ament_prefix_path.dsv
[0.427s] -- Up-to-date: /home/psd/psd_ws/install/range_sensor_broadcaster/share/range_sensor_broadcaster/environment/path.sh
[0.428s] -- Up-to-date: /home/psd/psd_ws/install/range_sensor_broadcaster/share/range_sensor_broadcaster/environment/path.dsv
[0.428s] -- Up-to-date: /home/psd/psd_ws/install/range_sensor_broadcaster/share/range_sensor_broadcaster/local_setup.bash
[0.428s] -- Up-to-date: /home/psd/psd_ws/install/range_sensor_broadcaster/share/range_sensor_broadcaster/local_setup.sh
[0.428s] -- Up-to-date: /home/psd/psd_ws/install/range_sensor_broadcaster/share/range_sensor_broadcaster/local_setup.zsh
[0.428s] -- Up-to-date: /home/psd/psd_ws/install/range_sensor_broadcaster/share/range_sensor_broadcaster/local_setup.dsv
[0.428s] -- Installing: /home/psd/psd_ws/install/range_sensor_broadcaster/share/range_sensor_broadcaster/package.dsv
[0.429s] -- Up-to-date: /home/psd/psd_ws/install/range_sensor_broadcaster/share/ament_index/resource_index/packages/range_sensor_broadcaster
[0.430s] -- Up-to-date: /home/psd/psd_ws/install/range_sensor_broadcaster/share/ament_index/resource_index/controller_interface__pluginlib__plugin/range_sensor_broadcaster
[0.431s] -- Up-to-date: /home/psd/psd_ws/install/range_sensor_broadcaster/share/range_sensor_broadcaster/cmake/export_range_sensor_broadcasterExport.cmake
[0.431s] -- Up-to-date: /home/psd/psd_ws/install/range_sensor_broadcaster/share/range_sensor_broadcaster/cmake/export_range_sensor_broadcasterExport-noconfig.cmake
[0.432s] -- Up-to-date: /home/psd/psd_ws/install/range_sensor_broadcaster/share/range_sensor_broadcaster/cmake/ament_cmake_export_targets-extras.cmake
[0.432s] -- Up-to-date: /home/psd/psd_ws/install/range_sensor_broadcaster/share/range_sensor_broadcaster/cmake/ament_cmake_export_dependencies-extras.cmake
[0.432s] -- Up-to-date: /home/psd/psd_ws/install/range_sensor_broadcaster/share/range_sensor_broadcaster/cmake/range_sensor_broadcasterConfig.cmake
[0.432s] -- Up-to-date: /home/psd/psd_ws/install/range_sensor_broadcaster/share/range_sensor_broadcaster/cmake/range_sensor_broadcasterConfig-version.cmake
[0.432s] -- Up-to-date: /home/psd/psd_ws/install/range_sensor_broadcaster/share/range_sensor_broadcaster/package.xml
[0.481s] Invoked command in '/home/psd/psd_ws/build/range_sensor_broadcaster' returned '0': AMENT_PREFIX_PATH=/home/psd/psd_ws/install/controller_manager:/home/psd/psd_ws/install/hardware_interface_testing:/home/psd/psd_ws/install/controller_interface:/home/psd/psd_ws/install/hardware_interface:/home/psd/psd_ws/install/ros2_control_test_assets:/home/psd/psd_ws/install/realtime_tools:/home/psd/psd_ws/install/controller_manager_msgs:/home/psd/psd_ws/install/control_msgs:${AMENT_PREFIX_PATH} CMAKE_PREFIX_PATH=/home/psd/psd_ws/install/controller_manager:/home/psd/psd_ws/install/hardware_interface_testing:/home/psd/psd_ws/install/controller_interface:/home/psd/psd_ws/install/hardware_interface:/home/psd/psd_ws/install/ros2_control_test_assets:/home/psd/psd_ws/install/realtime_tools:/home/psd/psd_ws/install/controller_manager_msgs:/home/psd/psd_ws/install/control_msgs:/opt/ros/humble LD_LIBRARY_PATH=/home/psd/psd_ws/install/controller_manager/lib:/home/psd/psd_ws/install/hardware_interface_testing/lib:/home/psd/psd_ws/install/controller_interface/lib:/home/psd/psd_ws/install/hardware_interface/lib:/home/psd/psd_ws/install/realtime_tools/lib:/home/psd/psd_ws/install/controller_manager_msgs/lib:/home/psd/psd_ws/install/control_msgs/lib:${LD_LIBRARY_PATH} PYTHONPATH=/home/psd/psd_ws/install/controller_manager/local/lib/python3.10/dist-packages:/home/psd/psd_ws/install/controller_manager_msgs/local/lib/python3.10/dist-packages:/home/psd/psd_ws/install/control_msgs/local/lib/python3.10/dist-packages:${PYTHONPATH} /usr/bin/cmake --install /home/psd/psd_ws/build/range_sensor_broadcaster
