[0.000000] (-) TimerEvent: {}
[0.000469] (psd_vehicle) JobQueued: {'identifier': 'psd_vehicle', 'dependencies': OrderedDict()}
[0.000498] (psd_vehicle_description) JobQueued: {'identifier': 'psd_vehicle_description', 'dependencies': OrderedDict()}
[0.000510] (psd_vehicle) JobStarted: {'identifier': 'psd_vehicle'}
[0.025617] (psd_vehicle_description) JobStarted: {'identifier': 'psd_vehicle_description'}
[0.050744] (psd_vehicle) JobProgress: {'identifier': 'psd_vehicle', 'progress': 'cmake'}
[0.051297] (psd_vehicle) JobProgress: {'identifier': 'psd_vehicle', 'progress': 'build'}
[0.051385] (psd_vehicle) Command: {'cmd': ['/usr/bin/cmake', '--build', '/psd_ws/build/psd_vehicle', '--', '-j20', '-l20'], 'cwd': '/psd_ws/build/psd_vehicle', 'env': OrderedDict([('HOSTNAME', 'edo-ThinkPad-P1-Gen-5'), ('SHLVL', '1'), ('LD_LIBRARY_PATH', '/opt/ros/humble/opt/rviz_ogre_vendor/lib:/opt/ros/humble/lib/x86_64-linux-gnu:/opt/ros/humble/lib'), ('HOME', '/home/psd'), ('OLDPWD', '/'), ('ROS_PYTHON_VERSION', '3'), ('COLCON_PREFIX_PATH', '/psd_ws/install'), ('ROS_DISTRO', 'humble'), ('_', '/usr/bin/colcon'), ('ROS_VERSION', '2'), ('TERM', 'xterm'), ('ROS_LOCALHOST_ONLY', '0'), ('PATH', '/opt/ros/humble/bin:/usr/local/sbin:/usr/local/bin:/usr/sbin:/usr/bin:/sbin:/bin'), ('DISPLAY', ':0'), ('LANG', 'C.UTF-8'), ('AMENT_PREFIX_PATH', '/psd_ws/install/psd_vehicle_description:/psd_ws/install/psd_vehicle:/opt/ros/humble'), ('PWD', '/psd_ws/build/psd_vehicle'), ('LC_ALL', 'C.UTF-8'), ('PYTHONPATH', '/opt/ros/humble/lib/python3.10/site-packages:/opt/ros/humble/local/lib/python3.10/dist-packages'), ('COLCON', '1'), ('CMAKE_PREFIX_PATH', '/psd_ws/install/psd_vehicle_description:/psd_ws/install/psd_vehicle:/opt/ros/humble')]), 'shell': False}
[0.052907] (psd_vehicle_description) JobProgress: {'identifier': 'psd_vehicle_description', 'progress': 'cmake'}
[0.053154] (psd_vehicle_description) JobProgress: {'identifier': 'psd_vehicle_description', 'progress': 'build'}
[0.053338] (psd_vehicle_description) Command: {'cmd': ['/usr/bin/cmake', '--build', '/psd_ws/build/psd_vehicle_description', '--', '-j20', '-l20'], 'cwd': '/psd_ws/build/psd_vehicle_description', 'env': OrderedDict([('HOSTNAME', 'edo-ThinkPad-P1-Gen-5'), ('SHLVL', '1'), ('LD_LIBRARY_PATH', '/opt/ros/humble/opt/rviz_ogre_vendor/lib:/opt/ros/humble/lib/x86_64-linux-gnu:/opt/ros/humble/lib'), ('HOME', '/home/psd'), ('OLDPWD', '/'), ('ROS_PYTHON_VERSION', '3'), ('COLCON_PREFIX_PATH', '/psd_ws/install'), ('ROS_DISTRO', 'humble'), ('_', '/usr/bin/colcon'), ('ROS_VERSION', '2'), ('TERM', 'xterm'), ('ROS_LOCALHOST_ONLY', '0'), ('PATH', '/opt/ros/humble/bin:/usr/local/sbin:/usr/local/bin:/usr/sbin:/usr/bin:/sbin:/bin'), ('DISPLAY', ':0'), ('LANG', 'C.UTF-8'), ('AMENT_PREFIX_PATH', '/psd_ws/install/psd_vehicle_description:/psd_ws/install/psd_vehicle:/opt/ros/humble'), ('PWD', '/psd_ws/build/psd_vehicle_description'), ('LC_ALL', 'C.UTF-8'), ('PYTHONPATH', '/opt/ros/humble/lib/python3.10/site-packages:/opt/ros/humble/local/lib/python3.10/dist-packages'), ('COLCON', '1'), ('CMAKE_PREFIX_PATH', '/psd_ws/install/psd_vehicle_description:/psd_ws/install/psd_vehicle:/opt/ros/humble')]), 'shell': False}
[0.066611] (psd_vehicle_description) StdoutLine: {'line': b'-- Found ament_cmake: 1.3.8 (/opt/ros/humble/share/ament_cmake/cmake)\n'}
[0.072813] (psd_vehicle) CommandEnded: {'returncode': 0}
[0.083401] (psd_vehicle) JobProgress: {'identifier': 'psd_vehicle', 'progress': 'install'}
[0.088111] (psd_vehicle) Command: {'cmd': ['/usr/bin/cmake', '--install', '/psd_ws/build/psd_vehicle'], 'cwd': '/psd_ws/build/psd_vehicle', 'env': OrderedDict([('HOSTNAME', 'edo-ThinkPad-P1-Gen-5'), ('SHLVL', '1'), ('LD_LIBRARY_PATH', '/opt/ros/humble/opt/rviz_ogre_vendor/lib:/opt/ros/humble/lib/x86_64-linux-gnu:/opt/ros/humble/lib'), ('HOME', '/home/psd'), ('OLDPWD', '/'), ('ROS_PYTHON_VERSION', '3'), ('COLCON_PREFIX_PATH', '/psd_ws/install'), ('ROS_DISTRO', 'humble'), ('_', '/usr/bin/colcon'), ('ROS_VERSION', '2'), ('TERM', 'xterm'), ('ROS_LOCALHOST_ONLY', '0'), ('PATH', '/opt/ros/humble/bin:/usr/local/sbin:/usr/local/bin:/usr/sbin:/usr/bin:/sbin:/bin'), ('DISPLAY', ':0'), ('LANG', 'C.UTF-8'), ('AMENT_PREFIX_PATH', '/psd_ws/install/psd_vehicle_description:/psd_ws/install/psd_vehicle:/opt/ros/humble'), ('PWD', '/psd_ws/build/psd_vehicle'), ('LC_ALL', 'C.UTF-8'), ('PYTHONPATH', '/opt/ros/humble/lib/python3.10/site-packages:/opt/ros/humble/local/lib/python3.10/dist-packages'), ('COLCON', '1'), ('CMAKE_PREFIX_PATH', '/psd_ws/install/psd_vehicle_description:/psd_ws/install/psd_vehicle:/opt/ros/humble')]), 'shell': False}
[0.092254] (psd_vehicle) StdoutLine: {'line': b'-- Install configuration: ""\n'}
[0.092397] (psd_vehicle) StdoutLine: {'line': b'-- Up-to-date: /psd_ws/install/psd_vehicle/share/psd_vehicle/config\n'}
[0.092550] (psd_vehicle) StdoutLine: {'line': b'-- Up-to-date: /psd_ws/install/psd_vehicle/share/psd_vehicle/config/empty.yaml\n'}
[0.092626] (psd_vehicle) StdoutLine: {'line': b'-- Up-to-date: /psd_ws/install/psd_vehicle/share/psd_vehicle/description\n'}
[0.092690] (psd_vehicle) StdoutLine: {'line': b'-- Up-to-date: /psd_ws/install/psd_vehicle/share/psd_vehicle/description/camera.xacro\n'}
[0.092749] (psd_vehicle) StdoutLine: {'line': b'-- Up-to-date: /psd_ws/install/psd_vehicle/share/psd_vehicle/description/robot_core.xacro\n'}
[0.092808] (psd_vehicle) StdoutLine: {'line': b'-- Up-to-date: /psd_ws/install/psd_vehicle/share/psd_vehicle/description/inertial_macros.xacro\n'}
[0.092866] (psd_vehicle) StdoutLine: {'line': b'-- Up-to-date: /psd_ws/install/psd_vehicle/share/psd_vehicle/description/gazebo_control.xacro\n'}
[0.092923] (psd_vehicle) StdoutLine: {'line': b'-- Up-to-date: /psd_ws/install/psd_vehicle/share/psd_vehicle/description/robot.urdf.xacro\n'}
[0.092980] (psd_vehicle) StdoutLine: {'line': b'-- Up-to-date: /psd_ws/install/psd_vehicle/share/psd_vehicle/description/depth_camera.xacro\n'}
[0.093069] (psd_vehicle) StdoutLine: {'line': b'-- Up-to-date: /psd_ws/install/psd_vehicle/share/psd_vehicle/description/lidar.xacro\n'}
[0.093128] (psd_vehicle) StdoutLine: {'line': b'-- Up-to-date: /psd_ws/install/psd_vehicle/share/psd_vehicle/description/ackermann.urdf.xacro\n'}
[0.093223] (psd_vehicle) StdoutLine: {'line': b'-- Up-to-date: /psd_ws/install/psd_vehicle/share/psd_vehicle/description/ros2_control.xacro\n'}
[0.093285] (psd_vehicle) StdoutLine: {'line': b'-- Up-to-date: /psd_ws/install/psd_vehicle/share/psd_vehicle/launch\n'}
[0.093344] (psd_vehicle) StdoutLine: {'line': b'-- Up-to-date: /psd_ws/install/psd_vehicle/share/psd_vehicle/launch/online_async_launch.py\n'}
[0.093418] (psd_vehicle) StdoutLine: {'line': b'-- Up-to-date: /psd_ws/install/psd_vehicle/share/psd_vehicle/launch/localization_launch.py\n'}
[0.093533] (psd_vehicle) StdoutLine: {'line': b'-- Up-to-date: /psd_ws/install/psd_vehicle/share/psd_vehicle/launch/rsp.launch.py\n'}
[0.093593] (psd_vehicle) StdoutLine: {'line': b'-- Up-to-date: /psd_ws/install/psd_vehicle/share/psd_vehicle/launch/joystick.launch.py\n'}
[0.093651] (psd_vehicle) StdoutLine: {'line': b'-- Up-to-date: /psd_ws/install/psd_vehicle/share/psd_vehicle/launch/launch_robot.launch.py\n'}
[0.093861] (psd_vehicle) StdoutLine: {'line': b'-- Up-to-date: /psd_ws/install/psd_vehicle/share/psd_vehicle/launch/rplidar.launch.py\n'}
[0.094014] (psd_vehicle) StdoutLine: {'line': b'-- Up-to-date: /psd_ws/install/psd_vehicle/share/psd_vehicle/launch/navigation_launch.py\n'}
[0.094193] (psd_vehicle) StdoutLine: {'line': b'-- Up-to-date: /psd_ws/install/psd_vehicle/share/psd_vehicle/launch/camera.launch.py\n'}
[0.094285] (psd_vehicle) StdoutLine: {'line': b'-- Up-to-date: /psd_ws/install/psd_vehicle/share/psd_vehicle/launch/launch_sim.launch.py\n'}
[0.094315] (psd_vehicle) StdoutLine: {'line': b'-- Up-to-date: /psd_ws/install/psd_vehicle/share/psd_vehicle/worlds\n'}
[0.094345] (psd_vehicle) StdoutLine: {'line': b'-- Up-to-date: /psd_ws/install/psd_vehicle/share/psd_vehicle/worlds/track.world\n'}
[0.094372] (psd_vehicle) StdoutLine: {'line': b'-- Up-to-date: /psd_ws/install/psd_vehicle/share/psd_vehicle/worlds/empty.world\n'}
[0.094401] (psd_vehicle) StdoutLine: {'line': b'-- Up-to-date: /psd_ws/install/psd_vehicle/share/psd_vehicle/worlds/obstacles.world\n'}
[0.094452] (psd_vehicle) StdoutLine: {'line': b'-- Up-to-date: /psd_ws/install/psd_vehicle/share/ament_index/resource_index/package_run_dependencies/psd_vehicle\n'}
[0.094481] (psd_vehicle) StdoutLine: {'line': b'-- Up-to-date: /psd_ws/install/psd_vehicle/share/ament_index/resource_index/parent_prefix_path/psd_vehicle\n'}
[0.094510] (psd_vehicle) StdoutLine: {'line': b'-- Up-to-date: /psd_ws/install/psd_vehicle/share/psd_vehicle/environment/ament_prefix_path.sh\n'}
[0.094540] (psd_vehicle) StdoutLine: {'line': b'-- Up-to-date: /psd_ws/install/psd_vehicle/share/psd_vehicle/environment/ament_prefix_path.dsv\n'}
[0.094569] (psd_vehicle) StdoutLine: {'line': b'-- Up-to-date: /psd_ws/install/psd_vehicle/share/psd_vehicle/environment/path.sh\n'}
[0.094729] (psd_vehicle) StdoutLine: {'line': b'-- Up-to-date: /psd_ws/install/psd_vehicle/share/psd_vehicle/environment/path.dsv\n'}
[0.094759] (psd_vehicle) StdoutLine: {'line': b'-- Up-to-date: /psd_ws/install/psd_vehicle/share/psd_vehicle/local_setup.bash\n'}
[0.094787] (psd_vehicle) StdoutLine: {'line': b'-- Up-to-date: /psd_ws/install/psd_vehicle/share/psd_vehicle/local_setup.sh\n'}
[0.094815] (psd_vehicle) StdoutLine: {'line': b'-- Up-to-date: /psd_ws/install/psd_vehicle/share/psd_vehicle/local_setup.zsh\n'}
[0.094842] (psd_vehicle) StdoutLine: {'line': b'-- Up-to-date: /psd_ws/install/psd_vehicle/share/psd_vehicle/local_setup.dsv\n'}
[0.094868] (psd_vehicle) StdoutLine: {'line': b'-- Up-to-date: /psd_ws/install/psd_vehicle/share/psd_vehicle/package.dsv\n'}
[0.094895] (psd_vehicle) StdoutLine: {'line': b'-- Up-to-date: /psd_ws/install/psd_vehicle/share/ament_index/resource_index/packages/psd_vehicle\n'}
[0.094988] (psd_vehicle) StdoutLine: {'line': b'-- Up-to-date: /psd_ws/install/psd_vehicle/share/psd_vehicle/cmake/psd_vehicleConfig.cmake\n'}
[0.095020] (psd_vehicle) StdoutLine: {'line': b'-- Up-to-date: /psd_ws/install/psd_vehicle/share/psd_vehicle/cmake/psd_vehicleConfig-version.cmake\n'}
[0.095048] (psd_vehicle) StdoutLine: {'line': b'-- Up-to-date: /psd_ws/install/psd_vehicle/share/psd_vehicle/package.xml\n'}
[0.095076] (psd_vehicle) CommandEnded: {'returncode': 0}
[0.099755] (-) TimerEvent: {}
[0.140912] (psd_vehicle_description) StdoutLine: {'line': b'-- Found ament_lint_auto: 0.12.10 (/opt/ros/humble/share/ament_lint_auto/cmake)\n'}
[0.153990] (psd_vehicle) JobEnded: {'identifier': 'psd_vehicle', 'rc': 0}
[0.181363] (psd_vehicle_description) StdoutLine: {'line': b"-- Added test 'flake8' to check Python code syntax and style conventions\n"}
[0.181605] (psd_vehicle_description) StdoutLine: {'line': b"-- Added test 'lint_cmake' to check CMake code style\n"}
[0.181778] (psd_vehicle_description) StdoutLine: {'line': b"-- Added test 'pep257' to check Python code against some of the docstring style conventions in PEP 257\n"}
[0.182732] (psd_vehicle_description) StdoutLine: {'line': b"-- Added test 'xmllint' to check XML markup files\n"}
[0.183069] (psd_vehicle_description) StdoutLine: {'line': b'-- Configuring done\n'}
[0.184661] (psd_vehicle_description) StdoutLine: {'line': b'-- Generating done\n'}
[0.184989] (psd_vehicle_description) StdoutLine: {'line': b'-- Build files have been written to: /psd_ws/build/psd_vehicle_description\n'}
[0.196795] (psd_vehicle_description) CommandEnded: {'returncode': 0}
[0.199853] (-) TimerEvent: {}
[0.208576] (psd_vehicle_description) JobProgress: {'identifier': 'psd_vehicle_description', 'progress': 'install'}
[0.208716] (psd_vehicle_description) Command: {'cmd': ['/usr/bin/cmake', '--install', '/psd_ws/build/psd_vehicle_description'], 'cwd': '/psd_ws/build/psd_vehicle_description', 'env': OrderedDict([('HOSTNAME', 'edo-ThinkPad-P1-Gen-5'), ('SHLVL', '1'), ('LD_LIBRARY_PATH', '/opt/ros/humble/opt/rviz_ogre_vendor/lib:/opt/ros/humble/lib/x86_64-linux-gnu:/opt/ros/humble/lib'), ('HOME', '/home/psd'), ('OLDPWD', '/'), ('ROS_PYTHON_VERSION', '3'), ('COLCON_PREFIX_PATH', '/psd_ws/install'), ('ROS_DISTRO', 'humble'), ('_', '/usr/bin/colcon'), ('ROS_VERSION', '2'), ('TERM', 'xterm'), ('ROS_LOCALHOST_ONLY', '0'), ('PATH', '/opt/ros/humble/bin:/usr/local/sbin:/usr/local/bin:/usr/sbin:/usr/bin:/sbin:/bin'), ('DISPLAY', ':0'), ('LANG', 'C.UTF-8'), ('AMENT_PREFIX_PATH', '/psd_ws/install/psd_vehicle_description:/psd_ws/install/psd_vehicle:/opt/ros/humble'), ('PWD', '/psd_ws/build/psd_vehicle_description'), ('LC_ALL', 'C.UTF-8'), ('PYTHONPATH', '/opt/ros/humble/lib/python3.10/site-packages:/opt/ros/humble/local/lib/python3.10/dist-packages'), ('COLCON', '1'), ('CMAKE_PREFIX_PATH', '/psd_ws/install/psd_vehicle_description:/psd_ws/install/psd_vehicle:/opt/ros/humble')]), 'shell': False}
[0.212321] (psd_vehicle_description) StdoutLine: {'line': b'-- Install configuration: ""\n'}
[0.212429] (psd_vehicle_description) StdoutLine: {'line': b'-- Up-to-date: /psd_ws/install/psd_vehicle_description/share/psd_vehicle_description/src\n'}
[0.212514] (psd_vehicle_description) StdoutLine: {'line': b'-- Up-to-date: /psd_ws/install/psd_vehicle_description/share/psd_vehicle_description/src/description\n'}
[0.212577] (psd_vehicle_description) StdoutLine: {'line': b'-- Installing: /psd_ws/install/psd_vehicle_description/share/psd_vehicle_description/src/description/psd_vehicle.trans\n'}
[0.212673] (psd_vehicle_description) StdoutLine: {'line': b'-- Up-to-date: /psd_ws/install/psd_vehicle_description/share/psd_vehicle_description/src/description/meshes\n'}
[0.212735] (psd_vehicle_description) StdoutLine: {'line': b'-- Up-to-date: /psd_ws/install/psd_vehicle_description/share/psd_vehicle_description/src/description/meshes/link_RR_1.stl\n'}
[0.212868] (psd_vehicle_description) StdoutLine: {'line': b'-- Up-to-date: /psd_ws/install/psd_vehicle_description/share/psd_vehicle_description/src/description/meshes/link_FR_1.stl\n'}
[0.212948] (psd_vehicle_description) StdoutLine: {'line': b'-- Up-to-date: /psd_ws/install/psd_vehicle_description/share/psd_vehicle_description/src/description/meshes/tyre_RL_1.stl\n'}
[0.213022] (psd_vehicle_description) StdoutLine: {'line': b'-- Up-to-date: /psd_ws/install/psd_vehicle_description/share/psd_vehicle_description/src/description/meshes/perno_FR_1.stl\n'}
[0.213106] (psd_vehicle_description) StdoutLine: {'line': b'-- Up-to-date: /psd_ws/install/psd_vehicle_description/share/psd_vehicle_description/src/description/meshes/tyre_RR_1.stl\n'}
[0.213198] (psd_vehicle_description) StdoutLine: {'line': b'-- Up-to-date: /psd_ws/install/psd_vehicle_description/share/psd_vehicle_description/src/description/meshes/link_RL_1.stl\n'}
[0.213286] (psd_vehicle_description) StdoutLine: {'line': b'-- Up-to-date: /psd_ws/install/psd_vehicle_description/share/psd_vehicle_description/src/description/meshes/base_link.stl\n'}
[0.213367] (psd_vehicle_description) StdoutLine: {'line': b'-- Up-to-date: /psd_ws/install/psd_vehicle_description/share/psd_vehicle_description/src/description/meshes/link_FL_1.stl\n'}
[0.213443] (psd_vehicle_description) StdoutLine: {'line': b'-- Up-to-date: /psd_ws/install/psd_vehicle_description/share/psd_vehicle_description/src/description/meshes/tyre_FR_1.stl\n'}
[0.213503] (psd_vehicle_description) StdoutLine: {'line': b'-- Up-to-date: /psd_ws/install/psd_vehicle_description/share/psd_vehicle_description/src/description/meshes/tyre_FL_1.stl\n'}
[0.213561] (psd_vehicle_description) StdoutLine: {'line': b'-- Up-to-date: /psd_ws/install/psd_vehicle_description/share/psd_vehicle_description/src/description/meshes/perno_FL_1.stl\n'}
[0.213619] (psd_vehicle_description) StdoutLine: {'line': b'-- Up-to-date: /psd_ws/install/psd_vehicle_description/share/psd_vehicle_description/src/description/materials.xacro\n'}
[0.213676] (psd_vehicle_description) StdoutLine: {'line': b'-- Installing: /psd_ws/install/psd_vehicle_description/share/psd_vehicle_description/src/description/psd_vehicle.xacro\n'}
[0.213733] (psd_vehicle_description) StdoutLine: {'line': b'-- Up-to-date: /psd_ws/install/psd_vehicle_description/share/psd_vehicle_description/src/description/psd_vehicle.gazebo\n'}
[0.213790] (psd_vehicle_description) StdoutLine: {'line': b'-- Up-to-date: /psd_ws/install/psd_vehicle_description/share/psd_vehicle_description/launch\n'}
[0.213856] (psd_vehicle_description) StdoutLine: {'line': b'-- Up-to-date: /psd_ws/install/psd_vehicle_description/share/psd_vehicle_description/launch/rsp.launch.py\n'}
[0.213913] (psd_vehicle_description) StdoutLine: {'line': b'-- Up-to-date: /psd_ws/install/psd_vehicle_description/share/psd_vehicle_description/launch/gazebo.launch.py\n'}
[0.213971] (psd_vehicle_description) StdoutLine: {'line': b'-- Installing: /psd_ws/install/psd_vehicle_description/share/psd_vehicle_description/launch/display.launch.py\n'}
[0.214144] (psd_vehicle_description) StdoutLine: {'line': b'-- Up-to-date: /psd_ws/install/psd_vehicle_description/share/psd_vehicle_description/rviz\n'}
[0.214300] (psd_vehicle_description) StdoutLine: {'line': b'-- Up-to-date: /psd_ws/install/psd_vehicle_description/share/psd_vehicle_description/rviz/urdf.rviz\n'}
[0.214799] (psd_vehicle_description) StdoutLine: {'line': b'-- Up-to-date: /psd_ws/install/psd_vehicle_description/share/psd_vehicle_description/rviz/urdf_config.rviz\n'}
[0.214844] (psd_vehicle_description) StdoutLine: {'line': b'-- Up-to-date: /psd_ws/install/psd_vehicle_description/share/psd_vehicle_description/config\n'}
[0.214876] (psd_vehicle_description) StdoutLine: {'line': b'-- Up-to-date: /psd_ws/install/psd_vehicle_description/share/psd_vehicle_description/config/empty.yaml\n'}
[0.214907] (psd_vehicle_description) StdoutLine: {'line': b'-- Up-to-date: /psd_ws/install/psd_vehicle_description/share/ament_index/resource_index/package_run_dependencies/psd_vehicle_description\n'}
[0.214937] (psd_vehicle_description) StdoutLine: {'line': b'-- Installing: /psd_ws/install/psd_vehicle_description/share/ament_index/resource_index/parent_prefix_path/psd_vehicle_description\n'}
[0.214966] (psd_vehicle_description) StdoutLine: {'line': b'-- Up-to-date: /psd_ws/install/psd_vehicle_description/share/psd_vehicle_description/environment/ament_prefix_path.sh\n'}
[0.214996] (psd_vehicle_description) StdoutLine: {'line': b'-- Installing: /psd_ws/install/psd_vehicle_description/share/psd_vehicle_description/environment/ament_prefix_path.dsv\n'}
[0.215040] (psd_vehicle_description) StdoutLine: {'line': b'-- Up-to-date: /psd_ws/install/psd_vehicle_description/share/psd_vehicle_description/environment/path.sh\n'}
[0.215068] (psd_vehicle_description) StdoutLine: {'line': b'-- Installing: /psd_ws/install/psd_vehicle_description/share/psd_vehicle_description/environment/path.dsv\n'}
[0.215097] (psd_vehicle_description) StdoutLine: {'line': b'-- Up-to-date: /psd_ws/install/psd_vehicle_description/share/psd_vehicle_description/local_setup.bash\n'}
[0.215125] (psd_vehicle_description) StdoutLine: {'line': b'-- Up-to-date: /psd_ws/install/psd_vehicle_description/share/psd_vehicle_description/local_setup.sh\n'}
[0.215154] (psd_vehicle_description) StdoutLine: {'line': b'-- Up-to-date: /psd_ws/install/psd_vehicle_description/share/psd_vehicle_description/local_setup.zsh\n'}
[0.215182] (psd_vehicle_description) StdoutLine: {'line': b'-- Installing: /psd_ws/install/psd_vehicle_description/share/psd_vehicle_description/local_setup.dsv\n'}
[0.215210] (psd_vehicle_description) StdoutLine: {'line': b'-- Installing: /psd_ws/install/psd_vehicle_description/share/psd_vehicle_description/package.dsv\n'}
[0.215238] (psd_vehicle_description) StdoutLine: {'line': b'-- Up-to-date: /psd_ws/install/psd_vehicle_description/share/ament_index/resource_index/packages/psd_vehicle_description\n'}
[0.215332] (psd_vehicle_description) StdoutLine: {'line': b'-- Up-to-date: /psd_ws/install/psd_vehicle_description/share/psd_vehicle_description/cmake/psd_vehicle_descriptionConfig.cmake\n'}
[0.215365] (psd_vehicle_description) StdoutLine: {'line': b'-- Up-to-date: /psd_ws/install/psd_vehicle_description/share/psd_vehicle_description/cmake/psd_vehicle_descriptionConfig-version.cmake\n'}
[0.215394] (psd_vehicle_description) StdoutLine: {'line': b'-- Installing: /psd_ws/install/psd_vehicle_description/share/psd_vehicle_description/package.xml\n'}
[0.215424] (psd_vehicle_description) CommandEnded: {'returncode': 0}
[0.271119] (psd_vehicle_description) JobEnded: {'identifier': 'psd_vehicle_description', 'rc': 0}
[0.271574] (-) EventReactorShutdown: {}
