[0.169s] Invoking command in '/home/psd/psd_ws/build/gazebo_ros2_control': AMENT_PREFIX_PATH=/home/psd/psd_ws/install/controller_manager:/home/psd/psd_ws/install/controller_interface:/home/psd/psd_ws/install/hardware_interface:/home/psd/psd_ws/install/ros2_control_test_assets:/home/psd/psd_ws/install/realtime_tools:/home/psd/psd_ws/install/controller_manager_msgs:/home/psd/psd_ws/install/control_msgs:${AMENT_PREFIX_PATH} CMAKE_PREFIX_PATH=/home/psd/psd_ws/install/controller_manager:/home/psd/psd_ws/install/controller_interface:/home/psd/psd_ws/install/hardware_interface:/home/psd/psd_ws/install/ros2_control_test_assets:/home/psd/psd_ws/install/realtime_tools:/home/psd/psd_ws/install/controller_manager_msgs:/home/psd/psd_ws/install/control_msgs:/opt/ros/humble LD_LIBRARY_PATH=/home/psd/psd_ws/install/controller_manager/lib:/home/psd/psd_ws/install/controller_interface/lib:/home/psd/psd_ws/install/hardware_interface/lib:/home/psd/psd_ws/install/realtime_tools/lib:/home/psd/psd_ws/install/controller_manager_msgs/lib:/home/psd/psd_ws/install/control_msgs/lib:${LD_LIBRARY_PATH} PYTHONPATH=/home/psd/psd_ws/install/controller_manager/local/lib/python3.10/dist-packages:/home/psd/psd_ws/install/controller_manager_msgs/local/lib/python3.10/dist-packages:/home/psd/psd_ws/install/control_msgs/local/lib/python3.10/dist-packages:${PYTHONPATH} /usr/bin/cmake /home/psd/psd_ws/src/ros-controls/gazebo_ros2_control/gazebo_ros2_control -DAMENT_CMAKE_SYMLINK_INSTALL=1 -DCMAKE_INSTALL_PREFIX=/home/psd/psd_ws/install/gazebo_ros2_control
[0.216s] -- The C compiler identification is GNU 11.4.0
[0.273s] -- The CXX compiler identification is GNU 11.4.0
[0.281s] -- Detecting C compiler ABI info
[0.339s] -- Detecting C compiler ABI info - done
[0.344s] -- Check for working C compiler: /usr/bin/cc - skipped
[0.344s] -- Detecting C compile features
[0.345s] -- Detecting C compile features - done
[0.347s] -- Detecting CXX compiler ABI info
[0.411s] -- Detecting CXX compiler ABI info - done
[0.420s] -- Check for working CXX compiler: /usr/bin/c++ - skipped
[0.420s] -- Detecting CXX compile features
[0.420s] -- Detecting CXX compile features - done
[0.425s] -- Found ament_cmake: 1.3.8 (/opt/ros/humble/share/ament_cmake/cmake)
[0.568s] -- Found Python3: /usr/bin/python3 (found version "3.10.12") found components: Interpreter 
[0.621s] -- Override CMake install command with custom implementation using symlinks instead of copying resources
[0.672s] -- Found angles: 1.15.0 (/opt/ros/humble/share/angles/cmake)
[0.673s] -- Found controller_manager: 2.40.0 (/home/psd/psd_ws/install/controller_manager/share/controller_manager/cmake)
[0.730s] -- Found rosidl_generator_c: 3.1.5 (/opt/ros/humble/share/rosidl_generator_c/cmake)
[0.738s] -- Found rosidl_adapter: 3.1.5 (/opt/ros/humble/share/rosidl_adapter/cmake)
[0.751s] -- Found rosidl_generator_cpp: 3.1.5 (/opt/ros/humble/share/rosidl_generator_cpp/cmake)
[0.768s] -- Using all available rosidl_typesupport_c: rosidl_typesupport_fastrtps_c;rosidl_typesupport_introspection_c
[0.794s] -- Using all available rosidl_typesupport_cpp: rosidl_typesupport_fastrtps_cpp;rosidl_typesupport_introspection_cpp
[1.537s] -- Found rmw_implementation_cmake: 6.1.1 (/opt/ros/humble/share/rmw_implementation_cmake/cmake)
[1.540s] -- Found rmw_fastrtps_cpp: 6.2.6 (/opt/ros/humble/share/rmw_fastrtps_cpp/cmake)
[1.580s] -- Found TinyXML2 via Config file: TinyXML2_DIR-NOTFOUND
[1.632s] -- Found OpenSSL: /usr/lib/x86_64-linux-gnu/libcrypto.so (found version "3.0.2")  
[1.635s] -- Found TinyXML2 via Config file: TinyXML2_DIR-NOTFOUND
[1.649s] -- Found FastRTPS: /opt/ros/humble/include  
[1.657s] -- Found TinyXML2 via Config file: TinyXML2_DIR-NOTFOUND
[1.664s] -- Found TinyXML2 via Config file: TinyXML2_DIR-NOTFOUND
[1.673s] -- Using RMW implementation 'rmw_fastrtps_cpp' as default
[1.688s] -- Looking for pthread.h
[1.747s] -- Looking for pthread.h - found
[1.747s] -- Performing Test CMAKE_HAVE_LIBC_PTHREAD
[1.810s] -- Performing Test CMAKE_HAVE_LIBC_PTHREAD - Success
[1.811s] -- Found Threads: TRUE  
[2.434s] -- Found gazebo_dev: 3.7.0 (/opt/ros/humble/share/gazebo_dev/cmake)
[2.442s] -- Found PkgConfig: /usr/bin/pkg-config (found version "0.29.2") 
[2.442s] -- Checking for module 'bullet>=2.82'
[2.452s] --   Found bullet, version 3.05
[2.546s] -- Found fcl: /usr/include (found suitable version "0.7.0", minimum required is "0.5.0") 
[2.599s] -- Found assimp: /usr/include (found version "5.2.0") 
[2.640s] -- Found DART: /usr/include (Required is at least version "6.6") found components: dart 
[2.689s] -- Found Boost: /usr/lib/x86_64-linux-gnu/cmake/Boost-1.74.0/BoostConfig.cmake (found suitable version "1.74.0", minimum required is "1.40.0") found components: thread system filesystem program_options regex iostreams date_time 
[2.704s] -- Found Protobuf: /usr/lib/x86_64-linux-gnu/libprotobuf.so (found version "3.12.4") 
[2.715s] -- Looking for ignition-math6 -- found version 6.15.1
[2.725s] -- Searching for dependencies of ignition-math6
[2.727s] -- Looking for OGRE...
[2.727s] -- OGRE_PREFIX_WATCH changed.
[2.733s] -- Checking for module 'OGRE'
[2.747s] --   Found OGRE, version 1.9.0
[2.782s] -- Found Ogre Ghadamon (1.9.0)
[2.790s] -- Found OGRE: optimized;/usr/lib/x86_64-linux-gnu/libOgreMain.so;debug;/usr/lib/x86_64-linux-gnu/libOgreMain.so
[2.802s] -- Looking for OGRE_Paging...
[2.807s] -- Found OGRE_Paging: optimized;/usr/lib/x86_64-linux-gnu/libOgrePaging.so;debug;/usr/lib/x86_64-linux-gnu/libOgrePaging.so
[2.807s] -- Looking for OGRE_Terrain...
[2.810s] -- Found OGRE_Terrain: optimized;/usr/lib/x86_64-linux-gnu/libOgreTerrain.so;debug;/usr/lib/x86_64-linux-gnu/libOgreTerrain.so
[2.811s] -- Looking for OGRE_Property...
[2.814s] -- Found OGRE_Property: optimized;/usr/lib/x86_64-linux-gnu/libOgreProperty.so;debug;/usr/lib/x86_64-linux-gnu/libOgreProperty.so
[2.814s] -- Looking for OGRE_RTShaderSystem...
[2.817s] -- Found OGRE_RTShaderSystem: optimized;/usr/lib/x86_64-linux-gnu/libOgreRTShaderSystem.so;debug;/usr/lib/x86_64-linux-gnu/libOgreRTShaderSystem.so
[2.817s] -- Looking for OGRE_Volume...
[2.821s] -- Found OGRE_Volume: optimized;/usr/lib/x86_64-linux-gnu/libOgreVolume.so;debug;/usr/lib/x86_64-linux-gnu/libOgreVolume.so
[2.821s] -- Looking for OGRE_Overlay...
[2.824s] -- Found OGRE_Overlay: optimized;/usr/lib/x86_64-linux-gnu/libOgreOverlay.so;debug;/usr/lib/x86_64-linux-gnu/libOgreOverlay.so
[2.943s] -- Looking for ignition-math6 -- found version 6.15.1
[2.949s] -- Looking for ignition-transport8 -- found version 8.2.1
[2.949s] -- Searching for dependencies of ignition-transport8
[2.975s] -- Found Protobuf: /usr/lib/x86_64-linux-gnu/libprotobuf.so (found suitable version "3.12.4", minimum required is "3") 
[2.996s] -- Config-file not installed for ZeroMQ -- checking for pkg-config
[3.001s] -- Checking for module 'libzmq >= 4'
[3.016s] --   Found libzmq , version 4.3.4
[3.058s] -- Found ZeroMQ: TRUE (Required is at least version "4") 
[3.065s] -- Checking for module 'uuid'
[3.080s] --   Found uuid, version 2.37.2
[3.119s] -- Found UUID: TRUE  
[3.124s] -- Looking for ignition-msgs5 -- found version 5.8.1
[3.125s] -- Searching for dependencies of ignition-msgs5
[3.156s] -- Looking for ignition-math6 -- found version 6.15.1
[3.163s] -- Checking for module 'tinyxml2'
[3.176s] --   Found tinyxml2, version 9.0.0
[3.219s] -- Looking for ignition-msgs5 -- found version 5.8.1
[3.224s] -- Looking for ignition-common3 -- found version 3.14.0
[3.224s] -- Searching for dependencies of ignition-common3
[3.225s] -- Looking for dlfcn.h - found
[3.225s] -- Looking for libdl - found
[3.227s] -- Found DL: TRUE  
[3.245s] -- Found tinyobjloader: /usr/lib/x86_64-linux-gnu/cmake/tinyobjloader/tinyobjloader-config.cmake (found version "2.0.0") 
[3.246s] -- Searching for <ignition-common3> component [graphics]
[3.251s] -- Looking for ignition-common3-graphics -- found version 3.14.0
[3.252s] -- Searching for dependencies of ignition-common3-graphics
[3.253s] -- Looking for ignition-math6 -- found version 6.15.1
[3.259s] -- Looking for ignition-fuel_tools4 -- found version 4.4.0
[3.260s] -- Searching for dependencies of ignition-fuel_tools4
[3.357s] -- Found CURL: /usr/lib/x86_64-linux-gnu/libcurl.so (found version "7.81.0")  
[3.367s] -- Checking for module 'jsoncpp'
[3.380s] --   Found jsoncpp, version 1.9.5
[3.414s] -- Found JSONCPP: TRUE  
[3.419s] -- Checking for module 'libzip'
[3.434s] --   Found libzip, version 1.7.3
[3.479s] -- Found ZIP: TRUE  
[3.480s] -- Looking for ignition-common3 -- found version 3.14.0
[3.480s] -- Looking for ignition-math6 -- found version 6.15.1
[3.481s] -- Looking for ignition-msgs5 -- found version 5.8.1
[3.489s] -- Gazebo version: 11.10
[3.489s] -- Checking for module 'tbb'
[3.508s] --   Found tbb, version 2021.5.0
[3.620s] -- Found gazebo_ros: 3.7.0 (/opt/ros/humble/share/gazebo_ros/cmake)
[3.636s] -- Found yaml_cpp_vendor: 8.0.2 (/opt/ros/humble/share/yaml_cpp_vendor/cmake)
[4.778s] -- Found ament_cmake_gtest: 1.3.8 (/opt/ros/humble/share/ament_cmake_gtest/cmake)
[4.784s] -- Found ament_lint_auto: 0.12.10 (/opt/ros/humble/share/ament_lint_auto/cmake)
[5.152s] -- Added test 'copyright' to check source files copyright and LICENSE
[5.155s] -- Added test 'cppcheck' to perform static code analysis on C / C++ code
[5.156s] -- Configured cppcheck include dirs: /home/psd/psd_ws/src/ros-controls/gazebo_ros2_control/gazebo_ros2_control/include
[5.156s] -- Configured cppcheck exclude dirs and/or files: 
[5.158s] -- Added test 'cpplint' to check C / C++ code against the Google style
[5.158s] -- Configured cpplint exclude dirs and/or files: 
[5.159s] -- Added test 'lint_cmake' to check CMake code style
[5.162s] -- Added test 'uncrustify' to check C / C++ code style
[5.162s] -- Configured uncrustify additional arguments: 
[5.163s] -- Added test 'xmllint' to check XML markup files
[5.183s] -- Configuring done
[5.385s] -- Generating done
[5.413s] -- Build files have been written to: /home/psd/psd_ws/build/gazebo_ros2_control
[5.430s] Invoked command in '/home/psd/psd_ws/build/gazebo_ros2_control' returned '0': AMENT_PREFIX_PATH=/home/psd/psd_ws/install/controller_manager:/home/psd/psd_ws/install/controller_interface:/home/psd/psd_ws/install/hardware_interface:/home/psd/psd_ws/install/ros2_control_test_assets:/home/psd/psd_ws/install/realtime_tools:/home/psd/psd_ws/install/controller_manager_msgs:/home/psd/psd_ws/install/control_msgs:${AMENT_PREFIX_PATH} CMAKE_PREFIX_PATH=/home/psd/psd_ws/install/controller_manager:/home/psd/psd_ws/install/controller_interface:/home/psd/psd_ws/install/hardware_interface:/home/psd/psd_ws/install/ros2_control_test_assets:/home/psd/psd_ws/install/realtime_tools:/home/psd/psd_ws/install/controller_manager_msgs:/home/psd/psd_ws/install/control_msgs:/opt/ros/humble LD_LIBRARY_PATH=/home/psd/psd_ws/install/controller_manager/lib:/home/psd/psd_ws/install/controller_interface/lib:/home/psd/psd_ws/install/hardware_interface/lib:/home/psd/psd_ws/install/realtime_tools/lib:/home/psd/psd_ws/install/controller_manager_msgs/lib:/home/psd/psd_ws/install/control_msgs/lib:${LD_LIBRARY_PATH} PYTHONPATH=/home/psd/psd_ws/install/controller_manager/local/lib/python3.10/dist-packages:/home/psd/psd_ws/install/controller_manager_msgs/local/lib/python3.10/dist-packages:/home/psd/psd_ws/install/control_msgs/local/lib/python3.10/dist-packages:${PYTHONPATH} /usr/bin/cmake /home/psd/psd_ws/src/ros-controls/gazebo_ros2_control/gazebo_ros2_control -DAMENT_CMAKE_SYMLINK_INSTALL=1 -DCMAKE_INSTALL_PREFIX=/home/psd/psd_ws/install/gazebo_ros2_control
[5.449s] Invoking command in '/home/psd/psd_ws/build/gazebo_ros2_control': AMENT_PREFIX_PATH=/home/psd/psd_ws/install/controller_manager:/home/psd/psd_ws/install/controller_interface:/home/psd/psd_ws/install/hardware_interface:/home/psd/psd_ws/install/ros2_control_test_assets:/home/psd/psd_ws/install/realtime_tools:/home/psd/psd_ws/install/controller_manager_msgs:/home/psd/psd_ws/install/control_msgs:${AMENT_PREFIX_PATH} CMAKE_PREFIX_PATH=/home/psd/psd_ws/install/controller_manager:/home/psd/psd_ws/install/controller_interface:/home/psd/psd_ws/install/hardware_interface:/home/psd/psd_ws/install/ros2_control_test_assets:/home/psd/psd_ws/install/realtime_tools:/home/psd/psd_ws/install/controller_manager_msgs:/home/psd/psd_ws/install/control_msgs:/opt/ros/humble LD_LIBRARY_PATH=/home/psd/psd_ws/install/controller_manager/lib:/home/psd/psd_ws/install/controller_interface/lib:/home/psd/psd_ws/install/hardware_interface/lib:/home/psd/psd_ws/install/realtime_tools/lib:/home/psd/psd_ws/install/controller_manager_msgs/lib:/home/psd/psd_ws/install/control_msgs/lib:${LD_LIBRARY_PATH} PYTHONPATH=/home/psd/psd_ws/install/controller_manager/local/lib/python3.10/dist-packages:/home/psd/psd_ws/install/controller_manager_msgs/local/lib/python3.10/dist-packages:/home/psd/psd_ws/install/control_msgs/local/lib/python3.10/dist-packages:${PYTHONPATH} /usr/bin/cmake --build /home/psd/psd_ws/build/gazebo_ros2_control -- -j20 -l20
[5.690s] [ 25%] [32mBuilding CXX object CMakeFiles/gazebo_ros2_control.dir/src/gazebo_ros2_control_plugin.cpp.o[0m
[5.787s] [ 50%] [32mBuilding CXX object CMakeFiles/gazebo_hardware_plugins.dir/src/gazebo_system.cpp.o[0m
[27.626s] [ 75%] [32m[1mLinking CXX shared library libgazebo_hardware_plugins.so[0m
[28.366s] [100%] [32m[1mLinking CXX shared library libgazebo_ros2_control.so[0m
[28.468s] [100%] Built target gazebo_hardware_plugins
[29.868s] [100%] Built target gazebo_ros2_control
[29.879s] Invoked command in '/home/psd/psd_ws/build/gazebo_ros2_control' returned '0': AMENT_PREFIX_PATH=/home/psd/psd_ws/install/controller_manager:/home/psd/psd_ws/install/controller_interface:/home/psd/psd_ws/install/hardware_interface:/home/psd/psd_ws/install/ros2_control_test_assets:/home/psd/psd_ws/install/realtime_tools:/home/psd/psd_ws/install/controller_manager_msgs:/home/psd/psd_ws/install/control_msgs:${AMENT_PREFIX_PATH} CMAKE_PREFIX_PATH=/home/psd/psd_ws/install/controller_manager:/home/psd/psd_ws/install/controller_interface:/home/psd/psd_ws/install/hardware_interface:/home/psd/psd_ws/install/ros2_control_test_assets:/home/psd/psd_ws/install/realtime_tools:/home/psd/psd_ws/install/controller_manager_msgs:/home/psd/psd_ws/install/control_msgs:/opt/ros/humble LD_LIBRARY_PATH=/home/psd/psd_ws/install/controller_manager/lib:/home/psd/psd_ws/install/controller_interface/lib:/home/psd/psd_ws/install/hardware_interface/lib:/home/psd/psd_ws/install/realtime_tools/lib:/home/psd/psd_ws/install/controller_manager_msgs/lib:/home/psd/psd_ws/install/control_msgs/lib:${LD_LIBRARY_PATH} PYTHONPATH=/home/psd/psd_ws/install/controller_manager/local/lib/python3.10/dist-packages:/home/psd/psd_ws/install/controller_manager_msgs/local/lib/python3.10/dist-packages:/home/psd/psd_ws/install/control_msgs/local/lib/python3.10/dist-packages:${PYTHONPATH} /usr/bin/cmake --build /home/psd/psd_ws/build/gazebo_ros2_control -- -j20 -l20
[29.913s] Invoking command in '/home/psd/psd_ws/build/gazebo_ros2_control': AMENT_PREFIX_PATH=/home/psd/psd_ws/install/controller_manager:/home/psd/psd_ws/install/controller_interface:/home/psd/psd_ws/install/hardware_interface:/home/psd/psd_ws/install/ros2_control_test_assets:/home/psd/psd_ws/install/realtime_tools:/home/psd/psd_ws/install/controller_manager_msgs:/home/psd/psd_ws/install/control_msgs:${AMENT_PREFIX_PATH} CMAKE_PREFIX_PATH=/home/psd/psd_ws/install/controller_manager:/home/psd/psd_ws/install/controller_interface:/home/psd/psd_ws/install/hardware_interface:/home/psd/psd_ws/install/ros2_control_test_assets:/home/psd/psd_ws/install/realtime_tools:/home/psd/psd_ws/install/controller_manager_msgs:/home/psd/psd_ws/install/control_msgs:/opt/ros/humble LD_LIBRARY_PATH=/home/psd/psd_ws/install/controller_manager/lib:/home/psd/psd_ws/install/controller_interface/lib:/home/psd/psd_ws/install/hardware_interface/lib:/home/psd/psd_ws/install/realtime_tools/lib:/home/psd/psd_ws/install/controller_manager_msgs/lib:/home/psd/psd_ws/install/control_msgs/lib:${LD_LIBRARY_PATH} PYTHONPATH=/home/psd/psd_ws/install/controller_manager/local/lib/python3.10/dist-packages:/home/psd/psd_ws/install/controller_manager_msgs/local/lib/python3.10/dist-packages:/home/psd/psd_ws/install/control_msgs/local/lib/python3.10/dist-packages:${PYTHONPATH} /usr/bin/cmake --install /home/psd/psd_ws/build/gazebo_ros2_control
[29.923s] -- Install configuration: ""
[29.923s] -- Execute custom install script
[29.924s] -- Symlinking: /home/psd/psd_ws/install/gazebo_ros2_control/lib/libgazebo_ros2_control.so
[29.932s] -- Symlinking: /home/psd/psd_ws/install/gazebo_ros2_control/lib/libgazebo_hardware_plugins.so
[29.944s] -- Symlinking: /home/psd/psd_ws/install/gazebo_ros2_control/share/gazebo_ros2_control/environment/library_path.sh
[29.956s] -- Symlinking: /home/psd/psd_ws/install/gazebo_ros2_control/share/gazebo_ros2_control/environment/library_path.dsv
[29.967s] -- Symlinking: /home/psd/psd_ws/install/gazebo_ros2_control/include/gazebo_ros2_control/gazebo_ros2_control_plugin.hpp
[29.979s] -- Symlinking: /home/psd/psd_ws/install/gazebo_ros2_control/include/gazebo_ros2_control/gazebo_system.hpp
[29.990s] -- Symlinking: /home/psd/psd_ws/install/gazebo_ros2_control/include/gazebo_ros2_control/gazebo_system_interface.hpp
[30.000s] -- Symlinking: /home/psd/psd_ws/install/gazebo_ros2_control/share/gazebo_ros2_control//gazebo_hardware_plugins.xml
[30.012s] -- Symlinking: /home/psd/psd_ws/install/gazebo_ros2_control/share/ament_index/resource_index/package_run_dependencies/gazebo_ros2_control
[30.025s] -- Symlinking: /home/psd/psd_ws/install/gazebo_ros2_control/share/ament_index/resource_index/parent_prefix_path/gazebo_ros2_control
[30.039s] -- Symlinking: /home/psd/psd_ws/install/gazebo_ros2_control/share/gazebo_ros2_control/environment/ament_prefix_path.sh
[30.052s] -- Symlinking: /home/psd/psd_ws/install/gazebo_ros2_control/share/gazebo_ros2_control/environment/ament_prefix_path.dsv
[30.065s] -- Symlinking: /home/psd/psd_ws/install/gazebo_ros2_control/share/gazebo_ros2_control/environment/path.sh
[30.078s] -- Symlinking: /home/psd/psd_ws/install/gazebo_ros2_control/share/gazebo_ros2_control/environment/path.dsv
[30.090s] -- Symlinking: /home/psd/psd_ws/install/gazebo_ros2_control/share/gazebo_ros2_control/local_setup.bash
[30.102s] -- Symlinking: /home/psd/psd_ws/install/gazebo_ros2_control/share/gazebo_ros2_control/local_setup.sh
[30.115s] -- Symlinking: /home/psd/psd_ws/install/gazebo_ros2_control/share/gazebo_ros2_control/local_setup.zsh
[30.127s] -- Symlinking: /home/psd/psd_ws/install/gazebo_ros2_control/share/gazebo_ros2_control/local_setup.dsv
[30.141s] -- Symlinking: /home/psd/psd_ws/install/gazebo_ros2_control/share/gazebo_ros2_control/package.dsv
[30.153s] -- Symlinking: /home/psd/psd_ws/install/gazebo_ros2_control/share/ament_index/resource_index/packages/gazebo_ros2_control
[30.165s] -- Symlinking: /home/psd/psd_ws/install/gazebo_ros2_control/share/ament_index/resource_index/gazebo_ros2_control__pluginlib__plugin/gazebo_ros2_control
[30.178s] -- Symlinking: /home/psd/psd_ws/install/gazebo_ros2_control/share/gazebo_ros2_control/cmake/ament_cmake_export_include_directories-extras.cmake
[30.191s] -- Symlinking: /home/psd/psd_ws/install/gazebo_ros2_control/share/gazebo_ros2_control/cmake/ament_cmake_export_dependencies-extras.cmake
[30.204s] -- Symlinking: /home/psd/psd_ws/install/gazebo_ros2_control/share/gazebo_ros2_control/cmake/ament_cmake_export_libraries-extras.cmake
[30.218s] -- Symlinking: /home/psd/psd_ws/install/gazebo_ros2_control/share/gazebo_ros2_control/cmake/gazebo_ros2_controlConfig.cmake
[30.230s] -- Symlinking: /home/psd/psd_ws/install/gazebo_ros2_control/share/gazebo_ros2_control/cmake/gazebo_ros2_controlConfig-version.cmake
[30.244s] -- Symlinking: /home/psd/psd_ws/install/gazebo_ros2_control/share/gazebo_ros2_control/package.xml
[30.260s] Invoked command in '/home/psd/psd_ws/build/gazebo_ros2_control' returned '0': AMENT_PREFIX_PATH=/home/psd/psd_ws/install/controller_manager:/home/psd/psd_ws/install/controller_interface:/home/psd/psd_ws/install/hardware_interface:/home/psd/psd_ws/install/ros2_control_test_assets:/home/psd/psd_ws/install/realtime_tools:/home/psd/psd_ws/install/controller_manager_msgs:/home/psd/psd_ws/install/control_msgs:${AMENT_PREFIX_PATH} CMAKE_PREFIX_PATH=/home/psd/psd_ws/install/controller_manager:/home/psd/psd_ws/install/controller_interface:/home/psd/psd_ws/install/hardware_interface:/home/psd/psd_ws/install/ros2_control_test_assets:/home/psd/psd_ws/install/realtime_tools:/home/psd/psd_ws/install/controller_manager_msgs:/home/psd/psd_ws/install/control_msgs:/opt/ros/humble LD_LIBRARY_PATH=/home/psd/psd_ws/install/controller_manager/lib:/home/psd/psd_ws/install/controller_interface/lib:/home/psd/psd_ws/install/hardware_interface/lib:/home/psd/psd_ws/install/realtime_tools/lib:/home/psd/psd_ws/install/controller_manager_msgs/lib:/home/psd/psd_ws/install/control_msgs/lib:${LD_LIBRARY_PATH} PYTHONPATH=/home/psd/psd_ws/install/controller_manager/local/lib/python3.10/dist-packages:/home/psd/psd_ws/install/controller_manager_msgs/local/lib/python3.10/dist-packages:/home/psd/psd_ws/install/control_msgs/local/lib/python3.10/dist-packages:${PYTHONPATH} /usr/bin/cmake --install /home/psd/psd_ws/build/gazebo_ros2_control
