[0.159s] Invoking command in '/home/psd/psd_ws/build/diff_drive_controller': AMENT_PREFIX_PATH=/home/psd/psd_ws/install/controller_manager:/home/psd/psd_ws/install/hardware_interface_testing:/home/psd/psd_ws/install/controller_interface:/home/psd/psd_ws/install/hardware_interface:/home/psd/psd_ws/install/ros2_control_test_assets:/home/psd/psd_ws/install/realtime_tools:/home/psd/psd_ws/install/controller_manager_msgs:/home/psd/psd_ws/install/control_msgs:${AMENT_PREFIX_PATH} CMAKE_PREFIX_PATH=/home/psd/psd_ws/install/controller_manager:/home/psd/psd_ws/install/hardware_interface_testing:/home/psd/psd_ws/install/controller_interface:/home/psd/psd_ws/install/hardware_interface:/home/psd/psd_ws/install/ros2_control_test_assets:/home/psd/psd_ws/install/realtime_tools:/home/psd/psd_ws/install/controller_manager_msgs:/home/psd/psd_ws/install/control_msgs:/opt/ros/humble LD_LIBRARY_PATH=/home/psd/psd_ws/install/controller_manager/lib:/home/psd/psd_ws/install/hardware_interface_testing/lib:/home/psd/psd_ws/install/controller_interface/lib:/home/psd/psd_ws/install/hardware_interface/lib:/home/psd/psd_ws/install/realtime_tools/lib:/home/psd/psd_ws/install/controller_manager_msgs/lib:/home/psd/psd_ws/install/control_msgs/lib:${LD_LIBRARY_PATH} PYTHONPATH=/home/psd/psd_ws/install/controller_manager/local/lib/python3.10/dist-packages:/home/psd/psd_ws/install/controller_manager_msgs/local/lib/python3.10/dist-packages:/home/psd/psd_ws/install/control_msgs/local/lib/python3.10/dist-packages:${PYTHONPATH} /usr/bin/cmake /home/psd/psd_ws/src/ros-controls/ros2_controllers/diff_drive_controller -DAMENT_CMAKE_SYMLINK_INSTALL=1 -DCMAKE_INSTALL_PREFIX=/home/psd/psd_ws/install/diff_drive_controller
[0.175s] -- Found ament_cmake: 1.3.8 (/opt/ros/humble/share/ament_cmake/cmake)
[0.276s] -- Override CMake install command with custom implementation using symlinks instead of copying resources
[0.283s] -- Found backward_ros: 1.0.2 (/opt/ros/humble/share/backward_ros/cmake)
[0.295s] -- Could NOT find libbfd (missing: LIBBFD_LIBRARY LIBBFD_INCLUDE_DIR) 
[0.295s] -- BACKWARD_HAS_UNWIND=1
[0.295s] -- BACKWARD_HAS_BACKTRACE=0
[0.296s] -- BACKWARD_HAS_BACKTRACE_SYMBOL=0
[0.296s] -- BACKWARD_HAS_DW=1
[0.296s] -- BACKWARD_HAS_BFD=0
[0.296s] -- Found Backward: /opt/ros/humble/share/backward_ros/cmake  
[0.297s] -- Found controller_interface: 2.40.0 (/home/psd/psd_ws/install/controller_interface/share/controller_interface/cmake)
[0.318s] -- Found rosidl_generator_c: 3.1.5 (/opt/ros/humble/share/rosidl_generator_c/cmake)
[0.321s] -- Found rosidl_adapter: 3.1.5 (/opt/ros/humble/share/rosidl_adapter/cmake)
[0.327s] -- Found rosidl_generator_cpp: 3.1.5 (/opt/ros/humble/share/rosidl_generator_cpp/cmake)
[0.339s] -- Using all available rosidl_typesupport_c: rosidl_typesupport_fastrtps_c;rosidl_typesupport_introspection_c
[0.351s] -- Using all available rosidl_typesupport_cpp: rosidl_typesupport_fastrtps_cpp;rosidl_typesupport_introspection_cpp
[0.834s] -- Found rmw_implementation_cmake: 6.1.1 (/opt/ros/humble/share/rmw_implementation_cmake/cmake)
[0.835s] -- Found rmw_fastrtps_cpp: 6.2.6 (/opt/ros/humble/share/rmw_fastrtps_cpp/cmake)
[0.868s] -- Found TinyXML2 via Config file: TinyXML2_DIR-NOTFOUND
[0.876s] -- Found TinyXML2 via Config file: TinyXML2_DIR-NOTFOUND
[0.895s] -- Found TinyXML2 via Config file: TinyXML2_DIR-NOTFOUND
[0.903s] -- Found TinyXML2 via Config file: TinyXML2_DIR-NOTFOUND
[0.912s] -- Using RMW implementation 'rmw_fastrtps_cpp' as default
[1.183s] -- Found generate_parameter_library: 0.3.7 (/opt/ros/humble/share/generate_parameter_library/cmake)
[1.184s] -- Found parameter_traits: 0.3.7 (/opt/ros/humble/share/parameter_traits/cmake)
[1.194s] -- Found nav_msgs: 4.2.3 (/opt/ros/humble/share/nav_msgs/cmake)
[1.254s] -- Found realtime_tools: 2.5.0 (/home/psd/psd_ws/install/realtime_tools/share/realtime_tools/cmake)
[1.280s] -- Found tf2: 0.25.6 (/opt/ros/humble/share/tf2/cmake)
[1.286s] -- Found tf2_msgs: 0.25.6 (/opt/ros/humble/share/tf2_msgs/cmake)
[1.575s] -- Found ament_cmake_gmock: 1.3.8 (/opt/ros/humble/share/ament_cmake_gmock/cmake)
[1.575s] -- Found controller_manager: 2.40.0 (/home/psd/psd_ws/install/controller_manager/share/controller_manager/cmake)
[1.776s] -- Found ros2_control_test_assets: 2.40.0 (/home/psd/psd_ws/install/ros2_control_test_assets/share/ros2_control_test_assets/cmake)
[1.777s] -- Found gmock sources under '/opt/ros/humble/src/gmock_vendor': C++ tests using 'Google Mock' will be built
[1.779s] -- Found ament_cmake_gtest: 1.3.8 (/opt/ros/humble/share/ament_cmake_gtest/cmake)
[1.780s] -- Found gtest sources under '/opt/ros/humble/src/gtest_vendor': C++ tests using 'Google Test' will be built
[2.159s] -- Configuring done
[2.257s] -- Generating done
[2.259s] -- Build files have been written to: /home/psd/psd_ws/build/diff_drive_controller
[2.267s] Invoked command in '/home/psd/psd_ws/build/diff_drive_controller' returned '0': AMENT_PREFIX_PATH=/home/psd/psd_ws/install/controller_manager:/home/psd/psd_ws/install/hardware_interface_testing:/home/psd/psd_ws/install/controller_interface:/home/psd/psd_ws/install/hardware_interface:/home/psd/psd_ws/install/ros2_control_test_assets:/home/psd/psd_ws/install/realtime_tools:/home/psd/psd_ws/install/controller_manager_msgs:/home/psd/psd_ws/install/control_msgs:${AMENT_PREFIX_PATH} CMAKE_PREFIX_PATH=/home/psd/psd_ws/install/controller_manager:/home/psd/psd_ws/install/hardware_interface_testing:/home/psd/psd_ws/install/controller_interface:/home/psd/psd_ws/install/hardware_interface:/home/psd/psd_ws/install/ros2_control_test_assets:/home/psd/psd_ws/install/realtime_tools:/home/psd/psd_ws/install/controller_manager_msgs:/home/psd/psd_ws/install/control_msgs:/opt/ros/humble LD_LIBRARY_PATH=/home/psd/psd_ws/install/controller_manager/lib:/home/psd/psd_ws/install/hardware_interface_testing/lib:/home/psd/psd_ws/install/controller_interface/lib:/home/psd/psd_ws/install/hardware_interface/lib:/home/psd/psd_ws/install/realtime_tools/lib:/home/psd/psd_ws/install/controller_manager_msgs/lib:/home/psd/psd_ws/install/control_msgs/lib:${LD_LIBRARY_PATH} PYTHONPATH=/home/psd/psd_ws/install/controller_manager/local/lib/python3.10/dist-packages:/home/psd/psd_ws/install/controller_manager_msgs/local/lib/python3.10/dist-packages:/home/psd/psd_ws/install/control_msgs/local/lib/python3.10/dist-packages:${PYTHONPATH} /usr/bin/cmake /home/psd/psd_ws/src/ros-controls/ros2_controllers/diff_drive_controller -DAMENT_CMAKE_SYMLINK_INSTALL=1 -DCMAKE_INSTALL_PREFIX=/home/psd/psd_ws/install/diff_drive_controller
[2.269s] Invoking command in '/home/psd/psd_ws/build/diff_drive_controller': AMENT_PREFIX_PATH=/home/psd/psd_ws/install/controller_manager:/home/psd/psd_ws/install/hardware_interface_testing:/home/psd/psd_ws/install/controller_interface:/home/psd/psd_ws/install/hardware_interface:/home/psd/psd_ws/install/ros2_control_test_assets:/home/psd/psd_ws/install/realtime_tools:/home/psd/psd_ws/install/controller_manager_msgs:/home/psd/psd_ws/install/control_msgs:${AMENT_PREFIX_PATH} CMAKE_PREFIX_PATH=/home/psd/psd_ws/install/controller_manager:/home/psd/psd_ws/install/hardware_interface_testing:/home/psd/psd_ws/install/controller_interface:/home/psd/psd_ws/install/hardware_interface:/home/psd/psd_ws/install/ros2_control_test_assets:/home/psd/psd_ws/install/realtime_tools:/home/psd/psd_ws/install/controller_manager_msgs:/home/psd/psd_ws/install/control_msgs:/opt/ros/humble LD_LIBRARY_PATH=/home/psd/psd_ws/install/controller_manager/lib:/home/psd/psd_ws/install/hardware_interface_testing/lib:/home/psd/psd_ws/install/controller_interface/lib:/home/psd/psd_ws/install/hardware_interface/lib:/home/psd/psd_ws/install/realtime_tools/lib:/home/psd/psd_ws/install/controller_manager_msgs/lib:/home/psd/psd_ws/install/control_msgs/lib:${LD_LIBRARY_PATH} PYTHONPATH=/home/psd/psd_ws/install/controller_manager/local/lib/python3.10/dist-packages:/home/psd/psd_ws/install/controller_manager_msgs/local/lib/python3.10/dist-packages:/home/psd/psd_ws/install/control_msgs/local/lib/python3.10/dist-packages:${PYTHONPATH} /usr/bin/cmake --build /home/psd/psd_ws/build/diff_drive_controller -- -j20 -l20
[2.374s] [35m[1mConsolidate compiler generated dependencies of target gmock[0m
[2.374s] [35m[1mConsolidate compiler generated dependencies of target gmock_main[0m
[2.374s] [  7%] Built target diff_drive_controller_parameters
[2.375s] [ 14%] [32m[1mLinking CXX static library libgmock.a[0m
[2.376s] [35m[1mConsolidate compiler generated dependencies of target diff_drive_controller[0m
[2.376s] [ 21%] [32m[1mLinking CXX static library libgmock_main.a[0m
[2.377s] [ 28%] [32mBuilding CXX object CMakeFiles/diff_drive_controller.dir/src/speed_limiter.cpp.o[0m
[2.377s] [ 35%] [32mBuilding CXX object CMakeFiles/diff_drive_controller.dir/src/odometry.cpp.o[0m
[2.382s] [ 42%] Built target gmock_main
[2.412s] [ 57%] Built target gmock
[2.425s] [35m[1mConsolidate compiler generated dependencies of target test_load_diff_drive_controller[0m
[2.451s] [ 64%] [32mBuilding CXX object CMakeFiles/test_load_diff_drive_controller.dir/test/test_load_diff_drive_controller.cpp.o[0m
[3.343s] [ 71%] [32m[1mLinking CXX shared library libdiff_drive_controller.so[0m
[5.017s] [ 78%] Built target diff_drive_controller
[5.047s] [35m[1mConsolidate compiler generated dependencies of target test_diff_drive_controller[0m
[5.072s] [ 85%] [32m[1mLinking CXX executable test_diff_drive_controller[0m
[6.168s] [ 92%] Built target test_diff_drive_controller
[9.490s] [100%] [32m[1mLinking CXX executable test_load_diff_drive_controller[0m
[10.616s] [100%] Built target test_load_diff_drive_controller
[10.640s] Invoked command in '/home/psd/psd_ws/build/diff_drive_controller' returned '0': AMENT_PREFIX_PATH=/home/psd/psd_ws/install/controller_manager:/home/psd/psd_ws/install/hardware_interface_testing:/home/psd/psd_ws/install/controller_interface:/home/psd/psd_ws/install/hardware_interface:/home/psd/psd_ws/install/ros2_control_test_assets:/home/psd/psd_ws/install/realtime_tools:/home/psd/psd_ws/install/controller_manager_msgs:/home/psd/psd_ws/install/control_msgs:${AMENT_PREFIX_PATH} CMAKE_PREFIX_PATH=/home/psd/psd_ws/install/controller_manager:/home/psd/psd_ws/install/hardware_interface_testing:/home/psd/psd_ws/install/controller_interface:/home/psd/psd_ws/install/hardware_interface:/home/psd/psd_ws/install/ros2_control_test_assets:/home/psd/psd_ws/install/realtime_tools:/home/psd/psd_ws/install/controller_manager_msgs:/home/psd/psd_ws/install/control_msgs:/opt/ros/humble LD_LIBRARY_PATH=/home/psd/psd_ws/install/controller_manager/lib:/home/psd/psd_ws/install/hardware_interface_testing/lib:/home/psd/psd_ws/install/controller_interface/lib:/home/psd/psd_ws/install/hardware_interface/lib:/home/psd/psd_ws/install/realtime_tools/lib:/home/psd/psd_ws/install/controller_manager_msgs/lib:/home/psd/psd_ws/install/control_msgs/lib:${LD_LIBRARY_PATH} PYTHONPATH=/home/psd/psd_ws/install/controller_manager/local/lib/python3.10/dist-packages:/home/psd/psd_ws/install/controller_manager_msgs/local/lib/python3.10/dist-packages:/home/psd/psd_ws/install/control_msgs/local/lib/python3.10/dist-packages:${PYTHONPATH} /usr/bin/cmake --build /home/psd/psd_ws/build/diff_drive_controller -- -j20 -l20
[10.670s] Invoking command in '/home/psd/psd_ws/build/diff_drive_controller': AMENT_PREFIX_PATH=/home/psd/psd_ws/install/controller_manager:/home/psd/psd_ws/install/hardware_interface_testing:/home/psd/psd_ws/install/controller_interface:/home/psd/psd_ws/install/hardware_interface:/home/psd/psd_ws/install/ros2_control_test_assets:/home/psd/psd_ws/install/realtime_tools:/home/psd/psd_ws/install/controller_manager_msgs:/home/psd/psd_ws/install/control_msgs:${AMENT_PREFIX_PATH} CMAKE_PREFIX_PATH=/home/psd/psd_ws/install/controller_manager:/home/psd/psd_ws/install/hardware_interface_testing:/home/psd/psd_ws/install/controller_interface:/home/psd/psd_ws/install/hardware_interface:/home/psd/psd_ws/install/ros2_control_test_assets:/home/psd/psd_ws/install/realtime_tools:/home/psd/psd_ws/install/controller_manager_msgs:/home/psd/psd_ws/install/control_msgs:/opt/ros/humble LD_LIBRARY_PATH=/home/psd/psd_ws/install/controller_manager/lib:/home/psd/psd_ws/install/hardware_interface_testing/lib:/home/psd/psd_ws/install/controller_interface/lib:/home/psd/psd_ws/install/hardware_interface/lib:/home/psd/psd_ws/install/realtime_tools/lib:/home/psd/psd_ws/install/controller_manager_msgs/lib:/home/psd/psd_ws/install/control_msgs/lib:${LD_LIBRARY_PATH} PYTHONPATH=/home/psd/psd_ws/install/controller_manager/local/lib/python3.10/dist-packages:/home/psd/psd_ws/install/controller_manager_msgs/local/lib/python3.10/dist-packages:/home/psd/psd_ws/install/control_msgs/local/lib/python3.10/dist-packages:${PYTHONPATH} /usr/bin/cmake --install /home/psd/psd_ws/build/diff_drive_controller
[10.766s] -- Install configuration: ""
[10.766s] -- Execute custom install script
[10.767s] -- Up-to-date symlink: /home/psd/psd_ws/install/diff_drive_controller/include/diff_drive_controller_parameters/diff_drive_controller_parameters.hpp
[10.767s] -- Up-to-date symlink: /home/psd/psd_ws/install/diff_drive_controller/share/diff_drive_controller//diff_drive_plugin.xml
[10.768s] -- Up-to-date symlink: /home/psd/psd_ws/install/diff_drive_controller/include/diff_drive_controller/diff_drive_controller/diff_drive_controller.hpp
[10.769s] -- Up-to-date symlink: /home/psd/psd_ws/install/diff_drive_controller/include/diff_drive_controller/diff_drive_controller/odometry.hpp
[10.769s] -- Up-to-date symlink: /home/psd/psd_ws/install/diff_drive_controller/include/diff_drive_controller/diff_drive_controller/speed_limiter.hpp
[10.769s] -- Up-to-date symlink: /home/psd/psd_ws/install/diff_drive_controller/include/diff_drive_controller/diff_drive_controller/visibility_control.h
[10.769s] -- Up-to-date symlink: /home/psd/psd_ws/install/diff_drive_controller/share/diff_drive_controller/environment/library_path.sh
[10.769s] -- Up-to-date symlink: /home/psd/psd_ws/install/diff_drive_controller/share/diff_drive_controller/environment/library_path.dsv
[10.769s] -- Up-to-date symlink: /home/psd/psd_ws/install/diff_drive_controller/share/ament_index/resource_index/package_run_dependencies/diff_drive_controller
[10.770s] -- Up-to-date symlink: /home/psd/psd_ws/install/diff_drive_controller/share/ament_index/resource_index/parent_prefix_path/diff_drive_controller
[10.770s] -- Up-to-date symlink: /home/psd/psd_ws/install/diff_drive_controller/share/diff_drive_controller/environment/ament_prefix_path.sh
[10.770s] -- Up-to-date symlink: /home/psd/psd_ws/install/diff_drive_controller/share/diff_drive_controller/environment/ament_prefix_path.dsv
[10.770s] -- Up-to-date symlink: /home/psd/psd_ws/install/diff_drive_controller/share/diff_drive_controller/environment/path.sh
[10.770s] -- Up-to-date symlink: /home/psd/psd_ws/install/diff_drive_controller/share/diff_drive_controller/environment/path.dsv
[10.770s] -- Up-to-date symlink: /home/psd/psd_ws/install/diff_drive_controller/share/diff_drive_controller/local_setup.bash
[10.770s] -- Up-to-date symlink: /home/psd/psd_ws/install/diff_drive_controller/share/diff_drive_controller/local_setup.sh
[10.770s] -- Up-to-date symlink: /home/psd/psd_ws/install/diff_drive_controller/share/diff_drive_controller/local_setup.zsh
[10.770s] -- Up-to-date symlink: /home/psd/psd_ws/install/diff_drive_controller/share/diff_drive_controller/local_setup.dsv
[10.770s] -- Symlinking: /home/psd/psd_ws/install/diff_drive_controller/share/diff_drive_controller/package.dsv
[10.770s] -- Up-to-date symlink: /home/psd/psd_ws/install/diff_drive_controller/share/ament_index/resource_index/packages/diff_drive_controller
[10.770s] -- Up-to-date symlink: /home/psd/psd_ws/install/diff_drive_controller/share/ament_index/resource_index/controller_interface__pluginlib__plugin/diff_drive_controller
[10.770s] -- Up-to-date symlink: /home/psd/psd_ws/install/diff_drive_controller/share/diff_drive_controller/cmake/ament_cmake_export_targets-extras.cmake
[10.770s] -- Up-to-date symlink: /home/psd/psd_ws/install/diff_drive_controller/share/diff_drive_controller/cmake/ament_cmake_export_dependencies-extras.cmake
[10.770s] -- Up-to-date symlink: /home/psd/psd_ws/install/diff_drive_controller/share/diff_drive_controller/cmake/diff_drive_controllerConfig.cmake
[10.771s] -- Up-to-date symlink: /home/psd/psd_ws/install/diff_drive_controller/share/diff_drive_controller/cmake/diff_drive_controllerConfig-version.cmake
[10.771s] -- Up-to-date symlink: /home/psd/psd_ws/install/diff_drive_controller/share/diff_drive_controller/package.xml
[10.771s] -- Installing: /home/psd/psd_ws/install/diff_drive_controller/lib/libdiff_drive_controller.so
[10.771s] -- Set runtime path of "/home/psd/psd_ws/install/diff_drive_controller/lib/libdiff_drive_controller.so" to ""
[10.771s] -- Up-to-date: /home/psd/psd_ws/install/diff_drive_controller/share/diff_drive_controller/cmake/export_diff_drive_controllerExport.cmake
[10.771s] -- Up-to-date: /home/psd/psd_ws/install/diff_drive_controller/share/diff_drive_controller/cmake/export_diff_drive_controllerExport-noconfig.cmake
[10.772s] Invoked command in '/home/psd/psd_ws/build/diff_drive_controller' returned '0': AMENT_PREFIX_PATH=/home/psd/psd_ws/install/controller_manager:/home/psd/psd_ws/install/hardware_interface_testing:/home/psd/psd_ws/install/controller_interface:/home/psd/psd_ws/install/hardware_interface:/home/psd/psd_ws/install/ros2_control_test_assets:/home/psd/psd_ws/install/realtime_tools:/home/psd/psd_ws/install/controller_manager_msgs:/home/psd/psd_ws/install/control_msgs:${AMENT_PREFIX_PATH} CMAKE_PREFIX_PATH=/home/psd/psd_ws/install/controller_manager:/home/psd/psd_ws/install/hardware_interface_testing:/home/psd/psd_ws/install/controller_interface:/home/psd/psd_ws/install/hardware_interface:/home/psd/psd_ws/install/ros2_control_test_assets:/home/psd/psd_ws/install/realtime_tools:/home/psd/psd_ws/install/controller_manager_msgs:/home/psd/psd_ws/install/control_msgs:/opt/ros/humble LD_LIBRARY_PATH=/home/psd/psd_ws/install/controller_manager/lib:/home/psd/psd_ws/install/hardware_interface_testing/lib:/home/psd/psd_ws/install/controller_interface/lib:/home/psd/psd_ws/install/hardware_interface/lib:/home/psd/psd_ws/install/realtime_tools/lib:/home/psd/psd_ws/install/controller_manager_msgs/lib:/home/psd/psd_ws/install/control_msgs/lib:${LD_LIBRARY_PATH} PYTHONPATH=/home/psd/psd_ws/install/controller_manager/local/lib/python3.10/dist-packages:/home/psd/psd_ws/install/controller_manager_msgs/local/lib/python3.10/dist-packages:/home/psd/psd_ws/install/control_msgs/local/lib/python3.10/dist-packages:${PYTHONPATH} /usr/bin/cmake --install /home/psd/psd_ws/build/diff_drive_controller
