[0.011s] Invoking command in '/home/psd/psd_ws/build/transmission_interface': AMENT_PREFIX_PATH=/home/psd/psd_ws/install/hardware_interface:/home/psd/psd_ws/install/control_msgs:${AMENT_PREFIX_PATH} CMAKE_PREFIX_PATH=/home/psd/psd_ws/install/hardware_interface:/home/psd/psd_ws/install/control_msgs:/opt/ros/humble LD_LIBRARY_PATH=/home/psd/psd_ws/install/hardware_interface/lib:/home/psd/psd_ws/install/control_msgs/lib:${LD_LIBRARY_PATH} PYTHONPATH=/home/psd/psd_ws/install/control_msgs/local/lib/python3.10/dist-packages:${PYTHONPATH} /usr/bin/cmake /home/psd/psd_ws/src/ros-controls/ros2_control/transmission_interface -DAMENT_CMAKE_SYMLINK_INSTALL=1 -DCMAKE_INSTALL_PREFIX=/home/psd/psd_ws/install/transmission_interface
[0.045s] -- The C compiler identification is GNU 11.4.0
[0.083s] -- The CXX compiler identification is GNU 11.4.0
[0.089s] -- Detecting C compiler ABI info
[0.145s] -- Detecting C compiler ABI info - done
[0.152s] -- Check for working C compiler: /usr/bin/cc - skipped
[0.153s] -- Detecting C compile features
[0.153s] -- Detecting C compile features - done
[0.156s] -- Detecting CXX compiler ABI info
[0.223s] -- Detecting CXX compiler ABI info - done
[0.232s] -- Check for working CXX compiler: /usr/bin/c++ - skipped
[0.232s] -- Detecting CXX compile features
[0.232s] -- Detecting CXX compile features - done
[0.236s] -- Found ament_cmake: 1.3.8 (/opt/ros/humble/share/ament_cmake/cmake)
[0.360s] -- Found Python3: /usr/bin/python3 (found version "3.10.12") found components: Interpreter 
[0.404s] -- Override CMake install command with custom implementation using symlinks instead of copying resources
[0.440s] -- Found hardware_interface: 2.40.0 (/home/psd/psd_ws/install/hardware_interface/share/hardware_interface/cmake)
[0.484s] -- Found rosidl_generator_c: 3.1.5 (/opt/ros/humble/share/rosidl_generator_c/cmake)
[0.488s] -- Found rosidl_adapter: 3.1.5 (/opt/ros/humble/share/rosidl_adapter/cmake)
[0.497s] -- Found rosidl_generator_cpp: 3.1.5 (/opt/ros/humble/share/rosidl_generator_cpp/cmake)
[0.514s] -- Using all available rosidl_typesupport_c: rosidl_typesupport_fastrtps_c;rosidl_typesupport_introspection_c
[0.537s] -- Using all available rosidl_typesupport_cpp: rosidl_typesupport_fastrtps_cpp;rosidl_typesupport_introspection_cpp
[1.187s] -- Found rmw_implementation_cmake: 6.1.1 (/opt/ros/humble/share/rmw_implementation_cmake/cmake)
[1.190s] -- Found rmw_fastrtps_cpp: 6.2.6 (/opt/ros/humble/share/rmw_fastrtps_cpp/cmake)
[1.221s] -- Found TinyXML2 via Config file: TinyXML2_DIR-NOTFOUND
[1.254s] -- Found OpenSSL: /usr/lib/x86_64-linux-gnu/libcrypto.so (found version "3.0.2")  
[1.257s] -- Found TinyXML2 via Config file: TinyXML2_DIR-NOTFOUND
[1.267s] -- Found FastRTPS: /opt/ros/humble/include  
[1.273s] -- Found TinyXML2 via Config file: TinyXML2_DIR-NOTFOUND
[1.278s] -- Found TinyXML2 via Config file: TinyXML2_DIR-NOTFOUND
[1.285s] -- Using RMW implementation 'rmw_fastrtps_cpp' as default
[1.293s] -- Looking for pthread.h
[1.337s] -- Looking for pthread.h - found
[1.338s] -- Performing Test CMAKE_HAVE_LIBC_PTHREAD
[1.385s] -- Performing Test CMAKE_HAVE_LIBC_PTHREAD - Success
[1.386s] -- Found Threads: TRUE  
[1.539s] -- Found ament_cmake_gmock: 1.3.8 (/opt/ros/humble/share/ament_cmake_gmock/cmake)
[1.541s] -- Found gmock sources under '/opt/ros/humble/src/gmock_vendor': C++ tests using 'Google Mock' will be built
[1.545s] -- Found ament_cmake_gtest: 1.3.8 (/opt/ros/humble/share/ament_cmake_gtest/cmake)
[1.546s] -- Found gtest sources under '/opt/ros/humble/src/gtest_vendor': C++ tests using 'Google Test' will be built
[1.944s] -- Configuring done
[2.140s] -- Generating done
[2.143s] -- Build files have been written to: /home/psd/psd_ws/build/transmission_interface
[2.157s] Invoked command in '/home/psd/psd_ws/build/transmission_interface' returned '0': AMENT_PREFIX_PATH=/home/psd/psd_ws/install/hardware_interface:/home/psd/psd_ws/install/control_msgs:${AMENT_PREFIX_PATH} CMAKE_PREFIX_PATH=/home/psd/psd_ws/install/hardware_interface:/home/psd/psd_ws/install/control_msgs:/opt/ros/humble LD_LIBRARY_PATH=/home/psd/psd_ws/install/hardware_interface/lib:/home/psd/psd_ws/install/control_msgs/lib:${LD_LIBRARY_PATH} PYTHONPATH=/home/psd/psd_ws/install/control_msgs/local/lib/python3.10/dist-packages:${PYTHONPATH} /usr/bin/cmake /home/psd/psd_ws/src/ros-controls/ros2_control/transmission_interface -DAMENT_CMAKE_SYMLINK_INSTALL=1 -DCMAKE_INSTALL_PREFIX=/home/psd/psd_ws/install/transmission_interface
[2.159s] Invoking command in '/home/psd/psd_ws/build/transmission_interface': AMENT_PREFIX_PATH=/home/psd/psd_ws/install/hardware_interface:/home/psd/psd_ws/install/control_msgs:${AMENT_PREFIX_PATH} CMAKE_PREFIX_PATH=/home/psd/psd_ws/install/hardware_interface:/home/psd/psd_ws/install/control_msgs:/opt/ros/humble LD_LIBRARY_PATH=/home/psd/psd_ws/install/hardware_interface/lib:/home/psd/psd_ws/install/control_msgs/lib:${LD_LIBRARY_PATH} PYTHONPATH=/home/psd/psd_ws/install/control_msgs/local/lib/python3.10/dist-packages:${PYTHONPATH} /usr/bin/cmake --build /home/psd/psd_ws/build/transmission_interface -- -j20 -l20
[2.217s] [  8%] [32mBuilding CXX object gmock/CMakeFiles/gmock_main.dir/src/gmock_main.cc.o[0m
[2.217s] [  8%] [32mBuilding CXX object gmock/CMakeFiles/gmock.dir/src/gmock-all.cc.o[0m
[2.217s] [ 13%] [32mBuilding CXX object gmock/CMakeFiles/gmock.dir/opt/ros/humble/src/gtest_vendor/src/gtest-all.cc.o[0m
[2.217s] [ 21%] [32mBuilding CXX object CMakeFiles/transmission_interface.dir/src/differential_transmission_loader.cpp.o[0m
[2.218s] [ 21%] [32mBuilding CXX object CMakeFiles/transmission_interface.dir/src/four_bar_linkage_transmission_loader.cpp.o[0m
[2.218s] [ 26%] [32mBuilding CXX object CMakeFiles/transmission_interface.dir/src/simple_transmission_loader.cpp.o[0m
[3.772s] [ 30%] [32m[1mLinking CXX static library libgmock_main.a[0m
[3.805s] [ 30%] Built target gmock_main
[5.300s] [ 34%] [32m[1mLinking CXX static library libgmock.a[0m
[5.364s] [ 34%] Built target gmock
[5.386s] [ 56%] [32mBuilding CXX object CMakeFiles/test_four_bar_linkage_transmission_loader.dir/test/four_bar_linkage_transmission_loader_test.cpp.o[0m
[5.386s] [ 56%] [32mBuilding CXX object CMakeFiles/test_differential_transmission.dir/test/differential_transmission_test.cpp.o[0m
[5.386s] [ 56%] [32mBuilding CXX object CMakeFiles/test_simple_transmission_loader.dir/test/simple_transmission_loader_test.cpp.o[0m
[5.386s] [ 56%] [32mBuilding CXX object CMakeFiles/test_four_bar_linkage_transmission.dir/test/four_bar_linkage_transmission_test.cpp.o[0m
[5.387s] [ 56%] [32mBuilding CXX object CMakeFiles/test_simple_transmission.dir/test/simple_transmission_test.cpp.o[0m
[5.387s] [ 60%] [32mBuilding CXX object CMakeFiles/test_utils.dir/test/utils_test.cpp.o[0m
[5.387s] [ 65%] [32mBuilding CXX object CMakeFiles/test_differential_transmission_loader.dir/test/differential_transmission_loader_test.cpp.o[0m
[5.551s] [ 69%] [32m[1mLinking CXX shared library libtransmission_interface.so[0m
[5.787s] [ 69%] Built target transmission_interface
[7.117s] [ 73%] [32m[1mLinking CXX executable test_simple_transmission[0m
[7.186s] [ 78%] [32m[1mLinking CXX executable test_utils[0m
[7.438s] [ 78%] Built target test_simple_transmission
[7.502s] [ 78%] Built target test_utils
[8.148s] [ 82%] [32m[1mLinking CXX executable test_four_bar_linkage_transmission[0m
[8.156s] [ 86%] [32m[1mLinking CXX executable test_differential_transmission[0m
[8.481s] [ 86%] Built target test_four_bar_linkage_transmission
[8.570s] [ 86%] Built target test_differential_transmission
[8.932s] [ 91%] [32m[1mLinking CXX executable test_simple_transmission_loader[0m
[9.225s] [ 91%] Built target test_simple_transmission_loader
[9.370s] [ 95%] [32m[1mLinking CXX executable test_differential_transmission_loader[0m
[9.641s] [ 95%] Built target test_differential_transmission_loader
[9.827s] [100%] [32m[1mLinking CXX executable test_four_bar_linkage_transmission_loader[0m
[10.085s] [100%] Built target test_four_bar_linkage_transmission_loader
[10.096s] Invoked command in '/home/psd/psd_ws/build/transmission_interface' returned '0': AMENT_PREFIX_PATH=/home/psd/psd_ws/install/hardware_interface:/home/psd/psd_ws/install/control_msgs:${AMENT_PREFIX_PATH} CMAKE_PREFIX_PATH=/home/psd/psd_ws/install/hardware_interface:/home/psd/psd_ws/install/control_msgs:/opt/ros/humble LD_LIBRARY_PATH=/home/psd/psd_ws/install/hardware_interface/lib:/home/psd/psd_ws/install/control_msgs/lib:${LD_LIBRARY_PATH} PYTHONPATH=/home/psd/psd_ws/install/control_msgs/local/lib/python3.10/dist-packages:${PYTHONPATH} /usr/bin/cmake --build /home/psd/psd_ws/build/transmission_interface -- -j20 -l20
[10.124s] Invoking command in '/home/psd/psd_ws/build/transmission_interface': AMENT_PREFIX_PATH=/home/psd/psd_ws/install/hardware_interface:/home/psd/psd_ws/install/control_msgs:${AMENT_PREFIX_PATH} CMAKE_PREFIX_PATH=/home/psd/psd_ws/install/hardware_interface:/home/psd/psd_ws/install/control_msgs:/opt/ros/humble LD_LIBRARY_PATH=/home/psd/psd_ws/install/hardware_interface/lib:/home/psd/psd_ws/install/control_msgs/lib:${LD_LIBRARY_PATH} PYTHONPATH=/home/psd/psd_ws/install/control_msgs/local/lib/python3.10/dist-packages:${PYTHONPATH} /usr/bin/cmake --install /home/psd/psd_ws/build/transmission_interface
[10.129s] -- Install configuration: ""
[10.129s] -- Execute custom install script
[10.129s] -- Symlinking: /home/psd/psd_ws/install/transmission_interface/include/transmission_interface/accessor.hpp
[10.134s] -- Symlinking: /home/psd/psd_ws/install/transmission_interface/include/transmission_interface/differential_transmission.hpp
[10.139s] -- Symlinking: /home/psd/psd_ws/install/transmission_interface/include/transmission_interface/differential_transmission_loader.hpp
[10.144s] -- Symlinking: /home/psd/psd_ws/install/transmission_interface/include/transmission_interface/exception.hpp
[10.150s] -- Symlinking: /home/psd/psd_ws/install/transmission_interface/include/transmission_interface/four_bar_linkage_transmission.hpp
[10.154s] -- Symlinking: /home/psd/psd_ws/install/transmission_interface/include/transmission_interface/four_bar_linkage_transmission_loader.hpp
[10.159s] -- Symlinking: /home/psd/psd_ws/install/transmission_interface/include/transmission_interface/handle.hpp
[10.164s] -- Symlinking: /home/psd/psd_ws/install/transmission_interface/include/transmission_interface/simple_transmission.hpp
[10.169s] -- Symlinking: /home/psd/psd_ws/install/transmission_interface/include/transmission_interface/simple_transmission_loader.hpp
[10.174s] -- Symlinking: /home/psd/psd_ws/install/transmission_interface/include/transmission_interface/transmission.hpp
[10.179s] -- Symlinking: /home/psd/psd_ws/install/transmission_interface/include/transmission_interface/transmission_interface_exception.hpp
[10.184s] -- Symlinking: /home/psd/psd_ws/install/transmission_interface/include/transmission_interface/transmission_loader.hpp
[10.189s] -- Symlinking: /home/psd/psd_ws/install/transmission_interface/include/transmission_interface/visibility_control.h
[10.194s] -- Symlinking: /home/psd/psd_ws/install/transmission_interface/share/transmission_interface//ros2_control_plugins.xml
[10.199s] -- Symlinking: /home/psd/psd_ws/install/transmission_interface/share/transmission_interface/environment/library_path.sh
[10.204s] -- Symlinking: /home/psd/psd_ws/install/transmission_interface/share/transmission_interface/environment/library_path.dsv
[10.209s] -- Symlinking: /home/psd/psd_ws/install/transmission_interface/share/ament_index/resource_index/package_run_dependencies/transmission_interface
[10.214s] -- Symlinking: /home/psd/psd_ws/install/transmission_interface/share/ament_index/resource_index/parent_prefix_path/transmission_interface
[10.219s] -- Symlinking: /home/psd/psd_ws/install/transmission_interface/share/transmission_interface/environment/ament_prefix_path.sh
[10.224s] -- Symlinking: /home/psd/psd_ws/install/transmission_interface/share/transmission_interface/environment/ament_prefix_path.dsv
[10.229s] -- Symlinking: /home/psd/psd_ws/install/transmission_interface/share/transmission_interface/environment/path.sh
[10.234s] -- Symlinking: /home/psd/psd_ws/install/transmission_interface/share/transmission_interface/environment/path.dsv
[10.239s] -- Symlinking: /home/psd/psd_ws/install/transmission_interface/share/transmission_interface/local_setup.bash
[10.243s] -- Symlinking: /home/psd/psd_ws/install/transmission_interface/share/transmission_interface/local_setup.sh
[10.248s] -- Symlinking: /home/psd/psd_ws/install/transmission_interface/share/transmission_interface/local_setup.zsh
[10.253s] -- Symlinking: /home/psd/psd_ws/install/transmission_interface/share/transmission_interface/local_setup.dsv
[10.258s] -- Symlinking: /home/psd/psd_ws/install/transmission_interface/share/transmission_interface/package.dsv
[10.263s] -- Symlinking: /home/psd/psd_ws/install/transmission_interface/share/ament_index/resource_index/packages/transmission_interface
[10.267s] -- Symlinking: /home/psd/psd_ws/install/transmission_interface/share/ament_index/resource_index/transmission_interface__pluginlib__plugin/transmission_interface
[10.272s] -- Symlinking: /home/psd/psd_ws/install/transmission_interface/share/transmission_interface/cmake/ament_cmake_export_include_directories-extras.cmake
[10.277s] -- Symlinking: /home/psd/psd_ws/install/transmission_interface/share/transmission_interface/cmake/ament_cmake_export_dependencies-extras.cmake
[10.281s] -- Symlinking: /home/psd/psd_ws/install/transmission_interface/share/transmission_interface/cmake/ament_cmake_export_libraries-extras.cmake
[10.286s] -- Symlinking: /home/psd/psd_ws/install/transmission_interface/share/transmission_interface/cmake/transmission_interfaceConfig.cmake
[10.290s] -- Symlinking: /home/psd/psd_ws/install/transmission_interface/share/transmission_interface/cmake/transmission_interfaceConfig-version.cmake
[10.295s] -- Symlinking: /home/psd/psd_ws/install/transmission_interface/share/transmission_interface/package.xml
[10.299s] -- Installing: /home/psd/psd_ws/install/transmission_interface/lib/libtransmission_interface.so
[10.300s] -- Set runtime path of "/home/psd/psd_ws/install/transmission_interface/lib/libtransmission_interface.so" to ""
[10.302s] Invoked command in '/home/psd/psd_ws/build/transmission_interface' returned '0': AMENT_PREFIX_PATH=/home/psd/psd_ws/install/hardware_interface:/home/psd/psd_ws/install/control_msgs:${AMENT_PREFIX_PATH} CMAKE_PREFIX_PATH=/home/psd/psd_ws/install/hardware_interface:/home/psd/psd_ws/install/control_msgs:/opt/ros/humble LD_LIBRARY_PATH=/home/psd/psd_ws/install/hardware_interface/lib:/home/psd/psd_ws/install/control_msgs/lib:${LD_LIBRARY_PATH} PYTHONPATH=/home/psd/psd_ws/install/control_msgs/local/lib/python3.10/dist-packages:${PYTHONPATH} /usr/bin/cmake --install /home/psd/psd_ws/build/transmission_interface
