[ 15%] Built target gmock_main
[ 38%] Built target gmock
[ 46%] Built target steering_controllers_library_parameters
[ 69%] Built target steering_controllers_library
[ 84%] Built target test_steering_controllers_library
[100%] Built target test_steering_odometry
-- Install configuration: ""
-- Execute custom install script
-- Up-to-date symlink: /home/psd/psd_ws/install/steering_controllers_library/include/steering_controllers_library_parameters/steering_controllers_library_parameters.hpp
-- Up-to-date symlink: /home/psd/psd_ws/install/steering_controllers_library/include/steering_controllers_library/steering_controllers_library/steering_controllers_library.hpp
-- Up-to-date symlink: /home/psd/psd_ws/install/steering_controllers_library/include/steering_controllers_library/steering_controllers_library/steering_odometry.hpp
-- Up-to-date symlink: /home/psd/psd_ws/install/steering_controllers_library/include/steering_controllers_library/steering_controllers_library/visibility_control.h
-- Up-to-date symlink: /home/psd/psd_ws/install/steering_controllers_library/share/steering_controllers_library/environment/library_path.sh
-- Up-to-date symlink: /home/psd/psd_ws/install/steering_controllers_library/share/steering_controllers_library/environment/library_path.dsv
-- Up-to-date symlink: /home/psd/psd_ws/install/steering_controllers_library/share/ament_index/resource_index/package_run_dependencies/steering_controllers_library
-- Up-to-date symlink: /home/psd/psd_ws/install/steering_controllers_library/share/ament_index/resource_index/parent_prefix_path/steering_controllers_library
-- Up-to-date symlink: /home/psd/psd_ws/install/steering_controllers_library/share/steering_controllers_library/environment/ament_prefix_path.sh
-- Up-to-date symlink: /home/psd/psd_ws/install/steering_controllers_library/share/steering_controllers_library/environment/ament_prefix_path.dsv
-- Up-to-date symlink: /home/psd/psd_ws/install/steering_controllers_library/share/steering_controllers_library/environment/path.sh
-- Up-to-date symlink: /home/psd/psd_ws/install/steering_controllers_library/share/steering_controllers_library/environment/path.dsv
-- Up-to-date symlink: /home/psd/psd_ws/install/steering_controllers_library/share/steering_controllers_library/local_setup.bash
-- Up-to-date symlink: /home/psd/psd_ws/install/steering_controllers_library/share/steering_controllers_library/local_setup.sh
-- Up-to-date symlink: /home/psd/psd_ws/install/steering_controllers_library/share/steering_controllers_library/local_setup.zsh
-- Up-to-date symlink: /home/psd/psd_ws/install/steering_controllers_library/share/steering_controllers_library/local_setup.dsv
-- Symlinking: /home/psd/psd_ws/install/steering_controllers_library/share/steering_controllers_library/package.dsv
-- Up-to-date symlink: /home/psd/psd_ws/install/steering_controllers_library/share/ament_index/resource_index/packages/steering_controllers_library
-- Up-to-date symlink: /home/psd/psd_ws/install/steering_controllers_library/share/steering_controllers_library/cmake/ament_cmake_export_targets-extras.cmake
-- Up-to-date symlink: /home/psd/psd_ws/install/steering_controllers_library/share/steering_controllers_library/cmake/ament_cmake_export_dependencies-extras.cmake
-- Up-to-date symlink: /home/psd/psd_ws/install/steering_controllers_library/share/steering_controllers_library/cmake/steering_controllers_libraryConfig.cmake
-- Up-to-date symlink: /home/psd/psd_ws/install/steering_controllers_library/share/steering_controllers_library/cmake/steering_controllers_libraryConfig-version.cmake
-- Up-to-date symlink: /home/psd/psd_ws/install/steering_controllers_library/share/steering_controllers_library/package.xml
-- Up-to-date: /home/psd/psd_ws/install/steering_controllers_library/lib/libsteering_controllers_library.so
-- Up-to-date: /home/psd/psd_ws/install/steering_controllers_library/share/steering_controllers_library/cmake/export_steering_controllers_libraryExport.cmake
-- Up-to-date: /home/psd/psd_ws/install/steering_controllers_library/share/steering_controllers_library/cmake/export_steering_controllers_libraryExport-noconfig.cmake
