[0.015s] Invoking command in '/home/ubuntu/psd_ws/build/ros_components_description': CMAKE_PREFIX_PATH=${CMAKE_PREFIX_PATH}:/opt/ros/jazzy /usr/bin/cmake --build /home/ubuntu/psd_ws/build/ros_components_description -- -j20 -l20
[0.061s] Invoked command in '/home/ubuntu/psd_ws/build/ros_components_description' returned '0': CMAKE_PREFIX_PATH=${CMAKE_PREFIX_PATH}:/opt/ros/jazzy /usr/bin/cmake --build /home/ubuntu/psd_ws/build/ros_components_description -- -j20 -l20
[0.079s] Invoking command in '/home/ubuntu/psd_ws/build/ros_components_description': CMAKE_PREFIX_PATH=${CMAKE_PREFIX_PATH}:/opt/ros/jazzy /usr/bin/cmake --install /home/ubuntu/psd_ws/build/ros_components_description
[0.085s] -- Install configuration: ""
[0.086s] -- Execute custom install script
[0.087s] -- Up-to-date symlink: /home/ubuntu/psd_ws/install/ros_components_description/share/ros_components_description/meshes/intel_realsense_d435.dae
[0.088s] -- Up-to-date symlink: /home/ubuntu/psd_ws/install/ros_components_description/share/ros_components_description/meshes/orbbec_astra.dae
[0.088s] -- Up-to-date symlink: /home/ubuntu/psd_ws/install/ros_components_description/share/ros_components_description/meshes/ouster_os01.dae
[0.088s] -- Up-to-date symlink: /home/ubuntu/psd_ws/install/ros_components_description/share/ros_components_description/meshes/slamtec_rplidar_a2m8.dae
[0.089s] -- Up-to-date symlink: /home/ubuntu/psd_ws/install/ros_components_description/share/ros_components_description/meshes/slamtec_rplidar_ax.dae
[0.089s] -- Up-to-date symlink: /home/ubuntu/psd_ws/install/ros_components_description/share/ros_components_description/meshes/slamtec_rplidar_s1.dae
[0.089s] -- Up-to-date symlink: /home/ubuntu/psd_ws/install/ros_components_description/share/ros_components_description/meshes/slamtec_rplidar_s2.dae
[0.089s] -- Up-to-date symlink: /home/ubuntu/psd_ws/install/ros_components_description/share/ros_components_description/meshes/slamtec_rplidar_s3.dae
[0.089s] -- Up-to-date symlink: /home/ubuntu/psd_ws/install/ros_components_description/share/ros_components_description/meshes/velodyne_puck.dae
[0.090s] -- Up-to-date symlink: /home/ubuntu/psd_ws/install/ros_components_description/share/ros_components_description/meshes/zed.stl
[0.090s] -- Up-to-date symlink: /home/ubuntu/psd_ws/install/ros_components_description/share/ros_components_description/meshes/zed2.stl
[0.090s] -- Up-to-date symlink: /home/ubuntu/psd_ws/install/ros_components_description/share/ros_components_description/meshes/zed2i.stl
[0.090s] -- Up-to-date symlink: /home/ubuntu/psd_ws/install/ros_components_description/share/ros_components_description/meshes/zedm.stl
[0.090s] -- Up-to-date symlink: /home/ubuntu/psd_ws/install/ros_components_description/share/ros_components_description/meshes/zedx.stl
[0.090s] -- Up-to-date symlink: /home/ubuntu/psd_ws/install/ros_components_description/share/ros_components_description/meshes/zedxm.stl
[0.091s] -- Up-to-date symlink: /home/ubuntu/psd_ws/install/ros_components_description/share/ros_components_description/urdf/components.urdf.xacro
[0.091s] -- Up-to-date symlink: /home/ubuntu/psd_ws/install/ros_components_description/share/ros_components_description/urdf/intel_realsense_d435.urdf.xacro
[0.091s] -- Up-to-date symlink: /home/ubuntu/psd_ws/install/ros_components_description/share/ros_components_description/urdf/kinova.urdf.xacro
[0.091s] -- Up-to-date symlink: /home/ubuntu/psd_ws/install/ros_components_description/share/ros_components_description/urdf/orbbec_astra.urdf.xacro
[0.092s] -- Up-to-date symlink: /home/ubuntu/psd_ws/install/ros_components_description/share/ros_components_description/urdf/ouster.urdf.xacro
[0.092s] -- Up-to-date symlink: /home/ubuntu/psd_ws/install/ros_components_description/share/ros_components_description/urdf/robotiq.urdf.xacro
[0.092s] -- Up-to-date symlink: /home/ubuntu/psd_ws/install/ros_components_description/share/ros_components_description/urdf/slamtec_rplidar_a2.urdf.xacro
[0.092s] -- Up-to-date symlink: /home/ubuntu/psd_ws/install/ros_components_description/share/ros_components_description/urdf/slamtec_rplidar_a3.urdf.xacro
[0.092s] -- Up-to-date symlink: /home/ubuntu/psd_ws/install/ros_components_description/share/ros_components_description/urdf/slamtec_rplidar_s1.urdf.xacro
[0.093s] -- Up-to-date symlink: /home/ubuntu/psd_ws/install/ros_components_description/share/ros_components_description/urdf/slamtec_rplidar_s2.urdf.xacro
[0.093s] -- Up-to-date symlink: /home/ubuntu/psd_ws/install/ros_components_description/share/ros_components_description/urdf/slamtec_rplidar_s3.urdf.xacro
[0.093s] -- Up-to-date symlink: /home/ubuntu/psd_ws/install/ros_components_description/share/ros_components_description/urdf/stereolabs_zed.urdf.xacro
[0.093s] -- Up-to-date symlink: /home/ubuntu/psd_ws/install/ros_components_description/share/ros_components_description/urdf/ur.urdf.xacro
[0.094s] -- Up-to-date symlink: /home/ubuntu/psd_ws/install/ros_components_description/share/ros_components_description/urdf/velodyne_puck.urdf.xacro
[0.094s] -- Up-to-date symlink: /home/ubuntu/psd_ws/install/ros_components_description/share/ros_components_description/launch/gz_components.launch.py
[0.095s] -- Up-to-date symlink: /home/ubuntu/psd_ws/install/ros_components_description/share/ros_components_description/launch/gz_kinova_6dof.launch.py
[0.095s] -- Up-to-date symlink: /home/ubuntu/psd_ws/install/ros_components_description/share/ros_components_description/launch/gz_kinova_7dof.launch.py
[0.095s] -- Up-to-date symlink: /home/ubuntu/psd_ws/install/ros_components_description/share/ros_components_description/launch/gz_orbbec_astra.launch.py
[0.096s] -- Up-to-date symlink: /home/ubuntu/psd_ws/install/ros_components_description/share/ros_components_description/launch/gz_ouster_os.launch.py
[0.096s] -- Up-to-date symlink: /home/ubuntu/psd_ws/install/ros_components_description/share/ros_components_description/launch/gz_robotiq.launch.py
[0.096s] -- Up-to-date symlink: /home/ubuntu/psd_ws/install/ros_components_description/share/ros_components_description/launch/gz_slamtec_rplidar.launch.py
[0.096s] -- Up-to-date symlink: /home/ubuntu/psd_ws/install/ros_components_description/share/ros_components_description/launch/gz_stereolabs_zed.launch.py
[0.096s] -- Up-to-date symlink: /home/ubuntu/psd_ws/install/ros_components_description/share/ros_components_description/launch/gz_ur.launch.py
[0.096s] -- Up-to-date symlink: /home/ubuntu/psd_ws/install/ros_components_description/share/ros_components_description/launch/gz_velodyne.launch.py
[0.097s] -- Up-to-date symlink: /home/ubuntu/psd_ws/install/ros_components_description/share/ros_components_description/config/gz_kinova_remappings.yaml
[0.097s] -- Up-to-date symlink: /home/ubuntu/psd_ws/install/ros_components_description/share/ros_components_description/config/gz_orbbec_astra_remappings.yaml
[0.097s] -- Up-to-date symlink: /home/ubuntu/psd_ws/install/ros_components_description/share/ros_components_description/config/gz_ouster_os_remappings.yaml
[0.097s] -- Up-to-date symlink: /home/ubuntu/psd_ws/install/ros_components_description/share/ros_components_description/config/gz_slamtec_rplidar_remappings.yaml
[0.097s] -- Up-to-date symlink: /home/ubuntu/psd_ws/install/ros_components_description/share/ros_components_description/config/gz_stereolabs_zed_remappings.yaml
[0.097s] -- Up-to-date symlink: /home/ubuntu/psd_ws/install/ros_components_description/share/ros_components_description/config/gz_velodyne_remappings.yaml
[0.097s] -- Up-to-date symlink: /home/ubuntu/psd_ws/install/ros_components_description/share/ros_components_description/config/kinova_6dof_controllers.yaml
[0.097s] -- Up-to-date symlink: /home/ubuntu/psd_ws/install/ros_components_description/share/ros_components_description/config/kinova_7dof_controllers.yaml
[0.097s] -- Up-to-date symlink: /home/ubuntu/psd_ws/install/ros_components_description/share/ros_components_description/config/robotiq_controllers.yaml
[0.097s] -- Up-to-date symlink: /home/ubuntu/psd_ws/install/ros_components_description/share/ros_components_description/config/ur_controllers.yaml
[0.098s] -- Up-to-date symlink: /home/ubuntu/psd_ws/install/ros_components_description/share/ros_components_description/test/component.urdf.xacro
[0.098s] -- Up-to-date symlink: /home/ubuntu/psd_ws/install/ros_components_description/share/ros_components_description/test/test_components_xacro.py
[0.098s] -- Up-to-date symlink: /home/ubuntu/psd_ws/install/ros_components_description/share/ros_components_description/environment/ros_components_description.sh
[0.098s] -- Up-to-date symlink: /home/ubuntu/psd_ws/install/ros_components_description/share/ament_index/resource_index/package_run_dependencies/ros_components_description
[0.098s] -- Up-to-date symlink: /home/ubuntu/psd_ws/install/ros_components_description/share/ament_index/resource_index/parent_prefix_path/ros_components_description
[0.098s] -- Up-to-date symlink: /home/ubuntu/psd_ws/install/ros_components_description/share/ros_components_description/environment/ament_prefix_path.sh
[0.098s] -- Up-to-date symlink: /home/ubuntu/psd_ws/install/ros_components_description/share/ros_components_description/environment/ament_prefix_path.dsv
[0.098s] -- Up-to-date symlink: /home/ubuntu/psd_ws/install/ros_components_description/share/ros_components_description/environment/path.sh
[0.098s] -- Up-to-date symlink: /home/ubuntu/psd_ws/install/ros_components_description/share/ros_components_description/environment/path.dsv
[0.098s] -- Up-to-date symlink: /home/ubuntu/psd_ws/install/ros_components_description/share/ros_components_description/local_setup.bash
[0.098s] -- Up-to-date symlink: /home/ubuntu/psd_ws/install/ros_components_description/share/ros_components_description/local_setup.sh
[0.098s] -- Up-to-date symlink: /home/ubuntu/psd_ws/install/ros_components_description/share/ros_components_description/local_setup.zsh
[0.098s] -- Up-to-date symlink: /home/ubuntu/psd_ws/install/ros_components_description/share/ros_components_description/local_setup.dsv
[0.099s] -- Symlinking: /home/ubuntu/psd_ws/install/ros_components_description/share/ros_components_description/package.dsv
[0.099s] -- Up-to-date symlink: /home/ubuntu/psd_ws/install/ros_components_description/share/ament_index/resource_index/packages/ros_components_description
[0.099s] -- Up-to-date symlink: /home/ubuntu/psd_ws/install/ros_components_description/share/ros_components_description/cmake/ros_components_descriptionConfig.cmake
[0.099s] -- Up-to-date symlink: /home/ubuntu/psd_ws/install/ros_components_description/share/ros_components_description/cmake/ros_components_descriptionConfig-version.cmake
[0.099s] -- Up-to-date symlink: /home/ubuntu/psd_ws/install/ros_components_description/share/ros_components_description/package.xml
[0.113s] Invoked command in '/home/ubuntu/psd_ws/build/ros_components_description' returned '0': CMAKE_PREFIX_PATH=${CMAKE_PREFIX_PATH}:/opt/ros/jazzy /usr/bin/cmake --install /home/ubuntu/psd_ws/build/ros_components_description
