[0.037s] Invoking command in '/psd_ws/build/psd_vehicle_bringup': CMAKE_PREFIX_PATH=/psd_ws/install/psd_vehicle_controller:/psd_ws/install/psd_vehicle_description:/psd_ws/install/ros_components_description:/psd_ws/install/psd_vehicle_hardware_interfaces:/psd_ws/install/psd_vehicle_bringup:/psd_ws/install/psd_vehicle_interfaces:/psd_ws/install/psd_vehicle_gazebo:/psd_ws/install/psd_gazebo_worlds:/psd_ws/install/ign_ros2_control_demos:/psd_ws/install/ign_ros2_control:/psd_ws/install/core:/opt/ros/humble /usr/bin/cmake --build /psd_ws/build/psd_vehicle_bringup -- -j20 -l20
[0.061s] Invoked command in '/psd_ws/build/psd_vehicle_bringup' returned '0': CMAKE_PREFIX_PATH=/psd_ws/install/psd_vehicle_controller:/psd_ws/install/psd_vehicle_description:/psd_ws/install/ros_components_description:/psd_ws/install/psd_vehicle_hardware_interfaces:/psd_ws/install/psd_vehicle_bringup:/psd_ws/install/psd_vehicle_interfaces:/psd_ws/install/psd_vehicle_gazebo:/psd_ws/install/psd_gazebo_worlds:/psd_ws/install/ign_ros2_control_demos:/psd_ws/install/ign_ros2_control:/psd_ws/install/core:/opt/ros/humble /usr/bin/cmake --build /psd_ws/build/psd_vehicle_bringup -- -j20 -l20
[0.074s] Invoking command in '/psd_ws/build/psd_vehicle_bringup': CMAKE_PREFIX_PATH=/psd_ws/install/psd_vehicle_controller:/psd_ws/install/psd_vehicle_description:/psd_ws/install/ros_components_description:/psd_ws/install/psd_vehicle_hardware_interfaces:/psd_ws/install/psd_vehicle_bringup:/psd_ws/install/psd_vehicle_interfaces:/psd_ws/install/psd_vehicle_gazebo:/psd_ws/install/psd_gazebo_worlds:/psd_ws/install/ign_ros2_control_demos:/psd_ws/install/ign_ros2_control:/psd_ws/install/core:/opt/ros/humble /usr/bin/cmake --install /psd_ws/build/psd_vehicle_bringup
[0.078s] -- Install configuration: ""
[0.078s] -- Up-to-date: /psd_ws/install/psd_vehicle_bringup/share/psd_vehicle_bringup/launch
[0.078s] -- Up-to-date: /psd_ws/install/psd_vehicle_bringup/share/psd_vehicle_bringup/launch/bringup.launch.py
[0.078s] -- Up-to-date: /psd_ws/install/psd_vehicle_bringup/share/psd_vehicle_bringup/config
[0.078s] -- Up-to-date: /psd_ws/install/psd_vehicle_bringup/share/psd_vehicle_bringup/config/ekf.yaml
[0.078s] -- Up-to-date: /psd_ws/install/psd_vehicle_bringup/share/psd_vehicle_bringup/config/laser_filter.yaml
[0.078s] -- Up-to-date: /psd_ws/install/psd_vehicle_bringup/share/ament_index/resource_index/package_run_dependencies/psd_vehicle_bringup
[0.078s] -- Up-to-date: /psd_ws/install/psd_vehicle_bringup/share/ament_index/resource_index/parent_prefix_path/psd_vehicle_bringup
[0.078s] -- Up-to-date: /psd_ws/install/psd_vehicle_bringup/share/psd_vehicle_bringup/environment/ament_prefix_path.sh
[0.078s] -- Up-to-date: /psd_ws/install/psd_vehicle_bringup/share/psd_vehicle_bringup/environment/ament_prefix_path.dsv
[0.078s] -- Up-to-date: /psd_ws/install/psd_vehicle_bringup/share/psd_vehicle_bringup/environment/path.sh
[0.078s] -- Up-to-date: /psd_ws/install/psd_vehicle_bringup/share/psd_vehicle_bringup/environment/path.dsv
[0.078s] -- Up-to-date: /psd_ws/install/psd_vehicle_bringup/share/psd_vehicle_bringup/local_setup.bash
[0.078s] -- Up-to-date: /psd_ws/install/psd_vehicle_bringup/share/psd_vehicle_bringup/local_setup.sh
[0.078s] -- Up-to-date: /psd_ws/install/psd_vehicle_bringup/share/psd_vehicle_bringup/local_setup.zsh
[0.078s] -- Up-to-date: /psd_ws/install/psd_vehicle_bringup/share/psd_vehicle_bringup/local_setup.dsv
[0.078s] -- Installing: /psd_ws/install/psd_vehicle_bringup/share/psd_vehicle_bringup/package.dsv
[0.078s] -- Up-to-date: /psd_ws/install/psd_vehicle_bringup/share/ament_index/resource_index/packages/psd_vehicle_bringup
[0.078s] -- Up-to-date: /psd_ws/install/psd_vehicle_bringup/share/psd_vehicle_bringup/cmake/psd_vehicle_bringupConfig.cmake
[0.078s] -- Up-to-date: /psd_ws/install/psd_vehicle_bringup/share/psd_vehicle_bringup/cmake/psd_vehicle_bringupConfig-version.cmake
[0.078s] -- Up-to-date: /psd_ws/install/psd_vehicle_bringup/share/psd_vehicle_bringup/package.xml
[0.079s] Invoked command in '/psd_ws/build/psd_vehicle_bringup' returned '0': CMAKE_PREFIX_PATH=/psd_ws/install/psd_vehicle_controller:/psd_ws/install/psd_vehicle_description:/psd_ws/install/ros_components_description:/psd_ws/install/psd_vehicle_hardware_interfaces:/psd_ws/install/psd_vehicle_bringup:/psd_ws/install/psd_vehicle_interfaces:/psd_ws/install/psd_vehicle_gazebo:/psd_ws/install/psd_gazebo_worlds:/psd_ws/install/ign_ros2_control_demos:/psd_ws/install/ign_ros2_control:/psd_ws/install/core:/opt/ros/humble /usr/bin/cmake --install /psd_ws/build/psd_vehicle_bringup
